<?xml version="1.0" encoding="UTF-8"?>
<testsuite xmlns:xsi="http://www.w3.org/2001/XMLSchema-instance" xsi:noNamespaceSchemaLocation="https://maven.apache.org/surefire/maven-failsafe-plugin/xsd/failsafe-test-report-3.0.xsd" version="3.0" name="starter.cucumberTestSuite" time="395.145" tests="27" errors="0" skipped="0" failures="0">
  <properties>
    <property name="java.specification.version" value="15"/>
    <property name="webdriver.chrome.driver" value="C:\Users\ASUS\.cache\selenium\chromedriver\win32\101.0.4951.41\chromedriver.exe"/>
    <property name="sun.cpu.isalist" value="amd64"/>
    <property name="sun.jnu.encoding" value="Cp1252"/>
    <property name="java.class.path" value="D:\PERKULIAHAN\Semester 6,Hebatt glad!\Altera\QE_Gladys-Cindana-Asri-Pardosi\Mini-Project\Web\target\test-classes;C:\Users\ASUS\.m2\repository\net\serenity-bdd\serenity-core\3.2.1\serenity-core-3.2.1.jar;C:\Users\ASUS\.m2\repository\net\serenity-bdd\serenity-model\3.2.1\serenity-model-3.2.1.jar;C:\Users\ASUS\.m2\repository\org\apache\commons\commons-text\1.9\commons-text-1.9.jar;C:\Users\ASUS\.m2\repository\commons-net\commons-net\3.8.0\commons-net-3.8.0.jar;C:\Users\ASUS\.m2\repository\com\google\guava\guava\31.1-jre\guava-31.1-jre.jar;C:\Users\ASUS\.m2\repository\com\google\guava\failureaccess\1.0.1\failureaccess-1.0.1.jar;C:\Users\ASUS\.m2\repository\com\google\guava\listenablefuture\9999.0-empty-to-avoid-conflict-with-guava\listenablefuture-9999.0-empty-to-avoid-conflict-with-guava.jar;C:\Users\ASUS\.m2\repository\com\google\code\findbugs\jsr305\3.0.2\jsr305-3.0.2.jar;C:\Users\ASUS\.m2\repository\org\checkerframework\checker-qual\3.12.0\checker-qual-3.12.0.jar;C:\Users\ASUS\.m2\repository\com\google\errorprone\error_prone_annotations\2.11.0\error_prone_annotations-2.11.0.jar;C:\Users\ASUS\.m2\repository\com\google\j2objc\j2objc-annotations\1.3\j2objc-annotations-1.3.jar;C:\Users\ASUS\.m2\repository\com\google\inject\guice\5.1.0\guice-5.1.0.jar;C:\Users\ASUS\.m2\repository\javax\inject\javax.inject\1\javax.inject-1.jar;C:\Users\ASUS\.m2\repository\aopalliance\aopalliance\1.0\aopalliance-1.0.jar;C:\Users\ASUS\.m2\repository\org\jsoup\jsoup\1.14.3\jsoup-1.14.3.jar;C:\Users\ASUS\.m2\repository\com\thoughtworks\xstream\xstream\1.4.19\xstream-1.4.19.jar;C:\Users\ASUS\.m2\repository\io\github\x-stream\mxparser\1.2.2\mxparser-1.2.2.jar;C:\Users\ASUS\.m2\repository\xmlpull\xmlpull\1.1.3.1\xmlpull-1.1.3.1.jar;C:\Users\ASUS\.m2\repository\io\cucumber\cucumber-java\7.2.3\cucumber-java-7.2.3.jar;C:\Users\ASUS\.m2\repository\com\typesafe\config\1.4.2\config-1.4.2.jar;C:\Users\ASUS\.m2\repository\org\imgscalr\imgscalr-lib\4.2\imgscalr-lib-4.2.jar;C:\Users\ASUS\.m2\repository\org\awaitility\awaitility\4.2.0\awaitility-4.2.0.jar;C:\Users\ASUS\.m2\repository\org\freemarker\freemarker\2.3.31\freemarker-2.3.31.jar;C:\Users\ASUS\.m2\repository\io\github\classgraph\classgraph\4.8.138\classgraph-4.8.138.jar;C:\Users\ASUS\.m2\repository\net\sourceforge\jexcelapi\jxl\2.6.12\jxl-2.6.12.jar;C:\Users\ASUS\.m2\repository\net\bytebuddy\byte-buddy\1.12.8\byte-buddy-1.12.8.jar;C:\Users\ASUS\.m2\repository\net\bytebuddy\byte-buddy-agent\1.12.8\byte-buddy-agent-1.12.8.jar;C:\Users\ASUS\.m2\repository\org\objenesis\objenesis\3.1\objenesis-3.1.jar;C:\Users\ASUS\.m2\repository\net\serenity-bdd\serenity-reports\3.2.1\serenity-reports-3.2.1.jar;C:\Users\ASUS\.m2\repository\net\serenity-bdd\serenity-stats\3.2.1\serenity-stats-3.2.1.jar;C:\Users\ASUS\.m2\repository\net\serenity-bdd\serenity-reports-configuration\3.2.1\serenity-reports-configuration-3.2.1.jar;C:\Users\ASUS\.m2\repository\com\vladsch\flexmark\flexmark-all\0.34.30\flexmark-all-0.34.30.jar;C:\Users\ASUS\.m2\repository\com\vladsch\flexmark\flexmark\0.34.30\flexmark-0.34.30.jar;C:\Users\ASUS\.m2\repository\com\vladsch\flexmark\flexmark-ext-abbreviation\0.34.30\flexmark-ext-abbreviation-0.34.30.jar;C:\Users\ASUS\.m2\repository\com\vladsch\flexmark\flexmark-ext-admonition\0.34.30\flexmark-ext-admonition-0.34.30.jar;C:\Users\ASUS\.m2\repository\com\vladsch\flexmark\flexmark-ext-anchorlink\0.34.30\flexmark-ext-anchorlink-0.34.30.jar;C:\Users\ASUS\.m2\repository\com\vladsch\flexmark\flexmark-ext-aside\0.34.30\flexmark-ext-aside-0.34.30.jar;C:\Users\ASUS\.m2\repository\com\vladsch\flexmark\flexmark-ext-attributes\0.34.30\flexmark-ext-attributes-0.34.30.jar;C:\Users\ASUS\.m2\repository\com\vladsch\flexmark\flexmark-ext-autolink\0.34.30\flexmark-ext-autolink-0.34.30.jar;C:\Users\ASUS\.m2\repository\org\nibor\autolink\autolink\0.6.0\autolink-0.6.0.jar;C:\Users\ASUS\.m2\repository\com\vladsch\flexmark\flexmark-ext-definition\0.34.30\flexmark-ext-definition-0.34.30.jar;C:\Users\ASUS\.m2\repository\com\vladsch\flexmark\flexmark-ext-emoji\0.34.30\flexmark-ext-emoji-0.34.30.jar;C:\Users\ASUS\.m2\repository\com\vladsch\flexmark\flexmark-ext-enumerated-reference\0.34.30\flexmark-ext-enumerated-reference-0.34.30.jar;C:\Users\ASUS\.m2\repository\com\vladsch\flexmark\flexmark-ext-escaped-character\0.34.30\flexmark-ext-escaped-character-0.34.30.jar;C:\Users\ASUS\.m2\repository\com\vladsch\flexmark\flexmark-ext-footnotes\0.34.30\flexmark-ext-footnotes-0.34.30.jar;C:\Users\ASUS\.m2\repository\com\vladsch\flexmark\flexmark-ext-gfm-issues\0.34.30\flexmark-ext-gfm-issues-0.34.30.jar;C:\Users\ASUS\.m2\repository\com\vladsch\flexmark\flexmark-ext-gfm-strikethrough\0.34.30\flexmark-ext-gfm-strikethrough-0.34.30.jar;C:\Users\ASUS\.m2\repository\com\vladsch\flexmark\flexmark-ext-gfm-tables\0.34.30\flexmark-ext-gfm-tables-0.34.30.jar;C:\Users\ASUS\.m2\repository\com\vladsch\flexmark\flexmark-ext-gfm-tasklist\0.34.30\flexmark-ext-gfm-tasklist-0.34.30.jar;C:\Users\ASUS\.m2\repository\com\vladsch\flexmark\flexmark-ext-gfm-users\0.34.30\flexmark-ext-gfm-users-0.34.30.jar;C:\Users\ASUS\.m2\repository\com\vladsch\flexmark\flexmark-ext-gitlab\0.34.30\flexmark-ext-gitlab-0.34.30.jar;C:\Users\ASUS\.m2\repository\com\vladsch\flexmark\flexmark-ext-jekyll-front-matter\0.34.30\flexmark-ext-jekyll-front-matter-0.34.30.jar;C:\Users\ASUS\.m2\repository\com\vladsch\flexmark\flexmark-ext-jekyll-tag\0.34.30\flexmark-ext-jekyll-tag-0.34.30.jar;C:\Users\ASUS\.m2\repository\com\vladsch\flexmark\flexmark-ext-media-tags\0.34.30\flexmark-ext-media-tags-0.34.30.jar;C:\Users\ASUS\.m2\repository\com\vladsch\flexmark\flexmark-test-util\0.34.30\flexmark-test-util-0.34.30.jar;C:\Users\ASUS\.m2\repository\com\vladsch\flexmark\flexmark-ext-ins\0.34.30\flexmark-ext-ins-0.34.30.jar;C:\Users\ASUS\.m2\repository\com\vladsch\flexmark\flexmark-ext-xwiki-macros\0.34.30\flexmark-ext-xwiki-macros-0.34.30.jar;C:\Users\ASUS\.m2\repository\com\vladsch\flexmark\flexmark-ext-superscript\0.34.30\flexmark-ext-superscript-0.34.30.jar;C:\Users\ASUS\.m2\repository\com\vladsch\flexmark\flexmark-ext-tables\0.34.30\flexmark-ext-tables-0.34.30.jar;C:\Users\ASUS\.m2\repository\com\vladsch\flexmark\flexmark-ext-toc\0.34.30\flexmark-ext-toc-0.34.30.jar;C:\Users\ASUS\.m2\repository\com\vladsch\flexmark\flexmark-ext-typographic\0.34.30\flexmark-ext-typographic-0.34.30.jar;C:\Users\ASUS\.m2\repository\com\vladsch\flexmark\flexmark-ext-wikilink\0.34.30\flexmark-ext-wikilink-0.34.30.jar;C:\Users\ASUS\.m2\repository\com\vladsch\flexmark\flexmark-ext-yaml-front-matter\0.34.30\flexmark-ext-yaml-front-matter-0.34.30.jar;C:\Users\ASUS\.m2\repository\com\vladsch\flexmark\flexmark-ext-youtube-embedded\0.34.30\flexmark-ext-youtube-embedded-0.34.30.jar;C:\Users\ASUS\.m2\repository\com\vladsch\flexmark\flexmark-formatter\0.34.30\flexmark-formatter-0.34.30.jar;C:\Users\ASUS\.m2\repository\com\vladsch\flexmark\flexmark-html-parser\0.34.30\flexmark-html-parser-0.34.30.jar;C:\Users\ASUS\.m2\repository\com\vladsch\flexmark\flexmark-jira-converter\0.34.30\flexmark-jira-converter-0.34.30.jar;C:\Users\ASUS\.m2\repository\com\vladsch\flexmark\flexmark-pdf-converter\0.34.30\flexmark-pdf-converter-0.34.30.jar;C:\Users\ASUS\.m2\repository\com\openhtmltopdf\openhtmltopdf-core\0.0.1-RC13\openhtmltopdf-core-0.0.1-RC13.jar;C:\Users\ASUS\.m2\repository\com\openhtmltopdf\openhtmltopdf-pdfbox\0.0.1-RC13\openhtmltopdf-pdfbox-0.0.1-RC13.jar;C:\Users\ASUS\.m2\repository\org\apache\pdfbox\pdfbox\2.0.8\pdfbox-2.0.8.jar;C:\Users\ASUS\.m2\repository\org\apache\pdfbox\fontbox\2.0.8\fontbox-2.0.8.jar;C:\Users\ASUS\.m2\repository\commons-logging\commons-logging\1.2\commons-logging-1.2.jar;C:\Users\ASUS\.m2\repository\org\apache\pdfbox\xmpbox\2.0.8\xmpbox-2.0.8.jar;C:\Users\ASUS\.m2\repository\de\rototor\pdfbox\graphics2d\0.12\graphics2d-0.12.jar;C:\Users\ASUS\.m2\repository\com\openhtmltopdf\openhtmltopdf-rtl-support\0.0.1-RC13\openhtmltopdf-rtl-support-0.0.1-RC13.jar;C:\Users\ASUS\.m2\repository\com\ibm\icu\icu4j\59.1\icu4j-59.1.jar;C:\Users\ASUS\.m2\repository\com\openhtmltopdf\openhtmltopdf-jsoup-dom-converter\0.0.1-RC13\openhtmltopdf-jsoup-dom-converter-0.0.1-RC13.jar;C:\Users\ASUS\.m2\repository\com\vladsch\flexmark\flexmark-profile-pegdown\0.34.30\flexmark-profile-pegdown-0.34.30.jar;C:\Users\ASUS\.m2\repository\com\vladsch\flexmark\flexmark-util\0.34.30\flexmark-util-0.34.30.jar;C:\Users\ASUS\.m2\repository\com\vladsch\flexmark\flexmark-youtrack-converter\0.34.30\flexmark-youtrack-converter-0.34.30.jar;C:\Users\ASUS\.m2\repository\es\nitaur\markdown\txtmark\0.16\txtmark-0.16.jar;C:\Users\ASUS\.m2\repository\net\serenity-bdd\serenity-report-resources\3.2.1\serenity-report-resources-3.2.1.jar;C:\Users\ASUS\.m2\repository\com\google\code\gson\gson\2.9.0\gson-2.9.0.jar;C:\Users\ASUS\.m2\repository\com\fasterxml\jackson\core\jackson-core\2.13.2\jackson-core-2.13.2.jar;C:\Users\ASUS\.m2\repository\com\fasterxml\jackson\core\jackson-databind\2.13.2\jackson-databind-2.13.2.jar;C:\Users\ASUS\.m2\repository\com\fasterxml\jackson\core\jackson-annotations\2.13.2\jackson-annotations-2.13.2.jar;C:\Users\ASUS\.m2\repository\commons-codec\commons-codec\1.15\commons-codec-1.15.jar;C:\Users\ASUS\.m2\repository\commons-io\commons-io\2.11.0\commons-io-2.11.0.jar;C:\Users\ASUS\.m2\repository\org\seleniumhq\selenium\selenium-java\4.1.2\selenium-java-4.1.2.jar;C:\Users\ASUS\.m2\repository\org\seleniumhq\selenium\selenium-devtools-v85\4.1.2\selenium-devtools-v85-4.1.2.jar;C:\Users\ASUS\.m2\repository\org\seleniumhq\selenium\selenium-devtools-v95\4.1.2\selenium-devtools-v95-4.1.2.jar;C:\Users\ASUS\.m2\repository\org\seleniumhq\selenium\selenium-devtools-v96\4.1.2\selenium-devtools-v96-4.1.2.jar;C:\Users\ASUS\.m2\repository\org\seleniumhq\selenium\selenium-devtools-v97\4.1.2\selenium-devtools-v97-4.1.2.jar;C:\Users\ASUS\.m2\repository\org\seleniumhq\selenium\selenium-firefox-xpi-driver\4.1.2\selenium-firefox-xpi-driver-4.1.2.jar;C:\Users\ASUS\.m2\repository\org\seleniumhq\selenium\selenium-opera-driver\4.1.2\selenium-opera-driver-4.1.2.jar;C:\Users\ASUS\.m2\repository\org\seleniumhq\selenium\selenium-remote-driver\4.1.2\selenium-remote-driver-4.1.2.jar;C:\Users\ASUS\.m2\repository\com\beust\jcommander\1.82\jcommander-1.82.jar;C:\Users\ASUS\.m2\repository\io\netty\netty-buffer\4.1.73.Final\netty-buffer-4.1.73.Final.jar;C:\Users\ASUS\.m2\repository\io\netty\netty-codec-http\4.1.73.Final\netty-codec-http-4.1.73.Final.jar;C:\Users\ASUS\.m2\repository\io\netty\netty-codec\4.1.73.Final\netty-codec-4.1.73.Final.jar;C:\Users\ASUS\.m2\repository\io\netty\netty-handler\4.1.73.Final\netty-handler-4.1.73.Final.jar;C:\Users\ASUS\.m2\repository\io\netty\netty-tcnative-classes\2.0.46.Final\netty-tcnative-classes-2.0.46.Final.jar;C:\Users\ASUS\.m2\repository\io\netty\netty-common\4.1.73.Final\netty-common-4.1.73.Final.jar;C:\Users\ASUS\.m2\repository\io\netty\netty-transport-classes-epoll\4.1.73.Final\netty-transport-classes-epoll-4.1.73.Final.jar;C:\Users\ASUS\.m2\repository\io\netty\netty-transport-classes-kqueue\4.1.73.Final\netty-transport-classes-kqueue-4.1.73.Final.jar;C:\Users\ASUS\.m2\repository\io\netty\netty-transport-native-epoll\4.1.73.Final\netty-transport-native-epoll-4.1.73.Final.jar;C:\Users\ASUS\.m2\repository\io\netty\netty-transport-native-kqueue\4.1.73.Final\netty-transport-native-kqueue-4.1.73.Final.jar;C:\Users\ASUS\.m2\repository\io\netty\netty-transport-native-unix-common\4.1.73.Final\netty-transport-native-unix-common-4.1.73.Final.jar;C:\Users\ASUS\.m2\repository\io\netty\netty-transport\4.1.73.Final\netty-transport-4.1.73.Final.jar;C:\Users\ASUS\.m2\repository\io\netty\netty-resolver\4.1.73.Final\netty-resolver-4.1.73.Final.jar;C:\Users\ASUS\.m2\repository\io\opentelemetry\opentelemetry-api\1.10.1\opentelemetry-api-1.10.1.jar;C:\Users\ASUS\.m2\repository\io\opentelemetry\opentelemetry-context\1.10.1\opentelemetry-context-1.10.1.jar;C:\Users\ASUS\.m2\repository\io\opentelemetry\opentelemetry-exporter-logging\1.10.1\opentelemetry-exporter-logging-1.10.1.jar;C:\Users\ASUS\.m2\repository\io\opentelemetry\opentelemetry-sdk-metrics\1.10.1-alpha\opentelemetry-sdk-metrics-1.10.1-alpha.jar;C:\Users\ASUS\.m2\repository\io\opentelemetry\opentelemetry-sdk-logs\1.10.1-alpha\opentelemetry-sdk-logs-1.10.1-alpha.jar;C:\Users\ASUS\.m2\repository\io\opentelemetry\opentelemetry-sdk-common\1.10.1\opentelemetry-sdk-common-1.10.1.jar;C:\Users\ASUS\.m2\repository\io\opentelemetry\opentelemetry-sdk-extension-autoconfigure-spi\1.10.1\opentelemetry-sdk-extension-autoconfigure-spi-1.10.1.jar;C:\Users\ASUS\.m2\repository\io\opentelemetry\opentelemetry-sdk-extension-autoconfigure\1.10.1-alpha\opentelemetry-sdk-extension-autoconfigure-1.10.1-alpha.jar;C:\Users\ASUS\.m2\repository\io\opentelemetry\opentelemetry-sdk-trace\1.10.1\opentelemetry-sdk-trace-1.10.1.jar;C:\Users\ASUS\.m2\repository\io\opentelemetry\opentelemetry-sdk\1.10.1\opentelemetry-sdk-1.10.1.jar;C:\Users\ASUS\.m2\repository\io\opentelemetry\opentelemetry-semconv\1.10.1-alpha\opentelemetry-semconv-1.10.1-alpha.jar;C:\Users\ASUS\.m2\repository\io\ous\jtoml\2.0.0\jtoml-2.0.0.jar;C:\Users\ASUS\.m2\repository\org\apache\commons\commons-exec\1.3\commons-exec-1.3.jar;C:\Users\ASUS\.m2\repository\org\asynchttpclient\async-http-client\2.12.3\async-http-client-2.12.3.jar;C:\Users\ASUS\.m2\repository\org\asynchttpclient\async-http-client-netty-utils\2.12.3\async-http-client-netty-utils-2.12.3.jar;C:\Users\ASUS\.m2\repository\io\netty\netty-codec-socks\4.1.60.Final\netty-codec-socks-4.1.60.Final.jar;C:\Users\ASUS\.m2\repository\io\netty\netty-handler-proxy\4.1.60.Final\netty-handler-proxy-4.1.60.Final.jar;C:\Users\ASUS\.m2\repository\io\netty\netty-transport-native-epoll\4.1.60.Final\netty-transport-native-epoll-4.1.60.Final-linux-x86_64.jar;C:\Users\ASUS\.m2\repository\io\netty\netty-transport-native-kqueue\4.1.60.Final\netty-transport-native-kqueue-4.1.60.Final-osx-x86_64.jar;C:\Users\ASUS\.m2\repository\org\reactivestreams\reactive-streams\1.0.3\reactive-streams-1.0.3.jar;C:\Users\ASUS\.m2\repository\com\typesafe\netty\netty-reactive-streams\2.0.4\netty-reactive-streams-2.0.4.jar;C:\Users\ASUS\.m2\repository\org\seleniumhq\selenium\selenium-http\4.1.2\selenium-http-4.1.2.jar;C:\Users\ASUS\.m2\repository\net\jodah\failsafe\2.4.4\failsafe-2.4.4.jar;C:\Users\ASUS\.m2\repository\org\seleniumhq\selenium\selenium-safari-driver\4.1.2\selenium-safari-driver-4.1.2.jar;C:\Users\ASUS\.m2\repository\org\seleniumhq\selenium\selenium-api\4.1.2\selenium-api-4.1.2.jar;C:\Users\ASUS\.m2\repository\org\seleniumhq\selenium\selenium-support\4.1.2\selenium-support-4.1.2.jar;C:\Users\ASUS\.m2\repository\com\google\auto\service\auto-service-annotations\1.0.1\auto-service-annotations-1.0.1.jar;C:\Users\ASUS\.m2\repository\com\google\auto\service\auto-service\1.0.1\auto-service-1.0.1.jar;C:\Users\ASUS\.m2\repository\com\google\auto\auto-common\1.2\auto-common-1.2.jar;C:\Users\ASUS\.m2\repository\org\seleniumhq\selenium\selenium-json\4.1.2\selenium-json-4.1.2.jar;C:\Users\ASUS\.m2\repository\org\seleniumhq\selenium\selenium-chrome-driver\4.1.2\selenium-chrome-driver-4.1.2.jar;C:\Users\ASUS\.m2\repository\org\seleniumhq\selenium\selenium-chromium-driver\4.1.2\selenium-chromium-driver-4.1.2.jar;C:\Users\ASUS\.m2\repository\org\seleniumhq\selenium\selenium-firefox-driver\4.1.2\selenium-firefox-driver-4.1.2.jar;C:\Users\ASUS\.m2\repository\org\seleniumhq\selenium\selenium-edge-driver\4.1.2\selenium-edge-driver-4.1.2.jar;C:\Users\ASUS\.m2\repository\org\seleniumhq\selenium\selenium-ie-driver\4.1.2\selenium-ie-driver-4.1.2.jar;C:\Users\ASUS\.m2\repository\org\projectlombok\lombok\1.18.20\lombok-1.18.20.jar;C:\Users\ASUS\.m2\repository\io\appium\java-client\8.0.0\java-client-8.0.0.jar;C:\Users\ASUS\.m2\repository\commons-validator\commons-validator\1.7\commons-validator-1.7.jar;C:\Users\ASUS\.m2\repository\commons-digester\commons-digester\2.1\commons-digester-2.1.jar;C:\Users\ASUS\.m2\repository\org\aspectj\aspectjweaver\1.9.8\aspectjweaver-1.9.8.jar;C:\Users\ASUS\.m2\repository\org\codehaus\groovy\groovy\3.0.10\groovy-3.0.10.jar;C:\Users\ASUS\.m2\repository\net\sf\opencsv\opencsv\2.0\opencsv-2.0.jar;C:\Users\ASUS\.m2\repository\commons-beanutils\commons-beanutils\1.9.4\commons-beanutils-1.9.4.jar;C:\Users\ASUS\.m2\repository\org\apache\commons\commons-lang3\3.12.0\commons-lang3-3.12.0.jar;C:\Users\ASUS\.m2\repository\commons-collections\commons-collections\3.2.2\commons-collections-3.2.2.jar;C:\Users\ASUS\.m2\repository\org\fluentlenium\fluentlenium-core\0.10.2\fluentlenium-core-0.10.2.jar;C:\Users\ASUS\.m2\repository\io\github\bonigarcia\webdrivermanager\5.1.0\webdrivermanager-5.1.0.jar;C:\Users\ASUS\.m2\repository\com\github\docker-java\docker-java\3.2.13\docker-java-3.2.13.jar;C:\Users\ASUS\.m2\repository\com\github\docker-java\docker-java-core\3.2.13\docker-java-core-3.2.13.jar;C:\Users\ASUS\.m2\repository\com\github\docker-java\docker-java-api\3.2.13\docker-java-api-3.2.13.jar;C:\Users\ASUS\.m2\repository\org\apache\commons\commons-compress\1.21\commons-compress-1.21.jar;C:\Users\ASUS\.m2\repository\org\bouncycastle\bcpkix-jdk15on\1.64\bcpkix-jdk15on-1.64.jar;C:\Users\ASUS\.m2\repository\org\bouncycastle\bcprov-jdk15on\1.64\bcprov-jdk15on-1.64.jar;C:\Users\ASUS\.m2\repository\org\slf4j\jcl-over-slf4j\1.7.30\jcl-over-slf4j-1.7.30.jar;C:\Users\ASUS\.m2\repository\com\github\docker-java\docker-java-transport-httpclient5\3.2.13\docker-java-transport-httpclient5-3.2.13.jar;C:\Users\ASUS\.m2\repository\com\github\docker-java\docker-java-transport\3.2.13\docker-java-transport-3.2.13.jar;C:\Users\ASUS\.m2\repository\org\apache\httpcomponents\client5\httpclient5\5.0.3\httpclient5-5.0.3.jar;C:\Users\ASUS\.m2\repository\org\apache\httpcomponents\core5\httpcore5\5.0.2\httpcore5-5.0.2.jar;C:\Users\ASUS\.m2\repository\net\java\dev\jna\jna\5.8.0\jna-5.8.0.jar;C:\Users\ASUS\.m2\repository\org\brotli\dec\0.1.2\dec-0.1.2.jar;C:\Users\ASUS\.m2\repository\com\jhlabs\filters\2.0.235\filters-2.0.235.jar;C:\Users\ASUS\.m2\repository\com\paulhammant\ngwebdriver\1.1.6\ngwebdriver-1.1.6.jar;C:\Users\ASUS\.m2\repository\joda-time\joda-time\2.8.2\joda-time-2.8.2.jar;C:\Users\ASUS\.m2\repository\org\hamcrest\hamcrest\2.2\hamcrest-2.2.jar;C:\Users\ASUS\.m2\repository\com\google\jimfs\jimfs\1.2\jimfs-1.2.jar;C:\Users\ASUS\.m2\repository\org\mockito\mockito-core\3.3.3\mockito-core-3.3.3.jar;C:\Users\ASUS\.m2\repository\javax\xml\bind\jaxb-api\2.3.1\jaxb-api-2.3.1.jar;C:\Users\ASUS\.m2\repository\javax\activation\javax.activation-api\1.2.0\javax.activation-api-1.2.0.jar;C:\Users\ASUS\.m2\repository\com\sun\xml\bind\jaxb-core\2.3.0.1\jaxb-core-2.3.0.1.jar;C:\Users\ASUS\.m2\repository\com\sun\xml\bind\jaxb-impl\2.3.3\jaxb-impl-2.3.3.jar;C:\Users\ASUS\.m2\repository\jakarta\xml\bind\jakarta.xml.bind-api\2.3.3\jakarta.xml.bind-api-2.3.3.jar;C:\Users\ASUS\.m2\repository\com\sun\activation\jakarta.activation\1.2.2\jakarta.activation-1.2.2.jar;C:\Users\ASUS\.m2\repository\javax\activation\activation\1.1.1\activation-1.1.1.jar;C:\Users\ASUS\.m2\repository\net\serenity-bdd\serenity-cucumber\3.2.1\serenity-cucumber-3.2.1.jar;C:\Users\ASUS\.m2\repository\io\cucumber\cucumber-core\7.2.3\cucumber-core-7.2.3.jar;C:\Users\ASUS\.m2\repository\io\cucumber\cucumber-gherkin\7.2.3\cucumber-gherkin-7.2.3.jar;C:\Users\ASUS\.m2\repository\io\cucumber\cucumber-gherkin-messages\7.2.3\cucumber-gherkin-messages-7.2.3.jar;C:\Users\ASUS\.m2\repository\io\cucumber\messages\17.1.1\messages-17.1.1.jar;C:\Users\ASUS\.m2\repository\io\cucumber\tag-expressions\4.1.0\tag-expressions-4.1.0.jar;C:\Users\ASUS\.m2\repository\io\cucumber\cucumber-expressions\15.0.1\cucumber-expressions-15.0.1.jar;C:\Users\ASUS\.m2\repository\io\cucumber\datatable\7.2.3\datatable-7.2.3.jar;C:\Users\ASUS\.m2\repository\io\cucumber\cucumber-plugin\7.2.3\cucumber-plugin-7.2.3.jar;C:\Users\ASUS\.m2\repository\io\cucumber\docstring\7.2.3\docstring-7.2.3.jar;C:\Users\ASUS\.m2\repository\io\cucumber\html-formatter\17.0.0\html-formatter-17.0.0.jar;C:\Users\ASUS\.m2\repository\io\cucumber\ci-environment\8.1.0\ci-environment-8.1.0.jar;C:\Users\ASUS\.m2\repository\io\cucumber\cucumber-junit\7.2.3\cucumber-junit-7.2.3.jar;C:\Users\ASUS\.m2\repository\org\apache\commons\commons-csv\1.5\commons-csv-1.5.jar;C:\Users\ASUS\.m2\repository\net\serenity-bdd\serenity-screenplay\3.2.1\serenity-screenplay-3.2.1.jar;C:\Users\ASUS\.m2\repository\net\serenity-bdd\serenity-screenplay-webdriver\3.2.1\serenity-screenplay-webdriver-3.2.1.jar;C:\Users\ASUS\.m2\repository\net\serenity-bdd\serenity-ensure\3.2.1\serenity-ensure-3.2.1.jar;C:\Users\ASUS\.m2\repository\net\serenity-bdd\serenity-junit\3.2.1\serenity-junit-3.2.1.jar;C:\Users\ASUS\.m2\repository\org\jetbrains\kotlin\kotlin-stdlib\1.6.0\kotlin-stdlib-1.6.0.jar;C:\Users\ASUS\.m2\repository\org\jetbrains\annotations\13.0\annotations-13.0.jar;C:\Users\ASUS\.m2\repository\org\jetbrains\kotlin\kotlin-stdlib-common\1.6.0\kotlin-stdlib-common-1.6.0.jar;C:\Users\ASUS\.m2\repository\org\junit\platform\junit-platform-launcher\1.8.1\junit-platform-launcher-1.8.1.jar;C:\Users\ASUS\.m2\repository\org\junit\platform\junit-platform-engine\1.8.1\junit-platform-engine-1.8.1.jar;C:\Users\ASUS\.m2\repository\org\opentest4j\opentest4j\1.2.0\opentest4j-1.2.0.jar;C:\Users\ASUS\.m2\repository\org\junit\platform\junit-platform-commons\1.8.1\junit-platform-commons-1.8.1.jar;C:\Users\ASUS\.m2\repository\org\apiguardian\apiguardian-api\1.1.2\apiguardian-api-1.1.2.jar;C:\Users\ASUS\.m2\repository\org\junit\jupiter\junit-jupiter-engine\5.8.2\junit-jupiter-engine-5.8.2.jar;C:\Users\ASUS\.m2\repository\org\junit\jupiter\junit-jupiter-api\5.8.2\junit-jupiter-api-5.8.2.jar;C:\Users\ASUS\.m2\repository\org\junit\vintage\junit-vintage-engine\5.8.2\junit-vintage-engine-5.8.2.jar;C:\Users\ASUS\.m2\repository\junit\junit\4.13.2\junit-4.13.2.jar;C:\Users\ASUS\.m2\repository\org\hamcrest\hamcrest-core\1.3\hamcrest-core-1.3.jar;C:\Users\ASUS\.m2\repository\ch\qos\logback\logback-classic\1.2.10\logback-classic-1.2.10.jar;C:\Users\ASUS\.m2\repository\ch\qos\logback\logback-core\1.2.10\logback-core-1.2.10.jar;C:\Users\ASUS\.m2\repository\org\slf4j\slf4j-api\1.7.32\slf4j-api-1.7.32.jar;C:\Users\ASUS\.m2\repository\org\assertj\assertj-core\3.6.2\assertj-core-3.6.2.jar;"/>
    <property name="java.vm.vendor" value="Oracle Corporation"/>
    <property name="sun.arch.data.model" value="64"/>
    <property name="user.variant" value=""/>
    <property name="java.vendor.url" value="https://java.oracle.com/"/>
    <property name="user.timezone" value="Asia/Jakarta"/>
    <property name="log4j2.formatMsgNoLookups" value="true"/>
    <property name="os.name" value="Windows 10"/>
    <property name="java.vm.specification.version" value="15"/>
    <property name="sun.java.launcher" value="SUN_STANDARD"/>
    <property name="user.country" value="ID"/>
    <property name="sun.boot.library.path" value="C:\Program Files\Java\jdk-15.0.2\bin"/>
    <property name="sun.java.command" value="org.apache.maven.surefire.booter.ForkedBooter C:\Users\ASUS\AppData\Local\Temp\surefire5794388868828323373 2022-05-18T08-31-32_779-jvmRun1 surefire2676626198993694731tmp surefire_06504855615632722444tmp"/>
    <property name="jdk.debug" value="release"/>
    <property name="surefire.test.class.path" value="D:\PERKULIAHAN\Semester 6,Hebatt glad!\Altera\QE_Gladys-Cindana-Asri-Pardosi\Mini-Project\Web\target\test-classes;C:\Users\ASUS\.m2\repository\net\serenity-bdd\serenity-core\3.2.1\serenity-core-3.2.1.jar;C:\Users\ASUS\.m2\repository\net\serenity-bdd\serenity-model\3.2.1\serenity-model-3.2.1.jar;C:\Users\ASUS\.m2\repository\org\apache\commons\commons-text\1.9\commons-text-1.9.jar;C:\Users\ASUS\.m2\repository\commons-net\commons-net\3.8.0\commons-net-3.8.0.jar;C:\Users\ASUS\.m2\repository\com\google\guava\guava\31.1-jre\guava-31.1-jre.jar;C:\Users\ASUS\.m2\repository\com\google\guava\failureaccess\1.0.1\failureaccess-1.0.1.jar;C:\Users\ASUS\.m2\repository\com\google\guava\listenablefuture\9999.0-empty-to-avoid-conflict-with-guava\listenablefuture-9999.0-empty-to-avoid-conflict-with-guava.jar;C:\Users\ASUS\.m2\repository\com\google\code\findbugs\jsr305\3.0.2\jsr305-3.0.2.jar;C:\Users\ASUS\.m2\repository\org\checkerframework\checker-qual\3.12.0\checker-qual-3.12.0.jar;C:\Users\ASUS\.m2\repository\com\google\errorprone\error_prone_annotations\2.11.0\error_prone_annotations-2.11.0.jar;C:\Users\ASUS\.m2\repository\com\google\j2objc\j2objc-annotations\1.3\j2objc-annotations-1.3.jar;C:\Users\ASUS\.m2\repository\com\google\inject\guice\5.1.0\guice-5.1.0.jar;C:\Users\ASUS\.m2\repository\javax\inject\javax.inject\1\javax.inject-1.jar;C:\Users\ASUS\.m2\repository\aopalliance\aopalliance\1.0\aopalliance-1.0.jar;C:\Users\ASUS\.m2\repository\org\jsoup\jsoup\1.14.3\jsoup-1.14.3.jar;C:\Users\ASUS\.m2\repository\com\thoughtworks\xstream\xstream\1.4.19\xstream-1.4.19.jar;C:\Users\ASUS\.m2\repository\io\github\x-stream\mxparser\1.2.2\mxparser-1.2.2.jar;C:\Users\ASUS\.m2\repository\xmlpull\xmlpull\1.1.3.1\xmlpull-1.1.3.1.jar;C:\Users\ASUS\.m2\repository\io\cucumber\cucumber-java\7.2.3\cucumber-java-7.2.3.jar;C:\Users\ASUS\.m2\repository\com\typesafe\config\1.4.2\config-1.4.2.jar;C:\Users\ASUS\.m2\repository\org\imgscalr\imgscalr-lib\4.2\imgscalr-lib-4.2.jar;C:\Users\ASUS\.m2\repository\org\awaitility\awaitility\4.2.0\awaitility-4.2.0.jar;C:\Users\ASUS\.m2\repository\org\freemarker\freemarker\2.3.31\freemarker-2.3.31.jar;C:\Users\ASUS\.m2\repository\io\github\classgraph\classgraph\4.8.138\classgraph-4.8.138.jar;C:\Users\ASUS\.m2\repository\net\sourceforge\jexcelapi\jxl\2.6.12\jxl-2.6.12.jar;C:\Users\ASUS\.m2\repository\net\bytebuddy\byte-buddy\1.12.8\byte-buddy-1.12.8.jar;C:\Users\ASUS\.m2\repository\net\bytebuddy\byte-buddy-agent\1.12.8\byte-buddy-agent-1.12.8.jar;C:\Users\ASUS\.m2\repository\org\objenesis\objenesis\3.1\objenesis-3.1.jar;C:\Users\ASUS\.m2\repository\net\serenity-bdd\serenity-reports\3.2.1\serenity-reports-3.2.1.jar;C:\Users\ASUS\.m2\repository\net\serenity-bdd\serenity-stats\3.2.1\serenity-stats-3.2.1.jar;C:\Users\ASUS\.m2\repository\net\serenity-bdd\serenity-reports-configuration\3.2.1\serenity-reports-configuration-3.2.1.jar;C:\Users\ASUS\.m2\repository\com\vladsch\flexmark\flexmark-all\0.34.30\flexmark-all-0.34.30.jar;C:\Users\ASUS\.m2\repository\com\vladsch\flexmark\flexmark\0.34.30\flexmark-0.34.30.jar;C:\Users\ASUS\.m2\repository\com\vladsch\flexmark\flexmark-ext-abbreviation\0.34.30\flexmark-ext-abbreviation-0.34.30.jar;C:\Users\ASUS\.m2\repository\com\vladsch\flexmark\flexmark-ext-admonition\0.34.30\flexmark-ext-admonition-0.34.30.jar;C:\Users\ASUS\.m2\repository\com\vladsch\flexmark\flexmark-ext-anchorlink\0.34.30\flexmark-ext-anchorlink-0.34.30.jar;C:\Users\ASUS\.m2\repository\com\vladsch\flexmark\flexmark-ext-aside\0.34.30\flexmark-ext-aside-0.34.30.jar;C:\Users\ASUS\.m2\repository\com\vladsch\flexmark\flexmark-ext-attributes\0.34.30\flexmark-ext-attributes-0.34.30.jar;C:\Users\ASUS\.m2\repository\com\vladsch\flexmark\flexmark-ext-autolink\0.34.30\flexmark-ext-autolink-0.34.30.jar;C:\Users\ASUS\.m2\repository\org\nibor\autolink\autolink\0.6.0\autolink-0.6.0.jar;C:\Users\ASUS\.m2\repository\com\vladsch\flexmark\flexmark-ext-definition\0.34.30\flexmark-ext-definition-0.34.30.jar;C:\Users\ASUS\.m2\repository\com\vladsch\flexmark\flexmark-ext-emoji\0.34.30\flexmark-ext-emoji-0.34.30.jar;C:\Users\ASUS\.m2\repository\com\vladsch\flexmark\flexmark-ext-enumerated-reference\0.34.30\flexmark-ext-enumerated-reference-0.34.30.jar;C:\Users\ASUS\.m2\repository\com\vladsch\flexmark\flexmark-ext-escaped-character\0.34.30\flexmark-ext-escaped-character-0.34.30.jar;C:\Users\ASUS\.m2\repository\com\vladsch\flexmark\flexmark-ext-footnotes\0.34.30\flexmark-ext-footnotes-0.34.30.jar;C:\Users\ASUS\.m2\repository\com\vladsch\flexmark\flexmark-ext-gfm-issues\0.34.30\flexmark-ext-gfm-issues-0.34.30.jar;C:\Users\ASUS\.m2\repository\com\vladsch\flexmark\flexmark-ext-gfm-strikethrough\0.34.30\flexmark-ext-gfm-strikethrough-0.34.30.jar;C:\Users\ASUS\.m2\repository\com\vladsch\flexmark\flexmark-ext-gfm-tables\0.34.30\flexmark-ext-gfm-tables-0.34.30.jar;C:\Users\ASUS\.m2\repository\com\vladsch\flexmark\flexmark-ext-gfm-tasklist\0.34.30\flexmark-ext-gfm-tasklist-0.34.30.jar;C:\Users\ASUS\.m2\repository\com\vladsch\flexmark\flexmark-ext-gfm-users\0.34.30\flexmark-ext-gfm-users-0.34.30.jar;C:\Users\ASUS\.m2\repository\com\vladsch\flexmark\flexmark-ext-gitlab\0.34.30\flexmark-ext-gitlab-0.34.30.jar;C:\Users\ASUS\.m2\repository\com\vladsch\flexmark\flexmark-ext-jekyll-front-matter\0.34.30\flexmark-ext-jekyll-front-matter-0.34.30.jar;C:\Users\ASUS\.m2\repository\com\vladsch\flexmark\flexmark-ext-jekyll-tag\0.34.30\flexmark-ext-jekyll-tag-0.34.30.jar;C:\Users\ASUS\.m2\repository\com\vladsch\flexmark\flexmark-ext-media-tags\0.34.30\flexmark-ext-media-tags-0.34.30.jar;C:\Users\ASUS\.m2\repository\com\vladsch\flexmark\flexmark-test-util\0.34.30\flexmark-test-util-0.34.30.jar;C:\Users\ASUS\.m2\repository\com\vladsch\flexmark\flexmark-ext-ins\0.34.30\flexmark-ext-ins-0.34.30.jar;C:\Users\ASUS\.m2\repository\com\vladsch\flexmark\flexmark-ext-xwiki-macros\0.34.30\flexmark-ext-xwiki-macros-0.34.30.jar;C:\Users\ASUS\.m2\repository\com\vladsch\flexmark\flexmark-ext-superscript\0.34.30\flexmark-ext-superscript-0.34.30.jar;C:\Users\ASUS\.m2\repository\com\vladsch\flexmark\flexmark-ext-tables\0.34.30\flexmark-ext-tables-0.34.30.jar;C:\Users\ASUS\.m2\repository\com\vladsch\flexmark\flexmark-ext-toc\0.34.30\flexmark-ext-toc-0.34.30.jar;C:\Users\ASUS\.m2\repository\com\vladsch\flexmark\flexmark-ext-typographic\0.34.30\flexmark-ext-typographic-0.34.30.jar;C:\Users\ASUS\.m2\repository\com\vladsch\flexmark\flexmark-ext-wikilink\0.34.30\flexmark-ext-wikilink-0.34.30.jar;C:\Users\ASUS\.m2\repository\com\vladsch\flexmark\flexmark-ext-yaml-front-matter\0.34.30\flexmark-ext-yaml-front-matter-0.34.30.jar;C:\Users\ASUS\.m2\repository\com\vladsch\flexmark\flexmark-ext-youtube-embedded\0.34.30\flexmark-ext-youtube-embedded-0.34.30.jar;C:\Users\ASUS\.m2\repository\com\vladsch\flexmark\flexmark-formatter\0.34.30\flexmark-formatter-0.34.30.jar;C:\Users\ASUS\.m2\repository\com\vladsch\flexmark\flexmark-html-parser\0.34.30\flexmark-html-parser-0.34.30.jar;C:\Users\ASUS\.m2\repository\com\vladsch\flexmark\flexmark-jira-converter\0.34.30\flexmark-jira-converter-0.34.30.jar;C:\Users\ASUS\.m2\repository\com\vladsch\flexmark\flexmark-pdf-converter\0.34.30\flexmark-pdf-converter-0.34.30.jar;C:\Users\ASUS\.m2\repository\com\openhtmltopdf\openhtmltopdf-core\0.0.1-RC13\openhtmltopdf-core-0.0.1-RC13.jar;C:\Users\ASUS\.m2\repository\com\openhtmltopdf\openhtmltopdf-pdfbox\0.0.1-RC13\openhtmltopdf-pdfbox-0.0.1-RC13.jar;C:\Users\ASUS\.m2\repository\org\apache\pdfbox\pdfbox\2.0.8\pdfbox-2.0.8.jar;C:\Users\ASUS\.m2\repository\org\apache\pdfbox\fontbox\2.0.8\fontbox-2.0.8.jar;C:\Users\ASUS\.m2\repository\commons-logging\commons-logging\1.2\commons-logging-1.2.jar;C:\Users\ASUS\.m2\repository\org\apache\pdfbox\xmpbox\2.0.8\xmpbox-2.0.8.jar;C:\Users\ASUS\.m2\repository\de\rototor\pdfbox\graphics2d\0.12\graphics2d-0.12.jar;C:\Users\ASUS\.m2\repository\com\openhtmltopdf\openhtmltopdf-rtl-support\0.0.1-RC13\openhtmltopdf-rtl-support-0.0.1-RC13.jar;C:\Users\ASUS\.m2\repository\com\ibm\icu\icu4j\59.1\icu4j-59.1.jar;C:\Users\ASUS\.m2\repository\com\openhtmltopdf\openhtmltopdf-jsoup-dom-converter\0.0.1-RC13\openhtmltopdf-jsoup-dom-converter-0.0.1-RC13.jar;C:\Users\ASUS\.m2\repository\com\vladsch\flexmark\flexmark-profile-pegdown\0.34.30\flexmark-profile-pegdown-0.34.30.jar;C:\Users\ASUS\.m2\repository\com\vladsch\flexmark\flexmark-util\0.34.30\flexmark-util-0.34.30.jar;C:\Users\ASUS\.m2\repository\com\vladsch\flexmark\flexmark-youtrack-converter\0.34.30\flexmark-youtrack-converter-0.34.30.jar;C:\Users\ASUS\.m2\repository\es\nitaur\markdown\txtmark\0.16\txtmark-0.16.jar;C:\Users\ASUS\.m2\repository\net\serenity-bdd\serenity-report-resources\3.2.1\serenity-report-resources-3.2.1.jar;C:\Users\ASUS\.m2\repository\com\google\code\gson\gson\2.9.0\gson-2.9.0.jar;C:\Users\ASUS\.m2\repository\com\fasterxml\jackson\core\jackson-core\2.13.2\jackson-core-2.13.2.jar;C:\Users\ASUS\.m2\repository\com\fasterxml\jackson\core\jackson-databind\2.13.2\jackson-databind-2.13.2.jar;C:\Users\ASUS\.m2\repository\com\fasterxml\jackson\core\jackson-annotations\2.13.2\jackson-annotations-2.13.2.jar;C:\Users\ASUS\.m2\repository\commons-codec\commons-codec\1.15\commons-codec-1.15.jar;C:\Users\ASUS\.m2\repository\commons-io\commons-io\2.11.0\commons-io-2.11.0.jar;C:\Users\ASUS\.m2\repository\org\seleniumhq\selenium\selenium-java\4.1.2\selenium-java-4.1.2.jar;C:\Users\ASUS\.m2\repository\org\seleniumhq\selenium\selenium-devtools-v85\4.1.2\selenium-devtools-v85-4.1.2.jar;C:\Users\ASUS\.m2\repository\org\seleniumhq\selenium\selenium-devtools-v95\4.1.2\selenium-devtools-v95-4.1.2.jar;C:\Users\ASUS\.m2\repository\org\seleniumhq\selenium\selenium-devtools-v96\4.1.2\selenium-devtools-v96-4.1.2.jar;C:\Users\ASUS\.m2\repository\org\seleniumhq\selenium\selenium-devtools-v97\4.1.2\selenium-devtools-v97-4.1.2.jar;C:\Users\ASUS\.m2\repository\org\seleniumhq\selenium\selenium-firefox-xpi-driver\4.1.2\selenium-firefox-xpi-driver-4.1.2.jar;C:\Users\ASUS\.m2\repository\org\seleniumhq\selenium\selenium-opera-driver\4.1.2\selenium-opera-driver-4.1.2.jar;C:\Users\ASUS\.m2\repository\org\seleniumhq\selenium\selenium-remote-driver\4.1.2\selenium-remote-driver-4.1.2.jar;C:\Users\ASUS\.m2\repository\com\beust\jcommander\1.82\jcommander-1.82.jar;C:\Users\ASUS\.m2\repository\io\netty\netty-buffer\4.1.73.Final\netty-buffer-4.1.73.Final.jar;C:\Users\ASUS\.m2\repository\io\netty\netty-codec-http\4.1.73.Final\netty-codec-http-4.1.73.Final.jar;C:\Users\ASUS\.m2\repository\io\netty\netty-codec\4.1.73.Final\netty-codec-4.1.73.Final.jar;C:\Users\ASUS\.m2\repository\io\netty\netty-handler\4.1.73.Final\netty-handler-4.1.73.Final.jar;C:\Users\ASUS\.m2\repository\io\netty\netty-tcnative-classes\2.0.46.Final\netty-tcnative-classes-2.0.46.Final.jar;C:\Users\ASUS\.m2\repository\io\netty\netty-common\4.1.73.Final\netty-common-4.1.73.Final.jar;C:\Users\ASUS\.m2\repository\io\netty\netty-transport-classes-epoll\4.1.73.Final\netty-transport-classes-epoll-4.1.73.Final.jar;C:\Users\ASUS\.m2\repository\io\netty\netty-transport-classes-kqueue\4.1.73.Final\netty-transport-classes-kqueue-4.1.73.Final.jar;C:\Users\ASUS\.m2\repository\io\netty\netty-transport-native-epoll\4.1.73.Final\netty-transport-native-epoll-4.1.73.Final.jar;C:\Users\ASUS\.m2\repository\io\netty\netty-transport-native-kqueue\4.1.73.Final\netty-transport-native-kqueue-4.1.73.Final.jar;C:\Users\ASUS\.m2\repository\io\netty\netty-transport-native-unix-common\4.1.73.Final\netty-transport-native-unix-common-4.1.73.Final.jar;C:\Users\ASUS\.m2\repository\io\netty\netty-transport\4.1.73.Final\netty-transport-4.1.73.Final.jar;C:\Users\ASUS\.m2\repository\io\netty\netty-resolver\4.1.73.Final\netty-resolver-4.1.73.Final.jar;C:\Users\ASUS\.m2\repository\io\opentelemetry\opentelemetry-api\1.10.1\opentelemetry-api-1.10.1.jar;C:\Users\ASUS\.m2\repository\io\opentelemetry\opentelemetry-context\1.10.1\opentelemetry-context-1.10.1.jar;C:\Users\ASUS\.m2\repository\io\opentelemetry\opentelemetry-exporter-logging\1.10.1\opentelemetry-exporter-logging-1.10.1.jar;C:\Users\ASUS\.m2\repository\io\opentelemetry\opentelemetry-sdk-metrics\1.10.1-alpha\opentelemetry-sdk-metrics-1.10.1-alpha.jar;C:\Users\ASUS\.m2\repository\io\opentelemetry\opentelemetry-sdk-logs\1.10.1-alpha\opentelemetry-sdk-logs-1.10.1-alpha.jar;C:\Users\ASUS\.m2\repository\io\opentelemetry\opentelemetry-sdk-common\1.10.1\opentelemetry-sdk-common-1.10.1.jar;C:\Users\ASUS\.m2\repository\io\opentelemetry\opentelemetry-sdk-extension-autoconfigure-spi\1.10.1\opentelemetry-sdk-extension-autoconfigure-spi-1.10.1.jar;C:\Users\ASUS\.m2\repository\io\opentelemetry\opentelemetry-sdk-extension-autoconfigure\1.10.1-alpha\opentelemetry-sdk-extension-autoconfigure-1.10.1-alpha.jar;C:\Users\ASUS\.m2\repository\io\opentelemetry\opentelemetry-sdk-trace\1.10.1\opentelemetry-sdk-trace-1.10.1.jar;C:\Users\ASUS\.m2\repository\io\opentelemetry\opentelemetry-sdk\1.10.1\opentelemetry-sdk-1.10.1.jar;C:\Users\ASUS\.m2\repository\io\opentelemetry\opentelemetry-semconv\1.10.1-alpha\opentelemetry-semconv-1.10.1-alpha.jar;C:\Users\ASUS\.m2\repository\io\ous\jtoml\2.0.0\jtoml-2.0.0.jar;C:\Users\ASUS\.m2\repository\org\apache\commons\commons-exec\1.3\commons-exec-1.3.jar;C:\Users\ASUS\.m2\repository\org\asynchttpclient\async-http-client\2.12.3\async-http-client-2.12.3.jar;C:\Users\ASUS\.m2\repository\org\asynchttpclient\async-http-client-netty-utils\2.12.3\async-http-client-netty-utils-2.12.3.jar;C:\Users\ASUS\.m2\repository\io\netty\netty-codec-socks\4.1.60.Final\netty-codec-socks-4.1.60.Final.jar;C:\Users\ASUS\.m2\repository\io\netty\netty-handler-proxy\4.1.60.Final\netty-handler-proxy-4.1.60.Final.jar;C:\Users\ASUS\.m2\repository\io\netty\netty-transport-native-epoll\4.1.60.Final\netty-transport-native-epoll-4.1.60.Final-linux-x86_64.jar;C:\Users\ASUS\.m2\repository\io\netty\netty-transport-native-kqueue\4.1.60.Final\netty-transport-native-kqueue-4.1.60.Final-osx-x86_64.jar;C:\Users\ASUS\.m2\repository\org\reactivestreams\reactive-streams\1.0.3\reactive-streams-1.0.3.jar;C:\Users\ASUS\.m2\repository\com\typesafe\netty\netty-reactive-streams\2.0.4\netty-reactive-streams-2.0.4.jar;C:\Users\ASUS\.m2\repository\org\seleniumhq\selenium\selenium-http\4.1.2\selenium-http-4.1.2.jar;C:\Users\ASUS\.m2\repository\net\jodah\failsafe\2.4.4\failsafe-2.4.4.jar;C:\Users\ASUS\.m2\repository\org\seleniumhq\selenium\selenium-safari-driver\4.1.2\selenium-safari-driver-4.1.2.jar;C:\Users\ASUS\.m2\repository\org\seleniumhq\selenium\selenium-api\4.1.2\selenium-api-4.1.2.jar;C:\Users\ASUS\.m2\repository\org\seleniumhq\selenium\selenium-support\4.1.2\selenium-support-4.1.2.jar;C:\Users\ASUS\.m2\repository\com\google\auto\service\auto-service-annotations\1.0.1\auto-service-annotations-1.0.1.jar;C:\Users\ASUS\.m2\repository\com\google\auto\service\auto-service\1.0.1\auto-service-1.0.1.jar;C:\Users\ASUS\.m2\repository\com\google\auto\auto-common\1.2\auto-common-1.2.jar;C:\Users\ASUS\.m2\repository\org\seleniumhq\selenium\selenium-json\4.1.2\selenium-json-4.1.2.jar;C:\Users\ASUS\.m2\repository\org\seleniumhq\selenium\selenium-chrome-driver\4.1.2\selenium-chrome-driver-4.1.2.jar;C:\Users\ASUS\.m2\repository\org\seleniumhq\selenium\selenium-chromium-driver\4.1.2\selenium-chromium-driver-4.1.2.jar;C:\Users\ASUS\.m2\repository\org\seleniumhq\selenium\selenium-firefox-driver\4.1.2\selenium-firefox-driver-4.1.2.jar;C:\Users\ASUS\.m2\repository\org\seleniumhq\selenium\selenium-edge-driver\4.1.2\selenium-edge-driver-4.1.2.jar;C:\Users\ASUS\.m2\repository\org\seleniumhq\selenium\selenium-ie-driver\4.1.2\selenium-ie-driver-4.1.2.jar;C:\Users\ASUS\.m2\repository\org\projectlombok\lombok\1.18.20\lombok-1.18.20.jar;C:\Users\ASUS\.m2\repository\io\appium\java-client\8.0.0\java-client-8.0.0.jar;C:\Users\ASUS\.m2\repository\commons-validator\commons-validator\1.7\commons-validator-1.7.jar;C:\Users\ASUS\.m2\repository\commons-digester\commons-digester\2.1\commons-digester-2.1.jar;C:\Users\ASUS\.m2\repository\org\aspectj\aspectjweaver\1.9.8\aspectjweaver-1.9.8.jar;C:\Users\ASUS\.m2\repository\org\codehaus\groovy\groovy\3.0.10\groovy-3.0.10.jar;C:\Users\ASUS\.m2\repository\net\sf\opencsv\opencsv\2.0\opencsv-2.0.jar;C:\Users\ASUS\.m2\repository\commons-beanutils\commons-beanutils\1.9.4\commons-beanutils-1.9.4.jar;C:\Users\ASUS\.m2\repository\org\apache\commons\commons-lang3\3.12.0\commons-lang3-3.12.0.jar;C:\Users\ASUS\.m2\repository\commons-collections\commons-collections\3.2.2\commons-collections-3.2.2.jar;C:\Users\ASUS\.m2\repository\org\fluentlenium\fluentlenium-core\0.10.2\fluentlenium-core-0.10.2.jar;C:\Users\ASUS\.m2\repository\io\github\bonigarcia\webdrivermanager\5.1.0\webdrivermanager-5.1.0.jar;C:\Users\ASUS\.m2\repository\com\github\docker-java\docker-java\3.2.13\docker-java-3.2.13.jar;C:\Users\ASUS\.m2\repository\com\github\docker-java\docker-java-core\3.2.13\docker-java-core-3.2.13.jar;C:\Users\ASUS\.m2\repository\com\github\docker-java\docker-java-api\3.2.13\docker-java-api-3.2.13.jar;C:\Users\ASUS\.m2\repository\org\apache\commons\commons-compress\1.21\commons-compress-1.21.jar;C:\Users\ASUS\.m2\repository\org\bouncycastle\bcpkix-jdk15on\1.64\bcpkix-jdk15on-1.64.jar;C:\Users\ASUS\.m2\repository\org\bouncycastle\bcprov-jdk15on\1.64\bcprov-jdk15on-1.64.jar;C:\Users\ASUS\.m2\repository\org\slf4j\jcl-over-slf4j\1.7.30\jcl-over-slf4j-1.7.30.jar;C:\Users\ASUS\.m2\repository\com\github\docker-java\docker-java-transport-httpclient5\3.2.13\docker-java-transport-httpclient5-3.2.13.jar;C:\Users\ASUS\.m2\repository\com\github\docker-java\docker-java-transport\3.2.13\docker-java-transport-3.2.13.jar;C:\Users\ASUS\.m2\repository\org\apache\httpcomponents\client5\httpclient5\5.0.3\httpclient5-5.0.3.jar;C:\Users\ASUS\.m2\repository\org\apache\httpcomponents\core5\httpcore5\5.0.2\httpcore5-5.0.2.jar;C:\Users\ASUS\.m2\repository\net\java\dev\jna\jna\5.8.0\jna-5.8.0.jar;C:\Users\ASUS\.m2\repository\org\brotli\dec\0.1.2\dec-0.1.2.jar;C:\Users\ASUS\.m2\repository\com\jhlabs\filters\2.0.235\filters-2.0.235.jar;C:\Users\ASUS\.m2\repository\com\paulhammant\ngwebdriver\1.1.6\ngwebdriver-1.1.6.jar;C:\Users\ASUS\.m2\repository\joda-time\joda-time\2.8.2\joda-time-2.8.2.jar;C:\Users\ASUS\.m2\repository\org\hamcrest\hamcrest\2.2\hamcrest-2.2.jar;C:\Users\ASUS\.m2\repository\com\google\jimfs\jimfs\1.2\jimfs-1.2.jar;C:\Users\ASUS\.m2\repository\org\mockito\mockito-core\3.3.3\mockito-core-3.3.3.jar;C:\Users\ASUS\.m2\repository\javax\xml\bind\jaxb-api\2.3.1\jaxb-api-2.3.1.jar;C:\Users\ASUS\.m2\repository\javax\activation\javax.activation-api\1.2.0\javax.activation-api-1.2.0.jar;C:\Users\ASUS\.m2\repository\com\sun\xml\bind\jaxb-core\2.3.0.1\jaxb-core-2.3.0.1.jar;C:\Users\ASUS\.m2\repository\com\sun\xml\bind\jaxb-impl\2.3.3\jaxb-impl-2.3.3.jar;C:\Users\ASUS\.m2\repository\jakarta\xml\bind\jakarta.xml.bind-api\2.3.3\jakarta.xml.bind-api-2.3.3.jar;C:\Users\ASUS\.m2\repository\com\sun\activation\jakarta.activation\1.2.2\jakarta.activation-1.2.2.jar;C:\Users\ASUS\.m2\repository\javax\activation\activation\1.1.1\activation-1.1.1.jar;C:\Users\ASUS\.m2\repository\net\serenity-bdd\serenity-cucumber\3.2.1\serenity-cucumber-3.2.1.jar;C:\Users\ASUS\.m2\repository\io\cucumber\cucumber-core\7.2.3\cucumber-core-7.2.3.jar;C:\Users\ASUS\.m2\repository\io\cucumber\cucumber-gherkin\7.2.3\cucumber-gherkin-7.2.3.jar;C:\Users\ASUS\.m2\repository\io\cucumber\cucumber-gherkin-messages\7.2.3\cucumber-gherkin-messages-7.2.3.jar;C:\Users\ASUS\.m2\repository\io\cucumber\messages\17.1.1\messages-17.1.1.jar;C:\Users\ASUS\.m2\repository\io\cucumber\tag-expressions\4.1.0\tag-expressions-4.1.0.jar;C:\Users\ASUS\.m2\repository\io\cucumber\cucumber-expressions\15.0.1\cucumber-expressions-15.0.1.jar;C:\Users\ASUS\.m2\repository\io\cucumber\datatable\7.2.3\datatable-7.2.3.jar;C:\Users\ASUS\.m2\repository\io\cucumber\cucumber-plugin\7.2.3\cucumber-plugin-7.2.3.jar;C:\Users\ASUS\.m2\repository\io\cucumber\docstring\7.2.3\docstring-7.2.3.jar;C:\Users\ASUS\.m2\repository\io\cucumber\html-formatter\17.0.0\html-formatter-17.0.0.jar;C:\Users\ASUS\.m2\repository\io\cucumber\ci-environment\8.1.0\ci-environment-8.1.0.jar;C:\Users\ASUS\.m2\repository\io\cucumber\cucumber-junit\7.2.3\cucumber-junit-7.2.3.jar;C:\Users\ASUS\.m2\repository\org\apache\commons\commons-csv\1.5\commons-csv-1.5.jar;C:\Users\ASUS\.m2\repository\net\serenity-bdd\serenity-screenplay\3.2.1\serenity-screenplay-3.2.1.jar;C:\Users\ASUS\.m2\repository\net\serenity-bdd\serenity-screenplay-webdriver\3.2.1\serenity-screenplay-webdriver-3.2.1.jar;C:\Users\ASUS\.m2\repository\net\serenity-bdd\serenity-ensure\3.2.1\serenity-ensure-3.2.1.jar;C:\Users\ASUS\.m2\repository\net\serenity-bdd\serenity-junit\3.2.1\serenity-junit-3.2.1.jar;C:\Users\ASUS\.m2\repository\org\jetbrains\kotlin\kotlin-stdlib\1.6.0\kotlin-stdlib-1.6.0.jar;C:\Users\ASUS\.m2\repository\org\jetbrains\annotations\13.0\annotations-13.0.jar;C:\Users\ASUS\.m2\repository\org\jetbrains\kotlin\kotlin-stdlib-common\1.6.0\kotlin-stdlib-common-1.6.0.jar;C:\Users\ASUS\.m2\repository\org\junit\platform\junit-platform-launcher\1.8.1\junit-platform-launcher-1.8.1.jar;C:\Users\ASUS\.m2\repository\org\junit\platform\junit-platform-engine\1.8.1\junit-platform-engine-1.8.1.jar;C:\Users\ASUS\.m2\repository\org\opentest4j\opentest4j\1.2.0\opentest4j-1.2.0.jar;C:\Users\ASUS\.m2\repository\org\junit\platform\junit-platform-commons\1.8.1\junit-platform-commons-1.8.1.jar;C:\Users\ASUS\.m2\repository\org\apiguardian\apiguardian-api\1.1.2\apiguardian-api-1.1.2.jar;C:\Users\ASUS\.m2\repository\org\junit\jupiter\junit-jupiter-engine\5.8.2\junit-jupiter-engine-5.8.2.jar;C:\Users\ASUS\.m2\repository\org\junit\jupiter\junit-jupiter-api\5.8.2\junit-jupiter-api-5.8.2.jar;C:\Users\ASUS\.m2\repository\org\junit\vintage\junit-vintage-engine\5.8.2\junit-vintage-engine-5.8.2.jar;C:\Users\ASUS\.m2\repository\junit\junit\4.13.2\junit-4.13.2.jar;C:\Users\ASUS\.m2\repository\org\hamcrest\hamcrest-core\1.3\hamcrest-core-1.3.jar;C:\Users\ASUS\.m2\repository\ch\qos\logback\logback-classic\1.2.10\logback-classic-1.2.10.jar;C:\Users\ASUS\.m2\repository\ch\qos\logback\logback-core\1.2.10\logback-core-1.2.10.jar;C:\Users\ASUS\.m2\repository\org\slf4j\slf4j-api\1.7.32\slf4j-api-1.7.32.jar;C:\Users\ASUS\.m2\repository\org\assertj\assertj-core\3.6.2\assertj-core-3.6.2.jar;"/>
    <property name="sun.cpu.endian" value="little"/>
    <property name="user.home" value="C:\Users\ASUS"/>
    <property name="user.language" value="en"/>
    <property name="java.specification.vendor" value="Oracle Corporation"/>
    <property name="jdk.module.path" value="D:\PERKULIAHAN\Semester 6,Hebatt glad!\Altera\QE_Gladys-Cindana-Asri-Pardosi\Mini-Project\Web\target\Web-1.0-SNAPSHOT.jar"/>
    <property name="java.version.date" value="2021-01-19"/>
    <property name="java.home" value="C:\Program Files\Java\jdk-15.0.2"/>
    <property name="file.separator" value="\"/>
    <property name="basedir" value="D:\PERKULIAHAN\Semester 6,Hebatt glad!\Altera\QE_Gladys-Cindana-Asri-Pardosi\Mini-Project\Web"/>
    <property name="java.vm.compressedOopsMode" value="Zero based"/>
    <property name="line.separator" value="&#10;"/>
    <property name="java.vm.specification.vendor" value="Oracle Corporation"/>
    <property name="java.specification.name" value="Java Platform API Specification"/>
    <property name="surefire.real.class.path" value="C:\Users\ASUS\.m2\repository\org\apache\maven\surefire\surefire-booter\3.0.0-M5\surefire-booter-3.0.0-M5.jar;C:\Users\ASUS\.m2\repository\org\apache\maven\surefire\surefire-api\3.0.0-M5\surefire-api-3.0.0-M5.jar;C:\Users\ASUS\.m2\repository\org\apache\maven\surefire\surefire-logger-api\3.0.0-M5\surefire-logger-api-3.0.0-M5.jar;C:\Users\ASUS\.m2\repository\org\apache\maven\surefire\surefire-shared-utils\3.0.0-M4\surefire-shared-utils-3.0.0-M4.jar;C:\Users\ASUS\.m2\repository\org\apache\maven\surefire\surefire-extensions-spi\3.0.0-M5\surefire-extensions-spi-3.0.0-M5.jar;D:\PERKULIAHAN\Semester 6,Hebatt glad!\Altera\QE_Gladys-Cindana-Asri-Pardosi\Mini-Project\Web\target\test-classes;C:\Users\ASUS\.m2\repository\net\serenity-bdd\serenity-core\3.2.1\serenity-core-3.2.1.jar;C:\Users\ASUS\.m2\repository\net\serenity-bdd\serenity-model\3.2.1\serenity-model-3.2.1.jar;C:\Users\ASUS\.m2\repository\org\apache\commons\commons-text\1.9\commons-text-1.9.jar;C:\Users\ASUS\.m2\repository\commons-net\commons-net\3.8.0\commons-net-3.8.0.jar;C:\Users\ASUS\.m2\repository\com\google\guava\guava\31.1-jre\guava-31.1-jre.jar;C:\Users\ASUS\.m2\repository\com\google\guava\failureaccess\1.0.1\failureaccess-1.0.1.jar;C:\Users\ASUS\.m2\repository\com\google\guava\listenablefuture\9999.0-empty-to-avoid-conflict-with-guava\listenablefuture-9999.0-empty-to-avoid-conflict-with-guava.jar;C:\Users\ASUS\.m2\repository\com\google\code\findbugs\jsr305\3.0.2\jsr305-3.0.2.jar;C:\Users\ASUS\.m2\repository\org\checkerframework\checker-qual\3.12.0\checker-qual-3.12.0.jar;C:\Users\ASUS\.m2\repository\com\google\errorprone\error_prone_annotations\2.11.0\error_prone_annotations-2.11.0.jar;C:\Users\ASUS\.m2\repository\com\google\j2objc\j2objc-annotations\1.3\j2objc-annotations-1.3.jar;C:\Users\ASUS\.m2\repository\com\google\inject\guice\5.1.0\guice-5.1.0.jar;C:\Users\ASUS\.m2\repository\javax\inject\javax.inject\1\javax.inject-1.jar;C:\Users\ASUS\.m2\repository\aopalliance\aopalliance\1.0\aopalliance-1.0.jar;C:\Users\ASUS\.m2\repository\org\jsoup\jsoup\1.14.3\jsoup-1.14.3.jar;C:\Users\ASUS\.m2\repository\com\thoughtworks\xstream\xstream\1.4.19\xstream-1.4.19.jar;C:\Users\ASUS\.m2\repository\io\github\x-stream\mxparser\1.2.2\mxparser-1.2.2.jar;C:\Users\ASUS\.m2\repository\xmlpull\xmlpull\1.1.3.1\xmlpull-1.1.3.1.jar;C:\Users\ASUS\.m2\repository\io\cucumber\cucumber-java\7.2.3\cucumber-java-7.2.3.jar;C:\Users\ASUS\.m2\repository\com\typesafe\config\1.4.2\config-1.4.2.jar;C:\Users\ASUS\.m2\repository\org\imgscalr\imgscalr-lib\4.2\imgscalr-lib-4.2.jar;C:\Users\ASUS\.m2\repository\org\awaitility\awaitility\4.2.0\awaitility-4.2.0.jar;C:\Users\ASUS\.m2\repository\org\freemarker\freemarker\2.3.31\freemarker-2.3.31.jar;C:\Users\ASUS\.m2\repository\io\github\classgraph\classgraph\4.8.138\classgraph-4.8.138.jar;C:\Users\ASUS\.m2\repository\net\sourceforge\jexcelapi\jxl\2.6.12\jxl-2.6.12.jar;C:\Users\ASUS\.m2\repository\net\bytebuddy\byte-buddy\1.12.8\byte-buddy-1.12.8.jar;C:\Users\ASUS\.m2\repository\net\bytebuddy\byte-buddy-agent\1.12.8\byte-buddy-agent-1.12.8.jar;C:\Users\ASUS\.m2\repository\org\objenesis\objenesis\3.1\objenesis-3.1.jar;C:\Users\ASUS\.m2\repository\net\serenity-bdd\serenity-reports\3.2.1\serenity-reports-3.2.1.jar;C:\Users\ASUS\.m2\repository\net\serenity-bdd\serenity-stats\3.2.1\serenity-stats-3.2.1.jar;C:\Users\ASUS\.m2\repository\net\serenity-bdd\serenity-reports-configuration\3.2.1\serenity-reports-configuration-3.2.1.jar;C:\Users\ASUS\.m2\repository\com\vladsch\flexmark\flexmark-all\0.34.30\flexmark-all-0.34.30.jar;C:\Users\ASUS\.m2\repository\com\vladsch\flexmark\flexmark\0.34.30\flexmark-0.34.30.jar;C:\Users\ASUS\.m2\repository\com\vladsch\flexmark\flexmark-ext-abbreviation\0.34.30\flexmark-ext-abbreviation-0.34.30.jar;C:\Users\ASUS\.m2\repository\com\vladsch\flexmark\flexmark-ext-admonition\0.34.30\flexmark-ext-admonition-0.34.30.jar;C:\Users\ASUS\.m2\repository\com\vladsch\flexmark\flexmark-ext-anchorlink\0.34.30\flexmark-ext-anchorlink-0.34.30.jar;C:\Users\ASUS\.m2\repository\com\vladsch\flexmark\flexmark-ext-aside\0.34.30\flexmark-ext-aside-0.34.30.jar;C:\Users\ASUS\.m2\repository\com\vladsch\flexmark\flexmark-ext-attributes\0.34.30\flexmark-ext-attributes-0.34.30.jar;C:\Users\ASUS\.m2\repository\com\vladsch\flexmark\flexmark-ext-autolink\0.34.30\flexmark-ext-autolink-0.34.30.jar;C:\Users\ASUS\.m2\repository\org\nibor\autolink\autolink\0.6.0\autolink-0.6.0.jar;C:\Users\ASUS\.m2\repository\com\vladsch\flexmark\flexmark-ext-definition\0.34.30\flexmark-ext-definition-0.34.30.jar;C:\Users\ASUS\.m2\repository\com\vladsch\flexmark\flexmark-ext-emoji\0.34.30\flexmark-ext-emoji-0.34.30.jar;C:\Users\ASUS\.m2\repository\com\vladsch\flexmark\flexmark-ext-enumerated-reference\0.34.30\flexmark-ext-enumerated-reference-0.34.30.jar;C:\Users\ASUS\.m2\repository\com\vladsch\flexmark\flexmark-ext-escaped-character\0.34.30\flexmark-ext-escaped-character-0.34.30.jar;C:\Users\ASUS\.m2\repository\com\vladsch\flexmark\flexmark-ext-footnotes\0.34.30\flexmark-ext-footnotes-0.34.30.jar;C:\Users\ASUS\.m2\repository\com\vladsch\flexmark\flexmark-ext-gfm-issues\0.34.30\flexmark-ext-gfm-issues-0.34.30.jar;C:\Users\ASUS\.m2\repository\com\vladsch\flexmark\flexmark-ext-gfm-strikethrough\0.34.30\flexmark-ext-gfm-strikethrough-0.34.30.jar;C:\Users\ASUS\.m2\repository\com\vladsch\flexmark\flexmark-ext-gfm-tables\0.34.30\flexmark-ext-gfm-tables-0.34.30.jar;C:\Users\ASUS\.m2\repository\com\vladsch\flexmark\flexmark-ext-gfm-tasklist\0.34.30\flexmark-ext-gfm-tasklist-0.34.30.jar;C:\Users\ASUS\.m2\repository\com\vladsch\flexmark\flexmark-ext-gfm-users\0.34.30\flexmark-ext-gfm-users-0.34.30.jar;C:\Users\ASUS\.m2\repository\com\vladsch\flexmark\flexmark-ext-gitlab\0.34.30\flexmark-ext-gitlab-0.34.30.jar;C:\Users\ASUS\.m2\repository\com\vladsch\flexmark\flexmark-ext-jekyll-front-matter\0.34.30\flexmark-ext-jekyll-front-matter-0.34.30.jar;C:\Users\ASUS\.m2\repository\com\vladsch\flexmark\flexmark-ext-jekyll-tag\0.34.30\flexmark-ext-jekyll-tag-0.34.30.jar;C:\Users\ASUS\.m2\repository\com\vladsch\flexmark\flexmark-ext-media-tags\0.34.30\flexmark-ext-media-tags-0.34.30.jar;C:\Users\ASUS\.m2\repository\com\vladsch\flexmark\flexmark-test-util\0.34.30\flexmark-test-util-0.34.30.jar;C:\Users\ASUS\.m2\repository\com\vladsch\flexmark\flexmark-ext-ins\0.34.30\flexmark-ext-ins-0.34.30.jar;C:\Users\ASUS\.m2\repository\com\vladsch\flexmark\flexmark-ext-xwiki-macros\0.34.30\flexmark-ext-xwiki-macros-0.34.30.jar;C:\Users\ASUS\.m2\repository\com\vladsch\flexmark\flexmark-ext-superscript\0.34.30\flexmark-ext-superscript-0.34.30.jar;C:\Users\ASUS\.m2\repository\com\vladsch\flexmark\flexmark-ext-tables\0.34.30\flexmark-ext-tables-0.34.30.jar;C:\Users\ASUS\.m2\repository\com\vladsch\flexmark\flexmark-ext-toc\0.34.30\flexmark-ext-toc-0.34.30.jar;C:\Users\ASUS\.m2\repository\com\vladsch\flexmark\flexmark-ext-typographic\0.34.30\flexmark-ext-typographic-0.34.30.jar;C:\Users\ASUS\.m2\repository\com\vladsch\flexmark\flexmark-ext-wikilink\0.34.30\flexmark-ext-wikilink-0.34.30.jar;C:\Users\ASUS\.m2\repository\com\vladsch\flexmark\flexmark-ext-yaml-front-matter\0.34.30\flexmark-ext-yaml-front-matter-0.34.30.jar;C:\Users\ASUS\.m2\repository\com\vladsch\flexmark\flexmark-ext-youtube-embedded\0.34.30\flexmark-ext-youtube-embedded-0.34.30.jar;C:\Users\ASUS\.m2\repository\com\vladsch\flexmark\flexmark-formatter\0.34.30\flexmark-formatter-0.34.30.jar;C:\Users\ASUS\.m2\repository\com\vladsch\flexmark\flexmark-html-parser\0.34.30\flexmark-html-parser-0.34.30.jar;C:\Users\ASUS\.m2\repository\com\vladsch\flexmark\flexmark-jira-converter\0.34.30\flexmark-jira-converter-0.34.30.jar;C:\Users\ASUS\.m2\repository\com\vladsch\flexmark\flexmark-pdf-converter\0.34.30\flexmark-pdf-converter-0.34.30.jar;C:\Users\ASUS\.m2\repository\com\openhtmltopdf\openhtmltopdf-core\0.0.1-RC13\openhtmltopdf-core-0.0.1-RC13.jar;C:\Users\ASUS\.m2\repository\com\openhtmltopdf\openhtmltopdf-pdfbox\0.0.1-RC13\openhtmltopdf-pdfbox-0.0.1-RC13.jar;C:\Users\ASUS\.m2\repository\org\apache\pdfbox\pdfbox\2.0.8\pdfbox-2.0.8.jar;C:\Users\ASUS\.m2\repository\org\apache\pdfbox\fontbox\2.0.8\fontbox-2.0.8.jar;C:\Users\ASUS\.m2\repository\commons-logging\commons-logging\1.2\commons-logging-1.2.jar;C:\Users\ASUS\.m2\repository\org\apache\pdfbox\xmpbox\2.0.8\xmpbox-2.0.8.jar;C:\Users\ASUS\.m2\repository\de\rototor\pdfbox\graphics2d\0.12\graphics2d-0.12.jar;C:\Users\ASUS\.m2\repository\com\openhtmltopdf\openhtmltopdf-rtl-support\0.0.1-RC13\openhtmltopdf-rtl-support-0.0.1-RC13.jar;C:\Users\ASUS\.m2\repository\com\ibm\icu\icu4j\59.1\icu4j-59.1.jar;C:\Users\ASUS\.m2\repository\com\openhtmltopdf\openhtmltopdf-jsoup-dom-converter\0.0.1-RC13\openhtmltopdf-jsoup-dom-converter-0.0.1-RC13.jar;C:\Users\ASUS\.m2\repository\com\vladsch\flexmark\flexmark-profile-pegdown\0.34.30\flexmark-profile-pegdown-0.34.30.jar;C:\Users\ASUS\.m2\repository\com\vladsch\flexmark\flexmark-util\0.34.30\flexmark-util-0.34.30.jar;C:\Users\ASUS\.m2\repository\com\vladsch\flexmark\flexmark-youtrack-converter\0.34.30\flexmark-youtrack-converter-0.34.30.jar;C:\Users\ASUS\.m2\repository\es\nitaur\markdown\txtmark\0.16\txtmark-0.16.jar;C:\Users\ASUS\.m2\repository\net\serenity-bdd\serenity-report-resources\3.2.1\serenity-report-resources-3.2.1.jar;C:\Users\ASUS\.m2\repository\com\google\code\gson\gson\2.9.0\gson-2.9.0.jar;C:\Users\ASUS\.m2\repository\com\fasterxml\jackson\core\jackson-core\2.13.2\jackson-core-2.13.2.jar;C:\Users\ASUS\.m2\repository\com\fasterxml\jackson\core\jackson-databind\2.13.2\jackson-databind-2.13.2.jar;C:\Users\ASUS\.m2\repository\com\fasterxml\jackson\core\jackson-annotations\2.13.2\jackson-annotations-2.13.2.jar;C:\Users\ASUS\.m2\repository\commons-codec\commons-codec\1.15\commons-codec-1.15.jar;C:\Users\ASUS\.m2\repository\commons-io\commons-io\2.11.0\commons-io-2.11.0.jar;C:\Users\ASUS\.m2\repository\org\seleniumhq\selenium\selenium-java\4.1.2\selenium-java-4.1.2.jar;C:\Users\ASUS\.m2\repository\org\seleniumhq\selenium\selenium-devtools-v85\4.1.2\selenium-devtools-v85-4.1.2.jar;C:\Users\ASUS\.m2\repository\org\seleniumhq\selenium\selenium-devtools-v95\4.1.2\selenium-devtools-v95-4.1.2.jar;C:\Users\ASUS\.m2\repository\org\seleniumhq\selenium\selenium-devtools-v96\4.1.2\selenium-devtools-v96-4.1.2.jar;C:\Users\ASUS\.m2\repository\org\seleniumhq\selenium\selenium-devtools-v97\4.1.2\selenium-devtools-v97-4.1.2.jar;C:\Users\ASUS\.m2\repository\org\seleniumhq\selenium\selenium-firefox-xpi-driver\4.1.2\selenium-firefox-xpi-driver-4.1.2.jar;C:\Users\ASUS\.m2\repository\org\seleniumhq\selenium\selenium-opera-driver\4.1.2\selenium-opera-driver-4.1.2.jar;C:\Users\ASUS\.m2\repository\org\seleniumhq\selenium\selenium-remote-driver\4.1.2\selenium-remote-driver-4.1.2.jar;C:\Users\ASUS\.m2\repository\com\beust\jcommander\1.82\jcommander-1.82.jar;C:\Users\ASUS\.m2\repository\io\netty\netty-buffer\4.1.73.Final\netty-buffer-4.1.73.Final.jar;C:\Users\ASUS\.m2\repository\io\netty\netty-codec-http\4.1.73.Final\netty-codec-http-4.1.73.Final.jar;C:\Users\ASUS\.m2\repository\io\netty\netty-codec\4.1.73.Final\netty-codec-4.1.73.Final.jar;C:\Users\ASUS\.m2\repository\io\netty\netty-handler\4.1.73.Final\netty-handler-4.1.73.Final.jar;C:\Users\ASUS\.m2\repository\io\netty\netty-tcnative-classes\2.0.46.Final\netty-tcnative-classes-2.0.46.Final.jar;C:\Users\ASUS\.m2\repository\io\netty\netty-common\4.1.73.Final\netty-common-4.1.73.Final.jar;C:\Users\ASUS\.m2\repository\io\netty\netty-transport-classes-epoll\4.1.73.Final\netty-transport-classes-epoll-4.1.73.Final.jar;C:\Users\ASUS\.m2\repository\io\netty\netty-transport-classes-kqueue\4.1.73.Final\netty-transport-classes-kqueue-4.1.73.Final.jar;C:\Users\ASUS\.m2\repository\io\netty\netty-transport-native-epoll\4.1.73.Final\netty-transport-native-epoll-4.1.73.Final.jar;C:\Users\ASUS\.m2\repository\io\netty\netty-transport-native-kqueue\4.1.73.Final\netty-transport-native-kqueue-4.1.73.Final.jar;C:\Users\ASUS\.m2\repository\io\netty\netty-transport-native-unix-common\4.1.73.Final\netty-transport-native-unix-common-4.1.73.Final.jar;C:\Users\ASUS\.m2\repository\io\netty\netty-transport\4.1.73.Final\netty-transport-4.1.73.Final.jar;C:\Users\ASUS\.m2\repository\io\netty\netty-resolver\4.1.73.Final\netty-resolver-4.1.73.Final.jar;C:\Users\ASUS\.m2\repository\io\opentelemetry\opentelemetry-api\1.10.1\opentelemetry-api-1.10.1.jar;C:\Users\ASUS\.m2\repository\io\opentelemetry\opentelemetry-context\1.10.1\opentelemetry-context-1.10.1.jar;C:\Users\ASUS\.m2\repository\io\opentelemetry\opentelemetry-exporter-logging\1.10.1\opentelemetry-exporter-logging-1.10.1.jar;C:\Users\ASUS\.m2\repository\io\opentelemetry\opentelemetry-sdk-metrics\1.10.1-alpha\opentelemetry-sdk-metrics-1.10.1-alpha.jar;C:\Users\ASUS\.m2\repository\io\opentelemetry\opentelemetry-sdk-logs\1.10.1-alpha\opentelemetry-sdk-logs-1.10.1-alpha.jar;C:\Users\ASUS\.m2\repository\io\opentelemetry\opentelemetry-sdk-common\1.10.1\opentelemetry-sdk-common-1.10.1.jar;C:\Users\ASUS\.m2\repository\io\opentelemetry\opentelemetry-sdk-extension-autoconfigure-spi\1.10.1\opentelemetry-sdk-extension-autoconfigure-spi-1.10.1.jar;C:\Users\ASUS\.m2\repository\io\opentelemetry\opentelemetry-sdk-extension-autoconfigure\1.10.1-alpha\opentelemetry-sdk-extension-autoconfigure-1.10.1-alpha.jar;C:\Users\ASUS\.m2\repository\io\opentelemetry\opentelemetry-sdk-trace\1.10.1\opentelemetry-sdk-trace-1.10.1.jar;C:\Users\ASUS\.m2\repository\io\opentelemetry\opentelemetry-sdk\1.10.1\opentelemetry-sdk-1.10.1.jar;C:\Users\ASUS\.m2\repository\io\opentelemetry\opentelemetry-semconv\1.10.1-alpha\opentelemetry-semconv-1.10.1-alpha.jar;C:\Users\ASUS\.m2\repository\io\ous\jtoml\2.0.0\jtoml-2.0.0.jar;C:\Users\ASUS\.m2\repository\org\apache\commons\commons-exec\1.3\commons-exec-1.3.jar;C:\Users\ASUS\.m2\repository\org\asynchttpclient\async-http-client\2.12.3\async-http-client-2.12.3.jar;C:\Users\ASUS\.m2\repository\org\asynchttpclient\async-http-client-netty-utils\2.12.3\async-http-client-netty-utils-2.12.3.jar;C:\Users\ASUS\.m2\repository\io\netty\netty-codec-socks\4.1.60.Final\netty-codec-socks-4.1.60.Final.jar;C:\Users\ASUS\.m2\repository\io\netty\netty-handler-proxy\4.1.60.Final\netty-handler-proxy-4.1.60.Final.jar;C:\Users\ASUS\.m2\repository\io\netty\netty-transport-native-epoll\4.1.60.Final\netty-transport-native-epoll-4.1.60.Final-linux-x86_64.jar;C:\Users\ASUS\.m2\repository\io\netty\netty-transport-native-kqueue\4.1.60.Final\netty-transport-native-kqueue-4.1.60.Final-osx-x86_64.jar;C:\Users\ASUS\.m2\repository\org\reactivestreams\reactive-streams\1.0.3\reactive-streams-1.0.3.jar;C:\Users\ASUS\.m2\repository\com\typesafe\netty\netty-reactive-streams\2.0.4\netty-reactive-streams-2.0.4.jar;C:\Users\ASUS\.m2\repository\org\seleniumhq\selenium\selenium-http\4.1.2\selenium-http-4.1.2.jar;C:\Users\ASUS\.m2\repository\net\jodah\failsafe\2.4.4\failsafe-2.4.4.jar;C:\Users\ASUS\.m2\repository\org\seleniumhq\selenium\selenium-safari-driver\4.1.2\selenium-safari-driver-4.1.2.jar;C:\Users\ASUS\.m2\repository\org\seleniumhq\selenium\selenium-api\4.1.2\selenium-api-4.1.2.jar;C:\Users\ASUS\.m2\repository\org\seleniumhq\selenium\selenium-support\4.1.2\selenium-support-4.1.2.jar;C:\Users\ASUS\.m2\repository\com\google\auto\service\auto-service-annotations\1.0.1\auto-service-annotations-1.0.1.jar;C:\Users\ASUS\.m2\repository\com\google\auto\service\auto-service\1.0.1\auto-service-1.0.1.jar;C:\Users\ASUS\.m2\repository\com\google\auto\auto-common\1.2\auto-common-1.2.jar;C:\Users\ASUS\.m2\repository\org\seleniumhq\selenium\selenium-json\4.1.2\selenium-json-4.1.2.jar;C:\Users\ASUS\.m2\repository\org\seleniumhq\selenium\selenium-chrome-driver\4.1.2\selenium-chrome-driver-4.1.2.jar;C:\Users\ASUS\.m2\repository\org\seleniumhq\selenium\selenium-chromium-driver\4.1.2\selenium-chromium-driver-4.1.2.jar;C:\Users\ASUS\.m2\repository\org\seleniumhq\selenium\selenium-firefox-driver\4.1.2\selenium-firefox-driver-4.1.2.jar;C:\Users\ASUS\.m2\repository\org\seleniumhq\selenium\selenium-edge-driver\4.1.2\selenium-edge-driver-4.1.2.jar;C:\Users\ASUS\.m2\repository\org\seleniumhq\selenium\selenium-ie-driver\4.1.2\selenium-ie-driver-4.1.2.jar;C:\Users\ASUS\.m2\repository\org\projectlombok\lombok\1.18.20\lombok-1.18.20.jar;C:\Users\ASUS\.m2\repository\io\appium\java-client\8.0.0\java-client-8.0.0.jar;C:\Users\ASUS\.m2\repository\commons-validator\commons-validator\1.7\commons-validator-1.7.jar;C:\Users\ASUS\.m2\repository\commons-digester\commons-digester\2.1\commons-digester-2.1.jar;C:\Users\ASUS\.m2\repository\org\aspectj\aspectjweaver\1.9.8\aspectjweaver-1.9.8.jar;C:\Users\ASUS\.m2\repository\org\codehaus\groovy\groovy\3.0.10\groovy-3.0.10.jar;C:\Users\ASUS\.m2\repository\net\sf\opencsv\opencsv\2.0\opencsv-2.0.jar;C:\Users\ASUS\.m2\repository\commons-beanutils\commons-beanutils\1.9.4\commons-beanutils-1.9.4.jar;C:\Users\ASUS\.m2\repository\org\apache\commons\commons-lang3\3.12.0\commons-lang3-3.12.0.jar;C:\Users\ASUS\.m2\repository\commons-collections\commons-collections\3.2.2\commons-collections-3.2.2.jar;C:\Users\ASUS\.m2\repository\org\fluentlenium\fluentlenium-core\0.10.2\fluentlenium-core-0.10.2.jar;C:\Users\ASUS\.m2\repository\io\github\bonigarcia\webdrivermanager\5.1.0\webdrivermanager-5.1.0.jar;C:\Users\ASUS\.m2\repository\com\github\docker-java\docker-java\3.2.13\docker-java-3.2.13.jar;C:\Users\ASUS\.m2\repository\com\github\docker-java\docker-java-core\3.2.13\docker-java-core-3.2.13.jar;C:\Users\ASUS\.m2\repository\com\github\docker-java\docker-java-api\3.2.13\docker-java-api-3.2.13.jar;C:\Users\ASUS\.m2\repository\org\apache\commons\commons-compress\1.21\commons-compress-1.21.jar;C:\Users\ASUS\.m2\repository\org\bouncycastle\bcpkix-jdk15on\1.64\bcpkix-jdk15on-1.64.jar;C:\Users\ASUS\.m2\repository\org\bouncycastle\bcprov-jdk15on\1.64\bcprov-jdk15on-1.64.jar;C:\Users\ASUS\.m2\repository\org\slf4j\jcl-over-slf4j\1.7.30\jcl-over-slf4j-1.7.30.jar;C:\Users\ASUS\.m2\repository\com\github\docker-java\docker-java-transport-httpclient5\3.2.13\docker-java-transport-httpclient5-3.2.13.jar;C:\Users\ASUS\.m2\repository\com\github\docker-java\docker-java-transport\3.2.13\docker-java-transport-3.2.13.jar;C:\Users\ASUS\.m2\repository\org\apache\httpcomponents\client5\httpclient5\5.0.3\httpclient5-5.0.3.jar;C:\Users\ASUS\.m2\repository\org\apache\httpcomponents\core5\httpcore5\5.0.2\httpcore5-5.0.2.jar;C:\Users\ASUS\.m2\repository\net\java\dev\jna\jna\5.8.0\jna-5.8.0.jar;C:\Users\ASUS\.m2\repository\org\brotli\dec\0.1.2\dec-0.1.2.jar;C:\Users\ASUS\.m2\repository\com\jhlabs\filters\2.0.235\filters-2.0.235.jar;C:\Users\ASUS\.m2\repository\com\paulhammant\ngwebdriver\1.1.6\ngwebdriver-1.1.6.jar;C:\Users\ASUS\.m2\repository\joda-time\joda-time\2.8.2\joda-time-2.8.2.jar;C:\Users\ASUS\.m2\repository\org\hamcrest\hamcrest\2.2\hamcrest-2.2.jar;C:\Users\ASUS\.m2\repository\com\google\jimfs\jimfs\1.2\jimfs-1.2.jar;C:\Users\ASUS\.m2\repository\org\mockito\mockito-core\3.3.3\mockito-core-3.3.3.jar;C:\Users\ASUS\.m2\repository\javax\xml\bind\jaxb-api\2.3.1\jaxb-api-2.3.1.jar;C:\Users\ASUS\.m2\repository\javax\activation\javax.activation-api\1.2.0\javax.activation-api-1.2.0.jar;C:\Users\ASUS\.m2\repository\com\sun\xml\bind\jaxb-core\2.3.0.1\jaxb-core-2.3.0.1.jar;C:\Users\ASUS\.m2\repository\com\sun\xml\bind\jaxb-impl\2.3.3\jaxb-impl-2.3.3.jar;C:\Users\ASUS\.m2\repository\jakarta\xml\bind\jakarta.xml.bind-api\2.3.3\jakarta.xml.bind-api-2.3.3.jar;C:\Users\ASUS\.m2\repository\com\sun\activation\jakarta.activation\1.2.2\jakarta.activation-1.2.2.jar;C:\Users\ASUS\.m2\repository\javax\activation\activation\1.1.1\activation-1.1.1.jar;C:\Users\ASUS\.m2\repository\net\serenity-bdd\serenity-cucumber\3.2.1\serenity-cucumber-3.2.1.jar;C:\Users\ASUS\.m2\repository\io\cucumber\cucumber-core\7.2.3\cucumber-core-7.2.3.jar;C:\Users\ASUS\.m2\repository\io\cucumber\cucumber-gherkin\7.2.3\cucumber-gherkin-7.2.3.jar;C:\Users\ASUS\.m2\repository\io\cucumber\cucumber-gherkin-messages\7.2.3\cucumber-gherkin-messages-7.2.3.jar;C:\Users\ASUS\.m2\repository\io\cucumber\messages\17.1.1\messages-17.1.1.jar;C:\Users\ASUS\.m2\repository\io\cucumber\tag-expressions\4.1.0\tag-expressions-4.1.0.jar;C:\Users\ASUS\.m2\repository\io\cucumber\cucumber-expressions\15.0.1\cucumber-expressions-15.0.1.jar;C:\Users\ASUS\.m2\repository\io\cucumber\datatable\7.2.3\datatable-7.2.3.jar;C:\Users\ASUS\.m2\repository\io\cucumber\cucumber-plugin\7.2.3\cucumber-plugin-7.2.3.jar;C:\Users\ASUS\.m2\repository\io\cucumber\docstring\7.2.3\docstring-7.2.3.jar;C:\Users\ASUS\.m2\repository\io\cucumber\html-formatter\17.0.0\html-formatter-17.0.0.jar;C:\Users\ASUS\.m2\repository\io\cucumber\ci-environment\8.1.0\ci-environment-8.1.0.jar;C:\Users\ASUS\.m2\repository\io\cucumber\cucumber-junit\7.2.3\cucumber-junit-7.2.3.jar;C:\Users\ASUS\.m2\repository\org\apache\commons\commons-csv\1.5\commons-csv-1.5.jar;C:\Users\ASUS\.m2\repository\net\serenity-bdd\serenity-screenplay\3.2.1\serenity-screenplay-3.2.1.jar;C:\Users\ASUS\.m2\repository\net\serenity-bdd\serenity-screenplay-webdriver\3.2.1\serenity-screenplay-webdriver-3.2.1.jar;C:\Users\ASUS\.m2\repository\net\serenity-bdd\serenity-ensure\3.2.1\serenity-ensure-3.2.1.jar;C:\Users\ASUS\.m2\repository\net\serenity-bdd\serenity-junit\3.2.1\serenity-junit-3.2.1.jar;C:\Users\ASUS\.m2\repository\org\jetbrains\kotlin\kotlin-stdlib\1.6.0\kotlin-stdlib-1.6.0.jar;C:\Users\ASUS\.m2\repository\org\jetbrains\annotations\13.0\annotations-13.0.jar;C:\Users\ASUS\.m2\repository\org\jetbrains\kotlin\kotlin-stdlib-common\1.6.0\kotlin-stdlib-common-1.6.0.jar;C:\Users\ASUS\.m2\repository\org\junit\platform\junit-platform-launcher\1.8.1\junit-platform-launcher-1.8.1.jar;C:\Users\ASUS\.m2\repository\org\junit\platform\junit-platform-engine\1.8.1\junit-platform-engine-1.8.1.jar;C:\Users\ASUS\.m2\repository\org\opentest4j\opentest4j\1.2.0\opentest4j-1.2.0.jar;C:\Users\ASUS\.m2\repository\org\junit\platform\junit-platform-commons\1.8.1\junit-platform-commons-1.8.1.jar;C:\Users\ASUS\.m2\repository\org\apiguardian\apiguardian-api\1.1.2\apiguardian-api-1.1.2.jar;C:\Users\ASUS\.m2\repository\org\junit\jupiter\junit-jupiter-engine\5.8.2\junit-jupiter-engine-5.8.2.jar;C:\Users\ASUS\.m2\repository\org\junit\jupiter\junit-jupiter-api\5.8.2\junit-jupiter-api-5.8.2.jar;C:\Users\ASUS\.m2\repository\org\junit\vintage\junit-vintage-engine\5.8.2\junit-vintage-engine-5.8.2.jar;C:\Users\ASUS\.m2\repository\junit\junit\4.13.2\junit-4.13.2.jar;C:\Users\ASUS\.m2\repository\org\hamcrest\hamcrest-core\1.3\hamcrest-core-1.3.jar;C:\Users\ASUS\.m2\repository\ch\qos\logback\logback-classic\1.2.10\logback-classic-1.2.10.jar;C:\Users\ASUS\.m2\repository\ch\qos\logback\logback-core\1.2.10\logback-core-1.2.10.jar;C:\Users\ASUS\.m2\repository\org\slf4j\slf4j-api\1.7.32\slf4j-api-1.7.32.jar;C:\Users\ASUS\.m2\repository\org\assertj\assertj-core\3.6.2\assertj-core-3.6.2.jar;C:\Users\ASUS\.m2\repository\org\apache\maven\surefire\surefire-junit-platform\3.0.0-M5\surefire-junit-platform-3.0.0-M5.jar;C:\Users\ASUS\.m2\repository\org\apache\maven\surefire\common-java5\3.0.0-M5\common-java5-3.0.0-M5.jar"/>
    <property name="user.script" value=""/>
    <property name="java.protocol.handler.pkgs" value="com.google.common"/>
    <property name="sun.management.compiler" value="HotSpot 64-Bit Tiered Compilers"/>
    <property name="java.runtime.version" value="15.0.2+7-27"/>
    <property name="user.name" value="ASUS"/>
    <property name="path.separator" value=";"/>
    <property name="os.version" value="10.0"/>
    <property name="java.runtime.name" value="Java(TM) SE Runtime Environment"/>
    <property name="file.encoding" value="Cp1252"/>
    <property name="webdriver.base.url" value=""/>
    <property name="java.vm.name" value="Java HotSpot(TM) 64-Bit Server VM"/>
    <property name="localRepository" value="C:\Users\ASUS\.m2\repository"/>
    <property name="java.vendor.url.bug" value="https://bugreport.java.com/bugreport/"/>
    <property name="java.io.tmpdir" value="C:\Users\ASUS\AppData\Local\Temp\"/>
    <property name="java.version" value="15.0.2"/>
    <property name="user.dir" value="D:\PERKULIAHAN\Semester 6,Hebatt glad!\Altera\QE_Gladys-Cindana-Asri-Pardosi\Mini-Project\Web"/>
    <property name="os.arch" value="amd64"/>
    <property name="java.vm.specification.name" value="Java Virtual Machine Specification"/>
    <property name="sun.os.patch.level" value=""/>
    <property name="java.library.path" value="C:\Program Files\Java\jdk-15.0.2\bin;C:\WINDOWS\Sun\Java\bin;C:\WINDOWS\system32;C:\WINDOWS;C:\Program Files\nodejs\;C:\Program Files\Java\jdk-15.0.2\bin;C:\Program Files\Common Files\Oracle\Java\javapath;C:\WINDOWS;C:\WINDOWS\system32;C:\WINDOWS\System32\Wbem;C:\WINDOWS\System32\WindowsPowerShell\v1.0\;C:\WINDOWS\System32\OpenSSH\;C:\Program Files\Intel\WiFi\bin\;C:\Program Files\Common Files\Intel\WirelessCommon\;C:\MinGw\bin;C:\Program Files\Microsoft SQL Server\Client SDK\ODBC\170\Tools\Binn\;C:\Program Files (x86)\Microsoft SQL Server\150\Tools\Binn\;C:\Program Files\Microsoft SQL Server\150\Tools\Binn\;C:\Program Files\Microsoft SQL Server\150\DTS\Binn\;C:\Program Files (x86)\dotnet\;C:\MinGW\bin;C:\Program Files\apache-maven-3.8.1\bin;C:\Program Files\chromedriver_win32;C:\Program Files\dotnet\;C:\Program Files\Git\cmd;%ANDROID_HOME%\platform-tools;%ANDROID_HOME%\tools;C:\Users\ASUS\AppData\Local\Microsoft\WindowsApps;C:\Users\ASUS\AppData\Local\Programs\Microsoft VS Code\bin;C:\Users\ASUS\.dotnet\tools;C:\Program Files\erl-24.1\bin;C:\Program Files\RabbitMQ Server;C:\Program Files (x86)\Sophos\Sophos SSL VPN Client\bin;C:\Program Files\JetBrains\IntelliJ IDEA 2021.3.2\bin;;C:\Users\ASUS\AppData\Roaming\npm;."/>
    <property name="java.vm.info" value="mixed mode"/>
    <property name="java.vendor" value="Oracle Corporation"/>
    <property name="java.vm.version" value="15.0.2+7-27"/>
    <property name="sun.io.unicode.encoding" value="UnicodeLittle"/>
    <property name="java.class.version" value="59.0"/>
  </properties>
  <testcase name="Login scenario #1" classname="Login" time="27.321">
    <system-out><![CDATA[08:31:39.947 [main] INFO io.cucumber.core.plugin.SerenityReporter - Running feature from file:///D:/PERKULIAHAN/Semester%206,Hebatt%20glad!/Altera/QE_Gladys-Cindana-Asri-Pardosi/Mini-Project/Web/src/test/resources/features/login.feature
08:31:40.334 [main] INFO  - 

-------------------------------------------------------------------------------------
     _______. _______ .______       _______ .__   __.  __  .___________.____    ____ 
    /       ||   ____||   _  \     |   ____||  \ |  | |  | |           |\   \  /   / 
   |   (----`|  |__   |  |_)  |    |  |__   |   \|  | |  | `---|  |----` \   \/   /  
    \   \    |   __|  |      /     |   __|  |  . `  | |  |     |  |       \_    _/   
.----)   |   |  |____ |  |\  \----.|  |____ |  |\   | |  |     |  |         |  |     
|_______/    |_______|| _| `._____||_______||__| \__| |__|     |__|         |__|    
                                                                                     
 News and tutorials at http://www.serenity-bdd.info                                  
 Documentation at https://wakaleo.gitbooks.io/the-serenity-book/content/             
 Join the Serenity Community on Gitter: https://gitter.im/serenity-bdd/serenity-core 
 Serenity BDD Support and Training at http://serenity-bdd.info/#/trainingandsupport  
-------------------------------------------------------------------------------------

08:31:40.340 [main] DEBUG net.thucydides.core.steps.StepEventBus - Test suite started for story net.thucydides.core.model.Story@f388ff28
08:31:40.353 [main] INFO  - Test Suite Started: Login
08:31:40.380 [main] INFO io.cucumber.core.plugin.SerenityReporter - Running feature from file:///D:/PERKULIAHAN/Semester%206,Hebatt%20glad!/Altera/QE_Gladys-Cindana-Asri-Pardosi/Mini-Project/Web/src/test/resources/features/logout.feature
08:31:40.390 [main] DEBUG net.thucydides.core.steps.StepEventBus - Test suite started for story net.thucydides.core.model.Story@1528ff74
08:31:40.392 [main] INFO  - Test Suite Started: Transaction
08:31:40.392 [main] INFO io.cucumber.core.plugin.SerenityReporter - Running feature from file:///D:/PERKULIAHAN/Semester%206,Hebatt%20glad!/Altera/QE_Gladys-Cindana-Asri-Pardosi/Mini-Project/Web/src/test/resources/features/order.feature
08:31:40.405 [main] DEBUG net.thucydides.core.steps.StepEventBus - Test suite started for story net.thucydides.core.model.Story@9cac46c8
08:31:40.406 [main] INFO  - Test Suite Started: Order
08:31:40.406 [main] INFO io.cucumber.core.plugin.SerenityReporter - Running feature from file:///D:/PERKULIAHAN/Semester%206,Hebatt%20glad!/Altera/QE_Gladys-Cindana-Asri-Pardosi/Mini-Project/Web/src/test/resources/features/register.feature
08:31:40.421 [main] DEBUG net.thucydides.core.steps.StepEventBus - Test suite started for story net.thucydides.core.model.Story@9f729512
08:31:40.422 [main] INFO  - Test Suite Started: Registration
08:31:40.423 [main] INFO io.cucumber.core.plugin.SerenityReporter - Running feature from file:///D:/PERKULIAHAN/Semester%206,Hebatt%20glad!/Altera/QE_Gladys-Cindana-Asri-Pardosi/Mini-Project/Web/src/test/resources/features/transaction.feature
08:31:40.435 [main] DEBUG net.thucydides.core.steps.StepEventBus - Test suite started for story net.thucydides.core.model.Story@7a9928c8
08:31:40.436 [main] INFO  - Test Suite Started: Transaction
08:31:40.438 [main] INFO io.cucumber.core.plugin.SerenityReporter - Running feature from file:///D:/PERKULIAHAN/Semester%206,Hebatt%20glad!/Altera/QE_Gladys-Cindana-Asri-Pardosi/Mini-Project/Web/src/test/resources/features/login.feature
08:31:40.445 [main] DEBUG net.thucydides.core.steps.StepEventBus - Test suite started for story net.thucydides.core.model.Story@f388ff28
08:31:40.447 [main] INFO  - Test Suite Started: Login

@DDT
Scenario Outline: Login scenario           &amp#27;[90m# src/test/resources/features/login.feature:17&amp#27;[0m
08:31:40.771 [main] INFO io.cucumber.core.plugin.SerenityReporter - Running feature from file:///D:/PERKULIAHAN/Semester%206,Hebatt%20glad!/Altera/QE_Gladys-Cindana-Asri-Pardosi/Mini-Project/Web/src/test/resources/features/login.feature
08:31:41.003 [main] INFO  - 
  _____   ___   ___   _____     ___   _____     _     ___   _____   ___   ___  
 |_   _| | __| / __| |_   _|   / __| |_   _|   /_\   | _ \ |_   _| | __| |   \ 
   | |   | _|  \__ \   | |     \__ \   | |    / _ \  |   /   | |   | _|  | |) |
   |_|   |___| |___/   |_|     |___/   |_|   /_/ \_\ |_|_\   |_|   |___| |___/ 

Login scenario(login;login-scenario)
--------------------------------------------------------------------------------
08:31:42.691 [main] DEBUG net.thucydides.core.steps.StepInterceptor - STARTING STEP: stepdefinition.iAmOnLoginPage - openUrl
08:31:42.757 [main] INFO net.serenitybdd.core.webdriver.driverproviders.ChromeDriverProvider - Using automatically driver download
08:31:43.926 [main] DEBUG io.github.bonigarcia.wdm.cache.ResolutionCache - Resolution chrome=101 in cache (valid until 09:23:35 18/05/2022 WIB)
08:31:43.944 [main] DEBUG io.github.bonigarcia.wdm.cache.ResolutionCache - Resolution chrome101=101.0.4951.41 in cache (valid until 18:48:44 18/05/2022 WIB)
08:31:43.952 [main] INFO io.github.bonigarcia.wdm.WebDriverManager - Using chromedriver 101.0.4951.41 (resolved driver for Chrome 101)
08:31:44.020 [main] DEBUG io.github.bonigarcia.wdm.WebDriverManager - Driver chromedriver 101.0.4951.41 found in cache
08:31:44.023 [main] INFO io.github.bonigarcia.wdm.WebDriverManager - Exporting webdriver.chrome.driver as C:\Users\ASUS\.cache\selenium\chromedriver\win32\101.0.4951.41\chromedriver.exe
08:31:45.000 [main] DEBUG net.thucydides.core.reflection.ClassFinder - Could not load class .starter.cucumberTestSuite
08:31:45.000 [main] DEBUG net.thucydides.core.reflection.ClassFinder - Could not load class .starter.pages.HomePage
08:31:45.000 [main] DEBUG net.thucydides.core.reflection.ClassFinder - Could not load class .starter.pages.LogOutPage
08:31:45.000 [main] DEBUG net.thucydides.core.reflection.ClassFinder - Could not load class .starter.pages.LoginPage
08:31:45.000 [main] DEBUG net.thucydides.core.reflection.ClassFinder - Could not load class .starter.pages.OrderPage
08:31:45.001 [main] DEBUG net.thucydides.core.reflection.ClassFinder - Could not load class .starter.pages.RegisterPage
08:31:45.001 [main] DEBUG net.thucydides.core.reflection.ClassFinder - Could not load class .starter.pages.TransactionPage
08:31:45.001 [main] DEBUG net.thucydides.core.reflection.ClassFinder - Could not load class .starter.stepdefinitions.logout
08:31:45.001 [main] DEBUG net.thucydides.core.reflection.ClassFinder - Could not load class .starter.stepdefinitions.orderStep
08:31:45.001 [main] DEBUG net.thucydides.core.reflection.ClassFinder - Could not load class .starter.stepdefinitions.registerStep
08:31:45.001 [main] DEBUG net.thucydides.core.reflection.ClassFinder - Could not load class .starter.stepdefinitions.stepdefinition
08:31:45.001 [main] DEBUG net.thucydides.core.reflection.ClassFinder - Could not load class .starter.stepdefinitions.transStep
08:31:45.001 [main] DEBUG net.thucydides.core.reflection.ClassFinder - Could not load class .utils.General
08:31:45.003 [main] DEBUG net.thucydides.core.reflection.ClassFinder - Could not load class META-INF.versions.9.com.sun.istack.logging.StackHelper
08:31:45.004 [main] DEBUG net.thucydides.core.reflection.ClassFinder - Could not load class META-INF.versions.9.com.sun.xml.bind.v2.runtime.reflect.opt.AccessorInjector
08:31:45.005 [main] DEBUG net.thucydides.core.reflection.ClassFinder - Could not load class META-INF.versions.9.com.sun.xml.bind.v2.runtime.reflect.opt.Injector
08:31:45.006 [main] DEBUG net.thucydides.core.reflection.ClassFinder - Could not load class META-INF.versions.9.com.sun.xml.bind.v2.runtime.reflect.opt.OptimizedAccessorFactory
08:31:45.006 [main] DEBUG net.thucydides.core.reflection.ClassFinder - Could not load class META-INF.versions.9.com.sun.xml.bind.v2.runtime.reflect.opt.OptimizedTransducedAccessorFactory
08:31:45.007 [main] DEBUG net.thucydides.core.reflection.ClassFinder - Could not load class META-INF.versions.9.io.opentelemetry.sdk.internal.CurrentJavaVersionSpecific
08:31:45.008 [main] DEBUG net.thucydides.core.reflection.ClassFinder - Could not load class META-INF.versions.9.io.opentelemetry.sdk.internal.Java9VersionSpecific
08:31:45.008 [main] DEBUG net.thucydides.core.reflection.ClassFinder - Could not load class META-INF.versions.9.javax.xml.bind.ModuleUtil
08:31:45.009 [main] DEBUG net.thucydides.core.reflection.ClassFinder - Could not load class META-INF.versions.9.module-info
08:31:45.010 [main] DEBUG net.thucydides.core.reflection.ClassFinder - Could not load class META-INF.versions.9.org.junit.platform.commons.util.ModuleUtils
08:31:45.627 [main] DEBUG net.thucydides.core.reflection.ClassFinder - Could not load class com.google.gson.internal.
08:31:45.990 [main] DEBUG net.thucydides.core.reflection.ClassFinder - Could not load class com.sun.xml.bind.v2.runtime.output.FastInfosetStreamWriterOutput
08:31:46.776 [main] DEBUG net.thucydides.core.reflection.ClassFinder - Could not load class module-info
08:31:51.896 [main] DEBUG io.netty.util.internal.logging.InternalLoggerFactory - Using SLF4J as the default logging framework
08:31:51.906 [main] DEBUG io.netty.util.ResourceLeakDetector - -Dio.netty.leakDetection.level: simple
08:31:51.906 [main] DEBUG io.netty.util.ResourceLeakDetector - -Dio.netty.leakDetection.targetRecords: 4
08:31:51.912 [main] DEBUG io.netty.util.ResourceLeakDetectorFactory - Loaded default ResourceLeakDetector: io.netty.util.ResourceLeakDetector@7917317d
08:31:51.963 [main] DEBUG io.netty.util.internal.PlatformDependent0 - -Dio.netty.noUnsafe: false
08:31:51.963 [main] DEBUG io.netty.util.internal.PlatformDependent0 - Java version: 15
08:31:51.965 [main] DEBUG io.netty.util.internal.PlatformDependent0 - sun.misc.Unsafe.theUnsafe: available
08:31:51.968 [main] DEBUG io.netty.util.internal.PlatformDependent0 - sun.misc.Unsafe.copyMemory: available
08:31:51.970 [main] DEBUG io.netty.util.internal.PlatformDependent0 - java.nio.Buffer.address: available
08:31:51.970 [main] DEBUG io.netty.util.internal.PlatformDependent0 - direct buffer constructor: unavailable: Reflective setAccessible(true) disabled
08:31:51.973 [main] DEBUG io.netty.util.internal.PlatformDependent0 - java.nio.Bits.unaligned: available, true
08:31:51.975 [main] DEBUG io.netty.util.internal.PlatformDependent0 - jdk.internal.misc.Unsafe.allocateUninitializedArray(int): unavailable: class io.netty.util.internal.PlatformDependent0$6 cannot access class jdk.internal.misc.Unsafe (in module java.base) because module java.base does not export jdk.internal.misc to unnamed module @3e587920
08:31:51.978 [main] DEBUG io.netty.util.internal.PlatformDependent0 - java.nio.DirectByteBuffer.<init>(long, int): unavailable
08:31:51.978 [main] DEBUG io.netty.util.internal.PlatformDependent - sun.misc.Unsafe: available
08:31:51.982 [main] DEBUG io.netty.util.internal.PlatformDependent - maxDirectMemory: 2671771648 bytes (maybe)
08:31:51.982 [main] DEBUG io.netty.util.internal.PlatformDependent - -Dio.netty.tmpdir: C:\Users\ASUS\AppData\Local\Temp (java.io.tmpdir)
08:31:51.983 [main] DEBUG io.netty.util.internal.PlatformDependent - -Dio.netty.bitMode: 64 (sun.arch.data.model)
08:31:51.983 [main] DEBUG io.netty.util.internal.PlatformDependent - Platform: Windows
08:31:51.986 [main] DEBUG io.netty.util.internal.PlatformDependent - -Dio.netty.maxDirectMemory: -1 bytes
08:31:51.986 [main] DEBUG io.netty.util.internal.PlatformDependent - -Dio.netty.uninitializedArrayAllocationThreshold: -1
08:31:51.989 [main] DEBUG io.netty.util.internal.CleanerJava9 - java.nio.ByteBuffer.cleaner(): available
08:31:51.990 [main] DEBUG io.netty.util.internal.PlatformDependent - -Dio.netty.noPreferDirect: false
08:31:52.015 [main] DEBUG io.netty.util.internal.PlatformDependent - org.jctools-core.MpscChunkedArrayQueue: available
08:31:52.055 [main] DEBUG io.netty.util.internal.InternalThreadLocalMap - -Dio.netty.threadLocalMap.stringBuilder.initialSize: 1024
08:31:52.055 [main] DEBUG io.netty.util.internal.InternalThreadLocalMap - -Dio.netty.threadLocalMap.stringBuilder.maxSize: 4096
08:31:52.166 [main] DEBUG io.netty.handler.ssl.JdkSslContext - Default protocols (JDK): [TLSv1.3, TLSv1.2, TLSv1.1, TLSv1] 
08:31:52.167 [main] DEBUG io.netty.handler.ssl.JdkSslContext - Default cipher suites (JDK): [TLS_ECDHE_ECDSA_WITH_AES_256_GCM_SHA384, TLS_ECDHE_ECDSA_WITH_AES_128_GCM_SHA256, TLS_ECDHE_RSA_WITH_AES_128_GCM_SHA256, TLS_ECDHE_RSA_WITH_AES_256_GCM_SHA384, TLS_ECDHE_RSA_WITH_AES_128_CBC_SHA, TLS_ECDHE_RSA_WITH_AES_256_CBC_SHA, TLS_RSA_WITH_AES_128_GCM_SHA256, TLS_RSA_WITH_AES_128_CBC_SHA, TLS_RSA_WITH_AES_256_CBC_SHA, TLS_AES_128_GCM_SHA256, TLS_AES_256_GCM_SHA384]
08:31:52.225 [main] DEBUG io.netty.channel.MultithreadEventLoopGroup - -Dio.netty.eventLoopThreads: 16
08:31:52.248 [main] DEBUG io.netty.channel.nio.NioEventLoop - -Dio.netty.noKeySetOptimization: false
08:31:52.249 [main] DEBUG io.netty.channel.nio.NioEventLoop - -Dio.netty.selectorAutoRebuildThreshold: 512
08:31:52.372 [main] DEBUG io.netty.buffer.PooledByteBufAllocator - -Dio.netty.allocator.numHeapArenas: 16
08:31:52.373 [main] DEBUG io.netty.buffer.PooledByteBufAllocator - -Dio.netty.allocator.numDirectArenas: 16
08:31:52.373 [main] DEBUG io.netty.buffer.PooledByteBufAllocator - -Dio.netty.allocator.pageSize: 8192
08:31:52.373 [main] DEBUG io.netty.buffer.PooledByteBufAllocator - -Dio.netty.allocator.maxOrder: 11
08:31:52.373 [main] DEBUG io.netty.buffer.PooledByteBufAllocator - -Dio.netty.allocator.chunkSize: 16777216
08:31:52.373 [main] DEBUG io.netty.buffer.PooledByteBufAllocator - -Dio.netty.allocator.smallCacheSize: 256
08:31:52.373 [main] DEBUG io.netty.buffer.PooledByteBufAllocator - -Dio.netty.allocator.normalCacheSize: 64
08:31:52.373 [main] DEBUG io.netty.buffer.PooledByteBufAllocator - -Dio.netty.allocator.maxCachedBufferCapacity: 32768
08:31:52.373 [main] DEBUG io.netty.buffer.PooledByteBufAllocator - -Dio.netty.allocator.cacheTrimInterval: 8192
08:31:52.373 [main] DEBUG io.netty.buffer.PooledByteBufAllocator - -Dio.netty.allocator.cacheTrimIntervalMillis: 0
08:31:52.373 [main] DEBUG io.netty.buffer.PooledByteBufAllocator - -Dio.netty.allocator.useCacheForAllThreads: true
08:31:52.373 [main] DEBUG io.netty.buffer.PooledByteBufAllocator - -Dio.netty.allocator.maxCachedByteBuffersPerChunk: 1023
08:31:52.397 [main] DEBUG io.netty.buffer.ByteBufUtil - -Dio.netty.allocator.type: pooled
08:31:52.397 [main] DEBUG io.netty.buffer.ByteBufUtil - -Dio.netty.threadLocalDirectBufferSize: 0
08:31:52.397 [main] DEBUG io.netty.buffer.ByteBufUtil - -Dio.netty.maxThreadLocalCharBufferSize: 16384
08:31:52.741 [main] DEBUG net.serenitybdd.core.webdriver.driverproviders.ProvideNewDriver - Instantiating driver
08:31:52.741 [main] DEBUG net.serenitybdd.core.webdriver.driverproviders.ProvideNewDriver - Driver capabilities: Capabilities {acceptInsecureCerts: false, base.url: , browserName: chrome, goog:chromeOptions: {args: [], extensions: []}}
08:31:53.607 [Forwarding newSession on session null to remote] DEBUG io.netty.channel.DefaultChannelId - -Dio.netty.processId: 16924 (auto-detected)
08:31:53.611 [Forwarding newSession on session null to remote] DEBUG io.netty.util.NetUtil - -Djava.net.preferIPv4Stack: false
08:31:53.611 [Forwarding newSession on session null to remote] DEBUG io.netty.util.NetUtil - -Djava.net.preferIPv6Addresses: false
08:31:53.626 [Forwarding newSession on session null to remote] DEBUG io.netty.util.NetUtilInitializations - Loopback interface: lo (Software Loopback Interface 1, 127.0.0.1)
08:31:53.628 [Forwarding newSession on session null to remote] DEBUG io.netty.util.NetUtil - Failed to get SOMAXCONN from sysctl and file \proc\sys\net\core\somaxconn. Default: 200
08:31:53.671 [Forwarding newSession on session null to remote] DEBUG io.netty.channel.DefaultChannelId - -Dio.netty.machineId: 04:ea:56:ff:fe:54:1b:1e (auto-detected)
08:31:53.748 [AsyncHttpClient-1-2] DEBUG io.netty.buffer.AbstractByteBuf - -Dio.netty.buffer.checkAccessible: true
08:31:53.748 [AsyncHttpClient-1-2] DEBUG io.netty.buffer.AbstractByteBuf - -Dio.netty.buffer.checkBounds: true
08:31:53.749 [AsyncHttpClient-1-2] DEBUG io.netty.util.ResourceLeakDetectorFactory - Loaded default ResourceLeakDetector: io.netty.util.ResourceLeakDetector@12754c42
08:31:53.769 [AsyncHttpClient-1-2] DEBUG org.asynchttpclient.netty.channel.NettyConnectListener - Using new Channel '[id: 0xcf67d802, L:/127.0.0.1:60193 - R:localhost/127.0.0.1:65505]' for 'POST' to '/session'
08:31:53.798 [AsyncHttpClient-1-2] DEBUG io.netty.util.Recycler - -Dio.netty.recycler.maxCapacityPerThread: 4096
08:31:53.798 [AsyncHttpClient-1-2] DEBUG io.netty.util.Recycler - -Dio.netty.recycler.ratio: 8
08:31:53.798 [AsyncHttpClient-1-2] DEBUG io.netty.util.Recycler - -Dio.netty.recycler.chunkSize: 32
08:31:53.798 [AsyncHttpClient-1-2] DEBUG io.netty.util.Recycler - -Dio.netty.recycler.blocking: false
08:31:55.000 [AsyncHttpClient-1-2] DEBUG io.netty.handler.codec.compression.Brotli - brotli4j not in the classpath; Brotli support will be unavailable.
08:31:55.001 [AsyncHttpClient-1-2] DEBUG org.asynchttpclient.netty.handler.HttpHandler - 

Request DefaultHttpRequest(decodeResult: success, version: HTTP/1.1)
POST /session HTTP/1.1
User-Agent: selenium/4.1.2 (java windows)
Content-Length: 457
Content-Type: application/json; charset=utf-8
host: localhost:65505
accept: */*

Response DefaultHttpResponse(decodeResult: success, version: HTTP/1.1)
HTTP/1.1 200 OK
Content-Type: application/json; charset=utf-8
cache-control: no-cache
content-length: 789

08:31:55.037 [AsyncHttpClient-1-2] DEBUG org.asynchttpclient.netty.channel.ChannelManager - Adding key: http://localhost:65505 for channel [id: 0xcf67d802, L:/127.0.0.1:60193 - R:localhost/127.0.0.1:65505]
08:31:55.355 [AsyncHttpClient-1-3] DEBUG org.asynchttpclient.netty.channel.NettyConnectListener - Using new Channel '[id: 0xd91d9f5b, L:/127.0.0.1:60202 - R:localhost/127.0.0.1:60194]' for 'GET' to '/json/version'
08:31:55.368 [AsyncHttpClient-1-3] DEBUG org.asynchttpclient.netty.handler.HttpHandler - 

Request DefaultFullHttpRequest(decodeResult: success, version: HTTP/1.1, content: EmptyByteBufBE)
GET /json/version HTTP/1.1
User-Agent: selenium/4.1.2 (java windows)
host: localhost:60194
accept: */*

Response DefaultHttpResponse(decodeResult: success, version: HTTP/1.1)
HTTP/1.1 200 OK
Content-Type: application/json; charset=UTF-8
content-length: 427

08:31:55.369 [AsyncHttpClient-1-3] DEBUG org.asynchttpclient.netty.channel.ChannelManager - Adding key: http://localhost:60194 for channel [id: 0xd91d9f5b, L:/127.0.0.1:60202 - R:localhost/127.0.0.1:60194]
08:31:55.382 [main] DEBUG io.netty.util.internal.ThreadLocalRandom - -Dio.netty.initialSeedUniquifier: 0xb4ec5a5bda7d994c
08:31:55.387 [AsyncHttpClient-1-4] DEBUG org.asynchttpclient.netty.channel.NettyConnectListener - Using new Channel '[id: 0x8aad7df6, L:/127.0.0.1:60203 - R:localhost/127.0.0.1:60194]' for 'GET' to '/devtools/browser/36c84e98-1230-4b7f-babd-cca95a9c1768'
08:31:55.399 [AsyncHttpClient-1-4] DEBUG org.asynchttpclient.netty.handler.WebSocketHandler - 

Request DefaultFullHttpRequest(decodeResult: success, version: HTTP/1.1, content: EmptyByteBufBE)
GET /devtools/browser/36c84e98-1230-4b7f-babd-cca95a9c1768 HTTP/1.1
upgrade: websocket
connection: upgrade
sec-websocket-key: 6xlfylhJtAeEP/VS4xPY+w==
sec-websocket-version: 13
origin: http://localhost:60194
host: localhost:60194
accept: */*
user-agent: AHC/2.1

Response DefaultHttpResponse(decodeResult: success, version: HTTP/1.1)
HTTP/1.1 101 WebSocket Protocol Handshake
Upgrade: WebSocket
Connection: Upgrade
Sec-WebSocket-Accept: s0C4aDviJb3cX7DvcL28urN30yE=

08:31:55.427 [AsyncHttpClient-1-1] DEBUG org.asynchttpclient.netty.channel.DefaultChannelPool - Entry count for : http://localhost:65505 : 1
08:31:55.427 [AsyncHttpClient-1-1] DEBUG org.asynchttpclient.netty.channel.DefaultChannelPool - Entry count for : http://localhost:60194 : 1
08:31:56.377 [main] DEBUG net.thucydides.core.reflection.ClassFinder - Could not load class .starter.cucumberTestSuite
08:31:56.377 [main] DEBUG net.thucydides.core.reflection.ClassFinder - Could not load class .starter.pages.HomePage
08:31:56.377 [main] DEBUG net.thucydides.core.reflection.ClassFinder - Could not load class .starter.pages.LogOutPage
08:31:56.377 [main] DEBUG net.thucydides.core.reflection.ClassFinder - Could not load class .starter.pages.LoginPage
08:31:56.378 [main] DEBUG net.thucydides.core.reflection.ClassFinder - Could not load class .starter.pages.OrderPage
08:31:56.378 [main] DEBUG net.thucydides.core.reflection.ClassFinder - Could not load class .starter.pages.RegisterPage
08:31:56.378 [main] DEBUG net.thucydides.core.reflection.ClassFinder - Could not load class .starter.pages.TransactionPage
08:31:56.378 [main] DEBUG net.thucydides.core.reflection.ClassFinder - Could not load class .starter.stepdefinitions.logout
08:31:56.378 [main] DEBUG net.thucydides.core.reflection.ClassFinder - Could not load class .starter.stepdefinitions.orderStep
08:31:56.378 [main] DEBUG net.thucydides.core.reflection.ClassFinder - Could not load class .starter.stepdefinitions.registerStep
08:31:56.378 [main] DEBUG net.thucydides.core.reflection.ClassFinder - Could not load class .starter.stepdefinitions.stepdefinition
08:31:56.378 [main] DEBUG net.thucydides.core.reflection.ClassFinder - Could not load class .starter.stepdefinitions.transStep
08:31:56.378 [main] DEBUG net.thucydides.core.reflection.ClassFinder - Could not load class .utils.General
08:31:56.380 [main] DEBUG net.thucydides.core.reflection.ClassFinder - Could not load class META-INF.versions.9.com.sun.istack.logging.StackHelper
08:31:56.381 [main] DEBUG net.thucydides.core.reflection.ClassFinder - Could not load class META-INF.versions.9.com.sun.xml.bind.v2.runtime.reflect.opt.AccessorInjector
08:31:56.382 [main] DEBUG net.thucydides.core.reflection.ClassFinder - Could not load class META-INF.versions.9.com.sun.xml.bind.v2.runtime.reflect.opt.Injector
08:31:56.383 [main] DEBUG net.thucydides.core.reflection.ClassFinder - Could not load class META-INF.versions.9.com.sun.xml.bind.v2.runtime.reflect.opt.OptimizedAccessorFactory
08:31:56.383 [main] DEBUG net.thucydides.core.reflection.ClassFinder - Could not load class META-INF.versions.9.com.sun.xml.bind.v2.runtime.reflect.opt.OptimizedTransducedAccessorFactory
08:31:56.384 [main] DEBUG net.thucydides.core.reflection.ClassFinder - Could not load class META-INF.versions.9.io.opentelemetry.sdk.internal.CurrentJavaVersionSpecific
08:31:56.384 [main] DEBUG net.thucydides.core.reflection.ClassFinder - Could not load class META-INF.versions.9.io.opentelemetry.sdk.internal.Java9VersionSpecific
08:31:56.385 [main] DEBUG net.thucydides.core.reflection.ClassFinder - Could not load class META-INF.versions.9.javax.xml.bind.ModuleUtil
08:31:56.385 [main] DEBUG net.thucydides.core.reflection.ClassFinder - Could not load class META-INF.versions.9.module-info
08:31:56.387 [main] DEBUG net.thucydides.core.reflection.ClassFinder - Could not load class META-INF.versions.9.org.junit.platform.commons.util.ModuleUtils
08:31:56.391 [main] DEBUG net.thucydides.core.reflection.ClassFinder - Could not load class com.google.gson.internal.
08:31:56.394 [main] DEBUG net.thucydides.core.reflection.ClassFinder - Could not load class com.sun.xml.bind.v2.runtime.output.FastInfosetStreamWriterOutput
08:31:56.400 [main] DEBUG net.thucydides.core.reflection.ClassFinder - Could not load class module-info
08:31:56.441 [Forwarding get on session fb66368ec804cb9c068e9ec6a6582759 to remote] DEBUG org.asynchttpclient.netty.request.NettyRequestSender - Using pooled Channel '[id: 0xcf67d802, L:/127.0.0.1:60193 - R:localhost/127.0.0.1:65505]' for 'POST' to 'http://localhost:65505/session/fb66368ec804cb9c068e9ec6a6582759/url'
08:31:56.441 [Forwarding get on session fb66368ec804cb9c068e9ec6a6582759 to remote] DEBUG org.asynchttpclient.netty.request.NettyRequestSender - Using open Channel [id: 0xcf67d802, L:/127.0.0.1:60193 - R:localhost/127.0.0.1:65505] for POST '/session/fb66368ec804cb9c068e9ec6a6582759/url'
08:31:56.530 [AsyncHttpClient-1-1] DEBUG org.asynchttpclient.netty.channel.DefaultChannelPool - Entry count for : http://localhost:60194 : 1
08:31:57.628 [AsyncHttpClient-1-1] DEBUG org.asynchttpclient.netty.channel.DefaultChannelPool - Entry count for : http://localhost:60194 : 1
08:31:58.728 [AsyncHttpClient-1-1] DEBUG org.asynchttpclient.netty.channel.DefaultChannelPool - Entry count for : http://localhost:60194 : 1
08:31:58.789 [AsyncHttpClient-1-2] DEBUG org.asynchttpclient.netty.handler.HttpHandler - 

Request DefaultHttpRequest(decodeResult: success, version: HTTP/1.1)
POST /session/fb66368ec804cb9c068e9ec6a6582759/url HTTP/1.1
User-Agent: selenium/4.1.2 (java windows)
Content-Length: 49
Content-Type: application/json; charset=utf-8
host: localhost:65505
accept: */*

Response DefaultHttpResponse(decodeResult: success, version: HTTP/1.1)
HTTP/1.1 200 OK
Content-Type: application/json; charset=utf-8
cache-control: no-cache
content-length: 14

08:31:58.790 [AsyncHttpClient-1-2] DEBUG org.asynchttpclient.netty.channel.ChannelManager - Adding key: http://localhost:65505 for channel [id: 0xcf67d802, L:/127.0.0.1:60193 - R:localhost/127.0.0.1:65505]
08:31:58.801 [Forwarding setTimeout on session fb66368ec804cb9c068e9ec6a6582759 to remote] DEBUG org.asynchttpclient.netty.request.NettyRequestSender - Using pooled Channel '[id: 0xcf67d802, L:/127.0.0.1:60193 - R:localhost/127.0.0.1:65505]' for 'POST' to 'http://localhost:65505/session/fb66368ec804cb9c068e9ec6a6582759/timeouts'
08:31:58.801 [Forwarding setTimeout on session fb66368ec804cb9c068e9ec6a6582759 to remote] DEBUG org.asynchttpclient.netty.request.NettyRequestSender - Using open Channel [id: 0xcf67d802, L:/127.0.0.1:60193 - R:localhost/127.0.0.1:65505] for POST '/session/fb66368ec804cb9c068e9ec6a6582759/timeouts'
08:31:58.804 [AsyncHttpClient-1-2] DEBUG org.asynchttpclient.netty.handler.HttpHandler - 

Request DefaultHttpRequest(decodeResult: success, version: HTTP/1.1)
POST /session/fb66368ec804cb9c068e9ec6a6582759/timeouts HTTP/1.1
User-Agent: selenium/4.1.2 (java windows)
Content-Length: 22
Content-Type: application/json; charset=utf-8
host: localhost:65505
accept: */*

Response DefaultHttpResponse(decodeResult: success, version: HTTP/1.1)
HTTP/1.1 200 OK
Content-Type: application/json; charset=utf-8
cache-control: no-cache
content-length: 14

08:31:58.805 [AsyncHttpClient-1-2] DEBUG org.asynchttpclient.netty.channel.ChannelManager - Adding key: http://localhost:65505 for channel [id: 0xcf67d802, L:/127.0.0.1:60193 - R:localhost/127.0.0.1:65505]
08:31:58.821 [Forwarding getCurrentUrl on session fb66368ec804cb9c068e9ec6a6582759 to remote] DEBUG org.asynchttpclient.netty.request.NettyRequestSender - Using pooled Channel '[id: 0xcf67d802, L:/127.0.0.1:60193 - R:localhost/127.0.0.1:65505]' for 'GET' to 'http://localhost:65505/session/fb66368ec804cb9c068e9ec6a6582759/url'
08:31:58.821 [Forwarding getCurrentUrl on session fb66368ec804cb9c068e9ec6a6582759 to remote] DEBUG org.asynchttpclient.netty.request.NettyRequestSender - Using open Channel [id: 0xcf67d802, L:/127.0.0.1:60193 - R:localhost/127.0.0.1:65505] for GET '/session/fb66368ec804cb9c068e9ec6a6582759/url'
08:31:58.839 [AsyncHttpClient-1-2] DEBUG org.asynchttpclient.netty.handler.HttpHandler - 

Request DefaultFullHttpRequest(decodeResult: success, version: HTTP/1.1, content: EmptyByteBufBE)
GET /session/fb66368ec804cb9c068e9ec6a6582759/url HTTP/1.1
User-Agent: selenium/4.1.2 (java windows)
Cache-Control: no-cache
Content-Type: application/json; charset=utf-8
host: localhost:65505
accept: */*

Response DefaultHttpResponse(decodeResult: success, version: HTTP/1.1)
HTTP/1.1 200 OK
Content-Type: application/json; charset=utf-8
cache-control: no-cache
content-length: 31

08:31:58.840 [AsyncHttpClient-1-2] DEBUG org.asynchttpclient.netty.channel.ChannelManager - Adding key: http://localhost:65505 for channel [id: 0xcf67d802, L:/127.0.0.1:60193 - R:localhost/127.0.0.1:65505]
08:31:58.879 [main] DEBUG net.serenitybdd.core.photography.Darkroom - Opening darkroom
08:31:58.881 [Darkroom Processing Line] DEBUG net.serenitybdd.core.photography.DarkroomProcessingLine - Darkroom processing line starting up
08:31:58.883 [Forwarding screenshot on session fb66368ec804cb9c068e9ec6a6582759 to remote] DEBUG org.asynchttpclient.netty.request.NettyRequestSender - Using pooled Channel '[id: 0xcf67d802, L:/127.0.0.1:60193 - R:localhost/127.0.0.1:65505]' for 'GET' to 'http://localhost:65505/session/fb66368ec804cb9c068e9ec6a6582759/screenshot'
08:31:58.883 [Forwarding screenshot on session fb66368ec804cb9c068e9ec6a6582759 to remote] DEBUG org.asynchttpclient.netty.request.NettyRequestSender - Using open Channel [id: 0xcf67d802, L:/127.0.0.1:60193 - R:localhost/127.0.0.1:65505] for GET '/session/fb66368ec804cb9c068e9ec6a6582759/screenshot'
08:31:59.828 [AsyncHttpClient-1-1] DEBUG org.asynchttpclient.netty.channel.DefaultChannelPool - Entry count for : http://localhost:60194 : 1
08:32:00.934 [AsyncHttpClient-1-1] DEBUG org.asynchttpclient.netty.channel.DefaultChannelPool - Entry count for : http://localhost:60194 : 1
08:32:00.962 [AsyncHttpClient-1-2] DEBUG org.asynchttpclient.netty.handler.HttpHandler - 

Request DefaultFullHttpRequest(decodeResult: success, version: HTTP/1.1, content: EmptyByteBufBE)
GET /session/fb66368ec804cb9c068e9ec6a6582759/screenshot HTTP/1.1
User-Agent: selenium/4.1.2 (java windows)
Cache-Control: no-cache
Content-Type: application/json; charset=utf-8
host: localhost:65505
accept: */*

Response DefaultHttpResponse(decodeResult: success, version: HTTP/1.1)
HTTP/1.1 200 OK
Content-Type: application/json; charset=utf-8
cache-control: no-cache
content-length: 38836

08:32:00.964 [AsyncHttpClient-1-2] DEBUG org.asynchttpclient.netty.channel.ChannelManager - Adding key: http://localhost:65505 for channel [id: 0xcf67d802, L:/127.0.0.1:60193 - R:localhost/127.0.0.1:65505]
08:32:01.104 [main] DEBUG net.serenitybdd.core.photography.Darkroom - Send negative for processing for target\site\serenity\8e61657f599901f1a64ba5db7205b5714dda6cbc5aa1132248c6257bf988e232.png
08:32:01.105 [Darkroom Processing Line] DEBUG net.serenitybdd.core.photography.DarkroomProcessingLine - Processing screenshot image in /var/screenshots/screenshot-17153665475329759553
08:32:01.105 [Darkroom Processing Line] DEBUG net.serenitybdd.core.photography.DarkroomProcessingLine - Saving screenshot to target\site\serenity\8e61657f599901f1a64ba5db7205b5714dda6cbc5aa1132248c6257bf988e232.png
08:32:01.110 [main] DEBUG net.thucydides.core.steps.StepInterceptor - STEP DONE: openUrl
08:32:01.123 [main] DEBUG net.thucydides.core.steps.StepInterceptor - STARTING STEP: stepdefinition.iAmOnLoginPage - clickIconLogin
08:32:01.157 [Forwarding findElement on session fb66368ec804cb9c068e9ec6a6582759 to remote] DEBUG org.asynchttpclient.netty.request.NettyRequestSender - Using pooled Channel '[id: 0xcf67d802, L:/127.0.0.1:60193 - R:localhost/127.0.0.1:65505]' for 'POST' to 'http://localhost:65505/session/fb66368ec804cb9c068e9ec6a6582759/element'
08:32:01.157 [Forwarding findElement on session fb66368ec804cb9c068e9ec6a6582759 to remote] DEBUG org.asynchttpclient.netty.request.NettyRequestSender - Using open Channel [id: 0xcf67d802, L:/127.0.0.1:60193 - R:localhost/127.0.0.1:65505] for POST '/session/fb66368ec804cb9c068e9ec6a6582759/element'
08:32:01.218 [AsyncHttpClient-1-2] DEBUG org.asynchttpclient.netty.handler.HttpHandler - 

Request DefaultHttpRequest(decodeResult: success, version: HTTP/1.1)
POST /session/fb66368ec804cb9c068e9ec6a6582759/element HTTP/1.1
User-Agent: selenium/4.1.2 (java windows)
Content-Length: 170
Content-Type: application/json; charset=utf-8
host: localhost:65505
accept: */*

Response DefaultHttpResponse(decodeResult: success, version: HTTP/1.1)
HTTP/1.1 200 OK
Content-Type: application/json; charset=utf-8
cache-control: no-cache
content-length: 88

08:32:01.219 [AsyncHttpClient-1-2] DEBUG org.asynchttpclient.netty.channel.ChannelManager - Adding key: http://localhost:65505 for channel [id: 0xcf67d802, L:/127.0.0.1:60193 - R:localhost/127.0.0.1:65505]
08:32:01.228 [Forwarding getElementTagName on session fb66368ec804cb9c068e9ec6a6582759 to remote] DEBUG org.asynchttpclient.netty.request.NettyRequestSender - Using pooled Channel '[id: 0xcf67d802, L:/127.0.0.1:60193 - R:localhost/127.0.0.1:65505]' for 'GET' to 'http://localhost:65505/session/fb66368ec804cb9c068e9ec6a6582759/element/5f408d89-60e6-485b-a273-e0f569078ae3/name'
08:32:01.229 [Forwarding getElementTagName on session fb66368ec804cb9c068e9ec6a6582759 to remote] DEBUG org.asynchttpclient.netty.request.NettyRequestSender - Using open Channel [id: 0xcf67d802, L:/127.0.0.1:60193 - R:localhost/127.0.0.1:65505] for GET '/session/fb66368ec804cb9c068e9ec6a6582759/element/5f408d89-60e6-485b-a273-e0f569078ae3/name'
08:32:01.246 [AsyncHttpClient-1-2] DEBUG org.asynchttpclient.netty.handler.HttpHandler - 

Request DefaultFullHttpRequest(decodeResult: success, version: HTTP/1.1, content: EmptyByteBufBE)
GET /session/fb66368ec804cb9c068e9ec6a6582759/element/5f408d89-60e6-485b-a273-e0f569078ae3/name HTTP/1.1
User-Agent: selenium/4.1.2 (java windows)
Cache-Control: no-cache
Content-Type: application/json; charset=utf-8
host: localhost:65505
accept: */*

Response DefaultHttpResponse(decodeResult: success, version: HTTP/1.1)
HTTP/1.1 200 OK
Content-Type: application/json; charset=utf-8
cache-control: no-cache
content-length: 13

08:32:01.247 [AsyncHttpClient-1-2] DEBUG org.asynchttpclient.netty.channel.ChannelManager - Adding key: http://localhost:65505 for channel [id: 0xcf67d802, L:/127.0.0.1:60193 - R:localhost/127.0.0.1:65505]
08:32:01.253 [Forwarding getElementTagName on session fb66368ec804cb9c068e9ec6a6582759 to remote] DEBUG org.asynchttpclient.netty.request.NettyRequestSender - Using pooled Channel '[id: 0xcf67d802, L:/127.0.0.1:60193 - R:localhost/127.0.0.1:65505]' for 'GET' to 'http://localhost:65505/session/fb66368ec804cb9c068e9ec6a6582759/element/5f408d89-60e6-485b-a273-e0f569078ae3/name'
08:32:01.254 [Forwarding getElementTagName on session fb66368ec804cb9c068e9ec6a6582759 to remote] DEBUG org.asynchttpclient.netty.request.NettyRequestSender - Using open Channel [id: 0xcf67d802, L:/127.0.0.1:60193 - R:localhost/127.0.0.1:65505] for GET '/session/fb66368ec804cb9c068e9ec6a6582759/element/5f408d89-60e6-485b-a273-e0f569078ae3/name'
08:32:01.275 [AsyncHttpClient-1-2] DEBUG org.asynchttpclient.netty.handler.HttpHandler - 

Request DefaultFullHttpRequest(decodeResult: success, version: HTTP/1.1, content: EmptyByteBufBE)
GET /session/fb66368ec804cb9c068e9ec6a6582759/element/5f408d89-60e6-485b-a273-e0f569078ae3/name HTTP/1.1
User-Agent: selenium/4.1.2 (java windows)
Cache-Control: no-cache
Content-Type: application/json; charset=utf-8
host: localhost:65505
accept: */*

Response DefaultHttpResponse(decodeResult: success, version: HTTP/1.1)
HTTP/1.1 200 OK
Content-Type: application/json; charset=utf-8
cache-control: no-cache
content-length: 13

08:32:01.277 [AsyncHttpClient-1-2] DEBUG org.asynchttpclient.netty.channel.ChannelManager - Adding key: http://localhost:65505 for channel [id: 0xcf67d802, L:/127.0.0.1:60193 - R:localhost/127.0.0.1:65505]
08:32:01.287 [Forwarding findElement on session fb66368ec804cb9c068e9ec6a6582759 to remote] DEBUG org.asynchttpclient.netty.request.NettyRequestSender - Using pooled Channel '[id: 0xcf67d802, L:/127.0.0.1:60193 - R:localhost/127.0.0.1:65505]' for 'POST' to 'http://localhost:65505/session/fb66368ec804cb9c068e9ec6a6582759/element'
08:32:01.288 [Forwarding findElement on session fb66368ec804cb9c068e9ec6a6582759 to remote] DEBUG org.asynchttpclient.netty.request.NettyRequestSender - Using open Channel [id: 0xcf67d802, L:/127.0.0.1:60193 - R:localhost/127.0.0.1:65505] for POST '/session/fb66368ec804cb9c068e9ec6a6582759/element'
08:32:01.326 [AsyncHttpClient-1-2] DEBUG org.asynchttpclient.netty.handler.HttpHandler - 

Request DefaultHttpRequest(decodeResult: success, version: HTTP/1.1)
POST /session/fb66368ec804cb9c068e9ec6a6582759/element HTTP/1.1
User-Agent: selenium/4.1.2 (java windows)
Content-Length: 170
Content-Type: application/json; charset=utf-8
host: localhost:65505
accept: */*

Response DefaultHttpResponse(decodeResult: success, version: HTTP/1.1)
HTTP/1.1 200 OK
Content-Type: application/json; charset=utf-8
cache-control: no-cache
content-length: 88

08:32:01.327 [AsyncHttpClient-1-2] DEBUG org.asynchttpclient.netty.channel.ChannelManager - Adding key: http://localhost:65505 for channel [id: 0xcf67d802, L:/127.0.0.1:60193 - R:localhost/127.0.0.1:65505]
08:32:01.333 [Forwarding clickElement on session fb66368ec804cb9c068e9ec6a6582759 to remote] DEBUG org.asynchttpclient.netty.request.NettyRequestSender - Using pooled Channel '[id: 0xcf67d802, L:/127.0.0.1:60193 - R:localhost/127.0.0.1:65505]' for 'POST' to 'http://localhost:65505/session/fb66368ec804cb9c068e9ec6a6582759/element/5f408d89-60e6-485b-a273-e0f569078ae3/click'
08:32:01.333 [Forwarding clickElement on session fb66368ec804cb9c068e9ec6a6582759 to remote] DEBUG org.asynchttpclient.netty.request.NettyRequestSender - Using open Channel [id: 0xcf67d802, L:/127.0.0.1:60193 - R:localhost/127.0.0.1:65505] for POST '/session/fb66368ec804cb9c068e9ec6a6582759/element/5f408d89-60e6-485b-a273-e0f569078ae3/click'
08:32:01.410 [AsyncHttpClient-1-2] DEBUG org.asynchttpclient.netty.handler.HttpHandler - 

Request DefaultHttpRequest(decodeResult: success, version: HTTP/1.1)
POST /session/fb66368ec804cb9c068e9ec6a6582759/element/5f408d89-60e6-485b-a273-e0f569078ae3/click HTTP/1.1
User-Agent: selenium/4.1.2 (java windows)
Content-Length: 50
Content-Type: application/json; charset=utf-8
host: localhost:65505
accept: */*

Response DefaultHttpResponse(decodeResult: success, version: HTTP/1.1)
HTTP/1.1 200 OK
Content-Type: application/json; charset=utf-8
cache-control: no-cache
content-length: 14

08:32:01.411 [AsyncHttpClient-1-2] DEBUG org.asynchttpclient.netty.channel.ChannelManager - Adding key: http://localhost:65505 for channel [id: 0xcf67d802, L:/127.0.0.1:60193 - R:localhost/127.0.0.1:65505]
08:32:01.435 [Forwarding screenshot on session fb66368ec804cb9c068e9ec6a6582759 to remote] DEBUG org.asynchttpclient.netty.request.NettyRequestSender - Using pooled Channel '[id: 0xcf67d802, L:/127.0.0.1:60193 - R:localhost/127.0.0.1:65505]' for 'GET' to 'http://localhost:65505/session/fb66368ec804cb9c068e9ec6a6582759/screenshot'
08:32:01.437 [Forwarding screenshot on session fb66368ec804cb9c068e9ec6a6582759 to remote] DEBUG org.asynchttpclient.netty.request.NettyRequestSender - Using open Channel [id: 0xcf67d802, L:/127.0.0.1:60193 - R:localhost/127.0.0.1:65505] for GET '/session/fb66368ec804cb9c068e9ec6a6582759/screenshot'
08:32:01.954 [AsyncHttpClient-1-2] DEBUG org.asynchttpclient.netty.handler.HttpHandler - 

Request DefaultFullHttpRequest(decodeResult: success, version: HTTP/1.1, content: EmptyByteBufBE)
GET /session/fb66368ec804cb9c068e9ec6a6582759/screenshot HTTP/1.1
User-Agent: selenium/4.1.2 (java windows)
Cache-Control: no-cache
Content-Type: application/json; charset=utf-8
host: localhost:65505
accept: */*

Response DefaultHttpResponse(decodeResult: success, version: HTTP/1.1)
HTTP/1.1 200 OK
Content-Type: application/json; charset=utf-8
cache-control: no-cache
content-length: 39752

08:32:01.956 [AsyncHttpClient-1-2] DEBUG org.asynchttpclient.netty.channel.ChannelManager - Adding key: http://localhost:65505 for channel [id: 0xcf67d802, L:/127.0.0.1:60193 - R:localhost/127.0.0.1:65505]
08:32:01.961 [main] DEBUG net.serenitybdd.core.photography.Darkroom - Send negative for processing for target\site\serenity\ab2c64808afa10f3ba3a91c273d173b48a06bd1494e347203a95c38b8a4d9857.png
08:32:01.962 [main] DEBUG net.thucydides.core.steps.StepInterceptor - STEP DONE: clickIconLogin
08:32:01.962 [Darkroom Processing Line] DEBUG net.serenitybdd.core.photography.DarkroomProcessingLine - Processing screenshot image in /var/screenshots/screenshot-12017823550559655563
08:32:01.962 [Darkroom Processing Line] DEBUG net.serenitybdd.core.photography.DarkroomProcessingLine - Saving screenshot to target\site\serenity\ab2c64808afa10f3ba3a91c273d173b48a06bd1494e347203a95c38b8a4d9857.png
  &amp#27;[32mGiven &amp#27;[0m&amp#27;[32mi am on login page&amp#27;[0m                 &amp#27;[90m# starter.stepdefinitions.stepdefinition.iAmOnLoginPage()&amp#27;[0m
08:32:02.006 [main] DEBUG net.thucydides.core.steps.StepInterceptor - STARTING STEP: stepdefinition.iInputUsername - inputUsername
08:32:02.013 [Forwarding findElement on session fb66368ec804cb9c068e9ec6a6582759 to remote] DEBUG org.asynchttpclient.netty.request.NettyRequestSender - Using pooled Channel '[id: 0xcf67d802, L:/127.0.0.1:60193 - R:localhost/127.0.0.1:65505]' for 'POST' to 'http://localhost:65505/session/fb66368ec804cb9c068e9ec6a6582759/element'
08:32:02.013 [Forwarding findElement on session fb66368ec804cb9c068e9ec6a6582759 to remote] DEBUG org.asynchttpclient.netty.request.NettyRequestSender - Using open Channel [id: 0xcf67d802, L:/127.0.0.1:60193 - R:localhost/127.0.0.1:65505] for POST '/session/fb66368ec804cb9c068e9ec6a6582759/element'
08:32:02.028 [AsyncHttpClient-1-1] DEBUG org.asynchttpclient.netty.channel.DefaultChannelPool - Entry count for : http://localhost:60194 : 1
08:32:02.034 [AsyncHttpClient-1-2] DEBUG org.asynchttpclient.netty.handler.HttpHandler - 

Request DefaultHttpRequest(decodeResult: success, version: HTTP/1.1)
POST /session/fb66368ec804cb9c068e9ec6a6582759/element HTTP/1.1
User-Agent: selenium/4.1.2 (java windows)
Content-Length: 86
Content-Type: application/json; charset=utf-8
host: localhost:65505
accept: */*

Response DefaultHttpResponse(decodeResult: success, version: HTTP/1.1)
HTTP/1.1 200 OK
Content-Type: application/json; charset=utf-8
cache-control: no-cache
content-length: 88

08:32:02.035 [AsyncHttpClient-1-2] DEBUG org.asynchttpclient.netty.channel.ChannelManager - Adding key: http://localhost:65505 for channel [id: 0xcf67d802, L:/127.0.0.1:60193 - R:localhost/127.0.0.1:65505]
08:32:02.040 [Forwarding clearElement on session fb66368ec804cb9c068e9ec6a6582759 to remote] DEBUG org.asynchttpclient.netty.request.NettyRequestSender - Using pooled Channel '[id: 0xcf67d802, L:/127.0.0.1:60193 - R:localhost/127.0.0.1:65505]' for 'POST' to 'http://localhost:65505/session/fb66368ec804cb9c068e9ec6a6582759/element/5745306a-39d5-474c-b8e9-6c10aa641818/clear'
08:32:02.040 [Forwarding clearElement on session fb66368ec804cb9c068e9ec6a6582759 to remote] DEBUG org.asynchttpclient.netty.request.NettyRequestSender - Using open Channel [id: 0xcf67d802, L:/127.0.0.1:60193 - R:localhost/127.0.0.1:65505] for POST '/session/fb66368ec804cb9c068e9ec6a6582759/element/5745306a-39d5-474c-b8e9-6c10aa641818/clear'
08:32:02.097 [AsyncHttpClient-1-2] DEBUG org.asynchttpclient.netty.handler.HttpHandler - 

Request DefaultHttpRequest(decodeResult: success, version: HTTP/1.1)
POST /session/fb66368ec804cb9c068e9ec6a6582759/element/5745306a-39d5-474c-b8e9-6c10aa641818/clear HTTP/1.1
User-Agent: selenium/4.1.2 (java windows)
Content-Length: 50
Content-Type: application/json; charset=utf-8
host: localhost:65505
accept: */*

Response DefaultHttpResponse(decodeResult: success, version: HTTP/1.1)
HTTP/1.1 200 OK
Content-Type: application/json; charset=utf-8
cache-control: no-cache
content-length: 14

08:32:02.098 [AsyncHttpClient-1-2] DEBUG org.asynchttpclient.netty.channel.ChannelManager - Adding key: http://localhost:65505 for channel [id: 0xcf67d802, L:/127.0.0.1:60193 - R:localhost/127.0.0.1:65505]
08:32:02.105 [Forwarding sendKeysToElement on session fb66368ec804cb9c068e9ec6a6582759 to remote] DEBUG org.asynchttpclient.netty.request.NettyRequestSender - Using pooled Channel '[id: 0xcf67d802, L:/127.0.0.1:60193 - R:localhost/127.0.0.1:65505]' for 'POST' to 'http://localhost:65505/session/fb66368ec804cb9c068e9ec6a6582759/element/5745306a-39d5-474c-b8e9-6c10aa641818/value'
08:32:02.106 [Forwarding sendKeysToElement on session fb66368ec804cb9c068e9ec6a6582759 to remote] DEBUG org.asynchttpclient.netty.request.NettyRequestSender - Using open Channel [id: 0xcf67d802, L:/127.0.0.1:60193 - R:localhost/127.0.0.1:65505] for POST '/session/fb66368ec804cb9c068e9ec6a6582759/element/5745306a-39d5-474c-b8e9-6c10aa641818/value'
08:32:02.305 [AsyncHttpClient-1-2] DEBUG org.asynchttpclient.netty.handler.HttpHandler - 

Request DefaultHttpRequest(decodeResult: success, version: HTTP/1.1)
POST /session/fb66368ec804cb9c068e9ec6a6582759/element/5745306a-39d5-474c-b8e9-6c10aa641818/value HTTP/1.1
User-Agent: selenium/4.1.2 (java windows)
Content-Length: 241
Content-Type: application/json; charset=utf-8
host: localhost:65505
accept: */*

Response DefaultHttpResponse(decodeResult: success, version: HTTP/1.1)
HTTP/1.1 200 OK
Content-Type: application/json; charset=utf-8
cache-control: no-cache
content-length: 14

08:32:02.305 [AsyncHttpClient-1-2] DEBUG org.asynchttpclient.netty.channel.ChannelManager - Adding key: http://localhost:65505 for channel [id: 0xcf67d802, L:/127.0.0.1:60193 - R:localhost/127.0.0.1:65505]
08:32:02.323 [Forwarding screenshot on session fb66368ec804cb9c068e9ec6a6582759 to remote] DEBUG org.asynchttpclient.netty.request.NettyRequestSender - Using pooled Channel '[id: 0xcf67d802, L:/127.0.0.1:60193 - R:localhost/127.0.0.1:65505]' for 'GET' to 'http://localhost:65505/session/fb66368ec804cb9c068e9ec6a6582759/screenshot'
08:32:02.324 [Forwarding screenshot on session fb66368ec804cb9c068e9ec6a6582759 to remote] DEBUG org.asynchttpclient.netty.request.NettyRequestSender - Using open Channel [id: 0xcf67d802, L:/127.0.0.1:60193 - R:localhost/127.0.0.1:65505] for GET '/session/fb66368ec804cb9c068e9ec6a6582759/screenshot'
08:32:02.542 [AsyncHttpClient-1-2] DEBUG org.asynchttpclient.netty.handler.HttpHandler - 

Request DefaultFullHttpRequest(decodeResult: success, version: HTTP/1.1, content: EmptyByteBufBE)
GET /session/fb66368ec804cb9c068e9ec6a6582759/screenshot HTTP/1.1
User-Agent: selenium/4.1.2 (java windows)
Cache-Control: no-cache
Content-Type: application/json; charset=utf-8
host: localhost:65505
accept: */*

Response DefaultHttpResponse(decodeResult: success, version: HTTP/1.1)
HTTP/1.1 200 OK
Content-Type: application/json; charset=utf-8
cache-control: no-cache
content-length: 47432

08:32:02.544 [AsyncHttpClient-1-2] DEBUG org.asynchttpclient.netty.channel.ChannelManager - Adding key: http://localhost:65505 for channel [id: 0xcf67d802, L:/127.0.0.1:60193 - R:localhost/127.0.0.1:65505]
08:32:02.550 [main] DEBUG net.serenitybdd.core.photography.Darkroom - Send negative for processing for target\site\serenity\958fa1db461d32edcd55c7d3d92cc62d174cdafadee2fe63e1aa8333e0ad461a.png
08:32:02.551 [Darkroom Processing Line] DEBUG net.serenitybdd.core.photography.DarkroomProcessingLine - Processing screenshot image in /var/screenshots/screenshot-13080548113048023860
08:32:02.551 [Darkroom Processing Line] DEBUG net.serenitybdd.core.photography.DarkroomProcessingLine - Saving screenshot to target\site\serenity\958fa1db461d32edcd55c7d3d92cc62d174cdafadee2fe63e1aa8333e0ad461a.png
08:32:02.551 [main] DEBUG net.thucydides.core.steps.StepInterceptor - STEP DONE: inputUsername
  &amp#27;[32mWhen &amp#27;[0m&amp#27;[32mi input &amp#27;[0m&amp#27;[32m&amp#27;[1m"gladys@gmail.com"&amp#27;[0m&amp#27;[32m username&amp#27;[0m &amp#27;[90m# starter.stepdefinitions.stepdefinition.iInputUsername(java.lang.String)&amp#27;[0m
08:32:02.600 [main] DEBUG net.thucydides.core.steps.StepInterceptor - STARTING STEP: stepdefinition.iInputPassword - inputPassword
08:32:02.605 [Forwarding findElement on session fb66368ec804cb9c068e9ec6a6582759 to remote] DEBUG org.asynchttpclient.netty.request.NettyRequestSender - Using pooled Channel '[id: 0xcf67d802, L:/127.0.0.1:60193 - R:localhost/127.0.0.1:65505]' for 'POST' to 'http://localhost:65505/session/fb66368ec804cb9c068e9ec6a6582759/element'
08:32:02.606 [Forwarding findElement on session fb66368ec804cb9c068e9ec6a6582759 to remote] DEBUG org.asynchttpclient.netty.request.NettyRequestSender - Using open Channel [id: 0xcf67d802, L:/127.0.0.1:60193 - R:localhost/127.0.0.1:65505] for POST '/session/fb66368ec804cb9c068e9ec6a6582759/element'
08:32:02.624 [AsyncHttpClient-1-2] DEBUG org.asynchttpclient.netty.handler.HttpHandler - 

Request DefaultHttpRequest(decodeResult: success, version: HTTP/1.1)
POST /session/fb66368ec804cb9c068e9ec6a6582759/element HTTP/1.1
User-Agent: selenium/4.1.2 (java windows)
Content-Length: 89
Content-Type: application/json; charset=utf-8
host: localhost:65505
accept: */*

Response DefaultHttpResponse(decodeResult: success, version: HTTP/1.1)
HTTP/1.1 200 OK
Content-Type: application/json; charset=utf-8
cache-control: no-cache
content-length: 88

08:32:02.624 [AsyncHttpClient-1-2] DEBUG org.asynchttpclient.netty.channel.ChannelManager - Adding key: http://localhost:65505 for channel [id: 0xcf67d802, L:/127.0.0.1:60193 - R:localhost/127.0.0.1:65505]
08:32:02.632 [Forwarding clearElement on session fb66368ec804cb9c068e9ec6a6582759 to remote] DEBUG org.asynchttpclient.netty.request.NettyRequestSender - Using pooled Channel '[id: 0xcf67d802, L:/127.0.0.1:60193 - R:localhost/127.0.0.1:65505]' for 'POST' to 'http://localhost:65505/session/fb66368ec804cb9c068e9ec6a6582759/element/9f9181c1-694e-4e37-b6b9-ccec4dc5509a/clear'
08:32:02.632 [Forwarding clearElement on session fb66368ec804cb9c068e9ec6a6582759 to remote] DEBUG org.asynchttpclient.netty.request.NettyRequestSender - Using open Channel [id: 0xcf67d802, L:/127.0.0.1:60193 - R:localhost/127.0.0.1:65505] for POST '/session/fb66368ec804cb9c068e9ec6a6582759/element/9f9181c1-694e-4e37-b6b9-ccec4dc5509a/clear'
08:32:02.681 [AsyncHttpClient-1-2] DEBUG org.asynchttpclient.netty.handler.HttpHandler - 

Request DefaultHttpRequest(decodeResult: success, version: HTTP/1.1)
POST /session/fb66368ec804cb9c068e9ec6a6582759/element/9f9181c1-694e-4e37-b6b9-ccec4dc5509a/clear HTTP/1.1
User-Agent: selenium/4.1.2 (java windows)
Content-Length: 50
Content-Type: application/json; charset=utf-8
host: localhost:65505
accept: */*

Response DefaultHttpResponse(decodeResult: success, version: HTTP/1.1)
HTTP/1.1 200 OK
Content-Type: application/json; charset=utf-8
cache-control: no-cache
content-length: 14

08:32:02.682 [AsyncHttpClient-1-2] DEBUG org.asynchttpclient.netty.channel.ChannelManager - Adding key: http://localhost:65505 for channel [id: 0xcf67d802, L:/127.0.0.1:60193 - R:localhost/127.0.0.1:65505]
08:32:02.686 [Forwarding sendKeysToElement on session fb66368ec804cb9c068e9ec6a6582759 to remote] DEBUG org.asynchttpclient.netty.request.NettyRequestSender - Using pooled Channel '[id: 0xcf67d802, L:/127.0.0.1:60193 - R:localhost/127.0.0.1:65505]' for 'POST' to 'http://localhost:65505/session/fb66368ec804cb9c068e9ec6a6582759/element/9f9181c1-694e-4e37-b6b9-ccec4dc5509a/value'
08:32:02.686 [Forwarding sendKeysToElement on session fb66368ec804cb9c068e9ec6a6582759 to remote] DEBUG org.asynchttpclient.netty.request.NettyRequestSender - Using open Channel [id: 0xcf67d802, L:/127.0.0.1:60193 - R:localhost/127.0.0.1:65505] for POST '/session/fb66368ec804cb9c068e9ec6a6582759/element/9f9181c1-694e-4e37-b6b9-ccec4dc5509a/value'
08:32:02.778 [AsyncHttpClient-1-2] DEBUG org.asynchttpclient.netty.handler.HttpHandler - 

Request DefaultHttpRequest(decodeResult: success, version: HTTP/1.1)
POST /session/fb66368ec804cb9c068e9ec6a6582759/element/9f9181c1-694e-4e37-b6b9-ccec4dc5509a/value HTTP/1.1
User-Agent: selenium/4.1.2 (java windows)
Content-Length: 141
Content-Type: application/json; charset=utf-8
host: localhost:65505
accept: */*

Response DefaultHttpResponse(decodeResult: success, version: HTTP/1.1)
HTTP/1.1 200 OK
Content-Type: application/json; charset=utf-8
cache-control: no-cache
content-length: 14

08:32:02.779 [AsyncHttpClient-1-2] DEBUG org.asynchttpclient.netty.channel.ChannelManager - Adding key: http://localhost:65505 for channel [id: 0xcf67d802, L:/127.0.0.1:60193 - R:localhost/127.0.0.1:65505]
08:32:02.791 [Forwarding screenshot on session fb66368ec804cb9c068e9ec6a6582759 to remote] DEBUG org.asynchttpclient.netty.request.NettyRequestSender - Using pooled Channel '[id: 0xcf67d802, L:/127.0.0.1:60193 - R:localhost/127.0.0.1:65505]' for 'GET' to 'http://localhost:65505/session/fb66368ec804cb9c068e9ec6a6582759/screenshot'
08:32:02.791 [Forwarding screenshot on session fb66368ec804cb9c068e9ec6a6582759 to remote] DEBUG org.asynchttpclient.netty.request.NettyRequestSender - Using open Channel [id: 0xcf67d802, L:/127.0.0.1:60193 - R:localhost/127.0.0.1:65505] for GET '/session/fb66368ec804cb9c068e9ec6a6582759/screenshot'
08:32:03.006 [AsyncHttpClient-1-2] DEBUG org.asynchttpclient.netty.handler.HttpHandler - 

Request DefaultFullHttpRequest(decodeResult: success, version: HTTP/1.1, content: EmptyByteBufBE)
GET /session/fb66368ec804cb9c068e9ec6a6582759/screenshot HTTP/1.1
User-Agent: selenium/4.1.2 (java windows)
Cache-Control: no-cache
Content-Type: application/json; charset=utf-8
host: localhost:65505
accept: */*

Response DefaultHttpResponse(decodeResult: success, version: HTTP/1.1)
HTTP/1.1 200 OK
Content-Type: application/json; charset=utf-8
cache-control: no-cache
content-length: 50376

08:32:03.007 [AsyncHttpClient-1-2] DEBUG org.asynchttpclient.netty.channel.ChannelManager - Adding key: http://localhost:65505 for channel [id: 0xcf67d802, L:/127.0.0.1:60193 - R:localhost/127.0.0.1:65505]
08:32:03.021 [main] DEBUG net.serenitybdd.core.photography.Darkroom - Send negative for processing for target\site\serenity\edce3dbff07194069ba229925f2c31c41db3e7805ebbadb06432079cd166328f.png
08:32:03.022 [main] DEBUG net.thucydides.core.steps.StepInterceptor - STEP DONE: inputPassword
08:32:03.022 [Darkroom Processing Line] DEBUG net.serenitybdd.core.photography.DarkroomProcessingLine - Processing screenshot image in /var/screenshots/screenshot-5289273313178708861
08:32:03.022 [Darkroom Processing Line] DEBUG net.serenitybdd.core.photography.DarkroomProcessingLine - Saving screenshot to target\site\serenity\edce3dbff07194069ba229925f2c31c41db3e7805ebbadb06432079cd166328f.png
  &amp#27;[32mAnd &amp#27;[0m&amp#27;[32mi input &amp#27;[0m&amp#27;[32m&amp#27;[1m"gladys"&amp#27;[0m&amp#27;[32m password&amp#27;[0m            &amp#27;[90m# starter.stepdefinitions.stepdefinition.iInputPassword(java.lang.String)&amp#27;[0m
08:32:03.053 [main] DEBUG net.thucydides.core.steps.StepInterceptor - STARTING STEP: stepdefinition.clickLoginButton - clickLogin
08:32:03.062 [Forwarding findElement on session fb66368ec804cb9c068e9ec6a6582759 to remote] DEBUG org.asynchttpclient.netty.request.NettyRequestSender - Using pooled Channel '[id: 0xcf67d802, L:/127.0.0.1:60193 - R:localhost/127.0.0.1:65505]' for 'POST' to 'http://localhost:65505/session/fb66368ec804cb9c068e9ec6a6582759/element'
08:32:03.063 [Forwarding findElement on session fb66368ec804cb9c068e9ec6a6582759 to remote] DEBUG org.asynchttpclient.netty.request.NettyRequestSender - Using open Channel [id: 0xcf67d802, L:/127.0.0.1:60193 - R:localhost/127.0.0.1:65505] for POST '/session/fb66368ec804cb9c068e9ec6a6582759/element'
08:32:03.083 [AsyncHttpClient-1-2] DEBUG org.asynchttpclient.netty.handler.HttpHandler - 

Request DefaultHttpRequest(decodeResult: success, version: HTTP/1.1)
POST /session/fb66368ec804cb9c068e9ec6a6582759/element HTTP/1.1
User-Agent: selenium/4.1.2 (java windows)
Content-Length: 72
Content-Type: application/json; charset=utf-8
host: localhost:65505
accept: */*

Response DefaultHttpResponse(decodeResult: success, version: HTTP/1.1)
HTTP/1.1 200 OK
Content-Type: application/json; charset=utf-8
cache-control: no-cache
content-length: 88

08:32:03.084 [AsyncHttpClient-1-2] DEBUG org.asynchttpclient.netty.channel.ChannelManager - Adding key: http://localhost:65505 for channel [id: 0xcf67d802, L:/127.0.0.1:60193 - R:localhost/127.0.0.1:65505]
08:32:03.088 [Forwarding getElementTagName on session fb66368ec804cb9c068e9ec6a6582759 to remote] DEBUG org.asynchttpclient.netty.request.NettyRequestSender - Using pooled Channel '[id: 0xcf67d802, L:/127.0.0.1:60193 - R:localhost/127.0.0.1:65505]' for 'GET' to 'http://localhost:65505/session/fb66368ec804cb9c068e9ec6a6582759/element/103b7451-8c74-4fc3-9d09-010d6579ff3f/name'
08:32:03.088 [Forwarding getElementTagName on session fb66368ec804cb9c068e9ec6a6582759 to remote] DEBUG org.asynchttpclient.netty.request.NettyRequestSender - Using open Channel [id: 0xcf67d802, L:/127.0.0.1:60193 - R:localhost/127.0.0.1:65505] for GET '/session/fb66368ec804cb9c068e9ec6a6582759/element/103b7451-8c74-4fc3-9d09-010d6579ff3f/name'
08:32:03.098 [AsyncHttpClient-1-2] DEBUG org.asynchttpclient.netty.handler.HttpHandler - 

Request DefaultFullHttpRequest(decodeResult: success, version: HTTP/1.1, content: EmptyByteBufBE)
GET /session/fb66368ec804cb9c068e9ec6a6582759/element/103b7451-8c74-4fc3-9d09-010d6579ff3f/name HTTP/1.1
User-Agent: selenium/4.1.2 (java windows)
Cache-Control: no-cache
Content-Type: application/json; charset=utf-8
host: localhost:65505
accept: */*

Response DefaultHttpResponse(decodeResult: success, version: HTTP/1.1)
HTTP/1.1 200 OK
Content-Type: application/json; charset=utf-8
cache-control: no-cache
content-length: 18

08:32:03.098 [AsyncHttpClient-1-2] DEBUG org.asynchttpclient.netty.channel.ChannelManager - Adding key: http://localhost:65505 for channel [id: 0xcf67d802, L:/127.0.0.1:60193 - R:localhost/127.0.0.1:65505]
08:32:03.103 [Forwarding getElementTagName on session fb66368ec804cb9c068e9ec6a6582759 to remote] DEBUG org.asynchttpclient.netty.request.NettyRequestSender - Using pooled Channel '[id: 0xcf67d802, L:/127.0.0.1:60193 - R:localhost/127.0.0.1:65505]' for 'GET' to 'http://localhost:65505/session/fb66368ec804cb9c068e9ec6a6582759/element/103b7451-8c74-4fc3-9d09-010d6579ff3f/name'
08:32:03.104 [Forwarding getElementTagName on session fb66368ec804cb9c068e9ec6a6582759 to remote] DEBUG org.asynchttpclient.netty.request.NettyRequestSender - Using open Channel [id: 0xcf67d802, L:/127.0.0.1:60193 - R:localhost/127.0.0.1:65505] for GET '/session/fb66368ec804cb9c068e9ec6a6582759/element/103b7451-8c74-4fc3-9d09-010d6579ff3f/name'
08:32:03.112 [AsyncHttpClient-1-2] DEBUG org.asynchttpclient.netty.handler.HttpHandler - 

Request DefaultFullHttpRequest(decodeResult: success, version: HTTP/1.1, content: EmptyByteBufBE)
GET /session/fb66368ec804cb9c068e9ec6a6582759/element/103b7451-8c74-4fc3-9d09-010d6579ff3f/name HTTP/1.1
User-Agent: selenium/4.1.2 (java windows)
Cache-Control: no-cache
Content-Type: application/json; charset=utf-8
host: localhost:65505
accept: */*

Response DefaultHttpResponse(decodeResult: success, version: HTTP/1.1)
HTTP/1.1 200 OK
Content-Type: application/json; charset=utf-8
cache-control: no-cache
content-length: 18

08:32:03.113 [AsyncHttpClient-1-2] DEBUG org.asynchttpclient.netty.channel.ChannelManager - Adding key: http://localhost:65505 for channel [id: 0xcf67d802, L:/127.0.0.1:60193 - R:localhost/127.0.0.1:65505]
08:32:03.121 [Forwarding isElementEnabled on session fb66368ec804cb9c068e9ec6a6582759 to remote] DEBUG org.asynchttpclient.netty.request.NettyRequestSender - Using pooled Channel '[id: 0xcf67d802, L:/127.0.0.1:60193 - R:localhost/127.0.0.1:65505]' for 'GET' to 'http://localhost:65505/session/fb66368ec804cb9c068e9ec6a6582759/element/103b7451-8c74-4fc3-9d09-010d6579ff3f/enabled'
08:32:03.121 [Forwarding isElementEnabled on session fb66368ec804cb9c068e9ec6a6582759 to remote] DEBUG org.asynchttpclient.netty.request.NettyRequestSender - Using open Channel [id: 0xcf67d802, L:/127.0.0.1:60193 - R:localhost/127.0.0.1:65505] for GET '/session/fb66368ec804cb9c068e9ec6a6582759/element/103b7451-8c74-4fc3-9d09-010d6579ff3f/enabled'
08:32:03.130 [AsyncHttpClient-1-1] DEBUG org.asynchttpclient.netty.channel.DefaultChannelPool - Entry count for : http://localhost:60194 : 1
08:32:03.134 [AsyncHttpClient-1-2] DEBUG org.asynchttpclient.netty.handler.HttpHandler - 

Request DefaultFullHttpRequest(decodeResult: success, version: HTTP/1.1, content: EmptyByteBufBE)
GET /session/fb66368ec804cb9c068e9ec6a6582759/element/103b7451-8c74-4fc3-9d09-010d6579ff3f/enabled HTTP/1.1
User-Agent: selenium/4.1.2 (java windows)
Cache-Control: no-cache
Content-Type: application/json; charset=utf-8
host: localhost:65505
accept: */*

Response DefaultHttpResponse(decodeResult: success, version: HTTP/1.1)
HTTP/1.1 200 OK
Content-Type: application/json; charset=utf-8
cache-control: no-cache
content-length: 14

08:32:03.135 [AsyncHttpClient-1-2] DEBUG org.asynchttpclient.netty.channel.ChannelManager - Adding key: http://localhost:65505 for channel [id: 0xcf67d802, L:/127.0.0.1:60193 - R:localhost/127.0.0.1:65505]
08:32:03.138 [Forwarding isElementEnabled on session fb66368ec804cb9c068e9ec6a6582759 to remote] DEBUG org.asynchttpclient.netty.request.NettyRequestSender - Using pooled Channel '[id: 0xcf67d802, L:/127.0.0.1:60193 - R:localhost/127.0.0.1:65505]' for 'GET' to 'http://localhost:65505/session/fb66368ec804cb9c068e9ec6a6582759/element/103b7451-8c74-4fc3-9d09-010d6579ff3f/enabled'
08:32:03.138 [Forwarding isElementEnabled on session fb66368ec804cb9c068e9ec6a6582759 to remote] DEBUG org.asynchttpclient.netty.request.NettyRequestSender - Using open Channel [id: 0xcf67d802, L:/127.0.0.1:60193 - R:localhost/127.0.0.1:65505] for GET '/session/fb66368ec804cb9c068e9ec6a6582759/element/103b7451-8c74-4fc3-9d09-010d6579ff3f/enabled'
08:32:03.151 [AsyncHttpClient-1-2] DEBUG org.asynchttpclient.netty.handler.HttpHandler - 

Request DefaultFullHttpRequest(decodeResult: success, version: HTTP/1.1, content: EmptyByteBufBE)
GET /session/fb66368ec804cb9c068e9ec6a6582759/element/103b7451-8c74-4fc3-9d09-010d6579ff3f/enabled HTTP/1.1
User-Agent: selenium/4.1.2 (java windows)
Cache-Control: no-cache
Content-Type: application/json; charset=utf-8
host: localhost:65505
accept: */*

Response DefaultHttpResponse(decodeResult: success, version: HTTP/1.1)
HTTP/1.1 200 OK
Content-Type: application/json; charset=utf-8
cache-control: no-cache
content-length: 14

08:32:03.151 [AsyncHttpClient-1-2] DEBUG org.asynchttpclient.netty.channel.ChannelManager - Adding key: http://localhost:65505 for channel [id: 0xcf67d802, L:/127.0.0.1:60193 - R:localhost/127.0.0.1:65505]
08:32:03.155 [Forwarding findElement on session fb66368ec804cb9c068e9ec6a6582759 to remote] DEBUG org.asynchttpclient.netty.request.NettyRequestSender - Using pooled Channel '[id: 0xcf67d802, L:/127.0.0.1:60193 - R:localhost/127.0.0.1:65505]' for 'POST' to 'http://localhost:65505/session/fb66368ec804cb9c068e9ec6a6582759/element'
08:32:03.155 [Forwarding findElement on session fb66368ec804cb9c068e9ec6a6582759 to remote] DEBUG org.asynchttpclient.netty.request.NettyRequestSender - Using open Channel [id: 0xcf67d802, L:/127.0.0.1:60193 - R:localhost/127.0.0.1:65505] for POST '/session/fb66368ec804cb9c068e9ec6a6582759/element'
08:32:03.169 [AsyncHttpClient-1-2] DEBUG org.asynchttpclient.netty.handler.HttpHandler - 

Request DefaultHttpRequest(decodeResult: success, version: HTTP/1.1)
POST /session/fb66368ec804cb9c068e9ec6a6582759/element HTTP/1.1
User-Agent: selenium/4.1.2 (java windows)
Content-Length: 72
Content-Type: application/json; charset=utf-8
host: localhost:65505
accept: */*

Response DefaultHttpResponse(decodeResult: success, version: HTTP/1.1)
HTTP/1.1 200 OK
Content-Type: application/json; charset=utf-8
cache-control: no-cache
content-length: 88

08:32:03.169 [AsyncHttpClient-1-2] DEBUG org.asynchttpclient.netty.channel.ChannelManager - Adding key: http://localhost:65505 for channel [id: 0xcf67d802, L:/127.0.0.1:60193 - R:localhost/127.0.0.1:65505]
08:32:03.172 [Forwarding clickElement on session fb66368ec804cb9c068e9ec6a6582759 to remote] DEBUG org.asynchttpclient.netty.request.NettyRequestSender - Using pooled Channel '[id: 0xcf67d802, L:/127.0.0.1:60193 - R:localhost/127.0.0.1:65505]' for 'POST' to 'http://localhost:65505/session/fb66368ec804cb9c068e9ec6a6582759/element/103b7451-8c74-4fc3-9d09-010d6579ff3f/click'
08:32:03.172 [Forwarding clickElement on session fb66368ec804cb9c068e9ec6a6582759 to remote] DEBUG org.asynchttpclient.netty.request.NettyRequestSender - Using open Channel [id: 0xcf67d802, L:/127.0.0.1:60193 - R:localhost/127.0.0.1:65505] for POST '/session/fb66368ec804cb9c068e9ec6a6582759/element/103b7451-8c74-4fc3-9d09-010d6579ff3f/click'
08:32:03.248 [AsyncHttpClient-1-2] DEBUG org.asynchttpclient.netty.handler.HttpHandler - 

Request DefaultHttpRequest(decodeResult: success, version: HTTP/1.1)
POST /session/fb66368ec804cb9c068e9ec6a6582759/element/103b7451-8c74-4fc3-9d09-010d6579ff3f/click HTTP/1.1
User-Agent: selenium/4.1.2 (java windows)
Content-Length: 50
Content-Type: application/json; charset=utf-8
host: localhost:65505
accept: */*

Response DefaultHttpResponse(decodeResult: success, version: HTTP/1.1)
HTTP/1.1 200 OK
Content-Type: application/json; charset=utf-8
cache-control: no-cache
content-length: 14

08:32:03.249 [AsyncHttpClient-1-2] DEBUG org.asynchttpclient.netty.channel.ChannelManager - Adding key: http://localhost:65505 for channel [id: 0xcf67d802, L:/127.0.0.1:60193 - R:localhost/127.0.0.1:65505]
08:32:03.261 [Forwarding screenshot on session fb66368ec804cb9c068e9ec6a6582759 to remote] DEBUG org.asynchttpclient.netty.request.NettyRequestSender - Using pooled Channel '[id: 0xcf67d802, L:/127.0.0.1:60193 - R:localhost/127.0.0.1:65505]' for 'GET' to 'http://localhost:65505/session/fb66368ec804cb9c068e9ec6a6582759/screenshot'
08:32:03.262 [Forwarding screenshot on session fb66368ec804cb9c068e9ec6a6582759 to remote] DEBUG org.asynchttpclient.netty.request.NettyRequestSender - Using open Channel [id: 0xcf67d802, L:/127.0.0.1:60193 - R:localhost/127.0.0.1:65505] for GET '/session/fb66368ec804cb9c068e9ec6a6582759/screenshot'
08:32:04.239 [AsyncHttpClient-1-1] DEBUG org.asynchttpclient.netty.channel.DefaultChannelPool - Entry count for : http://localhost:60194 : 1
08:32:04.742 [AsyncHttpClient-1-2] DEBUG org.asynchttpclient.netty.handler.HttpHandler - 

Request DefaultFullHttpRequest(decodeResult: success, version: HTTP/1.1, content: EmptyByteBufBE)
GET /session/fb66368ec804cb9c068e9ec6a6582759/screenshot HTTP/1.1
User-Agent: selenium/4.1.2 (java windows)
Cache-Control: no-cache
Content-Type: application/json; charset=utf-8
host: localhost:65505
accept: */*

Response DefaultHttpResponse(decodeResult: success, version: HTTP/1.1)
HTTP/1.1 200 OK
Content-Type: application/json; charset=utf-8
cache-control: no-cache
content-length: 46868

08:32:04.744 [AsyncHttpClient-1-2] DEBUG org.asynchttpclient.netty.channel.ChannelManager - Adding key: http://localhost:65505 for channel [id: 0xcf67d802, L:/127.0.0.1:60193 - R:localhost/127.0.0.1:65505]
08:32:04.751 [main] DEBUG net.serenitybdd.core.photography.Darkroom - Send negative for processing for target\site\serenity\a8e086eb8054afaab6d3f9db2f44d4c925080b076988881019edd8588357ba6e.png
08:32:04.752 [main] DEBUG net.thucydides.core.steps.StepInterceptor - STEP DONE: clickLogin
08:32:04.752 [Darkroom Processing Line] DEBUG net.serenitybdd.core.photography.DarkroomProcessingLine - Processing screenshot image in /var/screenshots/screenshot-15136704280663331889
08:32:04.752 [Darkroom Processing Line] DEBUG net.serenitybdd.core.photography.DarkroomProcessingLine - Saving screenshot to target\site\serenity\a8e086eb8054afaab6d3f9db2f44d4c925080b076988881019edd8588357ba6e.png
  &amp#27;[32mAnd &amp#27;[0m&amp#27;[32mclick login button&amp#27;[0m                   &amp#27;[90m# starter.stepdefinitions.stepdefinition.clickLoginButton()&amp#27;[0m
08:32:04.879 [Forwarding findElement on session fb66368ec804cb9c068e9ec6a6582759 to remote] DEBUG org.asynchttpclient.netty.request.NettyRequestSender - Using pooled Channel '[id: 0xcf67d802, L:/127.0.0.1:60193 - R:localhost/127.0.0.1:65505]' for 'POST' to 'http://localhost:65505/session/fb66368ec804cb9c068e9ec6a6582759/element'
08:32:04.879 [Forwarding findElement on session fb66368ec804cb9c068e9ec6a6582759 to remote] DEBUG org.asynchttpclient.netty.request.NettyRequestSender - Using open Channel [id: 0xcf67d802, L:/127.0.0.1:60193 - R:localhost/127.0.0.1:65505] for POST '/session/fb66368ec804cb9c068e9ec6a6582759/element'
08:32:04.886 [AsyncHttpClient-1-2] DEBUG org.asynchttpclient.netty.handler.HttpHandler - 

Request DefaultHttpRequest(decodeResult: success, version: HTTP/1.1)
POST /session/fb66368ec804cb9c068e9ec6a6582759/element HTTP/1.1
User-Agent: selenium/4.1.2 (java windows)
Content-Length: 53
Content-Type: application/json; charset=utf-8
host: localhost:65505
accept: */*

Response DefaultHttpResponse(decodeResult: success, version: HTTP/1.1)
HTTP/1.1 400 Bad Request
Content-Type: application/json; charset=utf-8
cache-control: no-cache
content-length: 957

08:32:04.886 [AsyncHttpClient-1-2] DEBUG org.asynchttpclient.netty.channel.ChannelManager - Adding key: http://localhost:65505 for channel [id: 0xcf67d802, L:/127.0.0.1:60193 - R:localhost/127.0.0.1:65505]
08:32:04.905 [Forwarding findElement on session fb66368ec804cb9c068e9ec6a6582759 to remote] DEBUG org.asynchttpclient.netty.request.NettyRequestSender - Using pooled Channel '[id: 0xcf67d802, L:/127.0.0.1:60193 - R:localhost/127.0.0.1:65505]' for 'POST' to 'http://localhost:65505/session/fb66368ec804cb9c068e9ec6a6582759/element'
08:32:04.905 [Forwarding findElement on session fb66368ec804cb9c068e9ec6a6582759 to remote] DEBUG org.asynchttpclient.netty.request.NettyRequestSender - Using open Channel [id: 0xcf67d802, L:/127.0.0.1:60193 - R:localhost/127.0.0.1:65505] for POST '/session/fb66368ec804cb9c068e9ec6a6582759/element'
08:32:04.930 [AsyncHttpClient-1-2] DEBUG org.asynchttpclient.netty.handler.HttpHandler - 

Request DefaultHttpRequest(decodeResult: success, version: HTTP/1.1)
POST /session/fb66368ec804cb9c068e9ec6a6582759/element HTTP/1.1
User-Agent: selenium/4.1.2 (java windows)
Content-Length: 63
Content-Type: application/json; charset=utf-8
host: localhost:65505
accept: */*

Response DefaultHttpResponse(decodeResult: success, version: HTTP/1.1)
HTTP/1.1 200 OK
Content-Type: application/json; charset=utf-8
cache-control: no-cache
content-length: 88

08:32:04.930 [AsyncHttpClient-1-2] DEBUG org.asynchttpclient.netty.channel.ChannelManager - Adding key: http://localhost:65505 for channel [id: 0xcf67d802, L:/127.0.0.1:60193 - R:localhost/127.0.0.1:65505]
08:32:04.947 [Forwarding isElementDisplayed on session fb66368ec804cb9c068e9ec6a6582759 to remote] DEBUG org.asynchttpclient.netty.request.NettyRequestSender - Using pooled Channel '[id: 0xcf67d802, L:/127.0.0.1:60193 - R:localhost/127.0.0.1:65505]' for 'POST' to 'http://localhost:65505/session/fb66368ec804cb9c068e9ec6a6582759/execute/sync'
08:32:04.947 [Forwarding isElementDisplayed on session fb66368ec804cb9c068e9ec6a6582759 to remote] DEBUG org.asynchttpclient.netty.request.NettyRequestSender - Using open Channel [id: 0xcf67d802, L:/127.0.0.1:60193 - R:localhost/127.0.0.1:65505] for POST '/session/fb66368ec804cb9c068e9ec6a6582759/execute/sync'
08:32:04.985 [AsyncHttpClient-1-2] DEBUG org.asynchttpclient.netty.handler.HttpHandler - 

Request DefaultHttpRequest(decodeResult: success, version: HTTP/1.1)
POST /session/fb66368ec804cb9c068e9ec6a6582759/execute/sync HTTP/1.1
User-Agent: selenium/4.1.2 (java windows)
Content-Length: 48780
Content-Type: application/json; charset=utf-8
host: localhost:65505
accept: */*

Response DefaultHttpResponse(decodeResult: success, version: HTTP/1.1)
HTTP/1.1 200 OK
Content-Type: application/json; charset=utf-8
cache-control: no-cache
content-length: 14

08:32:04.986 [AsyncHttpClient-1-2] DEBUG org.asynchttpclient.netty.channel.ChannelManager - Adding key: http://localhost:65505 for channel [id: 0xcf67d802, L:/127.0.0.1:60193 - R:localhost/127.0.0.1:65505]
  &amp#27;[32mThen &amp#27;[0m&amp#27;[32mi get the &amp#27;[0m&amp#27;[32m&amp#27;[1m"home page"&amp#27;[0m               &amp#27;[90m# starter.stepdefinitions.stepdefinition.iGetThe(java.lang.String)&amp#27;[0m
08:32:04.998 [Forwarding screenshot on session fb66368ec804cb9c068e9ec6a6582759 to remote] DEBUG org.asynchttpclient.netty.request.NettyRequestSender - Using pooled Channel '[id: 0xcf67d802, L:/127.0.0.1:60193 - R:localhost/127.0.0.1:65505]' for 'GET' to 'http://localhost:65505/session/fb66368ec804cb9c068e9ec6a6582759/screenshot'
08:32:04.999 [Forwarding screenshot on session fb66368ec804cb9c068e9ec6a6582759 to remote] DEBUG org.asynchttpclient.netty.request.NettyRequestSender - Using open Channel [id: 0xcf67d802, L:/127.0.0.1:60193 - R:localhost/127.0.0.1:65505] for GET '/session/fb66368ec804cb9c068e9ec6a6582759/screenshot'
08:32:05.337 [AsyncHttpClient-1-1] DEBUG org.asynchttpclient.netty.channel.DefaultChannelPool - Entry count for : http://localhost:60194 : 1
08:32:06.434 [AsyncHttpClient-1-1] DEBUG org.asynchttpclient.netty.channel.DefaultChannelPool - Entry count for : http://localhost:60194 : 1
08:32:06.663 [AsyncHttpClient-1-2] DEBUG org.asynchttpclient.netty.handler.HttpHandler - 

Request DefaultFullHttpRequest(decodeResult: success, version: HTTP/1.1, content: EmptyByteBufBE)
GET /session/fb66368ec804cb9c068e9ec6a6582759/screenshot HTTP/1.1
User-Agent: selenium/4.1.2 (java windows)
Cache-Control: no-cache
Content-Type: application/json; charset=utf-8
host: localhost:65505
accept: */*

Response DefaultHttpResponse(decodeResult: success, version: HTTP/1.1)
HTTP/1.1 200 OK
Content-Type: application/json; charset=utf-8
cache-control: no-cache
content-length: 44440

08:32:06.665 [AsyncHttpClient-1-2] DEBUG org.asynchttpclient.netty.channel.ChannelManager - Adding key: http://localhost:65505 for channel [id: 0xcf67d802, L:/127.0.0.1:60193 - R:localhost/127.0.0.1:65505]
08:32:06.672 [main] DEBUG net.serenitybdd.core.photography.Darkroom - Send negative for processing for target\site\serenity\e9474226d7f9311bfbfe6ab0664aeb066ea029e80e0170f6835da1e3fd92fbdf.png
08:32:06.673 [Darkroom Processing Line] DEBUG net.serenitybdd.core.photography.DarkroomProcessingLine - Processing screenshot image in /var/screenshots/screenshot-12166315615761518531
08:32:06.674 [Darkroom Processing Line] DEBUG net.serenitybdd.core.photography.DarkroomProcessingLine - Saving screenshot to target\site\serenity\e9474226d7f9311bfbfe6ab0664aeb066ea029e80e0170f6835da1e3fd92fbdf.png
08:32:06.858 [Driver Command Executor] DEBUG org.asynchttpclient.netty.request.NettyRequestSender - Using pooled Channel '[id: 0xcf67d802, L:/127.0.0.1:60193 - R:localhost/127.0.0.1:65505]' for 'DELETE' to 'http://localhost:65505/session/fb66368ec804cb9c068e9ec6a6582759'
08:32:06.860 [Driver Command Executor] DEBUG org.asynchttpclient.netty.request.NettyRequestSender - Using open Channel [id: 0xcf67d802, L:/127.0.0.1:60193 - R:localhost/127.0.0.1:65505] for DELETE '/session/fb66368ec804cb9c068e9ec6a6582759'
08:32:06.866 [AsyncHttpClient-1-4] DEBUG org.asynchttpclient.netty.handler.WebSocketHandler - Channel Closed: [id: 0x8aad7df6, L:/127.0.0.1:60203 ! R:localhost/127.0.0.1:60194] with attribute NettyResponseFuture{currentRetry=5,
	isDone=1,
	isCancelled=0,
	asyncHandler=org.asynchttpclient.ws.WebSocketUpgradeHandler@cdecfc3,
	nettyRequest=org.asynchttpclient.netty.request.NettyRequest@32fe47a8,
	future=java.util.concurrent.CompletableFuture@5d6ada11[Completed normally],
	uri=ws://localhost:60194/devtools/browser/36c84e98-1230-4b7f-babd-cca95a9c1768,
	keepAlive=true,
	redirectCount=0,
	timeoutsHolder=null,
	inAuth=0,
	touch=1652837515422}
08:32:06.868 [AsyncHttpClient-1-4] DEBUG org.asynchttpclient.netty.channel.ChannelManager - Closing Channel [id: 0x8aad7df6, L:/127.0.0.1:60203 ! R:localhost/127.0.0.1:60194] 
08:32:07.014 [AsyncHttpClient-1-3] DEBUG org.asynchttpclient.netty.handler.HttpHandler - Unexpected I/O exception on channel [id: 0xd91d9f5b, L:/127.0.0.1:60202 - R:localhost/127.0.0.1:60194]
java.net.SocketException: Connection reset
	at java.base/sun.nio.ch.SocketChannelImpl.throwConnectionReset(SocketChannelImpl.java:367)
	at java.base/sun.nio.ch.SocketChannelImpl.read(SocketChannelImpl.java:398)
	at io.netty.buffer.PooledByteBuf.setBytes(PooledByteBuf.java:258)
	at io.netty.buffer.AbstractByteBuf.writeBytes(AbstractByteBuf.java:1132)
	at io.netty.channel.socket.nio.NioSocketChannel.doReadBytes(NioSocketChannel.java:350)
	at io.netty.channel.nio.AbstractNioByteChannel$NioByteUnsafe.read(AbstractNioByteChannel.java:151)
	at io.netty.channel.nio.NioEventLoop.processSelectedKey(NioEventLoop.java:722)
	at io.netty.channel.nio.NioEventLoop.processSelectedKeysOptimized(NioEventLoop.java:658)
	at io.netty.channel.nio.NioEventLoop.processSelectedKeys(NioEventLoop.java:584)
	at io.netty.channel.nio.NioEventLoop.run(NioEventLoop.java:496)
	at io.netty.util.concurrent.SingleThreadEventExecutor$4.run(SingleThreadEventExecutor.java:986)
	at io.netty.util.internal.ThreadExecutorMap$2.run(ThreadExecutorMap.java:74)
	at io.netty.util.concurrent.FastThreadLocalRunnable.run(FastThreadLocalRunnable.java:30)
	at java.base/java.lang.Thread.run(Thread.java:832)
08:32:07.015 [AsyncHttpClient-1-3] DEBUG org.asynchttpclient.netty.channel.ChannelManager - Closing Channel [id: 0xd91d9f5b, L:/127.0.0.1:60202 - R:localhost/127.0.0.1:60194] 
08:32:07.019 [AsyncHttpClient-1-3] DEBUG org.asynchttpclient.netty.handler.HttpHandler - Channel Closed: [id: 0xd91d9f5b, L:/127.0.0.1:60202 ! R:localhost/127.0.0.1:60194] with attribute DISCARD
08:32:07.043 [AsyncHttpClient-1-2] DEBUG org.asynchttpclient.netty.handler.HttpHandler - 

Request DefaultFullHttpRequest(decodeResult: success, version: HTTP/1.1, content: EmptyByteBufBE)
DELETE /session/fb66368ec804cb9c068e9ec6a6582759 HTTP/1.1
User-Agent: selenium/4.1.2 (java windows)
Content-Type: application/json; charset=utf-8
host: localhost:65505
accept: */*

Response DefaultHttpResponse(decodeResult: success, version: HTTP/1.1)
HTTP/1.1 200 OK
Content-Type: application/json; charset=utf-8
cache-control: no-cache
content-length: 14

08:32:07.044 [AsyncHttpClient-1-2] DEBUG org.asynchttpclient.netty.channel.ChannelManager - Adding key: http://localhost:65505 for channel [id: 0xcf67d802, L:/127.0.0.1:60193 - R:localhost/127.0.0.1:65505]
08:32:07.233 [AsyncHttpClient-1-2] DEBUG org.asynchttpclient.netty.handler.HttpHandler - Channel Closed: [id: 0xcf67d802, L:/127.0.0.1:60193 ! R:localhost/127.0.0.1:65505] with attribute DISCARD
08:32:07.527 [AsyncHttpClient-1-1] DEBUG org.asynchttpclient.netty.channel.DefaultChannelPool - Entry count for : http://localhost:65505 : 1
08:32:07.527 [AsyncHttpClient-1-1] DEBUG org.asynchttpclient.netty.channel.DefaultChannelPool - Entry count for : http://localhost:60194 : 1
08:32:07.527 [AsyncHttpClient-1-1] DEBUG org.asynchttpclient.netty.channel.DefaultChannelPool - Adding Candidate expired Channel [id: 0xcf67d802, L:/127.0.0.1:60193 ! R:localhost/127.0.0.1:65505] isIdleTimeoutExpired=false isRemotelyClosed=true isTtlExpired=false
08:32:07.527 [AsyncHttpClient-1-1] DEBUG org.asynchttpclient.netty.channel.DefaultChannelPool - Closing Idle Channel [id: 0xcf67d802, L:/127.0.0.1:60193 ! R:localhost/127.0.0.1:65505]
08:32:07.528 [AsyncHttpClient-1-1] DEBUG org.asynchttpclient.netty.channel.DefaultChannelPool - Adding Candidate expired Channel [id: 0xd91d9f5b, L:/127.0.0.1:60202 ! R:localhost/127.0.0.1:60194] isIdleTimeoutExpired=false isRemotelyClosed=true isTtlExpired=false
08:32:07.528 [AsyncHttpClient-1-1] DEBUG org.asynchttpclient.netty.channel.DefaultChannelPool - Closing Idle Channel [id: 0xd91d9f5b, L:/127.0.0.1:60202 ! R:localhost/127.0.0.1:60194]
08:32:07.528 [AsyncHttpClient-1-1] DEBUG org.asynchttpclient.netty.channel.DefaultChannelPool - Closed 2 connections out of 2 in 1 ms
08:32:07.765 [main] INFO  - 
  _____   ___   ___   _____     ___     _     ___   ___   ___   ___  
 |_   _| | __| / __| |_   _|   | _ \   /_\   / __| / __| | __| |   \ 
   | |   | _|  \__ \   | |     |  _/  / _ \  \__ \ \__ \ | _|  | |) |
   |_|   |___| |___/   |_|     |_|   /_/ \_\ |___/ |___/ |___| |___/ 

Login scenario
----------------------------------------------------------------------
]]></system-out>
    <system-err><![CDATA[Starting ChromeDriver 101.0.4951.41 (93c720db8323b3ec10d056025ab95c23a31997c9-refs/branch-heads/4951@{#904}) on port 65505
Only local connections are allowed.
Please see https://chromedriver.chromium.org/security-considerations for suggestions on keeping ChromeDriver safe.
ChromeDriver was started successfully.
May 18, 2022 8:31:55 AM org.openqa.selenium.remote.ProtocolHandshake createSession
INFO: Detected dialect: W3C
May 18, 2022 8:31:55 AM org.openqa.selenium.devtools.CdpVersionFinder findNearestMatch
WARNING: Unable to find an exact match for CDP version 101, so returning the closest version found: 97
May 18, 2022 8:31:55 AM org.openqa.selenium.devtools.CdpVersionFinder findNearestMatch
INFO: Found CDP implementation for version 101 of 97
]]></system-err>
  </testcase>
  <testcase name="Login scenario #2" classname="Login" time="12.762">
    <system-out><![CDATA[
@DDT
Scenario Outline: Login scenario           &amp#27;[90m# src/test/resources/features/login.feature:18&amp#27;[0m
08:32:07.812 [main] INFO io.cucumber.core.plugin.SerenityReporter - Running feature from file:///D:/PERKULIAHAN/Semester%206,Hebatt%20glad!/Altera/QE_Gladys-Cindana-Asri-Pardosi/Mini-Project/Web/src/test/resources/features/login.feature
08:32:07.881 [main] DEBUG net.thucydides.core.steps.StepInterceptor - STARTING STEP: stepdefinition.iAmOnLoginPage - openUrl
08:32:07.883 [main] INFO net.serenitybdd.core.webdriver.driverproviders.ChromeDriverProvider - Using automatically driver download
08:32:08.134 [main] DEBUG io.github.bonigarcia.wdm.cache.ResolutionCache - Resolution chrome=101 in cache (valid until 09:23:35 18/05/2022 WIB)
08:32:08.152 [main] DEBUG io.github.bonigarcia.wdm.cache.ResolutionCache - Resolution chrome101=101.0.4951.41 in cache (valid until 18:48:44 18/05/2022 WIB)
08:32:08.161 [main] INFO io.github.bonigarcia.wdm.WebDriverManager - Using chromedriver 101.0.4951.41 (resolved driver for Chrome 101)
08:32:08.207 [main] DEBUG io.github.bonigarcia.wdm.WebDriverManager - Driver chromedriver 101.0.4951.41 found in cache
08:32:08.210 [main] INFO io.github.bonigarcia.wdm.WebDriverManager - Exporting webdriver.chrome.driver as C:\Users\ASUS\.cache\selenium\chromedriver\win32\101.0.4951.41\chromedriver.exe
08:32:08.384 [main] DEBUG net.serenitybdd.core.webdriver.driverproviders.ProvideNewDriver - Instantiating driver
08:32:08.384 [main] DEBUG net.serenitybdd.core.webdriver.driverproviders.ProvideNewDriver - Driver capabilities: Capabilities {acceptInsecureCerts: false, base.url: , browserName: chrome, goog:chromeOptions: {args: [], extensions: []}}
08:32:08.948 [AsyncHttpClient-1-5] DEBUG org.asynchttpclient.netty.channel.NettyConnectListener - Using new Channel '[id: 0xce087932, L:/127.0.0.1:60237 - R:localhost/127.0.0.1:59075]' for 'POST' to '/session'
08:32:10.441 [AsyncHttpClient-1-5] DEBUG org.asynchttpclient.netty.handler.HttpHandler - 

Request DefaultHttpRequest(decodeResult: success, version: HTTP/1.1)
POST /session HTTP/1.1
User-Agent: selenium/4.1.2 (java windows)
Content-Length: 457
Content-Type: application/json; charset=utf-8
host: localhost:59075
accept: */*

Response DefaultHttpResponse(decodeResult: success, version: HTTP/1.1)
HTTP/1.1 200 OK
Content-Type: application/json; charset=utf-8
cache-control: no-cache
content-length: 788

08:32:10.442 [AsyncHttpClient-1-5] DEBUG org.asynchttpclient.netty.channel.ChannelManager - Adding key: http://localhost:59075 for channel [id: 0xce087932, L:/127.0.0.1:60237 - R:localhost/127.0.0.1:59075]
08:32:10.465 [AsyncHttpClient-1-6] DEBUG org.asynchttpclient.netty.channel.NettyConnectListener - Using new Channel '[id: 0xd2b5df1b, L:/127.0.0.1:60247 - R:localhost/127.0.0.1:60239]' for 'GET' to '/json/version'
08:32:10.480 [AsyncHttpClient-1-6] DEBUG org.asynchttpclient.netty.handler.HttpHandler - 

Request DefaultFullHttpRequest(decodeResult: success, version: HTTP/1.1, content: EmptyByteBufBE)
GET /json/version HTTP/1.1
User-Agent: selenium/4.1.2 (java windows)
host: localhost:60239
accept: */*

Response DefaultHttpResponse(decodeResult: success, version: HTTP/1.1)
HTTP/1.1 200 OK
Content-Type: application/json; charset=UTF-8
content-length: 427

08:32:10.481 [AsyncHttpClient-1-6] DEBUG org.asynchttpclient.netty.channel.ChannelManager - Adding key: http://localhost:60239 for channel [id: 0xd2b5df1b, L:/127.0.0.1:60247 - R:localhost/127.0.0.1:60239]
08:32:10.494 [AsyncHttpClient-1-7] DEBUG org.asynchttpclient.netty.channel.NettyConnectListener - Using new Channel '[id: 0xed0c425f, L:/127.0.0.1:60248 - R:localhost/127.0.0.1:60239]' for 'GET' to '/devtools/browser/6d1a0430-060e-473d-a799-8ce66abc56e3'
08:32:10.518 [AsyncHttpClient-1-7] DEBUG org.asynchttpclient.netty.handler.WebSocketHandler - 

Request DefaultFullHttpRequest(decodeResult: success, version: HTTP/1.1, content: EmptyByteBufBE)
GET /devtools/browser/6d1a0430-060e-473d-a799-8ce66abc56e3 HTTP/1.1
upgrade: websocket
connection: upgrade
sec-websocket-key: ix/+pqXKRRa3YWIx3YY2SA==
sec-websocket-version: 13
origin: http://localhost:60239
host: localhost:60239
accept: */*
user-agent: AHC/2.1

Response DefaultHttpResponse(decodeResult: success, version: HTTP/1.1)
HTTP/1.1 101 WebSocket Protocol Handshake
Upgrade: WebSocket
Connection: Upgrade
Sec-WebSocket-Accept: LM43YgSHK6gUYUkx2f5qDM1NjCo=

08:32:10.533 [Forwarding get on session 99b2c4c36c480e9074ac01339b5e6ff3 to remote] DEBUG org.asynchttpclient.netty.request.NettyRequestSender - Using pooled Channel '[id: 0xce087932, L:/127.0.0.1:60237 - R:localhost/127.0.0.1:59075]' for 'POST' to 'http://localhost:59075/session/99b2c4c36c480e9074ac01339b5e6ff3/url'
08:32:10.533 [Forwarding get on session 99b2c4c36c480e9074ac01339b5e6ff3 to remote] DEBUG org.asynchttpclient.netty.request.NettyRequestSender - Using open Channel [id: 0xce087932, L:/127.0.0.1:60237 - R:localhost/127.0.0.1:59075] for POST '/session/99b2c4c36c480e9074ac01339b5e6ff3/url'
08:32:10.833 [AsyncHttpClient-1-1] DEBUG org.asynchttpclient.netty.channel.DefaultChannelPool - Entry count for : http://localhost:60239 : 1
08:32:11.929 [AsyncHttpClient-1-1] DEBUG org.asynchttpclient.netty.channel.DefaultChannelPool - Entry count for : http://localhost:60239 : 1
08:32:13.038 [AsyncHttpClient-1-1] DEBUG org.asynchttpclient.netty.channel.DefaultChannelPool - Entry count for : http://localhost:60239 : 1
08:32:14.131 [AsyncHttpClient-1-1] DEBUG org.asynchttpclient.netty.channel.DefaultChannelPool - Entry count for : http://localhost:60239 : 1
08:32:15.019 [AsyncHttpClient-1-5] DEBUG org.asynchttpclient.netty.handler.HttpHandler - 

Request DefaultHttpRequest(decodeResult: success, version: HTTP/1.1)
POST /session/99b2c4c36c480e9074ac01339b5e6ff3/url HTTP/1.1
User-Agent: selenium/4.1.2 (java windows)
Content-Length: 49
Content-Type: application/json; charset=utf-8
host: localhost:59075
accept: */*

Response DefaultHttpResponse(decodeResult: success, version: HTTP/1.1)
HTTP/1.1 200 OK
Content-Type: application/json; charset=utf-8
cache-control: no-cache
content-length: 14

08:32:15.020 [AsyncHttpClient-1-5] DEBUG org.asynchttpclient.netty.channel.ChannelManager - Adding key: http://localhost:59075 for channel [id: 0xce087932, L:/127.0.0.1:60237 - R:localhost/127.0.0.1:59075]
08:32:15.023 [Forwarding setTimeout on session 99b2c4c36c480e9074ac01339b5e6ff3 to remote] DEBUG org.asynchttpclient.netty.request.NettyRequestSender - Using pooled Channel '[id: 0xce087932, L:/127.0.0.1:60237 - R:localhost/127.0.0.1:59075]' for 'POST' to 'http://localhost:59075/session/99b2c4c36c480e9074ac01339b5e6ff3/timeouts'
08:32:15.023 [Forwarding setTimeout on session 99b2c4c36c480e9074ac01339b5e6ff3 to remote] DEBUG org.asynchttpclient.netty.request.NettyRequestSender - Using open Channel [id: 0xce087932, L:/127.0.0.1:60237 - R:localhost/127.0.0.1:59075] for POST '/session/99b2c4c36c480e9074ac01339b5e6ff3/timeouts'
08:32:15.025 [AsyncHttpClient-1-5] DEBUG org.asynchttpclient.netty.handler.HttpHandler - 

Request DefaultHttpRequest(decodeResult: success, version: HTTP/1.1)
POST /session/99b2c4c36c480e9074ac01339b5e6ff3/timeouts HTTP/1.1
User-Agent: selenium/4.1.2 (java windows)
Content-Length: 22
Content-Type: application/json; charset=utf-8
host: localhost:59075
accept: */*

Response DefaultHttpResponse(decodeResult: success, version: HTTP/1.1)
HTTP/1.1 200 OK
Content-Type: application/json; charset=utf-8
cache-control: no-cache
content-length: 14

08:32:15.026 [AsyncHttpClient-1-5] DEBUG org.asynchttpclient.netty.channel.ChannelManager - Adding key: http://localhost:59075 for channel [id: 0xce087932, L:/127.0.0.1:60237 - R:localhost/127.0.0.1:59075]
08:32:15.032 [Forwarding getCurrentUrl on session 99b2c4c36c480e9074ac01339b5e6ff3 to remote] DEBUG org.asynchttpclient.netty.request.NettyRequestSender - Using pooled Channel '[id: 0xce087932, L:/127.0.0.1:60237 - R:localhost/127.0.0.1:59075]' for 'GET' to 'http://localhost:59075/session/99b2c4c36c480e9074ac01339b5e6ff3/url'
08:32:15.032 [Forwarding getCurrentUrl on session 99b2c4c36c480e9074ac01339b5e6ff3 to remote] DEBUG org.asynchttpclient.netty.request.NettyRequestSender - Using open Channel [id: 0xce087932, L:/127.0.0.1:60237 - R:localhost/127.0.0.1:59075] for GET '/session/99b2c4c36c480e9074ac01339b5e6ff3/url'
08:32:15.041 [AsyncHttpClient-1-5] DEBUG org.asynchttpclient.netty.handler.HttpHandler - 

Request DefaultFullHttpRequest(decodeResult: success, version: HTTP/1.1, content: EmptyByteBufBE)
GET /session/99b2c4c36c480e9074ac01339b5e6ff3/url HTTP/1.1
User-Agent: selenium/4.1.2 (java windows)
Cache-Control: no-cache
Content-Type: application/json; charset=utf-8
host: localhost:59075
accept: */*

Response DefaultHttpResponse(decodeResult: success, version: HTTP/1.1)
HTTP/1.1 200 OK
Content-Type: application/json; charset=utf-8
cache-control: no-cache
content-length: 31

08:32:15.042 [AsyncHttpClient-1-5] DEBUG org.asynchttpclient.netty.channel.ChannelManager - Adding key: http://localhost:59075 for channel [id: 0xce087932, L:/127.0.0.1:60237 - R:localhost/127.0.0.1:59075]
08:32:15.051 [Forwarding screenshot on session 99b2c4c36c480e9074ac01339b5e6ff3 to remote] DEBUG org.asynchttpclient.netty.request.NettyRequestSender - Using pooled Channel '[id: 0xce087932, L:/127.0.0.1:60237 - R:localhost/127.0.0.1:59075]' for 'GET' to 'http://localhost:59075/session/99b2c4c36c480e9074ac01339b5e6ff3/screenshot'
08:32:15.051 [Forwarding screenshot on session 99b2c4c36c480e9074ac01339b5e6ff3 to remote] DEBUG org.asynchttpclient.netty.request.NettyRequestSender - Using open Channel [id: 0xce087932, L:/127.0.0.1:60237 - R:localhost/127.0.0.1:59075] for GET '/session/99b2c4c36c480e9074ac01339b5e6ff3/screenshot'
08:32:15.229 [AsyncHttpClient-1-1] DEBUG org.asynchttpclient.netty.channel.DefaultChannelPool - Entry count for : http://localhost:60239 : 1
08:32:16.328 [AsyncHttpClient-1-1] DEBUG org.asynchttpclient.netty.channel.DefaultChannelPool - Entry count for : http://localhost:60239 : 1
08:32:16.924 [AsyncHttpClient-1-5] DEBUG org.asynchttpclient.netty.handler.HttpHandler - 

Request DefaultFullHttpRequest(decodeResult: success, version: HTTP/1.1, content: EmptyByteBufBE)
GET /session/99b2c4c36c480e9074ac01339b5e6ff3/screenshot HTTP/1.1
User-Agent: selenium/4.1.2 (java windows)
Cache-Control: no-cache
Content-Type: application/json; charset=utf-8
host: localhost:59075
accept: */*

Response DefaultHttpResponse(decodeResult: success, version: HTTP/1.1)
HTTP/1.1 200 OK
Content-Type: application/json; charset=utf-8
cache-control: no-cache
content-length: 41688

08:32:16.927 [AsyncHttpClient-1-5] DEBUG org.asynchttpclient.netty.channel.ChannelManager - Adding key: http://localhost:59075 for channel [id: 0xce087932, L:/127.0.0.1:60237 - R:localhost/127.0.0.1:59075]
08:32:16.934 [main] DEBUG net.serenitybdd.core.photography.Darkroom - Send negative for processing for target\site\serenity\433b14fa47db323c85b298733dfca330feedefc353f2af67dc9007e56742fc5d.png
08:32:16.934 [main] DEBUG net.thucydides.core.steps.StepInterceptor - STEP DONE: openUrl
08:32:16.935 [Darkroom Processing Line] DEBUG net.serenitybdd.core.photography.DarkroomProcessingLine - Processing screenshot image in /var/screenshots/screenshot-17968508454677712861
08:32:16.935 [Darkroom Processing Line] DEBUG net.serenitybdd.core.photography.DarkroomProcessingLine - Saving screenshot to target\site\serenity\433b14fa47db323c85b298733dfca330feedefc353f2af67dc9007e56742fc5d.png
08:32:16.947 [main] DEBUG net.thucydides.core.steps.StepInterceptor - STARTING STEP: stepdefinition.iAmOnLoginPage - clickIconLogin
08:32:16.954 [Forwarding findElement on session 99b2c4c36c480e9074ac01339b5e6ff3 to remote] DEBUG org.asynchttpclient.netty.request.NettyRequestSender - Using pooled Channel '[id: 0xce087932, L:/127.0.0.1:60237 - R:localhost/127.0.0.1:59075]' for 'POST' to 'http://localhost:59075/session/99b2c4c36c480e9074ac01339b5e6ff3/element'
08:32:16.955 [Forwarding findElement on session 99b2c4c36c480e9074ac01339b5e6ff3 to remote] DEBUG org.asynchttpclient.netty.request.NettyRequestSender - Using open Channel [id: 0xce087932, L:/127.0.0.1:60237 - R:localhost/127.0.0.1:59075] for POST '/session/99b2c4c36c480e9074ac01339b5e6ff3/element'
08:32:16.992 [AsyncHttpClient-1-5] DEBUG org.asynchttpclient.netty.handler.HttpHandler - 

Request DefaultHttpRequest(decodeResult: success, version: HTTP/1.1)
POST /session/99b2c4c36c480e9074ac01339b5e6ff3/element HTTP/1.1
User-Agent: selenium/4.1.2 (java windows)
Content-Length: 170
Content-Type: application/json; charset=utf-8
host: localhost:59075
accept: */*

Response DefaultHttpResponse(decodeResult: success, version: HTTP/1.1)
HTTP/1.1 200 OK
Content-Type: application/json; charset=utf-8
cache-control: no-cache
content-length: 88

08:32:16.993 [AsyncHttpClient-1-5] DEBUG org.asynchttpclient.netty.channel.ChannelManager - Adding key: http://localhost:59075 for channel [id: 0xce087932, L:/127.0.0.1:60237 - R:localhost/127.0.0.1:59075]
08:32:16.997 [Forwarding getElementTagName on session 99b2c4c36c480e9074ac01339b5e6ff3 to remote] DEBUG org.asynchttpclient.netty.request.NettyRequestSender - Using pooled Channel '[id: 0xce087932, L:/127.0.0.1:60237 - R:localhost/127.0.0.1:59075]' for 'GET' to 'http://localhost:59075/session/99b2c4c36c480e9074ac01339b5e6ff3/element/0d3664a6-e660-4bb2-97c4-74e4c5d82366/name'
08:32:16.997 [Forwarding getElementTagName on session 99b2c4c36c480e9074ac01339b5e6ff3 to remote] DEBUG org.asynchttpclient.netty.request.NettyRequestSender - Using open Channel [id: 0xce087932, L:/127.0.0.1:60237 - R:localhost/127.0.0.1:59075] for GET '/session/99b2c4c36c480e9074ac01339b5e6ff3/element/0d3664a6-e660-4bb2-97c4-74e4c5d82366/name'
08:32:17.004 [AsyncHttpClient-1-5] DEBUG org.asynchttpclient.netty.handler.HttpHandler - 

Request DefaultFullHttpRequest(decodeResult: success, version: HTTP/1.1, content: EmptyByteBufBE)
GET /session/99b2c4c36c480e9074ac01339b5e6ff3/element/0d3664a6-e660-4bb2-97c4-74e4c5d82366/name HTTP/1.1
User-Agent: selenium/4.1.2 (java windows)
Cache-Control: no-cache
Content-Type: application/json; charset=utf-8
host: localhost:59075
accept: */*

Response DefaultHttpResponse(decodeResult: success, version: HTTP/1.1)
HTTP/1.1 200 OK
Content-Type: application/json; charset=utf-8
cache-control: no-cache
content-length: 13

08:32:17.004 [AsyncHttpClient-1-5] DEBUG org.asynchttpclient.netty.channel.ChannelManager - Adding key: http://localhost:59075 for channel [id: 0xce087932, L:/127.0.0.1:60237 - R:localhost/127.0.0.1:59075]
08:32:17.008 [Forwarding getElementTagName on session 99b2c4c36c480e9074ac01339b5e6ff3 to remote] DEBUG org.asynchttpclient.netty.request.NettyRequestSender - Using pooled Channel '[id: 0xce087932, L:/127.0.0.1:60237 - R:localhost/127.0.0.1:59075]' for 'GET' to 'http://localhost:59075/session/99b2c4c36c480e9074ac01339b5e6ff3/element/0d3664a6-e660-4bb2-97c4-74e4c5d82366/name'
08:32:17.008 [Forwarding getElementTagName on session 99b2c4c36c480e9074ac01339b5e6ff3 to remote] DEBUG org.asynchttpclient.netty.request.NettyRequestSender - Using open Channel [id: 0xce087932, L:/127.0.0.1:60237 - R:localhost/127.0.0.1:59075] for GET '/session/99b2c4c36c480e9074ac01339b5e6ff3/element/0d3664a6-e660-4bb2-97c4-74e4c5d82366/name'
08:32:17.014 [AsyncHttpClient-1-5] DEBUG org.asynchttpclient.netty.handler.HttpHandler - 

Request DefaultFullHttpRequest(decodeResult: success, version: HTTP/1.1, content: EmptyByteBufBE)
GET /session/99b2c4c36c480e9074ac01339b5e6ff3/element/0d3664a6-e660-4bb2-97c4-74e4c5d82366/name HTTP/1.1
User-Agent: selenium/4.1.2 (java windows)
Cache-Control: no-cache
Content-Type: application/json; charset=utf-8
host: localhost:59075
accept: */*

Response DefaultHttpResponse(decodeResult: success, version: HTTP/1.1)
HTTP/1.1 200 OK
Content-Type: application/json; charset=utf-8
cache-control: no-cache
content-length: 13

08:32:17.015 [AsyncHttpClient-1-5] DEBUG org.asynchttpclient.netty.channel.ChannelManager - Adding key: http://localhost:59075 for channel [id: 0xce087932, L:/127.0.0.1:60237 - R:localhost/127.0.0.1:59075]
08:32:17.020 [Forwarding findElement on session 99b2c4c36c480e9074ac01339b5e6ff3 to remote] DEBUG org.asynchttpclient.netty.request.NettyRequestSender - Using pooled Channel '[id: 0xce087932, L:/127.0.0.1:60237 - R:localhost/127.0.0.1:59075]' for 'POST' to 'http://localhost:59075/session/99b2c4c36c480e9074ac01339b5e6ff3/element'
08:32:17.020 [Forwarding findElement on session 99b2c4c36c480e9074ac01339b5e6ff3 to remote] DEBUG org.asynchttpclient.netty.request.NettyRequestSender - Using open Channel [id: 0xce087932, L:/127.0.0.1:60237 - R:localhost/127.0.0.1:59075] for POST '/session/99b2c4c36c480e9074ac01339b5e6ff3/element'
08:32:17.038 [AsyncHttpClient-1-5] DEBUG org.asynchttpclient.netty.handler.HttpHandler - 

Request DefaultHttpRequest(decodeResult: success, version: HTTP/1.1)
POST /session/99b2c4c36c480e9074ac01339b5e6ff3/element HTTP/1.1
User-Agent: selenium/4.1.2 (java windows)
Content-Length: 170
Content-Type: application/json; charset=utf-8
host: localhost:59075
accept: */*

Response DefaultHttpResponse(decodeResult: success, version: HTTP/1.1)
HTTP/1.1 200 OK
Content-Type: application/json; charset=utf-8
cache-control: no-cache
content-length: 88

08:32:17.038 [AsyncHttpClient-1-5] DEBUG org.asynchttpclient.netty.channel.ChannelManager - Adding key: http://localhost:59075 for channel [id: 0xce087932, L:/127.0.0.1:60237 - R:localhost/127.0.0.1:59075]
08:32:17.042 [Forwarding clickElement on session 99b2c4c36c480e9074ac01339b5e6ff3 to remote] DEBUG org.asynchttpclient.netty.request.NettyRequestSender - Using pooled Channel '[id: 0xce087932, L:/127.0.0.1:60237 - R:localhost/127.0.0.1:59075]' for 'POST' to 'http://localhost:59075/session/99b2c4c36c480e9074ac01339b5e6ff3/element/0d3664a6-e660-4bb2-97c4-74e4c5d82366/click'
08:32:17.042 [Forwarding clickElement on session 99b2c4c36c480e9074ac01339b5e6ff3 to remote] DEBUG org.asynchttpclient.netty.request.NettyRequestSender - Using open Channel [id: 0xce087932, L:/127.0.0.1:60237 - R:localhost/127.0.0.1:59075] for POST '/session/99b2c4c36c480e9074ac01339b5e6ff3/element/0d3664a6-e660-4bb2-97c4-74e4c5d82366/click'
08:32:17.123 [AsyncHttpClient-1-5] DEBUG org.asynchttpclient.netty.handler.HttpHandler - 

Request DefaultHttpRequest(decodeResult: success, version: HTTP/1.1)
POST /session/99b2c4c36c480e9074ac01339b5e6ff3/element/0d3664a6-e660-4bb2-97c4-74e4c5d82366/click HTTP/1.1
User-Agent: selenium/4.1.2 (java windows)
Content-Length: 50
Content-Type: application/json; charset=utf-8
host: localhost:59075
accept: */*

Response DefaultHttpResponse(decodeResult: success, version: HTTP/1.1)
HTTP/1.1 200 OK
Content-Type: application/json; charset=utf-8
cache-control: no-cache
content-length: 14

08:32:17.124 [AsyncHttpClient-1-5] DEBUG org.asynchttpclient.netty.channel.ChannelManager - Adding key: http://localhost:59075 for channel [id: 0xce087932, L:/127.0.0.1:60237 - R:localhost/127.0.0.1:59075]
08:32:17.141 [Forwarding screenshot on session 99b2c4c36c480e9074ac01339b5e6ff3 to remote] DEBUG org.asynchttpclient.netty.request.NettyRequestSender - Using pooled Channel '[id: 0xce087932, L:/127.0.0.1:60237 - R:localhost/127.0.0.1:59075]' for 'GET' to 'http://localhost:59075/session/99b2c4c36c480e9074ac01339b5e6ff3/screenshot'
08:32:17.141 [Forwarding screenshot on session 99b2c4c36c480e9074ac01339b5e6ff3 to remote] DEBUG org.asynchttpclient.netty.request.NettyRequestSender - Using open Channel [id: 0xce087932, L:/127.0.0.1:60237 - R:localhost/127.0.0.1:59075] for GET '/session/99b2c4c36c480e9074ac01339b5e6ff3/screenshot'
08:32:17.428 [AsyncHttpClient-1-1] DEBUG org.asynchttpclient.netty.channel.DefaultChannelPool - Entry count for : http://localhost:60239 : 1
08:32:17.666 [AsyncHttpClient-1-5] DEBUG org.asynchttpclient.netty.handler.HttpHandler - 

Request DefaultFullHttpRequest(decodeResult: success, version: HTTP/1.1, content: EmptyByteBufBE)
GET /session/99b2c4c36c480e9074ac01339b5e6ff3/screenshot HTTP/1.1
User-Agent: selenium/4.1.2 (java windows)
Cache-Control: no-cache
Content-Type: application/json; charset=utf-8
host: localhost:59075
accept: */*

Response DefaultHttpResponse(decodeResult: success, version: HTTP/1.1)
HTTP/1.1 200 OK
Content-Type: application/json; charset=utf-8
cache-control: no-cache
content-length: 39520

08:32:17.668 [AsyncHttpClient-1-5] DEBUG org.asynchttpclient.netty.channel.ChannelManager - Adding key: http://localhost:59075 for channel [id: 0xce087932, L:/127.0.0.1:60237 - R:localhost/127.0.0.1:59075]
08:32:17.672 [main] DEBUG net.serenitybdd.core.photography.Darkroom - Send negative for processing for target\site\serenity\1288ad2728c710f67d550c819c438d21557d4755e33a862f2b4f8299bee42c2a.png
08:32:17.673 [main] DEBUG net.thucydides.core.steps.StepInterceptor - STEP DONE: clickIconLogin
  &amp#27;[32mGiven &amp#27;[0m&amp#27;[32mi am on login page&amp#27;[0m                 &amp#27;[90m# starter.stepdefinitions.stepdefinition.iAmOnLoginPage()&amp#27;[0m
08:32:17.673 [Darkroom Processing Line] DEBUG net.serenitybdd.core.photography.DarkroomProcessingLine - Processing screenshot image in /var/screenshots/screenshot-7778078476937583103
08:32:17.673 [Darkroom Processing Line] DEBUG net.serenitybdd.core.photography.DarkroomProcessingLine - Saving screenshot to target\site\serenity\1288ad2728c710f67d550c819c438d21557d4755e33a862f2b4f8299bee42c2a.png
08:32:17.702 [main] DEBUG net.thucydides.core.steps.StepInterceptor - STARTING STEP: stepdefinition.iInputUsername - inputUsername
08:32:17.707 [Forwarding findElement on session 99b2c4c36c480e9074ac01339b5e6ff3 to remote] DEBUG org.asynchttpclient.netty.request.NettyRequestSender - Using pooled Channel '[id: 0xce087932, L:/127.0.0.1:60237 - R:localhost/127.0.0.1:59075]' for 'POST' to 'http://localhost:59075/session/99b2c4c36c480e9074ac01339b5e6ff3/element'
08:32:17.707 [Forwarding findElement on session 99b2c4c36c480e9074ac01339b5e6ff3 to remote] DEBUG org.asynchttpclient.netty.request.NettyRequestSender - Using open Channel [id: 0xce087932, L:/127.0.0.1:60237 - R:localhost/127.0.0.1:59075] for POST '/session/99b2c4c36c480e9074ac01339b5e6ff3/element'
08:32:17.732 [AsyncHttpClient-1-5] DEBUG org.asynchttpclient.netty.handler.HttpHandler - 

Request DefaultHttpRequest(decodeResult: success, version: HTTP/1.1)
POST /session/99b2c4c36c480e9074ac01339b5e6ff3/element HTTP/1.1
User-Agent: selenium/4.1.2 (java windows)
Content-Length: 86
Content-Type: application/json; charset=utf-8
host: localhost:59075
accept: */*

Response DefaultHttpResponse(decodeResult: success, version: HTTP/1.1)
HTTP/1.1 200 OK
Content-Type: application/json; charset=utf-8
cache-control: no-cache
content-length: 88

08:32:17.733 [AsyncHttpClient-1-5] DEBUG org.asynchttpclient.netty.channel.ChannelManager - Adding key: http://localhost:59075 for channel [id: 0xce087932, L:/127.0.0.1:60237 - R:localhost/127.0.0.1:59075]
08:32:17.736 [Forwarding clearElement on session 99b2c4c36c480e9074ac01339b5e6ff3 to remote] DEBUG org.asynchttpclient.netty.request.NettyRequestSender - Using pooled Channel '[id: 0xce087932, L:/127.0.0.1:60237 - R:localhost/127.0.0.1:59075]' for 'POST' to 'http://localhost:59075/session/99b2c4c36c480e9074ac01339b5e6ff3/element/ab67fbf7-7e2b-4c03-9b4a-fc744bc5a78b/clear'
08:32:17.736 [Forwarding clearElement on session 99b2c4c36c480e9074ac01339b5e6ff3 to remote] DEBUG org.asynchttpclient.netty.request.NettyRequestSender - Using open Channel [id: 0xce087932, L:/127.0.0.1:60237 - R:localhost/127.0.0.1:59075] for POST '/session/99b2c4c36c480e9074ac01339b5e6ff3/element/ab67fbf7-7e2b-4c03-9b4a-fc744bc5a78b/clear'
08:32:17.806 [AsyncHttpClient-1-5] DEBUG org.asynchttpclient.netty.handler.HttpHandler - 

Request DefaultHttpRequest(decodeResult: success, version: HTTP/1.1)
POST /session/99b2c4c36c480e9074ac01339b5e6ff3/element/ab67fbf7-7e2b-4c03-9b4a-fc744bc5a78b/clear HTTP/1.1
User-Agent: selenium/4.1.2 (java windows)
Content-Length: 50
Content-Type: application/json; charset=utf-8
host: localhost:59075
accept: */*

Response DefaultHttpResponse(decodeResult: success, version: HTTP/1.1)
HTTP/1.1 200 OK
Content-Type: application/json; charset=utf-8
cache-control: no-cache
content-length: 14

08:32:17.807 [AsyncHttpClient-1-5] DEBUG org.asynchttpclient.netty.channel.ChannelManager - Adding key: http://localhost:59075 for channel [id: 0xce087932, L:/127.0.0.1:60237 - R:localhost/127.0.0.1:59075]
08:32:17.812 [Forwarding sendKeysToElement on session 99b2c4c36c480e9074ac01339b5e6ff3 to remote] DEBUG org.asynchttpclient.netty.request.NettyRequestSender - Using pooled Channel '[id: 0xce087932, L:/127.0.0.1:60237 - R:localhost/127.0.0.1:59075]' for 'POST' to 'http://localhost:59075/session/99b2c4c36c480e9074ac01339b5e6ff3/element/ab67fbf7-7e2b-4c03-9b4a-fc744bc5a78b/value'
08:32:17.812 [Forwarding sendKeysToElement on session 99b2c4c36c480e9074ac01339b5e6ff3 to remote] DEBUG org.asynchttpclient.netty.request.NettyRequestSender - Using open Channel [id: 0xce087932, L:/127.0.0.1:60237 - R:localhost/127.0.0.1:59075] for POST '/session/99b2c4c36c480e9074ac01339b5e6ff3/element/ab67fbf7-7e2b-4c03-9b4a-fc744bc5a78b/value'
08:32:18.008 [AsyncHttpClient-1-5] DEBUG org.asynchttpclient.netty.handler.HttpHandler - 

Request DefaultHttpRequest(decodeResult: success, version: HTTP/1.1)
POST /session/99b2c4c36c480e9074ac01339b5e6ff3/element/ab67fbf7-7e2b-4c03-9b4a-fc744bc5a78b/value HTTP/1.1
User-Agent: selenium/4.1.2 (java windows)
Content-Length: 241
Content-Type: application/json; charset=utf-8
host: localhost:59075
accept: */*

Response DefaultHttpResponse(decodeResult: success, version: HTTP/1.1)
HTTP/1.1 200 OK
Content-Type: application/json; charset=utf-8
cache-control: no-cache
content-length: 14

08:32:18.008 [AsyncHttpClient-1-5] DEBUG org.asynchttpclient.netty.channel.ChannelManager - Adding key: http://localhost:59075 for channel [id: 0xce087932, L:/127.0.0.1:60237 - R:localhost/127.0.0.1:59075]
08:32:18.021 [Forwarding screenshot on session 99b2c4c36c480e9074ac01339b5e6ff3 to remote] DEBUG org.asynchttpclient.netty.request.NettyRequestSender - Using pooled Channel '[id: 0xce087932, L:/127.0.0.1:60237 - R:localhost/127.0.0.1:59075]' for 'GET' to 'http://localhost:59075/session/99b2c4c36c480e9074ac01339b5e6ff3/screenshot'
08:32:18.022 [Forwarding screenshot on session 99b2c4c36c480e9074ac01339b5e6ff3 to remote] DEBUG org.asynchttpclient.netty.request.NettyRequestSender - Using open Channel [id: 0xce087932, L:/127.0.0.1:60237 - R:localhost/127.0.0.1:59075] for GET '/session/99b2c4c36c480e9074ac01339b5e6ff3/screenshot'
08:32:18.216 [AsyncHttpClient-1-5] DEBUG org.asynchttpclient.netty.handler.HttpHandler - 

Request DefaultFullHttpRequest(decodeResult: success, version: HTTP/1.1, content: EmptyByteBufBE)
GET /session/99b2c4c36c480e9074ac01339b5e6ff3/screenshot HTTP/1.1
User-Agent: selenium/4.1.2 (java windows)
Cache-Control: no-cache
Content-Type: application/json; charset=utf-8
host: localhost:59075
accept: */*

Response DefaultHttpResponse(decodeResult: success, version: HTTP/1.1)
HTTP/1.1 200 OK
Content-Type: application/json; charset=utf-8
cache-control: no-cache
content-length: 47432

08:32:18.219 [AsyncHttpClient-1-5] DEBUG org.asynchttpclient.netty.channel.ChannelManager - Adding key: http://localhost:59075 for channel [id: 0xce087932, L:/127.0.0.1:60237 - R:localhost/127.0.0.1:59075]
08:32:18.223 [main] DEBUG net.serenitybdd.core.photography.Darkroom - Send negative for processing for target\site\serenity\4f66a0bf6b9048c0765bf286e12c24f8dd491ec8f813e1ff53850ec34db5cac5.png
08:32:18.224 [main] DEBUG net.thucydides.core.steps.StepInterceptor - STEP DONE: inputUsername
  &amp#27;[32mWhen &amp#27;[0m&amp#27;[32mi input &amp#27;[0m&amp#27;[32m&amp#27;[1m"gladys@gmail.com"&amp#27;[0m&amp#27;[32m username&amp#27;[0m &amp#27;[90m# starter.stepdefinitions.stepdefinition.iInputUsername(java.lang.String)&amp#27;[0m
08:32:18.224 [Darkroom Processing Line] DEBUG net.serenitybdd.core.photography.DarkroomProcessingLine - Processing screenshot image in /var/screenshots/screenshot-3565245639112806947
08:32:18.224 [Darkroom Processing Line] DEBUG net.serenitybdd.core.photography.DarkroomProcessingLine - Saving screenshot to target\site\serenity\4f66a0bf6b9048c0765bf286e12c24f8dd491ec8f813e1ff53850ec34db5cac5.png
08:32:18.261 [main] DEBUG net.thucydides.core.steps.StepInterceptor - STARTING STEP: stepdefinition.iInputPassword - inputPassword
08:32:18.268 [Forwarding findElement on session 99b2c4c36c480e9074ac01339b5e6ff3 to remote] DEBUG org.asynchttpclient.netty.request.NettyRequestSender - Using pooled Channel '[id: 0xce087932, L:/127.0.0.1:60237 - R:localhost/127.0.0.1:59075]' for 'POST' to 'http://localhost:59075/session/99b2c4c36c480e9074ac01339b5e6ff3/element'
08:32:18.268 [Forwarding findElement on session 99b2c4c36c480e9074ac01339b5e6ff3 to remote] DEBUG org.asynchttpclient.netty.request.NettyRequestSender - Using open Channel [id: 0xce087932, L:/127.0.0.1:60237 - R:localhost/127.0.0.1:59075] for POST '/session/99b2c4c36c480e9074ac01339b5e6ff3/element'
08:32:18.286 [AsyncHttpClient-1-5] DEBUG org.asynchttpclient.netty.handler.HttpHandler - 

Request DefaultHttpRequest(decodeResult: success, version: HTTP/1.1)
POST /session/99b2c4c36c480e9074ac01339b5e6ff3/element HTTP/1.1
User-Agent: selenium/4.1.2 (java windows)
Content-Length: 89
Content-Type: application/json; charset=utf-8
host: localhost:59075
accept: */*

Response DefaultHttpResponse(decodeResult: success, version: HTTP/1.1)
HTTP/1.1 200 OK
Content-Type: application/json; charset=utf-8
cache-control: no-cache
content-length: 88

08:32:18.287 [AsyncHttpClient-1-5] DEBUG org.asynchttpclient.netty.channel.ChannelManager - Adding key: http://localhost:59075 for channel [id: 0xce087932, L:/127.0.0.1:60237 - R:localhost/127.0.0.1:59075]
08:32:18.293 [Forwarding clearElement on session 99b2c4c36c480e9074ac01339b5e6ff3 to remote] DEBUG org.asynchttpclient.netty.request.NettyRequestSender - Using pooled Channel '[id: 0xce087932, L:/127.0.0.1:60237 - R:localhost/127.0.0.1:59075]' for 'POST' to 'http://localhost:59075/session/99b2c4c36c480e9074ac01339b5e6ff3/element/5692bf94-1524-439d-8922-dfd82748f558/clear'
08:32:18.294 [Forwarding clearElement on session 99b2c4c36c480e9074ac01339b5e6ff3 to remote] DEBUG org.asynchttpclient.netty.request.NettyRequestSender - Using open Channel [id: 0xce087932, L:/127.0.0.1:60237 - R:localhost/127.0.0.1:59075] for POST '/session/99b2c4c36c480e9074ac01339b5e6ff3/element/5692bf94-1524-439d-8922-dfd82748f558/clear'
08:32:18.367 [AsyncHttpClient-1-5] DEBUG org.asynchttpclient.netty.handler.HttpHandler - 

Request DefaultHttpRequest(decodeResult: success, version: HTTP/1.1)
POST /session/99b2c4c36c480e9074ac01339b5e6ff3/element/5692bf94-1524-439d-8922-dfd82748f558/clear HTTP/1.1
User-Agent: selenium/4.1.2 (java windows)
Content-Length: 50
Content-Type: application/json; charset=utf-8
host: localhost:59075
accept: */*

Response DefaultHttpResponse(decodeResult: success, version: HTTP/1.1)
HTTP/1.1 200 OK
Content-Type: application/json; charset=utf-8
cache-control: no-cache
content-length: 14

08:32:18.367 [AsyncHttpClient-1-5] DEBUG org.asynchttpclient.netty.channel.ChannelManager - Adding key: http://localhost:59075 for channel [id: 0xce087932, L:/127.0.0.1:60237 - R:localhost/127.0.0.1:59075]
08:32:18.373 [Forwarding sendKeysToElement on session 99b2c4c36c480e9074ac01339b5e6ff3 to remote] DEBUG org.asynchttpclient.netty.request.NettyRequestSender - Using pooled Channel '[id: 0xce087932, L:/127.0.0.1:60237 - R:localhost/127.0.0.1:59075]' for 'POST' to 'http://localhost:59075/session/99b2c4c36c480e9074ac01339b5e6ff3/element/5692bf94-1524-439d-8922-dfd82748f558/value'
08:32:18.374 [Forwarding sendKeysToElement on session 99b2c4c36c480e9074ac01339b5e6ff3 to remote] DEBUG org.asynchttpclient.netty.request.NettyRequestSender - Using open Channel [id: 0xce087932, L:/127.0.0.1:60237 - R:localhost/127.0.0.1:59075] for POST '/session/99b2c4c36c480e9074ac01339b5e6ff3/element/5692bf94-1524-439d-8922-dfd82748f558/value'
08:32:18.453 [AsyncHttpClient-1-5] DEBUG org.asynchttpclient.netty.handler.HttpHandler - 

Request DefaultHttpRequest(decodeResult: success, version: HTTP/1.1)
POST /session/99b2c4c36c480e9074ac01339b5e6ff3/element/5692bf94-1524-439d-8922-dfd82748f558/value HTTP/1.1
User-Agent: selenium/4.1.2 (java windows)
Content-Length: 82
Content-Type: application/json; charset=utf-8
host: localhost:59075
accept: */*

Response DefaultHttpResponse(decodeResult: success, version: HTTP/1.1)
HTTP/1.1 200 OK
Content-Type: application/json; charset=utf-8
cache-control: no-cache
content-length: 14

08:32:18.454 [AsyncHttpClient-1-5] DEBUG org.asynchttpclient.netty.channel.ChannelManager - Adding key: http://localhost:59075 for channel [id: 0xce087932, L:/127.0.0.1:60237 - R:localhost/127.0.0.1:59075]
08:32:18.470 [Forwarding screenshot on session 99b2c4c36c480e9074ac01339b5e6ff3 to remote] DEBUG org.asynchttpclient.netty.request.NettyRequestSender - Using pooled Channel '[id: 0xce087932, L:/127.0.0.1:60237 - R:localhost/127.0.0.1:59075]' for 'GET' to 'http://localhost:59075/session/99b2c4c36c480e9074ac01339b5e6ff3/screenshot'
08:32:18.470 [Forwarding screenshot on session 99b2c4c36c480e9074ac01339b5e6ff3 to remote] DEBUG org.asynchttpclient.netty.request.NettyRequestSender - Using open Channel [id: 0xce087932, L:/127.0.0.1:60237 - R:localhost/127.0.0.1:59075] for GET '/session/99b2c4c36c480e9074ac01339b5e6ff3/screenshot'
08:32:18.533 [AsyncHttpClient-1-1] DEBUG org.asynchttpclient.netty.channel.DefaultChannelPool - Entry count for : http://localhost:60239 : 1
08:32:18.668 [AsyncHttpClient-1-5] DEBUG org.asynchttpclient.netty.handler.HttpHandler - 

Request DefaultFullHttpRequest(decodeResult: success, version: HTTP/1.1, content: EmptyByteBufBE)
GET /session/99b2c4c36c480e9074ac01339b5e6ff3/screenshot HTTP/1.1
User-Agent: selenium/4.1.2 (java windows)
Cache-Control: no-cache
Content-Type: application/json; charset=utf-8
host: localhost:59075
accept: */*

Response DefaultHttpResponse(decodeResult: success, version: HTTP/1.1)
HTTP/1.1 200 OK
Content-Type: application/json; charset=utf-8
cache-control: no-cache
content-length: 46960

08:32:18.670 [AsyncHttpClient-1-5] DEBUG org.asynchttpclient.netty.channel.ChannelManager - Adding key: http://localhost:59075 for channel [id: 0xce087932, L:/127.0.0.1:60237 - R:localhost/127.0.0.1:59075]
08:32:18.674 [main] DEBUG net.serenitybdd.core.photography.Darkroom - Send negative for processing for target\site\serenity\7eea091202686c9c8abe85b91893680af45c783648aa0a625705eccbe2679663.png
08:32:18.674 [main] DEBUG net.thucydides.core.steps.StepInterceptor - STEP DONE: inputPassword
08:32:18.674 [Darkroom Processing Line] DEBUG net.serenitybdd.core.photography.DarkroomProcessingLine - Processing screenshot image in /var/screenshots/screenshot-9189565758595527928
08:32:18.675 [Darkroom Processing Line] DEBUG net.serenitybdd.core.photography.DarkroomProcessingLine - Saving screenshot to target\site\serenity\7eea091202686c9c8abe85b91893680af45c783648aa0a625705eccbe2679663.png
  &amp#27;[32mAnd &amp#27;[0m&amp#27;[32mi input &amp#27;[0m&amp#27;[32m&amp#27;[1m""&amp#27;[0m&amp#27;[32m password&amp#27;[0m                  &amp#27;[90m# starter.stepdefinitions.stepdefinition.iInputPassword(java.lang.String)&amp#27;[0m
08:32:18.708 [main] DEBUG net.thucydides.core.steps.StepInterceptor - STARTING STEP: stepdefinition.clickLoginButton - clickLogin
08:32:18.720 [Forwarding findElement on session 99b2c4c36c480e9074ac01339b5e6ff3 to remote] DEBUG org.asynchttpclient.netty.request.NettyRequestSender - Using pooled Channel '[id: 0xce087932, L:/127.0.0.1:60237 - R:localhost/127.0.0.1:59075]' for 'POST' to 'http://localhost:59075/session/99b2c4c36c480e9074ac01339b5e6ff3/element'
08:32:18.720 [Forwarding findElement on session 99b2c4c36c480e9074ac01339b5e6ff3 to remote] DEBUG org.asynchttpclient.netty.request.NettyRequestSender - Using open Channel [id: 0xce087932, L:/127.0.0.1:60237 - R:localhost/127.0.0.1:59075] for POST '/session/99b2c4c36c480e9074ac01339b5e6ff3/element'
08:32:18.741 [AsyncHttpClient-1-5] DEBUG org.asynchttpclient.netty.handler.HttpHandler - 

Request DefaultHttpRequest(decodeResult: success, version: HTTP/1.1)
POST /session/99b2c4c36c480e9074ac01339b5e6ff3/element HTTP/1.1
User-Agent: selenium/4.1.2 (java windows)
Content-Length: 72
Content-Type: application/json; charset=utf-8
host: localhost:59075
accept: */*

Response DefaultHttpResponse(decodeResult: success, version: HTTP/1.1)
HTTP/1.1 200 OK
Content-Type: application/json; charset=utf-8
cache-control: no-cache
content-length: 88

08:32:18.742 [AsyncHttpClient-1-5] DEBUG org.asynchttpclient.netty.channel.ChannelManager - Adding key: http://localhost:59075 for channel [id: 0xce087932, L:/127.0.0.1:60237 - R:localhost/127.0.0.1:59075]
08:32:18.747 [Forwarding getElementTagName on session 99b2c4c36c480e9074ac01339b5e6ff3 to remote] DEBUG org.asynchttpclient.netty.request.NettyRequestSender - Using pooled Channel '[id: 0xce087932, L:/127.0.0.1:60237 - R:localhost/127.0.0.1:59075]' for 'GET' to 'http://localhost:59075/session/99b2c4c36c480e9074ac01339b5e6ff3/element/f33e83fc-f160-49eb-b098-97687ff7f293/name'
08:32:18.748 [Forwarding getElementTagName on session 99b2c4c36c480e9074ac01339b5e6ff3 to remote] DEBUG org.asynchttpclient.netty.request.NettyRequestSender - Using open Channel [id: 0xce087932, L:/127.0.0.1:60237 - R:localhost/127.0.0.1:59075] for GET '/session/99b2c4c36c480e9074ac01339b5e6ff3/element/f33e83fc-f160-49eb-b098-97687ff7f293/name'
08:32:18.755 [AsyncHttpClient-1-5] DEBUG org.asynchttpclient.netty.handler.HttpHandler - 

Request DefaultFullHttpRequest(decodeResult: success, version: HTTP/1.1, content: EmptyByteBufBE)
GET /session/99b2c4c36c480e9074ac01339b5e6ff3/element/f33e83fc-f160-49eb-b098-97687ff7f293/name HTTP/1.1
User-Agent: selenium/4.1.2 (java windows)
Cache-Control: no-cache
Content-Type: application/json; charset=utf-8
host: localhost:59075
accept: */*

Response DefaultHttpResponse(decodeResult: success, version: HTTP/1.1)
HTTP/1.1 200 OK
Content-Type: application/json; charset=utf-8
cache-control: no-cache
content-length: 18

08:32:18.756 [AsyncHttpClient-1-5] DEBUG org.asynchttpclient.netty.channel.ChannelManager - Adding key: http://localhost:59075 for channel [id: 0xce087932, L:/127.0.0.1:60237 - R:localhost/127.0.0.1:59075]
08:32:18.763 [Forwarding getElementTagName on session 99b2c4c36c480e9074ac01339b5e6ff3 to remote] DEBUG org.asynchttpclient.netty.request.NettyRequestSender - Using pooled Channel '[id: 0xce087932, L:/127.0.0.1:60237 - R:localhost/127.0.0.1:59075]' for 'GET' to 'http://localhost:59075/session/99b2c4c36c480e9074ac01339b5e6ff3/element/f33e83fc-f160-49eb-b098-97687ff7f293/name'
08:32:18.763 [Forwarding getElementTagName on session 99b2c4c36c480e9074ac01339b5e6ff3 to remote] DEBUG org.asynchttpclient.netty.request.NettyRequestSender - Using open Channel [id: 0xce087932, L:/127.0.0.1:60237 - R:localhost/127.0.0.1:59075] for GET '/session/99b2c4c36c480e9074ac01339b5e6ff3/element/f33e83fc-f160-49eb-b098-97687ff7f293/name'
08:32:18.772 [AsyncHttpClient-1-5] DEBUG org.asynchttpclient.netty.handler.HttpHandler - 

Request DefaultFullHttpRequest(decodeResult: success, version: HTTP/1.1, content: EmptyByteBufBE)
GET /session/99b2c4c36c480e9074ac01339b5e6ff3/element/f33e83fc-f160-49eb-b098-97687ff7f293/name HTTP/1.1
User-Agent: selenium/4.1.2 (java windows)
Cache-Control: no-cache
Content-Type: application/json; charset=utf-8
host: localhost:59075
accept: */*

Response DefaultHttpResponse(decodeResult: success, version: HTTP/1.1)
HTTP/1.1 200 OK
Content-Type: application/json; charset=utf-8
cache-control: no-cache
content-length: 18

08:32:18.772 [AsyncHttpClient-1-5] DEBUG org.asynchttpclient.netty.channel.ChannelManager - Adding key: http://localhost:59075 for channel [id: 0xce087932, L:/127.0.0.1:60237 - R:localhost/127.0.0.1:59075]
08:32:18.779 [Forwarding isElementEnabled on session 99b2c4c36c480e9074ac01339b5e6ff3 to remote] DEBUG org.asynchttpclient.netty.request.NettyRequestSender - Using pooled Channel '[id: 0xce087932, L:/127.0.0.1:60237 - R:localhost/127.0.0.1:59075]' for 'GET' to 'http://localhost:59075/session/99b2c4c36c480e9074ac01339b5e6ff3/element/f33e83fc-f160-49eb-b098-97687ff7f293/enabled'
08:32:18.779 [Forwarding isElementEnabled on session 99b2c4c36c480e9074ac01339b5e6ff3 to remote] DEBUG org.asynchttpclient.netty.request.NettyRequestSender - Using open Channel [id: 0xce087932, L:/127.0.0.1:60237 - R:localhost/127.0.0.1:59075] for GET '/session/99b2c4c36c480e9074ac01339b5e6ff3/element/f33e83fc-f160-49eb-b098-97687ff7f293/enabled'
08:32:18.793 [AsyncHttpClient-1-5] DEBUG org.asynchttpclient.netty.handler.HttpHandler - 

Request DefaultFullHttpRequest(decodeResult: success, version: HTTP/1.1, content: EmptyByteBufBE)
GET /session/99b2c4c36c480e9074ac01339b5e6ff3/element/f33e83fc-f160-49eb-b098-97687ff7f293/enabled HTTP/1.1
User-Agent: selenium/4.1.2 (java windows)
Cache-Control: no-cache
Content-Type: application/json; charset=utf-8
host: localhost:59075
accept: */*

Response DefaultHttpResponse(decodeResult: success, version: HTTP/1.1)
HTTP/1.1 200 OK
Content-Type: application/json; charset=utf-8
cache-control: no-cache
content-length: 14

08:32:18.795 [AsyncHttpClient-1-5] DEBUG org.asynchttpclient.netty.channel.ChannelManager - Adding key: http://localhost:59075 for channel [id: 0xce087932, L:/127.0.0.1:60237 - R:localhost/127.0.0.1:59075]
08:32:18.799 [Forwarding isElementEnabled on session 99b2c4c36c480e9074ac01339b5e6ff3 to remote] DEBUG org.asynchttpclient.netty.request.NettyRequestSender - Using pooled Channel '[id: 0xce087932, L:/127.0.0.1:60237 - R:localhost/127.0.0.1:59075]' for 'GET' to 'http://localhost:59075/session/99b2c4c36c480e9074ac01339b5e6ff3/element/f33e83fc-f160-49eb-b098-97687ff7f293/enabled'
08:32:18.799 [Forwarding isElementEnabled on session 99b2c4c36c480e9074ac01339b5e6ff3 to remote] DEBUG org.asynchttpclient.netty.request.NettyRequestSender - Using open Channel [id: 0xce087932, L:/127.0.0.1:60237 - R:localhost/127.0.0.1:59075] for GET '/session/99b2c4c36c480e9074ac01339b5e6ff3/element/f33e83fc-f160-49eb-b098-97687ff7f293/enabled'
08:32:18.810 [AsyncHttpClient-1-5] DEBUG org.asynchttpclient.netty.handler.HttpHandler - 

Request DefaultFullHttpRequest(decodeResult: success, version: HTTP/1.1, content: EmptyByteBufBE)
GET /session/99b2c4c36c480e9074ac01339b5e6ff3/element/f33e83fc-f160-49eb-b098-97687ff7f293/enabled HTTP/1.1
User-Agent: selenium/4.1.2 (java windows)
Cache-Control: no-cache
Content-Type: application/json; charset=utf-8
host: localhost:59075
accept: */*

Response DefaultHttpResponse(decodeResult: success, version: HTTP/1.1)
HTTP/1.1 200 OK
Content-Type: application/json; charset=utf-8
cache-control: no-cache
content-length: 14

08:32:18.810 [AsyncHttpClient-1-5] DEBUG org.asynchttpclient.netty.channel.ChannelManager - Adding key: http://localhost:59075 for channel [id: 0xce087932, L:/127.0.0.1:60237 - R:localhost/127.0.0.1:59075]
08:32:18.817 [Forwarding findElement on session 99b2c4c36c480e9074ac01339b5e6ff3 to remote] DEBUG org.asynchttpclient.netty.request.NettyRequestSender - Using pooled Channel '[id: 0xce087932, L:/127.0.0.1:60237 - R:localhost/127.0.0.1:59075]' for 'POST' to 'http://localhost:59075/session/99b2c4c36c480e9074ac01339b5e6ff3/element'
08:32:18.817 [Forwarding findElement on session 99b2c4c36c480e9074ac01339b5e6ff3 to remote] DEBUG org.asynchttpclient.netty.request.NettyRequestSender - Using open Channel [id: 0xce087932, L:/127.0.0.1:60237 - R:localhost/127.0.0.1:59075] for POST '/session/99b2c4c36c480e9074ac01339b5e6ff3/element'
08:32:18.834 [AsyncHttpClient-1-5] DEBUG org.asynchttpclient.netty.handler.HttpHandler - 

Request DefaultHttpRequest(decodeResult: success, version: HTTP/1.1)
POST /session/99b2c4c36c480e9074ac01339b5e6ff3/element HTTP/1.1
User-Agent: selenium/4.1.2 (java windows)
Content-Length: 72
Content-Type: application/json; charset=utf-8
host: localhost:59075
accept: */*

Response DefaultHttpResponse(decodeResult: success, version: HTTP/1.1)
HTTP/1.1 200 OK
Content-Type: application/json; charset=utf-8
cache-control: no-cache
content-length: 88

08:32:18.834 [AsyncHttpClient-1-5] DEBUG org.asynchttpclient.netty.channel.ChannelManager - Adding key: http://localhost:59075 for channel [id: 0xce087932, L:/127.0.0.1:60237 - R:localhost/127.0.0.1:59075]
08:32:18.837 [Forwarding clickElement on session 99b2c4c36c480e9074ac01339b5e6ff3 to remote] DEBUG org.asynchttpclient.netty.request.NettyRequestSender - Using pooled Channel '[id: 0xce087932, L:/127.0.0.1:60237 - R:localhost/127.0.0.1:59075]' for 'POST' to 'http://localhost:59075/session/99b2c4c36c480e9074ac01339b5e6ff3/element/f33e83fc-f160-49eb-b098-97687ff7f293/click'
08:32:18.838 [Forwarding clickElement on session 99b2c4c36c480e9074ac01339b5e6ff3 to remote] DEBUG org.asynchttpclient.netty.request.NettyRequestSender - Using open Channel [id: 0xce087932, L:/127.0.0.1:60237 - R:localhost/127.0.0.1:59075] for POST '/session/99b2c4c36c480e9074ac01339b5e6ff3/element/f33e83fc-f160-49eb-b098-97687ff7f293/click'
08:32:18.920 [AsyncHttpClient-1-5] DEBUG org.asynchttpclient.netty.handler.HttpHandler - 

Request DefaultHttpRequest(decodeResult: success, version: HTTP/1.1)
POST /session/99b2c4c36c480e9074ac01339b5e6ff3/element/f33e83fc-f160-49eb-b098-97687ff7f293/click HTTP/1.1
User-Agent: selenium/4.1.2 (java windows)
Content-Length: 50
Content-Type: application/json; charset=utf-8
host: localhost:59075
accept: */*

Response DefaultHttpResponse(decodeResult: success, version: HTTP/1.1)
HTTP/1.1 200 OK
Content-Type: application/json; charset=utf-8
cache-control: no-cache
content-length: 14

08:32:18.921 [AsyncHttpClient-1-5] DEBUG org.asynchttpclient.netty.channel.ChannelManager - Adding key: http://localhost:59075 for channel [id: 0xce087932, L:/127.0.0.1:60237 - R:localhost/127.0.0.1:59075]
08:32:18.934 [Forwarding screenshot on session 99b2c4c36c480e9074ac01339b5e6ff3 to remote] DEBUG org.asynchttpclient.netty.request.NettyRequestSender - Using pooled Channel '[id: 0xce087932, L:/127.0.0.1:60237 - R:localhost/127.0.0.1:59075]' for 'GET' to 'http://localhost:59075/session/99b2c4c36c480e9074ac01339b5e6ff3/screenshot'
08:32:18.934 [Forwarding screenshot on session 99b2c4c36c480e9074ac01339b5e6ff3 to remote] DEBUG org.asynchttpclient.netty.request.NettyRequestSender - Using open Channel [id: 0xce087932, L:/127.0.0.1:60237 - R:localhost/127.0.0.1:59075] for GET '/session/99b2c4c36c480e9074ac01339b5e6ff3/screenshot'
08:32:19.294 [AsyncHttpClient-1-5] DEBUG org.asynchttpclient.netty.handler.HttpHandler - 

Request DefaultFullHttpRequest(decodeResult: success, version: HTTP/1.1, content: EmptyByteBufBE)
GET /session/99b2c4c36c480e9074ac01339b5e6ff3/screenshot HTTP/1.1
User-Agent: selenium/4.1.2 (java windows)
Cache-Control: no-cache
Content-Type: application/json; charset=utf-8
host: localhost:59075
accept: */*

Response DefaultHttpResponse(decodeResult: success, version: HTTP/1.1)
HTTP/1.1 200 OK
Content-Type: application/json; charset=utf-8
cache-control: no-cache
content-length: 47696

08:32:19.297 [AsyncHttpClient-1-5] DEBUG org.asynchttpclient.netty.channel.ChannelManager - Adding key: http://localhost:59075 for channel [id: 0xce087932, L:/127.0.0.1:60237 - R:localhost/127.0.0.1:59075]
08:32:19.304 [main] DEBUG net.serenitybdd.core.photography.Darkroom - Send negative for processing for target\site\serenity\bcc346f39a763734a5e3fdc1bdaafc4c3c44b9ebe77c9bdecf35eac381dd4959.png
08:32:19.305 [main] DEBUG net.thucydides.core.steps.StepInterceptor - STEP DONE: clickLogin
08:32:19.305 [Darkroom Processing Line] DEBUG net.serenitybdd.core.photography.DarkroomProcessingLine - Processing screenshot image in /var/screenshots/screenshot-8714696153632742425
08:32:19.305 [Darkroom Processing Line] DEBUG net.serenitybdd.core.photography.DarkroomProcessingLine - Saving screenshot to target\site\serenity\bcc346f39a763734a5e3fdc1bdaafc4c3c44b9ebe77c9bdecf35eac381dd4959.png
  &amp#27;[32mAnd &amp#27;[0m&amp#27;[32mclick login button&amp#27;[0m                   &amp#27;[90m# starter.stepdefinitions.stepdefinition.clickLoginButton()&amp#27;[0m
08:32:19.338 [main] DEBUG net.thucydides.core.steps.StepInterceptor - STARTING STEP: stepdefinition.iGetThe - validateLoginApp
08:32:19.344 [Forwarding findElement on session 99b2c4c36c480e9074ac01339b5e6ff3 to remote] DEBUG org.asynchttpclient.netty.request.NettyRequestSender - Using pooled Channel '[id: 0xce087932, L:/127.0.0.1:60237 - R:localhost/127.0.0.1:59075]' for 'POST' to 'http://localhost:59075/session/99b2c4c36c480e9074ac01339b5e6ff3/element'
08:32:19.345 [Forwarding findElement on session 99b2c4c36c480e9074ac01339b5e6ff3 to remote] DEBUG org.asynchttpclient.netty.request.NettyRequestSender - Using open Channel [id: 0xce087932, L:/127.0.0.1:60237 - R:localhost/127.0.0.1:59075] for POST '/session/99b2c4c36c480e9074ac01339b5e6ff3/element'
08:32:19.351 [AsyncHttpClient-1-5] DEBUG org.asynchttpclient.netty.handler.HttpHandler - 

Request DefaultHttpRequest(decodeResult: success, version: HTTP/1.1)
POST /session/99b2c4c36c480e9074ac01339b5e6ff3/element HTTP/1.1
User-Agent: selenium/4.1.2 (java windows)
Content-Length: 50
Content-Type: application/json; charset=utf-8
host: localhost:59075
accept: */*

Response DefaultHttpResponse(decodeResult: success, version: HTTP/1.1)
HTTP/1.1 400 Bad Request
Content-Type: application/json; charset=utf-8
cache-control: no-cache
content-length: 957

08:32:19.351 [AsyncHttpClient-1-5] DEBUG org.asynchttpclient.netty.channel.ChannelManager - Adding key: http://localhost:59075 for channel [id: 0xce087932, L:/127.0.0.1:60237 - R:localhost/127.0.0.1:59075]
08:32:19.357 [Forwarding findElement on session 99b2c4c36c480e9074ac01339b5e6ff3 to remote] DEBUG org.asynchttpclient.netty.request.NettyRequestSender - Using pooled Channel '[id: 0xce087932, L:/127.0.0.1:60237 - R:localhost/127.0.0.1:59075]' for 'POST' to 'http://localhost:59075/session/99b2c4c36c480e9074ac01339b5e6ff3/element'
08:32:19.358 [Forwarding findElement on session 99b2c4c36c480e9074ac01339b5e6ff3 to remote] DEBUG org.asynchttpclient.netty.request.NettyRequestSender - Using open Channel [id: 0xce087932, L:/127.0.0.1:60237 - R:localhost/127.0.0.1:59075] for POST '/session/99b2c4c36c480e9074ac01339b5e6ff3/element'
08:32:19.387 [AsyncHttpClient-1-5] DEBUG org.asynchttpclient.netty.handler.HttpHandler - 

Request DefaultHttpRequest(decodeResult: success, version: HTTP/1.1)
POST /session/99b2c4c36c480e9074ac01339b5e6ff3/element HTTP/1.1
User-Agent: selenium/4.1.2 (java windows)
Content-Length: 60
Content-Type: application/json; charset=utf-8
host: localhost:59075
accept: */*

Response DefaultHttpResponse(decodeResult: success, version: HTTP/1.1)
HTTP/1.1 200 OK
Content-Type: application/json; charset=utf-8
cache-control: no-cache
content-length: 88

08:32:19.388 [AsyncHttpClient-1-5] DEBUG org.asynchttpclient.netty.channel.ChannelManager - Adding key: http://localhost:59075 for channel [id: 0xce087932, L:/127.0.0.1:60237 - R:localhost/127.0.0.1:59075]
08:32:19.406 [Forwarding isElementDisplayed on session 99b2c4c36c480e9074ac01339b5e6ff3 to remote] DEBUG org.asynchttpclient.netty.request.NettyRequestSender - Using pooled Channel '[id: 0xce087932, L:/127.0.0.1:60237 - R:localhost/127.0.0.1:59075]' for 'POST' to 'http://localhost:59075/session/99b2c4c36c480e9074ac01339b5e6ff3/execute/sync'
08:32:19.406 [Forwarding isElementDisplayed on session 99b2c4c36c480e9074ac01339b5e6ff3 to remote] DEBUG org.asynchttpclient.netty.request.NettyRequestSender - Using open Channel [id: 0xce087932, L:/127.0.0.1:60237 - R:localhost/127.0.0.1:59075] for POST '/session/99b2c4c36c480e9074ac01339b5e6ff3/execute/sync'
08:32:19.430 [AsyncHttpClient-1-5] DEBUG org.asynchttpclient.netty.handler.HttpHandler - 

Request DefaultHttpRequest(decodeResult: success, version: HTTP/1.1)
POST /session/99b2c4c36c480e9074ac01339b5e6ff3/execute/sync HTTP/1.1
User-Agent: selenium/4.1.2 (java windows)
Content-Length: 48780
Content-Type: application/json; charset=utf-8
host: localhost:59075
accept: */*

Response DefaultHttpResponse(decodeResult: success, version: HTTP/1.1)
HTTP/1.1 200 OK
Content-Type: application/json; charset=utf-8
cache-control: no-cache
content-length: 14

08:32:19.430 [AsyncHttpClient-1-5] DEBUG org.asynchttpclient.netty.channel.ChannelManager - Adding key: http://localhost:59075 for channel [id: 0xce087932, L:/127.0.0.1:60237 - R:localhost/127.0.0.1:59075]
08:32:19.438 [Forwarding screenshot on session 99b2c4c36c480e9074ac01339b5e6ff3 to remote] DEBUG org.asynchttpclient.netty.request.NettyRequestSender - Using pooled Channel '[id: 0xce087932, L:/127.0.0.1:60237 - R:localhost/127.0.0.1:59075]' for 'GET' to 'http://localhost:59075/session/99b2c4c36c480e9074ac01339b5e6ff3/screenshot'
08:32:19.438 [Forwarding screenshot on session 99b2c4c36c480e9074ac01339b5e6ff3 to remote] DEBUG org.asynchttpclient.netty.request.NettyRequestSender - Using open Channel [id: 0xce087932, L:/127.0.0.1:60237 - R:localhost/127.0.0.1:59075] for GET '/session/99b2c4c36c480e9074ac01339b5e6ff3/screenshot'
08:32:19.631 [AsyncHttpClient-1-1] DEBUG org.asynchttpclient.netty.channel.DefaultChannelPool - Entry count for : http://localhost:60239 : 1
08:32:19.633 [AsyncHttpClient-1-5] DEBUG org.asynchttpclient.netty.handler.HttpHandler - 

Request DefaultFullHttpRequest(decodeResult: success, version: HTTP/1.1, content: EmptyByteBufBE)
GET /session/99b2c4c36c480e9074ac01339b5e6ff3/screenshot HTTP/1.1
User-Agent: selenium/4.1.2 (java windows)
Cache-Control: no-cache
Content-Type: application/json; charset=utf-8
host: localhost:59075
accept: */*

Response DefaultHttpResponse(decodeResult: success, version: HTTP/1.1)
HTTP/1.1 200 OK
Content-Type: application/json; charset=utf-8
cache-control: no-cache
content-length: 54312

08:32:19.635 [AsyncHttpClient-1-5] DEBUG org.asynchttpclient.netty.channel.ChannelManager - Adding key: http://localhost:59075 for channel [id: 0xce087932, L:/127.0.0.1:60237 - R:localhost/127.0.0.1:59075]
08:32:19.639 [main] DEBUG net.serenitybdd.core.photography.Darkroom - Send negative for processing for target\site\serenity\4173be9d439bf2b8f196920c1ce5f0637d352b8505f98227508abafd9b2373b2.png
08:32:19.640 [main] DEBUG net.thucydides.core.steps.StepInterceptor - STEP DONE: validateLoginApp
08:32:19.640 [Darkroom Processing Line] DEBUG net.serenitybdd.core.photography.DarkroomProcessingLine - Processing screenshot image in /var/screenshots/screenshot-1676562627369390710
08:32:19.640 [Darkroom Processing Line] DEBUG net.serenitybdd.core.photography.DarkroomProcessingLine - Saving screenshot to target\site\serenity\4173be9d439bf2b8f196920c1ce5f0637d352b8505f98227508abafd9b2373b2.png
08:32:19.654 [main] DEBUG net.thucydides.core.steps.StepInterceptor - STARTING STEP: stepdefinition.iGetThe - displayErrorMessage
08:32:19.660 [main] DEBUG net.thucydides.core.steps.StepInterceptor - STEP DONE: displayErrorMessage
  &amp#27;[32mThen &amp#27;[0m&amp#27;[32mi get the &amp#27;[0m&amp#27;[32m&amp#27;[1m"Login Page"&amp#27;[0m              &amp#27;[90m# starter.stepdefinitions.stepdefinition.iGetThe(java.lang.String)&amp#27;[0m
08:32:19.679 [AsyncHttpClient-1-7] DEBUG org.asynchttpclient.netty.handler.WebSocketHandler - Channel Closed: [id: 0xed0c425f, L:/127.0.0.1:60248 ! R:localhost/127.0.0.1:60239] with attribute NettyResponseFuture{currentRetry=5,
	isDone=1,
	isCancelled=0,
	asyncHandler=org.asynchttpclient.ws.WebSocketUpgradeHandler@81ba113,
	nettyRequest=org.asynchttpclient.netty.request.NettyRequest@4d193e74,
	future=java.util.concurrent.CompletableFuture@51b54566[Completed normally],
	uri=ws://localhost:60239/devtools/browser/6d1a0430-060e-473d-a799-8ce66abc56e3,
	keepAlive=true,
	redirectCount=0,
	timeoutsHolder=null,
	inAuth=0,
	touch=1652837530520}
08:32:19.679 [AsyncHttpClient-1-7] DEBUG org.asynchttpclient.netty.channel.ChannelManager - Closing Channel [id: 0xed0c425f, L:/127.0.0.1:60248 ! R:localhost/127.0.0.1:60239] 
08:32:19.680 [Driver Command Executor] DEBUG org.asynchttpclient.netty.request.NettyRequestSender - Using pooled Channel '[id: 0xce087932, L:/127.0.0.1:60237 - R:localhost/127.0.0.1:59075]' for 'DELETE' to 'http://localhost:59075/session/99b2c4c36c480e9074ac01339b5e6ff3'
08:32:19.681 [Driver Command Executor] DEBUG org.asynchttpclient.netty.request.NettyRequestSender - Using open Channel [id: 0xce087932, L:/127.0.0.1:60237 - R:localhost/127.0.0.1:59075] for DELETE '/session/99b2c4c36c480e9074ac01339b5e6ff3'
08:32:19.744 [AsyncHttpClient-1-6] DEBUG org.asynchttpclient.netty.handler.HttpHandler - Unexpected I/O exception on channel [id: 0xd2b5df1b, L:/127.0.0.1:60247 - R:localhost/127.0.0.1:60239]
java.net.SocketException: Connection reset
	at java.base/sun.nio.ch.SocketChannelImpl.throwConnectionReset(SocketChannelImpl.java:367)
	at java.base/sun.nio.ch.SocketChannelImpl.read(SocketChannelImpl.java:398)
	at io.netty.buffer.PooledByteBuf.setBytes(PooledByteBuf.java:258)
	at io.netty.buffer.AbstractByteBuf.writeBytes(AbstractByteBuf.java:1132)
	at io.netty.channel.socket.nio.NioSocketChannel.doReadBytes(NioSocketChannel.java:350)
	at io.netty.channel.nio.AbstractNioByteChannel$NioByteUnsafe.read(AbstractNioByteChannel.java:151)
	at io.netty.channel.nio.NioEventLoop.processSelectedKey(NioEventLoop.java:722)
	at io.netty.channel.nio.NioEventLoop.processSelectedKeysOptimized(NioEventLoop.java:658)
	at io.netty.channel.nio.NioEventLoop.processSelectedKeys(NioEventLoop.java:584)
	at io.netty.channel.nio.NioEventLoop.run(NioEventLoop.java:496)
	at io.netty.util.concurrent.SingleThreadEventExecutor$4.run(SingleThreadEventExecutor.java:986)
	at io.netty.util.internal.ThreadExecutorMap$2.run(ThreadExecutorMap.java:74)
	at io.netty.util.concurrent.FastThreadLocalRunnable.run(FastThreadLocalRunnable.java:30)
	at java.base/java.lang.Thread.run(Thread.java:832)
08:32:19.746 [AsyncHttpClient-1-6] DEBUG org.asynchttpclient.netty.channel.ChannelManager - Closing Channel [id: 0xd2b5df1b, L:/127.0.0.1:60247 - R:localhost/127.0.0.1:60239] 
08:32:19.747 [AsyncHttpClient-1-6] DEBUG org.asynchttpclient.netty.handler.HttpHandler - Channel Closed: [id: 0xd2b5df1b, L:/127.0.0.1:60247 ! R:localhost/127.0.0.1:60239] with attribute DISCARD
08:32:19.781 [AsyncHttpClient-1-5] DEBUG org.asynchttpclient.netty.handler.HttpHandler - 

Request DefaultFullHttpRequest(decodeResult: success, version: HTTP/1.1, content: EmptyByteBufBE)
DELETE /session/99b2c4c36c480e9074ac01339b5e6ff3 HTTP/1.1
User-Agent: selenium/4.1.2 (java windows)
Content-Type: application/json; charset=utf-8
host: localhost:59075
accept: */*

Response DefaultHttpResponse(decodeResult: success, version: HTTP/1.1)
HTTP/1.1 200 OK
Content-Type: application/json; charset=utf-8
cache-control: no-cache
content-length: 14

08:32:19.783 [AsyncHttpClient-1-5] DEBUG org.asynchttpclient.netty.channel.ChannelManager - Adding key: http://localhost:59075 for channel [id: 0xce087932, L:/127.0.0.1:60237 - R:localhost/127.0.0.1:59075]
08:32:20.017 [AsyncHttpClient-1-5] DEBUG org.asynchttpclient.netty.handler.HttpHandler - Channel Closed: [id: 0xce087932, L:/127.0.0.1:60237 ! R:localhost/127.0.0.1:59075] with attribute DISCARD
08:32:20.537 [main] INFO  - 
  _____   ___   ___   _____     ___     _     ___   ___   ___   ___  
 |_   _| | __| / __| |_   _|   | _ \   /_\   / __| / __| | __| |   \ 
   | |   | _|  \__ \   | |     |  _/  / _ \  \__ \ \__ \ | _|  | |) |
   |_|   |___| |___/   |_|     |_|   /_/ \_\ |___/ |___/ |___| |___/ 

Login scenario
----------------------------------------------------------------------
]]></system-out>
    <system-err><![CDATA[Starting ChromeDriver 101.0.4951.41 (93c720db8323b3ec10d056025ab95c23a31997c9-refs/branch-heads/4951@{#904}) on port 59075
Only local connections are allowed.
Please see https://chromedriver.chromium.org/security-considerations for suggestions on keeping ChromeDriver safe.
ChromeDriver was started successfully.
May 18, 2022 8:32:10 AM org.openqa.selenium.remote.ProtocolHandshake createSession
INFO: Detected dialect: W3C
May 18, 2022 8:32:10 AM org.openqa.selenium.devtools.CdpVersionFinder findNearestMatch
WARNING: Unable to find an exact match for CDP version 101, so returning the closest version found: 97
May 18, 2022 8:32:10 AM org.openqa.selenium.devtools.CdpVersionFinder findNearestMatch
INFO: Found CDP implementation for version 101 of 97
]]></system-err>
  </testcase>
  <testcase name="Login scenario #3" classname="Login" time="14.61">
    <system-out><![CDATA[
@DDT
Scenario Outline: Login scenario       &amp#27;[90m# src/test/resources/features/login.feature:19&amp#27;[0m
08:32:20.558 [main] INFO io.cucumber.core.plugin.SerenityReporter - Running feature from file:///D:/PERKULIAHAN/Semester%206,Hebatt%20glad!/Altera/QE_Gladys-Cindana-Asri-Pardosi/Mini-Project/Web/src/test/resources/features/login.feature
08:32:20.606 [main] DEBUG net.thucydides.core.steps.StepInterceptor - STARTING STEP: stepdefinition.iAmOnLoginPage - openUrl
08:32:20.608 [main] INFO net.serenitybdd.core.webdriver.driverproviders.ChromeDriverProvider - Using automatically driver download
08:32:20.737 [AsyncHttpClient-1-1] DEBUG org.asynchttpclient.netty.channel.DefaultChannelPool - Entry count for : http://localhost:59075 : 1
08:32:20.737 [AsyncHttpClient-1-1] DEBUG org.asynchttpclient.netty.channel.DefaultChannelPool - Entry count for : http://localhost:60239 : 1
08:32:20.737 [AsyncHttpClient-1-1] DEBUG org.asynchttpclient.netty.channel.DefaultChannelPool - Adding Candidate expired Channel [id: 0xce087932, L:/127.0.0.1:60237 ! R:localhost/127.0.0.1:59075] isIdleTimeoutExpired=false isRemotelyClosed=true isTtlExpired=false
08:32:20.737 [AsyncHttpClient-1-1] DEBUG org.asynchttpclient.netty.channel.DefaultChannelPool - Closing Idle Channel [id: 0xce087932, L:/127.0.0.1:60237 ! R:localhost/127.0.0.1:59075]
08:32:20.737 [AsyncHttpClient-1-1] DEBUG org.asynchttpclient.netty.channel.DefaultChannelPool - Adding Candidate expired Channel [id: 0xd2b5df1b, L:/127.0.0.1:60247 ! R:localhost/127.0.0.1:60239] isIdleTimeoutExpired=false isRemotelyClosed=true isTtlExpired=false
08:32:20.737 [AsyncHttpClient-1-1] DEBUG org.asynchttpclient.netty.channel.DefaultChannelPool - Closing Idle Channel [id: 0xd2b5df1b, L:/127.0.0.1:60247 ! R:localhost/127.0.0.1:60239]
08:32:20.737 [AsyncHttpClient-1-1] DEBUG org.asynchttpclient.netty.channel.DefaultChannelPool - Closed 2 connections out of 2 in 0 ms
08:32:20.782 [main] DEBUG io.github.bonigarcia.wdm.cache.ResolutionCache - Resolution chrome=101 in cache (valid until 09:23:35 18/05/2022 WIB)
08:32:20.791 [main] DEBUG io.github.bonigarcia.wdm.cache.ResolutionCache - Resolution chrome101=101.0.4951.41 in cache (valid until 18:48:44 18/05/2022 WIB)
08:32:20.794 [main] INFO io.github.bonigarcia.wdm.WebDriverManager - Using chromedriver 101.0.4951.41 (resolved driver for Chrome 101)
08:32:20.818 [main] DEBUG io.github.bonigarcia.wdm.WebDriverManager - Driver chromedriver 101.0.4951.41 found in cache
08:32:20.819 [main] INFO io.github.bonigarcia.wdm.WebDriverManager - Exporting webdriver.chrome.driver as C:\Users\ASUS\.cache\selenium\chromedriver\win32\101.0.4951.41\chromedriver.exe
08:32:20.972 [main] DEBUG net.serenitybdd.core.webdriver.driverproviders.ProvideNewDriver - Instantiating driver
08:32:20.972 [main] DEBUG net.serenitybdd.core.webdriver.driverproviders.ProvideNewDriver - Driver capabilities: Capabilities {acceptInsecureCerts: false, base.url: , browserName: chrome, goog:chromeOptions: {args: [], extensions: []}}
08:32:21.532 [AsyncHttpClient-1-8] DEBUG org.asynchttpclient.netty.channel.NettyConnectListener - Using new Channel '[id: 0x3598de36, L:/127.0.0.1:60273 - R:localhost/127.0.0.1:52383]' for 'POST' to '/session'
08:32:22.795 [AsyncHttpClient-1-8] DEBUG org.asynchttpclient.netty.handler.HttpHandler - 

Request DefaultHttpRequest(decodeResult: success, version: HTTP/1.1)
POST /session HTTP/1.1
User-Agent: selenium/4.1.2 (java windows)
Content-Length: 457
Content-Type: application/json; charset=utf-8
host: localhost:52383
accept: */*

Response DefaultHttpResponse(decodeResult: success, version: HTTP/1.1)
HTTP/1.1 200 OK
Content-Type: application/json; charset=utf-8
cache-control: no-cache
content-length: 787

08:32:22.796 [AsyncHttpClient-1-8] DEBUG org.asynchttpclient.netty.channel.ChannelManager - Adding key: http://localhost:52383 for channel [id: 0x3598de36, L:/127.0.0.1:60273 - R:localhost/127.0.0.1:52383]
08:32:22.840 [AsyncHttpClient-1-9] DEBUG org.asynchttpclient.netty.channel.NettyConnectListener - Using new Channel '[id: 0x829110b2, L:/127.0.0.1:60282 - R:localhost/127.0.0.1:60274]' for 'GET' to '/json/version'
08:32:22.867 [AsyncHttpClient-1-9] DEBUG org.asynchttpclient.netty.handler.HttpHandler - 

Request DefaultFullHttpRequest(decodeResult: success, version: HTTP/1.1, content: EmptyByteBufBE)
GET /json/version HTTP/1.1
User-Agent: selenium/4.1.2 (java windows)
host: localhost:60274
accept: */*

Response DefaultHttpResponse(decodeResult: success, version: HTTP/1.1)
HTTP/1.1 200 OK
Content-Type: application/json; charset=UTF-8
content-length: 427

08:32:22.868 [AsyncHttpClient-1-9] DEBUG org.asynchttpclient.netty.channel.ChannelManager - Adding key: http://localhost:60274 for channel [id: 0x829110b2, L:/127.0.0.1:60282 - R:localhost/127.0.0.1:60274]
08:32:22.882 [AsyncHttpClient-1-10] DEBUG org.asynchttpclient.netty.channel.NettyConnectListener - Using new Channel '[id: 0xbac1f2e2, L:/127.0.0.1:60283 - R:localhost/127.0.0.1:60274]' for 'GET' to '/devtools/browser/65450f5b-f186-48df-a98e-912360db3c7a'
08:32:22.897 [AsyncHttpClient-1-10] DEBUG org.asynchttpclient.netty.handler.WebSocketHandler - 

Request DefaultFullHttpRequest(decodeResult: success, version: HTTP/1.1, content: EmptyByteBufBE)
GET /devtools/browser/65450f5b-f186-48df-a98e-912360db3c7a HTTP/1.1
upgrade: websocket
connection: upgrade
sec-websocket-key: geZ7ERf/eLQho6xkqOTZng==
sec-websocket-version: 13
origin: http://localhost:60274
host: localhost:60274
accept: */*
user-agent: AHC/2.1

Response DefaultHttpResponse(decodeResult: success, version: HTTP/1.1)
HTTP/1.1 101 WebSocket Protocol Handshake
Upgrade: WebSocket
Connection: Upgrade
Sec-WebSocket-Accept: 3wmtyMaVvxi3Vy897R7EJ0YjvX0=

08:32:22.911 [Forwarding get on session 258f4cf616b5d9ed212db7ce7e3bc9e9 to remote] DEBUG org.asynchttpclient.netty.request.NettyRequestSender - Using pooled Channel '[id: 0x3598de36, L:/127.0.0.1:60273 - R:localhost/127.0.0.1:52383]' for 'POST' to 'http://localhost:52383/session/258f4cf616b5d9ed212db7ce7e3bc9e9/url'
08:32:22.912 [Forwarding get on session 258f4cf616b5d9ed212db7ce7e3bc9e9 to remote] DEBUG org.asynchttpclient.netty.request.NettyRequestSender - Using open Channel [id: 0x3598de36, L:/127.0.0.1:60273 - R:localhost/127.0.0.1:52383] for POST '/session/258f4cf616b5d9ed212db7ce7e3bc9e9/url'
08:32:22.930 [AsyncHttpClient-1-1] DEBUG org.asynchttpclient.netty.channel.DefaultChannelPool - Entry count for : http://localhost:60274 : 1
08:32:24.030 [AsyncHttpClient-1-1] DEBUG org.asynchttpclient.netty.channel.DefaultChannelPool - Entry count for : http://localhost:60274 : 1
08:32:25.129 [AsyncHttpClient-1-1] DEBUG org.asynchttpclient.netty.channel.DefaultChannelPool - Entry count for : http://localhost:60274 : 1
08:32:26.230 [AsyncHttpClient-1-1] DEBUG org.asynchttpclient.netty.channel.DefaultChannelPool - Entry count for : http://localhost:60274 : 1
08:32:27.333 [AsyncHttpClient-1-1] DEBUG org.asynchttpclient.netty.channel.DefaultChannelPool - Entry count for : http://localhost:60274 : 1
08:32:28.427 [AsyncHttpClient-1-1] DEBUG org.asynchttpclient.netty.channel.DefaultChannelPool - Entry count for : http://localhost:60274 : 1
08:32:29.048 [AsyncHttpClient-1-8] DEBUG org.asynchttpclient.netty.handler.HttpHandler - 

Request DefaultHttpRequest(decodeResult: success, version: HTTP/1.1)
POST /session/258f4cf616b5d9ed212db7ce7e3bc9e9/url HTTP/1.1
User-Agent: selenium/4.1.2 (java windows)
Content-Length: 49
Content-Type: application/json; charset=utf-8
host: localhost:52383
accept: */*

Response DefaultHttpResponse(decodeResult: success, version: HTTP/1.1)
HTTP/1.1 200 OK
Content-Type: application/json; charset=utf-8
cache-control: no-cache
content-length: 14

08:32:29.048 [AsyncHttpClient-1-8] DEBUG org.asynchttpclient.netty.channel.ChannelManager - Adding key: http://localhost:52383 for channel [id: 0x3598de36, L:/127.0.0.1:60273 - R:localhost/127.0.0.1:52383]
08:32:29.052 [Forwarding setTimeout on session 258f4cf616b5d9ed212db7ce7e3bc9e9 to remote] DEBUG org.asynchttpclient.netty.request.NettyRequestSender - Using pooled Channel '[id: 0x3598de36, L:/127.0.0.1:60273 - R:localhost/127.0.0.1:52383]' for 'POST' to 'http://localhost:52383/session/258f4cf616b5d9ed212db7ce7e3bc9e9/timeouts'
08:32:29.053 [Forwarding setTimeout on session 258f4cf616b5d9ed212db7ce7e3bc9e9 to remote] DEBUG org.asynchttpclient.netty.request.NettyRequestSender - Using open Channel [id: 0x3598de36, L:/127.0.0.1:60273 - R:localhost/127.0.0.1:52383] for POST '/session/258f4cf616b5d9ed212db7ce7e3bc9e9/timeouts'
08:32:29.055 [AsyncHttpClient-1-8] DEBUG org.asynchttpclient.netty.handler.HttpHandler - 

Request DefaultHttpRequest(decodeResult: success, version: HTTP/1.1)
POST /session/258f4cf616b5d9ed212db7ce7e3bc9e9/timeouts HTTP/1.1
User-Agent: selenium/4.1.2 (java windows)
Content-Length: 22
Content-Type: application/json; charset=utf-8
host: localhost:52383
accept: */*

Response DefaultHttpResponse(decodeResult: success, version: HTTP/1.1)
HTTP/1.1 200 OK
Content-Type: application/json; charset=utf-8
cache-control: no-cache
content-length: 14

08:32:29.055 [AsyncHttpClient-1-8] DEBUG org.asynchttpclient.netty.channel.ChannelManager - Adding key: http://localhost:52383 for channel [id: 0x3598de36, L:/127.0.0.1:60273 - R:localhost/127.0.0.1:52383]
08:32:29.063 [Forwarding getCurrentUrl on session 258f4cf616b5d9ed212db7ce7e3bc9e9 to remote] DEBUG org.asynchttpclient.netty.request.NettyRequestSender - Using pooled Channel '[id: 0x3598de36, L:/127.0.0.1:60273 - R:localhost/127.0.0.1:52383]' for 'GET' to 'http://localhost:52383/session/258f4cf616b5d9ed212db7ce7e3bc9e9/url'
08:32:29.064 [Forwarding getCurrentUrl on session 258f4cf616b5d9ed212db7ce7e3bc9e9 to remote] DEBUG org.asynchttpclient.netty.request.NettyRequestSender - Using open Channel [id: 0x3598de36, L:/127.0.0.1:60273 - R:localhost/127.0.0.1:52383] for GET '/session/258f4cf616b5d9ed212db7ce7e3bc9e9/url'
08:32:29.078 [AsyncHttpClient-1-8] DEBUG org.asynchttpclient.netty.handler.HttpHandler - 

Request DefaultFullHttpRequest(decodeResult: success, version: HTTP/1.1, content: EmptyByteBufBE)
GET /session/258f4cf616b5d9ed212db7ce7e3bc9e9/url HTTP/1.1
User-Agent: selenium/4.1.2 (java windows)
Cache-Control: no-cache
Content-Type: application/json; charset=utf-8
host: localhost:52383
accept: */*

Response DefaultHttpResponse(decodeResult: success, version: HTTP/1.1)
HTTP/1.1 200 OK
Content-Type: application/json; charset=utf-8
cache-control: no-cache
content-length: 31

08:32:29.079 [AsyncHttpClient-1-8] DEBUG org.asynchttpclient.netty.channel.ChannelManager - Adding key: http://localhost:52383 for channel [id: 0x3598de36, L:/127.0.0.1:60273 - R:localhost/127.0.0.1:52383]
08:32:29.091 [Forwarding screenshot on session 258f4cf616b5d9ed212db7ce7e3bc9e9 to remote] DEBUG org.asynchttpclient.netty.request.NettyRequestSender - Using pooled Channel '[id: 0x3598de36, L:/127.0.0.1:60273 - R:localhost/127.0.0.1:52383]' for 'GET' to 'http://localhost:52383/session/258f4cf616b5d9ed212db7ce7e3bc9e9/screenshot'
08:32:29.091 [Forwarding screenshot on session 258f4cf616b5d9ed212db7ce7e3bc9e9 to remote] DEBUG org.asynchttpclient.netty.request.NettyRequestSender - Using open Channel [id: 0x3598de36, L:/127.0.0.1:60273 - R:localhost/127.0.0.1:52383] for GET '/session/258f4cf616b5d9ed212db7ce7e3bc9e9/screenshot'
08:32:29.527 [AsyncHttpClient-1-1] DEBUG org.asynchttpclient.netty.channel.DefaultChannelPool - Entry count for : http://localhost:60274 : 1
08:32:29.551 [AsyncHttpClient-1-8] DEBUG org.asynchttpclient.netty.handler.HttpHandler - 

Request DefaultFullHttpRequest(decodeResult: success, version: HTTP/1.1, content: EmptyByteBufBE)
GET /session/258f4cf616b5d9ed212db7ce7e3bc9e9/screenshot HTTP/1.1
User-Agent: selenium/4.1.2 (java windows)
Cache-Control: no-cache
Content-Type: application/json; charset=utf-8
host: localhost:52383
accept: */*

Response DefaultHttpResponse(decodeResult: success, version: HTTP/1.1)
HTTP/1.1 200 OK
Content-Type: application/json; charset=utf-8
cache-control: no-cache
content-length: 38784

08:32:29.553 [AsyncHttpClient-1-8] DEBUG org.asynchttpclient.netty.channel.ChannelManager - Adding key: http://localhost:52383 for channel [id: 0x3598de36, L:/127.0.0.1:60273 - R:localhost/127.0.0.1:52383]
08:32:29.556 [main] DEBUG net.serenitybdd.core.photography.Darkroom - Send negative for processing for target\site\serenity\1a67689f009473485b29a5bfa403669e947cc27311fb322241d8785016d5d989.png
08:32:29.556 [main] DEBUG net.thucydides.core.steps.StepInterceptor - STEP DONE: openUrl
08:32:29.557 [Darkroom Processing Line] DEBUG net.serenitybdd.core.photography.DarkroomProcessingLine - Processing screenshot image in /var/screenshots/screenshot-3154725838698381097
08:32:29.557 [Darkroom Processing Line] DEBUG net.serenitybdd.core.photography.DarkroomProcessingLine - Saving screenshot to target\site\serenity\1a67689f009473485b29a5bfa403669e947cc27311fb322241d8785016d5d989.png
08:32:29.570 [main] DEBUG net.thucydides.core.steps.StepInterceptor - STARTING STEP: stepdefinition.iAmOnLoginPage - clickIconLogin
08:32:29.578 [Forwarding findElement on session 258f4cf616b5d9ed212db7ce7e3bc9e9 to remote] DEBUG org.asynchttpclient.netty.request.NettyRequestSender - Using pooled Channel '[id: 0x3598de36, L:/127.0.0.1:60273 - R:localhost/127.0.0.1:52383]' for 'POST' to 'http://localhost:52383/session/258f4cf616b5d9ed212db7ce7e3bc9e9/element'
08:32:29.578 [Forwarding findElement on session 258f4cf616b5d9ed212db7ce7e3bc9e9 to remote] DEBUG org.asynchttpclient.netty.request.NettyRequestSender - Using open Channel [id: 0x3598de36, L:/127.0.0.1:60273 - R:localhost/127.0.0.1:52383] for POST '/session/258f4cf616b5d9ed212db7ce7e3bc9e9/element'
08:32:29.599 [AsyncHttpClient-1-8] DEBUG org.asynchttpclient.netty.handler.HttpHandler - 

Request DefaultHttpRequest(decodeResult: success, version: HTTP/1.1)
POST /session/258f4cf616b5d9ed212db7ce7e3bc9e9/element HTTP/1.1
User-Agent: selenium/4.1.2 (java windows)
Content-Length: 170
Content-Type: application/json; charset=utf-8
host: localhost:52383
accept: */*

Response DefaultHttpResponse(decodeResult: success, version: HTTP/1.1)
HTTP/1.1 200 OK
Content-Type: application/json; charset=utf-8
cache-control: no-cache
content-length: 88

08:32:29.599 [AsyncHttpClient-1-8] DEBUG org.asynchttpclient.netty.channel.ChannelManager - Adding key: http://localhost:52383 for channel [id: 0x3598de36, L:/127.0.0.1:60273 - R:localhost/127.0.0.1:52383]
08:32:29.603 [Forwarding getElementTagName on session 258f4cf616b5d9ed212db7ce7e3bc9e9 to remote] DEBUG org.asynchttpclient.netty.request.NettyRequestSender - Using pooled Channel '[id: 0x3598de36, L:/127.0.0.1:60273 - R:localhost/127.0.0.1:52383]' for 'GET' to 'http://localhost:52383/session/258f4cf616b5d9ed212db7ce7e3bc9e9/element/13bcfb46-f51a-425a-a884-40defbabee18/name'
08:32:29.604 [Forwarding getElementTagName on session 258f4cf616b5d9ed212db7ce7e3bc9e9 to remote] DEBUG org.asynchttpclient.netty.request.NettyRequestSender - Using open Channel [id: 0x3598de36, L:/127.0.0.1:60273 - R:localhost/127.0.0.1:52383] for GET '/session/258f4cf616b5d9ed212db7ce7e3bc9e9/element/13bcfb46-f51a-425a-a884-40defbabee18/name'
08:32:30.628 [AsyncHttpClient-1-1] DEBUG org.asynchttpclient.netty.channel.DefaultChannelPool - Entry count for : http://localhost:60274 : 1
08:32:31.454 [AsyncHttpClient-1-8] DEBUG org.asynchttpclient.netty.handler.HttpHandler - 

Request DefaultFullHttpRequest(decodeResult: success, version: HTTP/1.1, content: EmptyByteBufBE)
GET /session/258f4cf616b5d9ed212db7ce7e3bc9e9/element/13bcfb46-f51a-425a-a884-40defbabee18/name HTTP/1.1
User-Agent: selenium/4.1.2 (java windows)
Cache-Control: no-cache
Content-Type: application/json; charset=utf-8
host: localhost:52383
accept: */*

Response DefaultHttpResponse(decodeResult: success, version: HTTP/1.1)
HTTP/1.1 200 OK
Content-Type: application/json; charset=utf-8
cache-control: no-cache
content-length: 13

08:32:31.454 [AsyncHttpClient-1-8] DEBUG org.asynchttpclient.netty.channel.ChannelManager - Adding key: http://localhost:52383 for channel [id: 0x3598de36, L:/127.0.0.1:60273 - R:localhost/127.0.0.1:52383]
08:32:31.458 [Forwarding getElementTagName on session 258f4cf616b5d9ed212db7ce7e3bc9e9 to remote] DEBUG org.asynchttpclient.netty.request.NettyRequestSender - Using pooled Channel '[id: 0x3598de36, L:/127.0.0.1:60273 - R:localhost/127.0.0.1:52383]' for 'GET' to 'http://localhost:52383/session/258f4cf616b5d9ed212db7ce7e3bc9e9/element/13bcfb46-f51a-425a-a884-40defbabee18/name'
08:32:31.458 [Forwarding getElementTagName on session 258f4cf616b5d9ed212db7ce7e3bc9e9 to remote] DEBUG org.asynchttpclient.netty.request.NettyRequestSender - Using open Channel [id: 0x3598de36, L:/127.0.0.1:60273 - R:localhost/127.0.0.1:52383] for GET '/session/258f4cf616b5d9ed212db7ce7e3bc9e9/element/13bcfb46-f51a-425a-a884-40defbabee18/name'
08:32:31.466 [AsyncHttpClient-1-8] DEBUG org.asynchttpclient.netty.handler.HttpHandler - 

Request DefaultFullHttpRequest(decodeResult: success, version: HTTP/1.1, content: EmptyByteBufBE)
GET /session/258f4cf616b5d9ed212db7ce7e3bc9e9/element/13bcfb46-f51a-425a-a884-40defbabee18/name HTTP/1.1
User-Agent: selenium/4.1.2 (java windows)
Cache-Control: no-cache
Content-Type: application/json; charset=utf-8
host: localhost:52383
accept: */*

Response DefaultHttpResponse(decodeResult: success, version: HTTP/1.1)
HTTP/1.1 200 OK
Content-Type: application/json; charset=utf-8
cache-control: no-cache
content-length: 13

08:32:31.466 [AsyncHttpClient-1-8] DEBUG org.asynchttpclient.netty.channel.ChannelManager - Adding key: http://localhost:52383 for channel [id: 0x3598de36, L:/127.0.0.1:60273 - R:localhost/127.0.0.1:52383]
08:32:31.472 [Forwarding findElement on session 258f4cf616b5d9ed212db7ce7e3bc9e9 to remote] DEBUG org.asynchttpclient.netty.request.NettyRequestSender - Using pooled Channel '[id: 0x3598de36, L:/127.0.0.1:60273 - R:localhost/127.0.0.1:52383]' for 'POST' to 'http://localhost:52383/session/258f4cf616b5d9ed212db7ce7e3bc9e9/element'
08:32:31.472 [Forwarding findElement on session 258f4cf616b5d9ed212db7ce7e3bc9e9 to remote] DEBUG org.asynchttpclient.netty.request.NettyRequestSender - Using open Channel [id: 0x3598de36, L:/127.0.0.1:60273 - R:localhost/127.0.0.1:52383] for POST '/session/258f4cf616b5d9ed212db7ce7e3bc9e9/element'
08:32:31.492 [AsyncHttpClient-1-8] DEBUG org.asynchttpclient.netty.handler.HttpHandler - 

Request DefaultHttpRequest(decodeResult: success, version: HTTP/1.1)
POST /session/258f4cf616b5d9ed212db7ce7e3bc9e9/element HTTP/1.1
User-Agent: selenium/4.1.2 (java windows)
Content-Length: 170
Content-Type: application/json; charset=utf-8
host: localhost:52383
accept: */*

Response DefaultHttpResponse(decodeResult: success, version: HTTP/1.1)
HTTP/1.1 200 OK
Content-Type: application/json; charset=utf-8
cache-control: no-cache
content-length: 88

08:32:31.493 [AsyncHttpClient-1-8] DEBUG org.asynchttpclient.netty.channel.ChannelManager - Adding key: http://localhost:52383 for channel [id: 0x3598de36, L:/127.0.0.1:60273 - R:localhost/127.0.0.1:52383]
08:32:31.497 [Forwarding clickElement on session 258f4cf616b5d9ed212db7ce7e3bc9e9 to remote] DEBUG org.asynchttpclient.netty.request.NettyRequestSender - Using pooled Channel '[id: 0x3598de36, L:/127.0.0.1:60273 - R:localhost/127.0.0.1:52383]' for 'POST' to 'http://localhost:52383/session/258f4cf616b5d9ed212db7ce7e3bc9e9/element/13bcfb46-f51a-425a-a884-40defbabee18/click'
08:32:31.497 [Forwarding clickElement on session 258f4cf616b5d9ed212db7ce7e3bc9e9 to remote] DEBUG org.asynchttpclient.netty.request.NettyRequestSender - Using open Channel [id: 0x3598de36, L:/127.0.0.1:60273 - R:localhost/127.0.0.1:52383] for POST '/session/258f4cf616b5d9ed212db7ce7e3bc9e9/element/13bcfb46-f51a-425a-a884-40defbabee18/click'
08:32:31.571 [AsyncHttpClient-1-8] DEBUG org.asynchttpclient.netty.handler.HttpHandler - 

Request DefaultHttpRequest(decodeResult: success, version: HTTP/1.1)
POST /session/258f4cf616b5d9ed212db7ce7e3bc9e9/element/13bcfb46-f51a-425a-a884-40defbabee18/click HTTP/1.1
User-Agent: selenium/4.1.2 (java windows)
Content-Length: 50
Content-Type: application/json; charset=utf-8
host: localhost:52383
accept: */*

Response DefaultHttpResponse(decodeResult: success, version: HTTP/1.1)
HTTP/1.1 200 OK
Content-Type: application/json; charset=utf-8
cache-control: no-cache
content-length: 14

08:32:31.572 [AsyncHttpClient-1-8] DEBUG org.asynchttpclient.netty.channel.ChannelManager - Adding key: http://localhost:52383 for channel [id: 0x3598de36, L:/127.0.0.1:60273 - R:localhost/127.0.0.1:52383]
08:32:31.588 [Forwarding screenshot on session 258f4cf616b5d9ed212db7ce7e3bc9e9 to remote] DEBUG org.asynchttpclient.netty.request.NettyRequestSender - Using pooled Channel '[id: 0x3598de36, L:/127.0.0.1:60273 - R:localhost/127.0.0.1:52383]' for 'GET' to 'http://localhost:52383/session/258f4cf616b5d9ed212db7ce7e3bc9e9/screenshot'
08:32:31.588 [Forwarding screenshot on session 258f4cf616b5d9ed212db7ce7e3bc9e9 to remote] DEBUG org.asynchttpclient.netty.request.NettyRequestSender - Using open Channel [id: 0x3598de36, L:/127.0.0.1:60273 - R:localhost/127.0.0.1:52383] for GET '/session/258f4cf616b5d9ed212db7ce7e3bc9e9/screenshot'
08:32:31.729 [AsyncHttpClient-1-1] DEBUG org.asynchttpclient.netty.channel.DefaultChannelPool - Entry count for : http://localhost:60274 : 1
08:32:32.162 [AsyncHttpClient-1-8] DEBUG org.asynchttpclient.netty.handler.HttpHandler - 

Request DefaultFullHttpRequest(decodeResult: success, version: HTTP/1.1, content: EmptyByteBufBE)
GET /session/258f4cf616b5d9ed212db7ce7e3bc9e9/screenshot HTTP/1.1
User-Agent: selenium/4.1.2 (java windows)
Cache-Control: no-cache
Content-Type: application/json; charset=utf-8
host: localhost:52383
accept: */*

Response DefaultHttpResponse(decodeResult: success, version: HTTP/1.1)
HTTP/1.1 200 OK
Content-Type: application/json; charset=utf-8
cache-control: no-cache
content-length: 40120

08:32:32.163 [AsyncHttpClient-1-8] DEBUG org.asynchttpclient.netty.channel.ChannelManager - Adding key: http://localhost:52383 for channel [id: 0x3598de36, L:/127.0.0.1:60273 - R:localhost/127.0.0.1:52383]
08:32:32.167 [main] DEBUG net.serenitybdd.core.photography.Darkroom - Send negative for processing for target\site\serenity\67ceac6d2a4df07f2d215887f542e69184153f4614227b1a5a73878a6f29a6fc.png
08:32:32.168 [main] DEBUG net.thucydides.core.steps.StepInterceptor - STEP DONE: clickIconLogin
08:32:32.168 [Darkroom Processing Line] DEBUG net.serenitybdd.core.photography.DarkroomProcessingLine - Processing screenshot image in /var/screenshots/screenshot-14493105670473338742
  &amp#27;[32mGiven &amp#27;[0m&amp#27;[32mi am on login page&amp#27;[0m             &amp#27;[90m# starter.stepdefinitions.stepdefinition.iAmOnLoginPage()&amp#27;[0m
08:32:32.168 [Darkroom Processing Line] DEBUG net.serenitybdd.core.photography.DarkroomProcessingLine - Saving screenshot to target\site\serenity\67ceac6d2a4df07f2d215887f542e69184153f4614227b1a5a73878a6f29a6fc.png
08:32:32.203 [main] DEBUG net.thucydides.core.steps.StepInterceptor - STARTING STEP: stepdefinition.iInputUsername - inputUsername
08:32:32.207 [Forwarding findElement on session 258f4cf616b5d9ed212db7ce7e3bc9e9 to remote] DEBUG org.asynchttpclient.netty.request.NettyRequestSender - Using pooled Channel '[id: 0x3598de36, L:/127.0.0.1:60273 - R:localhost/127.0.0.1:52383]' for 'POST' to 'http://localhost:52383/session/258f4cf616b5d9ed212db7ce7e3bc9e9/element'
08:32:32.207 [Forwarding findElement on session 258f4cf616b5d9ed212db7ce7e3bc9e9 to remote] DEBUG org.asynchttpclient.netty.request.NettyRequestSender - Using open Channel [id: 0x3598de36, L:/127.0.0.1:60273 - R:localhost/127.0.0.1:52383] for POST '/session/258f4cf616b5d9ed212db7ce7e3bc9e9/element'
08:32:32.226 [AsyncHttpClient-1-8] DEBUG org.asynchttpclient.netty.handler.HttpHandler - 

Request DefaultHttpRequest(decodeResult: success, version: HTTP/1.1)
POST /session/258f4cf616b5d9ed212db7ce7e3bc9e9/element HTTP/1.1
User-Agent: selenium/4.1.2 (java windows)
Content-Length: 86
Content-Type: application/json; charset=utf-8
host: localhost:52383
accept: */*

Response DefaultHttpResponse(decodeResult: success, version: HTTP/1.1)
HTTP/1.1 200 OK
Content-Type: application/json; charset=utf-8
cache-control: no-cache
content-length: 88

08:32:32.227 [AsyncHttpClient-1-8] DEBUG org.asynchttpclient.netty.channel.ChannelManager - Adding key: http://localhost:52383 for channel [id: 0x3598de36, L:/127.0.0.1:60273 - R:localhost/127.0.0.1:52383]
08:32:32.230 [Forwarding clearElement on session 258f4cf616b5d9ed212db7ce7e3bc9e9 to remote] DEBUG org.asynchttpclient.netty.request.NettyRequestSender - Using pooled Channel '[id: 0x3598de36, L:/127.0.0.1:60273 - R:localhost/127.0.0.1:52383]' for 'POST' to 'http://localhost:52383/session/258f4cf616b5d9ed212db7ce7e3bc9e9/element/0d823e33-be4a-4cd3-a465-14f7880491d6/clear'
08:32:32.231 [Forwarding clearElement on session 258f4cf616b5d9ed212db7ce7e3bc9e9 to remote] DEBUG org.asynchttpclient.netty.request.NettyRequestSender - Using open Channel [id: 0x3598de36, L:/127.0.0.1:60273 - R:localhost/127.0.0.1:52383] for POST '/session/258f4cf616b5d9ed212db7ce7e3bc9e9/element/0d823e33-be4a-4cd3-a465-14f7880491d6/clear'
08:32:32.279 [AsyncHttpClient-1-8] DEBUG org.asynchttpclient.netty.handler.HttpHandler - 

Request DefaultHttpRequest(decodeResult: success, version: HTTP/1.1)
POST /session/258f4cf616b5d9ed212db7ce7e3bc9e9/element/0d823e33-be4a-4cd3-a465-14f7880491d6/clear HTTP/1.1
User-Agent: selenium/4.1.2 (java windows)
Content-Length: 50
Content-Type: application/json; charset=utf-8
host: localhost:52383
accept: */*

Response DefaultHttpResponse(decodeResult: success, version: HTTP/1.1)
HTTP/1.1 200 OK
Content-Type: application/json; charset=utf-8
cache-control: no-cache
content-length: 14

08:32:32.279 [AsyncHttpClient-1-8] DEBUG org.asynchttpclient.netty.channel.ChannelManager - Adding key: http://localhost:52383 for channel [id: 0x3598de36, L:/127.0.0.1:60273 - R:localhost/127.0.0.1:52383]
08:32:32.284 [Forwarding sendKeysToElement on session 258f4cf616b5d9ed212db7ce7e3bc9e9 to remote] DEBUG org.asynchttpclient.netty.request.NettyRequestSender - Using pooled Channel '[id: 0x3598de36, L:/127.0.0.1:60273 - R:localhost/127.0.0.1:52383]' for 'POST' to 'http://localhost:52383/session/258f4cf616b5d9ed212db7ce7e3bc9e9/element/0d823e33-be4a-4cd3-a465-14f7880491d6/value'
08:32:32.284 [Forwarding sendKeysToElement on session 258f4cf616b5d9ed212db7ce7e3bc9e9 to remote] DEBUG org.asynchttpclient.netty.request.NettyRequestSender - Using open Channel [id: 0x3598de36, L:/127.0.0.1:60273 - R:localhost/127.0.0.1:52383] for POST '/session/258f4cf616b5d9ed212db7ce7e3bc9e9/element/0d823e33-be4a-4cd3-a465-14f7880491d6/value'
08:32:32.345 [AsyncHttpClient-1-8] DEBUG org.asynchttpclient.netty.handler.HttpHandler - 

Request DefaultHttpRequest(decodeResult: success, version: HTTP/1.1)
POST /session/258f4cf616b5d9ed212db7ce7e3bc9e9/element/0d823e33-be4a-4cd3-a465-14f7880491d6/value HTTP/1.1
User-Agent: selenium/4.1.2 (java windows)
Content-Length: 82
Content-Type: application/json; charset=utf-8
host: localhost:52383
accept: */*

Response DefaultHttpResponse(decodeResult: success, version: HTTP/1.1)
HTTP/1.1 200 OK
Content-Type: application/json; charset=utf-8
cache-control: no-cache
content-length: 14

08:32:32.345 [AsyncHttpClient-1-8] DEBUG org.asynchttpclient.netty.channel.ChannelManager - Adding key: http://localhost:52383 for channel [id: 0x3598de36, L:/127.0.0.1:60273 - R:localhost/127.0.0.1:52383]
08:32:32.367 [Forwarding screenshot on session 258f4cf616b5d9ed212db7ce7e3bc9e9 to remote] DEBUG org.asynchttpclient.netty.request.NettyRequestSender - Using pooled Channel '[id: 0x3598de36, L:/127.0.0.1:60273 - R:localhost/127.0.0.1:52383]' for 'GET' to 'http://localhost:52383/session/258f4cf616b5d9ed212db7ce7e3bc9e9/screenshot'
08:32:32.367 [Forwarding screenshot on session 258f4cf616b5d9ed212db7ce7e3bc9e9 to remote] DEBUG org.asynchttpclient.netty.request.NettyRequestSender - Using open Channel [id: 0x3598de36, L:/127.0.0.1:60273 - R:localhost/127.0.0.1:52383] for GET '/session/258f4cf616b5d9ed212db7ce7e3bc9e9/screenshot'
08:32:32.600 [AsyncHttpClient-1-8] DEBUG org.asynchttpclient.netty.handler.HttpHandler - 

Request DefaultFullHttpRequest(decodeResult: success, version: HTTP/1.1, content: EmptyByteBufBE)
GET /session/258f4cf616b5d9ed212db7ce7e3bc9e9/screenshot HTTP/1.1
User-Agent: selenium/4.1.2 (java windows)
Cache-Control: no-cache
Content-Type: application/json; charset=utf-8
host: localhost:52383
accept: */*

Response DefaultHttpResponse(decodeResult: success, version: HTTP/1.1)
HTTP/1.1 200 OK
Content-Type: application/json; charset=utf-8
cache-control: no-cache
content-length: 39668

08:32:32.601 [AsyncHttpClient-1-8] DEBUG org.asynchttpclient.netty.channel.ChannelManager - Adding key: http://localhost:52383 for channel [id: 0x3598de36, L:/127.0.0.1:60273 - R:localhost/127.0.0.1:52383]
08:32:32.604 [main] DEBUG net.serenitybdd.core.photography.Darkroom - Send negative for processing for target\site\serenity\e0b76da729d51eb7bf9a3a37f4e51897d68d7e78602e7653d0d0522554df439e.png
08:32:32.605 [main] DEBUG net.thucydides.core.steps.StepInterceptor - STEP DONE: inputUsername
  &amp#27;[32mWhen &amp#27;[0m&amp#27;[32mi input &amp#27;[0m&amp#27;[32m&amp#27;[1m""&amp#27;[0m&amp#27;[32m username&amp#27;[0m             &amp#27;[90m# starter.stepdefinitions.stepdefinition.iInputUsername(java.lang.String)&amp#27;[0m
08:32:32.605 [Darkroom Processing Line] DEBUG net.serenitybdd.core.photography.DarkroomProcessingLine - Processing screenshot image in /var/screenshots/screenshot-345293642154358512
08:32:32.605 [Darkroom Processing Line] DEBUG net.serenitybdd.core.photography.DarkroomProcessingLine - Saving screenshot to target\site\serenity\e0b76da729d51eb7bf9a3a37f4e51897d68d7e78602e7653d0d0522554df439e.png
08:32:32.641 [main] DEBUG net.thucydides.core.steps.StepInterceptor - STARTING STEP: stepdefinition.iInputPassword - inputPassword
08:32:32.653 [Forwarding findElement on session 258f4cf616b5d9ed212db7ce7e3bc9e9 to remote] DEBUG org.asynchttpclient.netty.request.NettyRequestSender - Using pooled Channel '[id: 0x3598de36, L:/127.0.0.1:60273 - R:localhost/127.0.0.1:52383]' for 'POST' to 'http://localhost:52383/session/258f4cf616b5d9ed212db7ce7e3bc9e9/element'
08:32:32.653 [Forwarding findElement on session 258f4cf616b5d9ed212db7ce7e3bc9e9 to remote] DEBUG org.asynchttpclient.netty.request.NettyRequestSender - Using open Channel [id: 0x3598de36, L:/127.0.0.1:60273 - R:localhost/127.0.0.1:52383] for POST '/session/258f4cf616b5d9ed212db7ce7e3bc9e9/element'
08:32:32.682 [AsyncHttpClient-1-8] DEBUG org.asynchttpclient.netty.handler.HttpHandler - 

Request DefaultHttpRequest(decodeResult: success, version: HTTP/1.1)
POST /session/258f4cf616b5d9ed212db7ce7e3bc9e9/element HTTP/1.1
User-Agent: selenium/4.1.2 (java windows)
Content-Length: 89
Content-Type: application/json; charset=utf-8
host: localhost:52383
accept: */*

Response DefaultHttpResponse(decodeResult: success, version: HTTP/1.1)
HTTP/1.1 200 OK
Content-Type: application/json; charset=utf-8
cache-control: no-cache
content-length: 88

08:32:32.682 [AsyncHttpClient-1-8] DEBUG org.asynchttpclient.netty.channel.ChannelManager - Adding key: http://localhost:52383 for channel [id: 0x3598de36, L:/127.0.0.1:60273 - R:localhost/127.0.0.1:52383]
08:32:32.688 [Forwarding clearElement on session 258f4cf616b5d9ed212db7ce7e3bc9e9 to remote] DEBUG org.asynchttpclient.netty.request.NettyRequestSender - Using pooled Channel '[id: 0x3598de36, L:/127.0.0.1:60273 - R:localhost/127.0.0.1:52383]' for 'POST' to 'http://localhost:52383/session/258f4cf616b5d9ed212db7ce7e3bc9e9/element/0f618ea7-d8e1-4eca-8c67-8c0f00738568/clear'
08:32:32.688 [Forwarding clearElement on session 258f4cf616b5d9ed212db7ce7e3bc9e9 to remote] DEBUG org.asynchttpclient.netty.request.NettyRequestSender - Using open Channel [id: 0x3598de36, L:/127.0.0.1:60273 - R:localhost/127.0.0.1:52383] for POST '/session/258f4cf616b5d9ed212db7ce7e3bc9e9/element/0f618ea7-d8e1-4eca-8c67-8c0f00738568/clear'
08:32:32.760 [AsyncHttpClient-1-8] DEBUG org.asynchttpclient.netty.handler.HttpHandler - 

Request DefaultHttpRequest(decodeResult: success, version: HTTP/1.1)
POST /session/258f4cf616b5d9ed212db7ce7e3bc9e9/element/0f618ea7-d8e1-4eca-8c67-8c0f00738568/clear HTTP/1.1
User-Agent: selenium/4.1.2 (java windows)
Content-Length: 50
Content-Type: application/json; charset=utf-8
host: localhost:52383
accept: */*

Response DefaultHttpResponse(decodeResult: success, version: HTTP/1.1)
HTTP/1.1 200 OK
Content-Type: application/json; charset=utf-8
cache-control: no-cache
content-length: 14

08:32:32.761 [AsyncHttpClient-1-8] DEBUG org.asynchttpclient.netty.channel.ChannelManager - Adding key: http://localhost:52383 for channel [id: 0x3598de36, L:/127.0.0.1:60273 - R:localhost/127.0.0.1:52383]
08:32:32.769 [Forwarding sendKeysToElement on session 258f4cf616b5d9ed212db7ce7e3bc9e9 to remote] DEBUG org.asynchttpclient.netty.request.NettyRequestSender - Using pooled Channel '[id: 0x3598de36, L:/127.0.0.1:60273 - R:localhost/127.0.0.1:52383]' for 'POST' to 'http://localhost:52383/session/258f4cf616b5d9ed212db7ce7e3bc9e9/element/0f618ea7-d8e1-4eca-8c67-8c0f00738568/value'
08:32:32.769 [Forwarding sendKeysToElement on session 258f4cf616b5d9ed212db7ce7e3bc9e9 to remote] DEBUG org.asynchttpclient.netty.request.NettyRequestSender - Using open Channel [id: 0x3598de36, L:/127.0.0.1:60273 - R:localhost/127.0.0.1:52383] for POST '/session/258f4cf616b5d9ed212db7ce7e3bc9e9/element/0f618ea7-d8e1-4eca-8c67-8c0f00738568/value'
08:32:32.828 [AsyncHttpClient-1-1] DEBUG org.asynchttpclient.netty.channel.DefaultChannelPool - Entry count for : http://localhost:60274 : 1
08:32:33.022 [AsyncHttpClient-1-8] DEBUG org.asynchttpclient.netty.handler.HttpHandler - 

Request DefaultHttpRequest(decodeResult: success, version: HTTP/1.1)
POST /session/258f4cf616b5d9ed212db7ce7e3bc9e9/element/0f618ea7-d8e1-4eca-8c67-8c0f00738568/value HTTP/1.1
User-Agent: selenium/4.1.2 (java windows)
Content-Length: 211
Content-Type: application/json; charset=utf-8
host: localhost:52383
accept: */*

Response DefaultHttpResponse(decodeResult: success, version: HTTP/1.1)
HTTP/1.1 200 OK
Content-Type: application/json; charset=utf-8
cache-control: no-cache
content-length: 14

08:32:33.023 [AsyncHttpClient-1-8] DEBUG org.asynchttpclient.netty.channel.ChannelManager - Adding key: http://localhost:52383 for channel [id: 0x3598de36, L:/127.0.0.1:60273 - R:localhost/127.0.0.1:52383]
08:32:33.043 [Forwarding screenshot on session 258f4cf616b5d9ed212db7ce7e3bc9e9 to remote] DEBUG org.asynchttpclient.netty.request.NettyRequestSender - Using pooled Channel '[id: 0x3598de36, L:/127.0.0.1:60273 - R:localhost/127.0.0.1:52383]' for 'GET' to 'http://localhost:52383/session/258f4cf616b5d9ed212db7ce7e3bc9e9/screenshot'
08:32:33.044 [Forwarding screenshot on session 258f4cf616b5d9ed212db7ce7e3bc9e9 to remote] DEBUG org.asynchttpclient.netty.request.NettyRequestSender - Using open Channel [id: 0x3598de36, L:/127.0.0.1:60273 - R:localhost/127.0.0.1:52383] for GET '/session/258f4cf616b5d9ed212db7ce7e3bc9e9/screenshot'
08:32:33.284 [AsyncHttpClient-1-8] DEBUG org.asynchttpclient.netty.handler.HttpHandler - 

Request DefaultFullHttpRequest(decodeResult: success, version: HTTP/1.1, content: EmptyByteBufBE)
GET /session/258f4cf616b5d9ed212db7ce7e3bc9e9/screenshot HTTP/1.1
User-Agent: selenium/4.1.2 (java windows)
Cache-Control: no-cache
Content-Type: application/json; charset=utf-8
host: localhost:52383
accept: */*

Response DefaultHttpResponse(decodeResult: success, version: HTTP/1.1)
HTTP/1.1 200 OK
Content-Type: application/json; charset=utf-8
cache-control: no-cache
content-length: 43568

08:32:33.286 [AsyncHttpClient-1-8] DEBUG org.asynchttpclient.netty.channel.ChannelManager - Adding key: http://localhost:52383 for channel [id: 0x3598de36, L:/127.0.0.1:60273 - R:localhost/127.0.0.1:52383]
08:32:33.290 [main] DEBUG net.serenitybdd.core.photography.Darkroom - Send negative for processing for target\site\serenity\da238271e6b410fa8ac975311718ba74f2191b56a6ae019a71d3a2d9a5a4e84f.png
08:32:33.291 [main] DEBUG net.thucydides.core.steps.StepInterceptor - STEP DONE: inputPassword
08:32:33.291 [Darkroom Processing Line] DEBUG net.serenitybdd.core.photography.DarkroomProcessingLine - Processing screenshot image in /var/screenshots/screenshot-10671444160177425179
08:32:33.291 [Darkroom Processing Line] DEBUG net.serenitybdd.core.photography.DarkroomProcessingLine - Saving screenshot to target\site\serenity\da238271e6b410fa8ac975311718ba74f2191b56a6ae019a71d3a2d9a5a4e84f.png
  &amp#27;[32mAnd &amp#27;[0m&amp#27;[32mi input &amp#27;[0m&amp#27;[32m&amp#27;[1m"realgladz1511"&amp#27;[0m&amp#27;[32m password&amp#27;[0m &amp#27;[90m# starter.stepdefinitions.stepdefinition.iInputPassword(java.lang.String)&amp#27;[0m
08:32:33.321 [main] DEBUG net.thucydides.core.steps.StepInterceptor - STARTING STEP: stepdefinition.clickLoginButton - clickLogin
08:32:33.328 [Forwarding findElement on session 258f4cf616b5d9ed212db7ce7e3bc9e9 to remote] DEBUG org.asynchttpclient.netty.request.NettyRequestSender - Using pooled Channel '[id: 0x3598de36, L:/127.0.0.1:60273 - R:localhost/127.0.0.1:52383]' for 'POST' to 'http://localhost:52383/session/258f4cf616b5d9ed212db7ce7e3bc9e9/element'
08:32:33.329 [Forwarding findElement on session 258f4cf616b5d9ed212db7ce7e3bc9e9 to remote] DEBUG org.asynchttpclient.netty.request.NettyRequestSender - Using open Channel [id: 0x3598de36, L:/127.0.0.1:60273 - R:localhost/127.0.0.1:52383] for POST '/session/258f4cf616b5d9ed212db7ce7e3bc9e9/element'
08:32:33.349 [AsyncHttpClient-1-8] DEBUG org.asynchttpclient.netty.handler.HttpHandler - 

Request DefaultHttpRequest(decodeResult: success, version: HTTP/1.1)
POST /session/258f4cf616b5d9ed212db7ce7e3bc9e9/element HTTP/1.1
User-Agent: selenium/4.1.2 (java windows)
Content-Length: 72
Content-Type: application/json; charset=utf-8
host: localhost:52383
accept: */*

Response DefaultHttpResponse(decodeResult: success, version: HTTP/1.1)
HTTP/1.1 200 OK
Content-Type: application/json; charset=utf-8
cache-control: no-cache
content-length: 88

08:32:33.350 [AsyncHttpClient-1-8] DEBUG org.asynchttpclient.netty.channel.ChannelManager - Adding key: http://localhost:52383 for channel [id: 0x3598de36, L:/127.0.0.1:60273 - R:localhost/127.0.0.1:52383]
08:32:33.353 [Forwarding getElementTagName on session 258f4cf616b5d9ed212db7ce7e3bc9e9 to remote] DEBUG org.asynchttpclient.netty.request.NettyRequestSender - Using pooled Channel '[id: 0x3598de36, L:/127.0.0.1:60273 - R:localhost/127.0.0.1:52383]' for 'GET' to 'http://localhost:52383/session/258f4cf616b5d9ed212db7ce7e3bc9e9/element/a7686cc9-513c-4061-a033-2a74e20f5274/name'
08:32:33.353 [Forwarding getElementTagName on session 258f4cf616b5d9ed212db7ce7e3bc9e9 to remote] DEBUG org.asynchttpclient.netty.request.NettyRequestSender - Using open Channel [id: 0x3598de36, L:/127.0.0.1:60273 - R:localhost/127.0.0.1:52383] for GET '/session/258f4cf616b5d9ed212db7ce7e3bc9e9/element/a7686cc9-513c-4061-a033-2a74e20f5274/name'
08:32:33.365 [AsyncHttpClient-1-8] DEBUG org.asynchttpclient.netty.handler.HttpHandler - 

Request DefaultFullHttpRequest(decodeResult: success, version: HTTP/1.1, content: EmptyByteBufBE)
GET /session/258f4cf616b5d9ed212db7ce7e3bc9e9/element/a7686cc9-513c-4061-a033-2a74e20f5274/name HTTP/1.1
User-Agent: selenium/4.1.2 (java windows)
Cache-Control: no-cache
Content-Type: application/json; charset=utf-8
host: localhost:52383
accept: */*

Response DefaultHttpResponse(decodeResult: success, version: HTTP/1.1)
HTTP/1.1 200 OK
Content-Type: application/json; charset=utf-8
cache-control: no-cache
content-length: 18

08:32:33.365 [AsyncHttpClient-1-8] DEBUG org.asynchttpclient.netty.channel.ChannelManager - Adding key: http://localhost:52383 for channel [id: 0x3598de36, L:/127.0.0.1:60273 - R:localhost/127.0.0.1:52383]
08:32:33.369 [Forwarding getElementTagName on session 258f4cf616b5d9ed212db7ce7e3bc9e9 to remote] DEBUG org.asynchttpclient.netty.request.NettyRequestSender - Using pooled Channel '[id: 0x3598de36, L:/127.0.0.1:60273 - R:localhost/127.0.0.1:52383]' for 'GET' to 'http://localhost:52383/session/258f4cf616b5d9ed212db7ce7e3bc9e9/element/a7686cc9-513c-4061-a033-2a74e20f5274/name'
08:32:33.370 [Forwarding getElementTagName on session 258f4cf616b5d9ed212db7ce7e3bc9e9 to remote] DEBUG org.asynchttpclient.netty.request.NettyRequestSender - Using open Channel [id: 0x3598de36, L:/127.0.0.1:60273 - R:localhost/127.0.0.1:52383] for GET '/session/258f4cf616b5d9ed212db7ce7e3bc9e9/element/a7686cc9-513c-4061-a033-2a74e20f5274/name'
08:32:33.379 [AsyncHttpClient-1-8] DEBUG org.asynchttpclient.netty.handler.HttpHandler - 

Request DefaultFullHttpRequest(decodeResult: success, version: HTTP/1.1, content: EmptyByteBufBE)
GET /session/258f4cf616b5d9ed212db7ce7e3bc9e9/element/a7686cc9-513c-4061-a033-2a74e20f5274/name HTTP/1.1
User-Agent: selenium/4.1.2 (java windows)
Cache-Control: no-cache
Content-Type: application/json; charset=utf-8
host: localhost:52383
accept: */*

Response DefaultHttpResponse(decodeResult: success, version: HTTP/1.1)
HTTP/1.1 200 OK
Content-Type: application/json; charset=utf-8
cache-control: no-cache
content-length: 18

08:32:33.380 [AsyncHttpClient-1-8] DEBUG org.asynchttpclient.netty.channel.ChannelManager - Adding key: http://localhost:52383 for channel [id: 0x3598de36, L:/127.0.0.1:60273 - R:localhost/127.0.0.1:52383]
08:32:33.385 [Forwarding isElementEnabled on session 258f4cf616b5d9ed212db7ce7e3bc9e9 to remote] DEBUG org.asynchttpclient.netty.request.NettyRequestSender - Using pooled Channel '[id: 0x3598de36, L:/127.0.0.1:60273 - R:localhost/127.0.0.1:52383]' for 'GET' to 'http://localhost:52383/session/258f4cf616b5d9ed212db7ce7e3bc9e9/element/a7686cc9-513c-4061-a033-2a74e20f5274/enabled'
08:32:33.385 [Forwarding isElementEnabled on session 258f4cf616b5d9ed212db7ce7e3bc9e9 to remote] DEBUG org.asynchttpclient.netty.request.NettyRequestSender - Using open Channel [id: 0x3598de36, L:/127.0.0.1:60273 - R:localhost/127.0.0.1:52383] for GET '/session/258f4cf616b5d9ed212db7ce7e3bc9e9/element/a7686cc9-513c-4061-a033-2a74e20f5274/enabled'
08:32:33.400 [AsyncHttpClient-1-8] DEBUG org.asynchttpclient.netty.handler.HttpHandler - 

Request DefaultFullHttpRequest(decodeResult: success, version: HTTP/1.1, content: EmptyByteBufBE)
GET /session/258f4cf616b5d9ed212db7ce7e3bc9e9/element/a7686cc9-513c-4061-a033-2a74e20f5274/enabled HTTP/1.1
User-Agent: selenium/4.1.2 (java windows)
Cache-Control: no-cache
Content-Type: application/json; charset=utf-8
host: localhost:52383
accept: */*

Response DefaultHttpResponse(decodeResult: success, version: HTTP/1.1)
HTTP/1.1 200 OK
Content-Type: application/json; charset=utf-8
cache-control: no-cache
content-length: 14

08:32:33.400 [AsyncHttpClient-1-8] DEBUG org.asynchttpclient.netty.channel.ChannelManager - Adding key: http://localhost:52383 for channel [id: 0x3598de36, L:/127.0.0.1:60273 - R:localhost/127.0.0.1:52383]
08:32:33.403 [Forwarding isElementEnabled on session 258f4cf616b5d9ed212db7ce7e3bc9e9 to remote] DEBUG org.asynchttpclient.netty.request.NettyRequestSender - Using pooled Channel '[id: 0x3598de36, L:/127.0.0.1:60273 - R:localhost/127.0.0.1:52383]' for 'GET' to 'http://localhost:52383/session/258f4cf616b5d9ed212db7ce7e3bc9e9/element/a7686cc9-513c-4061-a033-2a74e20f5274/enabled'
08:32:33.404 [Forwarding isElementEnabled on session 258f4cf616b5d9ed212db7ce7e3bc9e9 to remote] DEBUG org.asynchttpclient.netty.request.NettyRequestSender - Using open Channel [id: 0x3598de36, L:/127.0.0.1:60273 - R:localhost/127.0.0.1:52383] for GET '/session/258f4cf616b5d9ed212db7ce7e3bc9e9/element/a7686cc9-513c-4061-a033-2a74e20f5274/enabled'
08:32:33.413 [AsyncHttpClient-1-8] DEBUG org.asynchttpclient.netty.handler.HttpHandler - 

Request DefaultFullHttpRequest(decodeResult: success, version: HTTP/1.1, content: EmptyByteBufBE)
GET /session/258f4cf616b5d9ed212db7ce7e3bc9e9/element/a7686cc9-513c-4061-a033-2a74e20f5274/enabled HTTP/1.1
User-Agent: selenium/4.1.2 (java windows)
Cache-Control: no-cache
Content-Type: application/json; charset=utf-8
host: localhost:52383
accept: */*

Response DefaultHttpResponse(decodeResult: success, version: HTTP/1.1)
HTTP/1.1 200 OK
Content-Type: application/json; charset=utf-8
cache-control: no-cache
content-length: 14

08:32:33.414 [AsyncHttpClient-1-8] DEBUG org.asynchttpclient.netty.channel.ChannelManager - Adding key: http://localhost:52383 for channel [id: 0x3598de36, L:/127.0.0.1:60273 - R:localhost/127.0.0.1:52383]
08:32:33.419 [Forwarding findElement on session 258f4cf616b5d9ed212db7ce7e3bc9e9 to remote] DEBUG org.asynchttpclient.netty.request.NettyRequestSender - Using pooled Channel '[id: 0x3598de36, L:/127.0.0.1:60273 - R:localhost/127.0.0.1:52383]' for 'POST' to 'http://localhost:52383/session/258f4cf616b5d9ed212db7ce7e3bc9e9/element'
08:32:33.420 [Forwarding findElement on session 258f4cf616b5d9ed212db7ce7e3bc9e9 to remote] DEBUG org.asynchttpclient.netty.request.NettyRequestSender - Using open Channel [id: 0x3598de36, L:/127.0.0.1:60273 - R:localhost/127.0.0.1:52383] for POST '/session/258f4cf616b5d9ed212db7ce7e3bc9e9/element'
08:32:33.432 [AsyncHttpClient-1-8] DEBUG org.asynchttpclient.netty.handler.HttpHandler - 

Request DefaultHttpRequest(decodeResult: success, version: HTTP/1.1)
POST /session/258f4cf616b5d9ed212db7ce7e3bc9e9/element HTTP/1.1
User-Agent: selenium/4.1.2 (java windows)
Content-Length: 72
Content-Type: application/json; charset=utf-8
host: localhost:52383
accept: */*

Response DefaultHttpResponse(decodeResult: success, version: HTTP/1.1)
HTTP/1.1 200 OK
Content-Type: application/json; charset=utf-8
cache-control: no-cache
content-length: 88

08:32:33.432 [AsyncHttpClient-1-8] DEBUG org.asynchttpclient.netty.channel.ChannelManager - Adding key: http://localhost:52383 for channel [id: 0x3598de36, L:/127.0.0.1:60273 - R:localhost/127.0.0.1:52383]
08:32:33.436 [Forwarding clickElement on session 258f4cf616b5d9ed212db7ce7e3bc9e9 to remote] DEBUG org.asynchttpclient.netty.request.NettyRequestSender - Using pooled Channel '[id: 0x3598de36, L:/127.0.0.1:60273 - R:localhost/127.0.0.1:52383]' for 'POST' to 'http://localhost:52383/session/258f4cf616b5d9ed212db7ce7e3bc9e9/element/a7686cc9-513c-4061-a033-2a74e20f5274/click'
08:32:33.436 [Forwarding clickElement on session 258f4cf616b5d9ed212db7ce7e3bc9e9 to remote] DEBUG org.asynchttpclient.netty.request.NettyRequestSender - Using open Channel [id: 0x3598de36, L:/127.0.0.1:60273 - R:localhost/127.0.0.1:52383] for POST '/session/258f4cf616b5d9ed212db7ce7e3bc9e9/element/a7686cc9-513c-4061-a033-2a74e20f5274/click'
08:32:33.508 [AsyncHttpClient-1-8] DEBUG org.asynchttpclient.netty.handler.HttpHandler - 

Request DefaultHttpRequest(decodeResult: success, version: HTTP/1.1)
POST /session/258f4cf616b5d9ed212db7ce7e3bc9e9/element/a7686cc9-513c-4061-a033-2a74e20f5274/click HTTP/1.1
User-Agent: selenium/4.1.2 (java windows)
Content-Length: 50
Content-Type: application/json; charset=utf-8
host: localhost:52383
accept: */*

Response DefaultHttpResponse(decodeResult: success, version: HTTP/1.1)
HTTP/1.1 200 OK
Content-Type: application/json; charset=utf-8
cache-control: no-cache
content-length: 14

08:32:33.509 [AsyncHttpClient-1-8] DEBUG org.asynchttpclient.netty.channel.ChannelManager - Adding key: http://localhost:52383 for channel [id: 0x3598de36, L:/127.0.0.1:60273 - R:localhost/127.0.0.1:52383]
08:32:33.523 [Forwarding screenshot on session 258f4cf616b5d9ed212db7ce7e3bc9e9 to remote] DEBUG org.asynchttpclient.netty.request.NettyRequestSender - Using pooled Channel '[id: 0x3598de36, L:/127.0.0.1:60273 - R:localhost/127.0.0.1:52383]' for 'GET' to 'http://localhost:52383/session/258f4cf616b5d9ed212db7ce7e3bc9e9/screenshot'
08:32:33.523 [Forwarding screenshot on session 258f4cf616b5d9ed212db7ce7e3bc9e9 to remote] DEBUG org.asynchttpclient.netty.request.NettyRequestSender - Using open Channel [id: 0x3598de36, L:/127.0.0.1:60273 - R:localhost/127.0.0.1:52383] for GET '/session/258f4cf616b5d9ed212db7ce7e3bc9e9/screenshot'
08:32:33.927 [AsyncHttpClient-1-1] DEBUG org.asynchttpclient.netty.channel.DefaultChannelPool - Entry count for : http://localhost:60274 : 1
08:32:33.970 [AsyncHttpClient-1-8] DEBUG org.asynchttpclient.netty.handler.HttpHandler - 

Request DefaultFullHttpRequest(decodeResult: success, version: HTTP/1.1, content: EmptyByteBufBE)
GET /session/258f4cf616b5d9ed212db7ce7e3bc9e9/screenshot HTTP/1.1
User-Agent: selenium/4.1.2 (java windows)
Cache-Control: no-cache
Content-Type: application/json; charset=utf-8
host: localhost:52383
accept: */*

Response DefaultHttpResponse(decodeResult: success, version: HTTP/1.1)
HTTP/1.1 200 OK
Content-Type: application/json; charset=utf-8
cache-control: no-cache
content-length: 49260

08:32:33.971 [AsyncHttpClient-1-8] DEBUG org.asynchttpclient.netty.channel.ChannelManager - Adding key: http://localhost:52383 for channel [id: 0x3598de36, L:/127.0.0.1:60273 - R:localhost/127.0.0.1:52383]
08:32:33.975 [main] DEBUG net.serenitybdd.core.photography.Darkroom - Send negative for processing for target\site\serenity\987c15000f8b05e1b584c25f0b932e37bd5b4bdd3d92ed448367ea738b897044.png
08:32:33.975 [main] DEBUG net.thucydides.core.steps.StepInterceptor - STEP DONE: clickLogin
  &amp#27;[32mAnd &amp#27;[0m&amp#27;[32mclick login button&amp#27;[0m               &amp#27;[90m# starter.stepdefinitions.stepdefinition.clickLoginButton()&amp#27;[0m
08:32:33.976 [Darkroom Processing Line] DEBUG net.serenitybdd.core.photography.DarkroomProcessingLine - Processing screenshot image in /var/screenshots/screenshot-8867270752537782983
08:32:33.976 [Darkroom Processing Line] DEBUG net.serenitybdd.core.photography.DarkroomProcessingLine - Saving screenshot to target\site\serenity\987c15000f8b05e1b584c25f0b932e37bd5b4bdd3d92ed448367ea738b897044.png
08:32:34.011 [main] DEBUG net.thucydides.core.steps.StepInterceptor - STARTING STEP: stepdefinition.iGetThe - validateLoginApp
08:32:34.016 [Forwarding findElement on session 258f4cf616b5d9ed212db7ce7e3bc9e9 to remote] DEBUG org.asynchttpclient.netty.request.NettyRequestSender - Using pooled Channel '[id: 0x3598de36, L:/127.0.0.1:60273 - R:localhost/127.0.0.1:52383]' for 'POST' to 'http://localhost:52383/session/258f4cf616b5d9ed212db7ce7e3bc9e9/element'
08:32:34.016 [Forwarding findElement on session 258f4cf616b5d9ed212db7ce7e3bc9e9 to remote] DEBUG org.asynchttpclient.netty.request.NettyRequestSender - Using open Channel [id: 0x3598de36, L:/127.0.0.1:60273 - R:localhost/127.0.0.1:52383] for POST '/session/258f4cf616b5d9ed212db7ce7e3bc9e9/element'
08:32:34.022 [AsyncHttpClient-1-8] DEBUG org.asynchttpclient.netty.handler.HttpHandler - 

Request DefaultHttpRequest(decodeResult: success, version: HTTP/1.1)
POST /session/258f4cf616b5d9ed212db7ce7e3bc9e9/element HTTP/1.1
User-Agent: selenium/4.1.2 (java windows)
Content-Length: 50
Content-Type: application/json; charset=utf-8
host: localhost:52383
accept: */*

Response DefaultHttpResponse(decodeResult: success, version: HTTP/1.1)
HTTP/1.1 400 Bad Request
Content-Type: application/json; charset=utf-8
cache-control: no-cache
content-length: 957

08:32:34.023 [AsyncHttpClient-1-8] DEBUG org.asynchttpclient.netty.channel.ChannelManager - Adding key: http://localhost:52383 for channel [id: 0x3598de36, L:/127.0.0.1:60273 - R:localhost/127.0.0.1:52383]
08:32:34.029 [Forwarding findElement on session 258f4cf616b5d9ed212db7ce7e3bc9e9 to remote] DEBUG org.asynchttpclient.netty.request.NettyRequestSender - Using pooled Channel '[id: 0x3598de36, L:/127.0.0.1:60273 - R:localhost/127.0.0.1:52383]' for 'POST' to 'http://localhost:52383/session/258f4cf616b5d9ed212db7ce7e3bc9e9/element'
08:32:34.029 [Forwarding findElement on session 258f4cf616b5d9ed212db7ce7e3bc9e9 to remote] DEBUG org.asynchttpclient.netty.request.NettyRequestSender - Using open Channel [id: 0x3598de36, L:/127.0.0.1:60273 - R:localhost/127.0.0.1:52383] for POST '/session/258f4cf616b5d9ed212db7ce7e3bc9e9/element'
08:32:34.047 [AsyncHttpClient-1-8] DEBUG org.asynchttpclient.netty.handler.HttpHandler - 

Request DefaultHttpRequest(decodeResult: success, version: HTTP/1.1)
POST /session/258f4cf616b5d9ed212db7ce7e3bc9e9/element HTTP/1.1
User-Agent: selenium/4.1.2 (java windows)
Content-Length: 60
Content-Type: application/json; charset=utf-8
host: localhost:52383
accept: */*

Response DefaultHttpResponse(decodeResult: success, version: HTTP/1.1)
HTTP/1.1 200 OK
Content-Type: application/json; charset=utf-8
cache-control: no-cache
content-length: 88

08:32:34.048 [AsyncHttpClient-1-8] DEBUG org.asynchttpclient.netty.channel.ChannelManager - Adding key: http://localhost:52383 for channel [id: 0x3598de36, L:/127.0.0.1:60273 - R:localhost/127.0.0.1:52383]
08:32:34.055 [Forwarding isElementDisplayed on session 258f4cf616b5d9ed212db7ce7e3bc9e9 to remote] DEBUG org.asynchttpclient.netty.request.NettyRequestSender - Using pooled Channel '[id: 0x3598de36, L:/127.0.0.1:60273 - R:localhost/127.0.0.1:52383]' for 'POST' to 'http://localhost:52383/session/258f4cf616b5d9ed212db7ce7e3bc9e9/execute/sync'
08:32:34.055 [Forwarding isElementDisplayed on session 258f4cf616b5d9ed212db7ce7e3bc9e9 to remote] DEBUG org.asynchttpclient.netty.request.NettyRequestSender - Using open Channel [id: 0x3598de36, L:/127.0.0.1:60273 - R:localhost/127.0.0.1:52383] for POST '/session/258f4cf616b5d9ed212db7ce7e3bc9e9/execute/sync'
08:32:34.080 [AsyncHttpClient-1-8] DEBUG org.asynchttpclient.netty.handler.HttpHandler - 

Request DefaultHttpRequest(decodeResult: success, version: HTTP/1.1)
POST /session/258f4cf616b5d9ed212db7ce7e3bc9e9/execute/sync HTTP/1.1
User-Agent: selenium/4.1.2 (java windows)
Content-Length: 48780
Content-Type: application/json; charset=utf-8
host: localhost:52383
accept: */*

Response DefaultHttpResponse(decodeResult: success, version: HTTP/1.1)
HTTP/1.1 200 OK
Content-Type: application/json; charset=utf-8
cache-control: no-cache
content-length: 14

08:32:34.080 [AsyncHttpClient-1-8] DEBUG org.asynchttpclient.netty.channel.ChannelManager - Adding key: http://localhost:52383 for channel [id: 0x3598de36, L:/127.0.0.1:60273 - R:localhost/127.0.0.1:52383]
08:32:34.087 [Forwarding screenshot on session 258f4cf616b5d9ed212db7ce7e3bc9e9 to remote] DEBUG org.asynchttpclient.netty.request.NettyRequestSender - Using pooled Channel '[id: 0x3598de36, L:/127.0.0.1:60273 - R:localhost/127.0.0.1:52383]' for 'GET' to 'http://localhost:52383/session/258f4cf616b5d9ed212db7ce7e3bc9e9/screenshot'
08:32:34.087 [Forwarding screenshot on session 258f4cf616b5d9ed212db7ce7e3bc9e9 to remote] DEBUG org.asynchttpclient.netty.request.NettyRequestSender - Using open Channel [id: 0x3598de36, L:/127.0.0.1:60273 - R:localhost/127.0.0.1:52383] for GET '/session/258f4cf616b5d9ed212db7ce7e3bc9e9/screenshot'
08:32:34.274 [AsyncHttpClient-1-8] DEBUG org.asynchttpclient.netty.handler.HttpHandler - 

Request DefaultFullHttpRequest(decodeResult: success, version: HTTP/1.1, content: EmptyByteBufBE)
GET /session/258f4cf616b5d9ed212db7ce7e3bc9e9/screenshot HTTP/1.1
User-Agent: selenium/4.1.2 (java windows)
Cache-Control: no-cache
Content-Type: application/json; charset=utf-8
host: localhost:52383
accept: */*

Response DefaultHttpResponse(decodeResult: success, version: HTTP/1.1)
HTTP/1.1 200 OK
Content-Type: application/json; charset=utf-8
cache-control: no-cache
content-length: 47700

08:32:34.274 [AsyncHttpClient-1-8] DEBUG org.asynchttpclient.netty.channel.ChannelManager - Adding key: http://localhost:52383 for channel [id: 0x3598de36, L:/127.0.0.1:60273 - R:localhost/127.0.0.1:52383]
08:32:34.279 [main] DEBUG net.serenitybdd.core.photography.Darkroom - Send negative for processing for target\site\serenity\0a930dc9aa9c31a499938c91b04f829b9992a43756aebb0078c14f5aeb2d1f74.png
08:32:34.279 [main] DEBUG net.thucydides.core.steps.StepInterceptor - STEP DONE: validateLoginApp
08:32:34.279 [Darkroom Processing Line] DEBUG net.serenitybdd.core.photography.DarkroomProcessingLine - Processing screenshot image in /var/screenshots/screenshot-13528477293186230962
08:32:34.280 [Darkroom Processing Line] DEBUG net.serenitybdd.core.photography.DarkroomProcessingLine - Saving screenshot to target\site\serenity\0a930dc9aa9c31a499938c91b04f829b9992a43756aebb0078c14f5aeb2d1f74.png
08:32:34.290 [main] DEBUG net.thucydides.core.steps.StepInterceptor - STARTING STEP: stepdefinition.iGetThe - displayErrorMessage
08:32:34.297 [main] DEBUG net.thucydides.core.steps.StepInterceptor - STEP DONE: displayErrorMessage
  &amp#27;[32mThen &amp#27;[0m&amp#27;[32mi get the &amp#27;[0m&amp#27;[32m&amp#27;[1m"Login Page"&amp#27;[0m          &amp#27;[90m# starter.stepdefinitions.stepdefinition.iGetThe(java.lang.String)&amp#27;[0m
08:32:34.317 [AsyncHttpClient-1-10] DEBUG org.asynchttpclient.netty.handler.WebSocketHandler - Channel Closed: [id: 0xbac1f2e2, L:/127.0.0.1:60283 ! R:localhost/127.0.0.1:60274] with attribute NettyResponseFuture{currentRetry=5,
	isDone=1,
	isCancelled=0,
	asyncHandler=org.asynchttpclient.ws.WebSocketUpgradeHandler@3addddee,
	nettyRequest=org.asynchttpclient.netty.request.NettyRequest@7fdf54d1,
	future=java.util.concurrent.CompletableFuture@62d38cf2[Completed normally],
	uri=ws://localhost:60274/devtools/browser/65450f5b-f186-48df-a98e-912360db3c7a,
	keepAlive=true,
	redirectCount=0,
	timeoutsHolder=null,
	inAuth=0,
	touch=1652837542898}
08:32:34.317 [AsyncHttpClient-1-10] DEBUG org.asynchttpclient.netty.channel.ChannelManager - Closing Channel [id: 0xbac1f2e2, L:/127.0.0.1:60283 ! R:localhost/127.0.0.1:60274] 
08:32:34.318 [Driver Command Executor] DEBUG org.asynchttpclient.netty.request.NettyRequestSender - Using pooled Channel '[id: 0x3598de36, L:/127.0.0.1:60273 - R:localhost/127.0.0.1:52383]' for 'DELETE' to 'http://localhost:52383/session/258f4cf616b5d9ed212db7ce7e3bc9e9'
08:32:34.318 [Driver Command Executor] DEBUG org.asynchttpclient.netty.request.NettyRequestSender - Using open Channel [id: 0x3598de36, L:/127.0.0.1:60273 - R:localhost/127.0.0.1:52383] for DELETE '/session/258f4cf616b5d9ed212db7ce7e3bc9e9'
08:32:34.367 [AsyncHttpClient-1-9] DEBUG org.asynchttpclient.netty.handler.HttpHandler - Unexpected I/O exception on channel [id: 0x829110b2, L:/127.0.0.1:60282 - R:localhost/127.0.0.1:60274]
java.net.SocketException: Connection reset
	at java.base/sun.nio.ch.SocketChannelImpl.throwConnectionReset(SocketChannelImpl.java:367)
	at java.base/sun.nio.ch.SocketChannelImpl.read(SocketChannelImpl.java:398)
	at io.netty.buffer.PooledByteBuf.setBytes(PooledByteBuf.java:258)
	at io.netty.buffer.AbstractByteBuf.writeBytes(AbstractByteBuf.java:1132)
	at io.netty.channel.socket.nio.NioSocketChannel.doReadBytes(NioSocketChannel.java:350)
	at io.netty.channel.nio.AbstractNioByteChannel$NioByteUnsafe.read(AbstractNioByteChannel.java:151)
	at io.netty.channel.nio.NioEventLoop.processSelectedKey(NioEventLoop.java:722)
	at io.netty.channel.nio.NioEventLoop.processSelectedKeysOptimized(NioEventLoop.java:658)
	at io.netty.channel.nio.NioEventLoop.processSelectedKeys(NioEventLoop.java:584)
	at io.netty.channel.nio.NioEventLoop.run(NioEventLoop.java:496)
	at io.netty.util.concurrent.SingleThreadEventExecutor$4.run(SingleThreadEventExecutor.java:986)
	at io.netty.util.internal.ThreadExecutorMap$2.run(ThreadExecutorMap.java:74)
	at io.netty.util.concurrent.FastThreadLocalRunnable.run(FastThreadLocalRunnable.java:30)
	at java.base/java.lang.Thread.run(Thread.java:832)
08:32:34.367 [AsyncHttpClient-1-9] DEBUG org.asynchttpclient.netty.channel.ChannelManager - Closing Channel [id: 0x829110b2, L:/127.0.0.1:60282 - R:localhost/127.0.0.1:60274] 
08:32:34.368 [AsyncHttpClient-1-9] DEBUG org.asynchttpclient.netty.handler.HttpHandler - Channel Closed: [id: 0x829110b2, L:/127.0.0.1:60282 ! R:localhost/127.0.0.1:60274] with attribute DISCARD
08:32:34.394 [AsyncHttpClient-1-8] DEBUG org.asynchttpclient.netty.handler.HttpHandler - 

Request DefaultFullHttpRequest(decodeResult: success, version: HTTP/1.1, content: EmptyByteBufBE)
DELETE /session/258f4cf616b5d9ed212db7ce7e3bc9e9 HTTP/1.1
User-Agent: selenium/4.1.2 (java windows)
Content-Type: application/json; charset=utf-8
host: localhost:52383
accept: */*

Response DefaultHttpResponse(decodeResult: success, version: HTTP/1.1)
HTTP/1.1 200 OK
Content-Type: application/json; charset=utf-8
cache-control: no-cache
content-length: 14

08:32:34.395 [AsyncHttpClient-1-8] DEBUG org.asynchttpclient.netty.channel.ChannelManager - Adding key: http://localhost:52383 for channel [id: 0x3598de36, L:/127.0.0.1:60273 - R:localhost/127.0.0.1:52383]
08:32:34.627 [AsyncHttpClient-1-8] DEBUG org.asynchttpclient.netty.handler.HttpHandler - Channel Closed: [id: 0x3598de36, L:/127.0.0.1:60273 ! R:localhost/127.0.0.1:52383] with attribute DISCARD
08:32:35.034 [AsyncHttpClient-1-1] DEBUG org.asynchttpclient.netty.channel.DefaultChannelPool - Entry count for : http://localhost:60274 : 1
08:32:35.034 [AsyncHttpClient-1-1] DEBUG org.asynchttpclient.netty.channel.DefaultChannelPool - Entry count for : http://localhost:52383 : 1
08:32:35.034 [AsyncHttpClient-1-1] DEBUG org.asynchttpclient.netty.channel.DefaultChannelPool - Adding Candidate expired Channel [id: 0x829110b2, L:/127.0.0.1:60282 ! R:localhost/127.0.0.1:60274] isIdleTimeoutExpired=false isRemotelyClosed=true isTtlExpired=false
08:32:35.034 [AsyncHttpClient-1-1] DEBUG org.asynchttpclient.netty.channel.DefaultChannelPool - Closing Idle Channel [id: 0x829110b2, L:/127.0.0.1:60282 ! R:localhost/127.0.0.1:60274]
08:32:35.034 [AsyncHttpClient-1-1] DEBUG org.asynchttpclient.netty.channel.DefaultChannelPool - Adding Candidate expired Channel [id: 0x3598de36, L:/127.0.0.1:60273 ! R:localhost/127.0.0.1:52383] isIdleTimeoutExpired=false isRemotelyClosed=true isTtlExpired=false
08:32:35.034 [AsyncHttpClient-1-1] DEBUG org.asynchttpclient.netty.channel.DefaultChannelPool - Closing Idle Channel [id: 0x3598de36, L:/127.0.0.1:60273 ! R:localhost/127.0.0.1:52383]
08:32:35.034 [AsyncHttpClient-1-1] DEBUG org.asynchttpclient.netty.channel.DefaultChannelPool - Closed 2 connections out of 2 in 0 ms
]]></system-out>
    <system-err><![CDATA[Starting ChromeDriver 101.0.4951.41 (93c720db8323b3ec10d056025ab95c23a31997c9-refs/branch-heads/4951@{#904}) on port 52383
Only local connections are allowed.
Please see https://chromedriver.chromium.org/security-considerations for suggestions on keeping ChromeDriver safe.
ChromeDriver was started successfully.
May 18, 2022 8:32:22 AM org.openqa.selenium.remote.ProtocolHandshake createSession
INFO: Detected dialect: W3C
May 18, 2022 8:32:22 AM org.openqa.selenium.devtools.CdpVersionFinder findNearestMatch
WARNING: Unable to find an exact match for CDP version 101, so returning the closest version found: 97
May 18, 2022 8:32:22 AM org.openqa.selenium.devtools.CdpVersionFinder findNearestMatch
INFO: Found CDP implementation for version 101 of 97
]]></system-err>
  </testcase>
  <testcase name="Login scenario #4" classname="Login" time="33.736">
    <system-out><![CDATA[
@DDT
Scenario Outline: Login scenario &amp#27;[90m# src/test/resources/features/login.feature:20&amp#27;[0m
08:32:35.165 [main] INFO io.cucumber.core.plugin.SerenityReporter - Running feature from file:///D:/PERKULIAHAN/Semester%206,Hebatt%20glad!/Altera/QE_Gladys-Cindana-Asri-Pardosi/Mini-Project/Web/src/test/resources/features/login.feature
08:32:35.207 [main] DEBUG net.thucydides.core.steps.StepInterceptor - STARTING STEP: stepdefinition.iAmOnLoginPage - openUrl
08:32:35.209 [main] INFO net.serenitybdd.core.webdriver.driverproviders.ChromeDriverProvider - Using automatically driver download
08:32:35.406 [main] DEBUG io.github.bonigarcia.wdm.cache.ResolutionCache - Resolution chrome=101 in cache (valid until 09:23:35 18/05/2022 WIB)
08:32:35.414 [main] DEBUG io.github.bonigarcia.wdm.cache.ResolutionCache - Resolution chrome101=101.0.4951.41 in cache (valid until 18:48:44 18/05/2022 WIB)
08:32:35.417 [main] INFO io.github.bonigarcia.wdm.WebDriverManager - Using chromedriver 101.0.4951.41 (resolved driver for Chrome 101)
08:32:35.445 [main] DEBUG io.github.bonigarcia.wdm.WebDriverManager - Driver chromedriver 101.0.4951.41 found in cache
08:32:35.446 [main] INFO io.github.bonigarcia.wdm.WebDriverManager - Exporting webdriver.chrome.driver as C:\Users\ASUS\.cache\selenium\chromedriver\win32\101.0.4951.41\chromedriver.exe
08:32:35.607 [main] DEBUG net.serenitybdd.core.webdriver.driverproviders.ProvideNewDriver - Instantiating driver
08:32:35.608 [main] DEBUG net.serenitybdd.core.webdriver.driverproviders.ProvideNewDriver - Driver capabilities: Capabilities {acceptInsecureCerts: false, base.url: , browserName: chrome, goog:chromeOptions: {args: [], extensions: []}}
08:32:36.710 [AsyncHttpClient-1-11] DEBUG org.asynchttpclient.netty.channel.NettyConnectListener - Using new Channel '[id: 0x2c488ae1, L:/127.0.0.1:60317 - R:localhost/127.0.0.1:57468]' for 'POST' to '/session'
08:32:38.047 [AsyncHttpClient-1-11] DEBUG org.asynchttpclient.netty.handler.HttpHandler - 

Request DefaultHttpRequest(decodeResult: success, version: HTTP/1.1)
POST /session HTTP/1.1
User-Agent: selenium/4.1.2 (java windows)
Content-Length: 457
Content-Type: application/json; charset=utf-8
host: localhost:57468
accept: */*

Response DefaultHttpResponse(decodeResult: success, version: HTTP/1.1)
HTTP/1.1 200 OK
Content-Type: application/json; charset=utf-8
cache-control: no-cache
content-length: 789

08:32:38.048 [AsyncHttpClient-1-11] DEBUG org.asynchttpclient.netty.channel.ChannelManager - Adding key: http://localhost:57468 for channel [id: 0x2c488ae1, L:/127.0.0.1:60317 - R:localhost/127.0.0.1:57468]
08:32:38.082 [AsyncHttpClient-1-12] DEBUG org.asynchttpclient.netty.channel.NettyConnectListener - Using new Channel '[id: 0xabcd2949, L:/127.0.0.1:60326 - R:localhost/127.0.0.1:60319]' for 'GET' to '/json/version'
08:32:38.097 [AsyncHttpClient-1-12] DEBUG org.asynchttpclient.netty.handler.HttpHandler - 

Request DefaultFullHttpRequest(decodeResult: success, version: HTTP/1.1, content: EmptyByteBufBE)
GET /json/version HTTP/1.1
User-Agent: selenium/4.1.2 (java windows)
host: localhost:60319
accept: */*

Response DefaultHttpResponse(decodeResult: success, version: HTTP/1.1)
HTTP/1.1 200 OK
Content-Type: application/json; charset=UTF-8
content-length: 427

08:32:38.097 [AsyncHttpClient-1-12] DEBUG org.asynchttpclient.netty.channel.ChannelManager - Adding key: http://localhost:60319 for channel [id: 0xabcd2949, L:/127.0.0.1:60326 - R:localhost/127.0.0.1:60319]
08:32:38.104 [AsyncHttpClient-1-13] DEBUG org.asynchttpclient.netty.channel.NettyConnectListener - Using new Channel '[id: 0x49f32db2, L:/127.0.0.1:60327 - R:localhost/127.0.0.1:60319]' for 'GET' to '/devtools/browser/a1acbdbc-6152-4a50-9bba-9007f043ae00'
08:32:38.120 [AsyncHttpClient-1-13] DEBUG org.asynchttpclient.netty.handler.WebSocketHandler - 

Request DefaultFullHttpRequest(decodeResult: success, version: HTTP/1.1, content: EmptyByteBufBE)
GET /devtools/browser/a1acbdbc-6152-4a50-9bba-9007f043ae00 HTTP/1.1
upgrade: websocket
connection: upgrade
sec-websocket-key: 1Ujq6VCaMJm+jDjwUzVFoA==
sec-websocket-version: 13
origin: http://localhost:60319
host: localhost:60319
accept: */*
user-agent: AHC/2.1

Response DefaultHttpResponse(decodeResult: success, version: HTTP/1.1)
HTTP/1.1 101 WebSocket Protocol Handshake
Upgrade: WebSocket
Connection: Upgrade
Sec-WebSocket-Accept: oNunB/o5RD85xk9RBLRtIinwZGA=

08:32:38.136 [Forwarding get on session a35b4304ce3eaf8bca002e8e3f41c8ac to remote] DEBUG org.asynchttpclient.netty.request.NettyRequestSender - Using pooled Channel '[id: 0x2c488ae1, L:/127.0.0.1:60317 - R:localhost/127.0.0.1:57468]' for 'POST' to 'http://localhost:57468/session/a35b4304ce3eaf8bca002e8e3f41c8ac/url'
08:32:38.136 [Forwarding get on session a35b4304ce3eaf8bca002e8e3f41c8ac to remote] DEBUG org.asynchttpclient.netty.request.NettyRequestSender - Using open Channel [id: 0x2c488ae1, L:/127.0.0.1:60317 - R:localhost/127.0.0.1:57468] for POST '/session/a35b4304ce3eaf8bca002e8e3f41c8ac/url'
08:32:38.327 [AsyncHttpClient-1-1] DEBUG org.asynchttpclient.netty.channel.DefaultChannelPool - Entry count for : http://localhost:60319 : 1
08:32:39.434 [AsyncHttpClient-1-1] DEBUG org.asynchttpclient.netty.channel.DefaultChannelPool - Entry count for : http://localhost:60319 : 1
08:32:40.527 [AsyncHttpClient-1-1] DEBUG org.asynchttpclient.netty.channel.DefaultChannelPool - Entry count for : http://localhost:60319 : 1
08:32:41.633 [AsyncHttpClient-1-1] DEBUG org.asynchttpclient.netty.channel.DefaultChannelPool - Entry count for : http://localhost:60319 : 1
08:32:42.728 [AsyncHttpClient-1-1] DEBUG org.asynchttpclient.netty.channel.DefaultChannelPool - Entry count for : http://localhost:60319 : 1
08:32:43.828 [AsyncHttpClient-1-1] DEBUG org.asynchttpclient.netty.channel.DefaultChannelPool - Entry count for : http://localhost:60319 : 1
08:32:44.929 [AsyncHttpClient-1-1] DEBUG org.asynchttpclient.netty.channel.DefaultChannelPool - Entry count for : http://localhost:60319 : 1
08:32:46.038 [AsyncHttpClient-1-1] DEBUG org.asynchttpclient.netty.channel.DefaultChannelPool - Entry count for : http://localhost:60319 : 1
08:32:47.134 [AsyncHttpClient-1-1] DEBUG org.asynchttpclient.netty.channel.DefaultChannelPool - Entry count for : http://localhost:60319 : 1
08:32:48.232 [AsyncHttpClient-1-1] DEBUG org.asynchttpclient.netty.channel.DefaultChannelPool - Entry count for : http://localhost:60319 : 1
08:32:49.329 [AsyncHttpClient-1-1] DEBUG org.asynchttpclient.netty.channel.DefaultChannelPool - Entry count for : http://localhost:60319 : 1
08:32:50.428 [AsyncHttpClient-1-1] DEBUG org.asynchttpclient.netty.channel.DefaultChannelPool - Entry count for : http://localhost:60319 : 1
08:32:51.530 [AsyncHttpClient-1-1] DEBUG org.asynchttpclient.netty.channel.DefaultChannelPool - Entry count for : http://localhost:60319 : 1
08:32:52.637 [AsyncHttpClient-1-1] DEBUG org.asynchttpclient.netty.channel.DefaultChannelPool - Entry count for : http://localhost:60319 : 1
08:32:53.727 [AsyncHttpClient-1-1] DEBUG org.asynchttpclient.netty.channel.DefaultChannelPool - Entry count for : http://localhost:60319 : 1
08:32:54.828 [AsyncHttpClient-1-1] DEBUG org.asynchttpclient.netty.channel.DefaultChannelPool - Entry count for : http://localhost:60319 : 1
08:32:55.930 [AsyncHttpClient-1-1] DEBUG org.asynchttpclient.netty.channel.DefaultChannelPool - Entry count for : http://localhost:60319 : 1
08:32:57.030 [AsyncHttpClient-1-1] DEBUG org.asynchttpclient.netty.channel.DefaultChannelPool - Entry count for : http://localhost:60319 : 1
08:32:58.127 [AsyncHttpClient-1-1] DEBUG org.asynchttpclient.netty.channel.DefaultChannelPool - Entry count for : http://localhost:60319 : 1
08:32:59.228 [AsyncHttpClient-1-1] DEBUG org.asynchttpclient.netty.channel.DefaultChannelPool - Entry count for : http://localhost:60319 : 1
08:33:00.337 [AsyncHttpClient-1-1] DEBUG org.asynchttpclient.netty.channel.DefaultChannelPool - Entry count for : http://localhost:60319 : 1
08:33:01.430 [AsyncHttpClient-1-1] DEBUG org.asynchttpclient.netty.channel.DefaultChannelPool - Entry count for : http://localhost:60319 : 1
08:33:02.528 [AsyncHttpClient-1-1] DEBUG org.asynchttpclient.netty.channel.DefaultChannelPool - Entry count for : http://localhost:60319 : 1
08:33:03.628 [AsyncHttpClient-1-1] DEBUG org.asynchttpclient.netty.channel.DefaultChannelPool - Entry count for : http://localhost:60319 : 1
08:33:04.731 [AsyncHttpClient-1-1] DEBUG org.asynchttpclient.netty.channel.DefaultChannelPool - Entry count for : http://localhost:60319 : 1
08:33:04.800 [AsyncHttpClient-1-11] DEBUG org.asynchttpclient.netty.handler.HttpHandler - 

Request DefaultHttpRequest(decodeResult: success, version: HTTP/1.1)
POST /session/a35b4304ce3eaf8bca002e8e3f41c8ac/url HTTP/1.1
User-Agent: selenium/4.1.2 (java windows)
Content-Length: 49
Content-Type: application/json; charset=utf-8
host: localhost:57468
accept: */*

Response DefaultHttpResponse(decodeResult: success, version: HTTP/1.1)
HTTP/1.1 200 OK
Content-Type: application/json; charset=utf-8
cache-control: no-cache
content-length: 14

08:33:04.800 [AsyncHttpClient-1-11] DEBUG org.asynchttpclient.netty.channel.ChannelManager - Adding key: http://localhost:57468 for channel [id: 0x2c488ae1, L:/127.0.0.1:60317 - R:localhost/127.0.0.1:57468]
08:33:04.804 [Forwarding setTimeout on session a35b4304ce3eaf8bca002e8e3f41c8ac to remote] DEBUG org.asynchttpclient.netty.request.NettyRequestSender - Using pooled Channel '[id: 0x2c488ae1, L:/127.0.0.1:60317 - R:localhost/127.0.0.1:57468]' for 'POST' to 'http://localhost:57468/session/a35b4304ce3eaf8bca002e8e3f41c8ac/timeouts'
08:33:04.804 [Forwarding setTimeout on session a35b4304ce3eaf8bca002e8e3f41c8ac to remote] DEBUG org.asynchttpclient.netty.request.NettyRequestSender - Using open Channel [id: 0x2c488ae1, L:/127.0.0.1:60317 - R:localhost/127.0.0.1:57468] for POST '/session/a35b4304ce3eaf8bca002e8e3f41c8ac/timeouts'
08:33:04.806 [AsyncHttpClient-1-11] DEBUG org.asynchttpclient.netty.handler.HttpHandler - 

Request DefaultHttpRequest(decodeResult: success, version: HTTP/1.1)
POST /session/a35b4304ce3eaf8bca002e8e3f41c8ac/timeouts HTTP/1.1
User-Agent: selenium/4.1.2 (java windows)
Content-Length: 22
Content-Type: application/json; charset=utf-8
host: localhost:57468
accept: */*

Response DefaultHttpResponse(decodeResult: success, version: HTTP/1.1)
HTTP/1.1 200 OK
Content-Type: application/json; charset=utf-8
cache-control: no-cache
content-length: 14

08:33:04.806 [AsyncHttpClient-1-11] DEBUG org.asynchttpclient.netty.channel.ChannelManager - Adding key: http://localhost:57468 for channel [id: 0x2c488ae1, L:/127.0.0.1:60317 - R:localhost/127.0.0.1:57468]
08:33:04.813 [Forwarding getCurrentUrl on session a35b4304ce3eaf8bca002e8e3f41c8ac to remote] DEBUG org.asynchttpclient.netty.request.NettyRequestSender - Using pooled Channel '[id: 0x2c488ae1, L:/127.0.0.1:60317 - R:localhost/127.0.0.1:57468]' for 'GET' to 'http://localhost:57468/session/a35b4304ce3eaf8bca002e8e3f41c8ac/url'
08:33:04.813 [Forwarding getCurrentUrl on session a35b4304ce3eaf8bca002e8e3f41c8ac to remote] DEBUG org.asynchttpclient.netty.request.NettyRequestSender - Using open Channel [id: 0x2c488ae1, L:/127.0.0.1:60317 - R:localhost/127.0.0.1:57468] for GET '/session/a35b4304ce3eaf8bca002e8e3f41c8ac/url'
08:33:04.822 [AsyncHttpClient-1-11] DEBUG org.asynchttpclient.netty.handler.HttpHandler - 

Request DefaultFullHttpRequest(decodeResult: success, version: HTTP/1.1, content: EmptyByteBufBE)
GET /session/a35b4304ce3eaf8bca002e8e3f41c8ac/url HTTP/1.1
User-Agent: selenium/4.1.2 (java windows)
Cache-Control: no-cache
Content-Type: application/json; charset=utf-8
host: localhost:57468
accept: */*

Response DefaultHttpResponse(decodeResult: success, version: HTTP/1.1)
HTTP/1.1 200 OK
Content-Type: application/json; charset=utf-8
cache-control: no-cache
content-length: 31

08:33:04.823 [AsyncHttpClient-1-11] DEBUG org.asynchttpclient.netty.channel.ChannelManager - Adding key: http://localhost:57468 for channel [id: 0x2c488ae1, L:/127.0.0.1:60317 - R:localhost/127.0.0.1:57468]
08:33:04.831 [Forwarding screenshot on session a35b4304ce3eaf8bca002e8e3f41c8ac to remote] DEBUG org.asynchttpclient.netty.request.NettyRequestSender - Using pooled Channel '[id: 0x2c488ae1, L:/127.0.0.1:60317 - R:localhost/127.0.0.1:57468]' for 'GET' to 'http://localhost:57468/session/a35b4304ce3eaf8bca002e8e3f41c8ac/screenshot'
08:33:04.831 [Forwarding screenshot on session a35b4304ce3eaf8bca002e8e3f41c8ac to remote] DEBUG org.asynchttpclient.netty.request.NettyRequestSender - Using open Channel [id: 0x2c488ae1, L:/127.0.0.1:60317 - R:localhost/127.0.0.1:57468] for GET '/session/a35b4304ce3eaf8bca002e8e3f41c8ac/screenshot'
08:33:05.031 [AsyncHttpClient-1-11] DEBUG org.asynchttpclient.netty.handler.HttpHandler - 

Request DefaultFullHttpRequest(decodeResult: success, version: HTTP/1.1, content: EmptyByteBufBE)
GET /session/a35b4304ce3eaf8bca002e8e3f41c8ac/screenshot HTTP/1.1
User-Agent: selenium/4.1.2 (java windows)
Cache-Control: no-cache
Content-Type: application/json; charset=utf-8
host: localhost:57468
accept: */*

Response DefaultHttpResponse(decodeResult: success, version: HTTP/1.1)
HTTP/1.1 200 OK
Content-Type: application/json; charset=utf-8
cache-control: no-cache
content-length: 73400

08:33:05.033 [AsyncHttpClient-1-11] DEBUG org.asynchttpclient.netty.channel.ChannelManager - Adding key: http://localhost:57468 for channel [id: 0x2c488ae1, L:/127.0.0.1:60317 - R:localhost/127.0.0.1:57468]
08:33:05.039 [main] DEBUG net.serenitybdd.core.photography.Darkroom - Send negative for processing for target\site\serenity\4574346f60ce0f72ae9584bfea574b7e0b8516de8366f8b2fe2b59c8599e7297.png
08:33:05.040 [main] DEBUG net.thucydides.core.steps.StepInterceptor - STEP DONE: openUrl
08:33:05.040 [Darkroom Processing Line] DEBUG net.serenitybdd.core.photography.DarkroomProcessingLine - Processing screenshot image in /var/screenshots/screenshot-16264338459762749908
08:33:05.040 [Darkroom Processing Line] DEBUG net.serenitybdd.core.photography.DarkroomProcessingLine - Saving screenshot to target\site\serenity\4574346f60ce0f72ae9584bfea574b7e0b8516de8366f8b2fe2b59c8599e7297.png
08:33:05.050 [main] DEBUG net.thucydides.core.steps.StepInterceptor - STARTING STEP: stepdefinition.iAmOnLoginPage - clickIconLogin
08:33:05.054 [Forwarding findElement on session a35b4304ce3eaf8bca002e8e3f41c8ac to remote] DEBUG org.asynchttpclient.netty.request.NettyRequestSender - Using pooled Channel '[id: 0x2c488ae1, L:/127.0.0.1:60317 - R:localhost/127.0.0.1:57468]' for 'POST' to 'http://localhost:57468/session/a35b4304ce3eaf8bca002e8e3f41c8ac/element'
08:33:05.055 [Forwarding findElement on session a35b4304ce3eaf8bca002e8e3f41c8ac to remote] DEBUG org.asynchttpclient.netty.request.NettyRequestSender - Using open Channel [id: 0x2c488ae1, L:/127.0.0.1:60317 - R:localhost/127.0.0.1:57468] for POST '/session/a35b4304ce3eaf8bca002e8e3f41c8ac/element'
08:33:05.099 [AsyncHttpClient-1-11] DEBUG org.asynchttpclient.netty.handler.HttpHandler - 

Request DefaultHttpRequest(decodeResult: success, version: HTTP/1.1)
POST /session/a35b4304ce3eaf8bca002e8e3f41c8ac/element HTTP/1.1
User-Agent: selenium/4.1.2 (java windows)
Content-Length: 170
Content-Type: application/json; charset=utf-8
host: localhost:57468
accept: */*

Response DefaultHttpResponse(decodeResult: success, version: HTTP/1.1)
HTTP/1.1 200 OK
Content-Type: application/json; charset=utf-8
cache-control: no-cache
content-length: 88

08:33:05.099 [AsyncHttpClient-1-11] DEBUG org.asynchttpclient.netty.channel.ChannelManager - Adding key: http://localhost:57468 for channel [id: 0x2c488ae1, L:/127.0.0.1:60317 - R:localhost/127.0.0.1:57468]
08:33:05.104 [Forwarding getElementTagName on session a35b4304ce3eaf8bca002e8e3f41c8ac to remote] DEBUG org.asynchttpclient.netty.request.NettyRequestSender - Using pooled Channel '[id: 0x2c488ae1, L:/127.0.0.1:60317 - R:localhost/127.0.0.1:57468]' for 'GET' to 'http://localhost:57468/session/a35b4304ce3eaf8bca002e8e3f41c8ac/element/08e97500-69be-45f7-9278-72fada3f46b2/name'
08:33:05.105 [Forwarding getElementTagName on session a35b4304ce3eaf8bca002e8e3f41c8ac to remote] DEBUG org.asynchttpclient.netty.request.NettyRequestSender - Using open Channel [id: 0x2c488ae1, L:/127.0.0.1:60317 - R:localhost/127.0.0.1:57468] for GET '/session/a35b4304ce3eaf8bca002e8e3f41c8ac/element/08e97500-69be-45f7-9278-72fada3f46b2/name'
08:33:05.115 [AsyncHttpClient-1-11] DEBUG org.asynchttpclient.netty.handler.HttpHandler - 

Request DefaultFullHttpRequest(decodeResult: success, version: HTTP/1.1, content: EmptyByteBufBE)
GET /session/a35b4304ce3eaf8bca002e8e3f41c8ac/element/08e97500-69be-45f7-9278-72fada3f46b2/name HTTP/1.1
User-Agent: selenium/4.1.2 (java windows)
Cache-Control: no-cache
Content-Type: application/json; charset=utf-8
host: localhost:57468
accept: */*

Response DefaultHttpResponse(decodeResult: success, version: HTTP/1.1)
HTTP/1.1 200 OK
Content-Type: application/json; charset=utf-8
cache-control: no-cache
content-length: 13

08:33:05.115 [AsyncHttpClient-1-11] DEBUG org.asynchttpclient.netty.channel.ChannelManager - Adding key: http://localhost:57468 for channel [id: 0x2c488ae1, L:/127.0.0.1:60317 - R:localhost/127.0.0.1:57468]
08:33:05.119 [Forwarding getElementTagName on session a35b4304ce3eaf8bca002e8e3f41c8ac to remote] DEBUG org.asynchttpclient.netty.request.NettyRequestSender - Using pooled Channel '[id: 0x2c488ae1, L:/127.0.0.1:60317 - R:localhost/127.0.0.1:57468]' for 'GET' to 'http://localhost:57468/session/a35b4304ce3eaf8bca002e8e3f41c8ac/element/08e97500-69be-45f7-9278-72fada3f46b2/name'
08:33:05.120 [Forwarding getElementTagName on session a35b4304ce3eaf8bca002e8e3f41c8ac to remote] DEBUG org.asynchttpclient.netty.request.NettyRequestSender - Using open Channel [id: 0x2c488ae1, L:/127.0.0.1:60317 - R:localhost/127.0.0.1:57468] for GET '/session/a35b4304ce3eaf8bca002e8e3f41c8ac/element/08e97500-69be-45f7-9278-72fada3f46b2/name'
08:33:05.129 [AsyncHttpClient-1-11] DEBUG org.asynchttpclient.netty.handler.HttpHandler - 

Request DefaultFullHttpRequest(decodeResult: success, version: HTTP/1.1, content: EmptyByteBufBE)
GET /session/a35b4304ce3eaf8bca002e8e3f41c8ac/element/08e97500-69be-45f7-9278-72fada3f46b2/name HTTP/1.1
User-Agent: selenium/4.1.2 (java windows)
Cache-Control: no-cache
Content-Type: application/json; charset=utf-8
host: localhost:57468
accept: */*

Response DefaultHttpResponse(decodeResult: success, version: HTTP/1.1)
HTTP/1.1 200 OK
Content-Type: application/json; charset=utf-8
cache-control: no-cache
content-length: 13

08:33:05.129 [AsyncHttpClient-1-11] DEBUG org.asynchttpclient.netty.channel.ChannelManager - Adding key: http://localhost:57468 for channel [id: 0x2c488ae1, L:/127.0.0.1:60317 - R:localhost/127.0.0.1:57468]
08:33:05.134 [Forwarding findElement on session a35b4304ce3eaf8bca002e8e3f41c8ac to remote] DEBUG org.asynchttpclient.netty.request.NettyRequestSender - Using pooled Channel '[id: 0x2c488ae1, L:/127.0.0.1:60317 - R:localhost/127.0.0.1:57468]' for 'POST' to 'http://localhost:57468/session/a35b4304ce3eaf8bca002e8e3f41c8ac/element'
08:33:05.134 [Forwarding findElement on session a35b4304ce3eaf8bca002e8e3f41c8ac to remote] DEBUG org.asynchttpclient.netty.request.NettyRequestSender - Using open Channel [id: 0x2c488ae1, L:/127.0.0.1:60317 - R:localhost/127.0.0.1:57468] for POST '/session/a35b4304ce3eaf8bca002e8e3f41c8ac/element'
08:33:05.153 [AsyncHttpClient-1-11] DEBUG org.asynchttpclient.netty.handler.HttpHandler - 

Request DefaultHttpRequest(decodeResult: success, version: HTTP/1.1)
POST /session/a35b4304ce3eaf8bca002e8e3f41c8ac/element HTTP/1.1
User-Agent: selenium/4.1.2 (java windows)
Content-Length: 170
Content-Type: application/json; charset=utf-8
host: localhost:57468
accept: */*

Response DefaultHttpResponse(decodeResult: success, version: HTTP/1.1)
HTTP/1.1 200 OK
Content-Type: application/json; charset=utf-8
cache-control: no-cache
content-length: 88

08:33:05.154 [AsyncHttpClient-1-11] DEBUG org.asynchttpclient.netty.channel.ChannelManager - Adding key: http://localhost:57468 for channel [id: 0x2c488ae1, L:/127.0.0.1:60317 - R:localhost/127.0.0.1:57468]
08:33:05.157 [Forwarding clickElement on session a35b4304ce3eaf8bca002e8e3f41c8ac to remote] DEBUG org.asynchttpclient.netty.request.NettyRequestSender - Using pooled Channel '[id: 0x2c488ae1, L:/127.0.0.1:60317 - R:localhost/127.0.0.1:57468]' for 'POST' to 'http://localhost:57468/session/a35b4304ce3eaf8bca002e8e3f41c8ac/element/08e97500-69be-45f7-9278-72fada3f46b2/click'
08:33:05.158 [Forwarding clickElement on session a35b4304ce3eaf8bca002e8e3f41c8ac to remote] DEBUG org.asynchttpclient.netty.request.NettyRequestSender - Using open Channel [id: 0x2c488ae1, L:/127.0.0.1:60317 - R:localhost/127.0.0.1:57468] for POST '/session/a35b4304ce3eaf8bca002e8e3f41c8ac/element/08e97500-69be-45f7-9278-72fada3f46b2/click'
08:33:05.248 [AsyncHttpClient-1-11] DEBUG org.asynchttpclient.netty.handler.HttpHandler - 

Request DefaultHttpRequest(decodeResult: success, version: HTTP/1.1)
POST /session/a35b4304ce3eaf8bca002e8e3f41c8ac/element/08e97500-69be-45f7-9278-72fada3f46b2/click HTTP/1.1
User-Agent: selenium/4.1.2 (java windows)
Content-Length: 50
Content-Type: application/json; charset=utf-8
host: localhost:57468
accept: */*

Response DefaultHttpResponse(decodeResult: success, version: HTTP/1.1)
HTTP/1.1 200 OK
Content-Type: application/json; charset=utf-8
cache-control: no-cache
content-length: 14

08:33:05.249 [AsyncHttpClient-1-11] DEBUG org.asynchttpclient.netty.channel.ChannelManager - Adding key: http://localhost:57468 for channel [id: 0x2c488ae1, L:/127.0.0.1:60317 - R:localhost/127.0.0.1:57468]
08:33:05.269 [Forwarding screenshot on session a35b4304ce3eaf8bca002e8e3f41c8ac to remote] DEBUG org.asynchttpclient.netty.request.NettyRequestSender - Using pooled Channel '[id: 0x2c488ae1, L:/127.0.0.1:60317 - R:localhost/127.0.0.1:57468]' for 'GET' to 'http://localhost:57468/session/a35b4304ce3eaf8bca002e8e3f41c8ac/screenshot'
08:33:05.269 [Forwarding screenshot on session a35b4304ce3eaf8bca002e8e3f41c8ac to remote] DEBUG org.asynchttpclient.netty.request.NettyRequestSender - Using open Channel [id: 0x2c488ae1, L:/127.0.0.1:60317 - R:localhost/127.0.0.1:57468] for GET '/session/a35b4304ce3eaf8bca002e8e3f41c8ac/screenshot'
08:33:05.827 [AsyncHttpClient-1-1] DEBUG org.asynchttpclient.netty.channel.DefaultChannelPool - Entry count for : http://localhost:60319 : 1
08:33:05.864 [AsyncHttpClient-1-11] DEBUG org.asynchttpclient.netty.handler.HttpHandler - 

Request DefaultFullHttpRequest(decodeResult: success, version: HTTP/1.1, content: EmptyByteBufBE)
GET /session/a35b4304ce3eaf8bca002e8e3f41c8ac/screenshot HTTP/1.1
User-Agent: selenium/4.1.2 (java windows)
Cache-Control: no-cache
Content-Type: application/json; charset=utf-8
host: localhost:57468
accept: */*

Response DefaultHttpResponse(decodeResult: success, version: HTTP/1.1)
HTTP/1.1 200 OK
Content-Type: application/json; charset=utf-8
cache-control: no-cache
content-length: 40060

08:33:05.865 [AsyncHttpClient-1-11] DEBUG org.asynchttpclient.netty.channel.ChannelManager - Adding key: http://localhost:57468 for channel [id: 0x2c488ae1, L:/127.0.0.1:60317 - R:localhost/127.0.0.1:57468]
08:33:05.870 [main] DEBUG net.serenitybdd.core.photography.Darkroom - Send negative for processing for target\site\serenity\249d494a5941a22357985fddf8d78303522f4fbc00cc04e646a43ac6a8e26239.png
08:33:05.870 [main] DEBUG net.thucydides.core.steps.StepInterceptor - STEP DONE: clickIconLogin
  &amp#27;[32mGiven &amp#27;[0m&amp#27;[32mi am on login page&amp#27;[0m       &amp#27;[90m# starter.stepdefinitions.stepdefinition.iAmOnLoginPage()&amp#27;[0m
08:33:05.871 [Darkroom Processing Line] DEBUG net.serenitybdd.core.photography.DarkroomProcessingLine - Processing screenshot image in /var/screenshots/screenshot-4543876463434646744
08:33:05.871 [Darkroom Processing Line] DEBUG net.serenitybdd.core.photography.DarkroomProcessingLine - Saving screenshot to target\site\serenity\249d494a5941a22357985fddf8d78303522f4fbc00cc04e646a43ac6a8e26239.png
08:33:05.897 [main] DEBUG net.thucydides.core.steps.StepInterceptor - STARTING STEP: stepdefinition.iInputUsername - inputUsername
08:33:05.902 [Forwarding findElement on session a35b4304ce3eaf8bca002e8e3f41c8ac to remote] DEBUG org.asynchttpclient.netty.request.NettyRequestSender - Using pooled Channel '[id: 0x2c488ae1, L:/127.0.0.1:60317 - R:localhost/127.0.0.1:57468]' for 'POST' to 'http://localhost:57468/session/a35b4304ce3eaf8bca002e8e3f41c8ac/element'
08:33:05.902 [Forwarding findElement on session a35b4304ce3eaf8bca002e8e3f41c8ac to remote] DEBUG org.asynchttpclient.netty.request.NettyRequestSender - Using open Channel [id: 0x2c488ae1, L:/127.0.0.1:60317 - R:localhost/127.0.0.1:57468] for POST '/session/a35b4304ce3eaf8bca002e8e3f41c8ac/element'
08:33:05.925 [AsyncHttpClient-1-11] DEBUG org.asynchttpclient.netty.handler.HttpHandler - 

Request DefaultHttpRequest(decodeResult: success, version: HTTP/1.1)
POST /session/a35b4304ce3eaf8bca002e8e3f41c8ac/element HTTP/1.1
User-Agent: selenium/4.1.2 (java windows)
Content-Length: 86
Content-Type: application/json; charset=utf-8
host: localhost:57468
accept: */*

Response DefaultHttpResponse(decodeResult: success, version: HTTP/1.1)
HTTP/1.1 200 OK
Content-Type: application/json; charset=utf-8
cache-control: no-cache
content-length: 88

08:33:05.925 [AsyncHttpClient-1-11] DEBUG org.asynchttpclient.netty.channel.ChannelManager - Adding key: http://localhost:57468 for channel [id: 0x2c488ae1, L:/127.0.0.1:60317 - R:localhost/127.0.0.1:57468]
08:33:05.930 [Forwarding clearElement on session a35b4304ce3eaf8bca002e8e3f41c8ac to remote] DEBUG org.asynchttpclient.netty.request.NettyRequestSender - Using pooled Channel '[id: 0x2c488ae1, L:/127.0.0.1:60317 - R:localhost/127.0.0.1:57468]' for 'POST' to 'http://localhost:57468/session/a35b4304ce3eaf8bca002e8e3f41c8ac/element/60f8636c-81ee-410e-9007-7264af49f99f/clear'
08:33:05.930 [Forwarding clearElement on session a35b4304ce3eaf8bca002e8e3f41c8ac to remote] DEBUG org.asynchttpclient.netty.request.NettyRequestSender - Using open Channel [id: 0x2c488ae1, L:/127.0.0.1:60317 - R:localhost/127.0.0.1:57468] for POST '/session/a35b4304ce3eaf8bca002e8e3f41c8ac/element/60f8636c-81ee-410e-9007-7264af49f99f/clear'
08:33:05.980 [AsyncHttpClient-1-11] DEBUG org.asynchttpclient.netty.handler.HttpHandler - 

Request DefaultHttpRequest(decodeResult: success, version: HTTP/1.1)
POST /session/a35b4304ce3eaf8bca002e8e3f41c8ac/element/60f8636c-81ee-410e-9007-7264af49f99f/clear HTTP/1.1
User-Agent: selenium/4.1.2 (java windows)
Content-Length: 50
Content-Type: application/json; charset=utf-8
host: localhost:57468
accept: */*

Response DefaultHttpResponse(decodeResult: success, version: HTTP/1.1)
HTTP/1.1 200 OK
Content-Type: application/json; charset=utf-8
cache-control: no-cache
content-length: 14

08:33:05.980 [AsyncHttpClient-1-11] DEBUG org.asynchttpclient.netty.channel.ChannelManager - Adding key: http://localhost:57468 for channel [id: 0x2c488ae1, L:/127.0.0.1:60317 - R:localhost/127.0.0.1:57468]
08:33:05.985 [Forwarding sendKeysToElement on session a35b4304ce3eaf8bca002e8e3f41c8ac to remote] DEBUG org.asynchttpclient.netty.request.NettyRequestSender - Using pooled Channel '[id: 0x2c488ae1, L:/127.0.0.1:60317 - R:localhost/127.0.0.1:57468]' for 'POST' to 'http://localhost:57468/session/a35b4304ce3eaf8bca002e8e3f41c8ac/element/60f8636c-81ee-410e-9007-7264af49f99f/value'
08:33:05.986 [Forwarding sendKeysToElement on session a35b4304ce3eaf8bca002e8e3f41c8ac to remote] DEBUG org.asynchttpclient.netty.request.NettyRequestSender - Using open Channel [id: 0x2c488ae1, L:/127.0.0.1:60317 - R:localhost/127.0.0.1:57468] for POST '/session/a35b4304ce3eaf8bca002e8e3f41c8ac/element/60f8636c-81ee-410e-9007-7264af49f99f/value'
08:33:06.061 [AsyncHttpClient-1-11] DEBUG org.asynchttpclient.netty.handler.HttpHandler - 

Request DefaultHttpRequest(decodeResult: success, version: HTTP/1.1)
POST /session/a35b4304ce3eaf8bca002e8e3f41c8ac/element/60f8636c-81ee-410e-9007-7264af49f99f/value HTTP/1.1
User-Agent: selenium/4.1.2 (java windows)
Content-Length: 82
Content-Type: application/json; charset=utf-8
host: localhost:57468
accept: */*

Response DefaultHttpResponse(decodeResult: success, version: HTTP/1.1)
HTTP/1.1 200 OK
Content-Type: application/json; charset=utf-8
cache-control: no-cache
content-length: 14

08:33:06.061 [AsyncHttpClient-1-11] DEBUG org.asynchttpclient.netty.channel.ChannelManager - Adding key: http://localhost:57468 for channel [id: 0x2c488ae1, L:/127.0.0.1:60317 - R:localhost/127.0.0.1:57468]
08:33:06.075 [Forwarding screenshot on session a35b4304ce3eaf8bca002e8e3f41c8ac to remote] DEBUG org.asynchttpclient.netty.request.NettyRequestSender - Using pooled Channel '[id: 0x2c488ae1, L:/127.0.0.1:60317 - R:localhost/127.0.0.1:57468]' for 'GET' to 'http://localhost:57468/session/a35b4304ce3eaf8bca002e8e3f41c8ac/screenshot'
08:33:06.075 [Forwarding screenshot on session a35b4304ce3eaf8bca002e8e3f41c8ac to remote] DEBUG org.asynchttpclient.netty.request.NettyRequestSender - Using open Channel [id: 0x2c488ae1, L:/127.0.0.1:60317 - R:localhost/127.0.0.1:57468] for GET '/session/a35b4304ce3eaf8bca002e8e3f41c8ac/screenshot'
08:33:06.368 [AsyncHttpClient-1-11] DEBUG org.asynchttpclient.netty.handler.HttpHandler - 

Request DefaultFullHttpRequest(decodeResult: success, version: HTTP/1.1, content: EmptyByteBufBE)
GET /session/a35b4304ce3eaf8bca002e8e3f41c8ac/screenshot HTTP/1.1
User-Agent: selenium/4.1.2 (java windows)
Cache-Control: no-cache
Content-Type: application/json; charset=utf-8
host: localhost:57468
accept: */*

Response DefaultHttpResponse(decodeResult: success, version: HTTP/1.1)
HTTP/1.1 200 OK
Content-Type: application/json; charset=utf-8
cache-control: no-cache
content-length: 39660

08:33:06.369 [AsyncHttpClient-1-11] DEBUG org.asynchttpclient.netty.channel.ChannelManager - Adding key: http://localhost:57468 for channel [id: 0x2c488ae1, L:/127.0.0.1:60317 - R:localhost/127.0.0.1:57468]
08:33:06.373 [main] DEBUG net.serenitybdd.core.photography.Darkroom - Send negative for processing for target\site\serenity\48a31e6231999ef881d01f764a90cacd6e84956e41442d136c46567550da4303.png
08:33:06.374 [main] DEBUG net.thucydides.core.steps.StepInterceptor - STEP DONE: inputUsername
  &amp#27;[32mWhen &amp#27;[0m&amp#27;[32mi input &amp#27;[0m&amp#27;[32m&amp#27;[1m""&amp#27;[0m&amp#27;[32m username&amp#27;[0m       &amp#27;[90m# starter.stepdefinitions.stepdefinition.iInputUsername(java.lang.String)&amp#27;[0m
08:33:06.374 [Darkroom Processing Line] DEBUG net.serenitybdd.core.photography.DarkroomProcessingLine - Processing screenshot image in /var/screenshots/screenshot-15755872645030212609
08:33:06.374 [Darkroom Processing Line] DEBUG net.serenitybdd.core.photography.DarkroomProcessingLine - Saving screenshot to target\site\serenity\48a31e6231999ef881d01f764a90cacd6e84956e41442d136c46567550da4303.png
08:33:06.408 [main] DEBUG net.thucydides.core.steps.StepInterceptor - STARTING STEP: stepdefinition.iInputPassword - inputPassword
08:33:06.417 [Forwarding findElement on session a35b4304ce3eaf8bca002e8e3f41c8ac to remote] DEBUG org.asynchttpclient.netty.request.NettyRequestSender - Using pooled Channel '[id: 0x2c488ae1, L:/127.0.0.1:60317 - R:localhost/127.0.0.1:57468]' for 'POST' to 'http://localhost:57468/session/a35b4304ce3eaf8bca002e8e3f41c8ac/element'
08:33:06.417 [Forwarding findElement on session a35b4304ce3eaf8bca002e8e3f41c8ac to remote] DEBUG org.asynchttpclient.netty.request.NettyRequestSender - Using open Channel [id: 0x2c488ae1, L:/127.0.0.1:60317 - R:localhost/127.0.0.1:57468] for POST '/session/a35b4304ce3eaf8bca002e8e3f41c8ac/element'
08:33:06.440 [AsyncHttpClient-1-11] DEBUG org.asynchttpclient.netty.handler.HttpHandler - 

Request DefaultHttpRequest(decodeResult: success, version: HTTP/1.1)
POST /session/a35b4304ce3eaf8bca002e8e3f41c8ac/element HTTP/1.1
User-Agent: selenium/4.1.2 (java windows)
Content-Length: 89
Content-Type: application/json; charset=utf-8
host: localhost:57468
accept: */*

Response DefaultHttpResponse(decodeResult: success, version: HTTP/1.1)
HTTP/1.1 200 OK
Content-Type: application/json; charset=utf-8
cache-control: no-cache
content-length: 88

08:33:06.441 [AsyncHttpClient-1-11] DEBUG org.asynchttpclient.netty.channel.ChannelManager - Adding key: http://localhost:57468 for channel [id: 0x2c488ae1, L:/127.0.0.1:60317 - R:localhost/127.0.0.1:57468]
08:33:06.447 [Forwarding clearElement on session a35b4304ce3eaf8bca002e8e3f41c8ac to remote] DEBUG org.asynchttpclient.netty.request.NettyRequestSender - Using pooled Channel '[id: 0x2c488ae1, L:/127.0.0.1:60317 - R:localhost/127.0.0.1:57468]' for 'POST' to 'http://localhost:57468/session/a35b4304ce3eaf8bca002e8e3f41c8ac/element/6508eb13-41e0-479d-b88a-7a17d80016df/clear'
08:33:06.447 [Forwarding clearElement on session a35b4304ce3eaf8bca002e8e3f41c8ac to remote] DEBUG org.asynchttpclient.netty.request.NettyRequestSender - Using open Channel [id: 0x2c488ae1, L:/127.0.0.1:60317 - R:localhost/127.0.0.1:57468] for POST '/session/a35b4304ce3eaf8bca002e8e3f41c8ac/element/6508eb13-41e0-479d-b88a-7a17d80016df/clear'
08:33:06.505 [AsyncHttpClient-1-11] DEBUG org.asynchttpclient.netty.handler.HttpHandler - 

Request DefaultHttpRequest(decodeResult: success, version: HTTP/1.1)
POST /session/a35b4304ce3eaf8bca002e8e3f41c8ac/element/6508eb13-41e0-479d-b88a-7a17d80016df/clear HTTP/1.1
User-Agent: selenium/4.1.2 (java windows)
Content-Length: 50
Content-Type: application/json; charset=utf-8
host: localhost:57468
accept: */*

Response DefaultHttpResponse(decodeResult: success, version: HTTP/1.1)
HTTP/1.1 200 OK
Content-Type: application/json; charset=utf-8
cache-control: no-cache
content-length: 14

08:33:06.506 [AsyncHttpClient-1-11] DEBUG org.asynchttpclient.netty.channel.ChannelManager - Adding key: http://localhost:57468 for channel [id: 0x2c488ae1, L:/127.0.0.1:60317 - R:localhost/127.0.0.1:57468]
08:33:06.512 [Forwarding sendKeysToElement on session a35b4304ce3eaf8bca002e8e3f41c8ac to remote] DEBUG org.asynchttpclient.netty.request.NettyRequestSender - Using pooled Channel '[id: 0x2c488ae1, L:/127.0.0.1:60317 - R:localhost/127.0.0.1:57468]' for 'POST' to 'http://localhost:57468/session/a35b4304ce3eaf8bca002e8e3f41c8ac/element/6508eb13-41e0-479d-b88a-7a17d80016df/value'
08:33:06.512 [Forwarding sendKeysToElement on session a35b4304ce3eaf8bca002e8e3f41c8ac to remote] DEBUG org.asynchttpclient.netty.request.NettyRequestSender - Using open Channel [id: 0x2c488ae1, L:/127.0.0.1:60317 - R:localhost/127.0.0.1:57468] for POST '/session/a35b4304ce3eaf8bca002e8e3f41c8ac/element/6508eb13-41e0-479d-b88a-7a17d80016df/value'
08:33:06.590 [AsyncHttpClient-1-11] DEBUG org.asynchttpclient.netty.handler.HttpHandler - 

Request DefaultHttpRequest(decodeResult: success, version: HTTP/1.1)
POST /session/a35b4304ce3eaf8bca002e8e3f41c8ac/element/6508eb13-41e0-479d-b88a-7a17d80016df/value HTTP/1.1
User-Agent: selenium/4.1.2 (java windows)
Content-Length: 82
Content-Type: application/json; charset=utf-8
host: localhost:57468
accept: */*

Response DefaultHttpResponse(decodeResult: success, version: HTTP/1.1)
HTTP/1.1 200 OK
Content-Type: application/json; charset=utf-8
cache-control: no-cache
content-length: 14

08:33:06.591 [AsyncHttpClient-1-11] DEBUG org.asynchttpclient.netty.channel.ChannelManager - Adding key: http://localhost:57468 for channel [id: 0x2c488ae1, L:/127.0.0.1:60317 - R:localhost/127.0.0.1:57468]
08:33:06.603 [Forwarding screenshot on session a35b4304ce3eaf8bca002e8e3f41c8ac to remote] DEBUG org.asynchttpclient.netty.request.NettyRequestSender - Using pooled Channel '[id: 0x2c488ae1, L:/127.0.0.1:60317 - R:localhost/127.0.0.1:57468]' for 'GET' to 'http://localhost:57468/session/a35b4304ce3eaf8bca002e8e3f41c8ac/screenshot'
08:33:06.604 [Forwarding screenshot on session a35b4304ce3eaf8bca002e8e3f41c8ac to remote] DEBUG org.asynchttpclient.netty.request.NettyRequestSender - Using open Channel [id: 0x2c488ae1, L:/127.0.0.1:60317 - R:localhost/127.0.0.1:57468] for GET '/session/a35b4304ce3eaf8bca002e8e3f41c8ac/screenshot'
08:33:06.862 [AsyncHttpClient-1-11] DEBUG org.asynchttpclient.netty.handler.HttpHandler - 

Request DefaultFullHttpRequest(decodeResult: success, version: HTTP/1.1, content: EmptyByteBufBE)
GET /session/a35b4304ce3eaf8bca002e8e3f41c8ac/screenshot HTTP/1.1
User-Agent: selenium/4.1.2 (java windows)
Cache-Control: no-cache
Content-Type: application/json; charset=utf-8
host: localhost:57468
accept: */*

Response DefaultHttpResponse(decodeResult: success, version: HTTP/1.1)
HTTP/1.1 200 OK
Content-Type: application/json; charset=utf-8
cache-control: no-cache
content-length: 40024

08:33:06.864 [AsyncHttpClient-1-11] DEBUG org.asynchttpclient.netty.channel.ChannelManager - Adding key: http://localhost:57468 for channel [id: 0x2c488ae1, L:/127.0.0.1:60317 - R:localhost/127.0.0.1:57468]
08:33:06.871 [main] DEBUG net.serenitybdd.core.photography.Darkroom - Send negative for processing for target\site\serenity\ff8ad95df567422a36a85c35d727c3d0ffe0d38a87060e5620a513b9d9b58947.png
08:33:06.872 [main] DEBUG net.thucydides.core.steps.StepInterceptor - STEP DONE: inputPassword
08:33:06.872 [Darkroom Processing Line] DEBUG net.serenitybdd.core.photography.DarkroomProcessingLine - Processing screenshot image in /var/screenshots/screenshot-12602929158145265891
08:33:06.872 [Darkroom Processing Line] DEBUG net.serenitybdd.core.photography.DarkroomProcessingLine - Saving screenshot to target\site\serenity\ff8ad95df567422a36a85c35d727c3d0ffe0d38a87060e5620a513b9d9b58947.png
  &amp#27;[32mAnd &amp#27;[0m&amp#27;[32mi input &amp#27;[0m&amp#27;[32m&amp#27;[1m""&amp#27;[0m&amp#27;[32m password&amp#27;[0m        &amp#27;[90m# starter.stepdefinitions.stepdefinition.iInputPassword(java.lang.String)&amp#27;[0m
08:33:06.914 [main] DEBUG net.thucydides.core.steps.StepInterceptor - STARTING STEP: stepdefinition.clickLoginButton - clickLogin
08:33:06.919 [Forwarding findElement on session a35b4304ce3eaf8bca002e8e3f41c8ac to remote] DEBUG org.asynchttpclient.netty.request.NettyRequestSender - Using pooled Channel '[id: 0x2c488ae1, L:/127.0.0.1:60317 - R:localhost/127.0.0.1:57468]' for 'POST' to 'http://localhost:57468/session/a35b4304ce3eaf8bca002e8e3f41c8ac/element'
08:33:06.919 [Forwarding findElement on session a35b4304ce3eaf8bca002e8e3f41c8ac to remote] DEBUG org.asynchttpclient.netty.request.NettyRequestSender - Using open Channel [id: 0x2c488ae1, L:/127.0.0.1:60317 - R:localhost/127.0.0.1:57468] for POST '/session/a35b4304ce3eaf8bca002e8e3f41c8ac/element'
08:33:06.927 [AsyncHttpClient-1-1] DEBUG org.asynchttpclient.netty.channel.DefaultChannelPool - Entry count for : http://localhost:60319 : 1
08:33:06.939 [AsyncHttpClient-1-11] DEBUG org.asynchttpclient.netty.handler.HttpHandler - 

Request DefaultHttpRequest(decodeResult: success, version: HTTP/1.1)
POST /session/a35b4304ce3eaf8bca002e8e3f41c8ac/element HTTP/1.1
User-Agent: selenium/4.1.2 (java windows)
Content-Length: 72
Content-Type: application/json; charset=utf-8
host: localhost:57468
accept: */*

Response DefaultHttpResponse(decodeResult: success, version: HTTP/1.1)
HTTP/1.1 200 OK
Content-Type: application/json; charset=utf-8
cache-control: no-cache
content-length: 88

08:33:06.939 [AsyncHttpClient-1-11] DEBUG org.asynchttpclient.netty.channel.ChannelManager - Adding key: http://localhost:57468 for channel [id: 0x2c488ae1, L:/127.0.0.1:60317 - R:localhost/127.0.0.1:57468]
08:33:06.944 [Forwarding getElementTagName on session a35b4304ce3eaf8bca002e8e3f41c8ac to remote] DEBUG org.asynchttpclient.netty.request.NettyRequestSender - Using pooled Channel '[id: 0x2c488ae1, L:/127.0.0.1:60317 - R:localhost/127.0.0.1:57468]' for 'GET' to 'http://localhost:57468/session/a35b4304ce3eaf8bca002e8e3f41c8ac/element/07782c8a-6afc-44a7-b293-77259b3805b5/name'
08:33:06.944 [Forwarding getElementTagName on session a35b4304ce3eaf8bca002e8e3f41c8ac to remote] DEBUG org.asynchttpclient.netty.request.NettyRequestSender - Using open Channel [id: 0x2c488ae1, L:/127.0.0.1:60317 - R:localhost/127.0.0.1:57468] for GET '/session/a35b4304ce3eaf8bca002e8e3f41c8ac/element/07782c8a-6afc-44a7-b293-77259b3805b5/name'
08:33:06.953 [AsyncHttpClient-1-11] DEBUG org.asynchttpclient.netty.handler.HttpHandler - 

Request DefaultFullHttpRequest(decodeResult: success, version: HTTP/1.1, content: EmptyByteBufBE)
GET /session/a35b4304ce3eaf8bca002e8e3f41c8ac/element/07782c8a-6afc-44a7-b293-77259b3805b5/name HTTP/1.1
User-Agent: selenium/4.1.2 (java windows)
Cache-Control: no-cache
Content-Type: application/json; charset=utf-8
host: localhost:57468
accept: */*

Response DefaultHttpResponse(decodeResult: success, version: HTTP/1.1)
HTTP/1.1 200 OK
Content-Type: application/json; charset=utf-8
cache-control: no-cache
content-length: 18

08:33:06.953 [AsyncHttpClient-1-11] DEBUG org.asynchttpclient.netty.channel.ChannelManager - Adding key: http://localhost:57468 for channel [id: 0x2c488ae1, L:/127.0.0.1:60317 - R:localhost/127.0.0.1:57468]
08:33:06.957 [Forwarding getElementTagName on session a35b4304ce3eaf8bca002e8e3f41c8ac to remote] DEBUG org.asynchttpclient.netty.request.NettyRequestSender - Using pooled Channel '[id: 0x2c488ae1, L:/127.0.0.1:60317 - R:localhost/127.0.0.1:57468]' for 'GET' to 'http://localhost:57468/session/a35b4304ce3eaf8bca002e8e3f41c8ac/element/07782c8a-6afc-44a7-b293-77259b3805b5/name'
08:33:06.957 [Forwarding getElementTagName on session a35b4304ce3eaf8bca002e8e3f41c8ac to remote] DEBUG org.asynchttpclient.netty.request.NettyRequestSender - Using open Channel [id: 0x2c488ae1, L:/127.0.0.1:60317 - R:localhost/127.0.0.1:57468] for GET '/session/a35b4304ce3eaf8bca002e8e3f41c8ac/element/07782c8a-6afc-44a7-b293-77259b3805b5/name'
08:33:06.965 [AsyncHttpClient-1-11] DEBUG org.asynchttpclient.netty.handler.HttpHandler - 

Request DefaultFullHttpRequest(decodeResult: success, version: HTTP/1.1, content: EmptyByteBufBE)
GET /session/a35b4304ce3eaf8bca002e8e3f41c8ac/element/07782c8a-6afc-44a7-b293-77259b3805b5/name HTTP/1.1
User-Agent: selenium/4.1.2 (java windows)
Cache-Control: no-cache
Content-Type: application/json; charset=utf-8
host: localhost:57468
accept: */*

Response DefaultHttpResponse(decodeResult: success, version: HTTP/1.1)
HTTP/1.1 200 OK
Content-Type: application/json; charset=utf-8
cache-control: no-cache
content-length: 18

08:33:06.966 [AsyncHttpClient-1-11] DEBUG org.asynchttpclient.netty.channel.ChannelManager - Adding key: http://localhost:57468 for channel [id: 0x2c488ae1, L:/127.0.0.1:60317 - R:localhost/127.0.0.1:57468]
08:33:06.970 [Forwarding isElementEnabled on session a35b4304ce3eaf8bca002e8e3f41c8ac to remote] DEBUG org.asynchttpclient.netty.request.NettyRequestSender - Using pooled Channel '[id: 0x2c488ae1, L:/127.0.0.1:60317 - R:localhost/127.0.0.1:57468]' for 'GET' to 'http://localhost:57468/session/a35b4304ce3eaf8bca002e8e3f41c8ac/element/07782c8a-6afc-44a7-b293-77259b3805b5/enabled'
08:33:06.971 [Forwarding isElementEnabled on session a35b4304ce3eaf8bca002e8e3f41c8ac to remote] DEBUG org.asynchttpclient.netty.request.NettyRequestSender - Using open Channel [id: 0x2c488ae1, L:/127.0.0.1:60317 - R:localhost/127.0.0.1:57468] for GET '/session/a35b4304ce3eaf8bca002e8e3f41c8ac/element/07782c8a-6afc-44a7-b293-77259b3805b5/enabled'
08:33:06.985 [AsyncHttpClient-1-11] DEBUG org.asynchttpclient.netty.handler.HttpHandler - 

Request DefaultFullHttpRequest(decodeResult: success, version: HTTP/1.1, content: EmptyByteBufBE)
GET /session/a35b4304ce3eaf8bca002e8e3f41c8ac/element/07782c8a-6afc-44a7-b293-77259b3805b5/enabled HTTP/1.1
User-Agent: selenium/4.1.2 (java windows)
Cache-Control: no-cache
Content-Type: application/json; charset=utf-8
host: localhost:57468
accept: */*

Response DefaultHttpResponse(decodeResult: success, version: HTTP/1.1)
HTTP/1.1 200 OK
Content-Type: application/json; charset=utf-8
cache-control: no-cache
content-length: 14

08:33:06.985 [AsyncHttpClient-1-11] DEBUG org.asynchttpclient.netty.channel.ChannelManager - Adding key: http://localhost:57468 for channel [id: 0x2c488ae1, L:/127.0.0.1:60317 - R:localhost/127.0.0.1:57468]
08:33:06.990 [Forwarding isElementEnabled on session a35b4304ce3eaf8bca002e8e3f41c8ac to remote] DEBUG org.asynchttpclient.netty.request.NettyRequestSender - Using pooled Channel '[id: 0x2c488ae1, L:/127.0.0.1:60317 - R:localhost/127.0.0.1:57468]' for 'GET' to 'http://localhost:57468/session/a35b4304ce3eaf8bca002e8e3f41c8ac/element/07782c8a-6afc-44a7-b293-77259b3805b5/enabled'
08:33:06.990 [Forwarding isElementEnabled on session a35b4304ce3eaf8bca002e8e3f41c8ac to remote] DEBUG org.asynchttpclient.netty.request.NettyRequestSender - Using open Channel [id: 0x2c488ae1, L:/127.0.0.1:60317 - R:localhost/127.0.0.1:57468] for GET '/session/a35b4304ce3eaf8bca002e8e3f41c8ac/element/07782c8a-6afc-44a7-b293-77259b3805b5/enabled'
08:33:07.004 [AsyncHttpClient-1-11] DEBUG org.asynchttpclient.netty.handler.HttpHandler - 

Request DefaultFullHttpRequest(decodeResult: success, version: HTTP/1.1, content: EmptyByteBufBE)
GET /session/a35b4304ce3eaf8bca002e8e3f41c8ac/element/07782c8a-6afc-44a7-b293-77259b3805b5/enabled HTTP/1.1
User-Agent: selenium/4.1.2 (java windows)
Cache-Control: no-cache
Content-Type: application/json; charset=utf-8
host: localhost:57468
accept: */*

Response DefaultHttpResponse(decodeResult: success, version: HTTP/1.1)
HTTP/1.1 200 OK
Content-Type: application/json; charset=utf-8
cache-control: no-cache
content-length: 14

08:33:07.005 [AsyncHttpClient-1-11] DEBUG org.asynchttpclient.netty.channel.ChannelManager - Adding key: http://localhost:57468 for channel [id: 0x2c488ae1, L:/127.0.0.1:60317 - R:localhost/127.0.0.1:57468]
08:33:07.009 [Forwarding findElement on session a35b4304ce3eaf8bca002e8e3f41c8ac to remote] DEBUG org.asynchttpclient.netty.request.NettyRequestSender - Using pooled Channel '[id: 0x2c488ae1, L:/127.0.0.1:60317 - R:localhost/127.0.0.1:57468]' for 'POST' to 'http://localhost:57468/session/a35b4304ce3eaf8bca002e8e3f41c8ac/element'
08:33:07.009 [Forwarding findElement on session a35b4304ce3eaf8bca002e8e3f41c8ac to remote] DEBUG org.asynchttpclient.netty.request.NettyRequestSender - Using open Channel [id: 0x2c488ae1, L:/127.0.0.1:60317 - R:localhost/127.0.0.1:57468] for POST '/session/a35b4304ce3eaf8bca002e8e3f41c8ac/element'
08:33:07.023 [AsyncHttpClient-1-11] DEBUG org.asynchttpclient.netty.handler.HttpHandler - 

Request DefaultHttpRequest(decodeResult: success, version: HTTP/1.1)
POST /session/a35b4304ce3eaf8bca002e8e3f41c8ac/element HTTP/1.1
User-Agent: selenium/4.1.2 (java windows)
Content-Length: 72
Content-Type: application/json; charset=utf-8
host: localhost:57468
accept: */*

Response DefaultHttpResponse(decodeResult: success, version: HTTP/1.1)
HTTP/1.1 200 OK
Content-Type: application/json; charset=utf-8
cache-control: no-cache
content-length: 88

08:33:07.023 [AsyncHttpClient-1-11] DEBUG org.asynchttpclient.netty.channel.ChannelManager - Adding key: http://localhost:57468 for channel [id: 0x2c488ae1, L:/127.0.0.1:60317 - R:localhost/127.0.0.1:57468]
08:33:07.026 [Forwarding clickElement on session a35b4304ce3eaf8bca002e8e3f41c8ac to remote] DEBUG org.asynchttpclient.netty.request.NettyRequestSender - Using pooled Channel '[id: 0x2c488ae1, L:/127.0.0.1:60317 - R:localhost/127.0.0.1:57468]' for 'POST' to 'http://localhost:57468/session/a35b4304ce3eaf8bca002e8e3f41c8ac/element/07782c8a-6afc-44a7-b293-77259b3805b5/click'
08:33:07.027 [Forwarding clickElement on session a35b4304ce3eaf8bca002e8e3f41c8ac to remote] DEBUG org.asynchttpclient.netty.request.NettyRequestSender - Using open Channel [id: 0x2c488ae1, L:/127.0.0.1:60317 - R:localhost/127.0.0.1:57468] for POST '/session/a35b4304ce3eaf8bca002e8e3f41c8ac/element/07782c8a-6afc-44a7-b293-77259b3805b5/click'
08:33:07.105 [AsyncHttpClient-1-11] DEBUG org.asynchttpclient.netty.handler.HttpHandler - 

Request DefaultHttpRequest(decodeResult: success, version: HTTP/1.1)
POST /session/a35b4304ce3eaf8bca002e8e3f41c8ac/element/07782c8a-6afc-44a7-b293-77259b3805b5/click HTTP/1.1
User-Agent: selenium/4.1.2 (java windows)
Content-Length: 50
Content-Type: application/json; charset=utf-8
host: localhost:57468
accept: */*

Response DefaultHttpResponse(decodeResult: success, version: HTTP/1.1)
HTTP/1.1 200 OK
Content-Type: application/json; charset=utf-8
cache-control: no-cache
content-length: 14

08:33:07.105 [AsyncHttpClient-1-11] DEBUG org.asynchttpclient.netty.channel.ChannelManager - Adding key: http://localhost:57468 for channel [id: 0x2c488ae1, L:/127.0.0.1:60317 - R:localhost/127.0.0.1:57468]
08:33:07.121 [Forwarding screenshot on session a35b4304ce3eaf8bca002e8e3f41c8ac to remote] DEBUG org.asynchttpclient.netty.request.NettyRequestSender - Using pooled Channel '[id: 0x2c488ae1, L:/127.0.0.1:60317 - R:localhost/127.0.0.1:57468]' for 'GET' to 'http://localhost:57468/session/a35b4304ce3eaf8bca002e8e3f41c8ac/screenshot'
08:33:07.121 [Forwarding screenshot on session a35b4304ce3eaf8bca002e8e3f41c8ac to remote] DEBUG org.asynchttpclient.netty.request.NettyRequestSender - Using open Channel [id: 0x2c488ae1, L:/127.0.0.1:60317 - R:localhost/127.0.0.1:57468] for GET '/session/a35b4304ce3eaf8bca002e8e3f41c8ac/screenshot'
08:33:07.660 [AsyncHttpClient-1-11] DEBUG org.asynchttpclient.netty.handler.HttpHandler - 

Request DefaultFullHttpRequest(decodeResult: success, version: HTTP/1.1, content: EmptyByteBufBE)
GET /session/a35b4304ce3eaf8bca002e8e3f41c8ac/screenshot HTTP/1.1
User-Agent: selenium/4.1.2 (java windows)
Cache-Control: no-cache
Content-Type: application/json; charset=utf-8
host: localhost:57468
accept: */*

Response DefaultHttpResponse(decodeResult: success, version: HTTP/1.1)
HTTP/1.1 200 OK
Content-Type: application/json; charset=utf-8
cache-control: no-cache
content-length: 45884

08:33:07.662 [AsyncHttpClient-1-11] DEBUG org.asynchttpclient.netty.channel.ChannelManager - Adding key: http://localhost:57468 for channel [id: 0x2c488ae1, L:/127.0.0.1:60317 - R:localhost/127.0.0.1:57468]
08:33:07.668 [main] DEBUG net.serenitybdd.core.photography.Darkroom - Send negative for processing for target\site\serenity\8f9b04dcaac15d06eb43ee6776e6408a067cfa9b0ae1f99d5558e9e560d9fcaf.png
08:33:07.668 [main] DEBUG net.thucydides.core.steps.StepInterceptor - STEP DONE: clickLogin
  &amp#27;[32mAnd &amp#27;[0m&amp#27;[32mclick login button&amp#27;[0m         &amp#27;[90m# starter.stepdefinitions.stepdefinition.clickLoginButton()&amp#27;[0m
08:33:07.669 [Darkroom Processing Line] DEBUG net.serenitybdd.core.photography.DarkroomProcessingLine - Processing screenshot image in /var/screenshots/screenshot-9137673630129905867
08:33:07.669 [Darkroom Processing Line] DEBUG net.serenitybdd.core.photography.DarkroomProcessingLine - Saving screenshot to target\site\serenity\8f9b04dcaac15d06eb43ee6776e6408a067cfa9b0ae1f99d5558e9e560d9fcaf.png
08:33:07.700 [main] DEBUG net.thucydides.core.steps.StepInterceptor - STARTING STEP: stepdefinition.iGetThe - validateLoginApp
08:33:07.704 [Forwarding findElement on session a35b4304ce3eaf8bca002e8e3f41c8ac to remote] DEBUG org.asynchttpclient.netty.request.NettyRequestSender - Using pooled Channel '[id: 0x2c488ae1, L:/127.0.0.1:60317 - R:localhost/127.0.0.1:57468]' for 'POST' to 'http://localhost:57468/session/a35b4304ce3eaf8bca002e8e3f41c8ac/element'
08:33:07.704 [Forwarding findElement on session a35b4304ce3eaf8bca002e8e3f41c8ac to remote] DEBUG org.asynchttpclient.netty.request.NettyRequestSender - Using open Channel [id: 0x2c488ae1, L:/127.0.0.1:60317 - R:localhost/127.0.0.1:57468] for POST '/session/a35b4304ce3eaf8bca002e8e3f41c8ac/element'
08:33:07.709 [AsyncHttpClient-1-11] DEBUG org.asynchttpclient.netty.handler.HttpHandler - 

Request DefaultHttpRequest(decodeResult: success, version: HTTP/1.1)
POST /session/a35b4304ce3eaf8bca002e8e3f41c8ac/element HTTP/1.1
User-Agent: selenium/4.1.2 (java windows)
Content-Length: 50
Content-Type: application/json; charset=utf-8
host: localhost:57468
accept: */*

Response DefaultHttpResponse(decodeResult: success, version: HTTP/1.1)
HTTP/1.1 400 Bad Request
Content-Type: application/json; charset=utf-8
cache-control: no-cache
content-length: 957

08:33:07.710 [AsyncHttpClient-1-11] DEBUG org.asynchttpclient.netty.channel.ChannelManager - Adding key: http://localhost:57468 for channel [id: 0x2c488ae1, L:/127.0.0.1:60317 - R:localhost/127.0.0.1:57468]
08:33:07.716 [Forwarding findElement on session a35b4304ce3eaf8bca002e8e3f41c8ac to remote] DEBUG org.asynchttpclient.netty.request.NettyRequestSender - Using pooled Channel '[id: 0x2c488ae1, L:/127.0.0.1:60317 - R:localhost/127.0.0.1:57468]' for 'POST' to 'http://localhost:57468/session/a35b4304ce3eaf8bca002e8e3f41c8ac/element'
08:33:07.716 [Forwarding findElement on session a35b4304ce3eaf8bca002e8e3f41c8ac to remote] DEBUG org.asynchttpclient.netty.request.NettyRequestSender - Using open Channel [id: 0x2c488ae1, L:/127.0.0.1:60317 - R:localhost/127.0.0.1:57468] for POST '/session/a35b4304ce3eaf8bca002e8e3f41c8ac/element'
08:33:07.739 [AsyncHttpClient-1-11] DEBUG org.asynchttpclient.netty.handler.HttpHandler - 

Request DefaultHttpRequest(decodeResult: success, version: HTTP/1.1)
POST /session/a35b4304ce3eaf8bca002e8e3f41c8ac/element HTTP/1.1
User-Agent: selenium/4.1.2 (java windows)
Content-Length: 60
Content-Type: application/json; charset=utf-8
host: localhost:57468
accept: */*

Response DefaultHttpResponse(decodeResult: success, version: HTTP/1.1)
HTTP/1.1 200 OK
Content-Type: application/json; charset=utf-8
cache-control: no-cache
content-length: 88

08:33:07.740 [AsyncHttpClient-1-11] DEBUG org.asynchttpclient.netty.channel.ChannelManager - Adding key: http://localhost:57468 for channel [id: 0x2c488ae1, L:/127.0.0.1:60317 - R:localhost/127.0.0.1:57468]
08:33:07.747 [Forwarding isElementDisplayed on session a35b4304ce3eaf8bca002e8e3f41c8ac to remote] DEBUG org.asynchttpclient.netty.request.NettyRequestSender - Using pooled Channel '[id: 0x2c488ae1, L:/127.0.0.1:60317 - R:localhost/127.0.0.1:57468]' for 'POST' to 'http://localhost:57468/session/a35b4304ce3eaf8bca002e8e3f41c8ac/execute/sync'
08:33:07.747 [Forwarding isElementDisplayed on session a35b4304ce3eaf8bca002e8e3f41c8ac to remote] DEBUG org.asynchttpclient.netty.request.NettyRequestSender - Using open Channel [id: 0x2c488ae1, L:/127.0.0.1:60317 - R:localhost/127.0.0.1:57468] for POST '/session/a35b4304ce3eaf8bca002e8e3f41c8ac/execute/sync'
08:33:07.771 [AsyncHttpClient-1-11] DEBUG org.asynchttpclient.netty.handler.HttpHandler - 

Request DefaultHttpRequest(decodeResult: success, version: HTTP/1.1)
POST /session/a35b4304ce3eaf8bca002e8e3f41c8ac/execute/sync HTTP/1.1
User-Agent: selenium/4.1.2 (java windows)
Content-Length: 48780
Content-Type: application/json; charset=utf-8
host: localhost:57468
accept: */*

Response DefaultHttpResponse(decodeResult: success, version: HTTP/1.1)
HTTP/1.1 200 OK
Content-Type: application/json; charset=utf-8
cache-control: no-cache
content-length: 14

08:33:07.771 [AsyncHttpClient-1-11] DEBUG org.asynchttpclient.netty.channel.ChannelManager - Adding key: http://localhost:57468 for channel [id: 0x2c488ae1, L:/127.0.0.1:60317 - R:localhost/127.0.0.1:57468]
08:33:07.785 [Forwarding screenshot on session a35b4304ce3eaf8bca002e8e3f41c8ac to remote] DEBUG org.asynchttpclient.netty.request.NettyRequestSender - Using pooled Channel '[id: 0x2c488ae1, L:/127.0.0.1:60317 - R:localhost/127.0.0.1:57468]' for 'GET' to 'http://localhost:57468/session/a35b4304ce3eaf8bca002e8e3f41c8ac/screenshot'
08:33:07.785 [Forwarding screenshot on session a35b4304ce3eaf8bca002e8e3f41c8ac to remote] DEBUG org.asynchttpclient.netty.request.NettyRequestSender - Using open Channel [id: 0x2c488ae1, L:/127.0.0.1:60317 - R:localhost/127.0.0.1:57468] for GET '/session/a35b4304ce3eaf8bca002e8e3f41c8ac/screenshot'
08:33:07.951 [AsyncHttpClient-1-11] DEBUG org.asynchttpclient.netty.handler.HttpHandler - 

Request DefaultFullHttpRequest(decodeResult: success, version: HTTP/1.1, content: EmptyByteBufBE)
GET /session/a35b4304ce3eaf8bca002e8e3f41c8ac/screenshot HTTP/1.1
User-Agent: selenium/4.1.2 (java windows)
Cache-Control: no-cache
Content-Type: application/json; charset=utf-8
host: localhost:57468
accept: */*

Response DefaultHttpResponse(decodeResult: success, version: HTTP/1.1)
HTTP/1.1 200 OK
Content-Type: application/json; charset=utf-8
cache-control: no-cache
content-length: 44340

08:33:07.952 [AsyncHttpClient-1-11] DEBUG org.asynchttpclient.netty.channel.ChannelManager - Adding key: http://localhost:57468 for channel [id: 0x2c488ae1, L:/127.0.0.1:60317 - R:localhost/127.0.0.1:57468]
08:33:07.955 [main] DEBUG net.serenitybdd.core.photography.Darkroom - Send negative for processing for target\site\serenity\a23e7f92046b8c9e78546c5f3f0a8e597330134f033f16f926f1b7513d2d8135.png
08:33:07.955 [main] DEBUG net.thucydides.core.steps.StepInterceptor - STEP DONE: validateLoginApp
08:33:07.956 [Darkroom Processing Line] DEBUG net.serenitybdd.core.photography.DarkroomProcessingLine - Processing screenshot image in /var/screenshots/screenshot-3413953002629780682
08:33:07.956 [Darkroom Processing Line] DEBUG net.serenitybdd.core.photography.DarkroomProcessingLine - Saving screenshot to target\site\serenity\a23e7f92046b8c9e78546c5f3f0a8e597330134f033f16f926f1b7513d2d8135.png
08:33:07.964 [main] DEBUG net.thucydides.core.steps.StepInterceptor - STARTING STEP: stepdefinition.iGetThe - displayErrorMessage
08:33:07.968 [main] DEBUG net.thucydides.core.steps.StepInterceptor - STEP DONE: displayErrorMessage
  &amp#27;[32mThen &amp#27;[0m&amp#27;[32mi get the &amp#27;[0m&amp#27;[32m&amp#27;[1m"Login Page"&amp#27;[0m    &amp#27;[90m# starter.stepdefinitions.stepdefinition.iGetThe(java.lang.String)&amp#27;[0m
08:33:07.984 [AsyncHttpClient-1-13] DEBUG org.asynchttpclient.netty.handler.WebSocketHandler - Channel Closed: [id: 0x49f32db2, L:/127.0.0.1:60327 ! R:localhost/127.0.0.1:60319] with attribute NettyResponseFuture{currentRetry=5,
	isDone=1,
	isCancelled=0,
	asyncHandler=org.asynchttpclient.ws.WebSocketUpgradeHandler@6ea6cdba,
	nettyRequest=org.asynchttpclient.netty.request.NettyRequest@2ba45e0a,
	future=java.util.concurrent.CompletableFuture@3a5dd542[Completed normally],
	uri=ws://localhost:60319/devtools/browser/a1acbdbc-6152-4a50-9bba-9007f043ae00,
	keepAlive=true,
	redirectCount=0,
	timeoutsHolder=null,
	inAuth=0,
	touch=1652837558122}
08:33:07.984 [AsyncHttpClient-1-13] DEBUG org.asynchttpclient.netty.channel.ChannelManager - Closing Channel [id: 0x49f32db2, L:/127.0.0.1:60327 ! R:localhost/127.0.0.1:60319] 
08:33:07.984 [Driver Command Executor] DEBUG org.asynchttpclient.netty.request.NettyRequestSender - Using pooled Channel '[id: 0x2c488ae1, L:/127.0.0.1:60317 - R:localhost/127.0.0.1:57468]' for 'DELETE' to 'http://localhost:57468/session/a35b4304ce3eaf8bca002e8e3f41c8ac'
08:33:07.984 [Driver Command Executor] DEBUG org.asynchttpclient.netty.request.NettyRequestSender - Using open Channel [id: 0x2c488ae1, L:/127.0.0.1:60317 - R:localhost/127.0.0.1:57468] for DELETE '/session/a35b4304ce3eaf8bca002e8e3f41c8ac'
08:33:08.031 [AsyncHttpClient-1-1] DEBUG org.asynchttpclient.netty.channel.DefaultChannelPool - Entry count for : http://localhost:60319 : 1
08:33:08.035 [AsyncHttpClient-1-12] DEBUG org.asynchttpclient.netty.handler.HttpHandler - Unexpected I/O exception on channel [id: 0xabcd2949, L:/127.0.0.1:60326 - R:localhost/127.0.0.1:60319]
java.net.SocketException: Connection reset
	at java.base/sun.nio.ch.SocketChannelImpl.throwConnectionReset(SocketChannelImpl.java:367)
	at java.base/sun.nio.ch.SocketChannelImpl.read(SocketChannelImpl.java:398)
	at io.netty.buffer.PooledByteBuf.setBytes(PooledByteBuf.java:258)
	at io.netty.buffer.AbstractByteBuf.writeBytes(AbstractByteBuf.java:1132)
	at io.netty.channel.socket.nio.NioSocketChannel.doReadBytes(NioSocketChannel.java:350)
	at io.netty.channel.nio.AbstractNioByteChannel$NioByteUnsafe.read(AbstractNioByteChannel.java:151)
	at io.netty.channel.nio.NioEventLoop.processSelectedKey(NioEventLoop.java:722)
	at io.netty.channel.nio.NioEventLoop.processSelectedKeysOptimized(NioEventLoop.java:658)
	at io.netty.channel.nio.NioEventLoop.processSelectedKeys(NioEventLoop.java:584)
	at io.netty.channel.nio.NioEventLoop.run(NioEventLoop.java:496)
	at io.netty.util.concurrent.SingleThreadEventExecutor$4.run(SingleThreadEventExecutor.java:986)
	at io.netty.util.internal.ThreadExecutorMap$2.run(ThreadExecutorMap.java:74)
	at io.netty.util.concurrent.FastThreadLocalRunnable.run(FastThreadLocalRunnable.java:30)
	at java.base/java.lang.Thread.run(Thread.java:832)
08:33:08.035 [AsyncHttpClient-1-12] DEBUG org.asynchttpclient.netty.channel.ChannelManager - Closing Channel [id: 0xabcd2949, L:/127.0.0.1:60326 - R:localhost/127.0.0.1:60319] 
08:33:08.035 [AsyncHttpClient-1-12] DEBUG org.asynchttpclient.netty.handler.HttpHandler - Channel Closed: [id: 0xabcd2949, L:/127.0.0.1:60326 ! R:localhost/127.0.0.1:60319] with attribute DISCARD
08:33:08.070 [AsyncHttpClient-1-11] DEBUG org.asynchttpclient.netty.handler.HttpHandler - 

Request DefaultFullHttpRequest(decodeResult: success, version: HTTP/1.1, content: EmptyByteBufBE)
DELETE /session/a35b4304ce3eaf8bca002e8e3f41c8ac HTTP/1.1
User-Agent: selenium/4.1.2 (java windows)
Content-Type: application/json; charset=utf-8
host: localhost:57468
accept: */*

Response DefaultHttpResponse(decodeResult: success, version: HTTP/1.1)
HTTP/1.1 200 OK
Content-Type: application/json; charset=utf-8
cache-control: no-cache
content-length: 14

08:33:08.071 [AsyncHttpClient-1-11] DEBUG org.asynchttpclient.netty.channel.ChannelManager - Adding key: http://localhost:57468 for channel [id: 0x2c488ae1, L:/127.0.0.1:60317 - R:localhost/127.0.0.1:57468]
08:33:08.366 [AsyncHttpClient-1-11] DEBUG org.asynchttpclient.netty.handler.HttpHandler - Channel Closed: [id: 0x2c488ae1, L:/127.0.0.1:60317 ! R:localhost/127.0.0.1:57468] with attribute DISCARD
]]></system-out>
    <system-err><![CDATA[Starting ChromeDriver 101.0.4951.41 (93c720db8323b3ec10d056025ab95c23a31997c9-refs/branch-heads/4951@{#904}) on port 57468
Only local connections are allowed.
Please see https://chromedriver.chromium.org/security-considerations for suggestions on keeping ChromeDriver safe.
ChromeDriver was started successfully.
May 18, 2022 8:32:38 AM org.openqa.selenium.remote.ProtocolHandshake createSession
INFO: Detected dialect: W3C
May 18, 2022 8:32:38 AM org.openqa.selenium.devtools.CdpVersionFinder findNearestMatch
WARNING: Unable to find an exact match for CDP version 101, so returning the closest version found: 97
May 18, 2022 8:32:38 AM org.openqa.selenium.devtools.CdpVersionFinder findNearestMatch
INFO: Found CDP implementation for version 101 of 97
]]></system-err>
  </testcase>
  <testcase name="Login scenario #5" classname="Login" time="17.974">
    <system-out><![CDATA[
@DDT
Scenario Outline: Login scenario           &amp#27;[90m# src/test/resources/features/login.feature:21&amp#27;[0m
08:33:08.904 [main] INFO io.cucumber.core.plugin.SerenityReporter - Running feature from file:///D:/PERKULIAHAN/Semester%206,Hebatt%20glad!/Altera/QE_Gladys-Cindana-Asri-Pardosi/Mini-Project/Web/src/test/resources/features/login.feature
08:33:08.955 [main] DEBUG net.thucydides.core.steps.StepInterceptor - STARTING STEP: stepdefinition.iAmOnLoginPage - openUrl
08:33:08.957 [main] INFO net.serenitybdd.core.webdriver.driverproviders.ChromeDriverProvider - Using automatically driver download
08:33:09.129 [main] DEBUG io.github.bonigarcia.wdm.cache.ResolutionCache - Resolution chrome=101 in cache (valid until 09:23:35 18/05/2022 WIB)
08:33:09.129 [AsyncHttpClient-1-1] DEBUG org.asynchttpclient.netty.channel.DefaultChannelPool - Entry count for : http://localhost:60319 : 1
08:33:09.129 [AsyncHttpClient-1-1] DEBUG org.asynchttpclient.netty.channel.DefaultChannelPool - Entry count for : http://localhost:57468 : 1
08:33:09.129 [AsyncHttpClient-1-1] DEBUG org.asynchttpclient.netty.channel.DefaultChannelPool - Adding Candidate expired Channel [id: 0xabcd2949, L:/127.0.0.1:60326 ! R:localhost/127.0.0.1:60319] isIdleTimeoutExpired=false isRemotelyClosed=true isTtlExpired=false
08:33:09.129 [AsyncHttpClient-1-1] DEBUG org.asynchttpclient.netty.channel.DefaultChannelPool - Closing Idle Channel [id: 0xabcd2949, L:/127.0.0.1:60326 ! R:localhost/127.0.0.1:60319]
08:33:09.129 [AsyncHttpClient-1-1] DEBUG org.asynchttpclient.netty.channel.DefaultChannelPool - Adding Candidate expired Channel [id: 0x2c488ae1, L:/127.0.0.1:60317 ! R:localhost/127.0.0.1:57468] isIdleTimeoutExpired=false isRemotelyClosed=true isTtlExpired=false
08:33:09.129 [AsyncHttpClient-1-1] DEBUG org.asynchttpclient.netty.channel.DefaultChannelPool - Closing Idle Channel [id: 0x2c488ae1, L:/127.0.0.1:60317 ! R:localhost/127.0.0.1:57468]
08:33:09.129 [AsyncHttpClient-1-1] DEBUG org.asynchttpclient.netty.channel.DefaultChannelPool - Closed 2 connections out of 2 in 0 ms
08:33:09.137 [main] DEBUG io.github.bonigarcia.wdm.cache.ResolutionCache - Resolution chrome101=101.0.4951.41 in cache (valid until 18:48:44 18/05/2022 WIB)
08:33:09.143 [main] INFO io.github.bonigarcia.wdm.WebDriverManager - Using chromedriver 101.0.4951.41 (resolved driver for Chrome 101)
08:33:09.169 [main] DEBUG io.github.bonigarcia.wdm.WebDriverManager - Driver chromedriver 101.0.4951.41 found in cache
08:33:09.170 [main] INFO io.github.bonigarcia.wdm.WebDriverManager - Exporting webdriver.chrome.driver as C:\Users\ASUS\.cache\selenium\chromedriver\win32\101.0.4951.41\chromedriver.exe
08:33:09.354 [main] DEBUG net.serenitybdd.core.webdriver.driverproviders.ProvideNewDriver - Instantiating driver
08:33:09.354 [main] DEBUG net.serenitybdd.core.webdriver.driverproviders.ProvideNewDriver - Driver capabilities: Capabilities {acceptInsecureCerts: false, base.url: , browserName: chrome, goog:chromeOptions: {args: [], extensions: []}}
08:33:09.902 [AsyncHttpClient-1-14] DEBUG org.asynchttpclient.netty.channel.NettyConnectListener - Using new Channel '[id: 0x4fda49b0, L:/127.0.0.1:60390 - R:localhost/127.0.0.1:53817]' for 'POST' to '/session'
08:33:11.314 [AsyncHttpClient-1-14] DEBUG org.asynchttpclient.netty.handler.HttpHandler - 

Request DefaultHttpRequest(decodeResult: success, version: HTTP/1.1)
POST /session HTTP/1.1
User-Agent: selenium/4.1.2 (java windows)
Content-Length: 457
Content-Type: application/json; charset=utf-8
host: localhost:53817
accept: */*

Response DefaultHttpResponse(decodeResult: success, version: HTTP/1.1)
HTTP/1.1 200 OK
Content-Type: application/json; charset=utf-8
cache-control: no-cache
content-length: 788

08:33:11.315 [AsyncHttpClient-1-14] DEBUG org.asynchttpclient.netty.channel.ChannelManager - Adding key: http://localhost:53817 for channel [id: 0x4fda49b0, L:/127.0.0.1:60390 - R:localhost/127.0.0.1:53817]
08:33:11.337 [AsyncHttpClient-1-1] DEBUG org.asynchttpclient.netty.channel.DefaultChannelPool - Entry count for : http://localhost:53817 : 1
08:33:11.344 [AsyncHttpClient-1-15] DEBUG org.asynchttpclient.netty.channel.NettyConnectListener - Using new Channel '[id: 0x60f02670, L:/127.0.0.1:60397 - R:localhost/127.0.0.1:60391]' for 'GET' to '/json/version'
08:33:11.358 [AsyncHttpClient-1-15] DEBUG org.asynchttpclient.netty.handler.HttpHandler - 

Request DefaultFullHttpRequest(decodeResult: success, version: HTTP/1.1, content: EmptyByteBufBE)
GET /json/version HTTP/1.1
User-Agent: selenium/4.1.2 (java windows)
host: localhost:60391
accept: */*

Response DefaultHttpResponse(decodeResult: success, version: HTTP/1.1)
HTTP/1.1 200 OK
Content-Type: application/json; charset=UTF-8
content-length: 427

08:33:11.358 [AsyncHttpClient-1-15] DEBUG org.asynchttpclient.netty.channel.ChannelManager - Adding key: http://localhost:60391 for channel [id: 0x60f02670, L:/127.0.0.1:60397 - R:localhost/127.0.0.1:60391]
08:33:11.369 [AsyncHttpClient-1-16] DEBUG org.asynchttpclient.netty.channel.NettyConnectListener - Using new Channel '[id: 0x62693211, L:/127.0.0.1:60398 - R:localhost/127.0.0.1:60391]' for 'GET' to '/devtools/browser/50125f37-9e91-4ce2-ae19-b6593a141d16'
08:33:11.387 [AsyncHttpClient-1-16] DEBUG org.asynchttpclient.netty.handler.WebSocketHandler - 

Request DefaultFullHttpRequest(decodeResult: success, version: HTTP/1.1, content: EmptyByteBufBE)
GET /devtools/browser/50125f37-9e91-4ce2-ae19-b6593a141d16 HTTP/1.1
upgrade: websocket
connection: upgrade
sec-websocket-key: kxro8GZpTMXT175Wry4v6g==
sec-websocket-version: 13
origin: http://localhost:60391
host: localhost:60391
accept: */*
user-agent: AHC/2.1

Response DefaultHttpResponse(decodeResult: success, version: HTTP/1.1)
HTTP/1.1 101 WebSocket Protocol Handshake
Upgrade: WebSocket
Connection: Upgrade
Sec-WebSocket-Accept: CE2lzoHFI5PeYqqIXjUvxqek7SI=

08:33:11.397 [Forwarding get on session 21efd31a121c700064a02a1502140f88 to remote] DEBUG org.asynchttpclient.netty.request.NettyRequestSender - Using pooled Channel '[id: 0x4fda49b0, L:/127.0.0.1:60390 - R:localhost/127.0.0.1:53817]' for 'POST' to 'http://localhost:53817/session/21efd31a121c700064a02a1502140f88/url'
08:33:11.397 [Forwarding get on session 21efd31a121c700064a02a1502140f88 to remote] DEBUG org.asynchttpclient.netty.request.NettyRequestSender - Using open Channel [id: 0x4fda49b0, L:/127.0.0.1:60390 - R:localhost/127.0.0.1:53817] for POST '/session/21efd31a121c700064a02a1502140f88/url'
08:33:12.429 [AsyncHttpClient-1-1] DEBUG org.asynchttpclient.netty.channel.DefaultChannelPool - Entry count for : http://localhost:60391 : 1
08:33:13.539 [AsyncHttpClient-1-1] DEBUG org.asynchttpclient.netty.channel.DefaultChannelPool - Entry count for : http://localhost:60391 : 1
08:33:14.637 [AsyncHttpClient-1-1] DEBUG org.asynchttpclient.netty.channel.DefaultChannelPool - Entry count for : http://localhost:60391 : 1
08:33:15.728 [AsyncHttpClient-1-1] DEBUG org.asynchttpclient.netty.channel.DefaultChannelPool - Entry count for : http://localhost:60391 : 1
08:33:16.829 [AsyncHttpClient-1-1] DEBUG org.asynchttpclient.netty.channel.DefaultChannelPool - Entry count for : http://localhost:60391 : 1
08:33:17.930 [AsyncHttpClient-1-1] DEBUG org.asynchttpclient.netty.channel.DefaultChannelPool - Entry count for : http://localhost:60391 : 1
08:33:19.027 [AsyncHttpClient-1-1] DEBUG org.asynchttpclient.netty.channel.DefaultChannelPool - Entry count for : http://localhost:60391 : 1
08:33:20.128 [AsyncHttpClient-1-1] DEBUG org.asynchttpclient.netty.channel.DefaultChannelPool - Entry count for : http://localhost:60391 : 1
08:33:21.237 [AsyncHttpClient-1-1] DEBUG org.asynchttpclient.netty.channel.DefaultChannelPool - Entry count for : http://localhost:60391 : 1
08:33:21.237 [AsyncHttpClient-1-14] DEBUG org.asynchttpclient.netty.handler.HttpHandler - 

Request DefaultHttpRequest(decodeResult: success, version: HTTP/1.1)
POST /session/21efd31a121c700064a02a1502140f88/url HTTP/1.1
User-Agent: selenium/4.1.2 (java windows)
Content-Length: 49
Content-Type: application/json; charset=utf-8
host: localhost:53817
accept: */*

Response DefaultHttpResponse(decodeResult: success, version: HTTP/1.1)
HTTP/1.1 200 OK
Content-Type: application/json; charset=utf-8
cache-control: no-cache
content-length: 14

08:33:21.237 [AsyncHttpClient-1-14] DEBUG org.asynchttpclient.netty.channel.ChannelManager - Adding key: http://localhost:53817 for channel [id: 0x4fda49b0, L:/127.0.0.1:60390 - R:localhost/127.0.0.1:53817]
08:33:21.240 [Forwarding setTimeout on session 21efd31a121c700064a02a1502140f88 to remote] DEBUG org.asynchttpclient.netty.request.NettyRequestSender - Using pooled Channel '[id: 0x4fda49b0, L:/127.0.0.1:60390 - R:localhost/127.0.0.1:53817]' for 'POST' to 'http://localhost:53817/session/21efd31a121c700064a02a1502140f88/timeouts'
08:33:21.240 [Forwarding setTimeout on session 21efd31a121c700064a02a1502140f88 to remote] DEBUG org.asynchttpclient.netty.request.NettyRequestSender - Using open Channel [id: 0x4fda49b0, L:/127.0.0.1:60390 - R:localhost/127.0.0.1:53817] for POST '/session/21efd31a121c700064a02a1502140f88/timeouts'
08:33:21.242 [AsyncHttpClient-1-14] DEBUG org.asynchttpclient.netty.handler.HttpHandler - 

Request DefaultHttpRequest(decodeResult: success, version: HTTP/1.1)
POST /session/21efd31a121c700064a02a1502140f88/timeouts HTTP/1.1
User-Agent: selenium/4.1.2 (java windows)
Content-Length: 22
Content-Type: application/json; charset=utf-8
host: localhost:53817
accept: */*

Response DefaultHttpResponse(decodeResult: success, version: HTTP/1.1)
HTTP/1.1 200 OK
Content-Type: application/json; charset=utf-8
cache-control: no-cache
content-length: 14

08:33:21.242 [AsyncHttpClient-1-14] DEBUG org.asynchttpclient.netty.channel.ChannelManager - Adding key: http://localhost:53817 for channel [id: 0x4fda49b0, L:/127.0.0.1:60390 - R:localhost/127.0.0.1:53817]
08:33:21.247 [Forwarding getCurrentUrl on session 21efd31a121c700064a02a1502140f88 to remote] DEBUG org.asynchttpclient.netty.request.NettyRequestSender - Using pooled Channel '[id: 0x4fda49b0, L:/127.0.0.1:60390 - R:localhost/127.0.0.1:53817]' for 'GET' to 'http://localhost:53817/session/21efd31a121c700064a02a1502140f88/url'
08:33:21.247 [Forwarding getCurrentUrl on session 21efd31a121c700064a02a1502140f88 to remote] DEBUG org.asynchttpclient.netty.request.NettyRequestSender - Using open Channel [id: 0x4fda49b0, L:/127.0.0.1:60390 - R:localhost/127.0.0.1:53817] for GET '/session/21efd31a121c700064a02a1502140f88/url'
08:33:21.255 [AsyncHttpClient-1-14] DEBUG org.asynchttpclient.netty.handler.HttpHandler - 

Request DefaultFullHttpRequest(decodeResult: success, version: HTTP/1.1, content: EmptyByteBufBE)
GET /session/21efd31a121c700064a02a1502140f88/url HTTP/1.1
User-Agent: selenium/4.1.2 (java windows)
Cache-Control: no-cache
Content-Type: application/json; charset=utf-8
host: localhost:53817
accept: */*

Response DefaultHttpResponse(decodeResult: success, version: HTTP/1.1)
HTTP/1.1 200 OK
Content-Type: application/json; charset=utf-8
cache-control: no-cache
content-length: 31

08:33:21.255 [AsyncHttpClient-1-14] DEBUG org.asynchttpclient.netty.channel.ChannelManager - Adding key: http://localhost:53817 for channel [id: 0x4fda49b0, L:/127.0.0.1:60390 - R:localhost/127.0.0.1:53817]
08:33:21.264 [Forwarding screenshot on session 21efd31a121c700064a02a1502140f88 to remote] DEBUG org.asynchttpclient.netty.request.NettyRequestSender - Using pooled Channel '[id: 0x4fda49b0, L:/127.0.0.1:60390 - R:localhost/127.0.0.1:53817]' for 'GET' to 'http://localhost:53817/session/21efd31a121c700064a02a1502140f88/screenshot'
08:33:21.264 [Forwarding screenshot on session 21efd31a121c700064a02a1502140f88 to remote] DEBUG org.asynchttpclient.netty.request.NettyRequestSender - Using open Channel [id: 0x4fda49b0, L:/127.0.0.1:60390 - R:localhost/127.0.0.1:53817] for GET '/session/21efd31a121c700064a02a1502140f88/screenshot'
08:33:22.327 [AsyncHttpClient-1-1] DEBUG org.asynchttpclient.netty.channel.DefaultChannelPool - Entry count for : http://localhost:60391 : 1
08:33:23.321 [AsyncHttpClient-1-14] DEBUG org.asynchttpclient.netty.handler.HttpHandler - 

Request DefaultFullHttpRequest(decodeResult: success, version: HTTP/1.1, content: EmptyByteBufBE)
GET /session/21efd31a121c700064a02a1502140f88/screenshot HTTP/1.1
User-Agent: selenium/4.1.2 (java windows)
Cache-Control: no-cache
Content-Type: application/json; charset=utf-8
host: localhost:53817
accept: */*

Response DefaultHttpResponse(decodeResult: success, version: HTTP/1.1)
HTTP/1.1 200 OK
Content-Type: application/json; charset=utf-8
cache-control: no-cache
content-length: 39280

08:33:23.323 [AsyncHttpClient-1-14] DEBUG org.asynchttpclient.netty.channel.ChannelManager - Adding key: http://localhost:53817 for channel [id: 0x4fda49b0, L:/127.0.0.1:60390 - R:localhost/127.0.0.1:53817]
08:33:23.329 [main] DEBUG net.serenitybdd.core.photography.Darkroom - Send negative for processing for target\site\serenity\2ba96033da425c30417083f48bbf0cfecd40d1bea1cbffd22a467f7c94610427.png
08:33:23.329 [main] DEBUG net.thucydides.core.steps.StepInterceptor - STEP DONE: openUrl
08:33:23.330 [Darkroom Processing Line] DEBUG net.serenitybdd.core.photography.DarkroomProcessingLine - Processing screenshot image in /var/screenshots/screenshot-6219678356779247678
08:33:23.330 [Darkroom Processing Line] DEBUG net.serenitybdd.core.photography.DarkroomProcessingLine - Saving screenshot to target\site\serenity\2ba96033da425c30417083f48bbf0cfecd40d1bea1cbffd22a467f7c94610427.png
08:33:23.344 [main] DEBUG net.thucydides.core.steps.StepInterceptor - STARTING STEP: stepdefinition.iAmOnLoginPage - clickIconLogin
08:33:23.354 [Forwarding findElement on session 21efd31a121c700064a02a1502140f88 to remote] DEBUG org.asynchttpclient.netty.request.NettyRequestSender - Using pooled Channel '[id: 0x4fda49b0, L:/127.0.0.1:60390 - R:localhost/127.0.0.1:53817]' for 'POST' to 'http://localhost:53817/session/21efd31a121c700064a02a1502140f88/element'
08:33:23.354 [Forwarding findElement on session 21efd31a121c700064a02a1502140f88 to remote] DEBUG org.asynchttpclient.netty.request.NettyRequestSender - Using open Channel [id: 0x4fda49b0, L:/127.0.0.1:60390 - R:localhost/127.0.0.1:53817] for POST '/session/21efd31a121c700064a02a1502140f88/element'
08:33:23.393 [AsyncHttpClient-1-14] DEBUG org.asynchttpclient.netty.handler.HttpHandler - 

Request DefaultHttpRequest(decodeResult: success, version: HTTP/1.1)
POST /session/21efd31a121c700064a02a1502140f88/element HTTP/1.1
User-Agent: selenium/4.1.2 (java windows)
Content-Length: 170
Content-Type: application/json; charset=utf-8
host: localhost:53817
accept: */*

Response DefaultHttpResponse(decodeResult: success, version: HTTP/1.1)
HTTP/1.1 200 OK
Content-Type: application/json; charset=utf-8
cache-control: no-cache
content-length: 88

08:33:23.393 [AsyncHttpClient-1-14] DEBUG org.asynchttpclient.netty.channel.ChannelManager - Adding key: http://localhost:53817 for channel [id: 0x4fda49b0, L:/127.0.0.1:60390 - R:localhost/127.0.0.1:53817]
08:33:23.397 [Forwarding getElementTagName on session 21efd31a121c700064a02a1502140f88 to remote] DEBUG org.asynchttpclient.netty.request.NettyRequestSender - Using pooled Channel '[id: 0x4fda49b0, L:/127.0.0.1:60390 - R:localhost/127.0.0.1:53817]' for 'GET' to 'http://localhost:53817/session/21efd31a121c700064a02a1502140f88/element/53f1bd54-5389-4ea4-a665-a7ff6d26864e/name'
08:33:23.397 [Forwarding getElementTagName on session 21efd31a121c700064a02a1502140f88 to remote] DEBUG org.asynchttpclient.netty.request.NettyRequestSender - Using open Channel [id: 0x4fda49b0, L:/127.0.0.1:60390 - R:localhost/127.0.0.1:53817] for GET '/session/21efd31a121c700064a02a1502140f88/element/53f1bd54-5389-4ea4-a665-a7ff6d26864e/name'
08:33:23.405 [AsyncHttpClient-1-14] DEBUG org.asynchttpclient.netty.handler.HttpHandler - 

Request DefaultFullHttpRequest(decodeResult: success, version: HTTP/1.1, content: EmptyByteBufBE)
GET /session/21efd31a121c700064a02a1502140f88/element/53f1bd54-5389-4ea4-a665-a7ff6d26864e/name HTTP/1.1
User-Agent: selenium/4.1.2 (java windows)
Cache-Control: no-cache
Content-Type: application/json; charset=utf-8
host: localhost:53817
accept: */*

Response DefaultHttpResponse(decodeResult: success, version: HTTP/1.1)
HTTP/1.1 200 OK
Content-Type: application/json; charset=utf-8
cache-control: no-cache
content-length: 13

08:33:23.406 [AsyncHttpClient-1-14] DEBUG org.asynchttpclient.netty.channel.ChannelManager - Adding key: http://localhost:53817 for channel [id: 0x4fda49b0, L:/127.0.0.1:60390 - R:localhost/127.0.0.1:53817]
08:33:23.408 [Forwarding getElementTagName on session 21efd31a121c700064a02a1502140f88 to remote] DEBUG org.asynchttpclient.netty.request.NettyRequestSender - Using pooled Channel '[id: 0x4fda49b0, L:/127.0.0.1:60390 - R:localhost/127.0.0.1:53817]' for 'GET' to 'http://localhost:53817/session/21efd31a121c700064a02a1502140f88/element/53f1bd54-5389-4ea4-a665-a7ff6d26864e/name'
08:33:23.409 [Forwarding getElementTagName on session 21efd31a121c700064a02a1502140f88 to remote] DEBUG org.asynchttpclient.netty.request.NettyRequestSender - Using open Channel [id: 0x4fda49b0, L:/127.0.0.1:60390 - R:localhost/127.0.0.1:53817] for GET '/session/21efd31a121c700064a02a1502140f88/element/53f1bd54-5389-4ea4-a665-a7ff6d26864e/name'
08:33:23.416 [AsyncHttpClient-1-14] DEBUG org.asynchttpclient.netty.handler.HttpHandler - 

Request DefaultFullHttpRequest(decodeResult: success, version: HTTP/1.1, content: EmptyByteBufBE)
GET /session/21efd31a121c700064a02a1502140f88/element/53f1bd54-5389-4ea4-a665-a7ff6d26864e/name HTTP/1.1
User-Agent: selenium/4.1.2 (java windows)
Cache-Control: no-cache
Content-Type: application/json; charset=utf-8
host: localhost:53817
accept: */*

Response DefaultHttpResponse(decodeResult: success, version: HTTP/1.1)
HTTP/1.1 200 OK
Content-Type: application/json; charset=utf-8
cache-control: no-cache
content-length: 13

08:33:23.417 [AsyncHttpClient-1-14] DEBUG org.asynchttpclient.netty.channel.ChannelManager - Adding key: http://localhost:53817 for channel [id: 0x4fda49b0, L:/127.0.0.1:60390 - R:localhost/127.0.0.1:53817]
08:33:23.421 [Forwarding findElement on session 21efd31a121c700064a02a1502140f88 to remote] DEBUG org.asynchttpclient.netty.request.NettyRequestSender - Using pooled Channel '[id: 0x4fda49b0, L:/127.0.0.1:60390 - R:localhost/127.0.0.1:53817]' for 'POST' to 'http://localhost:53817/session/21efd31a121c700064a02a1502140f88/element'
08:33:23.421 [Forwarding findElement on session 21efd31a121c700064a02a1502140f88 to remote] DEBUG org.asynchttpclient.netty.request.NettyRequestSender - Using open Channel [id: 0x4fda49b0, L:/127.0.0.1:60390 - R:localhost/127.0.0.1:53817] for POST '/session/21efd31a121c700064a02a1502140f88/element'
08:33:23.429 [AsyncHttpClient-1-1] DEBUG org.asynchttpclient.netty.channel.DefaultChannelPool - Entry count for : http://localhost:60391 : 1
08:33:23.445 [AsyncHttpClient-1-14] DEBUG org.asynchttpclient.netty.handler.HttpHandler - 

Request DefaultHttpRequest(decodeResult: success, version: HTTP/1.1)
POST /session/21efd31a121c700064a02a1502140f88/element HTTP/1.1
User-Agent: selenium/4.1.2 (java windows)
Content-Length: 170
Content-Type: application/json; charset=utf-8
host: localhost:53817
accept: */*

Response DefaultHttpResponse(decodeResult: success, version: HTTP/1.1)
HTTP/1.1 200 OK
Content-Type: application/json; charset=utf-8
cache-control: no-cache
content-length: 88

08:33:23.446 [AsyncHttpClient-1-14] DEBUG org.asynchttpclient.netty.channel.ChannelManager - Adding key: http://localhost:53817 for channel [id: 0x4fda49b0, L:/127.0.0.1:60390 - R:localhost/127.0.0.1:53817]
08:33:23.448 [Forwarding clickElement on session 21efd31a121c700064a02a1502140f88 to remote] DEBUG org.asynchttpclient.netty.request.NettyRequestSender - Using pooled Channel '[id: 0x4fda49b0, L:/127.0.0.1:60390 - R:localhost/127.0.0.1:53817]' for 'POST' to 'http://localhost:53817/session/21efd31a121c700064a02a1502140f88/element/53f1bd54-5389-4ea4-a665-a7ff6d26864e/click'
08:33:23.448 [Forwarding clickElement on session 21efd31a121c700064a02a1502140f88 to remote] DEBUG org.asynchttpclient.netty.request.NettyRequestSender - Using open Channel [id: 0x4fda49b0, L:/127.0.0.1:60390 - R:localhost/127.0.0.1:53817] for POST '/session/21efd31a121c700064a02a1502140f88/element/53f1bd54-5389-4ea4-a665-a7ff6d26864e/click'
08:33:23.534 [AsyncHttpClient-1-14] DEBUG org.asynchttpclient.netty.handler.HttpHandler - 

Request DefaultHttpRequest(decodeResult: success, version: HTTP/1.1)
POST /session/21efd31a121c700064a02a1502140f88/element/53f1bd54-5389-4ea4-a665-a7ff6d26864e/click HTTP/1.1
User-Agent: selenium/4.1.2 (java windows)
Content-Length: 50
Content-Type: application/json; charset=utf-8
host: localhost:53817
accept: */*

Response DefaultHttpResponse(decodeResult: success, version: HTTP/1.1)
HTTP/1.1 200 OK
Content-Type: application/json; charset=utf-8
cache-control: no-cache
content-length: 14

08:33:23.534 [AsyncHttpClient-1-14] DEBUG org.asynchttpclient.netty.channel.ChannelManager - Adding key: http://localhost:53817 for channel [id: 0x4fda49b0, L:/127.0.0.1:60390 - R:localhost/127.0.0.1:53817]
08:33:23.552 [Forwarding screenshot on session 21efd31a121c700064a02a1502140f88 to remote] DEBUG org.asynchttpclient.netty.request.NettyRequestSender - Using pooled Channel '[id: 0x4fda49b0, L:/127.0.0.1:60390 - R:localhost/127.0.0.1:53817]' for 'GET' to 'http://localhost:53817/session/21efd31a121c700064a02a1502140f88/screenshot'
08:33:23.553 [Forwarding screenshot on session 21efd31a121c700064a02a1502140f88 to remote] DEBUG org.asynchttpclient.netty.request.NettyRequestSender - Using open Channel [id: 0x4fda49b0, L:/127.0.0.1:60390 - R:localhost/127.0.0.1:53817] for GET '/session/21efd31a121c700064a02a1502140f88/screenshot'
08:33:24.156 [AsyncHttpClient-1-14] DEBUG org.asynchttpclient.netty.handler.HttpHandler - 

Request DefaultFullHttpRequest(decodeResult: success, version: HTTP/1.1, content: EmptyByteBufBE)
GET /session/21efd31a121c700064a02a1502140f88/screenshot HTTP/1.1
User-Agent: selenium/4.1.2 (java windows)
Cache-Control: no-cache
Content-Type: application/json; charset=utf-8
host: localhost:53817
accept: */*

Response DefaultHttpResponse(decodeResult: success, version: HTTP/1.1)
HTTP/1.1 200 OK
Content-Type: application/json; charset=utf-8
cache-control: no-cache
content-length: 40060

08:33:24.157 [AsyncHttpClient-1-14] DEBUG org.asynchttpclient.netty.channel.ChannelManager - Adding key: http://localhost:53817 for channel [id: 0x4fda49b0, L:/127.0.0.1:60390 - R:localhost/127.0.0.1:53817]
08:33:24.161 [main] DEBUG net.serenitybdd.core.photography.Darkroom - Send negative for processing for target\site\serenity\249d494a5941a22357985fddf8d78303522f4fbc00cc04e646a43ac6a8e26239.png
08:33:24.162 [main] DEBUG net.thucydides.core.steps.StepInterceptor - STEP DONE: clickIconLogin
  &amp#27;[32mGiven &amp#27;[0m&amp#27;[32mi am on login page&amp#27;[0m                 &amp#27;[90m# starter.stepdefinitions.stepdefinition.iAmOnLoginPage()&amp#27;[0m
08:33:24.188 [main] DEBUG net.thucydides.core.steps.StepInterceptor - STARTING STEP: stepdefinition.iInputUsername - inputUsername
08:33:24.195 [Forwarding findElement on session 21efd31a121c700064a02a1502140f88 to remote] DEBUG org.asynchttpclient.netty.request.NettyRequestSender - Using pooled Channel '[id: 0x4fda49b0, L:/127.0.0.1:60390 - R:localhost/127.0.0.1:53817]' for 'POST' to 'http://localhost:53817/session/21efd31a121c700064a02a1502140f88/element'
08:33:24.196 [Forwarding findElement on session 21efd31a121c700064a02a1502140f88 to remote] DEBUG org.asynchttpclient.netty.request.NettyRequestSender - Using open Channel [id: 0x4fda49b0, L:/127.0.0.1:60390 - R:localhost/127.0.0.1:53817] for POST '/session/21efd31a121c700064a02a1502140f88/element'
08:33:24.218 [AsyncHttpClient-1-14] DEBUG org.asynchttpclient.netty.handler.HttpHandler - 

Request DefaultHttpRequest(decodeResult: success, version: HTTP/1.1)
POST /session/21efd31a121c700064a02a1502140f88/element HTTP/1.1
User-Agent: selenium/4.1.2 (java windows)
Content-Length: 86
Content-Type: application/json; charset=utf-8
host: localhost:53817
accept: */*

Response DefaultHttpResponse(decodeResult: success, version: HTTP/1.1)
HTTP/1.1 200 OK
Content-Type: application/json; charset=utf-8
cache-control: no-cache
content-length: 88

08:33:24.219 [AsyncHttpClient-1-14] DEBUG org.asynchttpclient.netty.channel.ChannelManager - Adding key: http://localhost:53817 for channel [id: 0x4fda49b0, L:/127.0.0.1:60390 - R:localhost/127.0.0.1:53817]
08:33:24.222 [Forwarding clearElement on session 21efd31a121c700064a02a1502140f88 to remote] DEBUG org.asynchttpclient.netty.request.NettyRequestSender - Using pooled Channel '[id: 0x4fda49b0, L:/127.0.0.1:60390 - R:localhost/127.0.0.1:53817]' for 'POST' to 'http://localhost:53817/session/21efd31a121c700064a02a1502140f88/element/e17fa4ae-58a3-424f-8251-82bb6f7144ef/clear'
08:33:24.222 [Forwarding clearElement on session 21efd31a121c700064a02a1502140f88 to remote] DEBUG org.asynchttpclient.netty.request.NettyRequestSender - Using open Channel [id: 0x4fda49b0, L:/127.0.0.1:60390 - R:localhost/127.0.0.1:53817] for POST '/session/21efd31a121c700064a02a1502140f88/element/e17fa4ae-58a3-424f-8251-82bb6f7144ef/clear'
08:33:24.279 [AsyncHttpClient-1-14] DEBUG org.asynchttpclient.netty.handler.HttpHandler - 

Request DefaultHttpRequest(decodeResult: success, version: HTTP/1.1)
POST /session/21efd31a121c700064a02a1502140f88/element/e17fa4ae-58a3-424f-8251-82bb6f7144ef/clear HTTP/1.1
User-Agent: selenium/4.1.2 (java windows)
Content-Length: 50
Content-Type: application/json; charset=utf-8
host: localhost:53817
accept: */*

Response DefaultHttpResponse(decodeResult: success, version: HTTP/1.1)
HTTP/1.1 200 OK
Content-Type: application/json; charset=utf-8
cache-control: no-cache
content-length: 14

08:33:24.279 [AsyncHttpClient-1-14] DEBUG org.asynchttpclient.netty.channel.ChannelManager - Adding key: http://localhost:53817 for channel [id: 0x4fda49b0, L:/127.0.0.1:60390 - R:localhost/127.0.0.1:53817]
08:33:24.284 [Forwarding sendKeysToElement on session 21efd31a121c700064a02a1502140f88 to remote] DEBUG org.asynchttpclient.netty.request.NettyRequestSender - Using pooled Channel '[id: 0x4fda49b0, L:/127.0.0.1:60390 - R:localhost/127.0.0.1:53817]' for 'POST' to 'http://localhost:53817/session/21efd31a121c700064a02a1502140f88/element/e17fa4ae-58a3-424f-8251-82bb6f7144ef/value'
08:33:24.284 [Forwarding sendKeysToElement on session 21efd31a121c700064a02a1502140f88 to remote] DEBUG org.asynchttpclient.netty.request.NettyRequestSender - Using open Channel [id: 0x4fda49b0, L:/127.0.0.1:60390 - R:localhost/127.0.0.1:53817] for POST '/session/21efd31a121c700064a02a1502140f88/element/e17fa4ae-58a3-424f-8251-82bb6f7144ef/value'
08:33:24.485 [AsyncHttpClient-1-14] DEBUG org.asynchttpclient.netty.handler.HttpHandler - 

Request DefaultHttpRequest(decodeResult: success, version: HTTP/1.1)
POST /session/21efd31a121c700064a02a1502140f88/element/e17fa4ae-58a3-424f-8251-82bb6f7144ef/value HTTP/1.1
User-Agent: selenium/4.1.2 (java windows)
Content-Length: 241
Content-Type: application/json; charset=utf-8
host: localhost:53817
accept: */*

Response DefaultHttpResponse(decodeResult: success, version: HTTP/1.1)
HTTP/1.1 200 OK
Content-Type: application/json; charset=utf-8
cache-control: no-cache
content-length: 14

08:33:24.485 [AsyncHttpClient-1-14] DEBUG org.asynchttpclient.netty.channel.ChannelManager - Adding key: http://localhost:53817 for channel [id: 0x4fda49b0, L:/127.0.0.1:60390 - R:localhost/127.0.0.1:53817]
08:33:24.493 [Forwarding screenshot on session 21efd31a121c700064a02a1502140f88 to remote] DEBUG org.asynchttpclient.netty.request.NettyRequestSender - Using pooled Channel '[id: 0x4fda49b0, L:/127.0.0.1:60390 - R:localhost/127.0.0.1:53817]' for 'GET' to 'http://localhost:53817/session/21efd31a121c700064a02a1502140f88/screenshot'
08:33:24.493 [Forwarding screenshot on session 21efd31a121c700064a02a1502140f88 to remote] DEBUG org.asynchttpclient.netty.request.NettyRequestSender - Using open Channel [id: 0x4fda49b0, L:/127.0.0.1:60390 - R:localhost/127.0.0.1:53817] for GET '/session/21efd31a121c700064a02a1502140f88/screenshot'
08:33:24.527 [AsyncHttpClient-1-1] DEBUG org.asynchttpclient.netty.channel.DefaultChannelPool - Entry count for : http://localhost:60391 : 1
08:33:24.720 [AsyncHttpClient-1-14] DEBUG org.asynchttpclient.netty.handler.HttpHandler - 

Request DefaultFullHttpRequest(decodeResult: success, version: HTTP/1.1, content: EmptyByteBufBE)
GET /session/21efd31a121c700064a02a1502140f88/screenshot HTTP/1.1
User-Agent: selenium/4.1.2 (java windows)
Cache-Control: no-cache
Content-Type: application/json; charset=utf-8
host: localhost:53817
accept: */*

Response DefaultHttpResponse(decodeResult: success, version: HTTP/1.1)
HTTP/1.1 200 OK
Content-Type: application/json; charset=utf-8
cache-control: no-cache
content-length: 47316

08:33:24.721 [AsyncHttpClient-1-14] DEBUG org.asynchttpclient.netty.channel.ChannelManager - Adding key: http://localhost:53817 for channel [id: 0x4fda49b0, L:/127.0.0.1:60390 - R:localhost/127.0.0.1:53817]
08:33:24.725 [main] DEBUG net.serenitybdd.core.photography.Darkroom - Send negative for processing for target\site\serenity\f47ccc004162238bbcc77ffeab9c198cbd86f6132b30b218d8b037c089c6a586.png
08:33:24.726 [main] DEBUG net.thucydides.core.steps.StepInterceptor - STEP DONE: inputUsername
  &amp#27;[32mWhen &amp#27;[0m&amp#27;[32mi input &amp#27;[0m&amp#27;[32m&amp#27;[1m"gladys@gmail.com"&amp#27;[0m&amp#27;[32m username&amp#27;[0m &amp#27;[90m# starter.stepdefinitions.stepdefinition.iInputUsername(java.lang.String)&amp#27;[0m
08:33:24.729 [Darkroom Processing Line] DEBUG net.serenitybdd.core.photography.DarkroomProcessingLine - Processing screenshot image in /var/screenshots/screenshot-2604415891273328158
08:33:24.729 [Darkroom Processing Line] DEBUG net.serenitybdd.core.photography.DarkroomProcessingLine - Saving screenshot to target\site\serenity\f47ccc004162238bbcc77ffeab9c198cbd86f6132b30b218d8b037c089c6a586.png
08:33:24.759 [main] DEBUG net.thucydides.core.steps.StepInterceptor - STARTING STEP: stepdefinition.iInputPassword - inputPassword
08:33:24.767 [Forwarding findElement on session 21efd31a121c700064a02a1502140f88 to remote] DEBUG org.asynchttpclient.netty.request.NettyRequestSender - Using pooled Channel '[id: 0x4fda49b0, L:/127.0.0.1:60390 - R:localhost/127.0.0.1:53817]' for 'POST' to 'http://localhost:53817/session/21efd31a121c700064a02a1502140f88/element'
08:33:24.767 [Forwarding findElement on session 21efd31a121c700064a02a1502140f88 to remote] DEBUG org.asynchttpclient.netty.request.NettyRequestSender - Using open Channel [id: 0x4fda49b0, L:/127.0.0.1:60390 - R:localhost/127.0.0.1:53817] for POST '/session/21efd31a121c700064a02a1502140f88/element'
08:33:24.786 [AsyncHttpClient-1-14] DEBUG org.asynchttpclient.netty.handler.HttpHandler - 

Request DefaultHttpRequest(decodeResult: success, version: HTTP/1.1)
POST /session/21efd31a121c700064a02a1502140f88/element HTTP/1.1
User-Agent: selenium/4.1.2 (java windows)
Content-Length: 89
Content-Type: application/json; charset=utf-8
host: localhost:53817
accept: */*

Response DefaultHttpResponse(decodeResult: success, version: HTTP/1.1)
HTTP/1.1 200 OK
Content-Type: application/json; charset=utf-8
cache-control: no-cache
content-length: 88

08:33:24.786 [AsyncHttpClient-1-14] DEBUG org.asynchttpclient.netty.channel.ChannelManager - Adding key: http://localhost:53817 for channel [id: 0x4fda49b0, L:/127.0.0.1:60390 - R:localhost/127.0.0.1:53817]
08:33:24.789 [Forwarding clearElement on session 21efd31a121c700064a02a1502140f88 to remote] DEBUG org.asynchttpclient.netty.request.NettyRequestSender - Using pooled Channel '[id: 0x4fda49b0, L:/127.0.0.1:60390 - R:localhost/127.0.0.1:53817]' for 'POST' to 'http://localhost:53817/session/21efd31a121c700064a02a1502140f88/element/e87ce96c-fa4a-487f-a34f-8966e4289c9a/clear'
08:33:24.789 [Forwarding clearElement on session 21efd31a121c700064a02a1502140f88 to remote] DEBUG org.asynchttpclient.netty.request.NettyRequestSender - Using open Channel [id: 0x4fda49b0, L:/127.0.0.1:60390 - R:localhost/127.0.0.1:53817] for POST '/session/21efd31a121c700064a02a1502140f88/element/e87ce96c-fa4a-487f-a34f-8966e4289c9a/clear'
08:33:24.839 [AsyncHttpClient-1-14] DEBUG org.asynchttpclient.netty.handler.HttpHandler - 

Request DefaultHttpRequest(decodeResult: success, version: HTTP/1.1)
POST /session/21efd31a121c700064a02a1502140f88/element/e87ce96c-fa4a-487f-a34f-8966e4289c9a/clear HTTP/1.1
User-Agent: selenium/4.1.2 (java windows)
Content-Length: 50
Content-Type: application/json; charset=utf-8
host: localhost:53817
accept: */*

Response DefaultHttpResponse(decodeResult: success, version: HTTP/1.1)
HTTP/1.1 200 OK
Content-Type: application/json; charset=utf-8
cache-control: no-cache
content-length: 14

08:33:24.840 [AsyncHttpClient-1-14] DEBUG org.asynchttpclient.netty.channel.ChannelManager - Adding key: http://localhost:53817 for channel [id: 0x4fda49b0, L:/127.0.0.1:60390 - R:localhost/127.0.0.1:53817]
08:33:24.846 [Forwarding sendKeysToElement on session 21efd31a121c700064a02a1502140f88 to remote] DEBUG org.asynchttpclient.netty.request.NettyRequestSender - Using pooled Channel '[id: 0x4fda49b0, L:/127.0.0.1:60390 - R:localhost/127.0.0.1:53817]' for 'POST' to 'http://localhost:53817/session/21efd31a121c700064a02a1502140f88/element/e87ce96c-fa4a-487f-a34f-8966e4289c9a/value'
08:33:24.847 [Forwarding sendKeysToElement on session 21efd31a121c700064a02a1502140f88 to remote] DEBUG org.asynchttpclient.netty.request.NettyRequestSender - Using open Channel [id: 0x4fda49b0, L:/127.0.0.1:60390 - R:localhost/127.0.0.1:53817] for POST '/session/21efd31a121c700064a02a1502140f88/element/e87ce96c-fa4a-487f-a34f-8966e4289c9a/value'
08:33:24.969 [AsyncHttpClient-1-14] DEBUG org.asynchttpclient.netty.handler.HttpHandler - 

Request DefaultHttpRequest(decodeResult: success, version: HTTP/1.1)
POST /session/21efd31a121c700064a02a1502140f88/element/e87ce96c-fa4a-487f-a34f-8966e4289c9a/value HTTP/1.1
User-Agent: selenium/4.1.2 (java windows)
Content-Length: 181
Content-Type: application/json; charset=utf-8
host: localhost:53817
accept: */*

Response DefaultHttpResponse(decodeResult: success, version: HTTP/1.1)
HTTP/1.1 200 OK
Content-Type: application/json; charset=utf-8
cache-control: no-cache
content-length: 14

08:33:24.969 [AsyncHttpClient-1-14] DEBUG org.asynchttpclient.netty.channel.ChannelManager - Adding key: http://localhost:53817 for channel [id: 0x4fda49b0, L:/127.0.0.1:60390 - R:localhost/127.0.0.1:53817]
08:33:24.981 [Forwarding screenshot on session 21efd31a121c700064a02a1502140f88 to remote] DEBUG org.asynchttpclient.netty.request.NettyRequestSender - Using pooled Channel '[id: 0x4fda49b0, L:/127.0.0.1:60390 - R:localhost/127.0.0.1:53817]' for 'GET' to 'http://localhost:53817/session/21efd31a121c700064a02a1502140f88/screenshot'
08:33:24.981 [Forwarding screenshot on session 21efd31a121c700064a02a1502140f88 to remote] DEBUG org.asynchttpclient.netty.request.NettyRequestSender - Using open Channel [id: 0x4fda49b0, L:/127.0.0.1:60390 - R:localhost/127.0.0.1:53817] for GET '/session/21efd31a121c700064a02a1502140f88/screenshot'
08:33:25.168 [AsyncHttpClient-1-14] DEBUG org.asynchttpclient.netty.handler.HttpHandler - 

Request DefaultFullHttpRequest(decodeResult: success, version: HTTP/1.1, content: EmptyByteBufBE)
GET /session/21efd31a121c700064a02a1502140f88/screenshot HTTP/1.1
User-Agent: selenium/4.1.2 (java windows)
Cache-Control: no-cache
Content-Type: application/json; charset=utf-8
host: localhost:53817
accept: */*

Response DefaultHttpResponse(decodeResult: success, version: HTTP/1.1)
HTTP/1.1 200 OK
Content-Type: application/json; charset=utf-8
cache-control: no-cache
content-length: 50908

08:33:25.169 [AsyncHttpClient-1-14] DEBUG org.asynchttpclient.netty.channel.ChannelManager - Adding key: http://localhost:53817 for channel [id: 0x4fda49b0, L:/127.0.0.1:60390 - R:localhost/127.0.0.1:53817]
08:33:25.173 [main] DEBUG net.serenitybdd.core.photography.Darkroom - Send negative for processing for target\site\serenity\1cca99677af4494aa45063726f5fbafbdd76932a94418e3f093c6481a3b39444.png
08:33:25.173 [main] DEBUG net.thucydides.core.steps.StepInterceptor - STEP DONE: inputPassword
  &amp#27;[32mAnd &amp#27;[0m&amp#27;[32mi input &amp#27;[0m&amp#27;[32m&amp#27;[1m"gladz1511#"&amp#27;[0m&amp#27;[32m password&amp#27;[0m        &amp#27;[90m# starter.stepdefinitions.stepdefinition.iInputPassword(java.lang.String)&amp#27;[0m
08:33:25.173 [Darkroom Processing Line] DEBUG net.serenitybdd.core.photography.DarkroomProcessingLine - Processing screenshot image in /var/screenshots/screenshot-10652374033465886860
08:33:25.174 [Darkroom Processing Line] DEBUG net.serenitybdd.core.photography.DarkroomProcessingLine - Saving screenshot to target\site\serenity\1cca99677af4494aa45063726f5fbafbdd76932a94418e3f093c6481a3b39444.png
08:33:25.200 [main] DEBUG net.thucydides.core.steps.StepInterceptor - STARTING STEP: stepdefinition.clickLoginButton - clickLogin
08:33:25.206 [Forwarding findElement on session 21efd31a121c700064a02a1502140f88 to remote] DEBUG org.asynchttpclient.netty.request.NettyRequestSender - Using pooled Channel '[id: 0x4fda49b0, L:/127.0.0.1:60390 - R:localhost/127.0.0.1:53817]' for 'POST' to 'http://localhost:53817/session/21efd31a121c700064a02a1502140f88/element'
08:33:25.206 [Forwarding findElement on session 21efd31a121c700064a02a1502140f88 to remote] DEBUG org.asynchttpclient.netty.request.NettyRequestSender - Using open Channel [id: 0x4fda49b0, L:/127.0.0.1:60390 - R:localhost/127.0.0.1:53817] for POST '/session/21efd31a121c700064a02a1502140f88/element'
08:33:25.224 [AsyncHttpClient-1-14] DEBUG org.asynchttpclient.netty.handler.HttpHandler - 

Request DefaultHttpRequest(decodeResult: success, version: HTTP/1.1)
POST /session/21efd31a121c700064a02a1502140f88/element HTTP/1.1
User-Agent: selenium/4.1.2 (java windows)
Content-Length: 72
Content-Type: application/json; charset=utf-8
host: localhost:53817
accept: */*

Response DefaultHttpResponse(decodeResult: success, version: HTTP/1.1)
HTTP/1.1 200 OK
Content-Type: application/json; charset=utf-8
cache-control: no-cache
content-length: 88

08:33:25.224 [AsyncHttpClient-1-14] DEBUG org.asynchttpclient.netty.channel.ChannelManager - Adding key: http://localhost:53817 for channel [id: 0x4fda49b0, L:/127.0.0.1:60390 - R:localhost/127.0.0.1:53817]
08:33:25.228 [Forwarding getElementTagName on session 21efd31a121c700064a02a1502140f88 to remote] DEBUG org.asynchttpclient.netty.request.NettyRequestSender - Using pooled Channel '[id: 0x4fda49b0, L:/127.0.0.1:60390 - R:localhost/127.0.0.1:53817]' for 'GET' to 'http://localhost:53817/session/21efd31a121c700064a02a1502140f88/element/ccb9a0b0-8a99-4770-9a7a-2f7bf249e03d/name'
08:33:25.228 [Forwarding getElementTagName on session 21efd31a121c700064a02a1502140f88 to remote] DEBUG org.asynchttpclient.netty.request.NettyRequestSender - Using open Channel [id: 0x4fda49b0, L:/127.0.0.1:60390 - R:localhost/127.0.0.1:53817] for GET '/session/21efd31a121c700064a02a1502140f88/element/ccb9a0b0-8a99-4770-9a7a-2f7bf249e03d/name'
08:33:25.236 [AsyncHttpClient-1-14] DEBUG org.asynchttpclient.netty.handler.HttpHandler - 

Request DefaultFullHttpRequest(decodeResult: success, version: HTTP/1.1, content: EmptyByteBufBE)
GET /session/21efd31a121c700064a02a1502140f88/element/ccb9a0b0-8a99-4770-9a7a-2f7bf249e03d/name HTTP/1.1
User-Agent: selenium/4.1.2 (java windows)
Cache-Control: no-cache
Content-Type: application/json; charset=utf-8
host: localhost:53817
accept: */*

Response DefaultHttpResponse(decodeResult: success, version: HTTP/1.1)
HTTP/1.1 200 OK
Content-Type: application/json; charset=utf-8
cache-control: no-cache
content-length: 18

08:33:25.237 [AsyncHttpClient-1-14] DEBUG org.asynchttpclient.netty.channel.ChannelManager - Adding key: http://localhost:53817 for channel [id: 0x4fda49b0, L:/127.0.0.1:60390 - R:localhost/127.0.0.1:53817]
08:33:25.239 [Forwarding getElementTagName on session 21efd31a121c700064a02a1502140f88 to remote] DEBUG org.asynchttpclient.netty.request.NettyRequestSender - Using pooled Channel '[id: 0x4fda49b0, L:/127.0.0.1:60390 - R:localhost/127.0.0.1:53817]' for 'GET' to 'http://localhost:53817/session/21efd31a121c700064a02a1502140f88/element/ccb9a0b0-8a99-4770-9a7a-2f7bf249e03d/name'
08:33:25.240 [Forwarding getElementTagName on session 21efd31a121c700064a02a1502140f88 to remote] DEBUG org.asynchttpclient.netty.request.NettyRequestSender - Using open Channel [id: 0x4fda49b0, L:/127.0.0.1:60390 - R:localhost/127.0.0.1:53817] for GET '/session/21efd31a121c700064a02a1502140f88/element/ccb9a0b0-8a99-4770-9a7a-2f7bf249e03d/name'
08:33:25.250 [AsyncHttpClient-1-14] DEBUG org.asynchttpclient.netty.handler.HttpHandler - 

Request DefaultFullHttpRequest(decodeResult: success, version: HTTP/1.1, content: EmptyByteBufBE)
GET /session/21efd31a121c700064a02a1502140f88/element/ccb9a0b0-8a99-4770-9a7a-2f7bf249e03d/name HTTP/1.1
User-Agent: selenium/4.1.2 (java windows)
Cache-Control: no-cache
Content-Type: application/json; charset=utf-8
host: localhost:53817
accept: */*

Response DefaultHttpResponse(decodeResult: success, version: HTTP/1.1)
HTTP/1.1 200 OK
Content-Type: application/json; charset=utf-8
cache-control: no-cache
content-length: 18

08:33:25.251 [AsyncHttpClient-1-14] DEBUG org.asynchttpclient.netty.channel.ChannelManager - Adding key: http://localhost:53817 for channel [id: 0x4fda49b0, L:/127.0.0.1:60390 - R:localhost/127.0.0.1:53817]
08:33:25.255 [Forwarding isElementEnabled on session 21efd31a121c700064a02a1502140f88 to remote] DEBUG org.asynchttpclient.netty.request.NettyRequestSender - Using pooled Channel '[id: 0x4fda49b0, L:/127.0.0.1:60390 - R:localhost/127.0.0.1:53817]' for 'GET' to 'http://localhost:53817/session/21efd31a121c700064a02a1502140f88/element/ccb9a0b0-8a99-4770-9a7a-2f7bf249e03d/enabled'
08:33:25.255 [Forwarding isElementEnabled on session 21efd31a121c700064a02a1502140f88 to remote] DEBUG org.asynchttpclient.netty.request.NettyRequestSender - Using open Channel [id: 0x4fda49b0, L:/127.0.0.1:60390 - R:localhost/127.0.0.1:53817] for GET '/session/21efd31a121c700064a02a1502140f88/element/ccb9a0b0-8a99-4770-9a7a-2f7bf249e03d/enabled'
08:33:25.269 [AsyncHttpClient-1-14] DEBUG org.asynchttpclient.netty.handler.HttpHandler - 

Request DefaultFullHttpRequest(decodeResult: success, version: HTTP/1.1, content: EmptyByteBufBE)
GET /session/21efd31a121c700064a02a1502140f88/element/ccb9a0b0-8a99-4770-9a7a-2f7bf249e03d/enabled HTTP/1.1
User-Agent: selenium/4.1.2 (java windows)
Cache-Control: no-cache
Content-Type: application/json; charset=utf-8
host: localhost:53817
accept: */*

Response DefaultHttpResponse(decodeResult: success, version: HTTP/1.1)
HTTP/1.1 200 OK
Content-Type: application/json; charset=utf-8
cache-control: no-cache
content-length: 14

08:33:25.270 [AsyncHttpClient-1-14] DEBUG org.asynchttpclient.netty.channel.ChannelManager - Adding key: http://localhost:53817 for channel [id: 0x4fda49b0, L:/127.0.0.1:60390 - R:localhost/127.0.0.1:53817]
08:33:25.272 [Forwarding isElementEnabled on session 21efd31a121c700064a02a1502140f88 to remote] DEBUG org.asynchttpclient.netty.request.NettyRequestSender - Using pooled Channel '[id: 0x4fda49b0, L:/127.0.0.1:60390 - R:localhost/127.0.0.1:53817]' for 'GET' to 'http://localhost:53817/session/21efd31a121c700064a02a1502140f88/element/ccb9a0b0-8a99-4770-9a7a-2f7bf249e03d/enabled'
08:33:25.272 [Forwarding isElementEnabled on session 21efd31a121c700064a02a1502140f88 to remote] DEBUG org.asynchttpclient.netty.request.NettyRequestSender - Using open Channel [id: 0x4fda49b0, L:/127.0.0.1:60390 - R:localhost/127.0.0.1:53817] for GET '/session/21efd31a121c700064a02a1502140f88/element/ccb9a0b0-8a99-4770-9a7a-2f7bf249e03d/enabled'
08:33:25.281 [AsyncHttpClient-1-14] DEBUG org.asynchttpclient.netty.handler.HttpHandler - 

Request DefaultFullHttpRequest(decodeResult: success, version: HTTP/1.1, content: EmptyByteBufBE)
GET /session/21efd31a121c700064a02a1502140f88/element/ccb9a0b0-8a99-4770-9a7a-2f7bf249e03d/enabled HTTP/1.1
User-Agent: selenium/4.1.2 (java windows)
Cache-Control: no-cache
Content-Type: application/json; charset=utf-8
host: localhost:53817
accept: */*

Response DefaultHttpResponse(decodeResult: success, version: HTTP/1.1)
HTTP/1.1 200 OK
Content-Type: application/json; charset=utf-8
cache-control: no-cache
content-length: 14

08:33:25.282 [AsyncHttpClient-1-14] DEBUG org.asynchttpclient.netty.channel.ChannelManager - Adding key: http://localhost:53817 for channel [id: 0x4fda49b0, L:/127.0.0.1:60390 - R:localhost/127.0.0.1:53817]
08:33:25.286 [Forwarding findElement on session 21efd31a121c700064a02a1502140f88 to remote] DEBUG org.asynchttpclient.netty.request.NettyRequestSender - Using pooled Channel '[id: 0x4fda49b0, L:/127.0.0.1:60390 - R:localhost/127.0.0.1:53817]' for 'POST' to 'http://localhost:53817/session/21efd31a121c700064a02a1502140f88/element'
08:33:25.286 [Forwarding findElement on session 21efd31a121c700064a02a1502140f88 to remote] DEBUG org.asynchttpclient.netty.request.NettyRequestSender - Using open Channel [id: 0x4fda49b0, L:/127.0.0.1:60390 - R:localhost/127.0.0.1:53817] for POST '/session/21efd31a121c700064a02a1502140f88/element'
08:33:25.298 [AsyncHttpClient-1-14] DEBUG org.asynchttpclient.netty.handler.HttpHandler - 

Request DefaultHttpRequest(decodeResult: success, version: HTTP/1.1)
POST /session/21efd31a121c700064a02a1502140f88/element HTTP/1.1
User-Agent: selenium/4.1.2 (java windows)
Content-Length: 72
Content-Type: application/json; charset=utf-8
host: localhost:53817
accept: */*

Response DefaultHttpResponse(decodeResult: success, version: HTTP/1.1)
HTTP/1.1 200 OK
Content-Type: application/json; charset=utf-8
cache-control: no-cache
content-length: 88

08:33:25.298 [AsyncHttpClient-1-14] DEBUG org.asynchttpclient.netty.channel.ChannelManager - Adding key: http://localhost:53817 for channel [id: 0x4fda49b0, L:/127.0.0.1:60390 - R:localhost/127.0.0.1:53817]
08:33:25.301 [Forwarding clickElement on session 21efd31a121c700064a02a1502140f88 to remote] DEBUG org.asynchttpclient.netty.request.NettyRequestSender - Using pooled Channel '[id: 0x4fda49b0, L:/127.0.0.1:60390 - R:localhost/127.0.0.1:53817]' for 'POST' to 'http://localhost:53817/session/21efd31a121c700064a02a1502140f88/element/ccb9a0b0-8a99-4770-9a7a-2f7bf249e03d/click'
08:33:25.301 [Forwarding clickElement on session 21efd31a121c700064a02a1502140f88 to remote] DEBUG org.asynchttpclient.netty.request.NettyRequestSender - Using open Channel [id: 0x4fda49b0, L:/127.0.0.1:60390 - R:localhost/127.0.0.1:53817] for POST '/session/21efd31a121c700064a02a1502140f88/element/ccb9a0b0-8a99-4770-9a7a-2f7bf249e03d/click'
08:33:25.367 [AsyncHttpClient-1-14] DEBUG org.asynchttpclient.netty.handler.HttpHandler - 

Request DefaultHttpRequest(decodeResult: success, version: HTTP/1.1)
POST /session/21efd31a121c700064a02a1502140f88/element/ccb9a0b0-8a99-4770-9a7a-2f7bf249e03d/click HTTP/1.1
User-Agent: selenium/4.1.2 (java windows)
Content-Length: 50
Content-Type: application/json; charset=utf-8
host: localhost:53817
accept: */*

Response DefaultHttpResponse(decodeResult: success, version: HTTP/1.1)
HTTP/1.1 200 OK
Content-Type: application/json; charset=utf-8
cache-control: no-cache
content-length: 14

08:33:25.368 [AsyncHttpClient-1-14] DEBUG org.asynchttpclient.netty.channel.ChannelManager - Adding key: http://localhost:53817 for channel [id: 0x4fda49b0, L:/127.0.0.1:60390 - R:localhost/127.0.0.1:53817]
08:33:25.376 [Forwarding screenshot on session 21efd31a121c700064a02a1502140f88 to remote] DEBUG org.asynchttpclient.netty.request.NettyRequestSender - Using pooled Channel '[id: 0x4fda49b0, L:/127.0.0.1:60390 - R:localhost/127.0.0.1:53817]' for 'GET' to 'http://localhost:53817/session/21efd31a121c700064a02a1502140f88/screenshot'
08:33:25.376 [Forwarding screenshot on session 21efd31a121c700064a02a1502140f88 to remote] DEBUG org.asynchttpclient.netty.request.NettyRequestSender - Using open Channel [id: 0x4fda49b0, L:/127.0.0.1:60390 - R:localhost/127.0.0.1:53817] for GET '/session/21efd31a121c700064a02a1502140f88/screenshot'
08:33:25.632 [AsyncHttpClient-1-1] DEBUG org.asynchttpclient.netty.channel.DefaultChannelPool - Entry count for : http://localhost:60391 : 1
08:33:25.650 [AsyncHttpClient-1-14] DEBUG org.asynchttpclient.netty.handler.HttpHandler - 

Request DefaultFullHttpRequest(decodeResult: success, version: HTTP/1.1, content: EmptyByteBufBE)
GET /session/21efd31a121c700064a02a1502140f88/screenshot HTTP/1.1
User-Agent: selenium/4.1.2 (java windows)
Cache-Control: no-cache
Content-Type: application/json; charset=utf-8
host: localhost:53817
accept: */*

Response DefaultHttpResponse(decodeResult: success, version: HTTP/1.1)
HTTP/1.1 200 OK
Content-Type: application/json; charset=utf-8
cache-control: no-cache
content-length: 50312

08:33:25.652 [AsyncHttpClient-1-14] DEBUG org.asynchttpclient.netty.channel.ChannelManager - Adding key: http://localhost:53817 for channel [id: 0x4fda49b0, L:/127.0.0.1:60390 - R:localhost/127.0.0.1:53817]
08:33:25.656 [main] DEBUG net.serenitybdd.core.photography.Darkroom - Send negative for processing for target\site\serenity\c8039a00afb0470cceb9cd67233dac2408adb1be1e8f5933638a2f63f7cbaf87.png
08:33:25.657 [main] DEBUG net.thucydides.core.steps.StepInterceptor - STEP DONE: clickLogin
08:33:25.657 [Darkroom Processing Line] DEBUG net.serenitybdd.core.photography.DarkroomProcessingLine - Processing screenshot image in /var/screenshots/screenshot-12858480439478181716
08:33:25.657 [Darkroom Processing Line] DEBUG net.serenitybdd.core.photography.DarkroomProcessingLine - Saving screenshot to target\site\serenity\c8039a00afb0470cceb9cd67233dac2408adb1be1e8f5933638a2f63f7cbaf87.png
  &amp#27;[32mAnd &amp#27;[0m&amp#27;[32mclick login button&amp#27;[0m                   &amp#27;[90m# starter.stepdefinitions.stepdefinition.clickLoginButton()&amp#27;[0m
08:33:25.687 [main] DEBUG net.thucydides.core.steps.StepInterceptor - STARTING STEP: stepdefinition.iGetThe - validateLoginApp
08:33:25.693 [Forwarding findElement on session 21efd31a121c700064a02a1502140f88 to remote] DEBUG org.asynchttpclient.netty.request.NettyRequestSender - Using pooled Channel '[id: 0x4fda49b0, L:/127.0.0.1:60390 - R:localhost/127.0.0.1:53817]' for 'POST' to 'http://localhost:53817/session/21efd31a121c700064a02a1502140f88/element'
08:33:25.693 [Forwarding findElement on session 21efd31a121c700064a02a1502140f88 to remote] DEBUG org.asynchttpclient.netty.request.NettyRequestSender - Using open Channel [id: 0x4fda49b0, L:/127.0.0.1:60390 - R:localhost/127.0.0.1:53817] for POST '/session/21efd31a121c700064a02a1502140f88/element'
08:33:25.700 [AsyncHttpClient-1-14] DEBUG org.asynchttpclient.netty.handler.HttpHandler - 

Request DefaultHttpRequest(decodeResult: success, version: HTTP/1.1)
POST /session/21efd31a121c700064a02a1502140f88/element HTTP/1.1
User-Agent: selenium/4.1.2 (java windows)
Content-Length: 50
Content-Type: application/json; charset=utf-8
host: localhost:53817
accept: */*

Response DefaultHttpResponse(decodeResult: success, version: HTTP/1.1)
HTTP/1.1 400 Bad Request
Content-Type: application/json; charset=utf-8
cache-control: no-cache
content-length: 957

08:33:25.701 [AsyncHttpClient-1-14] DEBUG org.asynchttpclient.netty.channel.ChannelManager - Adding key: http://localhost:53817 for channel [id: 0x4fda49b0, L:/127.0.0.1:60390 - R:localhost/127.0.0.1:53817]
08:33:25.705 [Forwarding findElement on session 21efd31a121c700064a02a1502140f88 to remote] DEBUG org.asynchttpclient.netty.request.NettyRequestSender - Using pooled Channel '[id: 0x4fda49b0, L:/127.0.0.1:60390 - R:localhost/127.0.0.1:53817]' for 'POST' to 'http://localhost:53817/session/21efd31a121c700064a02a1502140f88/element'
08:33:25.706 [Forwarding findElement on session 21efd31a121c700064a02a1502140f88 to remote] DEBUG org.asynchttpclient.netty.request.NettyRequestSender - Using open Channel [id: 0x4fda49b0, L:/127.0.0.1:60390 - R:localhost/127.0.0.1:53817] for POST '/session/21efd31a121c700064a02a1502140f88/element'
08:33:25.729 [AsyncHttpClient-1-14] DEBUG org.asynchttpclient.netty.handler.HttpHandler - 

Request DefaultHttpRequest(decodeResult: success, version: HTTP/1.1)
POST /session/21efd31a121c700064a02a1502140f88/element HTTP/1.1
User-Agent: selenium/4.1.2 (java windows)
Content-Length: 60
Content-Type: application/json; charset=utf-8
host: localhost:53817
accept: */*

Response DefaultHttpResponse(decodeResult: success, version: HTTP/1.1)
HTTP/1.1 200 OK
Content-Type: application/json; charset=utf-8
cache-control: no-cache
content-length: 88

08:33:25.729 [AsyncHttpClient-1-14] DEBUG org.asynchttpclient.netty.channel.ChannelManager - Adding key: http://localhost:53817 for channel [id: 0x4fda49b0, L:/127.0.0.1:60390 - R:localhost/127.0.0.1:53817]
08:33:25.740 [Forwarding isElementDisplayed on session 21efd31a121c700064a02a1502140f88 to remote] DEBUG org.asynchttpclient.netty.request.NettyRequestSender - Using pooled Channel '[id: 0x4fda49b0, L:/127.0.0.1:60390 - R:localhost/127.0.0.1:53817]' for 'POST' to 'http://localhost:53817/session/21efd31a121c700064a02a1502140f88/execute/sync'
08:33:25.740 [Forwarding isElementDisplayed on session 21efd31a121c700064a02a1502140f88 to remote] DEBUG org.asynchttpclient.netty.request.NettyRequestSender - Using open Channel [id: 0x4fda49b0, L:/127.0.0.1:60390 - R:localhost/127.0.0.1:53817] for POST '/session/21efd31a121c700064a02a1502140f88/execute/sync'
08:33:25.766 [AsyncHttpClient-1-14] DEBUG org.asynchttpclient.netty.handler.HttpHandler - 

Request DefaultHttpRequest(decodeResult: success, version: HTTP/1.1)
POST /session/21efd31a121c700064a02a1502140f88/execute/sync HTTP/1.1
User-Agent: selenium/4.1.2 (java windows)
Content-Length: 48780
Content-Type: application/json; charset=utf-8
host: localhost:53817
accept: */*

Response DefaultHttpResponse(decodeResult: success, version: HTTP/1.1)
HTTP/1.1 200 OK
Content-Type: application/json; charset=utf-8
cache-control: no-cache
content-length: 14

08:33:25.767 [AsyncHttpClient-1-14] DEBUG org.asynchttpclient.netty.channel.ChannelManager - Adding key: http://localhost:53817 for channel [id: 0x4fda49b0, L:/127.0.0.1:60390 - R:localhost/127.0.0.1:53817]
08:33:25.777 [Forwarding screenshot on session 21efd31a121c700064a02a1502140f88 to remote] DEBUG org.asynchttpclient.netty.request.NettyRequestSender - Using pooled Channel '[id: 0x4fda49b0, L:/127.0.0.1:60390 - R:localhost/127.0.0.1:53817]' for 'GET' to 'http://localhost:53817/session/21efd31a121c700064a02a1502140f88/screenshot'
08:33:25.778 [Forwarding screenshot on session 21efd31a121c700064a02a1502140f88 to remote] DEBUG org.asynchttpclient.netty.request.NettyRequestSender - Using open Channel [id: 0x4fda49b0, L:/127.0.0.1:60390 - R:localhost/127.0.0.1:53817] for GET '/session/21efd31a121c700064a02a1502140f88/screenshot'
08:33:25.995 [AsyncHttpClient-1-14] DEBUG org.asynchttpclient.netty.handler.HttpHandler - 

Request DefaultFullHttpRequest(decodeResult: success, version: HTTP/1.1, content: EmptyByteBufBE)
GET /session/21efd31a121c700064a02a1502140f88/screenshot HTTP/1.1
User-Agent: selenium/4.1.2 (java windows)
Cache-Control: no-cache
Content-Type: application/json; charset=utf-8
host: localhost:53817
accept: */*

Response DefaultHttpResponse(decodeResult: success, version: HTTP/1.1)
HTTP/1.1 200 OK
Content-Type: application/json; charset=utf-8
cache-control: no-cache
content-length: 58308

08:33:25.995 [AsyncHttpClient-1-14] DEBUG org.asynchttpclient.netty.channel.ChannelManager - Adding key: http://localhost:53817 for channel [id: 0x4fda49b0, L:/127.0.0.1:60390 - R:localhost/127.0.0.1:53817]
08:33:25.998 [main] DEBUG net.serenitybdd.core.photography.Darkroom - Send negative for processing for target\site\serenity\7a9b1ef8213a38871e38635f4cf29bb003cb300019f1d2a4cb6afc0cdcbef51c.png
08:33:25.999 [main] DEBUG net.thucydides.core.steps.StepInterceptor - STEP DONE: validateLoginApp
08:33:25.999 [Darkroom Processing Line] DEBUG net.serenitybdd.core.photography.DarkroomProcessingLine - Processing screenshot image in /var/screenshots/screenshot-16388459261453694467
08:33:25.999 [Darkroom Processing Line] DEBUG net.serenitybdd.core.photography.DarkroomProcessingLine - Saving screenshot to target\site\serenity\7a9b1ef8213a38871e38635f4cf29bb003cb300019f1d2a4cb6afc0cdcbef51c.png
08:33:26.008 [main] DEBUG net.thucydides.core.steps.StepInterceptor - STARTING STEP: stepdefinition.iGetThe - displayErrorMessage
08:33:26.012 [main] DEBUG net.thucydides.core.steps.StepInterceptor - STEP DONE: displayErrorMessage
  &amp#27;[32mThen &amp#27;[0m&amp#27;[32mi get the &amp#27;[0m&amp#27;[32m&amp#27;[1m"Login Page"&amp#27;[0m              &amp#27;[90m# starter.stepdefinitions.stepdefinition.iGetThe(java.lang.String)&amp#27;[0m
08:33:26.027 [AsyncHttpClient-1-16] DEBUG org.asynchttpclient.netty.handler.WebSocketHandler - Channel Closed: [id: 0x62693211, L:/127.0.0.1:60398 ! R:localhost/127.0.0.1:60391] with attribute NettyResponseFuture{currentRetry=5,
	isDone=1,
	isCancelled=0,
	asyncHandler=org.asynchttpclient.ws.WebSocketUpgradeHandler@7a13c037,
	nettyRequest=org.asynchttpclient.netty.request.NettyRequest@3f115111,
	future=java.util.concurrent.CompletableFuture@128d6427[Completed normally],
	uri=ws://localhost:60391/devtools/browser/50125f37-9e91-4ce2-ae19-b6593a141d16,
	keepAlive=true,
	redirectCount=0,
	timeoutsHolder=null,
	inAuth=0,
	touch=1652837591388}
08:33:26.028 [AsyncHttpClient-1-16] DEBUG org.asynchttpclient.netty.channel.ChannelManager - Closing Channel [id: 0x62693211, L:/127.0.0.1:60398 ! R:localhost/127.0.0.1:60391] 
08:33:26.028 [Driver Command Executor] DEBUG org.asynchttpclient.netty.request.NettyRequestSender - Using pooled Channel '[id: 0x4fda49b0, L:/127.0.0.1:60390 - R:localhost/127.0.0.1:53817]' for 'DELETE' to 'http://localhost:53817/session/21efd31a121c700064a02a1502140f88'
08:33:26.028 [Driver Command Executor] DEBUG org.asynchttpclient.netty.request.NettyRequestSender - Using open Channel [id: 0x4fda49b0, L:/127.0.0.1:60390 - R:localhost/127.0.0.1:53817] for DELETE '/session/21efd31a121c700064a02a1502140f88'
08:33:26.102 [AsyncHttpClient-1-15] DEBUG org.asynchttpclient.netty.handler.HttpHandler - Unexpected I/O exception on channel [id: 0x60f02670, L:/127.0.0.1:60397 - R:localhost/127.0.0.1:60391]
java.net.SocketException: Connection reset
	at java.base/sun.nio.ch.SocketChannelImpl.throwConnectionReset(SocketChannelImpl.java:367)
	at java.base/sun.nio.ch.SocketChannelImpl.read(SocketChannelImpl.java:398)
	at io.netty.buffer.PooledByteBuf.setBytes(PooledByteBuf.java:258)
	at io.netty.buffer.AbstractByteBuf.writeBytes(AbstractByteBuf.java:1132)
	at io.netty.channel.socket.nio.NioSocketChannel.doReadBytes(NioSocketChannel.java:350)
	at io.netty.channel.nio.AbstractNioByteChannel$NioByteUnsafe.read(AbstractNioByteChannel.java:151)
	at io.netty.channel.nio.NioEventLoop.processSelectedKey(NioEventLoop.java:722)
	at io.netty.channel.nio.NioEventLoop.processSelectedKeysOptimized(NioEventLoop.java:658)
	at io.netty.channel.nio.NioEventLoop.processSelectedKeys(NioEventLoop.java:584)
	at io.netty.channel.nio.NioEventLoop.run(NioEventLoop.java:496)
	at io.netty.util.concurrent.SingleThreadEventExecutor$4.run(SingleThreadEventExecutor.java:986)
	at io.netty.util.internal.ThreadExecutorMap$2.run(ThreadExecutorMap.java:74)
	at io.netty.util.concurrent.FastThreadLocalRunnable.run(FastThreadLocalRunnable.java:30)
	at java.base/java.lang.Thread.run(Thread.java:832)
08:33:26.103 [AsyncHttpClient-1-15] DEBUG org.asynchttpclient.netty.channel.ChannelManager - Closing Channel [id: 0x60f02670, L:/127.0.0.1:60397 - R:localhost/127.0.0.1:60391] 
08:33:26.103 [AsyncHttpClient-1-15] DEBUG org.asynchttpclient.netty.handler.HttpHandler - Channel Closed: [id: 0x60f02670, L:/127.0.0.1:60397 ! R:localhost/127.0.0.1:60391] with attribute DISCARD
08:33:26.154 [AsyncHttpClient-1-14] DEBUG org.asynchttpclient.netty.handler.HttpHandler - 

Request DefaultFullHttpRequest(decodeResult: success, version: HTTP/1.1, content: EmptyByteBufBE)
DELETE /session/21efd31a121c700064a02a1502140f88 HTTP/1.1
User-Agent: selenium/4.1.2 (java windows)
Content-Type: application/json; charset=utf-8
host: localhost:53817
accept: */*

Response DefaultHttpResponse(decodeResult: success, version: HTTP/1.1)
HTTP/1.1 200 OK
Content-Type: application/json; charset=utf-8
cache-control: no-cache
content-length: 14

08:33:26.155 [AsyncHttpClient-1-14] DEBUG org.asynchttpclient.netty.channel.ChannelManager - Adding key: http://localhost:53817 for channel [id: 0x4fda49b0, L:/127.0.0.1:60390 - R:localhost/127.0.0.1:53817]
08:33:26.337 [AsyncHttpClient-1-14] DEBUG org.asynchttpclient.netty.handler.HttpHandler - Channel Closed: [id: 0x4fda49b0, L:/127.0.0.1:60390 ! R:localhost/127.0.0.1:53817] with attribute DISCARD
08:33:26.730 [AsyncHttpClient-1-1] DEBUG org.asynchttpclient.netty.channel.DefaultChannelPool - Entry count for : http://localhost:53817 : 1
08:33:26.730 [AsyncHttpClient-1-1] DEBUG org.asynchttpclient.netty.channel.DefaultChannelPool - Entry count for : http://localhost:60391 : 1
08:33:26.730 [AsyncHttpClient-1-1] DEBUG org.asynchttpclient.netty.channel.DefaultChannelPool - Adding Candidate expired Channel [id: 0x4fda49b0, L:/127.0.0.1:60390 ! R:localhost/127.0.0.1:53817] isIdleTimeoutExpired=false isRemotelyClosed=true isTtlExpired=false
08:33:26.730 [AsyncHttpClient-1-1] DEBUG org.asynchttpclient.netty.channel.DefaultChannelPool - Closing Idle Channel [id: 0x4fda49b0, L:/127.0.0.1:60390 ! R:localhost/127.0.0.1:53817]
08:33:26.730 [AsyncHttpClient-1-1] DEBUG org.asynchttpclient.netty.channel.DefaultChannelPool - Adding Candidate expired Channel [id: 0x60f02670, L:/127.0.0.1:60397 ! R:localhost/127.0.0.1:60391] isIdleTimeoutExpired=false isRemotelyClosed=true isTtlExpired=false
08:33:26.730 [AsyncHttpClient-1-1] DEBUG org.asynchttpclient.netty.channel.DefaultChannelPool - Closing Idle Channel [id: 0x60f02670, L:/127.0.0.1:60397 ! R:localhost/127.0.0.1:60391]
08:33:26.730 [AsyncHttpClient-1-1] DEBUG org.asynchttpclient.netty.channel.DefaultChannelPool - Closed 2 connections out of 2 in 0 ms
]]></system-out>
    <system-err><![CDATA[Starting ChromeDriver 101.0.4951.41 (93c720db8323b3ec10d056025ab95c23a31997c9-refs/branch-heads/4951@{#904}) on port 53817
Only local connections are allowed.
Please see https://chromedriver.chromium.org/security-considerations for suggestions on keeping ChromeDriver safe.
ChromeDriver was started successfully.
May 18, 2022 8:33:11 AM org.openqa.selenium.remote.ProtocolHandshake createSession
INFO: Detected dialect: W3C
May 18, 2022 8:33:11 AM org.openqa.selenium.devtools.CdpVersionFinder findNearestMatch
WARNING: Unable to find an exact match for CDP version 101, so returning the closest version found: 97
May 18, 2022 8:33:11 AM org.openqa.selenium.devtools.CdpVersionFinder findNearestMatch
INFO: Found CDP implementation for version 101 of 97
]]></system-err>
  </testcase>
  <testcase name="Login scenario #6" classname="Login" time="12.044">
    <system-out><![CDATA[
@DDT
Scenario Outline: Login scenario         &amp#27;[90m# src/test/resources/features/login.feature:22&amp#27;[0m
08:33:26.880 [main] INFO io.cucumber.core.plugin.SerenityReporter - Running feature from file:///D:/PERKULIAHAN/Semester%206,Hebatt%20glad!/Altera/QE_Gladys-Cindana-Asri-Pardosi/Mini-Project/Web/src/test/resources/features/login.feature
08:33:26.918 [main] DEBUG net.thucydides.core.steps.StepInterceptor - STARTING STEP: stepdefinition.iAmOnLoginPage - openUrl
08:33:26.920 [main] INFO net.serenitybdd.core.webdriver.driverproviders.ChromeDriverProvider - Using automatically driver download
08:33:27.084 [main] DEBUG io.github.bonigarcia.wdm.cache.ResolutionCache - Resolution chrome=101 in cache (valid until 09:23:35 18/05/2022 WIB)
08:33:27.091 [main] DEBUG io.github.bonigarcia.wdm.cache.ResolutionCache - Resolution chrome101=101.0.4951.41 in cache (valid until 18:48:44 18/05/2022 WIB)
08:33:27.095 [main] INFO io.github.bonigarcia.wdm.WebDriverManager - Using chromedriver 101.0.4951.41 (resolved driver for Chrome 101)
08:33:27.118 [main] DEBUG io.github.bonigarcia.wdm.WebDriverManager - Driver chromedriver 101.0.4951.41 found in cache
08:33:27.119 [main] INFO io.github.bonigarcia.wdm.WebDriverManager - Exporting webdriver.chrome.driver as C:\Users\ASUS\.cache\selenium\chromedriver\win32\101.0.4951.41\chromedriver.exe
08:33:27.276 [main] DEBUG net.serenitybdd.core.webdriver.driverproviders.ProvideNewDriver - Instantiating driver
08:33:27.276 [main] DEBUG net.serenitybdd.core.webdriver.driverproviders.ProvideNewDriver - Driver capabilities: Capabilities {acceptInsecureCerts: false, base.url: , browserName: chrome, goog:chromeOptions: {args: [], extensions: []}}
08:33:27.826 [AsyncHttpClient-1-17] DEBUG org.asynchttpclient.netty.channel.NettyConnectListener - Using new Channel '[id: 0x0a4a02e8, L:/127.0.0.1:60435 - R:localhost/127.0.0.1:49516]' for 'POST' to '/session'
08:33:29.151 [AsyncHttpClient-1-17] DEBUG org.asynchttpclient.netty.handler.HttpHandler - 

Request DefaultHttpRequest(decodeResult: success, version: HTTP/1.1)
POST /session HTTP/1.1
User-Agent: selenium/4.1.2 (java windows)
Content-Length: 457
Content-Type: application/json; charset=utf-8
host: localhost:49516
accept: */*

Response DefaultHttpResponse(decodeResult: success, version: HTTP/1.1)
HTTP/1.1 200 OK
Content-Type: application/json; charset=utf-8
cache-control: no-cache
content-length: 787

08:33:29.151 [AsyncHttpClient-1-17] DEBUG org.asynchttpclient.netty.channel.ChannelManager - Adding key: http://localhost:49516 for channel [id: 0x0a4a02e8, L:/127.0.0.1:60435 - R:localhost/127.0.0.1:49516]
08:33:29.171 [AsyncHttpClient-1-2] DEBUG org.asynchttpclient.netty.channel.NettyConnectListener - Using new Channel '[id: 0x0e218123, L:/127.0.0.1:60442 - R:localhost/127.0.0.1:60436]' for 'GET' to '/json/version'
08:33:29.173 [AsyncHttpClient-1-2] DEBUG org.asynchttpclient.netty.handler.HttpHandler - 

Request DefaultFullHttpRequest(decodeResult: success, version: HTTP/1.1, content: EmptyByteBufBE)
GET /json/version HTTP/1.1
User-Agent: selenium/4.1.2 (java windows)
host: localhost:60436
accept: */*

Response DefaultHttpResponse(decodeResult: success, version: HTTP/1.1)
HTTP/1.1 200 OK
Content-Type: application/json; charset=UTF-8
content-length: 427

08:33:29.173 [AsyncHttpClient-1-2] DEBUG org.asynchttpclient.netty.channel.ChannelManager - Adding key: http://localhost:60436 for channel [id: 0x0e218123, L:/127.0.0.1:60442 - R:localhost/127.0.0.1:60436]
08:33:29.179 [AsyncHttpClient-1-3] DEBUG org.asynchttpclient.netty.channel.NettyConnectListener - Using new Channel '[id: 0xdd6fdc17, L:/127.0.0.1:60443 - R:localhost/127.0.0.1:60436]' for 'GET' to '/devtools/browser/c9792d80-4f4c-424c-a21a-6622788ec47d'
08:33:29.181 [AsyncHttpClient-1-3] DEBUG org.asynchttpclient.netty.handler.WebSocketHandler - 

Request DefaultFullHttpRequest(decodeResult: success, version: HTTP/1.1, content: EmptyByteBufBE)
GET /devtools/browser/c9792d80-4f4c-424c-a21a-6622788ec47d HTTP/1.1
upgrade: websocket
connection: upgrade
sec-websocket-key: zbn/MsbbU6ircNSBEOggIg==
sec-websocket-version: 13
origin: http://localhost:60436
host: localhost:60436
accept: */*
user-agent: AHC/2.1

Response DefaultHttpResponse(decodeResult: success, version: HTTP/1.1)
HTTP/1.1 101 WebSocket Protocol Handshake
Upgrade: WebSocket
Connection: Upgrade
Sec-WebSocket-Accept: RDgTaiciozynb+sfqq1OMLWzqFs=

08:33:29.195 [Forwarding get on session 5e7d2eb32cf6a306f4d1e7ad3a0d79f1 to remote] DEBUG org.asynchttpclient.netty.request.NettyRequestSender - Using pooled Channel '[id: 0x0a4a02e8, L:/127.0.0.1:60435 - R:localhost/127.0.0.1:49516]' for 'POST' to 'http://localhost:49516/session/5e7d2eb32cf6a306f4d1e7ad3a0d79f1/url'
08:33:29.196 [Forwarding get on session 5e7d2eb32cf6a306f4d1e7ad3a0d79f1 to remote] DEBUG org.asynchttpclient.netty.request.NettyRequestSender - Using open Channel [id: 0x0a4a02e8, L:/127.0.0.1:60435 - R:localhost/127.0.0.1:49516] for POST '/session/5e7d2eb32cf6a306f4d1e7ad3a0d79f1/url'
08:33:30.034 [AsyncHttpClient-1-1] DEBUG org.asynchttpclient.netty.channel.DefaultChannelPool - Entry count for : http://localhost:60436 : 1
08:33:31.133 [AsyncHttpClient-1-1] DEBUG org.asynchttpclient.netty.channel.DefaultChannelPool - Entry count for : http://localhost:60436 : 1
08:33:32.231 [AsyncHttpClient-1-1] DEBUG org.asynchttpclient.netty.channel.DefaultChannelPool - Entry count for : http://localhost:60436 : 1
08:33:33.097 [AsyncHttpClient-1-17] DEBUG org.asynchttpclient.netty.handler.HttpHandler - 

Request DefaultHttpRequest(decodeResult: success, version: HTTP/1.1)
POST /session/5e7d2eb32cf6a306f4d1e7ad3a0d79f1/url HTTP/1.1
User-Agent: selenium/4.1.2 (java windows)
Content-Length: 49
Content-Type: application/json; charset=utf-8
host: localhost:49516
accept: */*

Response DefaultHttpResponse(decodeResult: success, version: HTTP/1.1)
HTTP/1.1 200 OK
Content-Type: application/json; charset=utf-8
cache-control: no-cache
content-length: 14

08:33:33.097 [AsyncHttpClient-1-17] DEBUG org.asynchttpclient.netty.channel.ChannelManager - Adding key: http://localhost:49516 for channel [id: 0x0a4a02e8, L:/127.0.0.1:60435 - R:localhost/127.0.0.1:49516]
08:33:33.101 [Forwarding setTimeout on session 5e7d2eb32cf6a306f4d1e7ad3a0d79f1 to remote] DEBUG org.asynchttpclient.netty.request.NettyRequestSender - Using pooled Channel '[id: 0x0a4a02e8, L:/127.0.0.1:60435 - R:localhost/127.0.0.1:49516]' for 'POST' to 'http://localhost:49516/session/5e7d2eb32cf6a306f4d1e7ad3a0d79f1/timeouts'
08:33:33.102 [Forwarding setTimeout on session 5e7d2eb32cf6a306f4d1e7ad3a0d79f1 to remote] DEBUG org.asynchttpclient.netty.request.NettyRequestSender - Using open Channel [id: 0x0a4a02e8, L:/127.0.0.1:60435 - R:localhost/127.0.0.1:49516] for POST '/session/5e7d2eb32cf6a306f4d1e7ad3a0d79f1/timeouts'
08:33:33.105 [AsyncHttpClient-1-17] DEBUG org.asynchttpclient.netty.handler.HttpHandler - 

Request DefaultHttpRequest(decodeResult: success, version: HTTP/1.1)
POST /session/5e7d2eb32cf6a306f4d1e7ad3a0d79f1/timeouts HTTP/1.1
User-Agent: selenium/4.1.2 (java windows)
Content-Length: 22
Content-Type: application/json; charset=utf-8
host: localhost:49516
accept: */*

Response DefaultHttpResponse(decodeResult: success, version: HTTP/1.1)
HTTP/1.1 200 OK
Content-Type: application/json; charset=utf-8
cache-control: no-cache
content-length: 14

08:33:33.106 [AsyncHttpClient-1-17] DEBUG org.asynchttpclient.netty.channel.ChannelManager - Adding key: http://localhost:49516 for channel [id: 0x0a4a02e8, L:/127.0.0.1:60435 - R:localhost/127.0.0.1:49516]
08:33:33.114 [Forwarding getCurrentUrl on session 5e7d2eb32cf6a306f4d1e7ad3a0d79f1 to remote] DEBUG org.asynchttpclient.netty.request.NettyRequestSender - Using pooled Channel '[id: 0x0a4a02e8, L:/127.0.0.1:60435 - R:localhost/127.0.0.1:49516]' for 'GET' to 'http://localhost:49516/session/5e7d2eb32cf6a306f4d1e7ad3a0d79f1/url'
08:33:33.114 [Forwarding getCurrentUrl on session 5e7d2eb32cf6a306f4d1e7ad3a0d79f1 to remote] DEBUG org.asynchttpclient.netty.request.NettyRequestSender - Using open Channel [id: 0x0a4a02e8, L:/127.0.0.1:60435 - R:localhost/127.0.0.1:49516] for GET '/session/5e7d2eb32cf6a306f4d1e7ad3a0d79f1/url'
08:33:33.124 [AsyncHttpClient-1-17] DEBUG org.asynchttpclient.netty.handler.HttpHandler - 

Request DefaultFullHttpRequest(decodeResult: success, version: HTTP/1.1, content: EmptyByteBufBE)
GET /session/5e7d2eb32cf6a306f4d1e7ad3a0d79f1/url HTTP/1.1
User-Agent: selenium/4.1.2 (java windows)
Cache-Control: no-cache
Content-Type: application/json; charset=utf-8
host: localhost:49516
accept: */*

Response DefaultHttpResponse(decodeResult: success, version: HTTP/1.1)
HTTP/1.1 200 OK
Content-Type: application/json; charset=utf-8
cache-control: no-cache
content-length: 31

08:33:33.124 [AsyncHttpClient-1-17] DEBUG org.asynchttpclient.netty.channel.ChannelManager - Adding key: http://localhost:49516 for channel [id: 0x0a4a02e8, L:/127.0.0.1:60435 - R:localhost/127.0.0.1:49516]
08:33:33.135 [Forwarding screenshot on session 5e7d2eb32cf6a306f4d1e7ad3a0d79f1 to remote] DEBUG org.asynchttpclient.netty.request.NettyRequestSender - Using pooled Channel '[id: 0x0a4a02e8, L:/127.0.0.1:60435 - R:localhost/127.0.0.1:49516]' for 'GET' to 'http://localhost:49516/session/5e7d2eb32cf6a306f4d1e7ad3a0d79f1/screenshot'
08:33:33.135 [Forwarding screenshot on session 5e7d2eb32cf6a306f4d1e7ad3a0d79f1 to remote] DEBUG org.asynchttpclient.netty.request.NettyRequestSender - Using open Channel [id: 0x0a4a02e8, L:/127.0.0.1:60435 - R:localhost/127.0.0.1:49516] for GET '/session/5e7d2eb32cf6a306f4d1e7ad3a0d79f1/screenshot'
08:33:33.328 [AsyncHttpClient-1-1] DEBUG org.asynchttpclient.netty.channel.DefaultChannelPool - Entry count for : http://localhost:60436 : 1
08:33:34.433 [AsyncHttpClient-1-1] DEBUG org.asynchttpclient.netty.channel.DefaultChannelPool - Entry count for : http://localhost:60436 : 1
08:33:35.223 [AsyncHttpClient-1-17] DEBUG org.asynchttpclient.netty.handler.HttpHandler - 

Request DefaultFullHttpRequest(decodeResult: success, version: HTTP/1.1, content: EmptyByteBufBE)
GET /session/5e7d2eb32cf6a306f4d1e7ad3a0d79f1/screenshot HTTP/1.1
User-Agent: selenium/4.1.2 (java windows)
Cache-Control: no-cache
Content-Type: application/json; charset=utf-8
host: localhost:49516
accept: */*

Response DefaultHttpResponse(decodeResult: success, version: HTTP/1.1)
HTTP/1.1 200 OK
Content-Type: application/json; charset=utf-8
cache-control: no-cache
content-length: 41540

08:33:35.224 [AsyncHttpClient-1-17] DEBUG org.asynchttpclient.netty.channel.ChannelManager - Adding key: http://localhost:49516 for channel [id: 0x0a4a02e8, L:/127.0.0.1:60435 - R:localhost/127.0.0.1:49516]
08:33:35.229 [main] DEBUG net.serenitybdd.core.photography.Darkroom - Send negative for processing for target\site\serenity\64832a1192cc64b770b7f0d25c0760079c79335a72a3e20be16a8ed80bd7be1b.png
08:33:35.229 [main] DEBUG net.thucydides.core.steps.StepInterceptor - STEP DONE: openUrl
08:33:35.230 [Darkroom Processing Line] DEBUG net.serenitybdd.core.photography.DarkroomProcessingLine - Processing screenshot image in /var/screenshots/screenshot-7104177763518677270
08:33:35.230 [Darkroom Processing Line] DEBUG net.serenitybdd.core.photography.DarkroomProcessingLine - Saving screenshot to target\site\serenity\64832a1192cc64b770b7f0d25c0760079c79335a72a3e20be16a8ed80bd7be1b.png
08:33:35.242 [main] DEBUG net.thucydides.core.steps.StepInterceptor - STARTING STEP: stepdefinition.iAmOnLoginPage - clickIconLogin
08:33:35.251 [Forwarding findElement on session 5e7d2eb32cf6a306f4d1e7ad3a0d79f1 to remote] DEBUG org.asynchttpclient.netty.request.NettyRequestSender - Using pooled Channel '[id: 0x0a4a02e8, L:/127.0.0.1:60435 - R:localhost/127.0.0.1:49516]' for 'POST' to 'http://localhost:49516/session/5e7d2eb32cf6a306f4d1e7ad3a0d79f1/element'
08:33:35.252 [Forwarding findElement on session 5e7d2eb32cf6a306f4d1e7ad3a0d79f1 to remote] DEBUG org.asynchttpclient.netty.request.NettyRequestSender - Using open Channel [id: 0x0a4a02e8, L:/127.0.0.1:60435 - R:localhost/127.0.0.1:49516] for POST '/session/5e7d2eb32cf6a306f4d1e7ad3a0d79f1/element'
08:33:35.283 [AsyncHttpClient-1-17] DEBUG org.asynchttpclient.netty.handler.HttpHandler - 

Request DefaultHttpRequest(decodeResult: success, version: HTTP/1.1)
POST /session/5e7d2eb32cf6a306f4d1e7ad3a0d79f1/element HTTP/1.1
User-Agent: selenium/4.1.2 (java windows)
Content-Length: 170
Content-Type: application/json; charset=utf-8
host: localhost:49516
accept: */*

Response DefaultHttpResponse(decodeResult: success, version: HTTP/1.1)
HTTP/1.1 200 OK
Content-Type: application/json; charset=utf-8
cache-control: no-cache
content-length: 88

08:33:35.284 [AsyncHttpClient-1-17] DEBUG org.asynchttpclient.netty.channel.ChannelManager - Adding key: http://localhost:49516 for channel [id: 0x0a4a02e8, L:/127.0.0.1:60435 - R:localhost/127.0.0.1:49516]
08:33:35.286 [Forwarding getElementTagName on session 5e7d2eb32cf6a306f4d1e7ad3a0d79f1 to remote] DEBUG org.asynchttpclient.netty.request.NettyRequestSender - Using pooled Channel '[id: 0x0a4a02e8, L:/127.0.0.1:60435 - R:localhost/127.0.0.1:49516]' for 'GET' to 'http://localhost:49516/session/5e7d2eb32cf6a306f4d1e7ad3a0d79f1/element/857b956b-5f79-4f1f-bf7e-b8102b0ce899/name'
08:33:35.286 [Forwarding getElementTagName on session 5e7d2eb32cf6a306f4d1e7ad3a0d79f1 to remote] DEBUG org.asynchttpclient.netty.request.NettyRequestSender - Using open Channel [id: 0x0a4a02e8, L:/127.0.0.1:60435 - R:localhost/127.0.0.1:49516] for GET '/session/5e7d2eb32cf6a306f4d1e7ad3a0d79f1/element/857b956b-5f79-4f1f-bf7e-b8102b0ce899/name'
08:33:35.294 [AsyncHttpClient-1-17] DEBUG org.asynchttpclient.netty.handler.HttpHandler - 

Request DefaultFullHttpRequest(decodeResult: success, version: HTTP/1.1, content: EmptyByteBufBE)
GET /session/5e7d2eb32cf6a306f4d1e7ad3a0d79f1/element/857b956b-5f79-4f1f-bf7e-b8102b0ce899/name HTTP/1.1
User-Agent: selenium/4.1.2 (java windows)
Cache-Control: no-cache
Content-Type: application/json; charset=utf-8
host: localhost:49516
accept: */*

Response DefaultHttpResponse(decodeResult: success, version: HTTP/1.1)
HTTP/1.1 200 OK
Content-Type: application/json; charset=utf-8
cache-control: no-cache
content-length: 13

08:33:35.295 [AsyncHttpClient-1-17] DEBUG org.asynchttpclient.netty.channel.ChannelManager - Adding key: http://localhost:49516 for channel [id: 0x0a4a02e8, L:/127.0.0.1:60435 - R:localhost/127.0.0.1:49516]
08:33:35.297 [Forwarding getElementTagName on session 5e7d2eb32cf6a306f4d1e7ad3a0d79f1 to remote] DEBUG org.asynchttpclient.netty.request.NettyRequestSender - Using pooled Channel '[id: 0x0a4a02e8, L:/127.0.0.1:60435 - R:localhost/127.0.0.1:49516]' for 'GET' to 'http://localhost:49516/session/5e7d2eb32cf6a306f4d1e7ad3a0d79f1/element/857b956b-5f79-4f1f-bf7e-b8102b0ce899/name'
08:33:35.297 [Forwarding getElementTagName on session 5e7d2eb32cf6a306f4d1e7ad3a0d79f1 to remote] DEBUG org.asynchttpclient.netty.request.NettyRequestSender - Using open Channel [id: 0x0a4a02e8, L:/127.0.0.1:60435 - R:localhost/127.0.0.1:49516] for GET '/session/5e7d2eb32cf6a306f4d1e7ad3a0d79f1/element/857b956b-5f79-4f1f-bf7e-b8102b0ce899/name'
08:33:35.303 [AsyncHttpClient-1-17] DEBUG org.asynchttpclient.netty.handler.HttpHandler - 

Request DefaultFullHttpRequest(decodeResult: success, version: HTTP/1.1, content: EmptyByteBufBE)
GET /session/5e7d2eb32cf6a306f4d1e7ad3a0d79f1/element/857b956b-5f79-4f1f-bf7e-b8102b0ce899/name HTTP/1.1
User-Agent: selenium/4.1.2 (java windows)
Cache-Control: no-cache
Content-Type: application/json; charset=utf-8
host: localhost:49516
accept: */*

Response DefaultHttpResponse(decodeResult: success, version: HTTP/1.1)
HTTP/1.1 200 OK
Content-Type: application/json; charset=utf-8
cache-control: no-cache
content-length: 13

08:33:35.303 [AsyncHttpClient-1-17] DEBUG org.asynchttpclient.netty.channel.ChannelManager - Adding key: http://localhost:49516 for channel [id: 0x0a4a02e8, L:/127.0.0.1:60435 - R:localhost/127.0.0.1:49516]
08:33:35.307 [Forwarding findElement on session 5e7d2eb32cf6a306f4d1e7ad3a0d79f1 to remote] DEBUG org.asynchttpclient.netty.request.NettyRequestSender - Using pooled Channel '[id: 0x0a4a02e8, L:/127.0.0.1:60435 - R:localhost/127.0.0.1:49516]' for 'POST' to 'http://localhost:49516/session/5e7d2eb32cf6a306f4d1e7ad3a0d79f1/element'
08:33:35.307 [Forwarding findElement on session 5e7d2eb32cf6a306f4d1e7ad3a0d79f1 to remote] DEBUG org.asynchttpclient.netty.request.NettyRequestSender - Using open Channel [id: 0x0a4a02e8, L:/127.0.0.1:60435 - R:localhost/127.0.0.1:49516] for POST '/session/5e7d2eb32cf6a306f4d1e7ad3a0d79f1/element'
08:33:35.324 [AsyncHttpClient-1-17] DEBUG org.asynchttpclient.netty.handler.HttpHandler - 

Request DefaultHttpRequest(decodeResult: success, version: HTTP/1.1)
POST /session/5e7d2eb32cf6a306f4d1e7ad3a0d79f1/element HTTP/1.1
User-Agent: selenium/4.1.2 (java windows)
Content-Length: 170
Content-Type: application/json; charset=utf-8
host: localhost:49516
accept: */*

Response DefaultHttpResponse(decodeResult: success, version: HTTP/1.1)
HTTP/1.1 200 OK
Content-Type: application/json; charset=utf-8
cache-control: no-cache
content-length: 88

08:33:35.324 [AsyncHttpClient-1-17] DEBUG org.asynchttpclient.netty.channel.ChannelManager - Adding key: http://localhost:49516 for channel [id: 0x0a4a02e8, L:/127.0.0.1:60435 - R:localhost/127.0.0.1:49516]
08:33:35.326 [Forwarding clickElement on session 5e7d2eb32cf6a306f4d1e7ad3a0d79f1 to remote] DEBUG org.asynchttpclient.netty.request.NettyRequestSender - Using pooled Channel '[id: 0x0a4a02e8, L:/127.0.0.1:60435 - R:localhost/127.0.0.1:49516]' for 'POST' to 'http://localhost:49516/session/5e7d2eb32cf6a306f4d1e7ad3a0d79f1/element/857b956b-5f79-4f1f-bf7e-b8102b0ce899/click'
08:33:35.326 [Forwarding clickElement on session 5e7d2eb32cf6a306f4d1e7ad3a0d79f1 to remote] DEBUG org.asynchttpclient.netty.request.NettyRequestSender - Using open Channel [id: 0x0a4a02e8, L:/127.0.0.1:60435 - R:localhost/127.0.0.1:49516] for POST '/session/5e7d2eb32cf6a306f4d1e7ad3a0d79f1/element/857b956b-5f79-4f1f-bf7e-b8102b0ce899/click'
08:33:35.404 [AsyncHttpClient-1-17] DEBUG org.asynchttpclient.netty.handler.HttpHandler - 

Request DefaultHttpRequest(decodeResult: success, version: HTTP/1.1)
POST /session/5e7d2eb32cf6a306f4d1e7ad3a0d79f1/element/857b956b-5f79-4f1f-bf7e-b8102b0ce899/click HTTP/1.1
User-Agent: selenium/4.1.2 (java windows)
Content-Length: 50
Content-Type: application/json; charset=utf-8
host: localhost:49516
accept: */*

Response DefaultHttpResponse(decodeResult: success, version: HTTP/1.1)
HTTP/1.1 200 OK
Content-Type: application/json; charset=utf-8
cache-control: no-cache
content-length: 14

08:33:35.405 [AsyncHttpClient-1-17] DEBUG org.asynchttpclient.netty.channel.ChannelManager - Adding key: http://localhost:49516 for channel [id: 0x0a4a02e8, L:/127.0.0.1:60435 - R:localhost/127.0.0.1:49516]
08:33:35.414 [Forwarding screenshot on session 5e7d2eb32cf6a306f4d1e7ad3a0d79f1 to remote] DEBUG org.asynchttpclient.netty.request.NettyRequestSender - Using pooled Channel '[id: 0x0a4a02e8, L:/127.0.0.1:60435 - R:localhost/127.0.0.1:49516]' for 'GET' to 'http://localhost:49516/session/5e7d2eb32cf6a306f4d1e7ad3a0d79f1/screenshot'
08:33:35.414 [Forwarding screenshot on session 5e7d2eb32cf6a306f4d1e7ad3a0d79f1 to remote] DEBUG org.asynchttpclient.netty.request.NettyRequestSender - Using open Channel [id: 0x0a4a02e8, L:/127.0.0.1:60435 - R:localhost/127.0.0.1:49516] for GET '/session/5e7d2eb32cf6a306f4d1e7ad3a0d79f1/screenshot'
08:33:35.527 [AsyncHttpClient-1-1] DEBUG org.asynchttpclient.netty.channel.DefaultChannelPool - Entry count for : http://localhost:60436 : 1
08:33:35.955 [AsyncHttpClient-1-17] DEBUG org.asynchttpclient.netty.handler.HttpHandler - 

Request DefaultFullHttpRequest(decodeResult: success, version: HTTP/1.1, content: EmptyByteBufBE)
GET /session/5e7d2eb32cf6a306f4d1e7ad3a0d79f1/screenshot HTTP/1.1
User-Agent: selenium/4.1.2 (java windows)
Cache-Control: no-cache
Content-Type: application/json; charset=utf-8
host: localhost:49516
accept: */*

Response DefaultHttpResponse(decodeResult: success, version: HTTP/1.1)
HTTP/1.1 200 OK
Content-Type: application/json; charset=utf-8
cache-control: no-cache
content-length: 40060

08:33:35.956 [AsyncHttpClient-1-17] DEBUG org.asynchttpclient.netty.channel.ChannelManager - Adding key: http://localhost:49516 for channel [id: 0x0a4a02e8, L:/127.0.0.1:60435 - R:localhost/127.0.0.1:49516]
08:33:35.960 [main] DEBUG net.serenitybdd.core.photography.Darkroom - Send negative for processing for target\site\serenity\249d494a5941a22357985fddf8d78303522f4fbc00cc04e646a43ac6a8e26239.png
08:33:35.960 [main] DEBUG net.thucydides.core.steps.StepInterceptor - STEP DONE: clickIconLogin
  &amp#27;[32mGiven &amp#27;[0m&amp#27;[32mi am on login page&amp#27;[0m               &amp#27;[90m# starter.stepdefinitions.stepdefinition.iAmOnLoginPage()&amp#27;[0m
08:33:35.994 [main] DEBUG net.thucydides.core.steps.StepInterceptor - STARTING STEP: stepdefinition.iInputUsername - inputUsername
08:33:35.998 [Forwarding findElement on session 5e7d2eb32cf6a306f4d1e7ad3a0d79f1 to remote] DEBUG org.asynchttpclient.netty.request.NettyRequestSender - Using pooled Channel '[id: 0x0a4a02e8, L:/127.0.0.1:60435 - R:localhost/127.0.0.1:49516]' for 'POST' to 'http://localhost:49516/session/5e7d2eb32cf6a306f4d1e7ad3a0d79f1/element'
08:33:35.998 [Forwarding findElement on session 5e7d2eb32cf6a306f4d1e7ad3a0d79f1 to remote] DEBUG org.asynchttpclient.netty.request.NettyRequestSender - Using open Channel [id: 0x0a4a02e8, L:/127.0.0.1:60435 - R:localhost/127.0.0.1:49516] for POST '/session/5e7d2eb32cf6a306f4d1e7ad3a0d79f1/element'
08:33:36.021 [AsyncHttpClient-1-17] DEBUG org.asynchttpclient.netty.handler.HttpHandler - 

Request DefaultHttpRequest(decodeResult: success, version: HTTP/1.1)
POST /session/5e7d2eb32cf6a306f4d1e7ad3a0d79f1/element HTTP/1.1
User-Agent: selenium/4.1.2 (java windows)
Content-Length: 86
Content-Type: application/json; charset=utf-8
host: localhost:49516
accept: */*

Response DefaultHttpResponse(decodeResult: success, version: HTTP/1.1)
HTTP/1.1 200 OK
Content-Type: application/json; charset=utf-8
cache-control: no-cache
content-length: 88

08:33:36.021 [AsyncHttpClient-1-17] DEBUG org.asynchttpclient.netty.channel.ChannelManager - Adding key: http://localhost:49516 for channel [id: 0x0a4a02e8, L:/127.0.0.1:60435 - R:localhost/127.0.0.1:49516]
08:33:36.024 [Forwarding clearElement on session 5e7d2eb32cf6a306f4d1e7ad3a0d79f1 to remote] DEBUG org.asynchttpclient.netty.request.NettyRequestSender - Using pooled Channel '[id: 0x0a4a02e8, L:/127.0.0.1:60435 - R:localhost/127.0.0.1:49516]' for 'POST' to 'http://localhost:49516/session/5e7d2eb32cf6a306f4d1e7ad3a0d79f1/element/483dc792-ed82-4ad9-98c5-f597c86c50d4/clear'
08:33:36.025 [Forwarding clearElement on session 5e7d2eb32cf6a306f4d1e7ad3a0d79f1 to remote] DEBUG org.asynchttpclient.netty.request.NettyRequestSender - Using open Channel [id: 0x0a4a02e8, L:/127.0.0.1:60435 - R:localhost/127.0.0.1:49516] for POST '/session/5e7d2eb32cf6a306f4d1e7ad3a0d79f1/element/483dc792-ed82-4ad9-98c5-f597c86c50d4/clear'
08:33:36.088 [AsyncHttpClient-1-17] DEBUG org.asynchttpclient.netty.handler.HttpHandler - 

Request DefaultHttpRequest(decodeResult: success, version: HTTP/1.1)
POST /session/5e7d2eb32cf6a306f4d1e7ad3a0d79f1/element/483dc792-ed82-4ad9-98c5-f597c86c50d4/clear HTTP/1.1
User-Agent: selenium/4.1.2 (java windows)
Content-Length: 50
Content-Type: application/json; charset=utf-8
host: localhost:49516
accept: */*

Response DefaultHttpResponse(decodeResult: success, version: HTTP/1.1)
HTTP/1.1 200 OK
Content-Type: application/json; charset=utf-8
cache-control: no-cache
content-length: 14

08:33:36.088 [AsyncHttpClient-1-17] DEBUG org.asynchttpclient.netty.channel.ChannelManager - Adding key: http://localhost:49516 for channel [id: 0x0a4a02e8, L:/127.0.0.1:60435 - R:localhost/127.0.0.1:49516]
08:33:36.091 [Forwarding sendKeysToElement on session 5e7d2eb32cf6a306f4d1e7ad3a0d79f1 to remote] DEBUG org.asynchttpclient.netty.request.NettyRequestSender - Using pooled Channel '[id: 0x0a4a02e8, L:/127.0.0.1:60435 - R:localhost/127.0.0.1:49516]' for 'POST' to 'http://localhost:49516/session/5e7d2eb32cf6a306f4d1e7ad3a0d79f1/element/483dc792-ed82-4ad9-98c5-f597c86c50d4/value'
08:33:36.091 [Forwarding sendKeysToElement on session 5e7d2eb32cf6a306f4d1e7ad3a0d79f1 to remote] DEBUG org.asynchttpclient.netty.request.NettyRequestSender - Using open Channel [id: 0x0a4a02e8, L:/127.0.0.1:60435 - R:localhost/127.0.0.1:49516] for POST '/session/5e7d2eb32cf6a306f4d1e7ad3a0d79f1/element/483dc792-ed82-4ad9-98c5-f597c86c50d4/value'
08:33:36.281 [AsyncHttpClient-1-17] DEBUG org.asynchttpclient.netty.handler.HttpHandler - 

Request DefaultHttpRequest(decodeResult: success, version: HTTP/1.1)
POST /session/5e7d2eb32cf6a306f4d1e7ad3a0d79f1/element/483dc792-ed82-4ad9-98c5-f597c86c50d4/value HTTP/1.1
User-Agent: selenium/4.1.2 (java windows)
Content-Length: 221
Content-Type: application/json; charset=utf-8
host: localhost:49516
accept: */*

Response DefaultHttpResponse(decodeResult: success, version: HTTP/1.1)
HTTP/1.1 200 OK
Content-Type: application/json; charset=utf-8
cache-control: no-cache
content-length: 14

08:33:36.281 [AsyncHttpClient-1-17] DEBUG org.asynchttpclient.netty.channel.ChannelManager - Adding key: http://localhost:49516 for channel [id: 0x0a4a02e8, L:/127.0.0.1:60435 - R:localhost/127.0.0.1:49516]
08:33:36.291 [Forwarding screenshot on session 5e7d2eb32cf6a306f4d1e7ad3a0d79f1 to remote] DEBUG org.asynchttpclient.netty.request.NettyRequestSender - Using pooled Channel '[id: 0x0a4a02e8, L:/127.0.0.1:60435 - R:localhost/127.0.0.1:49516]' for 'GET' to 'http://localhost:49516/session/5e7d2eb32cf6a306f4d1e7ad3a0d79f1/screenshot'
08:33:36.291 [Forwarding screenshot on session 5e7d2eb32cf6a306f4d1e7ad3a0d79f1 to remote] DEBUG org.asynchttpclient.netty.request.NettyRequestSender - Using open Channel [id: 0x0a4a02e8, L:/127.0.0.1:60435 - R:localhost/127.0.0.1:49516] for GET '/session/5e7d2eb32cf6a306f4d1e7ad3a0d79f1/screenshot'
08:33:36.572 [AsyncHttpClient-1-17] DEBUG org.asynchttpclient.netty.handler.HttpHandler - 

Request DefaultFullHttpRequest(decodeResult: success, version: HTTP/1.1, content: EmptyByteBufBE)
GET /session/5e7d2eb32cf6a306f4d1e7ad3a0d79f1/screenshot HTTP/1.1
User-Agent: selenium/4.1.2 (java windows)
Cache-Control: no-cache
Content-Type: application/json; charset=utf-8
host: localhost:49516
accept: */*

Response DefaultHttpResponse(decodeResult: success, version: HTTP/1.1)
HTTP/1.1 200 OK
Content-Type: application/json; charset=utf-8
cache-control: no-cache
content-length: 46332

08:33:36.573 [AsyncHttpClient-1-17] DEBUG org.asynchttpclient.netty.channel.ChannelManager - Adding key: http://localhost:49516 for channel [id: 0x0a4a02e8, L:/127.0.0.1:60435 - R:localhost/127.0.0.1:49516]
08:33:36.580 [main] DEBUG net.serenitybdd.core.photography.Darkroom - Send negative for processing for target\site\serenity\9601c14391f04534ce564b5d3bc2b2849d5ccfdb2b59f960a65cc92e18677fa0.png
08:33:36.580 [main] DEBUG net.thucydides.core.steps.StepInterceptor - STEP DONE: inputUsername
  &amp#27;[32mWhen &amp#27;[0m&amp#27;[32mi input &amp#27;[0m&amp#27;[32m&amp#27;[1m"glad@gmail.com"&amp#27;[0m&amp#27;[32m username&amp#27;[0m &amp#27;[90m# starter.stepdefinitions.stepdefinition.iInputUsername(java.lang.String)&amp#27;[0m
08:33:36.581 [Darkroom Processing Line] DEBUG net.serenitybdd.core.photography.DarkroomProcessingLine - Processing screenshot image in /var/screenshots/screenshot-15816683660704654728
08:33:36.581 [Darkroom Processing Line] DEBUG net.serenitybdd.core.photography.DarkroomProcessingLine - Saving screenshot to target\site\serenity\9601c14391f04534ce564b5d3bc2b2849d5ccfdb2b59f960a65cc92e18677fa0.png
08:33:36.614 [main] DEBUG net.thucydides.core.steps.StepInterceptor - STARTING STEP: stepdefinition.iInputPassword - inputPassword
08:33:36.619 [Forwarding findElement on session 5e7d2eb32cf6a306f4d1e7ad3a0d79f1 to remote] DEBUG org.asynchttpclient.netty.request.NettyRequestSender - Using pooled Channel '[id: 0x0a4a02e8, L:/127.0.0.1:60435 - R:localhost/127.0.0.1:49516]' for 'POST' to 'http://localhost:49516/session/5e7d2eb32cf6a306f4d1e7ad3a0d79f1/element'
08:33:36.619 [Forwarding findElement on session 5e7d2eb32cf6a306f4d1e7ad3a0d79f1 to remote] DEBUG org.asynchttpclient.netty.request.NettyRequestSender - Using open Channel [id: 0x0a4a02e8, L:/127.0.0.1:60435 - R:localhost/127.0.0.1:49516] for POST '/session/5e7d2eb32cf6a306f4d1e7ad3a0d79f1/element'
08:33:36.639 [AsyncHttpClient-1-1] DEBUG org.asynchttpclient.netty.channel.DefaultChannelPool - Entry count for : http://localhost:60436 : 1
08:33:36.641 [AsyncHttpClient-1-17] DEBUG org.asynchttpclient.netty.handler.HttpHandler - 

Request DefaultHttpRequest(decodeResult: success, version: HTTP/1.1)
POST /session/5e7d2eb32cf6a306f4d1e7ad3a0d79f1/element HTTP/1.1
User-Agent: selenium/4.1.2 (java windows)
Content-Length: 89
Content-Type: application/json; charset=utf-8
host: localhost:49516
accept: */*

Response DefaultHttpResponse(decodeResult: success, version: HTTP/1.1)
HTTP/1.1 200 OK
Content-Type: application/json; charset=utf-8
cache-control: no-cache
content-length: 88

08:33:36.641 [AsyncHttpClient-1-17] DEBUG org.asynchttpclient.netty.channel.ChannelManager - Adding key: http://localhost:49516 for channel [id: 0x0a4a02e8, L:/127.0.0.1:60435 - R:localhost/127.0.0.1:49516]
08:33:36.647 [Forwarding clearElement on session 5e7d2eb32cf6a306f4d1e7ad3a0d79f1 to remote] DEBUG org.asynchttpclient.netty.request.NettyRequestSender - Using pooled Channel '[id: 0x0a4a02e8, L:/127.0.0.1:60435 - R:localhost/127.0.0.1:49516]' for 'POST' to 'http://localhost:49516/session/5e7d2eb32cf6a306f4d1e7ad3a0d79f1/element/9c3e568b-a568-41a5-a1fe-d7480046eb0a/clear'
08:33:36.647 [Forwarding clearElement on session 5e7d2eb32cf6a306f4d1e7ad3a0d79f1 to remote] DEBUG org.asynchttpclient.netty.request.NettyRequestSender - Using open Channel [id: 0x0a4a02e8, L:/127.0.0.1:60435 - R:localhost/127.0.0.1:49516] for POST '/session/5e7d2eb32cf6a306f4d1e7ad3a0d79f1/element/9c3e568b-a568-41a5-a1fe-d7480046eb0a/clear'
08:33:36.711 [AsyncHttpClient-1-17] DEBUG org.asynchttpclient.netty.handler.HttpHandler - 

Request DefaultHttpRequest(decodeResult: success, version: HTTP/1.1)
POST /session/5e7d2eb32cf6a306f4d1e7ad3a0d79f1/element/9c3e568b-a568-41a5-a1fe-d7480046eb0a/clear HTTP/1.1
User-Agent: selenium/4.1.2 (java windows)
Content-Length: 50
Content-Type: application/json; charset=utf-8
host: localhost:49516
accept: */*

Response DefaultHttpResponse(decodeResult: success, version: HTTP/1.1)
HTTP/1.1 200 OK
Content-Type: application/json; charset=utf-8
cache-control: no-cache
content-length: 14

08:33:36.711 [AsyncHttpClient-1-17] DEBUG org.asynchttpclient.netty.channel.ChannelManager - Adding key: http://localhost:49516 for channel [id: 0x0a4a02e8, L:/127.0.0.1:60435 - R:localhost/127.0.0.1:49516]
08:33:36.715 [Forwarding sendKeysToElement on session 5e7d2eb32cf6a306f4d1e7ad3a0d79f1 to remote] DEBUG org.asynchttpclient.netty.request.NettyRequestSender - Using pooled Channel '[id: 0x0a4a02e8, L:/127.0.0.1:60435 - R:localhost/127.0.0.1:49516]' for 'POST' to 'http://localhost:49516/session/5e7d2eb32cf6a306f4d1e7ad3a0d79f1/element/9c3e568b-a568-41a5-a1fe-d7480046eb0a/value'
08:33:36.715 [Forwarding sendKeysToElement on session 5e7d2eb32cf6a306f4d1e7ad3a0d79f1 to remote] DEBUG org.asynchttpclient.netty.request.NettyRequestSender - Using open Channel [id: 0x0a4a02e8, L:/127.0.0.1:60435 - R:localhost/127.0.0.1:49516] for POST '/session/5e7d2eb32cf6a306f4d1e7ad3a0d79f1/element/9c3e568b-a568-41a5-a1fe-d7480046eb0a/value'
08:33:36.917 [AsyncHttpClient-1-17] DEBUG org.asynchttpclient.netty.handler.HttpHandler - 

Request DefaultHttpRequest(decodeResult: success, version: HTTP/1.1)
POST /session/5e7d2eb32cf6a306f4d1e7ad3a0d79f1/element/9c3e568b-a568-41a5-a1fe-d7480046eb0a/value HTTP/1.1
User-Agent: selenium/4.1.2 (java windows)
Content-Length: 211
Content-Type: application/json; charset=utf-8
host: localhost:49516
accept: */*

Response DefaultHttpResponse(decodeResult: success, version: HTTP/1.1)
HTTP/1.1 200 OK
Content-Type: application/json; charset=utf-8
cache-control: no-cache
content-length: 14

08:33:36.918 [AsyncHttpClient-1-17] DEBUG org.asynchttpclient.netty.channel.ChannelManager - Adding key: http://localhost:49516 for channel [id: 0x0a4a02e8, L:/127.0.0.1:60435 - R:localhost/127.0.0.1:49516]
08:33:36.931 [Forwarding screenshot on session 5e7d2eb32cf6a306f4d1e7ad3a0d79f1 to remote] DEBUG org.asynchttpclient.netty.request.NettyRequestSender - Using pooled Channel '[id: 0x0a4a02e8, L:/127.0.0.1:60435 - R:localhost/127.0.0.1:49516]' for 'GET' to 'http://localhost:49516/session/5e7d2eb32cf6a306f4d1e7ad3a0d79f1/screenshot'
08:33:36.931 [Forwarding screenshot on session 5e7d2eb32cf6a306f4d1e7ad3a0d79f1 to remote] DEBUG org.asynchttpclient.netty.request.NettyRequestSender - Using open Channel [id: 0x0a4a02e8, L:/127.0.0.1:60435 - R:localhost/127.0.0.1:49516] for GET '/session/5e7d2eb32cf6a306f4d1e7ad3a0d79f1/screenshot'
08:33:37.149 [AsyncHttpClient-1-17] DEBUG org.asynchttpclient.netty.handler.HttpHandler - 

Request DefaultFullHttpRequest(decodeResult: success, version: HTTP/1.1, content: EmptyByteBufBE)
GET /session/5e7d2eb32cf6a306f4d1e7ad3a0d79f1/screenshot HTTP/1.1
User-Agent: selenium/4.1.2 (java windows)
Cache-Control: no-cache
Content-Type: application/json; charset=utf-8
host: localhost:49516
accept: */*

Response DefaultHttpResponse(decodeResult: success, version: HTTP/1.1)
HTTP/1.1 200 OK
Content-Type: application/json; charset=utf-8
cache-control: no-cache
content-length: 49784

08:33:37.150 [AsyncHttpClient-1-17] DEBUG org.asynchttpclient.netty.channel.ChannelManager - Adding key: http://localhost:49516 for channel [id: 0x0a4a02e8, L:/127.0.0.1:60435 - R:localhost/127.0.0.1:49516]
08:33:37.153 [main] DEBUG net.serenitybdd.core.photography.Darkroom - Send negative for processing for target\site\serenity\9646de318429ea408f930d4c169266c5222243a7945d3efa2b18ead32bcafef1.png
08:33:37.153 [main] DEBUG net.thucydides.core.steps.StepInterceptor - STEP DONE: inputPassword
  &amp#27;[32mAnd &amp#27;[0m&amp#27;[32mi input &amp#27;[0m&amp#27;[32m&amp#27;[1m"realgladz1511"&amp#27;[0m&amp#27;[32m password&amp#27;[0m   &amp#27;[90m# starter.stepdefinitions.stepdefinition.iInputPassword(java.lang.String)&amp#27;[0m
08:33:37.154 [Darkroom Processing Line] DEBUG net.serenitybdd.core.photography.DarkroomProcessingLine - Processing screenshot image in /var/screenshots/screenshot-9195969606641692317
08:33:37.154 [Darkroom Processing Line] DEBUG net.serenitybdd.core.photography.DarkroomProcessingLine - Saving screenshot to target\site\serenity\9646de318429ea408f930d4c169266c5222243a7945d3efa2b18ead32bcafef1.png
08:33:37.181 [main] DEBUG net.thucydides.core.steps.StepInterceptor - STARTING STEP: stepdefinition.clickLoginButton - clickLogin
08:33:37.185 [Forwarding findElement on session 5e7d2eb32cf6a306f4d1e7ad3a0d79f1 to remote] DEBUG org.asynchttpclient.netty.request.NettyRequestSender - Using pooled Channel '[id: 0x0a4a02e8, L:/127.0.0.1:60435 - R:localhost/127.0.0.1:49516]' for 'POST' to 'http://localhost:49516/session/5e7d2eb32cf6a306f4d1e7ad3a0d79f1/element'
08:33:37.185 [Forwarding findElement on session 5e7d2eb32cf6a306f4d1e7ad3a0d79f1 to remote] DEBUG org.asynchttpclient.netty.request.NettyRequestSender - Using open Channel [id: 0x0a4a02e8, L:/127.0.0.1:60435 - R:localhost/127.0.0.1:49516] for POST '/session/5e7d2eb32cf6a306f4d1e7ad3a0d79f1/element'
08:33:37.203 [AsyncHttpClient-1-17] DEBUG org.asynchttpclient.netty.handler.HttpHandler - 

Request DefaultHttpRequest(decodeResult: success, version: HTTP/1.1)
POST /session/5e7d2eb32cf6a306f4d1e7ad3a0d79f1/element HTTP/1.1
User-Agent: selenium/4.1.2 (java windows)
Content-Length: 72
Content-Type: application/json; charset=utf-8
host: localhost:49516
accept: */*

Response DefaultHttpResponse(decodeResult: success, version: HTTP/1.1)
HTTP/1.1 200 OK
Content-Type: application/json; charset=utf-8
cache-control: no-cache
content-length: 88

08:33:37.204 [AsyncHttpClient-1-17] DEBUG org.asynchttpclient.netty.channel.ChannelManager - Adding key: http://localhost:49516 for channel [id: 0x0a4a02e8, L:/127.0.0.1:60435 - R:localhost/127.0.0.1:49516]
08:33:37.206 [Forwarding getElementTagName on session 5e7d2eb32cf6a306f4d1e7ad3a0d79f1 to remote] DEBUG org.asynchttpclient.netty.request.NettyRequestSender - Using pooled Channel '[id: 0x0a4a02e8, L:/127.0.0.1:60435 - R:localhost/127.0.0.1:49516]' for 'GET' to 'http://localhost:49516/session/5e7d2eb32cf6a306f4d1e7ad3a0d79f1/element/d7410407-5b54-4191-a89d-74977769001e/name'
08:33:37.206 [Forwarding getElementTagName on session 5e7d2eb32cf6a306f4d1e7ad3a0d79f1 to remote] DEBUG org.asynchttpclient.netty.request.NettyRequestSender - Using open Channel [id: 0x0a4a02e8, L:/127.0.0.1:60435 - R:localhost/127.0.0.1:49516] for GET '/session/5e7d2eb32cf6a306f4d1e7ad3a0d79f1/element/d7410407-5b54-4191-a89d-74977769001e/name'
08:33:37.216 [AsyncHttpClient-1-17] DEBUG org.asynchttpclient.netty.handler.HttpHandler - 

Request DefaultFullHttpRequest(decodeResult: success, version: HTTP/1.1, content: EmptyByteBufBE)
GET /session/5e7d2eb32cf6a306f4d1e7ad3a0d79f1/element/d7410407-5b54-4191-a89d-74977769001e/name HTTP/1.1
User-Agent: selenium/4.1.2 (java windows)
Cache-Control: no-cache
Content-Type: application/json; charset=utf-8
host: localhost:49516
accept: */*

Response DefaultHttpResponse(decodeResult: success, version: HTTP/1.1)
HTTP/1.1 200 OK
Content-Type: application/json; charset=utf-8
cache-control: no-cache
content-length: 18

08:33:37.216 [AsyncHttpClient-1-17] DEBUG org.asynchttpclient.netty.channel.ChannelManager - Adding key: http://localhost:49516 for channel [id: 0x0a4a02e8, L:/127.0.0.1:60435 - R:localhost/127.0.0.1:49516]
08:33:37.219 [Forwarding getElementTagName on session 5e7d2eb32cf6a306f4d1e7ad3a0d79f1 to remote] DEBUG org.asynchttpclient.netty.request.NettyRequestSender - Using pooled Channel '[id: 0x0a4a02e8, L:/127.0.0.1:60435 - R:localhost/127.0.0.1:49516]' for 'GET' to 'http://localhost:49516/session/5e7d2eb32cf6a306f4d1e7ad3a0d79f1/element/d7410407-5b54-4191-a89d-74977769001e/name'
08:33:37.219 [Forwarding getElementTagName on session 5e7d2eb32cf6a306f4d1e7ad3a0d79f1 to remote] DEBUG org.asynchttpclient.netty.request.NettyRequestSender - Using open Channel [id: 0x0a4a02e8, L:/127.0.0.1:60435 - R:localhost/127.0.0.1:49516] for GET '/session/5e7d2eb32cf6a306f4d1e7ad3a0d79f1/element/d7410407-5b54-4191-a89d-74977769001e/name'
08:33:37.224 [AsyncHttpClient-1-17] DEBUG org.asynchttpclient.netty.handler.HttpHandler - 

Request DefaultFullHttpRequest(decodeResult: success, version: HTTP/1.1, content: EmptyByteBufBE)
GET /session/5e7d2eb32cf6a306f4d1e7ad3a0d79f1/element/d7410407-5b54-4191-a89d-74977769001e/name HTTP/1.1
User-Agent: selenium/4.1.2 (java windows)
Cache-Control: no-cache
Content-Type: application/json; charset=utf-8
host: localhost:49516
accept: */*

Response DefaultHttpResponse(decodeResult: success, version: HTTP/1.1)
HTTP/1.1 200 OK
Content-Type: application/json; charset=utf-8
cache-control: no-cache
content-length: 18

08:33:37.224 [AsyncHttpClient-1-17] DEBUG org.asynchttpclient.netty.channel.ChannelManager - Adding key: http://localhost:49516 for channel [id: 0x0a4a02e8, L:/127.0.0.1:60435 - R:localhost/127.0.0.1:49516]
08:33:37.231 [Forwarding isElementEnabled on session 5e7d2eb32cf6a306f4d1e7ad3a0d79f1 to remote] DEBUG org.asynchttpclient.netty.request.NettyRequestSender - Using pooled Channel '[id: 0x0a4a02e8, L:/127.0.0.1:60435 - R:localhost/127.0.0.1:49516]' for 'GET' to 'http://localhost:49516/session/5e7d2eb32cf6a306f4d1e7ad3a0d79f1/element/d7410407-5b54-4191-a89d-74977769001e/enabled'
08:33:37.231 [Forwarding isElementEnabled on session 5e7d2eb32cf6a306f4d1e7ad3a0d79f1 to remote] DEBUG org.asynchttpclient.netty.request.NettyRequestSender - Using open Channel [id: 0x0a4a02e8, L:/127.0.0.1:60435 - R:localhost/127.0.0.1:49516] for GET '/session/5e7d2eb32cf6a306f4d1e7ad3a0d79f1/element/d7410407-5b54-4191-a89d-74977769001e/enabled'
08:33:37.246 [AsyncHttpClient-1-17] DEBUG org.asynchttpclient.netty.handler.HttpHandler - 

Request DefaultFullHttpRequest(decodeResult: success, version: HTTP/1.1, content: EmptyByteBufBE)
GET /session/5e7d2eb32cf6a306f4d1e7ad3a0d79f1/element/d7410407-5b54-4191-a89d-74977769001e/enabled HTTP/1.1
User-Agent: selenium/4.1.2 (java windows)
Cache-Control: no-cache
Content-Type: application/json; charset=utf-8
host: localhost:49516
accept: */*

Response DefaultHttpResponse(decodeResult: success, version: HTTP/1.1)
HTTP/1.1 200 OK
Content-Type: application/json; charset=utf-8
cache-control: no-cache
content-length: 14

08:33:37.247 [AsyncHttpClient-1-17] DEBUG org.asynchttpclient.netty.channel.ChannelManager - Adding key: http://localhost:49516 for channel [id: 0x0a4a02e8, L:/127.0.0.1:60435 - R:localhost/127.0.0.1:49516]
08:33:37.250 [Forwarding isElementEnabled on session 5e7d2eb32cf6a306f4d1e7ad3a0d79f1 to remote] DEBUG org.asynchttpclient.netty.request.NettyRequestSender - Using pooled Channel '[id: 0x0a4a02e8, L:/127.0.0.1:60435 - R:localhost/127.0.0.1:49516]' for 'GET' to 'http://localhost:49516/session/5e7d2eb32cf6a306f4d1e7ad3a0d79f1/element/d7410407-5b54-4191-a89d-74977769001e/enabled'
08:33:37.250 [Forwarding isElementEnabled on session 5e7d2eb32cf6a306f4d1e7ad3a0d79f1 to remote] DEBUG org.asynchttpclient.netty.request.NettyRequestSender - Using open Channel [id: 0x0a4a02e8, L:/127.0.0.1:60435 - R:localhost/127.0.0.1:49516] for GET '/session/5e7d2eb32cf6a306f4d1e7ad3a0d79f1/element/d7410407-5b54-4191-a89d-74977769001e/enabled'
08:33:37.267 [AsyncHttpClient-1-17] DEBUG org.asynchttpclient.netty.handler.HttpHandler - 

Request DefaultFullHttpRequest(decodeResult: success, version: HTTP/1.1, content: EmptyByteBufBE)
GET /session/5e7d2eb32cf6a306f4d1e7ad3a0d79f1/element/d7410407-5b54-4191-a89d-74977769001e/enabled HTTP/1.1
User-Agent: selenium/4.1.2 (java windows)
Cache-Control: no-cache
Content-Type: application/json; charset=utf-8
host: localhost:49516
accept: */*

Response DefaultHttpResponse(decodeResult: success, version: HTTP/1.1)
HTTP/1.1 200 OK
Content-Type: application/json; charset=utf-8
cache-control: no-cache
content-length: 14

08:33:37.268 [AsyncHttpClient-1-17] DEBUG org.asynchttpclient.netty.channel.ChannelManager - Adding key: http://localhost:49516 for channel [id: 0x0a4a02e8, L:/127.0.0.1:60435 - R:localhost/127.0.0.1:49516]
08:33:37.272 [Forwarding findElement on session 5e7d2eb32cf6a306f4d1e7ad3a0d79f1 to remote] DEBUG org.asynchttpclient.netty.request.NettyRequestSender - Using pooled Channel '[id: 0x0a4a02e8, L:/127.0.0.1:60435 - R:localhost/127.0.0.1:49516]' for 'POST' to 'http://localhost:49516/session/5e7d2eb32cf6a306f4d1e7ad3a0d79f1/element'
08:33:37.272 [Forwarding findElement on session 5e7d2eb32cf6a306f4d1e7ad3a0d79f1 to remote] DEBUG org.asynchttpclient.netty.request.NettyRequestSender - Using open Channel [id: 0x0a4a02e8, L:/127.0.0.1:60435 - R:localhost/127.0.0.1:49516] for POST '/session/5e7d2eb32cf6a306f4d1e7ad3a0d79f1/element'
08:33:37.286 [AsyncHttpClient-1-17] DEBUG org.asynchttpclient.netty.handler.HttpHandler - 

Request DefaultHttpRequest(decodeResult: success, version: HTTP/1.1)
POST /session/5e7d2eb32cf6a306f4d1e7ad3a0d79f1/element HTTP/1.1
User-Agent: selenium/4.1.2 (java windows)
Content-Length: 72
Content-Type: application/json; charset=utf-8
host: localhost:49516
accept: */*

Response DefaultHttpResponse(decodeResult: success, version: HTTP/1.1)
HTTP/1.1 200 OK
Content-Type: application/json; charset=utf-8
cache-control: no-cache
content-length: 88

08:33:37.286 [AsyncHttpClient-1-17] DEBUG org.asynchttpclient.netty.channel.ChannelManager - Adding key: http://localhost:49516 for channel [id: 0x0a4a02e8, L:/127.0.0.1:60435 - R:localhost/127.0.0.1:49516]
08:33:37.289 [Forwarding clickElement on session 5e7d2eb32cf6a306f4d1e7ad3a0d79f1 to remote] DEBUG org.asynchttpclient.netty.request.NettyRequestSender - Using pooled Channel '[id: 0x0a4a02e8, L:/127.0.0.1:60435 - R:localhost/127.0.0.1:49516]' for 'POST' to 'http://localhost:49516/session/5e7d2eb32cf6a306f4d1e7ad3a0d79f1/element/d7410407-5b54-4191-a89d-74977769001e/click'
08:33:37.289 [Forwarding clickElement on session 5e7d2eb32cf6a306f4d1e7ad3a0d79f1 to remote] DEBUG org.asynchttpclient.netty.request.NettyRequestSender - Using open Channel [id: 0x0a4a02e8, L:/127.0.0.1:60435 - R:localhost/127.0.0.1:49516] for POST '/session/5e7d2eb32cf6a306f4d1e7ad3a0d79f1/element/d7410407-5b54-4191-a89d-74977769001e/click'
08:33:37.363 [AsyncHttpClient-1-17] DEBUG org.asynchttpclient.netty.handler.HttpHandler - 

Request DefaultHttpRequest(decodeResult: success, version: HTTP/1.1)
POST /session/5e7d2eb32cf6a306f4d1e7ad3a0d79f1/element/d7410407-5b54-4191-a89d-74977769001e/click HTTP/1.1
User-Agent: selenium/4.1.2 (java windows)
Content-Length: 50
Content-Type: application/json; charset=utf-8
host: localhost:49516
accept: */*

Response DefaultHttpResponse(decodeResult: success, version: HTTP/1.1)
HTTP/1.1 200 OK
Content-Type: application/json; charset=utf-8
cache-control: no-cache
content-length: 14

08:33:37.364 [AsyncHttpClient-1-17] DEBUG org.asynchttpclient.netty.channel.ChannelManager - Adding key: http://localhost:49516 for channel [id: 0x0a4a02e8, L:/127.0.0.1:60435 - R:localhost/127.0.0.1:49516]
08:33:37.374 [Forwarding screenshot on session 5e7d2eb32cf6a306f4d1e7ad3a0d79f1 to remote] DEBUG org.asynchttpclient.netty.request.NettyRequestSender - Using pooled Channel '[id: 0x0a4a02e8, L:/127.0.0.1:60435 - R:localhost/127.0.0.1:49516]' for 'GET' to 'http://localhost:49516/session/5e7d2eb32cf6a306f4d1e7ad3a0d79f1/screenshot'
08:33:37.375 [Forwarding screenshot on session 5e7d2eb32cf6a306f4d1e7ad3a0d79f1 to remote] DEBUG org.asynchttpclient.netty.request.NettyRequestSender - Using open Channel [id: 0x0a4a02e8, L:/127.0.0.1:60435 - R:localhost/127.0.0.1:49516] for GET '/session/5e7d2eb32cf6a306f4d1e7ad3a0d79f1/screenshot'
08:33:37.729 [AsyncHttpClient-1-1] DEBUG org.asynchttpclient.netty.channel.DefaultChannelPool - Entry count for : http://localhost:60436 : 1
08:33:37.762 [AsyncHttpClient-1-17] DEBUG org.asynchttpclient.netty.handler.HttpHandler - 

Request DefaultFullHttpRequest(decodeResult: success, version: HTTP/1.1, content: EmptyByteBufBE)
GET /session/5e7d2eb32cf6a306f4d1e7ad3a0d79f1/screenshot HTTP/1.1
User-Agent: selenium/4.1.2 (java windows)
Cache-Control: no-cache
Content-Type: application/json; charset=utf-8
host: localhost:49516
accept: */*

Response DefaultHttpResponse(decodeResult: success, version: HTTP/1.1)
HTTP/1.1 200 OK
Content-Type: application/json; charset=utf-8
cache-control: no-cache
content-length: 49628

08:33:37.763 [AsyncHttpClient-1-17] DEBUG org.asynchttpclient.netty.channel.ChannelManager - Adding key: http://localhost:49516 for channel [id: 0x0a4a02e8, L:/127.0.0.1:60435 - R:localhost/127.0.0.1:49516]
08:33:37.766 [main] DEBUG net.serenitybdd.core.photography.Darkroom - Send negative for processing for target\site\serenity\6cf5bb8de3782e489da6076b2c6df902eba763819dfa062f567aed0503ce52e8.png
08:33:37.766 [main] DEBUG net.thucydides.core.steps.StepInterceptor - STEP DONE: clickLogin
  &amp#27;[32mAnd &amp#27;[0m&amp#27;[32mclick login button&amp#27;[0m                 &amp#27;[90m# starter.stepdefinitions.stepdefinition.clickLoginButton()&amp#27;[0m
08:33:37.767 [Darkroom Processing Line] DEBUG net.serenitybdd.core.photography.DarkroomProcessingLine - Processing screenshot image in /var/screenshots/screenshot-17850288849152061887
08:33:37.767 [Darkroom Processing Line] DEBUG net.serenitybdd.core.photography.DarkroomProcessingLine - Saving screenshot to target\site\serenity\6cf5bb8de3782e489da6076b2c6df902eba763819dfa062f567aed0503ce52e8.png
08:33:37.799 [main] DEBUG net.thucydides.core.steps.StepInterceptor - STARTING STEP: stepdefinition.iGetThe - validateLoginApp
08:33:37.803 [Forwarding findElement on session 5e7d2eb32cf6a306f4d1e7ad3a0d79f1 to remote] DEBUG org.asynchttpclient.netty.request.NettyRequestSender - Using pooled Channel '[id: 0x0a4a02e8, L:/127.0.0.1:60435 - R:localhost/127.0.0.1:49516]' for 'POST' to 'http://localhost:49516/session/5e7d2eb32cf6a306f4d1e7ad3a0d79f1/element'
08:33:37.803 [Forwarding findElement on session 5e7d2eb32cf6a306f4d1e7ad3a0d79f1 to remote] DEBUG org.asynchttpclient.netty.request.NettyRequestSender - Using open Channel [id: 0x0a4a02e8, L:/127.0.0.1:60435 - R:localhost/127.0.0.1:49516] for POST '/session/5e7d2eb32cf6a306f4d1e7ad3a0d79f1/element'
08:33:37.808 [AsyncHttpClient-1-17] DEBUG org.asynchttpclient.netty.handler.HttpHandler - 

Request DefaultHttpRequest(decodeResult: success, version: HTTP/1.1)
POST /session/5e7d2eb32cf6a306f4d1e7ad3a0d79f1/element HTTP/1.1
User-Agent: selenium/4.1.2 (java windows)
Content-Length: 50
Content-Type: application/json; charset=utf-8
host: localhost:49516
accept: */*

Response DefaultHttpResponse(decodeResult: success, version: HTTP/1.1)
HTTP/1.1 400 Bad Request
Content-Type: application/json; charset=utf-8
cache-control: no-cache
content-length: 957

08:33:37.808 [AsyncHttpClient-1-17] DEBUG org.asynchttpclient.netty.channel.ChannelManager - Adding key: http://localhost:49516 for channel [id: 0x0a4a02e8, L:/127.0.0.1:60435 - R:localhost/127.0.0.1:49516]
08:33:37.813 [Forwarding findElement on session 5e7d2eb32cf6a306f4d1e7ad3a0d79f1 to remote] DEBUG org.asynchttpclient.netty.request.NettyRequestSender - Using pooled Channel '[id: 0x0a4a02e8, L:/127.0.0.1:60435 - R:localhost/127.0.0.1:49516]' for 'POST' to 'http://localhost:49516/session/5e7d2eb32cf6a306f4d1e7ad3a0d79f1/element'
08:33:37.813 [Forwarding findElement on session 5e7d2eb32cf6a306f4d1e7ad3a0d79f1 to remote] DEBUG org.asynchttpclient.netty.request.NettyRequestSender - Using open Channel [id: 0x0a4a02e8, L:/127.0.0.1:60435 - R:localhost/127.0.0.1:49516] for POST '/session/5e7d2eb32cf6a306f4d1e7ad3a0d79f1/element'
08:33:37.834 [AsyncHttpClient-1-17] DEBUG org.asynchttpclient.netty.handler.HttpHandler - 

Request DefaultHttpRequest(decodeResult: success, version: HTTP/1.1)
POST /session/5e7d2eb32cf6a306f4d1e7ad3a0d79f1/element HTTP/1.1
User-Agent: selenium/4.1.2 (java windows)
Content-Length: 60
Content-Type: application/json; charset=utf-8
host: localhost:49516
accept: */*

Response DefaultHttpResponse(decodeResult: success, version: HTTP/1.1)
HTTP/1.1 200 OK
Content-Type: application/json; charset=utf-8
cache-control: no-cache
content-length: 88

08:33:37.834 [AsyncHttpClient-1-17] DEBUG org.asynchttpclient.netty.channel.ChannelManager - Adding key: http://localhost:49516 for channel [id: 0x0a4a02e8, L:/127.0.0.1:60435 - R:localhost/127.0.0.1:49516]
08:33:37.841 [Forwarding isElementDisplayed on session 5e7d2eb32cf6a306f4d1e7ad3a0d79f1 to remote] DEBUG org.asynchttpclient.netty.request.NettyRequestSender - Using pooled Channel '[id: 0x0a4a02e8, L:/127.0.0.1:60435 - R:localhost/127.0.0.1:49516]' for 'POST' to 'http://localhost:49516/session/5e7d2eb32cf6a306f4d1e7ad3a0d79f1/execute/sync'
08:33:37.841 [Forwarding isElementDisplayed on session 5e7d2eb32cf6a306f4d1e7ad3a0d79f1 to remote] DEBUG org.asynchttpclient.netty.request.NettyRequestSender - Using open Channel [id: 0x0a4a02e8, L:/127.0.0.1:60435 - R:localhost/127.0.0.1:49516] for POST '/session/5e7d2eb32cf6a306f4d1e7ad3a0d79f1/execute/sync'
08:33:37.865 [AsyncHttpClient-1-17] DEBUG org.asynchttpclient.netty.handler.HttpHandler - 

Request DefaultHttpRequest(decodeResult: success, version: HTTP/1.1)
POST /session/5e7d2eb32cf6a306f4d1e7ad3a0d79f1/execute/sync HTTP/1.1
User-Agent: selenium/4.1.2 (java windows)
Content-Length: 48780
Content-Type: application/json; charset=utf-8
host: localhost:49516
accept: */*

Response DefaultHttpResponse(decodeResult: success, version: HTTP/1.1)
HTTP/1.1 200 OK
Content-Type: application/json; charset=utf-8
cache-control: no-cache
content-length: 14

08:33:37.865 [AsyncHttpClient-1-17] DEBUG org.asynchttpclient.netty.channel.ChannelManager - Adding key: http://localhost:49516 for channel [id: 0x0a4a02e8, L:/127.0.0.1:60435 - R:localhost/127.0.0.1:49516]
08:33:37.875 [Forwarding screenshot on session 5e7d2eb32cf6a306f4d1e7ad3a0d79f1 to remote] DEBUG org.asynchttpclient.netty.request.NettyRequestSender - Using pooled Channel '[id: 0x0a4a02e8, L:/127.0.0.1:60435 - R:localhost/127.0.0.1:49516]' for 'GET' to 'http://localhost:49516/session/5e7d2eb32cf6a306f4d1e7ad3a0d79f1/screenshot'
08:33:37.875 [Forwarding screenshot on session 5e7d2eb32cf6a306f4d1e7ad3a0d79f1 to remote] DEBUG org.asynchttpclient.netty.request.NettyRequestSender - Using open Channel [id: 0x0a4a02e8, L:/127.0.0.1:60435 - R:localhost/127.0.0.1:49516] for GET '/session/5e7d2eb32cf6a306f4d1e7ad3a0d79f1/screenshot'
08:33:38.075 [AsyncHttpClient-1-17] DEBUG org.asynchttpclient.netty.handler.HttpHandler - 

Request DefaultFullHttpRequest(decodeResult: success, version: HTTP/1.1, content: EmptyByteBufBE)
GET /session/5e7d2eb32cf6a306f4d1e7ad3a0d79f1/screenshot HTTP/1.1
User-Agent: selenium/4.1.2 (java windows)
Cache-Control: no-cache
Content-Type: application/json; charset=utf-8
host: localhost:49516
accept: */*

Response DefaultHttpResponse(decodeResult: success, version: HTTP/1.1)
HTTP/1.1 200 OK
Content-Type: application/json; charset=utf-8
cache-control: no-cache
content-length: 54232

08:33:38.076 [AsyncHttpClient-1-17] DEBUG org.asynchttpclient.netty.channel.ChannelManager - Adding key: http://localhost:49516 for channel [id: 0x0a4a02e8, L:/127.0.0.1:60435 - R:localhost/127.0.0.1:49516]
08:33:38.080 [main] DEBUG net.serenitybdd.core.photography.Darkroom - Send negative for processing for target\site\serenity\c6b76b2ef2104777abcc644646101e2333579984b91020eadb71d329e3ab49da.png
08:33:38.081 [main] DEBUG net.thucydides.core.steps.StepInterceptor - STEP DONE: validateLoginApp
08:33:38.081 [Darkroom Processing Line] DEBUG net.serenitybdd.core.photography.DarkroomProcessingLine - Processing screenshot image in /var/screenshots/screenshot-6984060349654922958
08:33:38.081 [Darkroom Processing Line] DEBUG net.serenitybdd.core.photography.DarkroomProcessingLine - Saving screenshot to target\site\serenity\c6b76b2ef2104777abcc644646101e2333579984b91020eadb71d329e3ab49da.png
08:33:38.088 [main] DEBUG net.thucydides.core.steps.StepInterceptor - STARTING STEP: stepdefinition.iGetThe - displayErrorMessage
08:33:38.092 [main] DEBUG net.thucydides.core.steps.StepInterceptor - STEP DONE: displayErrorMessage
  &amp#27;[32mThen &amp#27;[0m&amp#27;[32mi get the &amp#27;[0m&amp#27;[32m&amp#27;[1m"Login Page"&amp#27;[0m            &amp#27;[90m# starter.stepdefinitions.stepdefinition.iGetThe(java.lang.String)&amp#27;[0m
08:33:38.109 [AsyncHttpClient-1-3] DEBUG org.asynchttpclient.netty.handler.WebSocketHandler - Channel Closed: [id: 0xdd6fdc17, L:/127.0.0.1:60443 ! R:localhost/127.0.0.1:60436] with attribute NettyResponseFuture{currentRetry=5,
	isDone=1,
	isCancelled=0,
	asyncHandler=org.asynchttpclient.ws.WebSocketUpgradeHandler@6b40dad7,
	nettyRequest=org.asynchttpclient.netty.request.NettyRequest@115ba54b,
	future=java.util.concurrent.CompletableFuture@14dfae71[Completed normally],
	uri=ws://localhost:60436/devtools/browser/c9792d80-4f4c-424c-a21a-6622788ec47d,
	keepAlive=true,
	redirectCount=0,
	timeoutsHolder=null,
	inAuth=0,
	touch=1652837609182}
08:33:38.110 [AsyncHttpClient-1-3] DEBUG org.asynchttpclient.netty.channel.ChannelManager - Closing Channel [id: 0xdd6fdc17, L:/127.0.0.1:60443 ! R:localhost/127.0.0.1:60436] 
08:33:38.110 [Driver Command Executor] DEBUG org.asynchttpclient.netty.request.NettyRequestSender - Using pooled Channel '[id: 0x0a4a02e8, L:/127.0.0.1:60435 - R:localhost/127.0.0.1:49516]' for 'DELETE' to 'http://localhost:49516/session/5e7d2eb32cf6a306f4d1e7ad3a0d79f1'
08:33:38.110 [Driver Command Executor] DEBUG org.asynchttpclient.netty.request.NettyRequestSender - Using open Channel [id: 0x0a4a02e8, L:/127.0.0.1:60435 - R:localhost/127.0.0.1:49516] for DELETE '/session/5e7d2eb32cf6a306f4d1e7ad3a0d79f1'
08:33:38.172 [AsyncHttpClient-1-2] DEBUG org.asynchttpclient.netty.handler.HttpHandler - Unexpected I/O exception on channel [id: 0x0e218123, L:/127.0.0.1:60442 - R:localhost/127.0.0.1:60436]
java.net.SocketException: Connection reset
	at java.base/sun.nio.ch.SocketChannelImpl.throwConnectionReset(SocketChannelImpl.java:367)
	at java.base/sun.nio.ch.SocketChannelImpl.read(SocketChannelImpl.java:398)
	at io.netty.buffer.PooledByteBuf.setBytes(PooledByteBuf.java:258)
	at io.netty.buffer.AbstractByteBuf.writeBytes(AbstractByteBuf.java:1132)
	at io.netty.channel.socket.nio.NioSocketChannel.doReadBytes(NioSocketChannel.java:350)
	at io.netty.channel.nio.AbstractNioByteChannel$NioByteUnsafe.read(AbstractNioByteChannel.java:151)
	at io.netty.channel.nio.NioEventLoop.processSelectedKey(NioEventLoop.java:722)
	at io.netty.channel.nio.NioEventLoop.processSelectedKeysOptimized(NioEventLoop.java:658)
	at io.netty.channel.nio.NioEventLoop.processSelectedKeys(NioEventLoop.java:584)
	at io.netty.channel.nio.NioEventLoop.run(NioEventLoop.java:496)
	at io.netty.util.concurrent.SingleThreadEventExecutor$4.run(SingleThreadEventExecutor.java:986)
	at io.netty.util.internal.ThreadExecutorMap$2.run(ThreadExecutorMap.java:74)
	at io.netty.util.concurrent.FastThreadLocalRunnable.run(FastThreadLocalRunnable.java:30)
	at java.base/java.lang.Thread.run(Thread.java:832)
08:33:38.172 [AsyncHttpClient-1-2] DEBUG org.asynchttpclient.netty.channel.ChannelManager - Closing Channel [id: 0x0e218123, L:/127.0.0.1:60442 - R:localhost/127.0.0.1:60436] 
08:33:38.173 [AsyncHttpClient-1-2] DEBUG org.asynchttpclient.netty.handler.HttpHandler - Channel Closed: [id: 0x0e218123, L:/127.0.0.1:60442 ! R:localhost/127.0.0.1:60436] with attribute DISCARD
08:33:38.200 [AsyncHttpClient-1-17] DEBUG org.asynchttpclient.netty.handler.HttpHandler - 

Request DefaultFullHttpRequest(decodeResult: success, version: HTTP/1.1, content: EmptyByteBufBE)
DELETE /session/5e7d2eb32cf6a306f4d1e7ad3a0d79f1 HTTP/1.1
User-Agent: selenium/4.1.2 (java windows)
Content-Type: application/json; charset=utf-8
host: localhost:49516
accept: */*

Response DefaultHttpResponse(decodeResult: success, version: HTTP/1.1)
HTTP/1.1 200 OK
Content-Type: application/json; charset=utf-8
cache-control: no-cache
content-length: 14

08:33:38.201 [AsyncHttpClient-1-17] DEBUG org.asynchttpclient.netty.channel.ChannelManager - Adding key: http://localhost:49516 for channel [id: 0x0a4a02e8, L:/127.0.0.1:60435 - R:localhost/127.0.0.1:49516]
08:33:38.389 [AsyncHttpClient-1-17] DEBUG org.asynchttpclient.netty.handler.HttpHandler - Channel Closed: [id: 0x0a4a02e8, L:/127.0.0.1:60435 ! R:localhost/127.0.0.1:49516] with attribute DISCARD
08:33:38.827 [AsyncHttpClient-1-1] DEBUG org.asynchttpclient.netty.channel.DefaultChannelPool - Entry count for : http://localhost:49516 : 1
08:33:38.827 [AsyncHttpClient-1-1] DEBUG org.asynchttpclient.netty.channel.DefaultChannelPool - Entry count for : http://localhost:60436 : 1
08:33:38.827 [AsyncHttpClient-1-1] DEBUG org.asynchttpclient.netty.channel.DefaultChannelPool - Adding Candidate expired Channel [id: 0x0a4a02e8, L:/127.0.0.1:60435 ! R:localhost/127.0.0.1:49516] isIdleTimeoutExpired=false isRemotelyClosed=true isTtlExpired=false
08:33:38.827 [AsyncHttpClient-1-1] DEBUG org.asynchttpclient.netty.channel.DefaultChannelPool - Closing Idle Channel [id: 0x0a4a02e8, L:/127.0.0.1:60435 ! R:localhost/127.0.0.1:49516]
08:33:38.827 [AsyncHttpClient-1-1] DEBUG org.asynchttpclient.netty.channel.DefaultChannelPool - Adding Candidate expired Channel [id: 0x0e218123, L:/127.0.0.1:60442 ! R:localhost/127.0.0.1:60436] isIdleTimeoutExpired=false isRemotelyClosed=true isTtlExpired=false
08:33:38.827 [AsyncHttpClient-1-1] DEBUG org.asynchttpclient.netty.channel.DefaultChannelPool - Closing Idle Channel [id: 0x0e218123, L:/127.0.0.1:60442 ! R:localhost/127.0.0.1:60436]
08:33:38.827 [AsyncHttpClient-1-1] DEBUG org.asynchttpclient.netty.channel.DefaultChannelPool - Closed 2 connections out of 2 in 0 ms
]]></system-out>
    <system-err><![CDATA[Starting ChromeDriver 101.0.4951.41 (93c720db8323b3ec10d056025ab95c23a31997c9-refs/branch-heads/4951@{#904}) on port 49516
Only local connections are allowed.
Please see https://chromedriver.chromium.org/security-considerations for suggestions on keeping ChromeDriver safe.
ChromeDriver was started successfully.
May 18, 2022 8:33:29 AM org.openqa.selenium.remote.ProtocolHandshake createSession
INFO: Detected dialect: W3C
May 18, 2022 8:33:29 AM org.openqa.selenium.devtools.CdpVersionFinder findNearestMatch
WARNING: Unable to find an exact match for CDP version 101, so returning the closest version found: 97
May 18, 2022 8:33:29 AM org.openqa.selenium.devtools.CdpVersionFinder findNearestMatch
INFO: Found CDP implementation for version 101 of 97
]]></system-err>
  </testcase>
  <testcase name="Login scenario #7" classname="Login" time="12.306">
    <system-out><![CDATA[
@DDT
Scenario Outline: Login scenario         &amp#27;[90m# src/test/resources/features/login.feature:23&amp#27;[0m
08:33:38.921 [main] INFO io.cucumber.core.plugin.SerenityReporter - Running feature from file:///D:/PERKULIAHAN/Semester%206,Hebatt%20glad!/Altera/QE_Gladys-Cindana-Asri-Pardosi/Mini-Project/Web/src/test/resources/features/login.feature
08:33:38.972 [main] DEBUG net.thucydides.core.steps.StepInterceptor - STARTING STEP: stepdefinition.iAmOnLoginPage - openUrl
08:33:38.974 [main] INFO net.serenitybdd.core.webdriver.driverproviders.ChromeDriverProvider - Using automatically driver download
08:33:39.124 [main] DEBUG io.github.bonigarcia.wdm.cache.ResolutionCache - Resolution chrome=101 in cache (valid until 09:23:35 18/05/2022 WIB)
08:33:39.130 [main] DEBUG io.github.bonigarcia.wdm.cache.ResolutionCache - Resolution chrome101=101.0.4951.41 in cache (valid until 18:48:44 18/05/2022 WIB)
08:33:39.133 [main] INFO io.github.bonigarcia.wdm.WebDriverManager - Using chromedriver 101.0.4951.41 (resolved driver for Chrome 101)
08:33:39.150 [main] DEBUG io.github.bonigarcia.wdm.WebDriverManager - Driver chromedriver 101.0.4951.41 found in cache
08:33:39.151 [main] INFO io.github.bonigarcia.wdm.WebDriverManager - Exporting webdriver.chrome.driver as C:\Users\ASUS\.cache\selenium\chromedriver\win32\101.0.4951.41\chromedriver.exe
08:33:39.300 [main] DEBUG net.serenitybdd.core.webdriver.driverproviders.ProvideNewDriver - Instantiating driver
08:33:39.300 [main] DEBUG net.serenitybdd.core.webdriver.driverproviders.ProvideNewDriver - Driver capabilities: Capabilities {acceptInsecureCerts: false, base.url: , browserName: chrome, goog:chromeOptions: {args: [], extensions: []}}
08:33:39.863 [AsyncHttpClient-1-4] DEBUG org.asynchttpclient.netty.channel.NettyConnectListener - Using new Channel '[id: 0x34f11067, L:/127.0.0.1:60470 - R:localhost/127.0.0.1:49219]' for 'POST' to '/session'
08:33:41.258 [AsyncHttpClient-1-4] DEBUG org.asynchttpclient.netty.handler.HttpHandler - 

Request DefaultHttpRequest(decodeResult: success, version: HTTP/1.1)
POST /session HTTP/1.1
User-Agent: selenium/4.1.2 (java windows)
Content-Length: 457
Content-Type: application/json; charset=utf-8
host: localhost:49219
accept: */*

Response DefaultHttpResponse(decodeResult: success, version: HTTP/1.1)
HTTP/1.1 200 OK
Content-Type: application/json; charset=utf-8
cache-control: no-cache
content-length: 789

08:33:41.259 [AsyncHttpClient-1-4] DEBUG org.asynchttpclient.netty.channel.ChannelManager - Adding key: http://localhost:49219 for channel [id: 0x34f11067, L:/127.0.0.1:60470 - R:localhost/127.0.0.1:49219]
08:33:41.280 [AsyncHttpClient-1-5] DEBUG org.asynchttpclient.netty.channel.NettyConnectListener - Using new Channel '[id: 0xcb7a8872, L:/127.0.0.1:60478 - R:localhost/127.0.0.1:60471]' for 'GET' to '/json/version'
08:33:41.282 [AsyncHttpClient-1-5] DEBUG org.asynchttpclient.netty.handler.HttpHandler - 

Request DefaultFullHttpRequest(decodeResult: success, version: HTTP/1.1, content: EmptyByteBufBE)
GET /json/version HTTP/1.1
User-Agent: selenium/4.1.2 (java windows)
host: localhost:60471
accept: */*

Response DefaultHttpResponse(decodeResult: success, version: HTTP/1.1)
HTTP/1.1 200 OK
Content-Type: application/json; charset=UTF-8
content-length: 427

08:33:41.283 [AsyncHttpClient-1-5] DEBUG org.asynchttpclient.netty.channel.ChannelManager - Adding key: http://localhost:60471 for channel [id: 0xcb7a8872, L:/127.0.0.1:60478 - R:localhost/127.0.0.1:60471]
08:33:41.290 [AsyncHttpClient-1-6] DEBUG org.asynchttpclient.netty.channel.NettyConnectListener - Using new Channel '[id: 0x1569bcd5, L:/127.0.0.1:60479 - R:localhost/127.0.0.1:60471]' for 'GET' to '/devtools/browser/7d955920-e9f0-45ce-b5fa-8eacc01af830'
08:33:41.292 [AsyncHttpClient-1-6] DEBUG org.asynchttpclient.netty.handler.WebSocketHandler - 

Request DefaultFullHttpRequest(decodeResult: success, version: HTTP/1.1, content: EmptyByteBufBE)
GET /devtools/browser/7d955920-e9f0-45ce-b5fa-8eacc01af830 HTTP/1.1
upgrade: websocket
connection: upgrade
sec-websocket-key: +OZZxArnFR9/CCFSDNvgBw==
sec-websocket-version: 13
origin: http://localhost:60471
host: localhost:60471
accept: */*
user-agent: AHC/2.1

Response DefaultHttpResponse(decodeResult: success, version: HTTP/1.1)
HTTP/1.1 101 WebSocket Protocol Handshake
Upgrade: WebSocket
Connection: Upgrade
Sec-WebSocket-Accept: 73MQpzGhfZTEHiGzjbTYlWUMWFI=

08:33:41.313 [Forwarding get on session 2ba5e7b80065b92ecfa58bc0a17997f1 to remote] DEBUG org.asynchttpclient.netty.request.NettyRequestSender - Using pooled Channel '[id: 0x34f11067, L:/127.0.0.1:60470 - R:localhost/127.0.0.1:49219]' for 'POST' to 'http://localhost:49219/session/2ba5e7b80065b92ecfa58bc0a17997f1/url'
08:33:41.313 [Forwarding get on session 2ba5e7b80065b92ecfa58bc0a17997f1 to remote] DEBUG org.asynchttpclient.netty.request.NettyRequestSender - Using open Channel [id: 0x34f11067, L:/127.0.0.1:60470 - R:localhost/127.0.0.1:49219] for POST '/session/2ba5e7b80065b92ecfa58bc0a17997f1/url'
08:33:42.127 [AsyncHttpClient-1-1] DEBUG org.asynchttpclient.netty.channel.DefaultChannelPool - Entry count for : http://localhost:60471 : 1
08:33:43.230 [AsyncHttpClient-1-1] DEBUG org.asynchttpclient.netty.channel.DefaultChannelPool - Entry count for : http://localhost:60471 : 1
08:33:44.334 [AsyncHttpClient-1-1] DEBUG org.asynchttpclient.netty.channel.DefaultChannelPool - Entry count for : http://localhost:60471 : 1
08:33:45.365 [AsyncHttpClient-1-4] DEBUG org.asynchttpclient.netty.handler.HttpHandler - 

Request DefaultHttpRequest(decodeResult: success, version: HTTP/1.1)
POST /session/2ba5e7b80065b92ecfa58bc0a17997f1/url HTTP/1.1
User-Agent: selenium/4.1.2 (java windows)
Content-Length: 49
Content-Type: application/json; charset=utf-8
host: localhost:49219
accept: */*

Response DefaultHttpResponse(decodeResult: success, version: HTTP/1.1)
HTTP/1.1 200 OK
Content-Type: application/json; charset=utf-8
cache-control: no-cache
content-length: 14

08:33:45.365 [AsyncHttpClient-1-4] DEBUG org.asynchttpclient.netty.channel.ChannelManager - Adding key: http://localhost:49219 for channel [id: 0x34f11067, L:/127.0.0.1:60470 - R:localhost/127.0.0.1:49219]
08:33:45.367 [Forwarding setTimeout on session 2ba5e7b80065b92ecfa58bc0a17997f1 to remote] DEBUG org.asynchttpclient.netty.request.NettyRequestSender - Using pooled Channel '[id: 0x34f11067, L:/127.0.0.1:60470 - R:localhost/127.0.0.1:49219]' for 'POST' to 'http://localhost:49219/session/2ba5e7b80065b92ecfa58bc0a17997f1/timeouts'
08:33:45.367 [Forwarding setTimeout on session 2ba5e7b80065b92ecfa58bc0a17997f1 to remote] DEBUG org.asynchttpclient.netty.request.NettyRequestSender - Using open Channel [id: 0x34f11067, L:/127.0.0.1:60470 - R:localhost/127.0.0.1:49219] for POST '/session/2ba5e7b80065b92ecfa58bc0a17997f1/timeouts'
08:33:45.369 [AsyncHttpClient-1-4] DEBUG org.asynchttpclient.netty.handler.HttpHandler - 

Request DefaultHttpRequest(decodeResult: success, version: HTTP/1.1)
POST /session/2ba5e7b80065b92ecfa58bc0a17997f1/timeouts HTTP/1.1
User-Agent: selenium/4.1.2 (java windows)
Content-Length: 22
Content-Type: application/json; charset=utf-8
host: localhost:49219
accept: */*

Response DefaultHttpResponse(decodeResult: success, version: HTTP/1.1)
HTTP/1.1 200 OK
Content-Type: application/json; charset=utf-8
cache-control: no-cache
content-length: 14

08:33:45.369 [AsyncHttpClient-1-4] DEBUG org.asynchttpclient.netty.channel.ChannelManager - Adding key: http://localhost:49219 for channel [id: 0x34f11067, L:/127.0.0.1:60470 - R:localhost/127.0.0.1:49219]
08:33:45.374 [Forwarding getCurrentUrl on session 2ba5e7b80065b92ecfa58bc0a17997f1 to remote] DEBUG org.asynchttpclient.netty.request.NettyRequestSender - Using pooled Channel '[id: 0x34f11067, L:/127.0.0.1:60470 - R:localhost/127.0.0.1:49219]' for 'GET' to 'http://localhost:49219/session/2ba5e7b80065b92ecfa58bc0a17997f1/url'
08:33:45.374 [Forwarding getCurrentUrl on session 2ba5e7b80065b92ecfa58bc0a17997f1 to remote] DEBUG org.asynchttpclient.netty.request.NettyRequestSender - Using open Channel [id: 0x34f11067, L:/127.0.0.1:60470 - R:localhost/127.0.0.1:49219] for GET '/session/2ba5e7b80065b92ecfa58bc0a17997f1/url'
08:33:45.383 [AsyncHttpClient-1-4] DEBUG org.asynchttpclient.netty.handler.HttpHandler - 

Request DefaultFullHttpRequest(decodeResult: success, version: HTTP/1.1, content: EmptyByteBufBE)
GET /session/2ba5e7b80065b92ecfa58bc0a17997f1/url HTTP/1.1
User-Agent: selenium/4.1.2 (java windows)
Cache-Control: no-cache
Content-Type: application/json; charset=utf-8
host: localhost:49219
accept: */*

Response DefaultHttpResponse(decodeResult: success, version: HTTP/1.1)
HTTP/1.1 200 OK
Content-Type: application/json; charset=utf-8
cache-control: no-cache
content-length: 31

08:33:45.383 [AsyncHttpClient-1-4] DEBUG org.asynchttpclient.netty.channel.ChannelManager - Adding key: http://localhost:49219 for channel [id: 0x34f11067, L:/127.0.0.1:60470 - R:localhost/127.0.0.1:49219]
08:33:45.397 [Forwarding screenshot on session 2ba5e7b80065b92ecfa58bc0a17997f1 to remote] DEBUG org.asynchttpclient.netty.request.NettyRequestSender - Using pooled Channel '[id: 0x34f11067, L:/127.0.0.1:60470 - R:localhost/127.0.0.1:49219]' for 'GET' to 'http://localhost:49219/session/2ba5e7b80065b92ecfa58bc0a17997f1/screenshot'
08:33:45.397 [Forwarding screenshot on session 2ba5e7b80065b92ecfa58bc0a17997f1 to remote] DEBUG org.asynchttpclient.netty.request.NettyRequestSender - Using open Channel [id: 0x34f11067, L:/127.0.0.1:60470 - R:localhost/127.0.0.1:49219] for GET '/session/2ba5e7b80065b92ecfa58bc0a17997f1/screenshot'
08:33:45.427 [AsyncHttpClient-1-1] DEBUG org.asynchttpclient.netty.channel.DefaultChannelPool - Entry count for : http://localhost:60471 : 1
08:33:46.527 [AsyncHttpClient-1-1] DEBUG org.asynchttpclient.netty.channel.DefaultChannelPool - Entry count for : http://localhost:60471 : 1
08:33:47.413 [AsyncHttpClient-1-4] DEBUG org.asynchttpclient.netty.handler.HttpHandler - 

Request DefaultFullHttpRequest(decodeResult: success, version: HTTP/1.1, content: EmptyByteBufBE)
GET /session/2ba5e7b80065b92ecfa58bc0a17997f1/screenshot HTTP/1.1
User-Agent: selenium/4.1.2 (java windows)
Cache-Control: no-cache
Content-Type: application/json; charset=utf-8
host: localhost:49219
accept: */*

Response DefaultHttpResponse(decodeResult: success, version: HTTP/1.1)
HTTP/1.1 200 OK
Content-Type: application/json; charset=utf-8
cache-control: no-cache
content-length: 44748

08:33:47.414 [AsyncHttpClient-1-4] DEBUG org.asynchttpclient.netty.channel.ChannelManager - Adding key: http://localhost:49219 for channel [id: 0x34f11067, L:/127.0.0.1:60470 - R:localhost/127.0.0.1:49219]
08:33:47.418 [main] DEBUG net.serenitybdd.core.photography.Darkroom - Send negative for processing for target\site\serenity\c337b7360e072974a4d4bf0228d04e19fb16c6ec935f3a2a6f50891340ba74fa.png
08:33:47.419 [main] DEBUG net.thucydides.core.steps.StepInterceptor - STEP DONE: openUrl
08:33:47.419 [Darkroom Processing Line] DEBUG net.serenitybdd.core.photography.DarkroomProcessingLine - Processing screenshot image in /var/screenshots/screenshot-13806827915787746709
08:33:47.419 [Darkroom Processing Line] DEBUG net.serenitybdd.core.photography.DarkroomProcessingLine - Saving screenshot to target\site\serenity\c337b7360e072974a4d4bf0228d04e19fb16c6ec935f3a2a6f50891340ba74fa.png
08:33:47.430 [main] DEBUG net.thucydides.core.steps.StepInterceptor - STARTING STEP: stepdefinition.iAmOnLoginPage - clickIconLogin
08:33:47.439 [Forwarding findElement on session 2ba5e7b80065b92ecfa58bc0a17997f1 to remote] DEBUG org.asynchttpclient.netty.request.NettyRequestSender - Using pooled Channel '[id: 0x34f11067, L:/127.0.0.1:60470 - R:localhost/127.0.0.1:49219]' for 'POST' to 'http://localhost:49219/session/2ba5e7b80065b92ecfa58bc0a17997f1/element'
08:33:47.439 [Forwarding findElement on session 2ba5e7b80065b92ecfa58bc0a17997f1 to remote] DEBUG org.asynchttpclient.netty.request.NettyRequestSender - Using open Channel [id: 0x34f11067, L:/127.0.0.1:60470 - R:localhost/127.0.0.1:49219] for POST '/session/2ba5e7b80065b92ecfa58bc0a17997f1/element'
08:33:47.467 [AsyncHttpClient-1-4] DEBUG org.asynchttpclient.netty.handler.HttpHandler - 

Request DefaultHttpRequest(decodeResult: success, version: HTTP/1.1)
POST /session/2ba5e7b80065b92ecfa58bc0a17997f1/element HTTP/1.1
User-Agent: selenium/4.1.2 (java windows)
Content-Length: 170
Content-Type: application/json; charset=utf-8
host: localhost:49219
accept: */*

Response DefaultHttpResponse(decodeResult: success, version: HTTP/1.1)
HTTP/1.1 200 OK
Content-Type: application/json; charset=utf-8
cache-control: no-cache
content-length: 88

08:33:47.467 [AsyncHttpClient-1-4] DEBUG org.asynchttpclient.netty.channel.ChannelManager - Adding key: http://localhost:49219 for channel [id: 0x34f11067, L:/127.0.0.1:60470 - R:localhost/127.0.0.1:49219]
08:33:47.470 [Forwarding getElementTagName on session 2ba5e7b80065b92ecfa58bc0a17997f1 to remote] DEBUG org.asynchttpclient.netty.request.NettyRequestSender - Using pooled Channel '[id: 0x34f11067, L:/127.0.0.1:60470 - R:localhost/127.0.0.1:49219]' for 'GET' to 'http://localhost:49219/session/2ba5e7b80065b92ecfa58bc0a17997f1/element/cfaf4d96-43c7-4876-a517-087cc0b113d0/name'
08:33:47.470 [Forwarding getElementTagName on session 2ba5e7b80065b92ecfa58bc0a17997f1 to remote] DEBUG org.asynchttpclient.netty.request.NettyRequestSender - Using open Channel [id: 0x34f11067, L:/127.0.0.1:60470 - R:localhost/127.0.0.1:49219] for GET '/session/2ba5e7b80065b92ecfa58bc0a17997f1/element/cfaf4d96-43c7-4876-a517-087cc0b113d0/name'
08:33:47.479 [AsyncHttpClient-1-4] DEBUG org.asynchttpclient.netty.handler.HttpHandler - 

Request DefaultFullHttpRequest(decodeResult: success, version: HTTP/1.1, content: EmptyByteBufBE)
GET /session/2ba5e7b80065b92ecfa58bc0a17997f1/element/cfaf4d96-43c7-4876-a517-087cc0b113d0/name HTTP/1.1
User-Agent: selenium/4.1.2 (java windows)
Cache-Control: no-cache
Content-Type: application/json; charset=utf-8
host: localhost:49219
accept: */*

Response DefaultHttpResponse(decodeResult: success, version: HTTP/1.1)
HTTP/1.1 200 OK
Content-Type: application/json; charset=utf-8
cache-control: no-cache
content-length: 13

08:33:47.479 [AsyncHttpClient-1-4] DEBUG org.asynchttpclient.netty.channel.ChannelManager - Adding key: http://localhost:49219 for channel [id: 0x34f11067, L:/127.0.0.1:60470 - R:localhost/127.0.0.1:49219]
08:33:47.482 [Forwarding getElementTagName on session 2ba5e7b80065b92ecfa58bc0a17997f1 to remote] DEBUG org.asynchttpclient.netty.request.NettyRequestSender - Using pooled Channel '[id: 0x34f11067, L:/127.0.0.1:60470 - R:localhost/127.0.0.1:49219]' for 'GET' to 'http://localhost:49219/session/2ba5e7b80065b92ecfa58bc0a17997f1/element/cfaf4d96-43c7-4876-a517-087cc0b113d0/name'
08:33:47.482 [Forwarding getElementTagName on session 2ba5e7b80065b92ecfa58bc0a17997f1 to remote] DEBUG org.asynchttpclient.netty.request.NettyRequestSender - Using open Channel [id: 0x34f11067, L:/127.0.0.1:60470 - R:localhost/127.0.0.1:49219] for GET '/session/2ba5e7b80065b92ecfa58bc0a17997f1/element/cfaf4d96-43c7-4876-a517-087cc0b113d0/name'
08:33:47.487 [AsyncHttpClient-1-4] DEBUG org.asynchttpclient.netty.handler.HttpHandler - 

Request DefaultFullHttpRequest(decodeResult: success, version: HTTP/1.1, content: EmptyByteBufBE)
GET /session/2ba5e7b80065b92ecfa58bc0a17997f1/element/cfaf4d96-43c7-4876-a517-087cc0b113d0/name HTTP/1.1
User-Agent: selenium/4.1.2 (java windows)
Cache-Control: no-cache
Content-Type: application/json; charset=utf-8
host: localhost:49219
accept: */*

Response DefaultHttpResponse(decodeResult: success, version: HTTP/1.1)
HTTP/1.1 200 OK
Content-Type: application/json; charset=utf-8
cache-control: no-cache
content-length: 13

08:33:47.487 [AsyncHttpClient-1-4] DEBUG org.asynchttpclient.netty.channel.ChannelManager - Adding key: http://localhost:49219 for channel [id: 0x34f11067, L:/127.0.0.1:60470 - R:localhost/127.0.0.1:49219]
08:33:47.491 [Forwarding findElement on session 2ba5e7b80065b92ecfa58bc0a17997f1 to remote] DEBUG org.asynchttpclient.netty.request.NettyRequestSender - Using pooled Channel '[id: 0x34f11067, L:/127.0.0.1:60470 - R:localhost/127.0.0.1:49219]' for 'POST' to 'http://localhost:49219/session/2ba5e7b80065b92ecfa58bc0a17997f1/element'
08:33:47.492 [Forwarding findElement on session 2ba5e7b80065b92ecfa58bc0a17997f1 to remote] DEBUG org.asynchttpclient.netty.request.NettyRequestSender - Using open Channel [id: 0x34f11067, L:/127.0.0.1:60470 - R:localhost/127.0.0.1:49219] for POST '/session/2ba5e7b80065b92ecfa58bc0a17997f1/element'
08:33:47.508 [AsyncHttpClient-1-4] DEBUG org.asynchttpclient.netty.handler.HttpHandler - 

Request DefaultHttpRequest(decodeResult: success, version: HTTP/1.1)
POST /session/2ba5e7b80065b92ecfa58bc0a17997f1/element HTTP/1.1
User-Agent: selenium/4.1.2 (java windows)
Content-Length: 170
Content-Type: application/json; charset=utf-8
host: localhost:49219
accept: */*

Response DefaultHttpResponse(decodeResult: success, version: HTTP/1.1)
HTTP/1.1 200 OK
Content-Type: application/json; charset=utf-8
cache-control: no-cache
content-length: 88

08:33:47.509 [AsyncHttpClient-1-4] DEBUG org.asynchttpclient.netty.channel.ChannelManager - Adding key: http://localhost:49219 for channel [id: 0x34f11067, L:/127.0.0.1:60470 - R:localhost/127.0.0.1:49219]
08:33:47.511 [Forwarding clickElement on session 2ba5e7b80065b92ecfa58bc0a17997f1 to remote] DEBUG org.asynchttpclient.netty.request.NettyRequestSender - Using pooled Channel '[id: 0x34f11067, L:/127.0.0.1:60470 - R:localhost/127.0.0.1:49219]' for 'POST' to 'http://localhost:49219/session/2ba5e7b80065b92ecfa58bc0a17997f1/element/cfaf4d96-43c7-4876-a517-087cc0b113d0/click'
08:33:47.511 [Forwarding clickElement on session 2ba5e7b80065b92ecfa58bc0a17997f1 to remote] DEBUG org.asynchttpclient.netty.request.NettyRequestSender - Using open Channel [id: 0x34f11067, L:/127.0.0.1:60470 - R:localhost/127.0.0.1:49219] for POST '/session/2ba5e7b80065b92ecfa58bc0a17997f1/element/cfaf4d96-43c7-4876-a517-087cc0b113d0/click'
08:33:47.575 [AsyncHttpClient-1-4] DEBUG org.asynchttpclient.netty.handler.HttpHandler - 

Request DefaultHttpRequest(decodeResult: success, version: HTTP/1.1)
POST /session/2ba5e7b80065b92ecfa58bc0a17997f1/element/cfaf4d96-43c7-4876-a517-087cc0b113d0/click HTTP/1.1
User-Agent: selenium/4.1.2 (java windows)
Content-Length: 50
Content-Type: application/json; charset=utf-8
host: localhost:49219
accept: */*

Response DefaultHttpResponse(decodeResult: success, version: HTTP/1.1)
HTTP/1.1 200 OK
Content-Type: application/json; charset=utf-8
cache-control: no-cache
content-length: 14

08:33:47.575 [AsyncHttpClient-1-4] DEBUG org.asynchttpclient.netty.channel.ChannelManager - Adding key: http://localhost:49219 for channel [id: 0x34f11067, L:/127.0.0.1:60470 - R:localhost/127.0.0.1:49219]
08:33:47.590 [Forwarding screenshot on session 2ba5e7b80065b92ecfa58bc0a17997f1 to remote] DEBUG org.asynchttpclient.netty.request.NettyRequestSender - Using pooled Channel '[id: 0x34f11067, L:/127.0.0.1:60470 - R:localhost/127.0.0.1:49219]' for 'GET' to 'http://localhost:49219/session/2ba5e7b80065b92ecfa58bc0a17997f1/screenshot'
08:33:47.590 [Forwarding screenshot on session 2ba5e7b80065b92ecfa58bc0a17997f1 to remote] DEBUG org.asynchttpclient.netty.request.NettyRequestSender - Using open Channel [id: 0x34f11067, L:/127.0.0.1:60470 - R:localhost/127.0.0.1:49219] for GET '/session/2ba5e7b80065b92ecfa58bc0a17997f1/screenshot'
08:33:47.633 [AsyncHttpClient-1-1] DEBUG org.asynchttpclient.netty.channel.DefaultChannelPool - Entry count for : http://localhost:60471 : 1
08:33:48.169 [AsyncHttpClient-1-4] DEBUG org.asynchttpclient.netty.handler.HttpHandler - 

Request DefaultFullHttpRequest(decodeResult: success, version: HTTP/1.1, content: EmptyByteBufBE)
GET /session/2ba5e7b80065b92ecfa58bc0a17997f1/screenshot HTTP/1.1
User-Agent: selenium/4.1.2 (java windows)
Cache-Control: no-cache
Content-Type: application/json; charset=utf-8
host: localhost:49219
accept: */*

Response DefaultHttpResponse(decodeResult: success, version: HTTP/1.1)
HTTP/1.1 200 OK
Content-Type: application/json; charset=utf-8
cache-control: no-cache
content-length: 39520

08:33:48.170 [AsyncHttpClient-1-4] DEBUG org.asynchttpclient.netty.channel.ChannelManager - Adding key: http://localhost:49219 for channel [id: 0x34f11067, L:/127.0.0.1:60470 - R:localhost/127.0.0.1:49219]
08:33:48.176 [main] DEBUG net.serenitybdd.core.photography.Darkroom - Send negative for processing for target\site\serenity\1288ad2728c710f67d550c819c438d21557d4755e33a862f2b4f8299bee42c2a.png
08:33:48.176 [main] DEBUG net.thucydides.core.steps.StepInterceptor - STEP DONE: clickIconLogin
  &amp#27;[32mGiven &amp#27;[0m&amp#27;[32mi am on login page&amp#27;[0m               &amp#27;[90m# starter.stepdefinitions.stepdefinition.iAmOnLoginPage()&amp#27;[0m
08:33:48.211 [main] DEBUG net.thucydides.core.steps.StepInterceptor - STARTING STEP: stepdefinition.iInputUsername - inputUsername
08:33:48.216 [Forwarding findElement on session 2ba5e7b80065b92ecfa58bc0a17997f1 to remote] DEBUG org.asynchttpclient.netty.request.NettyRequestSender - Using pooled Channel '[id: 0x34f11067, L:/127.0.0.1:60470 - R:localhost/127.0.0.1:49219]' for 'POST' to 'http://localhost:49219/session/2ba5e7b80065b92ecfa58bc0a17997f1/element'
08:33:48.216 [Forwarding findElement on session 2ba5e7b80065b92ecfa58bc0a17997f1 to remote] DEBUG org.asynchttpclient.netty.request.NettyRequestSender - Using open Channel [id: 0x34f11067, L:/127.0.0.1:60470 - R:localhost/127.0.0.1:49219] for POST '/session/2ba5e7b80065b92ecfa58bc0a17997f1/element'
08:33:48.239 [AsyncHttpClient-1-4] DEBUG org.asynchttpclient.netty.handler.HttpHandler - 

Request DefaultHttpRequest(decodeResult: success, version: HTTP/1.1)
POST /session/2ba5e7b80065b92ecfa58bc0a17997f1/element HTTP/1.1
User-Agent: selenium/4.1.2 (java windows)
Content-Length: 86
Content-Type: application/json; charset=utf-8
host: localhost:49219
accept: */*

Response DefaultHttpResponse(decodeResult: success, version: HTTP/1.1)
HTTP/1.1 200 OK
Content-Type: application/json; charset=utf-8
cache-control: no-cache
content-length: 88

08:33:48.240 [AsyncHttpClient-1-4] DEBUG org.asynchttpclient.netty.channel.ChannelManager - Adding key: http://localhost:49219 for channel [id: 0x34f11067, L:/127.0.0.1:60470 - R:localhost/127.0.0.1:49219]
08:33:48.242 [Forwarding clearElement on session 2ba5e7b80065b92ecfa58bc0a17997f1 to remote] DEBUG org.asynchttpclient.netty.request.NettyRequestSender - Using pooled Channel '[id: 0x34f11067, L:/127.0.0.1:60470 - R:localhost/127.0.0.1:49219]' for 'POST' to 'http://localhost:49219/session/2ba5e7b80065b92ecfa58bc0a17997f1/element/edd52a51-d8cf-40d0-b4ca-1549291e848d/clear'
08:33:48.243 [Forwarding clearElement on session 2ba5e7b80065b92ecfa58bc0a17997f1 to remote] DEBUG org.asynchttpclient.netty.request.NettyRequestSender - Using open Channel [id: 0x34f11067, L:/127.0.0.1:60470 - R:localhost/127.0.0.1:49219] for POST '/session/2ba5e7b80065b92ecfa58bc0a17997f1/element/edd52a51-d8cf-40d0-b4ca-1549291e848d/clear'
08:33:48.304 [AsyncHttpClient-1-4] DEBUG org.asynchttpclient.netty.handler.HttpHandler - 

Request DefaultHttpRequest(decodeResult: success, version: HTTP/1.1)
POST /session/2ba5e7b80065b92ecfa58bc0a17997f1/element/edd52a51-d8cf-40d0-b4ca-1549291e848d/clear HTTP/1.1
User-Agent: selenium/4.1.2 (java windows)
Content-Length: 50
Content-Type: application/json; charset=utf-8
host: localhost:49219
accept: */*

Response DefaultHttpResponse(decodeResult: success, version: HTTP/1.1)
HTTP/1.1 200 OK
Content-Type: application/json; charset=utf-8
cache-control: no-cache
content-length: 14

08:33:48.305 [AsyncHttpClient-1-4] DEBUG org.asynchttpclient.netty.channel.ChannelManager - Adding key: http://localhost:49219 for channel [id: 0x34f11067, L:/127.0.0.1:60470 - R:localhost/127.0.0.1:49219]
08:33:48.309 [Forwarding sendKeysToElement on session 2ba5e7b80065b92ecfa58bc0a17997f1 to remote] DEBUG org.asynchttpclient.netty.request.NettyRequestSender - Using pooled Channel '[id: 0x34f11067, L:/127.0.0.1:60470 - R:localhost/127.0.0.1:49219]' for 'POST' to 'http://localhost:49219/session/2ba5e7b80065b92ecfa58bc0a17997f1/element/edd52a51-d8cf-40d0-b4ca-1549291e848d/value'
08:33:48.309 [Forwarding sendKeysToElement on session 2ba5e7b80065b92ecfa58bc0a17997f1 to remote] DEBUG org.asynchttpclient.netty.request.NettyRequestSender - Using open Channel [id: 0x34f11067, L:/127.0.0.1:60470 - R:localhost/127.0.0.1:49219] for POST '/session/2ba5e7b80065b92ecfa58bc0a17997f1/element/edd52a51-d8cf-40d0-b4ca-1549291e848d/value'
08:33:48.534 [AsyncHttpClient-1-4] DEBUG org.asynchttpclient.netty.handler.HttpHandler - 

Request DefaultHttpRequest(decodeResult: success, version: HTTP/1.1)
POST /session/2ba5e7b80065b92ecfa58bc0a17997f1/element/edd52a51-d8cf-40d0-b4ca-1549291e848d/value HTTP/1.1
User-Agent: selenium/4.1.2 (java windows)
Content-Length: 221
Content-Type: application/json; charset=utf-8
host: localhost:49219
accept: */*

Response DefaultHttpResponse(decodeResult: success, version: HTTP/1.1)
HTTP/1.1 200 OK
Content-Type: application/json; charset=utf-8
cache-control: no-cache
content-length: 14

08:33:48.534 [AsyncHttpClient-1-4] DEBUG org.asynchttpclient.netty.channel.ChannelManager - Adding key: http://localhost:49219 for channel [id: 0x34f11067, L:/127.0.0.1:60470 - R:localhost/127.0.0.1:49219]
08:33:48.541 [Forwarding screenshot on session 2ba5e7b80065b92ecfa58bc0a17997f1 to remote] DEBUG org.asynchttpclient.netty.request.NettyRequestSender - Using pooled Channel '[id: 0x34f11067, L:/127.0.0.1:60470 - R:localhost/127.0.0.1:49219]' for 'GET' to 'http://localhost:49219/session/2ba5e7b80065b92ecfa58bc0a17997f1/screenshot'
08:33:48.542 [Forwarding screenshot on session 2ba5e7b80065b92ecfa58bc0a17997f1 to remote] DEBUG org.asynchttpclient.netty.request.NettyRequestSender - Using open Channel [id: 0x34f11067, L:/127.0.0.1:60470 - R:localhost/127.0.0.1:49219] for GET '/session/2ba5e7b80065b92ecfa58bc0a17997f1/screenshot'
08:33:48.728 [AsyncHttpClient-1-1] DEBUG org.asynchttpclient.netty.channel.DefaultChannelPool - Entry count for : http://localhost:60471 : 1
08:33:48.786 [AsyncHttpClient-1-4] DEBUG org.asynchttpclient.netty.handler.HttpHandler - 

Request DefaultFullHttpRequest(decodeResult: success, version: HTTP/1.1, content: EmptyByteBufBE)
GET /session/2ba5e7b80065b92ecfa58bc0a17997f1/screenshot HTTP/1.1
User-Agent: selenium/4.1.2 (java windows)
Cache-Control: no-cache
Content-Type: application/json; charset=utf-8
host: localhost:49219
accept: */*

Response DefaultHttpResponse(decodeResult: success, version: HTTP/1.1)
HTTP/1.1 200 OK
Content-Type: application/json; charset=utf-8
cache-control: no-cache
content-length: 46392

08:33:48.787 [AsyncHttpClient-1-4] DEBUG org.asynchttpclient.netty.channel.ChannelManager - Adding key: http://localhost:49219 for channel [id: 0x34f11067, L:/127.0.0.1:60470 - R:localhost/127.0.0.1:49219]
08:33:48.792 [main] DEBUG net.serenitybdd.core.photography.Darkroom - Send negative for processing for target\site\serenity\29b788f623e1b6ab0da3bec094c043e5e60712d1dcc71e33853a27cbfcd831d4.png
08:33:48.792 [main] DEBUG net.thucydides.core.steps.StepInterceptor - STEP DONE: inputUsername
  &amp#27;[32mWhen &amp#27;[0m&amp#27;[32mi input &amp#27;[0m&amp#27;[32m&amp#27;[1m"glad@gmail.com"&amp#27;[0m&amp#27;[32m username&amp#27;[0m &amp#27;[90m# starter.stepdefinitions.stepdefinition.iInputUsername(java.lang.String)&amp#27;[0m
08:33:48.793 [Darkroom Processing Line] DEBUG net.serenitybdd.core.photography.DarkroomProcessingLine - Processing screenshot image in /var/screenshots/screenshot-18023643157742310391
08:33:48.793 [Darkroom Processing Line] DEBUG net.serenitybdd.core.photography.DarkroomProcessingLine - Saving screenshot to target\site\serenity\29b788f623e1b6ab0da3bec094c043e5e60712d1dcc71e33853a27cbfcd831d4.png
08:33:48.829 [main] DEBUG net.thucydides.core.steps.StepInterceptor - STARTING STEP: stepdefinition.iInputPassword - inputPassword
08:33:48.836 [Forwarding findElement on session 2ba5e7b80065b92ecfa58bc0a17997f1 to remote] DEBUG org.asynchttpclient.netty.request.NettyRequestSender - Using pooled Channel '[id: 0x34f11067, L:/127.0.0.1:60470 - R:localhost/127.0.0.1:49219]' for 'POST' to 'http://localhost:49219/session/2ba5e7b80065b92ecfa58bc0a17997f1/element'
08:33:48.836 [Forwarding findElement on session 2ba5e7b80065b92ecfa58bc0a17997f1 to remote] DEBUG org.asynchttpclient.netty.request.NettyRequestSender - Using open Channel [id: 0x34f11067, L:/127.0.0.1:60470 - R:localhost/127.0.0.1:49219] for POST '/session/2ba5e7b80065b92ecfa58bc0a17997f1/element'
08:33:48.861 [AsyncHttpClient-1-4] DEBUG org.asynchttpclient.netty.handler.HttpHandler - 

Request DefaultHttpRequest(decodeResult: success, version: HTTP/1.1)
POST /session/2ba5e7b80065b92ecfa58bc0a17997f1/element HTTP/1.1
User-Agent: selenium/4.1.2 (java windows)
Content-Length: 89
Content-Type: application/json; charset=utf-8
host: localhost:49219
accept: */*

Response DefaultHttpResponse(decodeResult: success, version: HTTP/1.1)
HTTP/1.1 200 OK
Content-Type: application/json; charset=utf-8
cache-control: no-cache
content-length: 88

08:33:48.862 [AsyncHttpClient-1-4] DEBUG org.asynchttpclient.netty.channel.ChannelManager - Adding key: http://localhost:49219 for channel [id: 0x34f11067, L:/127.0.0.1:60470 - R:localhost/127.0.0.1:49219]
08:33:48.865 [Forwarding clearElement on session 2ba5e7b80065b92ecfa58bc0a17997f1 to remote] DEBUG org.asynchttpclient.netty.request.NettyRequestSender - Using pooled Channel '[id: 0x34f11067, L:/127.0.0.1:60470 - R:localhost/127.0.0.1:49219]' for 'POST' to 'http://localhost:49219/session/2ba5e7b80065b92ecfa58bc0a17997f1/element/1d2d1bb5-6a1d-443d-9d9c-b0d2c5edc5c1/clear'
08:33:48.866 [Forwarding clearElement on session 2ba5e7b80065b92ecfa58bc0a17997f1 to remote] DEBUG org.asynchttpclient.netty.request.NettyRequestSender - Using open Channel [id: 0x34f11067, L:/127.0.0.1:60470 - R:localhost/127.0.0.1:49219] for POST '/session/2ba5e7b80065b92ecfa58bc0a17997f1/element/1d2d1bb5-6a1d-443d-9d9c-b0d2c5edc5c1/clear'
08:33:48.936 [AsyncHttpClient-1-4] DEBUG org.asynchttpclient.netty.handler.HttpHandler - 

Request DefaultHttpRequest(decodeResult: success, version: HTTP/1.1)
POST /session/2ba5e7b80065b92ecfa58bc0a17997f1/element/1d2d1bb5-6a1d-443d-9d9c-b0d2c5edc5c1/clear HTTP/1.1
User-Agent: selenium/4.1.2 (java windows)
Content-Length: 50
Content-Type: application/json; charset=utf-8
host: localhost:49219
accept: */*

Response DefaultHttpResponse(decodeResult: success, version: HTTP/1.1)
HTTP/1.1 200 OK
Content-Type: application/json; charset=utf-8
cache-control: no-cache
content-length: 14

08:33:48.936 [AsyncHttpClient-1-4] DEBUG org.asynchttpclient.netty.channel.ChannelManager - Adding key: http://localhost:49219 for channel [id: 0x34f11067, L:/127.0.0.1:60470 - R:localhost/127.0.0.1:49219]
08:33:48.940 [Forwarding sendKeysToElement on session 2ba5e7b80065b92ecfa58bc0a17997f1 to remote] DEBUG org.asynchttpclient.netty.request.NettyRequestSender - Using pooled Channel '[id: 0x34f11067, L:/127.0.0.1:60470 - R:localhost/127.0.0.1:49219]' for 'POST' to 'http://localhost:49219/session/2ba5e7b80065b92ecfa58bc0a17997f1/element/1d2d1bb5-6a1d-443d-9d9c-b0d2c5edc5c1/value'
08:33:48.941 [Forwarding sendKeysToElement on session 2ba5e7b80065b92ecfa58bc0a17997f1 to remote] DEBUG org.asynchttpclient.netty.request.NettyRequestSender - Using open Channel [id: 0x34f11067, L:/127.0.0.1:60470 - R:localhost/127.0.0.1:49219] for POST '/session/2ba5e7b80065b92ecfa58bc0a17997f1/element/1d2d1bb5-6a1d-443d-9d9c-b0d2c5edc5c1/value'
08:33:49.089 [AsyncHttpClient-1-4] DEBUG org.asynchttpclient.netty.handler.HttpHandler - 

Request DefaultHttpRequest(decodeResult: success, version: HTTP/1.1)
POST /session/2ba5e7b80065b92ecfa58bc0a17997f1/element/1d2d1bb5-6a1d-443d-9d9c-b0d2c5edc5c1/value HTTP/1.1
User-Agent: selenium/4.1.2 (java windows)
Content-Length: 181
Content-Type: application/json; charset=utf-8
host: localhost:49219
accept: */*

Response DefaultHttpResponse(decodeResult: success, version: HTTP/1.1)
HTTP/1.1 200 OK
Content-Type: application/json; charset=utf-8
cache-control: no-cache
content-length: 14

08:33:49.089 [AsyncHttpClient-1-4] DEBUG org.asynchttpclient.netty.channel.ChannelManager - Adding key: http://localhost:49219 for channel [id: 0x34f11067, L:/127.0.0.1:60470 - R:localhost/127.0.0.1:49219]
08:33:49.102 [Forwarding screenshot on session 2ba5e7b80065b92ecfa58bc0a17997f1 to remote] DEBUG org.asynchttpclient.netty.request.NettyRequestSender - Using pooled Channel '[id: 0x34f11067, L:/127.0.0.1:60470 - R:localhost/127.0.0.1:49219]' for 'GET' to 'http://localhost:49219/session/2ba5e7b80065b92ecfa58bc0a17997f1/screenshot'
08:33:49.102 [Forwarding screenshot on session 2ba5e7b80065b92ecfa58bc0a17997f1 to remote] DEBUG org.asynchttpclient.netty.request.NettyRequestSender - Using open Channel [id: 0x34f11067, L:/127.0.0.1:60470 - R:localhost/127.0.0.1:49219] for GET '/session/2ba5e7b80065b92ecfa58bc0a17997f1/screenshot'
08:33:49.312 [AsyncHttpClient-1-4] DEBUG org.asynchttpclient.netty.handler.HttpHandler - 

Request DefaultFullHttpRequest(decodeResult: success, version: HTTP/1.1, content: EmptyByteBufBE)
GET /session/2ba5e7b80065b92ecfa58bc0a17997f1/screenshot HTTP/1.1
User-Agent: selenium/4.1.2 (java windows)
Cache-Control: no-cache
Content-Type: application/json; charset=utf-8
host: localhost:49219
accept: */*

Response DefaultHttpResponse(decodeResult: success, version: HTTP/1.1)
HTTP/1.1 200 OK
Content-Type: application/json; charset=utf-8
cache-control: no-cache
content-length: 49744

08:33:49.313 [AsyncHttpClient-1-4] DEBUG org.asynchttpclient.netty.channel.ChannelManager - Adding key: http://localhost:49219 for channel [id: 0x34f11067, L:/127.0.0.1:60470 - R:localhost/127.0.0.1:49219]
08:33:49.316 [main] DEBUG net.serenitybdd.core.photography.Darkroom - Send negative for processing for target\site\serenity\3db98be991c47eeaea925b48394d3b9536626f435bebaab21a663ab857acc652.png
08:33:49.317 [main] DEBUG net.thucydides.core.steps.StepInterceptor - STEP DONE: inputPassword
08:33:49.317 [Darkroom Processing Line] DEBUG net.serenitybdd.core.photography.DarkroomProcessingLine - Processing screenshot image in /var/screenshots/screenshot-1594505713502387813
  &amp#27;[32mAnd &amp#27;[0m&amp#27;[32mi input &amp#27;[0m&amp#27;[32m&amp#27;[1m"gladz1511#"&amp#27;[0m&amp#27;[32m password&amp#27;[0m      &amp#27;[90m# starter.stepdefinitions.stepdefinition.iInputPassword(java.lang.String)&amp#27;[0m
08:33:49.317 [Darkroom Processing Line] DEBUG net.serenitybdd.core.photography.DarkroomProcessingLine - Saving screenshot to target\site\serenity\3db98be991c47eeaea925b48394d3b9536626f435bebaab21a663ab857acc652.png
08:33:49.343 [main] DEBUG net.thucydides.core.steps.StepInterceptor - STARTING STEP: stepdefinition.clickLoginButton - clickLogin
08:33:49.353 [Forwarding findElement on session 2ba5e7b80065b92ecfa58bc0a17997f1 to remote] DEBUG org.asynchttpclient.netty.request.NettyRequestSender - Using pooled Channel '[id: 0x34f11067, L:/127.0.0.1:60470 - R:localhost/127.0.0.1:49219]' for 'POST' to 'http://localhost:49219/session/2ba5e7b80065b92ecfa58bc0a17997f1/element'
08:33:49.353 [Forwarding findElement on session 2ba5e7b80065b92ecfa58bc0a17997f1 to remote] DEBUG org.asynchttpclient.netty.request.NettyRequestSender - Using open Channel [id: 0x34f11067, L:/127.0.0.1:60470 - R:localhost/127.0.0.1:49219] for POST '/session/2ba5e7b80065b92ecfa58bc0a17997f1/element'
08:33:49.372 [AsyncHttpClient-1-4] DEBUG org.asynchttpclient.netty.handler.HttpHandler - 

Request DefaultHttpRequest(decodeResult: success, version: HTTP/1.1)
POST /session/2ba5e7b80065b92ecfa58bc0a17997f1/element HTTP/1.1
User-Agent: selenium/4.1.2 (java windows)
Content-Length: 72
Content-Type: application/json; charset=utf-8
host: localhost:49219
accept: */*

Response DefaultHttpResponse(decodeResult: success, version: HTTP/1.1)
HTTP/1.1 200 OK
Content-Type: application/json; charset=utf-8
cache-control: no-cache
content-length: 88

08:33:49.372 [AsyncHttpClient-1-4] DEBUG org.asynchttpclient.netty.channel.ChannelManager - Adding key: http://localhost:49219 for channel [id: 0x34f11067, L:/127.0.0.1:60470 - R:localhost/127.0.0.1:49219]
08:33:49.375 [Forwarding getElementTagName on session 2ba5e7b80065b92ecfa58bc0a17997f1 to remote] DEBUG org.asynchttpclient.netty.request.NettyRequestSender - Using pooled Channel '[id: 0x34f11067, L:/127.0.0.1:60470 - R:localhost/127.0.0.1:49219]' for 'GET' to 'http://localhost:49219/session/2ba5e7b80065b92ecfa58bc0a17997f1/element/cab33439-a201-4ac0-ac97-b9ea20878a74/name'
08:33:49.375 [Forwarding getElementTagName on session 2ba5e7b80065b92ecfa58bc0a17997f1 to remote] DEBUG org.asynchttpclient.netty.request.NettyRequestSender - Using open Channel [id: 0x34f11067, L:/127.0.0.1:60470 - R:localhost/127.0.0.1:49219] for GET '/session/2ba5e7b80065b92ecfa58bc0a17997f1/element/cab33439-a201-4ac0-ac97-b9ea20878a74/name'
08:33:49.386 [AsyncHttpClient-1-4] DEBUG org.asynchttpclient.netty.handler.HttpHandler - 

Request DefaultFullHttpRequest(decodeResult: success, version: HTTP/1.1, content: EmptyByteBufBE)
GET /session/2ba5e7b80065b92ecfa58bc0a17997f1/element/cab33439-a201-4ac0-ac97-b9ea20878a74/name HTTP/1.1
User-Agent: selenium/4.1.2 (java windows)
Cache-Control: no-cache
Content-Type: application/json; charset=utf-8
host: localhost:49219
accept: */*

Response DefaultHttpResponse(decodeResult: success, version: HTTP/1.1)
HTTP/1.1 200 OK
Content-Type: application/json; charset=utf-8
cache-control: no-cache
content-length: 18

08:33:49.387 [AsyncHttpClient-1-4] DEBUG org.asynchttpclient.netty.channel.ChannelManager - Adding key: http://localhost:49219 for channel [id: 0x34f11067, L:/127.0.0.1:60470 - R:localhost/127.0.0.1:49219]
08:33:49.389 [Forwarding getElementTagName on session 2ba5e7b80065b92ecfa58bc0a17997f1 to remote] DEBUG org.asynchttpclient.netty.request.NettyRequestSender - Using pooled Channel '[id: 0x34f11067, L:/127.0.0.1:60470 - R:localhost/127.0.0.1:49219]' for 'GET' to 'http://localhost:49219/session/2ba5e7b80065b92ecfa58bc0a17997f1/element/cab33439-a201-4ac0-ac97-b9ea20878a74/name'
08:33:49.390 [Forwarding getElementTagName on session 2ba5e7b80065b92ecfa58bc0a17997f1 to remote] DEBUG org.asynchttpclient.netty.request.NettyRequestSender - Using open Channel [id: 0x34f11067, L:/127.0.0.1:60470 - R:localhost/127.0.0.1:49219] for GET '/session/2ba5e7b80065b92ecfa58bc0a17997f1/element/cab33439-a201-4ac0-ac97-b9ea20878a74/name'
08:33:49.399 [AsyncHttpClient-1-4] DEBUG org.asynchttpclient.netty.handler.HttpHandler - 

Request DefaultFullHttpRequest(decodeResult: success, version: HTTP/1.1, content: EmptyByteBufBE)
GET /session/2ba5e7b80065b92ecfa58bc0a17997f1/element/cab33439-a201-4ac0-ac97-b9ea20878a74/name HTTP/1.1
User-Agent: selenium/4.1.2 (java windows)
Cache-Control: no-cache
Content-Type: application/json; charset=utf-8
host: localhost:49219
accept: */*

Response DefaultHttpResponse(decodeResult: success, version: HTTP/1.1)
HTTP/1.1 200 OK
Content-Type: application/json; charset=utf-8
cache-control: no-cache
content-length: 18

08:33:49.399 [AsyncHttpClient-1-4] DEBUG org.asynchttpclient.netty.channel.ChannelManager - Adding key: http://localhost:49219 for channel [id: 0x34f11067, L:/127.0.0.1:60470 - R:localhost/127.0.0.1:49219]
08:33:49.403 [Forwarding isElementEnabled on session 2ba5e7b80065b92ecfa58bc0a17997f1 to remote] DEBUG org.asynchttpclient.netty.request.NettyRequestSender - Using pooled Channel '[id: 0x34f11067, L:/127.0.0.1:60470 - R:localhost/127.0.0.1:49219]' for 'GET' to 'http://localhost:49219/session/2ba5e7b80065b92ecfa58bc0a17997f1/element/cab33439-a201-4ac0-ac97-b9ea20878a74/enabled'
08:33:49.404 [Forwarding isElementEnabled on session 2ba5e7b80065b92ecfa58bc0a17997f1 to remote] DEBUG org.asynchttpclient.netty.request.NettyRequestSender - Using open Channel [id: 0x34f11067, L:/127.0.0.1:60470 - R:localhost/127.0.0.1:49219] for GET '/session/2ba5e7b80065b92ecfa58bc0a17997f1/element/cab33439-a201-4ac0-ac97-b9ea20878a74/enabled'
08:33:49.419 [AsyncHttpClient-1-4] DEBUG org.asynchttpclient.netty.handler.HttpHandler - 

Request DefaultFullHttpRequest(decodeResult: success, version: HTTP/1.1, content: EmptyByteBufBE)
GET /session/2ba5e7b80065b92ecfa58bc0a17997f1/element/cab33439-a201-4ac0-ac97-b9ea20878a74/enabled HTTP/1.1
User-Agent: selenium/4.1.2 (java windows)
Cache-Control: no-cache
Content-Type: application/json; charset=utf-8
host: localhost:49219
accept: */*

Response DefaultHttpResponse(decodeResult: success, version: HTTP/1.1)
HTTP/1.1 200 OK
Content-Type: application/json; charset=utf-8
cache-control: no-cache
content-length: 14

08:33:49.420 [AsyncHttpClient-1-4] DEBUG org.asynchttpclient.netty.channel.ChannelManager - Adding key: http://localhost:49219 for channel [id: 0x34f11067, L:/127.0.0.1:60470 - R:localhost/127.0.0.1:49219]
08:33:49.422 [Forwarding isElementEnabled on session 2ba5e7b80065b92ecfa58bc0a17997f1 to remote] DEBUG org.asynchttpclient.netty.request.NettyRequestSender - Using pooled Channel '[id: 0x34f11067, L:/127.0.0.1:60470 - R:localhost/127.0.0.1:49219]' for 'GET' to 'http://localhost:49219/session/2ba5e7b80065b92ecfa58bc0a17997f1/element/cab33439-a201-4ac0-ac97-b9ea20878a74/enabled'
08:33:49.422 [Forwarding isElementEnabled on session 2ba5e7b80065b92ecfa58bc0a17997f1 to remote] DEBUG org.asynchttpclient.netty.request.NettyRequestSender - Using open Channel [id: 0x34f11067, L:/127.0.0.1:60470 - R:localhost/127.0.0.1:49219] for GET '/session/2ba5e7b80065b92ecfa58bc0a17997f1/element/cab33439-a201-4ac0-ac97-b9ea20878a74/enabled'
08:33:49.433 [AsyncHttpClient-1-4] DEBUG org.asynchttpclient.netty.handler.HttpHandler - 

Request DefaultFullHttpRequest(decodeResult: success, version: HTTP/1.1, content: EmptyByteBufBE)
GET /session/2ba5e7b80065b92ecfa58bc0a17997f1/element/cab33439-a201-4ac0-ac97-b9ea20878a74/enabled HTTP/1.1
User-Agent: selenium/4.1.2 (java windows)
Cache-Control: no-cache
Content-Type: application/json; charset=utf-8
host: localhost:49219
accept: */*

Response DefaultHttpResponse(decodeResult: success, version: HTTP/1.1)
HTTP/1.1 200 OK
Content-Type: application/json; charset=utf-8
cache-control: no-cache
content-length: 14

08:33:49.434 [AsyncHttpClient-1-4] DEBUG org.asynchttpclient.netty.channel.ChannelManager - Adding key: http://localhost:49219 for channel [id: 0x34f11067, L:/127.0.0.1:60470 - R:localhost/127.0.0.1:49219]
08:33:49.438 [Forwarding findElement on session 2ba5e7b80065b92ecfa58bc0a17997f1 to remote] DEBUG org.asynchttpclient.netty.request.NettyRequestSender - Using pooled Channel '[id: 0x34f11067, L:/127.0.0.1:60470 - R:localhost/127.0.0.1:49219]' for 'POST' to 'http://localhost:49219/session/2ba5e7b80065b92ecfa58bc0a17997f1/element'
08:33:49.438 [Forwarding findElement on session 2ba5e7b80065b92ecfa58bc0a17997f1 to remote] DEBUG org.asynchttpclient.netty.request.NettyRequestSender - Using open Channel [id: 0x34f11067, L:/127.0.0.1:60470 - R:localhost/127.0.0.1:49219] for POST '/session/2ba5e7b80065b92ecfa58bc0a17997f1/element'
08:33:49.451 [AsyncHttpClient-1-4] DEBUG org.asynchttpclient.netty.handler.HttpHandler - 

Request DefaultHttpRequest(decodeResult: success, version: HTTP/1.1)
POST /session/2ba5e7b80065b92ecfa58bc0a17997f1/element HTTP/1.1
User-Agent: selenium/4.1.2 (java windows)
Content-Length: 72
Content-Type: application/json; charset=utf-8
host: localhost:49219
accept: */*

Response DefaultHttpResponse(decodeResult: success, version: HTTP/1.1)
HTTP/1.1 200 OK
Content-Type: application/json; charset=utf-8
cache-control: no-cache
content-length: 88

08:33:49.452 [AsyncHttpClient-1-4] DEBUG org.asynchttpclient.netty.channel.ChannelManager - Adding key: http://localhost:49219 for channel [id: 0x34f11067, L:/127.0.0.1:60470 - R:localhost/127.0.0.1:49219]
08:33:49.455 [Forwarding clickElement on session 2ba5e7b80065b92ecfa58bc0a17997f1 to remote] DEBUG org.asynchttpclient.netty.request.NettyRequestSender - Using pooled Channel '[id: 0x34f11067, L:/127.0.0.1:60470 - R:localhost/127.0.0.1:49219]' for 'POST' to 'http://localhost:49219/session/2ba5e7b80065b92ecfa58bc0a17997f1/element/cab33439-a201-4ac0-ac97-b9ea20878a74/click'
08:33:49.456 [Forwarding clickElement on session 2ba5e7b80065b92ecfa58bc0a17997f1 to remote] DEBUG org.asynchttpclient.netty.request.NettyRequestSender - Using open Channel [id: 0x34f11067, L:/127.0.0.1:60470 - R:localhost/127.0.0.1:49219] for POST '/session/2ba5e7b80065b92ecfa58bc0a17997f1/element/cab33439-a201-4ac0-ac97-b9ea20878a74/click'
08:33:49.542 [AsyncHttpClient-1-4] DEBUG org.asynchttpclient.netty.handler.HttpHandler - 

Request DefaultHttpRequest(decodeResult: success, version: HTTP/1.1)
POST /session/2ba5e7b80065b92ecfa58bc0a17997f1/element/cab33439-a201-4ac0-ac97-b9ea20878a74/click HTTP/1.1
User-Agent: selenium/4.1.2 (java windows)
Content-Length: 50
Content-Type: application/json; charset=utf-8
host: localhost:49219
accept: */*

Response DefaultHttpResponse(decodeResult: success, version: HTTP/1.1)
HTTP/1.1 200 OK
Content-Type: application/json; charset=utf-8
cache-control: no-cache
content-length: 14

08:33:49.542 [AsyncHttpClient-1-4] DEBUG org.asynchttpclient.netty.channel.ChannelManager - Adding key: http://localhost:49219 for channel [id: 0x34f11067, L:/127.0.0.1:60470 - R:localhost/127.0.0.1:49219]
08:33:49.554 [Forwarding screenshot on session 2ba5e7b80065b92ecfa58bc0a17997f1 to remote] DEBUG org.asynchttpclient.netty.request.NettyRequestSender - Using pooled Channel '[id: 0x34f11067, L:/127.0.0.1:60470 - R:localhost/127.0.0.1:49219]' for 'GET' to 'http://localhost:49219/session/2ba5e7b80065b92ecfa58bc0a17997f1/screenshot'
08:33:49.554 [Forwarding screenshot on session 2ba5e7b80065b92ecfa58bc0a17997f1 to remote] DEBUG org.asynchttpclient.netty.request.NettyRequestSender - Using open Channel [id: 0x34f11067, L:/127.0.0.1:60470 - R:localhost/127.0.0.1:49219] for GET '/session/2ba5e7b80065b92ecfa58bc0a17997f1/screenshot'
08:33:49.828 [AsyncHttpClient-1-1] DEBUG org.asynchttpclient.netty.channel.DefaultChannelPool - Entry count for : http://localhost:60471 : 1
08:33:50.025 [AsyncHttpClient-1-4] DEBUG org.asynchttpclient.netty.handler.HttpHandler - 

Request DefaultFullHttpRequest(decodeResult: success, version: HTTP/1.1, content: EmptyByteBufBE)
GET /session/2ba5e7b80065b92ecfa58bc0a17997f1/screenshot HTTP/1.1
User-Agent: selenium/4.1.2 (java windows)
Cache-Control: no-cache
Content-Type: application/json; charset=utf-8
host: localhost:49219
accept: */*

Response DefaultHttpResponse(decodeResult: success, version: HTTP/1.1)
HTTP/1.1 200 OK
Content-Type: application/json; charset=utf-8
cache-control: no-cache
content-length: 55100

08:33:50.026 [AsyncHttpClient-1-4] DEBUG org.asynchttpclient.netty.channel.ChannelManager - Adding key: http://localhost:49219 for channel [id: 0x34f11067, L:/127.0.0.1:60470 - R:localhost/127.0.0.1:49219]
08:33:50.030 [main] DEBUG net.serenitybdd.core.photography.Darkroom - Send negative for processing for target\site\serenity\1c5727f33154b65587ffe1b20199af5e179f16d72f24903c33515d9f46a2f38f.png
08:33:50.031 [main] DEBUG net.thucydides.core.steps.StepInterceptor - STEP DONE: clickLogin
  &amp#27;[32mAnd &amp#27;[0m&amp#27;[32mclick login button&amp#27;[0m                 &amp#27;[90m# starter.stepdefinitions.stepdefinition.clickLoginButton()&amp#27;[0m
08:33:50.031 [Darkroom Processing Line] DEBUG net.serenitybdd.core.photography.DarkroomProcessingLine - Processing screenshot image in /var/screenshots/screenshot-15591320218865539891
08:33:50.031 [Darkroom Processing Line] DEBUG net.serenitybdd.core.photography.DarkroomProcessingLine - Saving screenshot to target\site\serenity\1c5727f33154b65587ffe1b20199af5e179f16d72f24903c33515d9f46a2f38f.png
08:33:50.055 [main] DEBUG net.thucydides.core.steps.StepInterceptor - STARTING STEP: stepdefinition.iGetThe - validateLoginApp
08:33:50.058 [Forwarding findElement on session 2ba5e7b80065b92ecfa58bc0a17997f1 to remote] DEBUG org.asynchttpclient.netty.request.NettyRequestSender - Using pooled Channel '[id: 0x34f11067, L:/127.0.0.1:60470 - R:localhost/127.0.0.1:49219]' for 'POST' to 'http://localhost:49219/session/2ba5e7b80065b92ecfa58bc0a17997f1/element'
08:33:50.058 [Forwarding findElement on session 2ba5e7b80065b92ecfa58bc0a17997f1 to remote] DEBUG org.asynchttpclient.netty.request.NettyRequestSender - Using open Channel [id: 0x34f11067, L:/127.0.0.1:60470 - R:localhost/127.0.0.1:49219] for POST '/session/2ba5e7b80065b92ecfa58bc0a17997f1/element'
08:33:50.064 [AsyncHttpClient-1-4] DEBUG org.asynchttpclient.netty.handler.HttpHandler - 

Request DefaultHttpRequest(decodeResult: success, version: HTTP/1.1)
POST /session/2ba5e7b80065b92ecfa58bc0a17997f1/element HTTP/1.1
User-Agent: selenium/4.1.2 (java windows)
Content-Length: 50
Content-Type: application/json; charset=utf-8
host: localhost:49219
accept: */*

Response DefaultHttpResponse(decodeResult: success, version: HTTP/1.1)
HTTP/1.1 400 Bad Request
Content-Type: application/json; charset=utf-8
cache-control: no-cache
content-length: 957

08:33:50.064 [AsyncHttpClient-1-4] DEBUG org.asynchttpclient.netty.channel.ChannelManager - Adding key: http://localhost:49219 for channel [id: 0x34f11067, L:/127.0.0.1:60470 - R:localhost/127.0.0.1:49219]
08:33:50.068 [Forwarding findElement on session 2ba5e7b80065b92ecfa58bc0a17997f1 to remote] DEBUG org.asynchttpclient.netty.request.NettyRequestSender - Using pooled Channel '[id: 0x34f11067, L:/127.0.0.1:60470 - R:localhost/127.0.0.1:49219]' for 'POST' to 'http://localhost:49219/session/2ba5e7b80065b92ecfa58bc0a17997f1/element'
08:33:50.068 [Forwarding findElement on session 2ba5e7b80065b92ecfa58bc0a17997f1 to remote] DEBUG org.asynchttpclient.netty.request.NettyRequestSender - Using open Channel [id: 0x34f11067, L:/127.0.0.1:60470 - R:localhost/127.0.0.1:49219] for POST '/session/2ba5e7b80065b92ecfa58bc0a17997f1/element'
08:33:50.086 [AsyncHttpClient-1-4] DEBUG org.asynchttpclient.netty.handler.HttpHandler - 

Request DefaultHttpRequest(decodeResult: success, version: HTTP/1.1)
POST /session/2ba5e7b80065b92ecfa58bc0a17997f1/element HTTP/1.1
User-Agent: selenium/4.1.2 (java windows)
Content-Length: 60
Content-Type: application/json; charset=utf-8
host: localhost:49219
accept: */*

Response DefaultHttpResponse(decodeResult: success, version: HTTP/1.1)
HTTP/1.1 200 OK
Content-Type: application/json; charset=utf-8
cache-control: no-cache
content-length: 88

08:33:50.086 [AsyncHttpClient-1-4] DEBUG org.asynchttpclient.netty.channel.ChannelManager - Adding key: http://localhost:49219 for channel [id: 0x34f11067, L:/127.0.0.1:60470 - R:localhost/127.0.0.1:49219]
08:33:50.092 [Forwarding isElementDisplayed on session 2ba5e7b80065b92ecfa58bc0a17997f1 to remote] DEBUG org.asynchttpclient.netty.request.NettyRequestSender - Using pooled Channel '[id: 0x34f11067, L:/127.0.0.1:60470 - R:localhost/127.0.0.1:49219]' for 'POST' to 'http://localhost:49219/session/2ba5e7b80065b92ecfa58bc0a17997f1/execute/sync'
08:33:50.092 [Forwarding isElementDisplayed on session 2ba5e7b80065b92ecfa58bc0a17997f1 to remote] DEBUG org.asynchttpclient.netty.request.NettyRequestSender - Using open Channel [id: 0x34f11067, L:/127.0.0.1:60470 - R:localhost/127.0.0.1:49219] for POST '/session/2ba5e7b80065b92ecfa58bc0a17997f1/execute/sync'
08:33:50.113 [AsyncHttpClient-1-4] DEBUG org.asynchttpclient.netty.handler.HttpHandler - 

Request DefaultHttpRequest(decodeResult: success, version: HTTP/1.1)
POST /session/2ba5e7b80065b92ecfa58bc0a17997f1/execute/sync HTTP/1.1
User-Agent: selenium/4.1.2 (java windows)
Content-Length: 48780
Content-Type: application/json; charset=utf-8
host: localhost:49219
accept: */*

Response DefaultHttpResponse(decodeResult: success, version: HTTP/1.1)
HTTP/1.1 200 OK
Content-Type: application/json; charset=utf-8
cache-control: no-cache
content-length: 14

08:33:50.114 [AsyncHttpClient-1-4] DEBUG org.asynchttpclient.netty.channel.ChannelManager - Adding key: http://localhost:49219 for channel [id: 0x34f11067, L:/127.0.0.1:60470 - R:localhost/127.0.0.1:49219]
08:33:50.122 [Forwarding screenshot on session 2ba5e7b80065b92ecfa58bc0a17997f1 to remote] DEBUG org.asynchttpclient.netty.request.NettyRequestSender - Using pooled Channel '[id: 0x34f11067, L:/127.0.0.1:60470 - R:localhost/127.0.0.1:49219]' for 'GET' to 'http://localhost:49219/session/2ba5e7b80065b92ecfa58bc0a17997f1/screenshot'
08:33:50.122 [Forwarding screenshot on session 2ba5e7b80065b92ecfa58bc0a17997f1 to remote] DEBUG org.asynchttpclient.netty.request.NettyRequestSender - Using open Channel [id: 0x34f11067, L:/127.0.0.1:60470 - R:localhost/127.0.0.1:49219] for GET '/session/2ba5e7b80065b92ecfa58bc0a17997f1/screenshot'
08:33:50.302 [AsyncHttpClient-1-4] DEBUG org.asynchttpclient.netty.handler.HttpHandler - 

Request DefaultFullHttpRequest(decodeResult: success, version: HTTP/1.1, content: EmptyByteBufBE)
GET /session/2ba5e7b80065b92ecfa58bc0a17997f1/screenshot HTTP/1.1
User-Agent: selenium/4.1.2 (java windows)
Cache-Control: no-cache
Content-Type: application/json; charset=utf-8
host: localhost:49219
accept: */*

Response DefaultHttpResponse(decodeResult: success, version: HTTP/1.1)
HTTP/1.1 200 OK
Content-Type: application/json; charset=utf-8
cache-control: no-cache
content-length: 53820

08:33:50.303 [AsyncHttpClient-1-4] DEBUG org.asynchttpclient.netty.channel.ChannelManager - Adding key: http://localhost:49219 for channel [id: 0x34f11067, L:/127.0.0.1:60470 - R:localhost/127.0.0.1:49219]
08:33:50.306 [main] DEBUG net.serenitybdd.core.photography.Darkroom - Send negative for processing for target\site\serenity\92aad7a9e9c087429648f437d26c10b7e4b0706e4d6677ea6eb2e873967ca57c.png
08:33:50.307 [main] DEBUG net.thucydides.core.steps.StepInterceptor - STEP DONE: validateLoginApp
08:33:50.307 [Darkroom Processing Line] DEBUG net.serenitybdd.core.photography.DarkroomProcessingLine - Processing screenshot image in /var/screenshots/screenshot-16217265839761907400
08:33:50.307 [Darkroom Processing Line] DEBUG net.serenitybdd.core.photography.DarkroomProcessingLine - Saving screenshot to target\site\serenity\92aad7a9e9c087429648f437d26c10b7e4b0706e4d6677ea6eb2e873967ca57c.png
08:33:50.318 [main] DEBUG net.thucydides.core.steps.StepInterceptor - STARTING STEP: stepdefinition.iGetThe - displayErrorMessage
08:33:50.325 [main] DEBUG net.thucydides.core.steps.StepInterceptor - STEP DONE: displayErrorMessage
  &amp#27;[32mThen &amp#27;[0m&amp#27;[32mi get the &amp#27;[0m&amp#27;[32m&amp#27;[1m"Login Page"&amp#27;[0m            &amp#27;[90m# starter.stepdefinitions.stepdefinition.iGetThe(java.lang.String)&amp#27;[0m
08:33:50.344 [AsyncHttpClient-1-6] DEBUG org.asynchttpclient.netty.handler.WebSocketHandler - Channel Closed: [id: 0x1569bcd5, L:/127.0.0.1:60479 ! R:localhost/127.0.0.1:60471] with attribute NettyResponseFuture{currentRetry=5,
	isDone=1,
	isCancelled=0,
	asyncHandler=org.asynchttpclient.ws.WebSocketUpgradeHandler@7b1806fa,
	nettyRequest=org.asynchttpclient.netty.request.NettyRequest@1d9ac19e,
	future=java.util.concurrent.CompletableFuture@314f743[Completed normally],
	uri=ws://localhost:60471/devtools/browser/7d955920-e9f0-45ce-b5fa-8eacc01af830,
	keepAlive=true,
	redirectCount=0,
	timeoutsHolder=null,
	inAuth=0,
	touch=1652837621293}
08:33:50.344 [AsyncHttpClient-1-6] DEBUG org.asynchttpclient.netty.channel.ChannelManager - Closing Channel [id: 0x1569bcd5, L:/127.0.0.1:60479 ! R:localhost/127.0.0.1:60471] 
08:33:50.344 [Driver Command Executor] DEBUG org.asynchttpclient.netty.request.NettyRequestSender - Using pooled Channel '[id: 0x34f11067, L:/127.0.0.1:60470 - R:localhost/127.0.0.1:49219]' for 'DELETE' to 'http://localhost:49219/session/2ba5e7b80065b92ecfa58bc0a17997f1'
08:33:50.344 [Driver Command Executor] DEBUG org.asynchttpclient.netty.request.NettyRequestSender - Using open Channel [id: 0x34f11067, L:/127.0.0.1:60470 - R:localhost/127.0.0.1:49219] for DELETE '/session/2ba5e7b80065b92ecfa58bc0a17997f1'
08:33:50.396 [AsyncHttpClient-1-5] DEBUG org.asynchttpclient.netty.handler.HttpHandler - Unexpected I/O exception on channel [id: 0xcb7a8872, L:/127.0.0.1:60478 - R:localhost/127.0.0.1:60471]
java.net.SocketException: Connection reset
	at java.base/sun.nio.ch.SocketChannelImpl.throwConnectionReset(SocketChannelImpl.java:367)
	at java.base/sun.nio.ch.SocketChannelImpl.read(SocketChannelImpl.java:398)
	at io.netty.buffer.PooledByteBuf.setBytes(PooledByteBuf.java:258)
	at io.netty.buffer.AbstractByteBuf.writeBytes(AbstractByteBuf.java:1132)
	at io.netty.channel.socket.nio.NioSocketChannel.doReadBytes(NioSocketChannel.java:350)
	at io.netty.channel.nio.AbstractNioByteChannel$NioByteUnsafe.read(AbstractNioByteChannel.java:151)
	at io.netty.channel.nio.NioEventLoop.processSelectedKey(NioEventLoop.java:722)
	at io.netty.channel.nio.NioEventLoop.processSelectedKeysOptimized(NioEventLoop.java:658)
	at io.netty.channel.nio.NioEventLoop.processSelectedKeys(NioEventLoop.java:584)
	at io.netty.channel.nio.NioEventLoop.run(NioEventLoop.java:496)
	at io.netty.util.concurrent.SingleThreadEventExecutor$4.run(SingleThreadEventExecutor.java:986)
	at io.netty.util.internal.ThreadExecutorMap$2.run(ThreadExecutorMap.java:74)
	at io.netty.util.concurrent.FastThreadLocalRunnable.run(FastThreadLocalRunnable.java:30)
	at java.base/java.lang.Thread.run(Thread.java:832)
08:33:50.396 [AsyncHttpClient-1-5] DEBUG org.asynchttpclient.netty.channel.ChannelManager - Closing Channel [id: 0xcb7a8872, L:/127.0.0.1:60478 - R:localhost/127.0.0.1:60471] 
08:33:50.397 [AsyncHttpClient-1-5] DEBUG org.asynchttpclient.netty.handler.HttpHandler - Channel Closed: [id: 0xcb7a8872, L:/127.0.0.1:60478 ! R:localhost/127.0.0.1:60471] with attribute DISCARD
08:33:50.419 [AsyncHttpClient-1-4] DEBUG org.asynchttpclient.netty.handler.HttpHandler - 

Request DefaultFullHttpRequest(decodeResult: success, version: HTTP/1.1, content: EmptyByteBufBE)
DELETE /session/2ba5e7b80065b92ecfa58bc0a17997f1 HTTP/1.1
User-Agent: selenium/4.1.2 (java windows)
Content-Type: application/json; charset=utf-8
host: localhost:49219
accept: */*

Response DefaultHttpResponse(decodeResult: success, version: HTTP/1.1)
HTTP/1.1 200 OK
Content-Type: application/json; charset=utf-8
cache-control: no-cache
content-length: 14

08:33:50.419 [AsyncHttpClient-1-4] DEBUG org.asynchttpclient.netty.channel.ChannelManager - Adding key: http://localhost:49219 for channel [id: 0x34f11067, L:/127.0.0.1:60470 - R:localhost/127.0.0.1:49219]
08:33:50.688 [AsyncHttpClient-1-4] DEBUG org.asynchttpclient.netty.handler.HttpHandler - Channel Closed: [id: 0x34f11067, L:/127.0.0.1:60470 ! R:localhost/127.0.0.1:49219] with attribute DISCARD
08:33:50.936 [AsyncHttpClient-1-1] DEBUG org.asynchttpclient.netty.channel.DefaultChannelPool - Entry count for : http://localhost:60471 : 1
08:33:50.936 [AsyncHttpClient-1-1] DEBUG org.asynchttpclient.netty.channel.DefaultChannelPool - Entry count for : http://localhost:49219 : 1
08:33:50.936 [AsyncHttpClient-1-1] DEBUG org.asynchttpclient.netty.channel.DefaultChannelPool - Adding Candidate expired Channel [id: 0xcb7a8872, L:/127.0.0.1:60478 ! R:localhost/127.0.0.1:60471] isIdleTimeoutExpired=false isRemotelyClosed=true isTtlExpired=false
08:33:50.936 [AsyncHttpClient-1-1] DEBUG org.asynchttpclient.netty.channel.DefaultChannelPool - Closing Idle Channel [id: 0xcb7a8872, L:/127.0.0.1:60478 ! R:localhost/127.0.0.1:60471]
08:33:50.936 [AsyncHttpClient-1-1] DEBUG org.asynchttpclient.netty.channel.DefaultChannelPool - Adding Candidate expired Channel [id: 0x34f11067, L:/127.0.0.1:60470 ! R:localhost/127.0.0.1:49219] isIdleTimeoutExpired=false isRemotelyClosed=true isTtlExpired=false
08:33:50.936 [AsyncHttpClient-1-1] DEBUG org.asynchttpclient.netty.channel.DefaultChannelPool - Closing Idle Channel [id: 0x34f11067, L:/127.0.0.1:60470 ! R:localhost/127.0.0.1:49219]
08:33:50.936 [AsyncHttpClient-1-1] DEBUG org.asynchttpclient.netty.channel.DefaultChannelPool - Closed 2 connections out of 2 in 0 ms
]]></system-out>
    <system-err><![CDATA[Starting ChromeDriver 101.0.4951.41 (93c720db8323b3ec10d056025ab95c23a31997c9-refs/branch-heads/4951@{#904}) on port 49219
Only local connections are allowed.
Please see https://chromedriver.chromium.org/security-considerations for suggestions on keeping ChromeDriver safe.
ChromeDriver was started successfully.
May 18, 2022 8:33:41 AM org.openqa.selenium.remote.ProtocolHandshake createSession
INFO: Detected dialect: W3C
May 18, 2022 8:33:41 AM org.openqa.selenium.devtools.CdpVersionFinder findNearestMatch
WARNING: Unable to find an exact match for CDP version 101, so returning the closest version found: 97
May 18, 2022 8:33:41 AM org.openqa.selenium.devtools.CdpVersionFinder findNearestMatch
INFO: Found CDP implementation for version 101 of 97
]]></system-err>
  </testcase>
  <testcase name="Logout" classname="transaction #1" time="12.673">
    <system-out><![CDATA[08:33:51.219 [main] INFO io.cucumber.core.plugin.SerenityReporter - Running feature from file:///D:/PERKULIAHAN/Semester%206,Hebatt%20glad!/Altera/QE_Gladys-Cindana-Asri-Pardosi/Mini-Project/Web/src/test/resources/features/logout.feature
08:33:51.224 [main] DEBUG net.thucydides.core.steps.StepEventBus - Test suite started for story net.thucydides.core.model.Story@1528ff74
08:33:51.225 [main] INFO  - Test Suite Started: Transaction

@Logout
Scenario: Logout              &amp#27;[90m# src/test/resources/features/logout.feature:8&amp#27;[0m
08:33:51.239 [main] INFO io.cucumber.core.plugin.SerenityReporter - Running feature from file:///D:/PERKULIAHAN/Semester%206,Hebatt%20glad!/Altera/QE_Gladys-Cindana-Asri-Pardosi/Mini-Project/Web/src/test/resources/features/logout.feature
08:33:51.244 [main] INFO  - 
  _____   ___   ___   _____     ___   _____     _     ___   _____   ___   ___  
 |_   _| | __| / __| |_   _|   / __| |_   _|   /_\   | _ \ |_   _| | __| |   \ 
   | |   | _|  \__ \   | |     \__ \   | |    / _ \  |   /   | |   | _|  | |) |
   |_|   |___| |___/   |_|     |___/   |_|   /_/ \_\ |_|_\   |_|   |___| |___/ 

Logout(transaction;logout)
--------------------------------------------------------------------------------
08:33:51.279 [main] INFO net.serenitybdd.core.webdriver.driverproviders.ChromeDriverProvider - Using automatically driver download
08:33:51.435 [main] DEBUG io.github.bonigarcia.wdm.cache.ResolutionCache - Resolution chrome=101 in cache (valid until 09:23:35 18/05/2022 WIB)
08:33:51.442 [main] DEBUG io.github.bonigarcia.wdm.cache.ResolutionCache - Resolution chrome101=101.0.4951.41 in cache (valid until 18:48:44 18/05/2022 WIB)
08:33:51.445 [main] INFO io.github.bonigarcia.wdm.WebDriverManager - Using chromedriver 101.0.4951.41 (resolved driver for Chrome 101)
08:33:51.462 [main] DEBUG io.github.bonigarcia.wdm.WebDriverManager - Driver chromedriver 101.0.4951.41 found in cache
08:33:51.463 [main] INFO io.github.bonigarcia.wdm.WebDriverManager - Exporting webdriver.chrome.driver as C:\Users\ASUS\.cache\selenium\chromedriver\win32\101.0.4951.41\chromedriver.exe
08:33:51.616 [main] DEBUG net.serenitybdd.core.webdriver.driverproviders.ProvideNewDriver - Instantiating driver
08:33:51.616 [main] DEBUG net.serenitybdd.core.webdriver.driverproviders.ProvideNewDriver - Driver capabilities: Capabilities {acceptInsecureCerts: false, base.url: , browserName: chrome, goog:chromeOptions: {args: [], extensions: []}}
08:33:52.167 [AsyncHttpClient-1-7] DEBUG org.asynchttpclient.netty.channel.NettyConnectListener - Using new Channel '[id: 0x5092d7cb, L:/127.0.0.1:60506 - R:localhost/127.0.0.1:56373]' for 'POST' to '/session'
08:33:53.433 [AsyncHttpClient-1-7] DEBUG org.asynchttpclient.netty.handler.HttpHandler - 

Request DefaultHttpRequest(decodeResult: success, version: HTTP/1.1)
POST /session HTTP/1.1
User-Agent: selenium/4.1.2 (java windows)
Content-Length: 457
Content-Type: application/json; charset=utf-8
host: localhost:56373
accept: */*

Response DefaultHttpResponse(decodeResult: success, version: HTTP/1.1)
HTTP/1.1 200 OK
Content-Type: application/json; charset=utf-8
cache-control: no-cache
content-length: 788

08:33:53.434 [AsyncHttpClient-1-7] DEBUG org.asynchttpclient.netty.channel.ChannelManager - Adding key: http://localhost:56373 for channel [id: 0x5092d7cb, L:/127.0.0.1:60506 - R:localhost/127.0.0.1:56373]
08:33:53.454 [AsyncHttpClient-1-8] DEBUG org.asynchttpclient.netty.channel.NettyConnectListener - Using new Channel '[id: 0x722933a8, L:/127.0.0.1:60513 - R:localhost/127.0.0.1:60507]' for 'GET' to '/json/version'
08:33:53.456 [AsyncHttpClient-1-8] DEBUG org.asynchttpclient.netty.handler.HttpHandler - 

Request DefaultFullHttpRequest(decodeResult: success, version: HTTP/1.1, content: EmptyByteBufBE)
GET /json/version HTTP/1.1
User-Agent: selenium/4.1.2 (java windows)
host: localhost:60507
accept: */*

Response DefaultHttpResponse(decodeResult: success, version: HTTP/1.1)
HTTP/1.1 200 OK
Content-Type: application/json; charset=UTF-8
content-length: 427

08:33:53.457 [AsyncHttpClient-1-8] DEBUG org.asynchttpclient.netty.channel.ChannelManager - Adding key: http://localhost:60507 for channel [id: 0x722933a8, L:/127.0.0.1:60513 - R:localhost/127.0.0.1:60507]
08:33:53.463 [AsyncHttpClient-1-9] DEBUG org.asynchttpclient.netty.channel.NettyConnectListener - Using new Channel '[id: 0x8a455cbc, L:/127.0.0.1:60514 - R:localhost/127.0.0.1:60507]' for 'GET' to '/devtools/browser/9d9e7237-82d4-44dc-9a61-fbf485dd908c'
08:33:53.466 [AsyncHttpClient-1-9] DEBUG org.asynchttpclient.netty.handler.WebSocketHandler - 

Request DefaultFullHttpRequest(decodeResult: success, version: HTTP/1.1, content: EmptyByteBufBE)
GET /devtools/browser/9d9e7237-82d4-44dc-9a61-fbf485dd908c HTTP/1.1
upgrade: websocket
connection: upgrade
sec-websocket-key: PkoGxO7wee8bLY1PcWIM2Q==
sec-websocket-version: 13
origin: http://localhost:60507
host: localhost:60507
accept: */*
user-agent: AHC/2.1

Response DefaultHttpResponse(decodeResult: success, version: HTTP/1.1)
HTTP/1.1 101 WebSocket Protocol Handshake
Upgrade: WebSocket
Connection: Upgrade
Sec-WebSocket-Accept: FDvzmw8Nj1xcD7hyRVil9LmDwSk=

08:33:53.487 [Forwarding get on session abdb5a0611fd9564203954f084bee53e to remote] DEBUG org.asynchttpclient.netty.request.NettyRequestSender - Using pooled Channel '[id: 0x5092d7cb, L:/127.0.0.1:60506 - R:localhost/127.0.0.1:56373]' for 'POST' to 'http://localhost:56373/session/abdb5a0611fd9564203954f084bee53e/url'
08:33:53.489 [Forwarding get on session abdb5a0611fd9564203954f084bee53e to remote] DEBUG org.asynchttpclient.netty.request.NettyRequestSender - Using open Channel [id: 0x5092d7cb, L:/127.0.0.1:60506 - R:localhost/127.0.0.1:56373] for POST '/session/abdb5a0611fd9564203954f084bee53e/url'
08:33:54.228 [AsyncHttpClient-1-1] DEBUG org.asynchttpclient.netty.channel.DefaultChannelPool - Entry count for : http://localhost:60507 : 1
08:33:55.336 [AsyncHttpClient-1-1] DEBUG org.asynchttpclient.netty.channel.DefaultChannelPool - Entry count for : http://localhost:60507 : 1
08:33:56.429 [AsyncHttpClient-1-1] DEBUG org.asynchttpclient.netty.channel.DefaultChannelPool - Entry count for : http://localhost:60507 : 1
08:33:57.527 [AsyncHttpClient-1-1] DEBUG org.asynchttpclient.netty.channel.DefaultChannelPool - Entry count for : http://localhost:60507 : 1
08:33:58.208 [AsyncHttpClient-1-7] DEBUG org.asynchttpclient.netty.handler.HttpHandler - 

Request DefaultHttpRequest(decodeResult: success, version: HTTP/1.1)
POST /session/abdb5a0611fd9564203954f084bee53e/url HTTP/1.1
User-Agent: selenium/4.1.2 (java windows)
Content-Length: 49
Content-Type: application/json; charset=utf-8
host: localhost:56373
accept: */*

Response DefaultHttpResponse(decodeResult: success, version: HTTP/1.1)
HTTP/1.1 200 OK
Content-Type: application/json; charset=utf-8
cache-control: no-cache
content-length: 14

08:33:58.209 [AsyncHttpClient-1-7] DEBUG org.asynchttpclient.netty.channel.ChannelManager - Adding key: http://localhost:56373 for channel [id: 0x5092d7cb, L:/127.0.0.1:60506 - R:localhost/127.0.0.1:56373]
08:33:58.211 [Forwarding setTimeout on session abdb5a0611fd9564203954f084bee53e to remote] DEBUG org.asynchttpclient.netty.request.NettyRequestSender - Using pooled Channel '[id: 0x5092d7cb, L:/127.0.0.1:60506 - R:localhost/127.0.0.1:56373]' for 'POST' to 'http://localhost:56373/session/abdb5a0611fd9564203954f084bee53e/timeouts'
08:33:58.211 [Forwarding setTimeout on session abdb5a0611fd9564203954f084bee53e to remote] DEBUG org.asynchttpclient.netty.request.NettyRequestSender - Using open Channel [id: 0x5092d7cb, L:/127.0.0.1:60506 - R:localhost/127.0.0.1:56373] for POST '/session/abdb5a0611fd9564203954f084bee53e/timeouts'
08:33:58.213 [AsyncHttpClient-1-7] DEBUG org.asynchttpclient.netty.handler.HttpHandler - 

Request DefaultHttpRequest(decodeResult: success, version: HTTP/1.1)
POST /session/abdb5a0611fd9564203954f084bee53e/timeouts HTTP/1.1
User-Agent: selenium/4.1.2 (java windows)
Content-Length: 22
Content-Type: application/json; charset=utf-8
host: localhost:56373
accept: */*

Response DefaultHttpResponse(decodeResult: success, version: HTTP/1.1)
HTTP/1.1 200 OK
Content-Type: application/json; charset=utf-8
cache-control: no-cache
content-length: 14

08:33:58.213 [AsyncHttpClient-1-7] DEBUG org.asynchttpclient.netty.channel.ChannelManager - Adding key: http://localhost:56373 for channel [id: 0x5092d7cb, L:/127.0.0.1:60506 - R:localhost/127.0.0.1:56373]
08:33:58.216 [Forwarding getCurrentUrl on session abdb5a0611fd9564203954f084bee53e to remote] DEBUG org.asynchttpclient.netty.request.NettyRequestSender - Using pooled Channel '[id: 0x5092d7cb, L:/127.0.0.1:60506 - R:localhost/127.0.0.1:56373]' for 'GET' to 'http://localhost:56373/session/abdb5a0611fd9564203954f084bee53e/url'
08:33:58.216 [Forwarding getCurrentUrl on session abdb5a0611fd9564203954f084bee53e to remote] DEBUG org.asynchttpclient.netty.request.NettyRequestSender - Using open Channel [id: 0x5092d7cb, L:/127.0.0.1:60506 - R:localhost/127.0.0.1:56373] for GET '/session/abdb5a0611fd9564203954f084bee53e/url'
08:33:58.223 [AsyncHttpClient-1-7] DEBUG org.asynchttpclient.netty.handler.HttpHandler - 

Request DefaultFullHttpRequest(decodeResult: success, version: HTTP/1.1, content: EmptyByteBufBE)
GET /session/abdb5a0611fd9564203954f084bee53e/url HTTP/1.1
User-Agent: selenium/4.1.2 (java windows)
Cache-Control: no-cache
Content-Type: application/json; charset=utf-8
host: localhost:56373
accept: */*

Response DefaultHttpResponse(decodeResult: success, version: HTTP/1.1)
HTTP/1.1 200 OK
Content-Type: application/json; charset=utf-8
cache-control: no-cache
content-length: 31

08:33:58.223 [AsyncHttpClient-1-7] DEBUG org.asynchttpclient.netty.channel.ChannelManager - Adding key: http://localhost:56373 for channel [id: 0x5092d7cb, L:/127.0.0.1:60506 - R:localhost/127.0.0.1:56373]
08:33:58.227 [Forwarding findElement on session abdb5a0611fd9564203954f084bee53e to remote] DEBUG org.asynchttpclient.netty.request.NettyRequestSender - Using pooled Channel '[id: 0x5092d7cb, L:/127.0.0.1:60506 - R:localhost/127.0.0.1:56373]' for 'POST' to 'http://localhost:56373/session/abdb5a0611fd9564203954f084bee53e/element'
08:33:58.227 [Forwarding findElement on session abdb5a0611fd9564203954f084bee53e to remote] DEBUG org.asynchttpclient.netty.request.NettyRequestSender - Using open Channel [id: 0x5092d7cb, L:/127.0.0.1:60506 - R:localhost/127.0.0.1:56373] for POST '/session/abdb5a0611fd9564203954f084bee53e/element'
08:33:58.247 [AsyncHttpClient-1-7] DEBUG org.asynchttpclient.netty.handler.HttpHandler - 

Request DefaultHttpRequest(decodeResult: success, version: HTTP/1.1)
POST /session/abdb5a0611fd9564203954f084bee53e/element HTTP/1.1
User-Agent: selenium/4.1.2 (java windows)
Content-Length: 170
Content-Type: application/json; charset=utf-8
host: localhost:56373
accept: */*

Response DefaultHttpResponse(decodeResult: success, version: HTTP/1.1)
HTTP/1.1 200 OK
Content-Type: application/json; charset=utf-8
cache-control: no-cache
content-length: 88

08:33:58.248 [AsyncHttpClient-1-7] DEBUG org.asynchttpclient.netty.channel.ChannelManager - Adding key: http://localhost:56373 for channel [id: 0x5092d7cb, L:/127.0.0.1:60506 - R:localhost/127.0.0.1:56373]
08:33:58.251 [Forwarding getElementTagName on session abdb5a0611fd9564203954f084bee53e to remote] DEBUG org.asynchttpclient.netty.request.NettyRequestSender - Using pooled Channel '[id: 0x5092d7cb, L:/127.0.0.1:60506 - R:localhost/127.0.0.1:56373]' for 'GET' to 'http://localhost:56373/session/abdb5a0611fd9564203954f084bee53e/element/4e8723ee-d857-4c96-9630-6dde0c9a46ef/name'
08:33:58.251 [Forwarding getElementTagName on session abdb5a0611fd9564203954f084bee53e to remote] DEBUG org.asynchttpclient.netty.request.NettyRequestSender - Using open Channel [id: 0x5092d7cb, L:/127.0.0.1:60506 - R:localhost/127.0.0.1:56373] for GET '/session/abdb5a0611fd9564203954f084bee53e/element/4e8723ee-d857-4c96-9630-6dde0c9a46ef/name'
08:33:58.329 [AsyncHttpClient-1-7] DEBUG org.asynchttpclient.netty.handler.HttpHandler - 

Request DefaultFullHttpRequest(decodeResult: success, version: HTTP/1.1, content: EmptyByteBufBE)
GET /session/abdb5a0611fd9564203954f084bee53e/element/4e8723ee-d857-4c96-9630-6dde0c9a46ef/name HTTP/1.1
User-Agent: selenium/4.1.2 (java windows)
Cache-Control: no-cache
Content-Type: application/json; charset=utf-8
host: localhost:56373
accept: */*

Response DefaultHttpResponse(decodeResult: success, version: HTTP/1.1)
HTTP/1.1 200 OK
Content-Type: application/json; charset=utf-8
cache-control: no-cache
content-length: 13

08:33:58.330 [AsyncHttpClient-1-7] DEBUG org.asynchttpclient.netty.channel.ChannelManager - Adding key: http://localhost:56373 for channel [id: 0x5092d7cb, L:/127.0.0.1:60506 - R:localhost/127.0.0.1:56373]
08:33:58.333 [Forwarding getElementTagName on session abdb5a0611fd9564203954f084bee53e to remote] DEBUG org.asynchttpclient.netty.request.NettyRequestSender - Using pooled Channel '[id: 0x5092d7cb, L:/127.0.0.1:60506 - R:localhost/127.0.0.1:56373]' for 'GET' to 'http://localhost:56373/session/abdb5a0611fd9564203954f084bee53e/element/4e8723ee-d857-4c96-9630-6dde0c9a46ef/name'
08:33:58.333 [Forwarding getElementTagName on session abdb5a0611fd9564203954f084bee53e to remote] DEBUG org.asynchttpclient.netty.request.NettyRequestSender - Using open Channel [id: 0x5092d7cb, L:/127.0.0.1:60506 - R:localhost/127.0.0.1:56373] for GET '/session/abdb5a0611fd9564203954f084bee53e/element/4e8723ee-d857-4c96-9630-6dde0c9a46ef/name'
08:33:58.339 [AsyncHttpClient-1-7] DEBUG org.asynchttpclient.netty.handler.HttpHandler - 

Request DefaultFullHttpRequest(decodeResult: success, version: HTTP/1.1, content: EmptyByteBufBE)
GET /session/abdb5a0611fd9564203954f084bee53e/element/4e8723ee-d857-4c96-9630-6dde0c9a46ef/name HTTP/1.1
User-Agent: selenium/4.1.2 (java windows)
Cache-Control: no-cache
Content-Type: application/json; charset=utf-8
host: localhost:56373
accept: */*

Response DefaultHttpResponse(decodeResult: success, version: HTTP/1.1)
HTTP/1.1 200 OK
Content-Type: application/json; charset=utf-8
cache-control: no-cache
content-length: 13

08:33:58.340 [AsyncHttpClient-1-7] DEBUG org.asynchttpclient.netty.channel.ChannelManager - Adding key: http://localhost:56373 for channel [id: 0x5092d7cb, L:/127.0.0.1:60506 - R:localhost/127.0.0.1:56373]
08:33:58.344 [Forwarding findElement on session abdb5a0611fd9564203954f084bee53e to remote] DEBUG org.asynchttpclient.netty.request.NettyRequestSender - Using pooled Channel '[id: 0x5092d7cb, L:/127.0.0.1:60506 - R:localhost/127.0.0.1:56373]' for 'POST' to 'http://localhost:56373/session/abdb5a0611fd9564203954f084bee53e/element'
08:33:58.344 [Forwarding findElement on session abdb5a0611fd9564203954f084bee53e to remote] DEBUG org.asynchttpclient.netty.request.NettyRequestSender - Using open Channel [id: 0x5092d7cb, L:/127.0.0.1:60506 - R:localhost/127.0.0.1:56373] for POST '/session/abdb5a0611fd9564203954f084bee53e/element'
08:33:58.357 [AsyncHttpClient-1-7] DEBUG org.asynchttpclient.netty.handler.HttpHandler - 

Request DefaultHttpRequest(decodeResult: success, version: HTTP/1.1)
POST /session/abdb5a0611fd9564203954f084bee53e/element HTTP/1.1
User-Agent: selenium/4.1.2 (java windows)
Content-Length: 170
Content-Type: application/json; charset=utf-8
host: localhost:56373
accept: */*

Response DefaultHttpResponse(decodeResult: success, version: HTTP/1.1)
HTTP/1.1 200 OK
Content-Type: application/json; charset=utf-8
cache-control: no-cache
content-length: 88

08:33:58.357 [AsyncHttpClient-1-7] DEBUG org.asynchttpclient.netty.channel.ChannelManager - Adding key: http://localhost:56373 for channel [id: 0x5092d7cb, L:/127.0.0.1:60506 - R:localhost/127.0.0.1:56373]
08:33:58.362 [Forwarding clickElement on session abdb5a0611fd9564203954f084bee53e to remote] DEBUG org.asynchttpclient.netty.request.NettyRequestSender - Using pooled Channel '[id: 0x5092d7cb, L:/127.0.0.1:60506 - R:localhost/127.0.0.1:56373]' for 'POST' to 'http://localhost:56373/session/abdb5a0611fd9564203954f084bee53e/element/4e8723ee-d857-4c96-9630-6dde0c9a46ef/click'
08:33:58.363 [Forwarding clickElement on session abdb5a0611fd9564203954f084bee53e to remote] DEBUG org.asynchttpclient.netty.request.NettyRequestSender - Using open Channel [id: 0x5092d7cb, L:/127.0.0.1:60506 - R:localhost/127.0.0.1:56373] for POST '/session/abdb5a0611fd9564203954f084bee53e/element/4e8723ee-d857-4c96-9630-6dde0c9a46ef/click'
08:33:58.449 [AsyncHttpClient-1-7] DEBUG org.asynchttpclient.netty.handler.HttpHandler - 

Request DefaultHttpRequest(decodeResult: success, version: HTTP/1.1)
POST /session/abdb5a0611fd9564203954f084bee53e/element/4e8723ee-d857-4c96-9630-6dde0c9a46ef/click HTTP/1.1
User-Agent: selenium/4.1.2 (java windows)
Content-Length: 50
Content-Type: application/json; charset=utf-8
host: localhost:56373
accept: */*

Response DefaultHttpResponse(decodeResult: success, version: HTTP/1.1)
HTTP/1.1 200 OK
Content-Type: application/json; charset=utf-8
cache-control: no-cache
content-length: 14

08:33:58.449 [AsyncHttpClient-1-7] DEBUG org.asynchttpclient.netty.channel.ChannelManager - Adding key: http://localhost:56373 for channel [id: 0x5092d7cb, L:/127.0.0.1:60506 - R:localhost/127.0.0.1:56373]
08:33:58.456 [Forwarding findElement on session abdb5a0611fd9564203954f084bee53e to remote] DEBUG org.asynchttpclient.netty.request.NettyRequestSender - Using pooled Channel '[id: 0x5092d7cb, L:/127.0.0.1:60506 - R:localhost/127.0.0.1:56373]' for 'POST' to 'http://localhost:56373/session/abdb5a0611fd9564203954f084bee53e/element'
08:33:58.456 [Forwarding findElement on session abdb5a0611fd9564203954f084bee53e to remote] DEBUG org.asynchttpclient.netty.request.NettyRequestSender - Using open Channel [id: 0x5092d7cb, L:/127.0.0.1:60506 - R:localhost/127.0.0.1:56373] for POST '/session/abdb5a0611fd9564203954f084bee53e/element'
08:33:58.528 [AsyncHttpClient-1-7] DEBUG org.asynchttpclient.netty.handler.HttpHandler - 

Request DefaultHttpRequest(decodeResult: success, version: HTTP/1.1)
POST /session/abdb5a0611fd9564203954f084bee53e/element HTTP/1.1
User-Agent: selenium/4.1.2 (java windows)
Content-Length: 86
Content-Type: application/json; charset=utf-8
host: localhost:56373
accept: */*

Response DefaultHttpResponse(decodeResult: success, version: HTTP/1.1)
HTTP/1.1 200 OK
Content-Type: application/json; charset=utf-8
cache-control: no-cache
content-length: 88

08:33:58.528 [AsyncHttpClient-1-7] DEBUG org.asynchttpclient.netty.channel.ChannelManager - Adding key: http://localhost:56373 for channel [id: 0x5092d7cb, L:/127.0.0.1:60506 - R:localhost/127.0.0.1:56373]
08:33:58.531 [Forwarding clearElement on session abdb5a0611fd9564203954f084bee53e to remote] DEBUG org.asynchttpclient.netty.request.NettyRequestSender - Using pooled Channel '[id: 0x5092d7cb, L:/127.0.0.1:60506 - R:localhost/127.0.0.1:56373]' for 'POST' to 'http://localhost:56373/session/abdb5a0611fd9564203954f084bee53e/element/adc13a44-f979-46f1-b8ee-2646de2aeb71/clear'
08:33:58.531 [Forwarding clearElement on session abdb5a0611fd9564203954f084bee53e to remote] DEBUG org.asynchttpclient.netty.request.NettyRequestSender - Using open Channel [id: 0x5092d7cb, L:/127.0.0.1:60506 - R:localhost/127.0.0.1:56373] for POST '/session/abdb5a0611fd9564203954f084bee53e/element/adc13a44-f979-46f1-b8ee-2646de2aeb71/clear'
08:33:58.625 [AsyncHttpClient-1-7] DEBUG org.asynchttpclient.netty.handler.HttpHandler - 

Request DefaultHttpRequest(decodeResult: success, version: HTTP/1.1)
POST /session/abdb5a0611fd9564203954f084bee53e/element/adc13a44-f979-46f1-b8ee-2646de2aeb71/clear HTTP/1.1
User-Agent: selenium/4.1.2 (java windows)
Content-Length: 50
Content-Type: application/json; charset=utf-8
host: localhost:56373
accept: */*

Response DefaultHttpResponse(decodeResult: success, version: HTTP/1.1)
HTTP/1.1 200 OK
Content-Type: application/json; charset=utf-8
cache-control: no-cache
content-length: 14

08:33:58.626 [AsyncHttpClient-1-7] DEBUG org.asynchttpclient.netty.channel.ChannelManager - Adding key: http://localhost:56373 for channel [id: 0x5092d7cb, L:/127.0.0.1:60506 - R:localhost/127.0.0.1:56373]
08:33:58.628 [AsyncHttpClient-1-1] DEBUG org.asynchttpclient.netty.channel.DefaultChannelPool - Entry count for : http://localhost:56373 : 1
08:33:58.628 [AsyncHttpClient-1-1] DEBUG org.asynchttpclient.netty.channel.DefaultChannelPool - Entry count for : http://localhost:60507 : 1
08:33:58.631 [Forwarding sendKeysToElement on session abdb5a0611fd9564203954f084bee53e to remote] DEBUG org.asynchttpclient.netty.request.NettyRequestSender - Using pooled Channel '[id: 0x5092d7cb, L:/127.0.0.1:60506 - R:localhost/127.0.0.1:56373]' for 'POST' to 'http://localhost:56373/session/abdb5a0611fd9564203954f084bee53e/element/adc13a44-f979-46f1-b8ee-2646de2aeb71/value'
08:33:58.631 [Forwarding sendKeysToElement on session abdb5a0611fd9564203954f084bee53e to remote] DEBUG org.asynchttpclient.netty.request.NettyRequestSender - Using open Channel [id: 0x5092d7cb, L:/127.0.0.1:60506 - R:localhost/127.0.0.1:56373] for POST '/session/abdb5a0611fd9564203954f084bee53e/element/adc13a44-f979-46f1-b8ee-2646de2aeb71/value'
08:33:58.711 [AsyncHttpClient-1-7] DEBUG org.asynchttpclient.netty.handler.HttpHandler - 

Request DefaultHttpRequest(decodeResult: success, version: HTTP/1.1)
POST /session/abdb5a0611fd9564203954f084bee53e/element/adc13a44-f979-46f1-b8ee-2646de2aeb71/value HTTP/1.1
User-Agent: selenium/4.1.2 (java windows)
Content-Length: 91
Content-Type: application/json; charset=utf-8
host: localhost:56373
accept: */*

Response DefaultHttpResponse(decodeResult: success, version: HTTP/1.1)
HTTP/1.1 200 OK
Content-Type: application/json; charset=utf-8
cache-control: no-cache
content-length: 14

08:33:58.711 [AsyncHttpClient-1-7] DEBUG org.asynchttpclient.netty.channel.ChannelManager - Adding key: http://localhost:56373 for channel [id: 0x5092d7cb, L:/127.0.0.1:60506 - R:localhost/127.0.0.1:56373]
08:33:58.719 [Forwarding findElement on session abdb5a0611fd9564203954f084bee53e to remote] DEBUG org.asynchttpclient.netty.request.NettyRequestSender - Using pooled Channel '[id: 0x5092d7cb, L:/127.0.0.1:60506 - R:localhost/127.0.0.1:56373]' for 'POST' to 'http://localhost:56373/session/abdb5a0611fd9564203954f084bee53e/element'
08:33:58.719 [Forwarding findElement on session abdb5a0611fd9564203954f084bee53e to remote] DEBUG org.asynchttpclient.netty.request.NettyRequestSender - Using open Channel [id: 0x5092d7cb, L:/127.0.0.1:60506 - R:localhost/127.0.0.1:56373] for POST '/session/abdb5a0611fd9564203954f084bee53e/element'
08:33:58.742 [AsyncHttpClient-1-7] DEBUG org.asynchttpclient.netty.handler.HttpHandler - 

Request DefaultHttpRequest(decodeResult: success, version: HTTP/1.1)
POST /session/abdb5a0611fd9564203954f084bee53e/element HTTP/1.1
User-Agent: selenium/4.1.2 (java windows)
Content-Length: 89
Content-Type: application/json; charset=utf-8
host: localhost:56373
accept: */*

Response DefaultHttpResponse(decodeResult: success, version: HTTP/1.1)
HTTP/1.1 200 OK
Content-Type: application/json; charset=utf-8
cache-control: no-cache
content-length: 88

08:33:58.743 [AsyncHttpClient-1-7] DEBUG org.asynchttpclient.netty.channel.ChannelManager - Adding key: http://localhost:56373 for channel [id: 0x5092d7cb, L:/127.0.0.1:60506 - R:localhost/127.0.0.1:56373]
08:33:58.746 [Forwarding clearElement on session abdb5a0611fd9564203954f084bee53e to remote] DEBUG org.asynchttpclient.netty.request.NettyRequestSender - Using pooled Channel '[id: 0x5092d7cb, L:/127.0.0.1:60506 - R:localhost/127.0.0.1:56373]' for 'POST' to 'http://localhost:56373/session/abdb5a0611fd9564203954f084bee53e/element/eac5fcba-c469-4cbd-9bda-8a249b5e4c43/clear'
08:33:58.746 [Forwarding clearElement on session abdb5a0611fd9564203954f084bee53e to remote] DEBUG org.asynchttpclient.netty.request.NettyRequestSender - Using open Channel [id: 0x5092d7cb, L:/127.0.0.1:60506 - R:localhost/127.0.0.1:56373] for POST '/session/abdb5a0611fd9564203954f084bee53e/element/eac5fcba-c469-4cbd-9bda-8a249b5e4c43/clear'
08:33:58.800 [AsyncHttpClient-1-7] DEBUG org.asynchttpclient.netty.handler.HttpHandler - 

Request DefaultHttpRequest(decodeResult: success, version: HTTP/1.1)
POST /session/abdb5a0611fd9564203954f084bee53e/element/eac5fcba-c469-4cbd-9bda-8a249b5e4c43/clear HTTP/1.1
User-Agent: selenium/4.1.2 (java windows)
Content-Length: 50
Content-Type: application/json; charset=utf-8
host: localhost:56373
accept: */*

Response DefaultHttpResponse(decodeResult: success, version: HTTP/1.1)
HTTP/1.1 200 OK
Content-Type: application/json; charset=utf-8
cache-control: no-cache
content-length: 14

08:33:58.800 [AsyncHttpClient-1-7] DEBUG org.asynchttpclient.netty.channel.ChannelManager - Adding key: http://localhost:56373 for channel [id: 0x5092d7cb, L:/127.0.0.1:60506 - R:localhost/127.0.0.1:56373]
08:33:58.804 [Forwarding sendKeysToElement on session abdb5a0611fd9564203954f084bee53e to remote] DEBUG org.asynchttpclient.netty.request.NettyRequestSender - Using pooled Channel '[id: 0x5092d7cb, L:/127.0.0.1:60506 - R:localhost/127.0.0.1:56373]' for 'POST' to 'http://localhost:56373/session/abdb5a0611fd9564203954f084bee53e/element/eac5fcba-c469-4cbd-9bda-8a249b5e4c43/value'
08:33:58.804 [Forwarding sendKeysToElement on session abdb5a0611fd9564203954f084bee53e to remote] DEBUG org.asynchttpclient.netty.request.NettyRequestSender - Using open Channel [id: 0x5092d7cb, L:/127.0.0.1:60506 - R:localhost/127.0.0.1:56373] for POST '/session/abdb5a0611fd9564203954f084bee53e/element/eac5fcba-c469-4cbd-9bda-8a249b5e4c43/value'
08:33:58.890 [AsyncHttpClient-1-7] DEBUG org.asynchttpclient.netty.handler.HttpHandler - 

Request DefaultHttpRequest(decodeResult: success, version: HTTP/1.1)
POST /session/abdb5a0611fd9564203954f084bee53e/element/eac5fcba-c469-4cbd-9bda-8a249b5e4c43/value HTTP/1.1
User-Agent: selenium/4.1.2 (java windows)
Content-Length: 91
Content-Type: application/json; charset=utf-8
host: localhost:56373
accept: */*

Response DefaultHttpResponse(decodeResult: success, version: HTTP/1.1)
HTTP/1.1 200 OK
Content-Type: application/json; charset=utf-8
cache-control: no-cache
content-length: 14

08:33:58.891 [AsyncHttpClient-1-7] DEBUG org.asynchttpclient.netty.channel.ChannelManager - Adding key: http://localhost:56373 for channel [id: 0x5092d7cb, L:/127.0.0.1:60506 - R:localhost/127.0.0.1:56373]
08:33:58.899 [Forwarding findElement on session abdb5a0611fd9564203954f084bee53e to remote] DEBUG org.asynchttpclient.netty.request.NettyRequestSender - Using pooled Channel '[id: 0x5092d7cb, L:/127.0.0.1:60506 - R:localhost/127.0.0.1:56373]' for 'POST' to 'http://localhost:56373/session/abdb5a0611fd9564203954f084bee53e/element'
08:33:58.899 [Forwarding findElement on session abdb5a0611fd9564203954f084bee53e to remote] DEBUG org.asynchttpclient.netty.request.NettyRequestSender - Using open Channel [id: 0x5092d7cb, L:/127.0.0.1:60506 - R:localhost/127.0.0.1:56373] for POST '/session/abdb5a0611fd9564203954f084bee53e/element'
08:33:58.919 [AsyncHttpClient-1-7] DEBUG org.asynchttpclient.netty.handler.HttpHandler - 

Request DefaultHttpRequest(decodeResult: success, version: HTTP/1.1)
POST /session/abdb5a0611fd9564203954f084bee53e/element HTTP/1.1
User-Agent: selenium/4.1.2 (java windows)
Content-Length: 72
Content-Type: application/json; charset=utf-8
host: localhost:56373
accept: */*

Response DefaultHttpResponse(decodeResult: success, version: HTTP/1.1)
HTTP/1.1 200 OK
Content-Type: application/json; charset=utf-8
cache-control: no-cache
content-length: 88

08:33:58.920 [AsyncHttpClient-1-7] DEBUG org.asynchttpclient.netty.channel.ChannelManager - Adding key: http://localhost:56373 for channel [id: 0x5092d7cb, L:/127.0.0.1:60506 - R:localhost/127.0.0.1:56373]
08:33:58.922 [Forwarding getElementTagName on session abdb5a0611fd9564203954f084bee53e to remote] DEBUG org.asynchttpclient.netty.request.NettyRequestSender - Using pooled Channel '[id: 0x5092d7cb, L:/127.0.0.1:60506 - R:localhost/127.0.0.1:56373]' for 'GET' to 'http://localhost:56373/session/abdb5a0611fd9564203954f084bee53e/element/0a5a0cd2-d76d-41b7-952f-26be6719ce39/name'
08:33:58.922 [Forwarding getElementTagName on session abdb5a0611fd9564203954f084bee53e to remote] DEBUG org.asynchttpclient.netty.request.NettyRequestSender - Using open Channel [id: 0x5092d7cb, L:/127.0.0.1:60506 - R:localhost/127.0.0.1:56373] for GET '/session/abdb5a0611fd9564203954f084bee53e/element/0a5a0cd2-d76d-41b7-952f-26be6719ce39/name'
08:33:58.934 [AsyncHttpClient-1-7] DEBUG org.asynchttpclient.netty.handler.HttpHandler - 

Request DefaultFullHttpRequest(decodeResult: success, version: HTTP/1.1, content: EmptyByteBufBE)
GET /session/abdb5a0611fd9564203954f084bee53e/element/0a5a0cd2-d76d-41b7-952f-26be6719ce39/name HTTP/1.1
User-Agent: selenium/4.1.2 (java windows)
Cache-Control: no-cache
Content-Type: application/json; charset=utf-8
host: localhost:56373
accept: */*

Response DefaultHttpResponse(decodeResult: success, version: HTTP/1.1)
HTTP/1.1 200 OK
Content-Type: application/json; charset=utf-8
cache-control: no-cache
content-length: 18

08:33:58.935 [AsyncHttpClient-1-7] DEBUG org.asynchttpclient.netty.channel.ChannelManager - Adding key: http://localhost:56373 for channel [id: 0x5092d7cb, L:/127.0.0.1:60506 - R:localhost/127.0.0.1:56373]
08:33:58.938 [Forwarding getElementTagName on session abdb5a0611fd9564203954f084bee53e to remote] DEBUG org.asynchttpclient.netty.request.NettyRequestSender - Using pooled Channel '[id: 0x5092d7cb, L:/127.0.0.1:60506 - R:localhost/127.0.0.1:56373]' for 'GET' to 'http://localhost:56373/session/abdb5a0611fd9564203954f084bee53e/element/0a5a0cd2-d76d-41b7-952f-26be6719ce39/name'
08:33:58.938 [Forwarding getElementTagName on session abdb5a0611fd9564203954f084bee53e to remote] DEBUG org.asynchttpclient.netty.request.NettyRequestSender - Using open Channel [id: 0x5092d7cb, L:/127.0.0.1:60506 - R:localhost/127.0.0.1:56373] for GET '/session/abdb5a0611fd9564203954f084bee53e/element/0a5a0cd2-d76d-41b7-952f-26be6719ce39/name'
08:33:58.951 [AsyncHttpClient-1-7] DEBUG org.asynchttpclient.netty.handler.HttpHandler - 

Request DefaultFullHttpRequest(decodeResult: success, version: HTTP/1.1, content: EmptyByteBufBE)
GET /session/abdb5a0611fd9564203954f084bee53e/element/0a5a0cd2-d76d-41b7-952f-26be6719ce39/name HTTP/1.1
User-Agent: selenium/4.1.2 (java windows)
Cache-Control: no-cache
Content-Type: application/json; charset=utf-8
host: localhost:56373
accept: */*

Response DefaultHttpResponse(decodeResult: success, version: HTTP/1.1)
HTTP/1.1 200 OK
Content-Type: application/json; charset=utf-8
cache-control: no-cache
content-length: 18

08:33:58.952 [AsyncHttpClient-1-7] DEBUG org.asynchttpclient.netty.channel.ChannelManager - Adding key: http://localhost:56373 for channel [id: 0x5092d7cb, L:/127.0.0.1:60506 - R:localhost/127.0.0.1:56373]
08:33:58.957 [Forwarding isElementEnabled on session abdb5a0611fd9564203954f084bee53e to remote] DEBUG org.asynchttpclient.netty.request.NettyRequestSender - Using pooled Channel '[id: 0x5092d7cb, L:/127.0.0.1:60506 - R:localhost/127.0.0.1:56373]' for 'GET' to 'http://localhost:56373/session/abdb5a0611fd9564203954f084bee53e/element/0a5a0cd2-d76d-41b7-952f-26be6719ce39/enabled'
08:33:58.957 [Forwarding isElementEnabled on session abdb5a0611fd9564203954f084bee53e to remote] DEBUG org.asynchttpclient.netty.request.NettyRequestSender - Using open Channel [id: 0x5092d7cb, L:/127.0.0.1:60506 - R:localhost/127.0.0.1:56373] for GET '/session/abdb5a0611fd9564203954f084bee53e/element/0a5a0cd2-d76d-41b7-952f-26be6719ce39/enabled'
08:33:58.986 [AsyncHttpClient-1-7] DEBUG org.asynchttpclient.netty.handler.HttpHandler - 

Request DefaultFullHttpRequest(decodeResult: success, version: HTTP/1.1, content: EmptyByteBufBE)
GET /session/abdb5a0611fd9564203954f084bee53e/element/0a5a0cd2-d76d-41b7-952f-26be6719ce39/enabled HTTP/1.1
User-Agent: selenium/4.1.2 (java windows)
Cache-Control: no-cache
Content-Type: application/json; charset=utf-8
host: localhost:56373
accept: */*

Response DefaultHttpResponse(decodeResult: success, version: HTTP/1.1)
HTTP/1.1 200 OK
Content-Type: application/json; charset=utf-8
cache-control: no-cache
content-length: 14

08:33:58.987 [AsyncHttpClient-1-7] DEBUG org.asynchttpclient.netty.channel.ChannelManager - Adding key: http://localhost:56373 for channel [id: 0x5092d7cb, L:/127.0.0.1:60506 - R:localhost/127.0.0.1:56373]
08:33:58.990 [Forwarding isElementEnabled on session abdb5a0611fd9564203954f084bee53e to remote] DEBUG org.asynchttpclient.netty.request.NettyRequestSender - Using pooled Channel '[id: 0x5092d7cb, L:/127.0.0.1:60506 - R:localhost/127.0.0.1:56373]' for 'GET' to 'http://localhost:56373/session/abdb5a0611fd9564203954f084bee53e/element/0a5a0cd2-d76d-41b7-952f-26be6719ce39/enabled'
08:33:58.990 [Forwarding isElementEnabled on session abdb5a0611fd9564203954f084bee53e to remote] DEBUG org.asynchttpclient.netty.request.NettyRequestSender - Using open Channel [id: 0x5092d7cb, L:/127.0.0.1:60506 - R:localhost/127.0.0.1:56373] for GET '/session/abdb5a0611fd9564203954f084bee53e/element/0a5a0cd2-d76d-41b7-952f-26be6719ce39/enabled'
08:33:59.005 [AsyncHttpClient-1-7] DEBUG org.asynchttpclient.netty.handler.HttpHandler - 

Request DefaultFullHttpRequest(decodeResult: success, version: HTTP/1.1, content: EmptyByteBufBE)
GET /session/abdb5a0611fd9564203954f084bee53e/element/0a5a0cd2-d76d-41b7-952f-26be6719ce39/enabled HTTP/1.1
User-Agent: selenium/4.1.2 (java windows)
Cache-Control: no-cache
Content-Type: application/json; charset=utf-8
host: localhost:56373
accept: */*

Response DefaultHttpResponse(decodeResult: success, version: HTTP/1.1)
HTTP/1.1 200 OK
Content-Type: application/json; charset=utf-8
cache-control: no-cache
content-length: 14

08:33:59.006 [AsyncHttpClient-1-7] DEBUG org.asynchttpclient.netty.channel.ChannelManager - Adding key: http://localhost:56373 for channel [id: 0x5092d7cb, L:/127.0.0.1:60506 - R:localhost/127.0.0.1:56373]
08:33:59.008 [Forwarding findElement on session abdb5a0611fd9564203954f084bee53e to remote] DEBUG org.asynchttpclient.netty.request.NettyRequestSender - Using pooled Channel '[id: 0x5092d7cb, L:/127.0.0.1:60506 - R:localhost/127.0.0.1:56373]' for 'POST' to 'http://localhost:56373/session/abdb5a0611fd9564203954f084bee53e/element'
08:33:59.009 [Forwarding findElement on session abdb5a0611fd9564203954f084bee53e to remote] DEBUG org.asynchttpclient.netty.request.NettyRequestSender - Using open Channel [id: 0x5092d7cb, L:/127.0.0.1:60506 - R:localhost/127.0.0.1:56373] for POST '/session/abdb5a0611fd9564203954f084bee53e/element'
08:33:59.023 [AsyncHttpClient-1-7] DEBUG org.asynchttpclient.netty.handler.HttpHandler - 

Request DefaultHttpRequest(decodeResult: success, version: HTTP/1.1)
POST /session/abdb5a0611fd9564203954f084bee53e/element HTTP/1.1
User-Agent: selenium/4.1.2 (java windows)
Content-Length: 72
Content-Type: application/json; charset=utf-8
host: localhost:56373
accept: */*

Response DefaultHttpResponse(decodeResult: success, version: HTTP/1.1)
HTTP/1.1 200 OK
Content-Type: application/json; charset=utf-8
cache-control: no-cache
content-length: 88

08:33:59.024 [AsyncHttpClient-1-7] DEBUG org.asynchttpclient.netty.channel.ChannelManager - Adding key: http://localhost:56373 for channel [id: 0x5092d7cb, L:/127.0.0.1:60506 - R:localhost/127.0.0.1:56373]
08:33:59.026 [Forwarding clickElement on session abdb5a0611fd9564203954f084bee53e to remote] DEBUG org.asynchttpclient.netty.request.NettyRequestSender - Using pooled Channel '[id: 0x5092d7cb, L:/127.0.0.1:60506 - R:localhost/127.0.0.1:56373]' for 'POST' to 'http://localhost:56373/session/abdb5a0611fd9564203954f084bee53e/element/0a5a0cd2-d76d-41b7-952f-26be6719ce39/click'
08:33:59.027 [Forwarding clickElement on session abdb5a0611fd9564203954f084bee53e to remote] DEBUG org.asynchttpclient.netty.request.NettyRequestSender - Using open Channel [id: 0x5092d7cb, L:/127.0.0.1:60506 - R:localhost/127.0.0.1:56373] for POST '/session/abdb5a0611fd9564203954f084bee53e/element/0a5a0cd2-d76d-41b7-952f-26be6719ce39/click'
08:33:59.111 [AsyncHttpClient-1-7] DEBUG org.asynchttpclient.netty.handler.HttpHandler - 

Request DefaultHttpRequest(decodeResult: success, version: HTTP/1.1)
POST /session/abdb5a0611fd9564203954f084bee53e/element/0a5a0cd2-d76d-41b7-952f-26be6719ce39/click HTTP/1.1
User-Agent: selenium/4.1.2 (java windows)
Content-Length: 50
Content-Type: application/json; charset=utf-8
host: localhost:56373
accept: */*

Response DefaultHttpResponse(decodeResult: success, version: HTTP/1.1)
HTTP/1.1 200 OK
Content-Type: application/json; charset=utf-8
cache-control: no-cache
content-length: 14

08:33:59.112 [AsyncHttpClient-1-7] DEBUG org.asynchttpclient.netty.channel.ChannelManager - Adding key: http://localhost:56373 for channel [id: 0x5092d7cb, L:/127.0.0.1:60506 - R:localhost/127.0.0.1:56373]
  &amp#27;[32mGiven &amp#27;[0m&amp#27;[32mi have to login first&amp#27;[0m &amp#27;[90m# starter.stepdefinitions.transStep.iHaveToLoginFirst()&amp#27;[0m
08:33:59.127 [main] DEBUG net.serenitybdd.core.photography.Darkroom - Opening darkroom
08:33:59.129 [Darkroom Processing Line] DEBUG net.serenitybdd.core.photography.DarkroomProcessingLine - Darkroom processing line starting up
08:33:59.130 [Forwarding screenshot on session abdb5a0611fd9564203954f084bee53e to remote] DEBUG org.asynchttpclient.netty.request.NettyRequestSender - Using pooled Channel '[id: 0x5092d7cb, L:/127.0.0.1:60506 - R:localhost/127.0.0.1:56373]' for 'GET' to 'http://localhost:56373/session/abdb5a0611fd9564203954f084bee53e/screenshot'
08:33:59.130 [Forwarding screenshot on session abdb5a0611fd9564203954f084bee53e to remote] DEBUG org.asynchttpclient.netty.request.NettyRequestSender - Using open Channel [id: 0x5092d7cb, L:/127.0.0.1:60506 - R:localhost/127.0.0.1:56373] for GET '/session/abdb5a0611fd9564203954f084bee53e/screenshot'
08:33:59.729 [AsyncHttpClient-1-1] DEBUG org.asynchttpclient.netty.channel.DefaultChannelPool - Entry count for : http://localhost:60507 : 1
08:34:00.785 [AsyncHttpClient-1-7] DEBUG org.asynchttpclient.netty.handler.HttpHandler - 

Request DefaultFullHttpRequest(decodeResult: success, version: HTTP/1.1, content: EmptyByteBufBE)
GET /session/abdb5a0611fd9564203954f084bee53e/screenshot HTTP/1.1
User-Agent: selenium/4.1.2 (java windows)
Cache-Control: no-cache
Content-Type: application/json; charset=utf-8
host: localhost:56373
accept: */*

Response DefaultHttpResponse(decodeResult: success, version: HTTP/1.1)
HTTP/1.1 200 OK
Content-Type: application/json; charset=utf-8
cache-control: no-cache
content-length: 26156

08:34:00.786 [AsyncHttpClient-1-7] DEBUG org.asynchttpclient.netty.channel.ChannelManager - Adding key: http://localhost:56373 for channel [id: 0x5092d7cb, L:/127.0.0.1:60506 - R:localhost/127.0.0.1:56373]
08:34:00.788 [main] DEBUG net.serenitybdd.core.photography.Darkroom - Send negative for processing for target\site\serenity\27a6930d5ae3e4ee8f0273d43f5bae9910d01892279377a63483aa0b4d4bd05b.png
08:34:00.789 [Darkroom Processing Line] DEBUG net.serenitybdd.core.photography.DarkroomProcessingLine - Processing screenshot image in /var/screenshots/screenshot-15259572871151451705
08:34:00.789 [Darkroom Processing Line] DEBUG net.serenitybdd.core.photography.DarkroomProcessingLine - Saving screenshot to target\site\serenity\27a6930d5ae3e4ee8f0273d43f5bae9910d01892279377a63483aa0b4d4bd05b.png
08:34:00.804 [Forwarding findElement on session abdb5a0611fd9564203954f084bee53e to remote] DEBUG org.asynchttpclient.netty.request.NettyRequestSender - Using pooled Channel '[id: 0x5092d7cb, L:/127.0.0.1:60506 - R:localhost/127.0.0.1:56373]' for 'POST' to 'http://localhost:56373/session/abdb5a0611fd9564203954f084bee53e/element'
08:34:00.804 [Forwarding findElement on session abdb5a0611fd9564203954f084bee53e to remote] DEBUG org.asynchttpclient.netty.request.NettyRequestSender - Using open Channel [id: 0x5092d7cb, L:/127.0.0.1:60506 - R:localhost/127.0.0.1:56373] for POST '/session/abdb5a0611fd9564203954f084bee53e/element'
08:34:00.822 [AsyncHttpClient-1-7] DEBUG org.asynchttpclient.netty.handler.HttpHandler - 

Request DefaultHttpRequest(decodeResult: success, version: HTTP/1.1)
POST /session/abdb5a0611fd9564203954f084bee53e/element HTTP/1.1
User-Agent: selenium/4.1.2 (java windows)
Content-Length: 167
Content-Type: application/json; charset=utf-8
host: localhost:56373
accept: */*

Response DefaultHttpResponse(decodeResult: success, version: HTTP/1.1)
HTTP/1.1 200 OK
Content-Type: application/json; charset=utf-8
cache-control: no-cache
content-length: 88

08:34:00.823 [AsyncHttpClient-1-7] DEBUG org.asynchttpclient.netty.channel.ChannelManager - Adding key: http://localhost:56373 for channel [id: 0x5092d7cb, L:/127.0.0.1:60506 - R:localhost/127.0.0.1:56373]
08:34:00.825 [Forwarding getElementTagName on session abdb5a0611fd9564203954f084bee53e to remote] DEBUG org.asynchttpclient.netty.request.NettyRequestSender - Using pooled Channel '[id: 0x5092d7cb, L:/127.0.0.1:60506 - R:localhost/127.0.0.1:56373]' for 'GET' to 'http://localhost:56373/session/abdb5a0611fd9564203954f084bee53e/element/1e73c73a-37f0-46e7-83f5-038042c0a898/name'
08:34:00.825 [Forwarding getElementTagName on session abdb5a0611fd9564203954f084bee53e to remote] DEBUG org.asynchttpclient.netty.request.NettyRequestSender - Using open Channel [id: 0x5092d7cb, L:/127.0.0.1:60506 - R:localhost/127.0.0.1:56373] for GET '/session/abdb5a0611fd9564203954f084bee53e/element/1e73c73a-37f0-46e7-83f5-038042c0a898/name'
08:34:00.829 [AsyncHttpClient-1-1] DEBUG org.asynchttpclient.netty.channel.DefaultChannelPool - Entry count for : http://localhost:60507 : 1
08:34:00.836 [AsyncHttpClient-1-7] DEBUG org.asynchttpclient.netty.handler.HttpHandler - 

Request DefaultFullHttpRequest(decodeResult: success, version: HTTP/1.1, content: EmptyByteBufBE)
GET /session/abdb5a0611fd9564203954f084bee53e/element/1e73c73a-37f0-46e7-83f5-038042c0a898/name HTTP/1.1
User-Agent: selenium/4.1.2 (java windows)
Cache-Control: no-cache
Content-Type: application/json; charset=utf-8
host: localhost:56373
accept: */*

Response DefaultHttpResponse(decodeResult: success, version: HTTP/1.1)
HTTP/1.1 200 OK
Content-Type: application/json; charset=utf-8
cache-control: no-cache
content-length: 13

08:34:00.836 [AsyncHttpClient-1-7] DEBUG org.asynchttpclient.netty.channel.ChannelManager - Adding key: http://localhost:56373 for channel [id: 0x5092d7cb, L:/127.0.0.1:60506 - R:localhost/127.0.0.1:56373]
08:34:00.839 [Forwarding getElementTagName on session abdb5a0611fd9564203954f084bee53e to remote] DEBUG org.asynchttpclient.netty.request.NettyRequestSender - Using pooled Channel '[id: 0x5092d7cb, L:/127.0.0.1:60506 - R:localhost/127.0.0.1:56373]' for 'GET' to 'http://localhost:56373/session/abdb5a0611fd9564203954f084bee53e/element/1e73c73a-37f0-46e7-83f5-038042c0a898/name'
08:34:00.839 [Forwarding getElementTagName on session abdb5a0611fd9564203954f084bee53e to remote] DEBUG org.asynchttpclient.netty.request.NettyRequestSender - Using open Channel [id: 0x5092d7cb, L:/127.0.0.1:60506 - R:localhost/127.0.0.1:56373] for GET '/session/abdb5a0611fd9564203954f084bee53e/element/1e73c73a-37f0-46e7-83f5-038042c0a898/name'
08:34:00.847 [AsyncHttpClient-1-7] DEBUG org.asynchttpclient.netty.handler.HttpHandler - 

Request DefaultFullHttpRequest(decodeResult: success, version: HTTP/1.1, content: EmptyByteBufBE)
GET /session/abdb5a0611fd9564203954f084bee53e/element/1e73c73a-37f0-46e7-83f5-038042c0a898/name HTTP/1.1
User-Agent: selenium/4.1.2 (java windows)
Cache-Control: no-cache
Content-Type: application/json; charset=utf-8
host: localhost:56373
accept: */*

Response DefaultHttpResponse(decodeResult: success, version: HTTP/1.1)
HTTP/1.1 200 OK
Content-Type: application/json; charset=utf-8
cache-control: no-cache
content-length: 13

08:34:00.848 [AsyncHttpClient-1-7] DEBUG org.asynchttpclient.netty.channel.ChannelManager - Adding key: http://localhost:56373 for channel [id: 0x5092d7cb, L:/127.0.0.1:60506 - R:localhost/127.0.0.1:56373]
08:34:00.851 [Forwarding findElement on session abdb5a0611fd9564203954f084bee53e to remote] DEBUG org.asynchttpclient.netty.request.NettyRequestSender - Using pooled Channel '[id: 0x5092d7cb, L:/127.0.0.1:60506 - R:localhost/127.0.0.1:56373]' for 'POST' to 'http://localhost:56373/session/abdb5a0611fd9564203954f084bee53e/element'
08:34:00.851 [Forwarding findElement on session abdb5a0611fd9564203954f084bee53e to remote] DEBUG org.asynchttpclient.netty.request.NettyRequestSender - Using open Channel [id: 0x5092d7cb, L:/127.0.0.1:60506 - R:localhost/127.0.0.1:56373] for POST '/session/abdb5a0611fd9564203954f084bee53e/element'
08:34:00.863 [AsyncHttpClient-1-7] DEBUG org.asynchttpclient.netty.handler.HttpHandler - 

Request DefaultHttpRequest(decodeResult: success, version: HTTP/1.1)
POST /session/abdb5a0611fd9564203954f084bee53e/element HTTP/1.1
User-Agent: selenium/4.1.2 (java windows)
Content-Length: 167
Content-Type: application/json; charset=utf-8
host: localhost:56373
accept: */*

Response DefaultHttpResponse(decodeResult: success, version: HTTP/1.1)
HTTP/1.1 200 OK
Content-Type: application/json; charset=utf-8
cache-control: no-cache
content-length: 88

08:34:00.864 [AsyncHttpClient-1-7] DEBUG org.asynchttpclient.netty.channel.ChannelManager - Adding key: http://localhost:56373 for channel [id: 0x5092d7cb, L:/127.0.0.1:60506 - R:localhost/127.0.0.1:56373]
08:34:00.866 [Forwarding clickElement on session abdb5a0611fd9564203954f084bee53e to remote] DEBUG org.asynchttpclient.netty.request.NettyRequestSender - Using pooled Channel '[id: 0x5092d7cb, L:/127.0.0.1:60506 - R:localhost/127.0.0.1:56373]' for 'POST' to 'http://localhost:56373/session/abdb5a0611fd9564203954f084bee53e/element/1e73c73a-37f0-46e7-83f5-038042c0a898/click'
08:34:00.866 [Forwarding clickElement on session abdb5a0611fd9564203954f084bee53e to remote] DEBUG org.asynchttpclient.netty.request.NettyRequestSender - Using open Channel [id: 0x5092d7cb, L:/127.0.0.1:60506 - R:localhost/127.0.0.1:56373] for POST '/session/abdb5a0611fd9564203954f084bee53e/element/1e73c73a-37f0-46e7-83f5-038042c0a898/click'
08:34:00.985 [AsyncHttpClient-1-7] DEBUG org.asynchttpclient.netty.handler.HttpHandler - 

Request DefaultHttpRequest(decodeResult: success, version: HTTP/1.1)
POST /session/abdb5a0611fd9564203954f084bee53e/element/1e73c73a-37f0-46e7-83f5-038042c0a898/click HTTP/1.1
User-Agent: selenium/4.1.2 (java windows)
Content-Length: 50
Content-Type: application/json; charset=utf-8
host: localhost:56373
accept: */*

Response DefaultHttpResponse(decodeResult: success, version: HTTP/1.1)
HTTP/1.1 200 OK
Content-Type: application/json; charset=utf-8
cache-control: no-cache
content-length: 14

08:34:00.986 [AsyncHttpClient-1-7] DEBUG org.asynchttpclient.netty.channel.ChannelManager - Adding key: http://localhost:56373 for channel [id: 0x5092d7cb, L:/127.0.0.1:60506 - R:localhost/127.0.0.1:56373]
  &amp#27;[32mWhen &amp#27;[0m&amp#27;[32mi click icon account&amp#27;[0m   &amp#27;[90m# starter.stepdefinitions.logout.iClickIconAccount()&amp#27;[0m
08:34:01.000 [Forwarding screenshot on session abdb5a0611fd9564203954f084bee53e to remote] DEBUG org.asynchttpclient.netty.request.NettyRequestSender - Using pooled Channel '[id: 0x5092d7cb, L:/127.0.0.1:60506 - R:localhost/127.0.0.1:56373]' for 'GET' to 'http://localhost:56373/session/abdb5a0611fd9564203954f084bee53e/screenshot'
08:34:01.001 [Forwarding screenshot on session abdb5a0611fd9564203954f084bee53e to remote] DEBUG org.asynchttpclient.netty.request.NettyRequestSender - Using open Channel [id: 0x5092d7cb, L:/127.0.0.1:60506 - R:localhost/127.0.0.1:56373] for GET '/session/abdb5a0611fd9564203954f084bee53e/screenshot'
08:34:01.927 [AsyncHttpClient-1-1] DEBUG org.asynchttpclient.netty.channel.DefaultChannelPool - Entry count for : http://localhost:60507 : 1
08:34:02.736 [AsyncHttpClient-1-7] DEBUG org.asynchttpclient.netty.handler.HttpHandler - 

Request DefaultFullHttpRequest(decodeResult: success, version: HTTP/1.1, content: EmptyByteBufBE)
GET /session/abdb5a0611fd9564203954f084bee53e/screenshot HTTP/1.1
User-Agent: selenium/4.1.2 (java windows)
Cache-Control: no-cache
Content-Type: application/json; charset=utf-8
host: localhost:56373
accept: */*

Response DefaultHttpResponse(decodeResult: success, version: HTTP/1.1)
HTTP/1.1 200 OK
Content-Type: application/json; charset=utf-8
cache-control: no-cache
content-length: 84532

08:34:02.737 [AsyncHttpClient-1-7] DEBUG org.asynchttpclient.netty.channel.ChannelManager - Adding key: http://localhost:56373 for channel [id: 0x5092d7cb, L:/127.0.0.1:60506 - R:localhost/127.0.0.1:56373]
08:34:02.745 [main] DEBUG net.serenitybdd.core.photography.Darkroom - Send negative for processing for target\site\serenity\87bb70c2946da86650bc7e6d74619c4a773276b5f3f75972eaa59639f8c29391.png
08:34:02.746 [Darkroom Processing Line] DEBUG net.serenitybdd.core.photography.DarkroomProcessingLine - Processing screenshot image in /var/screenshots/screenshot-17942116581507898322
08:34:02.747 [Darkroom Processing Line] DEBUG net.serenitybdd.core.photography.DarkroomProcessingLine - Saving screenshot to target\site\serenity\87bb70c2946da86650bc7e6d74619c4a773276b5f3f75972eaa59639f8c29391.png
08:34:02.760 [Forwarding findElement on session abdb5a0611fd9564203954f084bee53e to remote] DEBUG org.asynchttpclient.netty.request.NettyRequestSender - Using pooled Channel '[id: 0x5092d7cb, L:/127.0.0.1:60506 - R:localhost/127.0.0.1:56373]' for 'POST' to 'http://localhost:56373/session/abdb5a0611fd9564203954f084bee53e/element'
08:34:02.760 [Forwarding findElement on session abdb5a0611fd9564203954f084bee53e to remote] DEBUG org.asynchttpclient.netty.request.NettyRequestSender - Using open Channel [id: 0x5092d7cb, L:/127.0.0.1:60506 - R:localhost/127.0.0.1:56373] for POST '/session/abdb5a0611fd9564203954f084bee53e/element'
08:34:02.767 [AsyncHttpClient-1-7] DEBUG org.asynchttpclient.netty.handler.HttpHandler - 

Request DefaultHttpRequest(decodeResult: success, version: HTTP/1.1)
POST /session/abdb5a0611fd9564203954f084bee53e/element HTTP/1.1
User-Agent: selenium/4.1.2 (java windows)
Content-Length: 50
Content-Type: application/json; charset=utf-8
host: localhost:56373
accept: */*

Response DefaultHttpResponse(decodeResult: success, version: HTTP/1.1)
HTTP/1.1 400 Bad Request
Content-Type: application/json; charset=utf-8
cache-control: no-cache
content-length: 957

08:34:02.767 [AsyncHttpClient-1-7] DEBUG org.asynchttpclient.netty.channel.ChannelManager - Adding key: http://localhost:56373 for channel [id: 0x5092d7cb, L:/127.0.0.1:60506 - R:localhost/127.0.0.1:56373]
08:34:02.770 [Forwarding findElement on session abdb5a0611fd9564203954f084bee53e to remote] DEBUG org.asynchttpclient.netty.request.NettyRequestSender - Using pooled Channel '[id: 0x5092d7cb, L:/127.0.0.1:60506 - R:localhost/127.0.0.1:56373]' for 'POST' to 'http://localhost:56373/session/abdb5a0611fd9564203954f084bee53e/element'
08:34:02.770 [Forwarding findElement on session abdb5a0611fd9564203954f084bee53e to remote] DEBUG org.asynchttpclient.netty.request.NettyRequestSender - Using open Channel [id: 0x5092d7cb, L:/127.0.0.1:60506 - R:localhost/127.0.0.1:56373] for POST '/session/abdb5a0611fd9564203954f084bee53e/element'
08:34:02.792 [AsyncHttpClient-1-7] DEBUG org.asynchttpclient.netty.handler.HttpHandler - 

Request DefaultHttpRequest(decodeResult: success, version: HTTP/1.1)
POST /session/abdb5a0611fd9564203954f084bee53e/element HTTP/1.1
User-Agent: selenium/4.1.2 (java windows)
Content-Length: 60
Content-Type: application/json; charset=utf-8
host: localhost:56373
accept: */*

Response DefaultHttpResponse(decodeResult: success, version: HTTP/1.1)
HTTP/1.1 200 OK
Content-Type: application/json; charset=utf-8
cache-control: no-cache
content-length: 88

08:34:02.792 [AsyncHttpClient-1-7] DEBUG org.asynchttpclient.netty.channel.ChannelManager - Adding key: http://localhost:56373 for channel [id: 0x5092d7cb, L:/127.0.0.1:60506 - R:localhost/127.0.0.1:56373]
08:34:02.800 [Forwarding isElementDisplayed on session abdb5a0611fd9564203954f084bee53e to remote] DEBUG org.asynchttpclient.netty.request.NettyRequestSender - Using pooled Channel '[id: 0x5092d7cb, L:/127.0.0.1:60506 - R:localhost/127.0.0.1:56373]' for 'POST' to 'http://localhost:56373/session/abdb5a0611fd9564203954f084bee53e/execute/sync'
08:34:02.800 [Forwarding isElementDisplayed on session abdb5a0611fd9564203954f084bee53e to remote] DEBUG org.asynchttpclient.netty.request.NettyRequestSender - Using open Channel [id: 0x5092d7cb, L:/127.0.0.1:60506 - R:localhost/127.0.0.1:56373] for POST '/session/abdb5a0611fd9564203954f084bee53e/execute/sync'
08:34:02.827 [AsyncHttpClient-1-7] DEBUG org.asynchttpclient.netty.handler.HttpHandler - 

Request DefaultHttpRequest(decodeResult: success, version: HTTP/1.1)
POST /session/abdb5a0611fd9564203954f084bee53e/execute/sync HTTP/1.1
User-Agent: selenium/4.1.2 (java windows)
Content-Length: 48780
Content-Type: application/json; charset=utf-8
host: localhost:56373
accept: */*

Response DefaultHttpResponse(decodeResult: success, version: HTTP/1.1)
HTTP/1.1 200 OK
Content-Type: application/json; charset=utf-8
cache-control: no-cache
content-length: 14

08:34:02.828 [AsyncHttpClient-1-7] DEBUG org.asynchttpclient.netty.channel.ChannelManager - Adding key: http://localhost:56373 for channel [id: 0x5092d7cb, L:/127.0.0.1:60506 - R:localhost/127.0.0.1:56373]
  &amp#27;[32mThen &amp#27;[0m&amp#27;[32mi get my login page&amp#27;[0m    &amp#27;[90m# starter.stepdefinitions.logout.iGetMyLoginPage()&amp#27;[0m
08:34:02.837 [Forwarding screenshot on session abdb5a0611fd9564203954f084bee53e to remote] DEBUG org.asynchttpclient.netty.request.NettyRequestSender - Using pooled Channel '[id: 0x5092d7cb, L:/127.0.0.1:60506 - R:localhost/127.0.0.1:56373]' for 'GET' to 'http://localhost:56373/session/abdb5a0611fd9564203954f084bee53e/screenshot'
08:34:02.838 [Forwarding screenshot on session abdb5a0611fd9564203954f084bee53e to remote] DEBUG org.asynchttpclient.netty.request.NettyRequestSender - Using open Channel [id: 0x5092d7cb, L:/127.0.0.1:60506 - R:localhost/127.0.0.1:56373] for GET '/session/abdb5a0611fd9564203954f084bee53e/screenshot'
08:34:03.027 [AsyncHttpClient-1-1] DEBUG org.asynchttpclient.netty.channel.DefaultChannelPool - Entry count for : http://localhost:60507 : 1
08:34:03.076 [AsyncHttpClient-1-7] DEBUG org.asynchttpclient.netty.handler.HttpHandler - 

Request DefaultFullHttpRequest(decodeResult: success, version: HTTP/1.1, content: EmptyByteBufBE)
GET /session/abdb5a0611fd9564203954f084bee53e/screenshot HTTP/1.1
User-Agent: selenium/4.1.2 (java windows)
Cache-Control: no-cache
Content-Type: application/json; charset=utf-8
host: localhost:56373
accept: */*

Response DefaultHttpResponse(decodeResult: success, version: HTTP/1.1)
HTTP/1.1 200 OK
Content-Type: application/json; charset=utf-8
cache-control: no-cache
content-length: 84352

08:34:03.078 [AsyncHttpClient-1-7] DEBUG org.asynchttpclient.netty.channel.ChannelManager - Adding key: http://localhost:56373 for channel [id: 0x5092d7cb, L:/127.0.0.1:60506 - R:localhost/127.0.0.1:56373]
08:34:03.085 [main] DEBUG net.serenitybdd.core.photography.Darkroom - Send negative for processing for target\site\serenity\69076dfaf75d465d77d4fc9cb646fe530bbe896100319841091082a368a0eaaa.png
08:34:03.086 [Darkroom Processing Line] DEBUG net.serenitybdd.core.photography.DarkroomProcessingLine - Processing screenshot image in /var/screenshots/screenshot-8220064291455622879
08:34:03.086 [Darkroom Processing Line] DEBUG net.serenitybdd.core.photography.DarkroomProcessingLine - Saving screenshot to target\site\serenity\69076dfaf75d465d77d4fc9cb646fe530bbe896100319841091082a368a0eaaa.png
08:34:03.088 [main] INFO  - 
  _____   ___   ___   _____     ___     _     ___   ___   ___   ___  
 |_   _| | __| / __| |_   _|   | _ \   /_\   / __| / __| | __| |   \ 
   | |   | _|  \__ \   | |     |  _/  / _ \  \__ \ \__ \ | _|  | |) |
   |_|   |___| |___/   |_|     |_|   /_/ \_\ |___/ |___/ |___| |___/ 

Logout
----------------------------------------------------------------------
08:34:03.091 [AsyncHttpClient-1-9] DEBUG org.asynchttpclient.netty.handler.WebSocketHandler - Channel Closed: [id: 0x8a455cbc, L:/127.0.0.1:60514 ! R:localhost/127.0.0.1:60507] with attribute NettyResponseFuture{currentRetry=5,
	isDone=1,
	isCancelled=0,
	asyncHandler=org.asynchttpclient.ws.WebSocketUpgradeHandler@6800cfba,
	nettyRequest=org.asynchttpclient.netty.request.NettyRequest@55e0daa5,
	future=java.util.concurrent.CompletableFuture@10445450[Completed normally],
	uri=ws://localhost:60507/devtools/browser/9d9e7237-82d4-44dc-9a61-fbf485dd908c,
	keepAlive=true,
	redirectCount=0,
	timeoutsHolder=null,
	inAuth=0,
	touch=1652837633467}
08:34:03.091 [AsyncHttpClient-1-9] DEBUG org.asynchttpclient.netty.channel.ChannelManager - Closing Channel [id: 0x8a455cbc, L:/127.0.0.1:60514 ! R:localhost/127.0.0.1:60507] 
08:34:03.092 [Driver Command Executor] DEBUG org.asynchttpclient.netty.request.NettyRequestSender - Using pooled Channel '[id: 0x5092d7cb, L:/127.0.0.1:60506 - R:localhost/127.0.0.1:56373]' for 'DELETE' to 'http://localhost:56373/session/abdb5a0611fd9564203954f084bee53e'
08:34:03.092 [Driver Command Executor] DEBUG org.asynchttpclient.netty.request.NettyRequestSender - Using open Channel [id: 0x5092d7cb, L:/127.0.0.1:60506 - R:localhost/127.0.0.1:56373] for DELETE '/session/abdb5a0611fd9564203954f084bee53e'
08:34:03.151 [AsyncHttpClient-1-8] DEBUG org.asynchttpclient.netty.handler.HttpHandler - Unexpected I/O exception on channel [id: 0x722933a8, L:/127.0.0.1:60513 - R:localhost/127.0.0.1:60507]
java.net.SocketException: Connection reset
	at java.base/sun.nio.ch.SocketChannelImpl.throwConnectionReset(SocketChannelImpl.java:367)
	at java.base/sun.nio.ch.SocketChannelImpl.read(SocketChannelImpl.java:398)
	at io.netty.buffer.PooledByteBuf.setBytes(PooledByteBuf.java:258)
	at io.netty.buffer.AbstractByteBuf.writeBytes(AbstractByteBuf.java:1132)
	at io.netty.channel.socket.nio.NioSocketChannel.doReadBytes(NioSocketChannel.java:350)
	at io.netty.channel.nio.AbstractNioByteChannel$NioByteUnsafe.read(AbstractNioByteChannel.java:151)
	at io.netty.channel.nio.NioEventLoop.processSelectedKey(NioEventLoop.java:722)
	at io.netty.channel.nio.NioEventLoop.processSelectedKeysOptimized(NioEventLoop.java:658)
	at io.netty.channel.nio.NioEventLoop.processSelectedKeys(NioEventLoop.java:584)
	at io.netty.channel.nio.NioEventLoop.run(NioEventLoop.java:496)
	at io.netty.util.concurrent.SingleThreadEventExecutor$4.run(SingleThreadEventExecutor.java:986)
	at io.netty.util.internal.ThreadExecutorMap$2.run(ThreadExecutorMap.java:74)
	at io.netty.util.concurrent.FastThreadLocalRunnable.run(FastThreadLocalRunnable.java:30)
	at java.base/java.lang.Thread.run(Thread.java:832)
08:34:03.152 [AsyncHttpClient-1-8] DEBUG org.asynchttpclient.netty.channel.ChannelManager - Closing Channel [id: 0x722933a8, L:/127.0.0.1:60513 - R:localhost/127.0.0.1:60507] 
08:34:03.152 [AsyncHttpClient-1-8] DEBUG org.asynchttpclient.netty.handler.HttpHandler - Channel Closed: [id: 0x722933a8, L:/127.0.0.1:60513 ! R:localhost/127.0.0.1:60507] with attribute DISCARD
08:34:03.180 [AsyncHttpClient-1-7] DEBUG org.asynchttpclient.netty.handler.HttpHandler - 

Request DefaultFullHttpRequest(decodeResult: success, version: HTTP/1.1, content: EmptyByteBufBE)
DELETE /session/abdb5a0611fd9564203954f084bee53e HTTP/1.1
User-Agent: selenium/4.1.2 (java windows)
Content-Type: application/json; charset=utf-8
host: localhost:56373
accept: */*

Response DefaultHttpResponse(decodeResult: success, version: HTTP/1.1)
HTTP/1.1 200 OK
Content-Type: application/json; charset=utf-8
cache-control: no-cache
content-length: 14

08:34:03.180 [AsyncHttpClient-1-7] DEBUG org.asynchttpclient.netty.channel.ChannelManager - Adding key: http://localhost:56373 for channel [id: 0x5092d7cb, L:/127.0.0.1:60506 - R:localhost/127.0.0.1:56373]
08:34:03.386 [AsyncHttpClient-1-7] DEBUG org.asynchttpclient.netty.handler.HttpHandler - Channel Closed: [id: 0x5092d7cb, L:/127.0.0.1:60506 ! R:localhost/127.0.0.1:56373] with attribute DISCARD
]]></system-out>
    <system-err><![CDATA[Starting ChromeDriver 101.0.4951.41 (93c720db8323b3ec10d056025ab95c23a31997c9-refs/branch-heads/4951@{#904}) on port 56373
Only local connections are allowed.
Please see https://chromedriver.chromium.org/security-considerations for suggestions on keeping ChromeDriver safe.
ChromeDriver was started successfully.
May 18, 2022 8:33:53 AM org.openqa.selenium.remote.ProtocolHandshake createSession
INFO: Detected dialect: W3C
May 18, 2022 8:33:53 AM org.openqa.selenium.devtools.CdpVersionFinder findNearestMatch
WARNING: Unable to find an exact match for CDP version 101, so returning the closest version found: 97
May 18, 2022 8:33:53 AM org.openqa.selenium.devtools.CdpVersionFinder findNearestMatch
INFO: Found CDP implementation for version 101 of 97
]]></system-err>
  </testcase>
  <testcase name="enter new product to cart" classname="Order" time="10.359">
    <system-out><![CDATA[08:34:03.902 [main] INFO io.cucumber.core.plugin.SerenityReporter - Running feature from file:///D:/PERKULIAHAN/Semester%206,Hebatt%20glad!/Altera/QE_Gladys-Cindana-Asri-Pardosi/Mini-Project/Web/src/test/resources/features/order.feature
08:34:03.908 [main] DEBUG net.thucydides.core.steps.StepEventBus - Test suite started for story net.thucydides.core.model.Story@9cac46c8
08:34:03.909 [main] INFO  - Test Suite Started: Order

@order
Scenario: enter new product to cart                &amp#27;[90m# src/test/resources/features/order.feature:7&amp#27;[0m
08:34:03.924 [main] INFO io.cucumber.core.plugin.SerenityReporter - Running feature from file:///D:/PERKULIAHAN/Semester%206,Hebatt%20glad!/Altera/QE_Gladys-Cindana-Asri-Pardosi/Mini-Project/Web/src/test/resources/features/order.feature
08:34:03.930 [main] INFO  - 
  _____   ___   ___   _____     ___   _____     _     ___   _____   ___   ___  
 |_   _| | __| / __| |_   _|   / __| |_   _|   /_\   | _ \ |_   _| | __| |   \ 
   | |   | _|  \__ \   | |     \__ \   | |    / _ \  |   /   | |   | _|  | |) |
   |_|   |___| |___/   |_|     |___/   |_|   /_/ \_\ |_|_\   |_|   |___| |___/ 

enter new product to cart(order;enter-new-product-to-cart)
--------------------------------------------------------------------------------
08:34:03.951 [main] INFO net.serenitybdd.core.webdriver.driverproviders.ChromeDriverProvider - Using automatically driver download
08:34:04.128 [main] DEBUG io.github.bonigarcia.wdm.cache.ResolutionCache - Resolution chrome=101 in cache (valid until 09:23:35 18/05/2022 WIB)
08:34:04.128 [AsyncHttpClient-1-1] DEBUG org.asynchttpclient.netty.channel.DefaultChannelPool - Entry count for : http://localhost:56373 : 1
08:34:04.128 [AsyncHttpClient-1-1] DEBUG org.asynchttpclient.netty.channel.DefaultChannelPool - Entry count for : http://localhost:60507 : 1
08:34:04.128 [AsyncHttpClient-1-1] DEBUG org.asynchttpclient.netty.channel.DefaultChannelPool - Adding Candidate expired Channel [id: 0x5092d7cb, L:/127.0.0.1:60506 ! R:localhost/127.0.0.1:56373] isIdleTimeoutExpired=false isRemotelyClosed=true isTtlExpired=false
08:34:04.128 [AsyncHttpClient-1-1] DEBUG org.asynchttpclient.netty.channel.DefaultChannelPool - Closing Idle Channel [id: 0x5092d7cb, L:/127.0.0.1:60506 ! R:localhost/127.0.0.1:56373]
08:34:04.128 [AsyncHttpClient-1-1] DEBUG org.asynchttpclient.netty.channel.DefaultChannelPool - Adding Candidate expired Channel [id: 0x722933a8, L:/127.0.0.1:60513 ! R:localhost/127.0.0.1:60507] isIdleTimeoutExpired=false isRemotelyClosed=true isTtlExpired=false
08:34:04.128 [AsyncHttpClient-1-1] DEBUG org.asynchttpclient.netty.channel.DefaultChannelPool - Closing Idle Channel [id: 0x722933a8, L:/127.0.0.1:60513 ! R:localhost/127.0.0.1:60507]
08:34:04.128 [AsyncHttpClient-1-1] DEBUG org.asynchttpclient.netty.channel.DefaultChannelPool - Closed 2 connections out of 2 in 0 ms
08:34:04.134 [main] DEBUG io.github.bonigarcia.wdm.cache.ResolutionCache - Resolution chrome101=101.0.4951.41 in cache (valid until 18:48:44 18/05/2022 WIB)
08:34:04.138 [main] INFO io.github.bonigarcia.wdm.WebDriverManager - Using chromedriver 101.0.4951.41 (resolved driver for Chrome 101)
08:34:04.158 [main] DEBUG io.github.bonigarcia.wdm.WebDriverManager - Driver chromedriver 101.0.4951.41 found in cache
08:34:04.159 [main] INFO io.github.bonigarcia.wdm.WebDriverManager - Exporting webdriver.chrome.driver as C:\Users\ASUS\.cache\selenium\chromedriver\win32\101.0.4951.41\chromedriver.exe
08:34:04.336 [main] DEBUG net.serenitybdd.core.webdriver.driverproviders.ProvideNewDriver - Instantiating driver
08:34:04.336 [main] DEBUG net.serenitybdd.core.webdriver.driverproviders.ProvideNewDriver - Driver capabilities: Capabilities {acceptInsecureCerts: false, base.url: , browserName: chrome, goog:chromeOptions: {args: [], extensions: []}}
08:34:04.883 [AsyncHttpClient-1-10] DEBUG org.asynchttpclient.netty.channel.NettyConnectListener - Using new Channel '[id: 0x4101ebd6, L:/127.0.0.1:60542 - R:localhost/127.0.0.1:55050]' for 'POST' to '/session'
08:34:06.110 [AsyncHttpClient-1-10] DEBUG org.asynchttpclient.netty.handler.HttpHandler - 

Request DefaultHttpRequest(decodeResult: success, version: HTTP/1.1)
POST /session HTTP/1.1
User-Agent: selenium/4.1.2 (java windows)
Content-Length: 457
Content-Type: application/json; charset=utf-8
host: localhost:55050
accept: */*

Response DefaultHttpResponse(decodeResult: success, version: HTTP/1.1)
HTTP/1.1 200 OK
Content-Type: application/json; charset=utf-8
cache-control: no-cache
content-length: 788

08:34:06.111 [AsyncHttpClient-1-10] DEBUG org.asynchttpclient.netty.channel.ChannelManager - Adding key: http://localhost:55050 for channel [id: 0x4101ebd6, L:/127.0.0.1:60542 - R:localhost/127.0.0.1:55050]
08:34:06.135 [AsyncHttpClient-1-11] DEBUG org.asynchttpclient.netty.channel.NettyConnectListener - Using new Channel '[id: 0x358750df, L:/127.0.0.1:60551 - R:localhost/127.0.0.1:60543]' for 'GET' to '/json/version'
08:34:06.137 [AsyncHttpClient-1-11] DEBUG org.asynchttpclient.netty.handler.HttpHandler - 

Request DefaultFullHttpRequest(decodeResult: success, version: HTTP/1.1, content: EmptyByteBufBE)
GET /json/version HTTP/1.1
User-Agent: selenium/4.1.2 (java windows)
host: localhost:60543
accept: */*

Response DefaultHttpResponse(decodeResult: success, version: HTTP/1.1)
HTTP/1.1 200 OK
Content-Type: application/json; charset=UTF-8
content-length: 427

08:34:06.137 [AsyncHttpClient-1-11] DEBUG org.asynchttpclient.netty.channel.ChannelManager - Adding key: http://localhost:60543 for channel [id: 0x358750df, L:/127.0.0.1:60551 - R:localhost/127.0.0.1:60543]
08:34:06.157 [AsyncHttpClient-1-12] DEBUG org.asynchttpclient.netty.channel.NettyConnectListener - Using new Channel '[id: 0x20f84d22, L:/127.0.0.1:60552 - R:localhost/127.0.0.1:60543]' for 'GET' to '/devtools/browser/003c2069-bd5e-46cc-a72b-baa9440a9fd0'
08:34:06.159 [AsyncHttpClient-1-12] DEBUG org.asynchttpclient.netty.handler.WebSocketHandler - 

Request DefaultFullHttpRequest(decodeResult: success, version: HTTP/1.1, content: EmptyByteBufBE)
GET /devtools/browser/003c2069-bd5e-46cc-a72b-baa9440a9fd0 HTTP/1.1
upgrade: websocket
connection: upgrade
sec-websocket-key: eDpBoq+PBLk6MAMt+1Z6nw==
sec-websocket-version: 13
origin: http://localhost:60543
host: localhost:60543
accept: */*
user-agent: AHC/2.1

Response DefaultHttpResponse(decodeResult: success, version: HTTP/1.1)
HTTP/1.1 101 WebSocket Protocol Handshake
Upgrade: WebSocket
Connection: Upgrade
Sec-WebSocket-Accept: wT78bA1vS9p9r68asfJ7ZJ9lhHE=

08:34:06.174 [Forwarding get on session 02e9a5d00feb840c089c08dc731adef5 to remote] DEBUG org.asynchttpclient.netty.request.NettyRequestSender - Using pooled Channel '[id: 0x4101ebd6, L:/127.0.0.1:60542 - R:localhost/127.0.0.1:55050]' for 'POST' to 'http://localhost:55050/session/02e9a5d00feb840c089c08dc731adef5/url'
08:34:06.190 [Forwarding get on session 02e9a5d00feb840c089c08dc731adef5 to remote] DEBUG org.asynchttpclient.netty.request.NettyRequestSender - Using open Channel [id: 0x4101ebd6, L:/127.0.0.1:60542 - R:localhost/127.0.0.1:55050] for POST '/session/02e9a5d00feb840c089c08dc731adef5/url'
08:34:06.333 [AsyncHttpClient-1-1] DEBUG org.asynchttpclient.netty.channel.DefaultChannelPool - Entry count for : http://localhost:60543 : 1
08:34:07.430 [AsyncHttpClient-1-1] DEBUG org.asynchttpclient.netty.channel.DefaultChannelPool - Entry count for : http://localhost:60543 : 1
08:34:08.529 [AsyncHttpClient-1-1] DEBUG org.asynchttpclient.netty.channel.DefaultChannelPool - Entry count for : http://localhost:60543 : 1
08:34:09.635 [AsyncHttpClient-1-1] DEBUG org.asynchttpclient.netty.channel.DefaultChannelPool - Entry count for : http://localhost:60543 : 1
08:34:09.981 [AsyncHttpClient-1-10] DEBUG org.asynchttpclient.netty.handler.HttpHandler - 

Request DefaultHttpRequest(decodeResult: success, version: HTTP/1.1)
POST /session/02e9a5d00feb840c089c08dc731adef5/url HTTP/1.1
User-Agent: selenium/4.1.2 (java windows)
Content-Length: 49
Content-Type: application/json; charset=utf-8
host: localhost:55050
accept: */*

Response DefaultHttpResponse(decodeResult: success, version: HTTP/1.1)
HTTP/1.1 200 OK
Content-Type: application/json; charset=utf-8
cache-control: no-cache
content-length: 14

08:34:09.981 [AsyncHttpClient-1-10] DEBUG org.asynchttpclient.netty.channel.ChannelManager - Adding key: http://localhost:55050 for channel [id: 0x4101ebd6, L:/127.0.0.1:60542 - R:localhost/127.0.0.1:55050]
08:34:09.985 [Forwarding setTimeout on session 02e9a5d00feb840c089c08dc731adef5 to remote] DEBUG org.asynchttpclient.netty.request.NettyRequestSender - Using pooled Channel '[id: 0x4101ebd6, L:/127.0.0.1:60542 - R:localhost/127.0.0.1:55050]' for 'POST' to 'http://localhost:55050/session/02e9a5d00feb840c089c08dc731adef5/timeouts'
08:34:09.985 [Forwarding setTimeout on session 02e9a5d00feb840c089c08dc731adef5 to remote] DEBUG org.asynchttpclient.netty.request.NettyRequestSender - Using open Channel [id: 0x4101ebd6, L:/127.0.0.1:60542 - R:localhost/127.0.0.1:55050] for POST '/session/02e9a5d00feb840c089c08dc731adef5/timeouts'
08:34:09.987 [AsyncHttpClient-1-10] DEBUG org.asynchttpclient.netty.handler.HttpHandler - 

Request DefaultHttpRequest(decodeResult: success, version: HTTP/1.1)
POST /session/02e9a5d00feb840c089c08dc731adef5/timeouts HTTP/1.1
User-Agent: selenium/4.1.2 (java windows)
Content-Length: 22
Content-Type: application/json; charset=utf-8
host: localhost:55050
accept: */*

Response DefaultHttpResponse(decodeResult: success, version: HTTP/1.1)
HTTP/1.1 200 OK
Content-Type: application/json; charset=utf-8
cache-control: no-cache
content-length: 14

08:34:09.988 [AsyncHttpClient-1-10] DEBUG org.asynchttpclient.netty.channel.ChannelManager - Adding key: http://localhost:55050 for channel [id: 0x4101ebd6, L:/127.0.0.1:60542 - R:localhost/127.0.0.1:55050]
08:34:09.992 [Forwarding getCurrentUrl on session 02e9a5d00feb840c089c08dc731adef5 to remote] DEBUG org.asynchttpclient.netty.request.NettyRequestSender - Using pooled Channel '[id: 0x4101ebd6, L:/127.0.0.1:60542 - R:localhost/127.0.0.1:55050]' for 'GET' to 'http://localhost:55050/session/02e9a5d00feb840c089c08dc731adef5/url'
08:34:09.992 [Forwarding getCurrentUrl on session 02e9a5d00feb840c089c08dc731adef5 to remote] DEBUG org.asynchttpclient.netty.request.NettyRequestSender - Using open Channel [id: 0x4101ebd6, L:/127.0.0.1:60542 - R:localhost/127.0.0.1:55050] for GET '/session/02e9a5d00feb840c089c08dc731adef5/url'
08:34:10.006 [AsyncHttpClient-1-10] DEBUG org.asynchttpclient.netty.handler.HttpHandler - 

Request DefaultFullHttpRequest(decodeResult: success, version: HTTP/1.1, content: EmptyByteBufBE)
GET /session/02e9a5d00feb840c089c08dc731adef5/url HTTP/1.1
User-Agent: selenium/4.1.2 (java windows)
Cache-Control: no-cache
Content-Type: application/json; charset=utf-8
host: localhost:55050
accept: */*

Response DefaultHttpResponse(decodeResult: success, version: HTTP/1.1)
HTTP/1.1 200 OK
Content-Type: application/json; charset=utf-8
cache-control: no-cache
content-length: 31

08:34:10.006 [AsyncHttpClient-1-10] DEBUG org.asynchttpclient.netty.channel.ChannelManager - Adding key: http://localhost:55050 for channel [id: 0x4101ebd6, L:/127.0.0.1:60542 - R:localhost/127.0.0.1:55050]
  &amp#27;[32mGiven &amp#27;[0m&amp#27;[32mi am on home page&amp#27;[0m                          &amp#27;[90m# starter.stepdefinitions.orderStep.iAmOnHomePage()&amp#27;[0m
08:34:10.018 [main] DEBUG net.serenitybdd.core.photography.Darkroom - Opening darkroom
08:34:10.019 [Darkroom Processing Line] DEBUG net.serenitybdd.core.photography.DarkroomProcessingLine - Darkroom processing line starting up
08:34:10.019 [Forwarding screenshot on session 02e9a5d00feb840c089c08dc731adef5 to remote] DEBUG org.asynchttpclient.netty.request.NettyRequestSender - Using pooled Channel '[id: 0x4101ebd6, L:/127.0.0.1:60542 - R:localhost/127.0.0.1:55050]' for 'GET' to 'http://localhost:55050/session/02e9a5d00feb840c089c08dc731adef5/screenshot'
08:34:10.019 [Forwarding screenshot on session 02e9a5d00feb840c089c08dc731adef5 to remote] DEBUG org.asynchttpclient.netty.request.NettyRequestSender - Using open Channel [id: 0x4101ebd6, L:/127.0.0.1:60542 - R:localhost/127.0.0.1:55050] for GET '/session/02e9a5d00feb840c089c08dc731adef5/screenshot'
08:34:10.728 [AsyncHttpClient-1-1] DEBUG org.asynchttpclient.netty.channel.DefaultChannelPool - Entry count for : http://localhost:60543 : 1
08:34:11.827 [AsyncHttpClient-1-1] DEBUG org.asynchttpclient.netty.channel.DefaultChannelPool - Entry count for : http://localhost:60543 : 1
08:34:12.135 [AsyncHttpClient-1-10] DEBUG org.asynchttpclient.netty.handler.HttpHandler - 

Request DefaultFullHttpRequest(decodeResult: success, version: HTTP/1.1, content: EmptyByteBufBE)
GET /session/02e9a5d00feb840c089c08dc731adef5/screenshot HTTP/1.1
User-Agent: selenium/4.1.2 (java windows)
Cache-Control: no-cache
Content-Type: application/json; charset=utf-8
host: localhost:55050
accept: */*

Response DefaultHttpResponse(decodeResult: success, version: HTTP/1.1)
HTTP/1.1 200 OK
Content-Type: application/json; charset=utf-8
cache-control: no-cache
content-length: 44788

08:34:12.135 [AsyncHttpClient-1-10] DEBUG org.asynchttpclient.netty.channel.ChannelManager - Adding key: http://localhost:55050 for channel [id: 0x4101ebd6, L:/127.0.0.1:60542 - R:localhost/127.0.0.1:55050]
08:34:12.138 [main] DEBUG net.serenitybdd.core.photography.Darkroom - Send negative for processing for target\site\serenity\8984aac45943f0051d6afd246ad18da84361c1fe340c36a7790a73b7ad685b6b.png
08:34:12.139 [Darkroom Processing Line] DEBUG net.serenitybdd.core.photography.DarkroomProcessingLine - Processing screenshot image in /var/screenshots/screenshot-8925469566058190571
08:34:12.140 [Darkroom Processing Line] DEBUG net.serenitybdd.core.photography.DarkroomProcessingLine - Saving screenshot to target\site\serenity\8984aac45943f0051d6afd246ad18da84361c1fe340c36a7790a73b7ad685b6b.png
08:34:12.153 [Forwarding findElement on session 02e9a5d00feb840c089c08dc731adef5 to remote] DEBUG org.asynchttpclient.netty.request.NettyRequestSender - Using pooled Channel '[id: 0x4101ebd6, L:/127.0.0.1:60542 - R:localhost/127.0.0.1:55050]' for 'POST' to 'http://localhost:55050/session/02e9a5d00feb840c089c08dc731adef5/element'
08:34:12.154 [Forwarding findElement on session 02e9a5d00feb840c089c08dc731adef5 to remote] DEBUG org.asynchttpclient.netty.request.NettyRequestSender - Using open Channel [id: 0x4101ebd6, L:/127.0.0.1:60542 - R:localhost/127.0.0.1:55050] for POST '/session/02e9a5d00feb840c089c08dc731adef5/element'
08:34:12.184 [AsyncHttpClient-1-10] DEBUG org.asynchttpclient.netty.handler.HttpHandler - 

Request DefaultHttpRequest(decodeResult: success, version: HTTP/1.1)
POST /session/02e9a5d00feb840c089c08dc731adef5/element HTTP/1.1
User-Agent: selenium/4.1.2 (java windows)
Content-Length: 122
Content-Type: application/json; charset=utf-8
host: localhost:55050
accept: */*

Response DefaultHttpResponse(decodeResult: success, version: HTTP/1.1)
HTTP/1.1 200 OK
Content-Type: application/json; charset=utf-8
cache-control: no-cache
content-length: 88

08:34:12.184 [AsyncHttpClient-1-10] DEBUG org.asynchttpclient.netty.channel.ChannelManager - Adding key: http://localhost:55050 for channel [id: 0x4101ebd6, L:/127.0.0.1:60542 - R:localhost/127.0.0.1:55050]
08:34:12.187 [Forwarding getElementTagName on session 02e9a5d00feb840c089c08dc731adef5 to remote] DEBUG org.asynchttpclient.netty.request.NettyRequestSender - Using pooled Channel '[id: 0x4101ebd6, L:/127.0.0.1:60542 - R:localhost/127.0.0.1:55050]' for 'GET' to 'http://localhost:55050/session/02e9a5d00feb840c089c08dc731adef5/element/c1577c4e-1a60-4268-8c78-8f82ddc3e5f3/name'
08:34:12.187 [Forwarding getElementTagName on session 02e9a5d00feb840c089c08dc731adef5 to remote] DEBUG org.asynchttpclient.netty.request.NettyRequestSender - Using open Channel [id: 0x4101ebd6, L:/127.0.0.1:60542 - R:localhost/127.0.0.1:55050] for GET '/session/02e9a5d00feb840c089c08dc731adef5/element/c1577c4e-1a60-4268-8c78-8f82ddc3e5f3/name'
08:34:12.196 [AsyncHttpClient-1-10] DEBUG org.asynchttpclient.netty.handler.HttpHandler - 

Request DefaultFullHttpRequest(decodeResult: success, version: HTTP/1.1, content: EmptyByteBufBE)
GET /session/02e9a5d00feb840c089c08dc731adef5/element/c1577c4e-1a60-4268-8c78-8f82ddc3e5f3/name HTTP/1.1
User-Agent: selenium/4.1.2 (java windows)
Cache-Control: no-cache
Content-Type: application/json; charset=utf-8
host: localhost:55050
accept: */*

Response DefaultHttpResponse(decodeResult: success, version: HTTP/1.1)
HTTP/1.1 200 OK
Content-Type: application/json; charset=utf-8
cache-control: no-cache
content-length: 16

08:34:12.196 [AsyncHttpClient-1-10] DEBUG org.asynchttpclient.netty.channel.ChannelManager - Adding key: http://localhost:55050 for channel [id: 0x4101ebd6, L:/127.0.0.1:60542 - R:localhost/127.0.0.1:55050]
08:34:12.199 [Forwarding getElementTagName on session 02e9a5d00feb840c089c08dc731adef5 to remote] DEBUG org.asynchttpclient.netty.request.NettyRequestSender - Using pooled Channel '[id: 0x4101ebd6, L:/127.0.0.1:60542 - R:localhost/127.0.0.1:55050]' for 'GET' to 'http://localhost:55050/session/02e9a5d00feb840c089c08dc731adef5/element/c1577c4e-1a60-4268-8c78-8f82ddc3e5f3/name'
08:34:12.199 [Forwarding getElementTagName on session 02e9a5d00feb840c089c08dc731adef5 to remote] DEBUG org.asynchttpclient.netty.request.NettyRequestSender - Using open Channel [id: 0x4101ebd6, L:/127.0.0.1:60542 - R:localhost/127.0.0.1:55050] for GET '/session/02e9a5d00feb840c089c08dc731adef5/element/c1577c4e-1a60-4268-8c78-8f82ddc3e5f3/name'
08:34:12.205 [AsyncHttpClient-1-10] DEBUG org.asynchttpclient.netty.handler.HttpHandler - 

Request DefaultFullHttpRequest(decodeResult: success, version: HTTP/1.1, content: EmptyByteBufBE)
GET /session/02e9a5d00feb840c089c08dc731adef5/element/c1577c4e-1a60-4268-8c78-8f82ddc3e5f3/name HTTP/1.1
User-Agent: selenium/4.1.2 (java windows)
Cache-Control: no-cache
Content-Type: application/json; charset=utf-8
host: localhost:55050
accept: */*

Response DefaultHttpResponse(decodeResult: success, version: HTTP/1.1)
HTTP/1.1 200 OK
Content-Type: application/json; charset=utf-8
cache-control: no-cache
content-length: 16

08:34:12.206 [AsyncHttpClient-1-10] DEBUG org.asynchttpclient.netty.channel.ChannelManager - Adding key: http://localhost:55050 for channel [id: 0x4101ebd6, L:/127.0.0.1:60542 - R:localhost/127.0.0.1:55050]
08:34:12.209 [Forwarding findElement on session 02e9a5d00feb840c089c08dc731adef5 to remote] DEBUG org.asynchttpclient.netty.request.NettyRequestSender - Using pooled Channel '[id: 0x4101ebd6, L:/127.0.0.1:60542 - R:localhost/127.0.0.1:55050]' for 'POST' to 'http://localhost:55050/session/02e9a5d00feb840c089c08dc731adef5/element'
08:34:12.209 [Forwarding findElement on session 02e9a5d00feb840c089c08dc731adef5 to remote] DEBUG org.asynchttpclient.netty.request.NettyRequestSender - Using open Channel [id: 0x4101ebd6, L:/127.0.0.1:60542 - R:localhost/127.0.0.1:55050] for POST '/session/02e9a5d00feb840c089c08dc731adef5/element'
08:34:12.229 [AsyncHttpClient-1-10] DEBUG org.asynchttpclient.netty.handler.HttpHandler - 

Request DefaultHttpRequest(decodeResult: success, version: HTTP/1.1)
POST /session/02e9a5d00feb840c089c08dc731adef5/element HTTP/1.1
User-Agent: selenium/4.1.2 (java windows)
Content-Length: 122
Content-Type: application/json; charset=utf-8
host: localhost:55050
accept: */*

Response DefaultHttpResponse(decodeResult: success, version: HTTP/1.1)
HTTP/1.1 200 OK
Content-Type: application/json; charset=utf-8
cache-control: no-cache
content-length: 88

08:34:12.230 [AsyncHttpClient-1-10] DEBUG org.asynchttpclient.netty.channel.ChannelManager - Adding key: http://localhost:55050 for channel [id: 0x4101ebd6, L:/127.0.0.1:60542 - R:localhost/127.0.0.1:55050]
08:34:12.232 [Forwarding clickElement on session 02e9a5d00feb840c089c08dc731adef5 to remote] DEBUG org.asynchttpclient.netty.request.NettyRequestSender - Using pooled Channel '[id: 0x4101ebd6, L:/127.0.0.1:60542 - R:localhost/127.0.0.1:55050]' for 'POST' to 'http://localhost:55050/session/02e9a5d00feb840c089c08dc731adef5/element/c1577c4e-1a60-4268-8c78-8f82ddc3e5f3/click'
08:34:12.232 [Forwarding clickElement on session 02e9a5d00feb840c089c08dc731adef5 to remote] DEBUG org.asynchttpclient.netty.request.NettyRequestSender - Using open Channel [id: 0x4101ebd6, L:/127.0.0.1:60542 - R:localhost/127.0.0.1:55050] for POST '/session/02e9a5d00feb840c089c08dc731adef5/element/c1577c4e-1a60-4268-8c78-8f82ddc3e5f3/click'
08:34:12.343 [AsyncHttpClient-1-10] DEBUG org.asynchttpclient.netty.handler.HttpHandler - 

Request DefaultHttpRequest(decodeResult: success, version: HTTP/1.1)
POST /session/02e9a5d00feb840c089c08dc731adef5/element/c1577c4e-1a60-4268-8c78-8f82ddc3e5f3/click HTTP/1.1
User-Agent: selenium/4.1.2 (java windows)
Content-Length: 50
Content-Type: application/json; charset=utf-8
host: localhost:55050
accept: */*

Response DefaultHttpResponse(decodeResult: success, version: HTTP/1.1)
HTTP/1.1 200 OK
Content-Type: application/json; charset=utf-8
cache-control: no-cache
content-length: 14

08:34:12.344 [AsyncHttpClient-1-10] DEBUG org.asynchttpclient.netty.channel.ChannelManager - Adding key: http://localhost:55050 for channel [id: 0x4101ebd6, L:/127.0.0.1:60542 - R:localhost/127.0.0.1:55050]
  &amp#27;[32mWhen &amp#27;[0m&amp#27;[32mi click beli on product&amp#27;[0m                     &amp#27;[90m# starter.stepdefinitions.orderStep.iClickBeliOnProduct()&amp#27;[0m
08:34:12.356 [Forwarding screenshot on session 02e9a5d00feb840c089c08dc731adef5 to remote] DEBUG org.asynchttpclient.netty.request.NettyRequestSender - Using pooled Channel '[id: 0x4101ebd6, L:/127.0.0.1:60542 - R:localhost/127.0.0.1:55050]' for 'GET' to 'http://localhost:55050/session/02e9a5d00feb840c089c08dc731adef5/screenshot'
08:34:12.356 [Forwarding screenshot on session 02e9a5d00feb840c089c08dc731adef5 to remote] DEBUG org.asynchttpclient.netty.request.NettyRequestSender - Using open Channel [id: 0x4101ebd6, L:/127.0.0.1:60542 - R:localhost/127.0.0.1:55050] for GET '/session/02e9a5d00feb840c089c08dc731adef5/screenshot'
08:34:12.623 [AsyncHttpClient-1-10] DEBUG org.asynchttpclient.netty.handler.HttpHandler - 

Request DefaultFullHttpRequest(decodeResult: success, version: HTTP/1.1, content: EmptyByteBufBE)
GET /session/02e9a5d00feb840c089c08dc731adef5/screenshot HTTP/1.1
User-Agent: selenium/4.1.2 (java windows)
Cache-Control: no-cache
Content-Type: application/json; charset=utf-8
host: localhost:55050
accept: */*

Response DefaultHttpResponse(decodeResult: success, version: HTTP/1.1)
HTTP/1.1 200 OK
Content-Type: application/json; charset=utf-8
cache-control: no-cache
content-length: 76408

08:34:12.624 [AsyncHttpClient-1-10] DEBUG org.asynchttpclient.netty.channel.ChannelManager - Adding key: http://localhost:55050 for channel [id: 0x4101ebd6, L:/127.0.0.1:60542 - R:localhost/127.0.0.1:55050]
08:34:12.633 [main] DEBUG net.serenitybdd.core.photography.Darkroom - Send negative for processing for target\site\serenity\9f4f8862d79ded9910d2f0a944d10f83223a8600170f03c8b1a2320d21225b76.png
08:34:12.634 [Darkroom Processing Line] DEBUG net.serenitybdd.core.photography.DarkroomProcessingLine - Processing screenshot image in /var/screenshots/screenshot-15897671529181658858
08:34:12.634 [Darkroom Processing Line] DEBUG net.serenitybdd.core.photography.DarkroomProcessingLine - Saving screenshot to target\site\serenity\9f4f8862d79ded9910d2f0a944d10f83223a8600170f03c8b1a2320d21225b76.png
08:34:12.650 [Forwarding findElement on session 02e9a5d00feb840c089c08dc731adef5 to remote] DEBUG org.asynchttpclient.netty.request.NettyRequestSender - Using pooled Channel '[id: 0x4101ebd6, L:/127.0.0.1:60542 - R:localhost/127.0.0.1:55050]' for 'POST' to 'http://localhost:55050/session/02e9a5d00feb840c089c08dc731adef5/element'
08:34:12.650 [Forwarding findElement on session 02e9a5d00feb840c089c08dc731adef5 to remote] DEBUG org.asynchttpclient.netty.request.NettyRequestSender - Using open Channel [id: 0x4101ebd6, L:/127.0.0.1:60542 - R:localhost/127.0.0.1:55050] for POST '/session/02e9a5d00feb840c089c08dc731adef5/element'
08:34:12.694 [AsyncHttpClient-1-10] DEBUG org.asynchttpclient.netty.handler.HttpHandler - 

Request DefaultHttpRequest(decodeResult: success, version: HTTP/1.1)
POST /session/02e9a5d00feb840c089c08dc731adef5/element HTTP/1.1
User-Agent: selenium/4.1.2 (java windows)
Content-Length: 265
Content-Type: application/json; charset=utf-8
host: localhost:55050
accept: */*

Response DefaultHttpResponse(decodeResult: success, version: HTTP/1.1)
HTTP/1.1 200 OK
Content-Type: application/json; charset=utf-8
cache-control: no-cache
content-length: 88

08:34:12.695 [AsyncHttpClient-1-10] DEBUG org.asynchttpclient.netty.channel.ChannelManager - Adding key: http://localhost:55050 for channel [id: 0x4101ebd6, L:/127.0.0.1:60542 - R:localhost/127.0.0.1:55050]
08:34:12.697 [Forwarding getElementTagName on session 02e9a5d00feb840c089c08dc731adef5 to remote] DEBUG org.asynchttpclient.netty.request.NettyRequestSender - Using pooled Channel '[id: 0x4101ebd6, L:/127.0.0.1:60542 - R:localhost/127.0.0.1:55050]' for 'GET' to 'http://localhost:55050/session/02e9a5d00feb840c089c08dc731adef5/element/c7edfe3b-fcf3-402d-ba4c-15f1c95234ed/name'
08:34:12.698 [Forwarding getElementTagName on session 02e9a5d00feb840c089c08dc731adef5 to remote] DEBUG org.asynchttpclient.netty.request.NettyRequestSender - Using open Channel [id: 0x4101ebd6, L:/127.0.0.1:60542 - R:localhost/127.0.0.1:55050] for GET '/session/02e9a5d00feb840c089c08dc731adef5/element/c7edfe3b-fcf3-402d-ba4c-15f1c95234ed/name'
08:34:12.707 [AsyncHttpClient-1-10] DEBUG org.asynchttpclient.netty.handler.HttpHandler - 

Request DefaultFullHttpRequest(decodeResult: success, version: HTTP/1.1, content: EmptyByteBufBE)
GET /session/02e9a5d00feb840c089c08dc731adef5/element/c7edfe3b-fcf3-402d-ba4c-15f1c95234ed/name HTTP/1.1
User-Agent: selenium/4.1.2 (java windows)
Cache-Control: no-cache
Content-Type: application/json; charset=utf-8
host: localhost:55050
accept: */*

Response DefaultHttpResponse(decodeResult: success, version: HTTP/1.1)
HTTP/1.1 200 OK
Content-Type: application/json; charset=utf-8
cache-control: no-cache
content-length: 13

08:34:12.707 [AsyncHttpClient-1-10] DEBUG org.asynchttpclient.netty.channel.ChannelManager - Adding key: http://localhost:55050 for channel [id: 0x4101ebd6, L:/127.0.0.1:60542 - R:localhost/127.0.0.1:55050]
08:34:12.709 [Forwarding getElementTagName on session 02e9a5d00feb840c089c08dc731adef5 to remote] DEBUG org.asynchttpclient.netty.request.NettyRequestSender - Using pooled Channel '[id: 0x4101ebd6, L:/127.0.0.1:60542 - R:localhost/127.0.0.1:55050]' for 'GET' to 'http://localhost:55050/session/02e9a5d00feb840c089c08dc731adef5/element/c7edfe3b-fcf3-402d-ba4c-15f1c95234ed/name'
08:34:12.710 [Forwarding getElementTagName on session 02e9a5d00feb840c089c08dc731adef5 to remote] DEBUG org.asynchttpclient.netty.request.NettyRequestSender - Using open Channel [id: 0x4101ebd6, L:/127.0.0.1:60542 - R:localhost/127.0.0.1:55050] for GET '/session/02e9a5d00feb840c089c08dc731adef5/element/c7edfe3b-fcf3-402d-ba4c-15f1c95234ed/name'
08:34:12.718 [AsyncHttpClient-1-10] DEBUG org.asynchttpclient.netty.handler.HttpHandler - 

Request DefaultFullHttpRequest(decodeResult: success, version: HTTP/1.1, content: EmptyByteBufBE)
GET /session/02e9a5d00feb840c089c08dc731adef5/element/c7edfe3b-fcf3-402d-ba4c-15f1c95234ed/name HTTP/1.1
User-Agent: selenium/4.1.2 (java windows)
Cache-Control: no-cache
Content-Type: application/json; charset=utf-8
host: localhost:55050
accept: */*

Response DefaultHttpResponse(decodeResult: success, version: HTTP/1.1)
HTTP/1.1 200 OK
Content-Type: application/json; charset=utf-8
cache-control: no-cache
content-length: 13

08:34:12.718 [AsyncHttpClient-1-10] DEBUG org.asynchttpclient.netty.channel.ChannelManager - Adding key: http://localhost:55050 for channel [id: 0x4101ebd6, L:/127.0.0.1:60542 - R:localhost/127.0.0.1:55050]
08:34:12.722 [Forwarding findElement on session 02e9a5d00feb840c089c08dc731adef5 to remote] DEBUG org.asynchttpclient.netty.request.NettyRequestSender - Using pooled Channel '[id: 0x4101ebd6, L:/127.0.0.1:60542 - R:localhost/127.0.0.1:55050]' for 'POST' to 'http://localhost:55050/session/02e9a5d00feb840c089c08dc731adef5/element'
08:34:12.722 [Forwarding findElement on session 02e9a5d00feb840c089c08dc731adef5 to remote] DEBUG org.asynchttpclient.netty.request.NettyRequestSender - Using open Channel [id: 0x4101ebd6, L:/127.0.0.1:60542 - R:localhost/127.0.0.1:55050] for POST '/session/02e9a5d00feb840c089c08dc731adef5/element'
08:34:12.748 [AsyncHttpClient-1-10] DEBUG org.asynchttpclient.netty.handler.HttpHandler - 

Request DefaultHttpRequest(decodeResult: success, version: HTTP/1.1)
POST /session/02e9a5d00feb840c089c08dc731adef5/element HTTP/1.1
User-Agent: selenium/4.1.2 (java windows)
Content-Length: 265
Content-Type: application/json; charset=utf-8
host: localhost:55050
accept: */*

Response DefaultHttpResponse(decodeResult: success, version: HTTP/1.1)
HTTP/1.1 200 OK
Content-Type: application/json; charset=utf-8
cache-control: no-cache
content-length: 88

08:34:12.749 [AsyncHttpClient-1-10] DEBUG org.asynchttpclient.netty.channel.ChannelManager - Adding key: http://localhost:55050 for channel [id: 0x4101ebd6, L:/127.0.0.1:60542 - R:localhost/127.0.0.1:55050]
08:34:12.751 [Forwarding clickElement on session 02e9a5d00feb840c089c08dc731adef5 to remote] DEBUG org.asynchttpclient.netty.request.NettyRequestSender - Using pooled Channel '[id: 0x4101ebd6, L:/127.0.0.1:60542 - R:localhost/127.0.0.1:55050]' for 'POST' to 'http://localhost:55050/session/02e9a5d00feb840c089c08dc731adef5/element/c7edfe3b-fcf3-402d-ba4c-15f1c95234ed/click'
08:34:12.751 [Forwarding clickElement on session 02e9a5d00feb840c089c08dc731adef5 to remote] DEBUG org.asynchttpclient.netty.request.NettyRequestSender - Using open Channel [id: 0x4101ebd6, L:/127.0.0.1:60542 - R:localhost/127.0.0.1:55050] for POST '/session/02e9a5d00feb840c089c08dc731adef5/element/c7edfe3b-fcf3-402d-ba4c-15f1c95234ed/click'
08:34:12.840 [AsyncHttpClient-1-10] DEBUG org.asynchttpclient.netty.handler.HttpHandler - 

Request DefaultHttpRequest(decodeResult: success, version: HTTP/1.1)
POST /session/02e9a5d00feb840c089c08dc731adef5/element/c7edfe3b-fcf3-402d-ba4c-15f1c95234ed/click HTTP/1.1
User-Agent: selenium/4.1.2 (java windows)
Content-Length: 50
Content-Type: application/json; charset=utf-8
host: localhost:55050
accept: */*

Response DefaultHttpResponse(decodeResult: success, version: HTTP/1.1)
HTTP/1.1 200 OK
Content-Type: application/json; charset=utf-8
cache-control: no-cache
content-length: 14

08:34:12.841 [AsyncHttpClient-1-10] DEBUG org.asynchttpclient.netty.channel.ChannelManager - Adding key: http://localhost:55050 for channel [id: 0x4101ebd6, L:/127.0.0.1:60542 - R:localhost/127.0.0.1:55050]
  &amp#27;[32mAnd &amp#27;[0m&amp#27;[32mi click my cart&amp#27;[0m                              &amp#27;[90m# starter.stepdefinitions.orderStep.iClickMyCart()&amp#27;[0m
08:34:12.861 [Forwarding screenshot on session 02e9a5d00feb840c089c08dc731adef5 to remote] DEBUG org.asynchttpclient.netty.request.NettyRequestSender - Using pooled Channel '[id: 0x4101ebd6, L:/127.0.0.1:60542 - R:localhost/127.0.0.1:55050]' for 'GET' to 'http://localhost:55050/session/02e9a5d00feb840c089c08dc731adef5/screenshot'
08:34:12.862 [Forwarding screenshot on session 02e9a5d00feb840c089c08dc731adef5 to remote] DEBUG org.asynchttpclient.netty.request.NettyRequestSender - Using open Channel [id: 0x4101ebd6, L:/127.0.0.1:60542 - R:localhost/127.0.0.1:55050] for GET '/session/02e9a5d00feb840c089c08dc731adef5/screenshot'
08:34:12.928 [AsyncHttpClient-1-1] DEBUG org.asynchttpclient.netty.channel.DefaultChannelPool - Entry count for : http://localhost:60543 : 1
08:34:13.426 [AsyncHttpClient-1-10] DEBUG org.asynchttpclient.netty.handler.HttpHandler - 

Request DefaultFullHttpRequest(decodeResult: success, version: HTTP/1.1, content: EmptyByteBufBE)
GET /session/02e9a5d00feb840c089c08dc731adef5/screenshot HTTP/1.1
User-Agent: selenium/4.1.2 (java windows)
Cache-Control: no-cache
Content-Type: application/json; charset=utf-8
host: localhost:55050
accept: */*

Response DefaultHttpResponse(decodeResult: success, version: HTTP/1.1)
HTTP/1.1 200 OK
Content-Type: application/json; charset=utf-8
cache-control: no-cache
content-length: 49848

08:34:13.427 [AsyncHttpClient-1-10] DEBUG org.asynchttpclient.netty.channel.ChannelManager - Adding key: http://localhost:55050 for channel [id: 0x4101ebd6, L:/127.0.0.1:60542 - R:localhost/127.0.0.1:55050]
08:34:13.430 [main] DEBUG net.serenitybdd.core.photography.Darkroom - Send negative for processing for target\site\serenity\b483476de54d54815b10debb66237d2a7505a7afca77ea0ffab29e69c6e978fc.png
08:34:13.431 [Darkroom Processing Line] DEBUG net.serenitybdd.core.photography.DarkroomProcessingLine - Processing screenshot image in /var/screenshots/screenshot-15084733443364602006
08:34:13.431 [Darkroom Processing Line] DEBUG net.serenitybdd.core.photography.DarkroomProcessingLine - Saving screenshot to target\site\serenity\b483476de54d54815b10debb66237d2a7505a7afca77ea0ffab29e69c6e978fc.png
  &amp#27;[32mThen &amp#27;[0m&amp#27;[32mi get the my product based on what i choose&amp#27;[0m &amp#27;[90m# starter.stepdefinitions.orderStep.iGetTheMyProductBasedOnWhatIChoose()&amp#27;[0m
08:34:13.447 [main] INFO  - 
  _____   ___   ___   _____     ___     _     ___   ___   ___   ___  
 |_   _| | __| / __| |_   _|   | _ \   /_\   / __| / __| | __| |   \ 
   | |   | _|  \__ \   | |     |  _/  / _ \  \__ \ \__ \ | _|  | |) |
   |_|   |___| |___/   |_|     |_|   /_/ \_\ |___/ |___/ |___| |___/ 

enter new product to cart
----------------------------------------------------------------------
08:34:13.449 [AsyncHttpClient-1-12] DEBUG org.asynchttpclient.netty.handler.WebSocketHandler - Channel Closed: [id: 0x20f84d22, L:/127.0.0.1:60552 ! R:localhost/127.0.0.1:60543] with attribute NettyResponseFuture{currentRetry=5,
	isDone=1,
	isCancelled=0,
	asyncHandler=org.asynchttpclient.ws.WebSocketUpgradeHandler@37fa1145,
	nettyRequest=org.asynchttpclient.netty.request.NettyRequest@4d03c51d,
	future=java.util.concurrent.CompletableFuture@4fa671a8[Completed normally],
	uri=ws://localhost:60543/devtools/browser/003c2069-bd5e-46cc-a72b-baa9440a9fd0,
	keepAlive=true,
	redirectCount=0,
	timeoutsHolder=null,
	inAuth=0,
	touch=1652837646160}
08:34:13.450 [AsyncHttpClient-1-12] DEBUG org.asynchttpclient.netty.channel.ChannelManager - Closing Channel [id: 0x20f84d22, L:/127.0.0.1:60552 ! R:localhost/127.0.0.1:60543] 
08:34:13.450 [Driver Command Executor] DEBUG org.asynchttpclient.netty.request.NettyRequestSender - Using pooled Channel '[id: 0x4101ebd6, L:/127.0.0.1:60542 - R:localhost/127.0.0.1:55050]' for 'DELETE' to 'http://localhost:55050/session/02e9a5d00feb840c089c08dc731adef5'
08:34:13.451 [Driver Command Executor] DEBUG org.asynchttpclient.netty.request.NettyRequestSender - Using open Channel [id: 0x4101ebd6, L:/127.0.0.1:60542 - R:localhost/127.0.0.1:55050] for DELETE '/session/02e9a5d00feb840c089c08dc731adef5'
08:34:13.525 [AsyncHttpClient-1-11] DEBUG org.asynchttpclient.netty.handler.HttpHandler - Unexpected I/O exception on channel [id: 0x358750df, L:/127.0.0.1:60551 - R:localhost/127.0.0.1:60543]
java.net.SocketException: Connection reset
	at java.base/sun.nio.ch.SocketChannelImpl.throwConnectionReset(SocketChannelImpl.java:367)
	at java.base/sun.nio.ch.SocketChannelImpl.read(SocketChannelImpl.java:398)
	at io.netty.buffer.PooledByteBuf.setBytes(PooledByteBuf.java:258)
	at io.netty.buffer.AbstractByteBuf.writeBytes(AbstractByteBuf.java:1132)
	at io.netty.channel.socket.nio.NioSocketChannel.doReadBytes(NioSocketChannel.java:350)
	at io.netty.channel.nio.AbstractNioByteChannel$NioByteUnsafe.read(AbstractNioByteChannel.java:151)
	at io.netty.channel.nio.NioEventLoop.processSelectedKey(NioEventLoop.java:722)
	at io.netty.channel.nio.NioEventLoop.processSelectedKeysOptimized(NioEventLoop.java:658)
	at io.netty.channel.nio.NioEventLoop.processSelectedKeys(NioEventLoop.java:584)
	at io.netty.channel.nio.NioEventLoop.run(NioEventLoop.java:496)
	at io.netty.util.concurrent.SingleThreadEventExecutor$4.run(SingleThreadEventExecutor.java:986)
	at io.netty.util.internal.ThreadExecutorMap$2.run(ThreadExecutorMap.java:74)
	at io.netty.util.concurrent.FastThreadLocalRunnable.run(FastThreadLocalRunnable.java:30)
	at java.base/java.lang.Thread.run(Thread.java:832)
08:34:13.525 [AsyncHttpClient-1-11] DEBUG org.asynchttpclient.netty.channel.ChannelManager - Closing Channel [id: 0x358750df, L:/127.0.0.1:60551 - R:localhost/127.0.0.1:60543] 
08:34:13.526 [AsyncHttpClient-1-11] DEBUG org.asynchttpclient.netty.handler.HttpHandler - Channel Closed: [id: 0x358750df, L:/127.0.0.1:60551 ! R:localhost/127.0.0.1:60543] with attribute DISCARD
08:34:13.583 [AsyncHttpClient-1-10] DEBUG org.asynchttpclient.netty.handler.HttpHandler - 

Request DefaultFullHttpRequest(decodeResult: success, version: HTTP/1.1, content: EmptyByteBufBE)
DELETE /session/02e9a5d00feb840c089c08dc731adef5 HTTP/1.1
User-Agent: selenium/4.1.2 (java windows)
Content-Type: application/json; charset=utf-8
host: localhost:55050
accept: */*

Response DefaultHttpResponse(decodeResult: success, version: HTTP/1.1)
HTTP/1.1 200 OK
Content-Type: application/json; charset=utf-8
cache-control: no-cache
content-length: 14

08:34:13.584 [AsyncHttpClient-1-10] DEBUG org.asynchttpclient.netty.channel.ChannelManager - Adding key: http://localhost:55050 for channel [id: 0x4101ebd6, L:/127.0.0.1:60542 - R:localhost/127.0.0.1:55050]
08:34:13.750 [AsyncHttpClient-1-10] DEBUG org.asynchttpclient.netty.handler.HttpHandler - Channel Closed: [id: 0x4101ebd6, L:/127.0.0.1:60542 ! R:localhost/127.0.0.1:55050] with attribute DISCARD
08:34:14.034 [AsyncHttpClient-1-1] DEBUG org.asynchttpclient.netty.channel.DefaultChannelPool - Entry count for : http://localhost:55050 : 1
08:34:14.034 [AsyncHttpClient-1-1] DEBUG org.asynchttpclient.netty.channel.DefaultChannelPool - Entry count for : http://localhost:60543 : 1
08:34:14.034 [AsyncHttpClient-1-1] DEBUG org.asynchttpclient.netty.channel.DefaultChannelPool - Adding Candidate expired Channel [id: 0x4101ebd6, L:/127.0.0.1:60542 ! R:localhost/127.0.0.1:55050] isIdleTimeoutExpired=false isRemotelyClosed=true isTtlExpired=false
08:34:14.034 [AsyncHttpClient-1-1] DEBUG org.asynchttpclient.netty.channel.DefaultChannelPool - Closing Idle Channel [id: 0x4101ebd6, L:/127.0.0.1:60542 ! R:localhost/127.0.0.1:55050]
08:34:14.034 [AsyncHttpClient-1-1] DEBUG org.asynchttpclient.netty.channel.DefaultChannelPool - Adding Candidate expired Channel [id: 0x358750df, L:/127.0.0.1:60551 ! R:localhost/127.0.0.1:60543] isIdleTimeoutExpired=false isRemotelyClosed=true isTtlExpired=false
08:34:14.034 [AsyncHttpClient-1-1] DEBUG org.asynchttpclient.netty.channel.DefaultChannelPool - Closing Idle Channel [id: 0x358750df, L:/127.0.0.1:60551 ! R:localhost/127.0.0.1:60543]
08:34:14.034 [AsyncHttpClient-1-1] DEBUG org.asynchttpclient.netty.channel.DefaultChannelPool - Closed 2 connections out of 2 in 0 ms
]]></system-out>
    <system-err><![CDATA[Starting ChromeDriver 101.0.4951.41 (93c720db8323b3ec10d056025ab95c23a31997c9-refs/branch-heads/4951@{#904}) on port 55050
Only local connections are allowed.
Please see https://chromedriver.chromium.org/security-considerations for suggestions on keeping ChromeDriver safe.
ChromeDriver was started successfully.
May 18, 2022 8:34:06 AM org.openqa.selenium.remote.ProtocolHandshake createSession
INFO: Detected dialect: W3C
May 18, 2022 8:34:06 AM org.openqa.selenium.devtools.CdpVersionFinder findNearestMatch
WARNING: Unable to find an exact match for CDP version 101, so returning the closest version found: 97
May 18, 2022 8:34:06 AM org.openqa.selenium.devtools.CdpVersionFinder findNearestMatch
INFO: Found CDP implementation for version 101 of 97
]]></system-err>
  </testcase>
  <testcase name="add product to cart" classname="Order" time="10.972">
    <system-out><![CDATA[
@add
Scenario: add product to cart             &amp#27;[90m# src/test/resources/features/order.feature:14&amp#27;[0m
08:34:14.281 [main] INFO io.cucumber.core.plugin.SerenityReporter - Running feature from file:///D:/PERKULIAHAN/Semester%206,Hebatt%20glad!/Altera/QE_Gladys-Cindana-Asri-Pardosi/Mini-Project/Web/src/test/resources/features/order.feature
08:34:14.286 [main] INFO  - 
  _____   ___   ___   _____     ___   _____     _     ___   _____   ___   ___  
 |_   _| | __| / __| |_   _|   / __| |_   _|   /_\   | _ \ |_   _| | __| |   \ 
   | |   | _|  \__ \   | |     \__ \   | |    / _ \  |   /   | |   | _|  | |) |
   |_|   |___| |___/   |_|     |___/   |_|   /_/ \_\ |_|_\   |_|   |___| |___/ 

add product to cart(order;add-product-to-cart)
--------------------------------------------------------------------------------
08:34:14.302 [main] INFO net.serenitybdd.core.webdriver.driverproviders.ChromeDriverProvider - Using automatically driver download
08:34:14.462 [main] DEBUG io.github.bonigarcia.wdm.cache.ResolutionCache - Resolution chrome=101 in cache (valid until 09:23:35 18/05/2022 WIB)
08:34:14.471 [main] DEBUG io.github.bonigarcia.wdm.cache.ResolutionCache - Resolution chrome101=101.0.4951.41 in cache (valid until 18:48:44 18/05/2022 WIB)
08:34:14.475 [main] INFO io.github.bonigarcia.wdm.WebDriverManager - Using chromedriver 101.0.4951.41 (resolved driver for Chrome 101)
08:34:14.497 [main] DEBUG io.github.bonigarcia.wdm.WebDriverManager - Driver chromedriver 101.0.4951.41 found in cache
08:34:14.498 [main] INFO io.github.bonigarcia.wdm.WebDriverManager - Exporting webdriver.chrome.driver as C:\Users\ASUS\.cache\selenium\chromedriver\win32\101.0.4951.41\chromedriver.exe
08:34:14.680 [main] DEBUG net.serenitybdd.core.webdriver.driverproviders.ProvideNewDriver - Instantiating driver
08:34:14.680 [main] DEBUG net.serenitybdd.core.webdriver.driverproviders.ProvideNewDriver - Driver capabilities: Capabilities {acceptInsecureCerts: false, base.url: , browserName: chrome, goog:chromeOptions: {args: [], extensions: []}}
08:34:15.240 [AsyncHttpClient-1-13] DEBUG org.asynchttpclient.netty.channel.NettyConnectListener - Using new Channel '[id: 0x4c89c75b, L:/127.0.0.1:60591 - R:localhost/127.0.0.1:55318]' for 'POST' to '/session'
08:34:16.547 [AsyncHttpClient-1-13] DEBUG org.asynchttpclient.netty.handler.HttpHandler - 

Request DefaultHttpRequest(decodeResult: success, version: HTTP/1.1)
POST /session HTTP/1.1
User-Agent: selenium/4.1.2 (java windows)
Content-Length: 457
Content-Type: application/json; charset=utf-8
host: localhost:55318
accept: */*

Response DefaultHttpResponse(decodeResult: success, version: HTTP/1.1)
HTTP/1.1 200 OK
Content-Type: application/json; charset=utf-8
cache-control: no-cache
content-length: 789

08:34:16.548 [AsyncHttpClient-1-13] DEBUG org.asynchttpclient.netty.channel.ChannelManager - Adding key: http://localhost:55318 for channel [id: 0x4c89c75b, L:/127.0.0.1:60591 - R:localhost/127.0.0.1:55318]
08:34:16.584 [AsyncHttpClient-1-14] DEBUG org.asynchttpclient.netty.channel.NettyConnectListener - Using new Channel '[id: 0x9719f26b, L:/127.0.0.1:60601 - R:localhost/127.0.0.1:60593]' for 'GET' to '/json/version'
08:34:16.586 [AsyncHttpClient-1-14] DEBUG org.asynchttpclient.netty.handler.HttpHandler - 

Request DefaultFullHttpRequest(decodeResult: success, version: HTTP/1.1, content: EmptyByteBufBE)
GET /json/version HTTP/1.1
User-Agent: selenium/4.1.2 (java windows)
host: localhost:60593
accept: */*

Response DefaultHttpResponse(decodeResult: success, version: HTTP/1.1)
HTTP/1.1 200 OK
Content-Type: application/json; charset=UTF-8
content-length: 427

08:34:16.586 [AsyncHttpClient-1-14] DEBUG org.asynchttpclient.netty.channel.ChannelManager - Adding key: http://localhost:60593 for channel [id: 0x9719f26b, L:/127.0.0.1:60601 - R:localhost/127.0.0.1:60593]
08:34:16.605 [AsyncHttpClient-1-15] DEBUG org.asynchttpclient.netty.channel.NettyConnectListener - Using new Channel '[id: 0x61626b05, L:/127.0.0.1:60602 - R:localhost/127.0.0.1:60593]' for 'GET' to '/devtools/browser/260beade-52f1-4275-ad05-fa8499f504b2'
08:34:16.607 [AsyncHttpClient-1-15] DEBUG org.asynchttpclient.netty.handler.WebSocketHandler - 

Request DefaultFullHttpRequest(decodeResult: success, version: HTTP/1.1, content: EmptyByteBufBE)
GET /devtools/browser/260beade-52f1-4275-ad05-fa8499f504b2 HTTP/1.1
upgrade: websocket
connection: upgrade
sec-websocket-key: 741dL3lj0oa1MZA6bnBMFA==
sec-websocket-version: 13
origin: http://localhost:60593
host: localhost:60593
accept: */*
user-agent: AHC/2.1

Response DefaultHttpResponse(decodeResult: success, version: HTTP/1.1)
HTTP/1.1 101 WebSocket Protocol Handshake
Upgrade: WebSocket
Connection: Upgrade
Sec-WebSocket-Accept: p6VU98rP5K/b14M+nMOBEq9PXT4=

08:34:16.621 [Forwarding get on session 7a625166b1daf067dc0325f76996527d to remote] DEBUG org.asynchttpclient.netty.request.NettyRequestSender - Using pooled Channel '[id: 0x4c89c75b, L:/127.0.0.1:60591 - R:localhost/127.0.0.1:55318]' for 'POST' to 'http://localhost:55318/session/7a625166b1daf067dc0325f76996527d/url'
08:34:16.622 [Forwarding get on session 7a625166b1daf067dc0325f76996527d to remote] DEBUG org.asynchttpclient.netty.request.NettyRequestSender - Using open Channel [id: 0x4c89c75b, L:/127.0.0.1:60591 - R:localhost/127.0.0.1:55318] for POST '/session/7a625166b1daf067dc0325f76996527d/url'
08:34:17.328 [AsyncHttpClient-1-1] DEBUG org.asynchttpclient.netty.channel.DefaultChannelPool - Entry count for : http://localhost:60593 : 1
08:34:18.428 [AsyncHttpClient-1-1] DEBUG org.asynchttpclient.netty.channel.DefaultChannelPool - Entry count for : http://localhost:60593 : 1
08:34:19.532 [AsyncHttpClient-1-1] DEBUG org.asynchttpclient.netty.channel.DefaultChannelPool - Entry count for : http://localhost:60593 : 1
08:34:20.271 [AsyncHttpClient-1-13] DEBUG org.asynchttpclient.netty.handler.HttpHandler - 

Request DefaultHttpRequest(decodeResult: success, version: HTTP/1.1)
POST /session/7a625166b1daf067dc0325f76996527d/url HTTP/1.1
User-Agent: selenium/4.1.2 (java windows)
Content-Length: 49
Content-Type: application/json; charset=utf-8
host: localhost:55318
accept: */*

Response DefaultHttpResponse(decodeResult: success, version: HTTP/1.1)
HTTP/1.1 200 OK
Content-Type: application/json; charset=utf-8
cache-control: no-cache
content-length: 14

08:34:20.271 [AsyncHttpClient-1-13] DEBUG org.asynchttpclient.netty.channel.ChannelManager - Adding key: http://localhost:55318 for channel [id: 0x4c89c75b, L:/127.0.0.1:60591 - R:localhost/127.0.0.1:55318]
08:34:20.274 [Forwarding setTimeout on session 7a625166b1daf067dc0325f76996527d to remote] DEBUG org.asynchttpclient.netty.request.NettyRequestSender - Using pooled Channel '[id: 0x4c89c75b, L:/127.0.0.1:60591 - R:localhost/127.0.0.1:55318]' for 'POST' to 'http://localhost:55318/session/7a625166b1daf067dc0325f76996527d/timeouts'
08:34:20.274 [Forwarding setTimeout on session 7a625166b1daf067dc0325f76996527d to remote] DEBUG org.asynchttpclient.netty.request.NettyRequestSender - Using open Channel [id: 0x4c89c75b, L:/127.0.0.1:60591 - R:localhost/127.0.0.1:55318] for POST '/session/7a625166b1daf067dc0325f76996527d/timeouts'
08:34:20.276 [AsyncHttpClient-1-13] DEBUG org.asynchttpclient.netty.handler.HttpHandler - 

Request DefaultHttpRequest(decodeResult: success, version: HTTP/1.1)
POST /session/7a625166b1daf067dc0325f76996527d/timeouts HTTP/1.1
User-Agent: selenium/4.1.2 (java windows)
Content-Length: 22
Content-Type: application/json; charset=utf-8
host: localhost:55318
accept: */*

Response DefaultHttpResponse(decodeResult: success, version: HTTP/1.1)
HTTP/1.1 200 OK
Content-Type: application/json; charset=utf-8
cache-control: no-cache
content-length: 14

08:34:20.277 [AsyncHttpClient-1-13] DEBUG org.asynchttpclient.netty.channel.ChannelManager - Adding key: http://localhost:55318 for channel [id: 0x4c89c75b, L:/127.0.0.1:60591 - R:localhost/127.0.0.1:55318]
08:34:20.280 [Forwarding getCurrentUrl on session 7a625166b1daf067dc0325f76996527d to remote] DEBUG org.asynchttpclient.netty.request.NettyRequestSender - Using pooled Channel '[id: 0x4c89c75b, L:/127.0.0.1:60591 - R:localhost/127.0.0.1:55318]' for 'GET' to 'http://localhost:55318/session/7a625166b1daf067dc0325f76996527d/url'
08:34:20.280 [Forwarding getCurrentUrl on session 7a625166b1daf067dc0325f76996527d to remote] DEBUG org.asynchttpclient.netty.request.NettyRequestSender - Using open Channel [id: 0x4c89c75b, L:/127.0.0.1:60591 - R:localhost/127.0.0.1:55318] for GET '/session/7a625166b1daf067dc0325f76996527d/url'
08:34:20.289 [AsyncHttpClient-1-13] DEBUG org.asynchttpclient.netty.handler.HttpHandler - 

Request DefaultFullHttpRequest(decodeResult: success, version: HTTP/1.1, content: EmptyByteBufBE)
GET /session/7a625166b1daf067dc0325f76996527d/url HTTP/1.1
User-Agent: selenium/4.1.2 (java windows)
Cache-Control: no-cache
Content-Type: application/json; charset=utf-8
host: localhost:55318
accept: */*

Response DefaultHttpResponse(decodeResult: success, version: HTTP/1.1)
HTTP/1.1 200 OK
Content-Type: application/json; charset=utf-8
cache-control: no-cache
content-length: 31

08:34:20.289 [AsyncHttpClient-1-13] DEBUG org.asynchttpclient.netty.channel.ChannelManager - Adding key: http://localhost:55318 for channel [id: 0x4c89c75b, L:/127.0.0.1:60591 - R:localhost/127.0.0.1:55318]
  &amp#27;[32mGiven &amp#27;[0m&amp#27;[32mi am on home page&amp#27;[0m                 &amp#27;[90m# starter.stepdefinitions.orderStep.iAmOnHomePage()&amp#27;[0m
08:34:20.299 [Forwarding screenshot on session 7a625166b1daf067dc0325f76996527d to remote] DEBUG org.asynchttpclient.netty.request.NettyRequestSender - Using pooled Channel '[id: 0x4c89c75b, L:/127.0.0.1:60591 - R:localhost/127.0.0.1:55318]' for 'GET' to 'http://localhost:55318/session/7a625166b1daf067dc0325f76996527d/screenshot'
08:34:20.299 [Forwarding screenshot on session 7a625166b1daf067dc0325f76996527d to remote] DEBUG org.asynchttpclient.netty.request.NettyRequestSender - Using open Channel [id: 0x4c89c75b, L:/127.0.0.1:60591 - R:localhost/127.0.0.1:55318] for GET '/session/7a625166b1daf067dc0325f76996527d/screenshot'
08:34:20.627 [AsyncHttpClient-1-1] DEBUG org.asynchttpclient.netty.channel.DefaultChannelPool - Entry count for : http://localhost:60593 : 1
08:34:21.728 [AsyncHttpClient-1-1] DEBUG org.asynchttpclient.netty.channel.DefaultChannelPool - Entry count for : http://localhost:60593 : 1
08:34:22.357 [AsyncHttpClient-1-13] DEBUG org.asynchttpclient.netty.handler.HttpHandler - 

Request DefaultFullHttpRequest(decodeResult: success, version: HTTP/1.1, content: EmptyByteBufBE)
GET /session/7a625166b1daf067dc0325f76996527d/screenshot HTTP/1.1
User-Agent: selenium/4.1.2 (java windows)
Cache-Control: no-cache
Content-Type: application/json; charset=utf-8
host: localhost:55318
accept: */*

Response DefaultHttpResponse(decodeResult: success, version: HTTP/1.1)
HTTP/1.1 200 OK
Content-Type: application/json; charset=utf-8
cache-control: no-cache
content-length: 37928

08:34:22.358 [AsyncHttpClient-1-13] DEBUG org.asynchttpclient.netty.channel.ChannelManager - Adding key: http://localhost:55318 for channel [id: 0x4c89c75b, L:/127.0.0.1:60591 - R:localhost/127.0.0.1:55318]
08:34:22.363 [main] DEBUG net.serenitybdd.core.photography.Darkroom - Send negative for processing for target\site\serenity\931aa3b81c46c98254f7c4d434d34e6aaef16e1509c382e077c711a36fd990dc.png
08:34:22.364 [Darkroom Processing Line] DEBUG net.serenitybdd.core.photography.DarkroomProcessingLine - Processing screenshot image in /var/screenshots/screenshot-14373296596990491763
08:34:22.365 [Darkroom Processing Line] DEBUG net.serenitybdd.core.photography.DarkroomProcessingLine - Saving screenshot to target\site\serenity\931aa3b81c46c98254f7c4d434d34e6aaef16e1509c382e077c711a36fd990dc.png
08:34:22.377 [Forwarding findElement on session 7a625166b1daf067dc0325f76996527d to remote] DEBUG org.asynchttpclient.netty.request.NettyRequestSender - Using pooled Channel '[id: 0x4c89c75b, L:/127.0.0.1:60591 - R:localhost/127.0.0.1:55318]' for 'POST' to 'http://localhost:55318/session/7a625166b1daf067dc0325f76996527d/element'
08:34:22.377 [Forwarding findElement on session 7a625166b1daf067dc0325f76996527d to remote] DEBUG org.asynchttpclient.netty.request.NettyRequestSender - Using open Channel [id: 0x4c89c75b, L:/127.0.0.1:60591 - R:localhost/127.0.0.1:55318] for POST '/session/7a625166b1daf067dc0325f76996527d/element'
08:34:22.410 [AsyncHttpClient-1-13] DEBUG org.asynchttpclient.netty.handler.HttpHandler - 

Request DefaultHttpRequest(decodeResult: success, version: HTTP/1.1)
POST /session/7a625166b1daf067dc0325f76996527d/element HTTP/1.1
User-Agent: selenium/4.1.2 (java windows)
Content-Length: 122
Content-Type: application/json; charset=utf-8
host: localhost:55318
accept: */*

Response DefaultHttpResponse(decodeResult: success, version: HTTP/1.1)
HTTP/1.1 200 OK
Content-Type: application/json; charset=utf-8
cache-control: no-cache
content-length: 88

08:34:22.411 [AsyncHttpClient-1-13] DEBUG org.asynchttpclient.netty.channel.ChannelManager - Adding key: http://localhost:55318 for channel [id: 0x4c89c75b, L:/127.0.0.1:60591 - R:localhost/127.0.0.1:55318]
08:34:22.413 [Forwarding getElementTagName on session 7a625166b1daf067dc0325f76996527d to remote] DEBUG org.asynchttpclient.netty.request.NettyRequestSender - Using pooled Channel '[id: 0x4c89c75b, L:/127.0.0.1:60591 - R:localhost/127.0.0.1:55318]' for 'GET' to 'http://localhost:55318/session/7a625166b1daf067dc0325f76996527d/element/7bedfb74-d8c3-41fc-ba46-ad42c534a439/name'
08:34:22.413 [Forwarding getElementTagName on session 7a625166b1daf067dc0325f76996527d to remote] DEBUG org.asynchttpclient.netty.request.NettyRequestSender - Using open Channel [id: 0x4c89c75b, L:/127.0.0.1:60591 - R:localhost/127.0.0.1:55318] for GET '/session/7a625166b1daf067dc0325f76996527d/element/7bedfb74-d8c3-41fc-ba46-ad42c534a439/name'
08:34:22.420 [AsyncHttpClient-1-13] DEBUG org.asynchttpclient.netty.handler.HttpHandler - 

Request DefaultFullHttpRequest(decodeResult: success, version: HTTP/1.1, content: EmptyByteBufBE)
GET /session/7a625166b1daf067dc0325f76996527d/element/7bedfb74-d8c3-41fc-ba46-ad42c534a439/name HTTP/1.1
User-Agent: selenium/4.1.2 (java windows)
Cache-Control: no-cache
Content-Type: application/json; charset=utf-8
host: localhost:55318
accept: */*

Response DefaultHttpResponse(decodeResult: success, version: HTTP/1.1)
HTTP/1.1 200 OK
Content-Type: application/json; charset=utf-8
cache-control: no-cache
content-length: 16

08:34:22.421 [AsyncHttpClient-1-13] DEBUG org.asynchttpclient.netty.channel.ChannelManager - Adding key: http://localhost:55318 for channel [id: 0x4c89c75b, L:/127.0.0.1:60591 - R:localhost/127.0.0.1:55318]
08:34:22.422 [Forwarding getElementTagName on session 7a625166b1daf067dc0325f76996527d to remote] DEBUG org.asynchttpclient.netty.request.NettyRequestSender - Using pooled Channel '[id: 0x4c89c75b, L:/127.0.0.1:60591 - R:localhost/127.0.0.1:55318]' for 'GET' to 'http://localhost:55318/session/7a625166b1daf067dc0325f76996527d/element/7bedfb74-d8c3-41fc-ba46-ad42c534a439/name'
08:34:22.423 [Forwarding getElementTagName on session 7a625166b1daf067dc0325f76996527d to remote] DEBUG org.asynchttpclient.netty.request.NettyRequestSender - Using open Channel [id: 0x4c89c75b, L:/127.0.0.1:60591 - R:localhost/127.0.0.1:55318] for GET '/session/7a625166b1daf067dc0325f76996527d/element/7bedfb74-d8c3-41fc-ba46-ad42c534a439/name'
08:34:22.429 [AsyncHttpClient-1-13] DEBUG org.asynchttpclient.netty.handler.HttpHandler - 

Request DefaultFullHttpRequest(decodeResult: success, version: HTTP/1.1, content: EmptyByteBufBE)
GET /session/7a625166b1daf067dc0325f76996527d/element/7bedfb74-d8c3-41fc-ba46-ad42c534a439/name HTTP/1.1
User-Agent: selenium/4.1.2 (java windows)
Cache-Control: no-cache
Content-Type: application/json; charset=utf-8
host: localhost:55318
accept: */*

Response DefaultHttpResponse(decodeResult: success, version: HTTP/1.1)
HTTP/1.1 200 OK
Content-Type: application/json; charset=utf-8
cache-control: no-cache
content-length: 16

08:34:22.429 [AsyncHttpClient-1-13] DEBUG org.asynchttpclient.netty.channel.ChannelManager - Adding key: http://localhost:55318 for channel [id: 0x4c89c75b, L:/127.0.0.1:60591 - R:localhost/127.0.0.1:55318]
08:34:22.432 [Forwarding findElement on session 7a625166b1daf067dc0325f76996527d to remote] DEBUG org.asynchttpclient.netty.request.NettyRequestSender - Using pooled Channel '[id: 0x4c89c75b, L:/127.0.0.1:60591 - R:localhost/127.0.0.1:55318]' for 'POST' to 'http://localhost:55318/session/7a625166b1daf067dc0325f76996527d/element'
08:34:22.432 [Forwarding findElement on session 7a625166b1daf067dc0325f76996527d to remote] DEBUG org.asynchttpclient.netty.request.NettyRequestSender - Using open Channel [id: 0x4c89c75b, L:/127.0.0.1:60591 - R:localhost/127.0.0.1:55318] for POST '/session/7a625166b1daf067dc0325f76996527d/element'
08:34:22.452 [AsyncHttpClient-1-13] DEBUG org.asynchttpclient.netty.handler.HttpHandler - 

Request DefaultHttpRequest(decodeResult: success, version: HTTP/1.1)
POST /session/7a625166b1daf067dc0325f76996527d/element HTTP/1.1
User-Agent: selenium/4.1.2 (java windows)
Content-Length: 122
Content-Type: application/json; charset=utf-8
host: localhost:55318
accept: */*

Response DefaultHttpResponse(decodeResult: success, version: HTTP/1.1)
HTTP/1.1 200 OK
Content-Type: application/json; charset=utf-8
cache-control: no-cache
content-length: 88

08:34:22.452 [AsyncHttpClient-1-13] DEBUG org.asynchttpclient.netty.channel.ChannelManager - Adding key: http://localhost:55318 for channel [id: 0x4c89c75b, L:/127.0.0.1:60591 - R:localhost/127.0.0.1:55318]
08:34:22.454 [Forwarding clickElement on session 7a625166b1daf067dc0325f76996527d to remote] DEBUG org.asynchttpclient.netty.request.NettyRequestSender - Using pooled Channel '[id: 0x4c89c75b, L:/127.0.0.1:60591 - R:localhost/127.0.0.1:55318]' for 'POST' to 'http://localhost:55318/session/7a625166b1daf067dc0325f76996527d/element/7bedfb74-d8c3-41fc-ba46-ad42c534a439/click'
08:34:22.454 [Forwarding clickElement on session 7a625166b1daf067dc0325f76996527d to remote] DEBUG org.asynchttpclient.netty.request.NettyRequestSender - Using open Channel [id: 0x4c89c75b, L:/127.0.0.1:60591 - R:localhost/127.0.0.1:55318] for POST '/session/7a625166b1daf067dc0325f76996527d/element/7bedfb74-d8c3-41fc-ba46-ad42c534a439/click'
08:34:22.576 [AsyncHttpClient-1-13] DEBUG org.asynchttpclient.netty.handler.HttpHandler - 

Request DefaultHttpRequest(decodeResult: success, version: HTTP/1.1)
POST /session/7a625166b1daf067dc0325f76996527d/element/7bedfb74-d8c3-41fc-ba46-ad42c534a439/click HTTP/1.1
User-Agent: selenium/4.1.2 (java windows)
Content-Length: 50
Content-Type: application/json; charset=utf-8
host: localhost:55318
accept: */*

Response DefaultHttpResponse(decodeResult: success, version: HTTP/1.1)
HTTP/1.1 200 OK
Content-Type: application/json; charset=utf-8
cache-control: no-cache
content-length: 14

08:34:22.576 [AsyncHttpClient-1-13] DEBUG org.asynchttpclient.netty.channel.ChannelManager - Adding key: http://localhost:55318 for channel [id: 0x4c89c75b, L:/127.0.0.1:60591 - R:localhost/127.0.0.1:55318]
  &amp#27;[32mWhen &amp#27;[0m&amp#27;[32mi click beli on product&amp#27;[0m            &amp#27;[90m# starter.stepdefinitions.orderStep.iClickBeliOnProduct()&amp#27;[0m
08:34:22.596 [Forwarding screenshot on session 7a625166b1daf067dc0325f76996527d to remote] DEBUG org.asynchttpclient.netty.request.NettyRequestSender - Using pooled Channel '[id: 0x4c89c75b, L:/127.0.0.1:60591 - R:localhost/127.0.0.1:55318]' for 'GET' to 'http://localhost:55318/session/7a625166b1daf067dc0325f76996527d/screenshot'
08:34:22.596 [Forwarding screenshot on session 7a625166b1daf067dc0325f76996527d to remote] DEBUG org.asynchttpclient.netty.request.NettyRequestSender - Using open Channel [id: 0x4c89c75b, L:/127.0.0.1:60591 - R:localhost/127.0.0.1:55318] for GET '/session/7a625166b1daf067dc0325f76996527d/screenshot'
08:34:22.828 [AsyncHttpClient-1-1] DEBUG org.asynchttpclient.netty.channel.DefaultChannelPool - Entry count for : http://localhost:60593 : 1
08:34:22.902 [AsyncHttpClient-1-13] DEBUG org.asynchttpclient.netty.handler.HttpHandler - 

Request DefaultFullHttpRequest(decodeResult: success, version: HTTP/1.1, content: EmptyByteBufBE)
GET /session/7a625166b1daf067dc0325f76996527d/screenshot HTTP/1.1
User-Agent: selenium/4.1.2 (java windows)
Cache-Control: no-cache
Content-Type: application/json; charset=utf-8
host: localhost:55318
accept: */*

Response DefaultHttpResponse(decodeResult: success, version: HTTP/1.1)
HTTP/1.1 200 OK
Content-Type: application/json; charset=utf-8
cache-control: no-cache
content-length: 76560

08:34:22.903 [AsyncHttpClient-1-13] DEBUG org.asynchttpclient.netty.channel.ChannelManager - Adding key: http://localhost:55318 for channel [id: 0x4c89c75b, L:/127.0.0.1:60591 - R:localhost/127.0.0.1:55318]
08:34:22.909 [main] DEBUG net.serenitybdd.core.photography.Darkroom - Send negative for processing for target\site\serenity\aeeb001465f28d5022b97fc0637fbe5fe5c012a3ffe132c5d50ea9222c0490d8.png
08:34:22.910 [Darkroom Processing Line] DEBUG net.serenitybdd.core.photography.DarkroomProcessingLine - Processing screenshot image in /var/screenshots/screenshot-12666408506214109543
08:34:22.910 [Darkroom Processing Line] DEBUG net.serenitybdd.core.photography.DarkroomProcessingLine - Saving screenshot to target\site\serenity\aeeb001465f28d5022b97fc0637fbe5fe5c012a3ffe132c5d50ea9222c0490d8.png
08:34:22.924 [Forwarding findElement on session 7a625166b1daf067dc0325f76996527d to remote] DEBUG org.asynchttpclient.netty.request.NettyRequestSender - Using pooled Channel '[id: 0x4c89c75b, L:/127.0.0.1:60591 - R:localhost/127.0.0.1:55318]' for 'POST' to 'http://localhost:55318/session/7a625166b1daf067dc0325f76996527d/element'
08:34:22.925 [Forwarding findElement on session 7a625166b1daf067dc0325f76996527d to remote] DEBUG org.asynchttpclient.netty.request.NettyRequestSender - Using open Channel [id: 0x4c89c75b, L:/127.0.0.1:60591 - R:localhost/127.0.0.1:55318] for POST '/session/7a625166b1daf067dc0325f76996527d/element'
08:34:22.956 [AsyncHttpClient-1-13] DEBUG org.asynchttpclient.netty.handler.HttpHandler - 

Request DefaultHttpRequest(decodeResult: success, version: HTTP/1.1)
POST /session/7a625166b1daf067dc0325f76996527d/element HTTP/1.1
User-Agent: selenium/4.1.2 (java windows)
Content-Length: 265
Content-Type: application/json; charset=utf-8
host: localhost:55318
accept: */*

Response DefaultHttpResponse(decodeResult: success, version: HTTP/1.1)
HTTP/1.1 200 OK
Content-Type: application/json; charset=utf-8
cache-control: no-cache
content-length: 88

08:34:22.956 [AsyncHttpClient-1-13] DEBUG org.asynchttpclient.netty.channel.ChannelManager - Adding key: http://localhost:55318 for channel [id: 0x4c89c75b, L:/127.0.0.1:60591 - R:localhost/127.0.0.1:55318]
08:34:22.958 [Forwarding getElementTagName on session 7a625166b1daf067dc0325f76996527d to remote] DEBUG org.asynchttpclient.netty.request.NettyRequestSender - Using pooled Channel '[id: 0x4c89c75b, L:/127.0.0.1:60591 - R:localhost/127.0.0.1:55318]' for 'GET' to 'http://localhost:55318/session/7a625166b1daf067dc0325f76996527d/element/35a9dae8-dd39-4877-8bcd-43ab25a78ef9/name'
08:34:22.959 [Forwarding getElementTagName on session 7a625166b1daf067dc0325f76996527d to remote] DEBUG org.asynchttpclient.netty.request.NettyRequestSender - Using open Channel [id: 0x4c89c75b, L:/127.0.0.1:60591 - R:localhost/127.0.0.1:55318] for GET '/session/7a625166b1daf067dc0325f76996527d/element/35a9dae8-dd39-4877-8bcd-43ab25a78ef9/name'
08:34:22.967 [AsyncHttpClient-1-13] DEBUG org.asynchttpclient.netty.handler.HttpHandler - 

Request DefaultFullHttpRequest(decodeResult: success, version: HTTP/1.1, content: EmptyByteBufBE)
GET /session/7a625166b1daf067dc0325f76996527d/element/35a9dae8-dd39-4877-8bcd-43ab25a78ef9/name HTTP/1.1
User-Agent: selenium/4.1.2 (java windows)
Cache-Control: no-cache
Content-Type: application/json; charset=utf-8
host: localhost:55318
accept: */*

Response DefaultHttpResponse(decodeResult: success, version: HTTP/1.1)
HTTP/1.1 200 OK
Content-Type: application/json; charset=utf-8
cache-control: no-cache
content-length: 13

08:34:22.968 [AsyncHttpClient-1-13] DEBUG org.asynchttpclient.netty.channel.ChannelManager - Adding key: http://localhost:55318 for channel [id: 0x4c89c75b, L:/127.0.0.1:60591 - R:localhost/127.0.0.1:55318]
08:34:22.970 [Forwarding getElementTagName on session 7a625166b1daf067dc0325f76996527d to remote] DEBUG org.asynchttpclient.netty.request.NettyRequestSender - Using pooled Channel '[id: 0x4c89c75b, L:/127.0.0.1:60591 - R:localhost/127.0.0.1:55318]' for 'GET' to 'http://localhost:55318/session/7a625166b1daf067dc0325f76996527d/element/35a9dae8-dd39-4877-8bcd-43ab25a78ef9/name'
08:34:22.970 [Forwarding getElementTagName on session 7a625166b1daf067dc0325f76996527d to remote] DEBUG org.asynchttpclient.netty.request.NettyRequestSender - Using open Channel [id: 0x4c89c75b, L:/127.0.0.1:60591 - R:localhost/127.0.0.1:55318] for GET '/session/7a625166b1daf067dc0325f76996527d/element/35a9dae8-dd39-4877-8bcd-43ab25a78ef9/name'
08:34:22.977 [AsyncHttpClient-1-13] DEBUG org.asynchttpclient.netty.handler.HttpHandler - 

Request DefaultFullHttpRequest(decodeResult: success, version: HTTP/1.1, content: EmptyByteBufBE)
GET /session/7a625166b1daf067dc0325f76996527d/element/35a9dae8-dd39-4877-8bcd-43ab25a78ef9/name HTTP/1.1
User-Agent: selenium/4.1.2 (java windows)
Cache-Control: no-cache
Content-Type: application/json; charset=utf-8
host: localhost:55318
accept: */*

Response DefaultHttpResponse(decodeResult: success, version: HTTP/1.1)
HTTP/1.1 200 OK
Content-Type: application/json; charset=utf-8
cache-control: no-cache
content-length: 13

08:34:22.977 [AsyncHttpClient-1-13] DEBUG org.asynchttpclient.netty.channel.ChannelManager - Adding key: http://localhost:55318 for channel [id: 0x4c89c75b, L:/127.0.0.1:60591 - R:localhost/127.0.0.1:55318]
08:34:22.981 [Forwarding findElement on session 7a625166b1daf067dc0325f76996527d to remote] DEBUG org.asynchttpclient.netty.request.NettyRequestSender - Using pooled Channel '[id: 0x4c89c75b, L:/127.0.0.1:60591 - R:localhost/127.0.0.1:55318]' for 'POST' to 'http://localhost:55318/session/7a625166b1daf067dc0325f76996527d/element'
08:34:22.981 [Forwarding findElement on session 7a625166b1daf067dc0325f76996527d to remote] DEBUG org.asynchttpclient.netty.request.NettyRequestSender - Using open Channel [id: 0x4c89c75b, L:/127.0.0.1:60591 - R:localhost/127.0.0.1:55318] for POST '/session/7a625166b1daf067dc0325f76996527d/element'
08:34:23.003 [AsyncHttpClient-1-13] DEBUG org.asynchttpclient.netty.handler.HttpHandler - 

Request DefaultHttpRequest(decodeResult: success, version: HTTP/1.1)
POST /session/7a625166b1daf067dc0325f76996527d/element HTTP/1.1
User-Agent: selenium/4.1.2 (java windows)
Content-Length: 265
Content-Type: application/json; charset=utf-8
host: localhost:55318
accept: */*

Response DefaultHttpResponse(decodeResult: success, version: HTTP/1.1)
HTTP/1.1 200 OK
Content-Type: application/json; charset=utf-8
cache-control: no-cache
content-length: 88

08:34:23.003 [AsyncHttpClient-1-13] DEBUG org.asynchttpclient.netty.channel.ChannelManager - Adding key: http://localhost:55318 for channel [id: 0x4c89c75b, L:/127.0.0.1:60591 - R:localhost/127.0.0.1:55318]
08:34:23.005 [Forwarding clickElement on session 7a625166b1daf067dc0325f76996527d to remote] DEBUG org.asynchttpclient.netty.request.NettyRequestSender - Using pooled Channel '[id: 0x4c89c75b, L:/127.0.0.1:60591 - R:localhost/127.0.0.1:55318]' for 'POST' to 'http://localhost:55318/session/7a625166b1daf067dc0325f76996527d/element/35a9dae8-dd39-4877-8bcd-43ab25a78ef9/click'
08:34:23.005 [Forwarding clickElement on session 7a625166b1daf067dc0325f76996527d to remote] DEBUG org.asynchttpclient.netty.request.NettyRequestSender - Using open Channel [id: 0x4c89c75b, L:/127.0.0.1:60591 - R:localhost/127.0.0.1:55318] for POST '/session/7a625166b1daf067dc0325f76996527d/element/35a9dae8-dd39-4877-8bcd-43ab25a78ef9/click'
08:34:23.098 [AsyncHttpClient-1-13] DEBUG org.asynchttpclient.netty.handler.HttpHandler - 

Request DefaultHttpRequest(decodeResult: success, version: HTTP/1.1)
POST /session/7a625166b1daf067dc0325f76996527d/element/35a9dae8-dd39-4877-8bcd-43ab25a78ef9/click HTTP/1.1
User-Agent: selenium/4.1.2 (java windows)
Content-Length: 50
Content-Type: application/json; charset=utf-8
host: localhost:55318
accept: */*

Response DefaultHttpResponse(decodeResult: success, version: HTTP/1.1)
HTTP/1.1 200 OK
Content-Type: application/json; charset=utf-8
cache-control: no-cache
content-length: 14

08:34:23.098 [AsyncHttpClient-1-13] DEBUG org.asynchttpclient.netty.channel.ChannelManager - Adding key: http://localhost:55318 for channel [id: 0x4c89c75b, L:/127.0.0.1:60591 - R:localhost/127.0.0.1:55318]
  &amp#27;[32mAnd &amp#27;[0m&amp#27;[32mi click my cart&amp#27;[0m                     &amp#27;[90m# starter.stepdefinitions.orderStep.iClickMyCart()&amp#27;[0m
08:34:23.114 [Forwarding screenshot on session 7a625166b1daf067dc0325f76996527d to remote] DEBUG org.asynchttpclient.netty.request.NettyRequestSender - Using pooled Channel '[id: 0x4c89c75b, L:/127.0.0.1:60591 - R:localhost/127.0.0.1:55318]' for 'GET' to 'http://localhost:55318/session/7a625166b1daf067dc0325f76996527d/screenshot'
08:34:23.114 [Forwarding screenshot on session 7a625166b1daf067dc0325f76996527d to remote] DEBUG org.asynchttpclient.netty.request.NettyRequestSender - Using open Channel [id: 0x4c89c75b, L:/127.0.0.1:60591 - R:localhost/127.0.0.1:55318] for GET '/session/7a625166b1daf067dc0325f76996527d/screenshot'
08:34:23.707 [AsyncHttpClient-1-13] DEBUG org.asynchttpclient.netty.handler.HttpHandler - 

Request DefaultFullHttpRequest(decodeResult: success, version: HTTP/1.1, content: EmptyByteBufBE)
GET /session/7a625166b1daf067dc0325f76996527d/screenshot HTTP/1.1
User-Agent: selenium/4.1.2 (java windows)
Cache-Control: no-cache
Content-Type: application/json; charset=utf-8
host: localhost:55318
accept: */*

Response DefaultHttpResponse(decodeResult: success, version: HTTP/1.1)
HTTP/1.1 200 OK
Content-Type: application/json; charset=utf-8
cache-control: no-cache
content-length: 49588

08:34:23.709 [AsyncHttpClient-1-13] DEBUG org.asynchttpclient.netty.channel.ChannelManager - Adding key: http://localhost:55318 for channel [id: 0x4c89c75b, L:/127.0.0.1:60591 - R:localhost/127.0.0.1:55318]
08:34:23.712 [main] DEBUG net.serenitybdd.core.photography.Darkroom - Send negative for processing for target\site\serenity\648d4e0c4ebb844a35f81c8c5a3a1ff96ba82c46721178d83fc7b9d0a3b883a3.png
08:34:23.713 [Darkroom Processing Line] DEBUG net.serenitybdd.core.photography.DarkroomProcessingLine - Processing screenshot image in /var/screenshots/screenshot-14895286052796492822
08:34:23.713 [Darkroom Processing Line] DEBUG net.serenitybdd.core.photography.DarkroomProcessingLine - Saving screenshot to target\site\serenity\648d4e0c4ebb844a35f81c8c5a3a1ff96ba82c46721178d83fc7b9d0a3b883a3.png
08:34:23.725 [Forwarding findElement on session 7a625166b1daf067dc0325f76996527d to remote] DEBUG org.asynchttpclient.netty.request.NettyRequestSender - Using pooled Channel '[id: 0x4c89c75b, L:/127.0.0.1:60591 - R:localhost/127.0.0.1:55318]' for 'POST' to 'http://localhost:55318/session/7a625166b1daf067dc0325f76996527d/element'
08:34:23.725 [Forwarding findElement on session 7a625166b1daf067dc0325f76996527d to remote] DEBUG org.asynchttpclient.netty.request.NettyRequestSender - Using open Channel [id: 0x4c89c75b, L:/127.0.0.1:60591 - R:localhost/127.0.0.1:55318] for POST '/session/7a625166b1daf067dc0325f76996527d/element'
08:34:23.752 [AsyncHttpClient-1-13] DEBUG org.asynchttpclient.netty.handler.HttpHandler - 

Request DefaultHttpRequest(decodeResult: success, version: HTTP/1.1)
POST /session/7a625166b1daf067dc0325f76996527d/element HTTP/1.1
User-Agent: selenium/4.1.2 (java windows)
Content-Length: 68
Content-Type: application/json; charset=utf-8
host: localhost:55318
accept: */*

Response DefaultHttpResponse(decodeResult: success, version: HTTP/1.1)
HTTP/1.1 200 OK
Content-Type: application/json; charset=utf-8
cache-control: no-cache
content-length: 88

08:34:23.752 [AsyncHttpClient-1-13] DEBUG org.asynchttpclient.netty.channel.ChannelManager - Adding key: http://localhost:55318 for channel [id: 0x4c89c75b, L:/127.0.0.1:60591 - R:localhost/127.0.0.1:55318]
08:34:23.755 [Forwarding getElementTagName on session 7a625166b1daf067dc0325f76996527d to remote] DEBUG org.asynchttpclient.netty.request.NettyRequestSender - Using pooled Channel '[id: 0x4c89c75b, L:/127.0.0.1:60591 - R:localhost/127.0.0.1:55318]' for 'GET' to 'http://localhost:55318/session/7a625166b1daf067dc0325f76996527d/element/36bfc14d-48a4-4e72-880b-6277019104c1/name'
08:34:23.755 [Forwarding getElementTagName on session 7a625166b1daf067dc0325f76996527d to remote] DEBUG org.asynchttpclient.netty.request.NettyRequestSender - Using open Channel [id: 0x4c89c75b, L:/127.0.0.1:60591 - R:localhost/127.0.0.1:55318] for GET '/session/7a625166b1daf067dc0325f76996527d/element/36bfc14d-48a4-4e72-880b-6277019104c1/name'
08:34:23.765 [AsyncHttpClient-1-13] DEBUG org.asynchttpclient.netty.handler.HttpHandler - 

Request DefaultFullHttpRequest(decodeResult: success, version: HTTP/1.1, content: EmptyByteBufBE)
GET /session/7a625166b1daf067dc0325f76996527d/element/36bfc14d-48a4-4e72-880b-6277019104c1/name HTTP/1.1
User-Agent: selenium/4.1.2 (java windows)
Cache-Control: no-cache
Content-Type: application/json; charset=utf-8
host: localhost:55318
accept: */*

Response DefaultHttpResponse(decodeResult: success, version: HTTP/1.1)
HTTP/1.1 200 OK
Content-Type: application/json; charset=utf-8
cache-control: no-cache
content-length: 18

08:34:23.765 [AsyncHttpClient-1-13] DEBUG org.asynchttpclient.netty.channel.ChannelManager - Adding key: http://localhost:55318 for channel [id: 0x4c89c75b, L:/127.0.0.1:60591 - R:localhost/127.0.0.1:55318]
08:34:23.767 [Forwarding getElementTagName on session 7a625166b1daf067dc0325f76996527d to remote] DEBUG org.asynchttpclient.netty.request.NettyRequestSender - Using pooled Channel '[id: 0x4c89c75b, L:/127.0.0.1:60591 - R:localhost/127.0.0.1:55318]' for 'GET' to 'http://localhost:55318/session/7a625166b1daf067dc0325f76996527d/element/36bfc14d-48a4-4e72-880b-6277019104c1/name'
08:34:23.768 [Forwarding getElementTagName on session 7a625166b1daf067dc0325f76996527d to remote] DEBUG org.asynchttpclient.netty.request.NettyRequestSender - Using open Channel [id: 0x4c89c75b, L:/127.0.0.1:60591 - R:localhost/127.0.0.1:55318] for GET '/session/7a625166b1daf067dc0325f76996527d/element/36bfc14d-48a4-4e72-880b-6277019104c1/name'
08:34:23.775 [AsyncHttpClient-1-13] DEBUG org.asynchttpclient.netty.handler.HttpHandler - 

Request DefaultFullHttpRequest(decodeResult: success, version: HTTP/1.1, content: EmptyByteBufBE)
GET /session/7a625166b1daf067dc0325f76996527d/element/36bfc14d-48a4-4e72-880b-6277019104c1/name HTTP/1.1
User-Agent: selenium/4.1.2 (java windows)
Cache-Control: no-cache
Content-Type: application/json; charset=utf-8
host: localhost:55318
accept: */*

Response DefaultHttpResponse(decodeResult: success, version: HTTP/1.1)
HTTP/1.1 200 OK
Content-Type: application/json; charset=utf-8
cache-control: no-cache
content-length: 18

08:34:23.775 [AsyncHttpClient-1-13] DEBUG org.asynchttpclient.netty.channel.ChannelManager - Adding key: http://localhost:55318 for channel [id: 0x4c89c75b, L:/127.0.0.1:60591 - R:localhost/127.0.0.1:55318]
08:34:23.779 [Forwarding isElementEnabled on session 7a625166b1daf067dc0325f76996527d to remote] DEBUG org.asynchttpclient.netty.request.NettyRequestSender - Using pooled Channel '[id: 0x4c89c75b, L:/127.0.0.1:60591 - R:localhost/127.0.0.1:55318]' for 'GET' to 'http://localhost:55318/session/7a625166b1daf067dc0325f76996527d/element/36bfc14d-48a4-4e72-880b-6277019104c1/enabled'
08:34:23.779 [Forwarding isElementEnabled on session 7a625166b1daf067dc0325f76996527d to remote] DEBUG org.asynchttpclient.netty.request.NettyRequestSender - Using open Channel [id: 0x4c89c75b, L:/127.0.0.1:60591 - R:localhost/127.0.0.1:55318] for GET '/session/7a625166b1daf067dc0325f76996527d/element/36bfc14d-48a4-4e72-880b-6277019104c1/enabled'
08:34:23.798 [AsyncHttpClient-1-13] DEBUG org.asynchttpclient.netty.handler.HttpHandler - 

Request DefaultFullHttpRequest(decodeResult: success, version: HTTP/1.1, content: EmptyByteBufBE)
GET /session/7a625166b1daf067dc0325f76996527d/element/36bfc14d-48a4-4e72-880b-6277019104c1/enabled HTTP/1.1
User-Agent: selenium/4.1.2 (java windows)
Cache-Control: no-cache
Content-Type: application/json; charset=utf-8
host: localhost:55318
accept: */*

Response DefaultHttpResponse(decodeResult: success, version: HTTP/1.1)
HTTP/1.1 200 OK
Content-Type: application/json; charset=utf-8
cache-control: no-cache
content-length: 14

08:34:23.799 [AsyncHttpClient-1-13] DEBUG org.asynchttpclient.netty.channel.ChannelManager - Adding key: http://localhost:55318 for channel [id: 0x4c89c75b, L:/127.0.0.1:60591 - R:localhost/127.0.0.1:55318]
08:34:23.802 [Forwarding isElementEnabled on session 7a625166b1daf067dc0325f76996527d to remote] DEBUG org.asynchttpclient.netty.request.NettyRequestSender - Using pooled Channel '[id: 0x4c89c75b, L:/127.0.0.1:60591 - R:localhost/127.0.0.1:55318]' for 'GET' to 'http://localhost:55318/session/7a625166b1daf067dc0325f76996527d/element/36bfc14d-48a4-4e72-880b-6277019104c1/enabled'
08:34:23.802 [Forwarding isElementEnabled on session 7a625166b1daf067dc0325f76996527d to remote] DEBUG org.asynchttpclient.netty.request.NettyRequestSender - Using open Channel [id: 0x4c89c75b, L:/127.0.0.1:60591 - R:localhost/127.0.0.1:55318] for GET '/session/7a625166b1daf067dc0325f76996527d/element/36bfc14d-48a4-4e72-880b-6277019104c1/enabled'
08:34:23.814 [AsyncHttpClient-1-13] DEBUG org.asynchttpclient.netty.handler.HttpHandler - 

Request DefaultFullHttpRequest(decodeResult: success, version: HTTP/1.1, content: EmptyByteBufBE)
GET /session/7a625166b1daf067dc0325f76996527d/element/36bfc14d-48a4-4e72-880b-6277019104c1/enabled HTTP/1.1
User-Agent: selenium/4.1.2 (java windows)
Cache-Control: no-cache
Content-Type: application/json; charset=utf-8
host: localhost:55318
accept: */*

Response DefaultHttpResponse(decodeResult: success, version: HTTP/1.1)
HTTP/1.1 200 OK
Content-Type: application/json; charset=utf-8
cache-control: no-cache
content-length: 14

08:34:23.815 [AsyncHttpClient-1-13] DEBUG org.asynchttpclient.netty.channel.ChannelManager - Adding key: http://localhost:55318 for channel [id: 0x4c89c75b, L:/127.0.0.1:60591 - R:localhost/127.0.0.1:55318]
08:34:23.819 [Forwarding findElement on session 7a625166b1daf067dc0325f76996527d to remote] DEBUG org.asynchttpclient.netty.request.NettyRequestSender - Using pooled Channel '[id: 0x4c89c75b, L:/127.0.0.1:60591 - R:localhost/127.0.0.1:55318]' for 'POST' to 'http://localhost:55318/session/7a625166b1daf067dc0325f76996527d/element'
08:34:23.819 [Forwarding findElement on session 7a625166b1daf067dc0325f76996527d to remote] DEBUG org.asynchttpclient.netty.request.NettyRequestSender - Using open Channel [id: 0x4c89c75b, L:/127.0.0.1:60591 - R:localhost/127.0.0.1:55318] for POST '/session/7a625166b1daf067dc0325f76996527d/element'
08:34:23.832 [AsyncHttpClient-1-13] DEBUG org.asynchttpclient.netty.handler.HttpHandler - 

Request DefaultHttpRequest(decodeResult: success, version: HTTP/1.1)
POST /session/7a625166b1daf067dc0325f76996527d/element HTTP/1.1
User-Agent: selenium/4.1.2 (java windows)
Content-Length: 68
Content-Type: application/json; charset=utf-8
host: localhost:55318
accept: */*

Response DefaultHttpResponse(decodeResult: success, version: HTTP/1.1)
HTTP/1.1 200 OK
Content-Type: application/json; charset=utf-8
cache-control: no-cache
content-length: 88

08:34:23.832 [AsyncHttpClient-1-13] DEBUG org.asynchttpclient.netty.channel.ChannelManager - Adding key: http://localhost:55318 for channel [id: 0x4c89c75b, L:/127.0.0.1:60591 - R:localhost/127.0.0.1:55318]
08:34:23.834 [Forwarding clickElement on session 7a625166b1daf067dc0325f76996527d to remote] DEBUG org.asynchttpclient.netty.request.NettyRequestSender - Using pooled Channel '[id: 0x4c89c75b, L:/127.0.0.1:60591 - R:localhost/127.0.0.1:55318]' for 'POST' to 'http://localhost:55318/session/7a625166b1daf067dc0325f76996527d/element/36bfc14d-48a4-4e72-880b-6277019104c1/click'
08:34:23.834 [Forwarding clickElement on session 7a625166b1daf067dc0325f76996527d to remote] DEBUG org.asynchttpclient.netty.request.NettyRequestSender - Using open Channel [id: 0x4c89c75b, L:/127.0.0.1:60591 - R:localhost/127.0.0.1:55318] for POST '/session/7a625166b1daf067dc0325f76996527d/element/36bfc14d-48a4-4e72-880b-6277019104c1/click'
08:34:23.893 [AsyncHttpClient-1-13] DEBUG org.asynchttpclient.netty.handler.HttpHandler - 

Request DefaultHttpRequest(decodeResult: success, version: HTTP/1.1)
POST /session/7a625166b1daf067dc0325f76996527d/element/36bfc14d-48a4-4e72-880b-6277019104c1/click HTTP/1.1
User-Agent: selenium/4.1.2 (java windows)
Content-Length: 50
Content-Type: application/json; charset=utf-8
host: localhost:55318
accept: */*

Response DefaultHttpResponse(decodeResult: success, version: HTTP/1.1)
HTTP/1.1 200 OK
Content-Type: application/json; charset=utf-8
cache-control: no-cache
content-length: 14

08:34:23.893 [AsyncHttpClient-1-13] DEBUG org.asynchttpclient.netty.channel.ChannelManager - Adding key: http://localhost:55318 for channel [id: 0x4c89c75b, L:/127.0.0.1:60591 - R:localhost/127.0.0.1:55318]
  &amp#27;[32mAnd &amp#27;[0m&amp#27;[32mi click add button&amp#27;[0m                  &amp#27;[90m# starter.stepdefinitions.orderStep.iClickAddButton()&amp#27;[0m
08:34:23.905 [Forwarding screenshot on session 7a625166b1daf067dc0325f76996527d to remote] DEBUG org.asynchttpclient.netty.request.NettyRequestSender - Using pooled Channel '[id: 0x4c89c75b, L:/127.0.0.1:60591 - R:localhost/127.0.0.1:55318]' for 'GET' to 'http://localhost:55318/session/7a625166b1daf067dc0325f76996527d/screenshot'
08:34:23.905 [Forwarding screenshot on session 7a625166b1daf067dc0325f76996527d to remote] DEBUG org.asynchttpclient.netty.request.NettyRequestSender - Using open Channel [id: 0x4c89c75b, L:/127.0.0.1:60591 - R:localhost/127.0.0.1:55318] for GET '/session/7a625166b1daf067dc0325f76996527d/screenshot'
08:34:23.927 [AsyncHttpClient-1-1] DEBUG org.asynchttpclient.netty.channel.DefaultChannelPool - Entry count for : http://localhost:60593 : 1
08:34:24.099 [AsyncHttpClient-1-13] DEBUG org.asynchttpclient.netty.handler.HttpHandler - 

Request DefaultFullHttpRequest(decodeResult: success, version: HTTP/1.1, content: EmptyByteBufBE)
GET /session/7a625166b1daf067dc0325f76996527d/screenshot HTTP/1.1
User-Agent: selenium/4.1.2 (java windows)
Cache-Control: no-cache
Content-Type: application/json; charset=utf-8
host: localhost:55318
accept: */*

Response DefaultHttpResponse(decodeResult: success, version: HTTP/1.1)
HTTP/1.1 200 OK
Content-Type: application/json; charset=utf-8
cache-control: no-cache
content-length: 52924

08:34:24.100 [AsyncHttpClient-1-13] DEBUG org.asynchttpclient.netty.channel.ChannelManager - Adding key: http://localhost:55318 for channel [id: 0x4c89c75b, L:/127.0.0.1:60591 - R:localhost/127.0.0.1:55318]
08:34:24.104 [main] DEBUG net.serenitybdd.core.photography.Darkroom - Send negative for processing for target\site\serenity\18c66e1ba5f7322bba1f0213f8be06dd8723863f19bd927f01e7ee276a123c55.png
08:34:24.104 [Darkroom Processing Line] DEBUG net.serenitybdd.core.photography.DarkroomProcessingLine - Processing screenshot image in /var/screenshots/screenshot-5358547538271114899
08:34:24.105 [Darkroom Processing Line] DEBUG net.serenitybdd.core.photography.DarkroomProcessingLine - Saving screenshot to target\site\serenity\18c66e1ba5f7322bba1f0213f8be06dd8723863f19bd927f01e7ee276a123c55.png
08:34:24.116 [Forwarding findElement on session 7a625166b1daf067dc0325f76996527d to remote] DEBUG org.asynchttpclient.netty.request.NettyRequestSender - Using pooled Channel '[id: 0x4c89c75b, L:/127.0.0.1:60591 - R:localhost/127.0.0.1:55318]' for 'POST' to 'http://localhost:55318/session/7a625166b1daf067dc0325f76996527d/element'
08:34:24.117 [Forwarding findElement on session 7a625166b1daf067dc0325f76996527d to remote] DEBUG org.asynchttpclient.netty.request.NettyRequestSender - Using open Channel [id: 0x4c89c75b, L:/127.0.0.1:60591 - R:localhost/127.0.0.1:55318] for POST '/session/7a625166b1daf067dc0325f76996527d/element'
08:34:24.132 [AsyncHttpClient-1-13] DEBUG org.asynchttpclient.netty.handler.HttpHandler - 

Request DefaultHttpRequest(decodeResult: success, version: HTTP/1.1)
POST /session/7a625166b1daf067dc0325f76996527d/element HTTP/1.1
User-Agent: selenium/4.1.2 (java windows)
Content-Length: 69
Content-Type: application/json; charset=utf-8
host: localhost:55318
accept: */*

Response DefaultHttpResponse(decodeResult: success, version: HTTP/1.1)
HTTP/1.1 200 OK
Content-Type: application/json; charset=utf-8
cache-control: no-cache
content-length: 88

08:34:24.133 [AsyncHttpClient-1-13] DEBUG org.asynchttpclient.netty.channel.ChannelManager - Adding key: http://localhost:55318 for channel [id: 0x4c89c75b, L:/127.0.0.1:60591 - R:localhost/127.0.0.1:55318]
08:34:24.134 [Forwarding getElementText on session 7a625166b1daf067dc0325f76996527d to remote] DEBUG org.asynchttpclient.netty.request.NettyRequestSender - Using pooled Channel '[id: 0x4c89c75b, L:/127.0.0.1:60591 - R:localhost/127.0.0.1:55318]' for 'GET' to 'http://localhost:55318/session/7a625166b1daf067dc0325f76996527d/element/30a82905-fe97-4882-89f7-c753ed150f7d/text'
08:34:24.134 [Forwarding getElementText on session 7a625166b1daf067dc0325f76996527d to remote] DEBUG org.asynchttpclient.netty.request.NettyRequestSender - Using open Channel [id: 0x4c89c75b, L:/127.0.0.1:60591 - R:localhost/127.0.0.1:55318] for GET '/session/7a625166b1daf067dc0325f76996527d/element/30a82905-fe97-4882-89f7-c753ed150f7d/text'
08:34:24.157 [AsyncHttpClient-1-13] DEBUG org.asynchttpclient.netty.handler.HttpHandler - 

Request DefaultFullHttpRequest(decodeResult: success, version: HTTP/1.1, content: EmptyByteBufBE)
GET /session/7a625166b1daf067dc0325f76996527d/element/30a82905-fe97-4882-89f7-c753ed150f7d/text HTTP/1.1
User-Agent: selenium/4.1.2 (java windows)
Cache-Control: no-cache
Content-Type: application/json; charset=utf-8
host: localhost:55318
accept: */*

Response DefaultHttpResponse(decodeResult: success, version: HTTP/1.1)
HTTP/1.1 200 OK
Content-Type: application/json; charset=utf-8
cache-control: no-cache
content-length: 13

08:34:24.157 [AsyncHttpClient-1-13] DEBUG org.asynchttpclient.netty.channel.ChannelManager - Adding key: http://localhost:55318 for channel [id: 0x4c89c75b, L:/127.0.0.1:60591 - R:localhost/127.0.0.1:55318]
berhasil!
  &amp#27;[32mThen &amp#27;[0m&amp#27;[32mi get the product as much as i add&amp#27;[0m &amp#27;[90m# starter.stepdefinitions.orderStep.iGetTheProductAsMuchAsIAdd()&amp#27;[0m
08:34:24.168 [Forwarding screenshot on session 7a625166b1daf067dc0325f76996527d to remote] DEBUG org.asynchttpclient.netty.request.NettyRequestSender - Using pooled Channel '[id: 0x4c89c75b, L:/127.0.0.1:60591 - R:localhost/127.0.0.1:55318]' for 'GET' to 'http://localhost:55318/session/7a625166b1daf067dc0325f76996527d/screenshot'
08:34:24.168 [Forwarding screenshot on session 7a625166b1daf067dc0325f76996527d to remote] DEBUG org.asynchttpclient.netty.request.NettyRequestSender - Using open Channel [id: 0x4c89c75b, L:/127.0.0.1:60591 - R:localhost/127.0.0.1:55318] for GET '/session/7a625166b1daf067dc0325f76996527d/screenshot'
08:34:24.366 [AsyncHttpClient-1-13] DEBUG org.asynchttpclient.netty.handler.HttpHandler - 

Request DefaultFullHttpRequest(decodeResult: success, version: HTTP/1.1, content: EmptyByteBufBE)
GET /session/7a625166b1daf067dc0325f76996527d/screenshot HTTP/1.1
User-Agent: selenium/4.1.2 (java windows)
Cache-Control: no-cache
Content-Type: application/json; charset=utf-8
host: localhost:55318
accept: */*

Response DefaultHttpResponse(decodeResult: success, version: HTTP/1.1)
HTTP/1.1 200 OK
Content-Type: application/json; charset=utf-8
cache-control: no-cache
content-length: 51572

08:34:24.366 [AsyncHttpClient-1-13] DEBUG org.asynchttpclient.netty.channel.ChannelManager - Adding key: http://localhost:55318 for channel [id: 0x4c89c75b, L:/127.0.0.1:60591 - R:localhost/127.0.0.1:55318]
08:34:24.370 [main] DEBUG net.serenitybdd.core.photography.Darkroom - Send negative for processing for target\site\serenity\7344ed8d00e664e67e399fdf46f8ff621f3543f483987e43db15d70c08060625.png
08:34:24.370 [Darkroom Processing Line] DEBUG net.serenitybdd.core.photography.DarkroomProcessingLine - Processing screenshot image in /var/screenshots/screenshot-17355753214312846948
08:34:24.371 [Darkroom Processing Line] DEBUG net.serenitybdd.core.photography.DarkroomProcessingLine - Saving screenshot to target\site\serenity\7344ed8d00e664e67e399fdf46f8ff621f3543f483987e43db15d70c08060625.png
08:34:24.372 [main] INFO  - 
  _____   ___   ___   _____     ___     _     ___   ___   ___   ___  
 |_   _| | __| / __| |_   _|   | _ \   /_\   / __| / __| | __| |   \ 
   | |   | _|  \__ \   | |     |  _/  / _ \  \__ \ \__ \ | _|  | |) |
   |_|   |___| |___/   |_|     |_|   /_/ \_\ |___/ |___/ |___| |___/ 

add product to cart
----------------------------------------------------------------------
08:34:24.375 [AsyncHttpClient-1-15] DEBUG org.asynchttpclient.netty.handler.WebSocketHandler - Channel Closed: [id: 0x61626b05, L:/127.0.0.1:60602 ! R:localhost/127.0.0.1:60593] with attribute NettyResponseFuture{currentRetry=5,
	isDone=1,
	isCancelled=0,
	asyncHandler=org.asynchttpclient.ws.WebSocketUpgradeHandler@2398f3d7,
	nettyRequest=org.asynchttpclient.netty.request.NettyRequest@2b175f23,
	future=java.util.concurrent.CompletableFuture@5ba297c6[Completed normally],
	uri=ws://localhost:60593/devtools/browser/260beade-52f1-4275-ad05-fa8499f504b2,
	keepAlive=true,
	redirectCount=0,
	timeoutsHolder=null,
	inAuth=0,
	touch=1652837656608}
08:34:24.375 [AsyncHttpClient-1-15] DEBUG org.asynchttpclient.netty.channel.ChannelManager - Closing Channel [id: 0x61626b05, L:/127.0.0.1:60602 ! R:localhost/127.0.0.1:60593] 
08:34:24.375 [Driver Command Executor] DEBUG org.asynchttpclient.netty.request.NettyRequestSender - Using pooled Channel '[id: 0x4c89c75b, L:/127.0.0.1:60591 - R:localhost/127.0.0.1:55318]' for 'DELETE' to 'http://localhost:55318/session/7a625166b1daf067dc0325f76996527d'
08:34:24.376 [Driver Command Executor] DEBUG org.asynchttpclient.netty.request.NettyRequestSender - Using open Channel [id: 0x4c89c75b, L:/127.0.0.1:60591 - R:localhost/127.0.0.1:55318] for DELETE '/session/7a625166b1daf067dc0325f76996527d'
08:34:24.446 [AsyncHttpClient-1-14] DEBUG org.asynchttpclient.netty.handler.HttpHandler - Unexpected I/O exception on channel [id: 0x9719f26b, L:/127.0.0.1:60601 - R:localhost/127.0.0.1:60593]
java.net.SocketException: Connection reset
	at java.base/sun.nio.ch.SocketChannelImpl.throwConnectionReset(SocketChannelImpl.java:367)
	at java.base/sun.nio.ch.SocketChannelImpl.read(SocketChannelImpl.java:398)
	at io.netty.buffer.PooledByteBuf.setBytes(PooledByteBuf.java:258)
	at io.netty.buffer.AbstractByteBuf.writeBytes(AbstractByteBuf.java:1132)
	at io.netty.channel.socket.nio.NioSocketChannel.doReadBytes(NioSocketChannel.java:350)
	at io.netty.channel.nio.AbstractNioByteChannel$NioByteUnsafe.read(AbstractNioByteChannel.java:151)
	at io.netty.channel.nio.NioEventLoop.processSelectedKey(NioEventLoop.java:722)
	at io.netty.channel.nio.NioEventLoop.processSelectedKeysOptimized(NioEventLoop.java:658)
	at io.netty.channel.nio.NioEventLoop.processSelectedKeys(NioEventLoop.java:584)
	at io.netty.channel.nio.NioEventLoop.run(NioEventLoop.java:496)
	at io.netty.util.concurrent.SingleThreadEventExecutor$4.run(SingleThreadEventExecutor.java:986)
	at io.netty.util.internal.ThreadExecutorMap$2.run(ThreadExecutorMap.java:74)
	at io.netty.util.concurrent.FastThreadLocalRunnable.run(FastThreadLocalRunnable.java:30)
	at java.base/java.lang.Thread.run(Thread.java:832)
08:34:24.446 [AsyncHttpClient-1-14] DEBUG org.asynchttpclient.netty.channel.ChannelManager - Closing Channel [id: 0x9719f26b, L:/127.0.0.1:60601 - R:localhost/127.0.0.1:60593] 
08:34:24.447 [AsyncHttpClient-1-14] DEBUG org.asynchttpclient.netty.handler.HttpHandler - Channel Closed: [id: 0x9719f26b, L:/127.0.0.1:60601 ! R:localhost/127.0.0.1:60593] with attribute DISCARD
08:34:24.488 [AsyncHttpClient-1-13] DEBUG org.asynchttpclient.netty.handler.HttpHandler - 

Request DefaultFullHttpRequest(decodeResult: success, version: HTTP/1.1, content: EmptyByteBufBE)
DELETE /session/7a625166b1daf067dc0325f76996527d HTTP/1.1
User-Agent: selenium/4.1.2 (java windows)
Content-Type: application/json; charset=utf-8
host: localhost:55318
accept: */*

Response DefaultHttpResponse(decodeResult: success, version: HTTP/1.1)
HTTP/1.1 200 OK
Content-Type: application/json; charset=utf-8
cache-control: no-cache
content-length: 14

08:34:24.489 [AsyncHttpClient-1-13] DEBUG org.asynchttpclient.netty.channel.ChannelManager - Adding key: http://localhost:55318 for channel [id: 0x4c89c75b, L:/127.0.0.1:60591 - R:localhost/127.0.0.1:55318]
08:34:24.717 [AsyncHttpClient-1-13] DEBUG org.asynchttpclient.netty.handler.HttpHandler - Channel Closed: [id: 0x4c89c75b, L:/127.0.0.1:60591 ! R:localhost/127.0.0.1:55318] with attribute DISCARD
08:34:25.033 [AsyncHttpClient-1-1] DEBUG org.asynchttpclient.netty.channel.DefaultChannelPool - Entry count for : http://localhost:60593 : 1
08:34:25.033 [AsyncHttpClient-1-1] DEBUG org.asynchttpclient.netty.channel.DefaultChannelPool - Entry count for : http://localhost:55318 : 1
08:34:25.033 [AsyncHttpClient-1-1] DEBUG org.asynchttpclient.netty.channel.DefaultChannelPool - Adding Candidate expired Channel [id: 0x9719f26b, L:/127.0.0.1:60601 ! R:localhost/127.0.0.1:60593] isIdleTimeoutExpired=false isRemotelyClosed=true isTtlExpired=false
08:34:25.033 [AsyncHttpClient-1-1] DEBUG org.asynchttpclient.netty.channel.DefaultChannelPool - Closing Idle Channel [id: 0x9719f26b, L:/127.0.0.1:60601 ! R:localhost/127.0.0.1:60593]
08:34:25.033 [AsyncHttpClient-1-1] DEBUG org.asynchttpclient.netty.channel.DefaultChannelPool - Adding Candidate expired Channel [id: 0x4c89c75b, L:/127.0.0.1:60591 ! R:localhost/127.0.0.1:55318] isIdleTimeoutExpired=false isRemotelyClosed=true isTtlExpired=false
08:34:25.033 [AsyncHttpClient-1-1] DEBUG org.asynchttpclient.netty.channel.DefaultChannelPool - Closing Idle Channel [id: 0x4c89c75b, L:/127.0.0.1:60591 ! R:localhost/127.0.0.1:55318]
08:34:25.033 [AsyncHttpClient-1-1] DEBUG org.asynchttpclient.netty.channel.DefaultChannelPool - Closed 2 connections out of 2 in 0 ms
]]></system-out>
    <system-err><![CDATA[Starting ChromeDriver 101.0.4951.41 (93c720db8323b3ec10d056025ab95c23a31997c9-refs/branch-heads/4951@{#904}) on port 55318
Only local connections are allowed.
Please see https://chromedriver.chromium.org/security-considerations for suggestions on keeping ChromeDriver safe.
ChromeDriver was started successfully.
May 18, 2022 8:34:16 AM org.openqa.selenium.remote.ProtocolHandshake createSession
INFO: Detected dialect: W3C
May 18, 2022 8:34:16 AM org.openqa.selenium.devtools.CdpVersionFinder findNearestMatch
WARNING: Unable to find an exact match for CDP version 101, so returning the closest version found: 97
May 18, 2022 8:34:16 AM org.openqa.selenium.devtools.CdpVersionFinder findNearestMatch
INFO: Found CDP implementation for version 101 of 97
]]></system-err>
  </testcase>
  <testcase name="reduce product on cart" classname="Order" time="12.538">
    <system-out><![CDATA[
@reduce
Scenario: reduce product on cart             &amp#27;[90m# src/test/resources/features/order.feature:23&amp#27;[0m
08:34:25.257 [main] INFO io.cucumber.core.plugin.SerenityReporter - Running feature from file:///D:/PERKULIAHAN/Semester%206,Hebatt%20glad!/Altera/QE_Gladys-Cindana-Asri-Pardosi/Mini-Project/Web/src/test/resources/features/order.feature
08:34:25.262 [main] INFO  - 
  _____   ___   ___   _____     ___   _____     _     ___   _____   ___   ___  
 |_   _| | __| / __| |_   _|   / __| |_   _|   /_\   | _ \ |_   _| | __| |   \ 
   | |   | _|  \__ \   | |     \__ \   | |    / _ \  |   /   | |   | _|  | |) |
   |_|   |___| |___/   |_|     |___/   |_|   /_/ \_\ |_|_\   |_|   |___| |___/ 

reduce product on cart(order;reduce-product-on-cart)
--------------------------------------------------------------------------------
08:34:25.284 [main] INFO net.serenitybdd.core.webdriver.driverproviders.ChromeDriverProvider - Using automatically driver download
08:34:25.487 [main] DEBUG io.github.bonigarcia.wdm.cache.ResolutionCache - Resolution chrome=101 in cache (valid until 09:23:35 18/05/2022 WIB)
08:34:25.495 [main] DEBUG io.github.bonigarcia.wdm.cache.ResolutionCache - Resolution chrome101=101.0.4951.41 in cache (valid until 18:48:44 18/05/2022 WIB)
08:34:25.500 [main] INFO io.github.bonigarcia.wdm.WebDriverManager - Using chromedriver 101.0.4951.41 (resolved driver for Chrome 101)
08:34:25.520 [main] DEBUG io.github.bonigarcia.wdm.WebDriverManager - Driver chromedriver 101.0.4951.41 found in cache
08:34:25.521 [main] INFO io.github.bonigarcia.wdm.WebDriverManager - Exporting webdriver.chrome.driver as C:\Users\ASUS\.cache\selenium\chromedriver\win32\101.0.4951.41\chromedriver.exe
08:34:25.692 [main] DEBUG net.serenitybdd.core.webdriver.driverproviders.ProvideNewDriver - Instantiating driver
08:34:25.692 [main] DEBUG net.serenitybdd.core.webdriver.driverproviders.ProvideNewDriver - Driver capabilities: Capabilities {acceptInsecureCerts: false, base.url: , browserName: chrome, goog:chromeOptions: {args: [], extensions: []}}
08:34:26.245 [AsyncHttpClient-1-16] DEBUG org.asynchttpclient.netty.channel.NettyConnectListener - Using new Channel '[id: 0x9e0f60d0, L:/127.0.0.1:60627 - R:localhost/127.0.0.1:64434]' for 'POST' to '/session'
08:34:27.737 [AsyncHttpClient-1-16] DEBUG org.asynchttpclient.netty.handler.HttpHandler - 

Request DefaultHttpRequest(decodeResult: success, version: HTTP/1.1)
POST /session HTTP/1.1
User-Agent: selenium/4.1.2 (java windows)
Content-Length: 457
Content-Type: application/json; charset=utf-8
host: localhost:64434
accept: */*

Response DefaultHttpResponse(decodeResult: success, version: HTTP/1.1)
HTTP/1.1 200 OK
Content-Type: application/json; charset=utf-8
cache-control: no-cache
content-length: 788

08:34:27.737 [AsyncHttpClient-1-16] DEBUG org.asynchttpclient.netty.channel.ChannelManager - Adding key: http://localhost:64434 for channel [id: 0x9e0f60d0, L:/127.0.0.1:60627 - R:localhost/127.0.0.1:64434]
08:34:27.754 [AsyncHttpClient-1-17] DEBUG org.asynchttpclient.netty.channel.NettyConnectListener - Using new Channel '[id: 0x0e728703, L:/127.0.0.1:60637 - R:localhost/127.0.0.1:60629]' for 'GET' to '/json/version'
08:34:27.756 [AsyncHttpClient-1-17] DEBUG org.asynchttpclient.netty.handler.HttpHandler - 

Request DefaultFullHttpRequest(decodeResult: success, version: HTTP/1.1, content: EmptyByteBufBE)
GET /json/version HTTP/1.1
User-Agent: selenium/4.1.2 (java windows)
host: localhost:60629
accept: */*

Response DefaultHttpResponse(decodeResult: success, version: HTTP/1.1)
HTTP/1.1 200 OK
Content-Type: application/json; charset=UTF-8
content-length: 427

08:34:27.757 [AsyncHttpClient-1-17] DEBUG org.asynchttpclient.netty.channel.ChannelManager - Adding key: http://localhost:60629 for channel [id: 0x0e728703, L:/127.0.0.1:60637 - R:localhost/127.0.0.1:60629]
08:34:27.762 [AsyncHttpClient-1-2] DEBUG org.asynchttpclient.netty.channel.NettyConnectListener - Using new Channel '[id: 0x914eeed6, L:/127.0.0.1:60638 - R:localhost/127.0.0.1:60629]' for 'GET' to '/devtools/browser/e7201747-f8af-4ffb-813e-ed47eb145b14'
08:34:27.764 [AsyncHttpClient-1-2] DEBUG org.asynchttpclient.netty.handler.WebSocketHandler - 

Request DefaultFullHttpRequest(decodeResult: success, version: HTTP/1.1, content: EmptyByteBufBE)
GET /devtools/browser/e7201747-f8af-4ffb-813e-ed47eb145b14 HTTP/1.1
upgrade: websocket
connection: upgrade
sec-websocket-key: H5pY67VXBVn/H+/XGpbJUQ==
sec-websocket-version: 13
origin: http://localhost:60629
host: localhost:60629
accept: */*
user-agent: AHC/2.1

Response DefaultHttpResponse(decodeResult: success, version: HTTP/1.1)
HTTP/1.1 101 WebSocket Protocol Handshake
Upgrade: WebSocket
Connection: Upgrade
Sec-WebSocket-Accept: Ruzc/rk7olZM2r6FtcHsd0tbCro=

08:34:27.774 [Forwarding get on session 7f03c98c64e2728d0e7e29576886788a to remote] DEBUG org.asynchttpclient.netty.request.NettyRequestSender - Using pooled Channel '[id: 0x9e0f60d0, L:/127.0.0.1:60627 - R:localhost/127.0.0.1:64434]' for 'POST' to 'http://localhost:64434/session/7f03c98c64e2728d0e7e29576886788a/url'
08:34:27.774 [Forwarding get on session 7f03c98c64e2728d0e7e29576886788a to remote] DEBUG org.asynchttpclient.netty.request.NettyRequestSender - Using open Channel [id: 0x9e0f60d0, L:/127.0.0.1:60627 - R:localhost/127.0.0.1:64434] for POST '/session/7f03c98c64e2728d0e7e29576886788a/url'
08:34:28.329 [AsyncHttpClient-1-1] DEBUG org.asynchttpclient.netty.channel.DefaultChannelPool - Entry count for : http://localhost:60629 : 1
08:34:29.429 [AsyncHttpClient-1-1] DEBUG org.asynchttpclient.netty.channel.DefaultChannelPool - Entry count for : http://localhost:60629 : 1
08:34:30.527 [AsyncHttpClient-1-1] DEBUG org.asynchttpclient.netty.channel.DefaultChannelPool - Entry count for : http://localhost:60629 : 1
08:34:31.633 [AsyncHttpClient-1-1] DEBUG org.asynchttpclient.netty.channel.DefaultChannelPool - Entry count for : http://localhost:60629 : 1
08:34:32.259 [AsyncHttpClient-1-16] DEBUG org.asynchttpclient.netty.handler.HttpHandler - 

Request DefaultHttpRequest(decodeResult: success, version: HTTP/1.1)
POST /session/7f03c98c64e2728d0e7e29576886788a/url HTTP/1.1
User-Agent: selenium/4.1.2 (java windows)
Content-Length: 49
Content-Type: application/json; charset=utf-8
host: localhost:64434
accept: */*

Response DefaultHttpResponse(decodeResult: success, version: HTTP/1.1)
HTTP/1.1 200 OK
Content-Type: application/json; charset=utf-8
cache-control: no-cache
content-length: 14

08:34:32.259 [AsyncHttpClient-1-16] DEBUG org.asynchttpclient.netty.channel.ChannelManager - Adding key: http://localhost:64434 for channel [id: 0x9e0f60d0, L:/127.0.0.1:60627 - R:localhost/127.0.0.1:64434]
08:34:32.262 [Forwarding setTimeout on session 7f03c98c64e2728d0e7e29576886788a to remote] DEBUG org.asynchttpclient.netty.request.NettyRequestSender - Using pooled Channel '[id: 0x9e0f60d0, L:/127.0.0.1:60627 - R:localhost/127.0.0.1:64434]' for 'POST' to 'http://localhost:64434/session/7f03c98c64e2728d0e7e29576886788a/timeouts'
08:34:32.262 [Forwarding setTimeout on session 7f03c98c64e2728d0e7e29576886788a to remote] DEBUG org.asynchttpclient.netty.request.NettyRequestSender - Using open Channel [id: 0x9e0f60d0, L:/127.0.0.1:60627 - R:localhost/127.0.0.1:64434] for POST '/session/7f03c98c64e2728d0e7e29576886788a/timeouts'
08:34:32.264 [AsyncHttpClient-1-16] DEBUG org.asynchttpclient.netty.handler.HttpHandler - 

Request DefaultHttpRequest(decodeResult: success, version: HTTP/1.1)
POST /session/7f03c98c64e2728d0e7e29576886788a/timeouts HTTP/1.1
User-Agent: selenium/4.1.2 (java windows)
Content-Length: 22
Content-Type: application/json; charset=utf-8
host: localhost:64434
accept: */*

Response DefaultHttpResponse(decodeResult: success, version: HTTP/1.1)
HTTP/1.1 200 OK
Content-Type: application/json; charset=utf-8
cache-control: no-cache
content-length: 14

08:34:32.264 [AsyncHttpClient-1-16] DEBUG org.asynchttpclient.netty.channel.ChannelManager - Adding key: http://localhost:64434 for channel [id: 0x9e0f60d0, L:/127.0.0.1:60627 - R:localhost/127.0.0.1:64434]
08:34:32.267 [Forwarding getCurrentUrl on session 7f03c98c64e2728d0e7e29576886788a to remote] DEBUG org.asynchttpclient.netty.request.NettyRequestSender - Using pooled Channel '[id: 0x9e0f60d0, L:/127.0.0.1:60627 - R:localhost/127.0.0.1:64434]' for 'GET' to 'http://localhost:64434/session/7f03c98c64e2728d0e7e29576886788a/url'
08:34:32.267 [Forwarding getCurrentUrl on session 7f03c98c64e2728d0e7e29576886788a to remote] DEBUG org.asynchttpclient.netty.request.NettyRequestSender - Using open Channel [id: 0x9e0f60d0, L:/127.0.0.1:60627 - R:localhost/127.0.0.1:64434] for GET '/session/7f03c98c64e2728d0e7e29576886788a/url'
08:34:32.287 [AsyncHttpClient-1-16] DEBUG org.asynchttpclient.netty.handler.HttpHandler - 

Request DefaultFullHttpRequest(decodeResult: success, version: HTTP/1.1, content: EmptyByteBufBE)
GET /session/7f03c98c64e2728d0e7e29576886788a/url HTTP/1.1
User-Agent: selenium/4.1.2 (java windows)
Cache-Control: no-cache
Content-Type: application/json; charset=utf-8
host: localhost:64434
accept: */*

Response DefaultHttpResponse(decodeResult: success, version: HTTP/1.1)
HTTP/1.1 200 OK
Content-Type: application/json; charset=utf-8
cache-control: no-cache
content-length: 31

08:34:32.287 [AsyncHttpClient-1-16] DEBUG org.asynchttpclient.netty.channel.ChannelManager - Adding key: http://localhost:64434 for channel [id: 0x9e0f60d0, L:/127.0.0.1:60627 - R:localhost/127.0.0.1:64434]
  &amp#27;[32mGiven &amp#27;[0m&amp#27;[32mi am on home page&amp#27;[0m                    &amp#27;[90m# starter.stepdefinitions.orderStep.iAmOnHomePage()&amp#27;[0m
08:34:32.300 [Forwarding screenshot on session 7f03c98c64e2728d0e7e29576886788a to remote] DEBUG org.asynchttpclient.netty.request.NettyRequestSender - Using pooled Channel '[id: 0x9e0f60d0, L:/127.0.0.1:60627 - R:localhost/127.0.0.1:64434]' for 'GET' to 'http://localhost:64434/session/7f03c98c64e2728d0e7e29576886788a/screenshot'
08:34:32.301 [Forwarding screenshot on session 7f03c98c64e2728d0e7e29576886788a to remote] DEBUG org.asynchttpclient.netty.request.NettyRequestSender - Using open Channel [id: 0x9e0f60d0, L:/127.0.0.1:60627 - R:localhost/127.0.0.1:64434] for GET '/session/7f03c98c64e2728d0e7e29576886788a/screenshot'
08:34:32.571 [AsyncHttpClient-1-16] DEBUG org.asynchttpclient.netty.handler.HttpHandler - 

Request DefaultFullHttpRequest(decodeResult: success, version: HTTP/1.1, content: EmptyByteBufBE)
GET /session/7f03c98c64e2728d0e7e29576886788a/screenshot HTTP/1.1
User-Agent: selenium/4.1.2 (java windows)
Cache-Control: no-cache
Content-Type: application/json; charset=utf-8
host: localhost:64434
accept: */*

Response DefaultHttpResponse(decodeResult: success, version: HTTP/1.1)
HTTP/1.1 200 OK
Content-Type: application/json; charset=utf-8
cache-control: no-cache
content-length: 35996

08:34:32.572 [AsyncHttpClient-1-16] DEBUG org.asynchttpclient.netty.channel.ChannelManager - Adding key: http://localhost:64434 for channel [id: 0x9e0f60d0, L:/127.0.0.1:60627 - R:localhost/127.0.0.1:64434]
08:34:32.576 [main] DEBUG net.serenitybdd.core.photography.Darkroom - Send negative for processing for target\site\serenity\72897be4f63a8db76f67f99d381d07b849839a816f5657838005f1926e03a984.png
08:34:32.578 [Darkroom Processing Line] DEBUG net.serenitybdd.core.photography.DarkroomProcessingLine - Processing screenshot image in /var/screenshots/screenshot-3300732275315223750
08:34:32.578 [Darkroom Processing Line] DEBUG net.serenitybdd.core.photography.DarkroomProcessingLine - Saving screenshot to target\site\serenity\72897be4f63a8db76f67f99d381d07b849839a816f5657838005f1926e03a984.png
08:34:32.592 [Forwarding findElement on session 7f03c98c64e2728d0e7e29576886788a to remote] DEBUG org.asynchttpclient.netty.request.NettyRequestSender - Using pooled Channel '[id: 0x9e0f60d0, L:/127.0.0.1:60627 - R:localhost/127.0.0.1:64434]' for 'POST' to 'http://localhost:64434/session/7f03c98c64e2728d0e7e29576886788a/element'
08:34:32.593 [Forwarding findElement on session 7f03c98c64e2728d0e7e29576886788a to remote] DEBUG org.asynchttpclient.netty.request.NettyRequestSender - Using open Channel [id: 0x9e0f60d0, L:/127.0.0.1:60627 - R:localhost/127.0.0.1:64434] for POST '/session/7f03c98c64e2728d0e7e29576886788a/element'
08:34:32.728 [AsyncHttpClient-1-1] DEBUG org.asynchttpclient.netty.channel.DefaultChannelPool - Entry count for : http://localhost:60629 : 1
08:34:33.830 [AsyncHttpClient-1-1] DEBUG org.asynchttpclient.netty.channel.DefaultChannelPool - Entry count for : http://localhost:60629 : 1
08:34:34.398 [AsyncHttpClient-1-16] DEBUG org.asynchttpclient.netty.handler.HttpHandler - 

Request DefaultHttpRequest(decodeResult: success, version: HTTP/1.1)
POST /session/7f03c98c64e2728d0e7e29576886788a/element HTTP/1.1
User-Agent: selenium/4.1.2 (java windows)
Content-Length: 122
Content-Type: application/json; charset=utf-8
host: localhost:64434
accept: */*

Response DefaultHttpResponse(decodeResult: success, version: HTTP/1.1)
HTTP/1.1 200 OK
Content-Type: application/json; charset=utf-8
cache-control: no-cache
content-length: 88

08:34:34.398 [AsyncHttpClient-1-16] DEBUG org.asynchttpclient.netty.channel.ChannelManager - Adding key: http://localhost:64434 for channel [id: 0x9e0f60d0, L:/127.0.0.1:60627 - R:localhost/127.0.0.1:64434]
08:34:34.401 [Forwarding getElementTagName on session 7f03c98c64e2728d0e7e29576886788a to remote] DEBUG org.asynchttpclient.netty.request.NettyRequestSender - Using pooled Channel '[id: 0x9e0f60d0, L:/127.0.0.1:60627 - R:localhost/127.0.0.1:64434]' for 'GET' to 'http://localhost:64434/session/7f03c98c64e2728d0e7e29576886788a/element/22132d02-27f9-4cc5-b5b2-ae62a4293ab5/name'
08:34:34.401 [Forwarding getElementTagName on session 7f03c98c64e2728d0e7e29576886788a to remote] DEBUG org.asynchttpclient.netty.request.NettyRequestSender - Using open Channel [id: 0x9e0f60d0, L:/127.0.0.1:60627 - R:localhost/127.0.0.1:64434] for GET '/session/7f03c98c64e2728d0e7e29576886788a/element/22132d02-27f9-4cc5-b5b2-ae62a4293ab5/name'
08:34:34.410 [AsyncHttpClient-1-16] DEBUG org.asynchttpclient.netty.handler.HttpHandler - 

Request DefaultFullHttpRequest(decodeResult: success, version: HTTP/1.1, content: EmptyByteBufBE)
GET /session/7f03c98c64e2728d0e7e29576886788a/element/22132d02-27f9-4cc5-b5b2-ae62a4293ab5/name HTTP/1.1
User-Agent: selenium/4.1.2 (java windows)
Cache-Control: no-cache
Content-Type: application/json; charset=utf-8
host: localhost:64434
accept: */*

Response DefaultHttpResponse(decodeResult: success, version: HTTP/1.1)
HTTP/1.1 200 OK
Content-Type: application/json; charset=utf-8
cache-control: no-cache
content-length: 16

08:34:34.410 [AsyncHttpClient-1-16] DEBUG org.asynchttpclient.netty.channel.ChannelManager - Adding key: http://localhost:64434 for channel [id: 0x9e0f60d0, L:/127.0.0.1:60627 - R:localhost/127.0.0.1:64434]
08:34:34.412 [Forwarding getElementTagName on session 7f03c98c64e2728d0e7e29576886788a to remote] DEBUG org.asynchttpclient.netty.request.NettyRequestSender - Using pooled Channel '[id: 0x9e0f60d0, L:/127.0.0.1:60627 - R:localhost/127.0.0.1:64434]' for 'GET' to 'http://localhost:64434/session/7f03c98c64e2728d0e7e29576886788a/element/22132d02-27f9-4cc5-b5b2-ae62a4293ab5/name'
08:34:34.412 [Forwarding getElementTagName on session 7f03c98c64e2728d0e7e29576886788a to remote] DEBUG org.asynchttpclient.netty.request.NettyRequestSender - Using open Channel [id: 0x9e0f60d0, L:/127.0.0.1:60627 - R:localhost/127.0.0.1:64434] for GET '/session/7f03c98c64e2728d0e7e29576886788a/element/22132d02-27f9-4cc5-b5b2-ae62a4293ab5/name'
08:34:34.419 [AsyncHttpClient-1-16] DEBUG org.asynchttpclient.netty.handler.HttpHandler - 

Request DefaultFullHttpRequest(decodeResult: success, version: HTTP/1.1, content: EmptyByteBufBE)
GET /session/7f03c98c64e2728d0e7e29576886788a/element/22132d02-27f9-4cc5-b5b2-ae62a4293ab5/name HTTP/1.1
User-Agent: selenium/4.1.2 (java windows)
Cache-Control: no-cache
Content-Type: application/json; charset=utf-8
host: localhost:64434
accept: */*

Response DefaultHttpResponse(decodeResult: success, version: HTTP/1.1)
HTTP/1.1 200 OK
Content-Type: application/json; charset=utf-8
cache-control: no-cache
content-length: 16

08:34:34.419 [AsyncHttpClient-1-16] DEBUG org.asynchttpclient.netty.channel.ChannelManager - Adding key: http://localhost:64434 for channel [id: 0x9e0f60d0, L:/127.0.0.1:60627 - R:localhost/127.0.0.1:64434]
08:34:34.422 [Forwarding findElement on session 7f03c98c64e2728d0e7e29576886788a to remote] DEBUG org.asynchttpclient.netty.request.NettyRequestSender - Using pooled Channel '[id: 0x9e0f60d0, L:/127.0.0.1:60627 - R:localhost/127.0.0.1:64434]' for 'POST' to 'http://localhost:64434/session/7f03c98c64e2728d0e7e29576886788a/element'
08:34:34.422 [Forwarding findElement on session 7f03c98c64e2728d0e7e29576886788a to remote] DEBUG org.asynchttpclient.netty.request.NettyRequestSender - Using open Channel [id: 0x9e0f60d0, L:/127.0.0.1:60627 - R:localhost/127.0.0.1:64434] for POST '/session/7f03c98c64e2728d0e7e29576886788a/element'
08:34:34.442 [AsyncHttpClient-1-16] DEBUG org.asynchttpclient.netty.handler.HttpHandler - 

Request DefaultHttpRequest(decodeResult: success, version: HTTP/1.1)
POST /session/7f03c98c64e2728d0e7e29576886788a/element HTTP/1.1
User-Agent: selenium/4.1.2 (java windows)
Content-Length: 122
Content-Type: application/json; charset=utf-8
host: localhost:64434
accept: */*

Response DefaultHttpResponse(decodeResult: success, version: HTTP/1.1)
HTTP/1.1 200 OK
Content-Type: application/json; charset=utf-8
cache-control: no-cache
content-length: 88

08:34:34.442 [AsyncHttpClient-1-16] DEBUG org.asynchttpclient.netty.channel.ChannelManager - Adding key: http://localhost:64434 for channel [id: 0x9e0f60d0, L:/127.0.0.1:60627 - R:localhost/127.0.0.1:64434]
08:34:34.444 [Forwarding clickElement on session 7f03c98c64e2728d0e7e29576886788a to remote] DEBUG org.asynchttpclient.netty.request.NettyRequestSender - Using pooled Channel '[id: 0x9e0f60d0, L:/127.0.0.1:60627 - R:localhost/127.0.0.1:64434]' for 'POST' to 'http://localhost:64434/session/7f03c98c64e2728d0e7e29576886788a/element/22132d02-27f9-4cc5-b5b2-ae62a4293ab5/click'
08:34:34.445 [Forwarding clickElement on session 7f03c98c64e2728d0e7e29576886788a to remote] DEBUG org.asynchttpclient.netty.request.NettyRequestSender - Using open Channel [id: 0x9e0f60d0, L:/127.0.0.1:60627 - R:localhost/127.0.0.1:64434] for POST '/session/7f03c98c64e2728d0e7e29576886788a/element/22132d02-27f9-4cc5-b5b2-ae62a4293ab5/click'
08:34:34.571 [AsyncHttpClient-1-16] DEBUG org.asynchttpclient.netty.handler.HttpHandler - 

Request DefaultHttpRequest(decodeResult: success, version: HTTP/1.1)
POST /session/7f03c98c64e2728d0e7e29576886788a/element/22132d02-27f9-4cc5-b5b2-ae62a4293ab5/click HTTP/1.1
User-Agent: selenium/4.1.2 (java windows)
Content-Length: 50
Content-Type: application/json; charset=utf-8
host: localhost:64434
accept: */*

Response DefaultHttpResponse(decodeResult: success, version: HTTP/1.1)
HTTP/1.1 200 OK
Content-Type: application/json; charset=utf-8
cache-control: no-cache
content-length: 14

08:34:34.571 [AsyncHttpClient-1-16] DEBUG org.asynchttpclient.netty.channel.ChannelManager - Adding key: http://localhost:64434 for channel [id: 0x9e0f60d0, L:/127.0.0.1:60627 - R:localhost/127.0.0.1:64434]
08:34:34.582 [Forwarding findElement on session 7f03c98c64e2728d0e7e29576886788a to remote] DEBUG org.asynchttpclient.netty.request.NettyRequestSender - Using pooled Channel '[id: 0x9e0f60d0, L:/127.0.0.1:60627 - R:localhost/127.0.0.1:64434]' for 'POST' to 'http://localhost:64434/session/7f03c98c64e2728d0e7e29576886788a/element'
08:34:34.582 [Forwarding findElement on session 7f03c98c64e2728d0e7e29576886788a to remote] DEBUG org.asynchttpclient.netty.request.NettyRequestSender - Using open Channel [id: 0x9e0f60d0, L:/127.0.0.1:60627 - R:localhost/127.0.0.1:64434] for POST '/session/7f03c98c64e2728d0e7e29576886788a/element'
08:34:34.615 [AsyncHttpClient-1-16] DEBUG org.asynchttpclient.netty.handler.HttpHandler - 

Request DefaultHttpRequest(decodeResult: success, version: HTTP/1.1)
POST /session/7f03c98c64e2728d0e7e29576886788a/element HTTP/1.1
User-Agent: selenium/4.1.2 (java windows)
Content-Length: 122
Content-Type: application/json; charset=utf-8
host: localhost:64434
accept: */*

Response DefaultHttpResponse(decodeResult: success, version: HTTP/1.1)
HTTP/1.1 200 OK
Content-Type: application/json; charset=utf-8
cache-control: no-cache
content-length: 88

08:34:34.615 [AsyncHttpClient-1-16] DEBUG org.asynchttpclient.netty.channel.ChannelManager - Adding key: http://localhost:64434 for channel [id: 0x9e0f60d0, L:/127.0.0.1:60627 - R:localhost/127.0.0.1:64434]
08:34:34.618 [Forwarding getElementTagName on session 7f03c98c64e2728d0e7e29576886788a to remote] DEBUG org.asynchttpclient.netty.request.NettyRequestSender - Using pooled Channel '[id: 0x9e0f60d0, L:/127.0.0.1:60627 - R:localhost/127.0.0.1:64434]' for 'GET' to 'http://localhost:64434/session/7f03c98c64e2728d0e7e29576886788a/element/22132d02-27f9-4cc5-b5b2-ae62a4293ab5/name'
08:34:34.618 [Forwarding getElementTagName on session 7f03c98c64e2728d0e7e29576886788a to remote] DEBUG org.asynchttpclient.netty.request.NettyRequestSender - Using open Channel [id: 0x9e0f60d0, L:/127.0.0.1:60627 - R:localhost/127.0.0.1:64434] for GET '/session/7f03c98c64e2728d0e7e29576886788a/element/22132d02-27f9-4cc5-b5b2-ae62a4293ab5/name'
08:34:34.625 [AsyncHttpClient-1-16] DEBUG org.asynchttpclient.netty.handler.HttpHandler - 

Request DefaultFullHttpRequest(decodeResult: success, version: HTTP/1.1, content: EmptyByteBufBE)
GET /session/7f03c98c64e2728d0e7e29576886788a/element/22132d02-27f9-4cc5-b5b2-ae62a4293ab5/name HTTP/1.1
User-Agent: selenium/4.1.2 (java windows)
Cache-Control: no-cache
Content-Type: application/json; charset=utf-8
host: localhost:64434
accept: */*

Response DefaultHttpResponse(decodeResult: success, version: HTTP/1.1)
HTTP/1.1 200 OK
Content-Type: application/json; charset=utf-8
cache-control: no-cache
content-length: 16

08:34:34.625 [AsyncHttpClient-1-16] DEBUG org.asynchttpclient.netty.channel.ChannelManager - Adding key: http://localhost:64434 for channel [id: 0x9e0f60d0, L:/127.0.0.1:60627 - R:localhost/127.0.0.1:64434]
08:34:34.628 [Forwarding getElementTagName on session 7f03c98c64e2728d0e7e29576886788a to remote] DEBUG org.asynchttpclient.netty.request.NettyRequestSender - Using pooled Channel '[id: 0x9e0f60d0, L:/127.0.0.1:60627 - R:localhost/127.0.0.1:64434]' for 'GET' to 'http://localhost:64434/session/7f03c98c64e2728d0e7e29576886788a/element/22132d02-27f9-4cc5-b5b2-ae62a4293ab5/name'
08:34:34.628 [Forwarding getElementTagName on session 7f03c98c64e2728d0e7e29576886788a to remote] DEBUG org.asynchttpclient.netty.request.NettyRequestSender - Using open Channel [id: 0x9e0f60d0, L:/127.0.0.1:60627 - R:localhost/127.0.0.1:64434] for GET '/session/7f03c98c64e2728d0e7e29576886788a/element/22132d02-27f9-4cc5-b5b2-ae62a4293ab5/name'
08:34:34.635 [AsyncHttpClient-1-16] DEBUG org.asynchttpclient.netty.handler.HttpHandler - 

Request DefaultFullHttpRequest(decodeResult: success, version: HTTP/1.1, content: EmptyByteBufBE)
GET /session/7f03c98c64e2728d0e7e29576886788a/element/22132d02-27f9-4cc5-b5b2-ae62a4293ab5/name HTTP/1.1
User-Agent: selenium/4.1.2 (java windows)
Cache-Control: no-cache
Content-Type: application/json; charset=utf-8
host: localhost:64434
accept: */*

Response DefaultHttpResponse(decodeResult: success, version: HTTP/1.1)
HTTP/1.1 200 OK
Content-Type: application/json; charset=utf-8
cache-control: no-cache
content-length: 16

08:34:34.635 [AsyncHttpClient-1-16] DEBUG org.asynchttpclient.netty.channel.ChannelManager - Adding key: http://localhost:64434 for channel [id: 0x9e0f60d0, L:/127.0.0.1:60627 - R:localhost/127.0.0.1:64434]
08:34:34.638 [Forwarding findElement on session 7f03c98c64e2728d0e7e29576886788a to remote] DEBUG org.asynchttpclient.netty.request.NettyRequestSender - Using pooled Channel '[id: 0x9e0f60d0, L:/127.0.0.1:60627 - R:localhost/127.0.0.1:64434]' for 'POST' to 'http://localhost:64434/session/7f03c98c64e2728d0e7e29576886788a/element'
08:34:34.639 [Forwarding findElement on session 7f03c98c64e2728d0e7e29576886788a to remote] DEBUG org.asynchttpclient.netty.request.NettyRequestSender - Using open Channel [id: 0x9e0f60d0, L:/127.0.0.1:60627 - R:localhost/127.0.0.1:64434] for POST '/session/7f03c98c64e2728d0e7e29576886788a/element'
08:34:34.668 [AsyncHttpClient-1-16] DEBUG org.asynchttpclient.netty.handler.HttpHandler - 

Request DefaultHttpRequest(decodeResult: success, version: HTTP/1.1)
POST /session/7f03c98c64e2728d0e7e29576886788a/element HTTP/1.1
User-Agent: selenium/4.1.2 (java windows)
Content-Length: 122
Content-Type: application/json; charset=utf-8
host: localhost:64434
accept: */*

Response DefaultHttpResponse(decodeResult: success, version: HTTP/1.1)
HTTP/1.1 200 OK
Content-Type: application/json; charset=utf-8
cache-control: no-cache
content-length: 88

08:34:34.668 [AsyncHttpClient-1-16] DEBUG org.asynchttpclient.netty.channel.ChannelManager - Adding key: http://localhost:64434 for channel [id: 0x9e0f60d0, L:/127.0.0.1:60627 - R:localhost/127.0.0.1:64434]
08:34:34.671 [Forwarding clickElement on session 7f03c98c64e2728d0e7e29576886788a to remote] DEBUG org.asynchttpclient.netty.request.NettyRequestSender - Using pooled Channel '[id: 0x9e0f60d0, L:/127.0.0.1:60627 - R:localhost/127.0.0.1:64434]' for 'POST' to 'http://localhost:64434/session/7f03c98c64e2728d0e7e29576886788a/element/22132d02-27f9-4cc5-b5b2-ae62a4293ab5/click'
08:34:34.671 [Forwarding clickElement on session 7f03c98c64e2728d0e7e29576886788a to remote] DEBUG org.asynchttpclient.netty.request.NettyRequestSender - Using open Channel [id: 0x9e0f60d0, L:/127.0.0.1:60627 - R:localhost/127.0.0.1:64434] for POST '/session/7f03c98c64e2728d0e7e29576886788a/element/22132d02-27f9-4cc5-b5b2-ae62a4293ab5/click'
08:34:34.810 [AsyncHttpClient-1-16] DEBUG org.asynchttpclient.netty.handler.HttpHandler - 

Request DefaultHttpRequest(decodeResult: success, version: HTTP/1.1)
POST /session/7f03c98c64e2728d0e7e29576886788a/element/22132d02-27f9-4cc5-b5b2-ae62a4293ab5/click HTTP/1.1
User-Agent: selenium/4.1.2 (java windows)
Content-Length: 50
Content-Type: application/json; charset=utf-8
host: localhost:64434
accept: */*

Response DefaultHttpResponse(decodeResult: success, version: HTTP/1.1)
HTTP/1.1 200 OK
Content-Type: application/json; charset=utf-8
cache-control: no-cache
content-length: 14

08:34:34.810 [AsyncHttpClient-1-16] DEBUG org.asynchttpclient.netty.channel.ChannelManager - Adding key: http://localhost:64434 for channel [id: 0x9e0f60d0, L:/127.0.0.1:60627 - R:localhost/127.0.0.1:64434]
08:34:34.821 [Forwarding findElement on session 7f03c98c64e2728d0e7e29576886788a to remote] DEBUG org.asynchttpclient.netty.request.NettyRequestSender - Using pooled Channel '[id: 0x9e0f60d0, L:/127.0.0.1:60627 - R:localhost/127.0.0.1:64434]' for 'POST' to 'http://localhost:64434/session/7f03c98c64e2728d0e7e29576886788a/element'
08:34:34.822 [Forwarding findElement on session 7f03c98c64e2728d0e7e29576886788a to remote] DEBUG org.asynchttpclient.netty.request.NettyRequestSender - Using open Channel [id: 0x9e0f60d0, L:/127.0.0.1:60627 - R:localhost/127.0.0.1:64434] for POST '/session/7f03c98c64e2728d0e7e29576886788a/element'
08:34:34.852 [AsyncHttpClient-1-16] DEBUG org.asynchttpclient.netty.handler.HttpHandler - 

Request DefaultHttpRequest(decodeResult: success, version: HTTP/1.1)
POST /session/7f03c98c64e2728d0e7e29576886788a/element HTTP/1.1
User-Agent: selenium/4.1.2 (java windows)
Content-Length: 122
Content-Type: application/json; charset=utf-8
host: localhost:64434
accept: */*

Response DefaultHttpResponse(decodeResult: success, version: HTTP/1.1)
HTTP/1.1 200 OK
Content-Type: application/json; charset=utf-8
cache-control: no-cache
content-length: 88

08:34:34.853 [AsyncHttpClient-1-16] DEBUG org.asynchttpclient.netty.channel.ChannelManager - Adding key: http://localhost:64434 for channel [id: 0x9e0f60d0, L:/127.0.0.1:60627 - R:localhost/127.0.0.1:64434]
08:34:34.855 [Forwarding getElementTagName on session 7f03c98c64e2728d0e7e29576886788a to remote] DEBUG org.asynchttpclient.netty.request.NettyRequestSender - Using pooled Channel '[id: 0x9e0f60d0, L:/127.0.0.1:60627 - R:localhost/127.0.0.1:64434]' for 'GET' to 'http://localhost:64434/session/7f03c98c64e2728d0e7e29576886788a/element/22132d02-27f9-4cc5-b5b2-ae62a4293ab5/name'
08:34:34.856 [Forwarding getElementTagName on session 7f03c98c64e2728d0e7e29576886788a to remote] DEBUG org.asynchttpclient.netty.request.NettyRequestSender - Using open Channel [id: 0x9e0f60d0, L:/127.0.0.1:60627 - R:localhost/127.0.0.1:64434] for GET '/session/7f03c98c64e2728d0e7e29576886788a/element/22132d02-27f9-4cc5-b5b2-ae62a4293ab5/name'
08:34:34.870 [AsyncHttpClient-1-16] DEBUG org.asynchttpclient.netty.handler.HttpHandler - 

Request DefaultFullHttpRequest(decodeResult: success, version: HTTP/1.1, content: EmptyByteBufBE)
GET /session/7f03c98c64e2728d0e7e29576886788a/element/22132d02-27f9-4cc5-b5b2-ae62a4293ab5/name HTTP/1.1
User-Agent: selenium/4.1.2 (java windows)
Cache-Control: no-cache
Content-Type: application/json; charset=utf-8
host: localhost:64434
accept: */*

Response DefaultHttpResponse(decodeResult: success, version: HTTP/1.1)
HTTP/1.1 200 OK
Content-Type: application/json; charset=utf-8
cache-control: no-cache
content-length: 16

08:34:34.870 [AsyncHttpClient-1-16] DEBUG org.asynchttpclient.netty.channel.ChannelManager - Adding key: http://localhost:64434 for channel [id: 0x9e0f60d0, L:/127.0.0.1:60627 - R:localhost/127.0.0.1:64434]
08:34:34.873 [Forwarding getElementTagName on session 7f03c98c64e2728d0e7e29576886788a to remote] DEBUG org.asynchttpclient.netty.request.NettyRequestSender - Using pooled Channel '[id: 0x9e0f60d0, L:/127.0.0.1:60627 - R:localhost/127.0.0.1:64434]' for 'GET' to 'http://localhost:64434/session/7f03c98c64e2728d0e7e29576886788a/element/22132d02-27f9-4cc5-b5b2-ae62a4293ab5/name'
08:34:34.873 [Forwarding getElementTagName on session 7f03c98c64e2728d0e7e29576886788a to remote] DEBUG org.asynchttpclient.netty.request.NettyRequestSender - Using open Channel [id: 0x9e0f60d0, L:/127.0.0.1:60627 - R:localhost/127.0.0.1:64434] for GET '/session/7f03c98c64e2728d0e7e29576886788a/element/22132d02-27f9-4cc5-b5b2-ae62a4293ab5/name'
08:34:34.921 [AsyncHttpClient-1-16] DEBUG org.asynchttpclient.netty.handler.HttpHandler - 

Request DefaultFullHttpRequest(decodeResult: success, version: HTTP/1.1, content: EmptyByteBufBE)
GET /session/7f03c98c64e2728d0e7e29576886788a/element/22132d02-27f9-4cc5-b5b2-ae62a4293ab5/name HTTP/1.1
User-Agent: selenium/4.1.2 (java windows)
Cache-Control: no-cache
Content-Type: application/json; charset=utf-8
host: localhost:64434
accept: */*

Response DefaultHttpResponse(decodeResult: success, version: HTTP/1.1)
HTTP/1.1 200 OK
Content-Type: application/json; charset=utf-8
cache-control: no-cache
content-length: 16

08:34:34.921 [AsyncHttpClient-1-16] DEBUG org.asynchttpclient.netty.channel.ChannelManager - Adding key: http://localhost:64434 for channel [id: 0x9e0f60d0, L:/127.0.0.1:60627 - R:localhost/127.0.0.1:64434]
08:34:34.926 [Forwarding findElement on session 7f03c98c64e2728d0e7e29576886788a to remote] DEBUG org.asynchttpclient.netty.request.NettyRequestSender - Using pooled Channel '[id: 0x9e0f60d0, L:/127.0.0.1:60627 - R:localhost/127.0.0.1:64434]' for 'POST' to 'http://localhost:64434/session/7f03c98c64e2728d0e7e29576886788a/element'
08:34:34.926 [Forwarding findElement on session 7f03c98c64e2728d0e7e29576886788a to remote] DEBUG org.asynchttpclient.netty.request.NettyRequestSender - Using open Channel [id: 0x9e0f60d0, L:/127.0.0.1:60627 - R:localhost/127.0.0.1:64434] for POST '/session/7f03c98c64e2728d0e7e29576886788a/element'
08:34:34.928 [AsyncHttpClient-1-1] DEBUG org.asynchttpclient.netty.channel.DefaultChannelPool - Entry count for : http://localhost:60629 : 1
08:34:34.963 [AsyncHttpClient-1-16] DEBUG org.asynchttpclient.netty.handler.HttpHandler - 

Request DefaultHttpRequest(decodeResult: success, version: HTTP/1.1)
POST /session/7f03c98c64e2728d0e7e29576886788a/element HTTP/1.1
User-Agent: selenium/4.1.2 (java windows)
Content-Length: 122
Content-Type: application/json; charset=utf-8
host: localhost:64434
accept: */*

Response DefaultHttpResponse(decodeResult: success, version: HTTP/1.1)
HTTP/1.1 200 OK
Content-Type: application/json; charset=utf-8
cache-control: no-cache
content-length: 88

08:34:34.963 [AsyncHttpClient-1-16] DEBUG org.asynchttpclient.netty.channel.ChannelManager - Adding key: http://localhost:64434 for channel [id: 0x9e0f60d0, L:/127.0.0.1:60627 - R:localhost/127.0.0.1:64434]
08:34:34.967 [Forwarding clickElement on session 7f03c98c64e2728d0e7e29576886788a to remote] DEBUG org.asynchttpclient.netty.request.NettyRequestSender - Using pooled Channel '[id: 0x9e0f60d0, L:/127.0.0.1:60627 - R:localhost/127.0.0.1:64434]' for 'POST' to 'http://localhost:64434/session/7f03c98c64e2728d0e7e29576886788a/element/22132d02-27f9-4cc5-b5b2-ae62a4293ab5/click'
08:34:34.967 [Forwarding clickElement on session 7f03c98c64e2728d0e7e29576886788a to remote] DEBUG org.asynchttpclient.netty.request.NettyRequestSender - Using open Channel [id: 0x9e0f60d0, L:/127.0.0.1:60627 - R:localhost/127.0.0.1:64434] for POST '/session/7f03c98c64e2728d0e7e29576886788a/element/22132d02-27f9-4cc5-b5b2-ae62a4293ab5/click'
08:34:35.095 [AsyncHttpClient-1-16] DEBUG org.asynchttpclient.netty.handler.HttpHandler - 

Request DefaultHttpRequest(decodeResult: success, version: HTTP/1.1)
POST /session/7f03c98c64e2728d0e7e29576886788a/element/22132d02-27f9-4cc5-b5b2-ae62a4293ab5/click HTTP/1.1
User-Agent: selenium/4.1.2 (java windows)
Content-Length: 50
Content-Type: application/json; charset=utf-8
host: localhost:64434
accept: */*

Response DefaultHttpResponse(decodeResult: success, version: HTTP/1.1)
HTTP/1.1 200 OK
Content-Type: application/json; charset=utf-8
cache-control: no-cache
content-length: 14

08:34:35.096 [AsyncHttpClient-1-16] DEBUG org.asynchttpclient.netty.channel.ChannelManager - Adding key: http://localhost:64434 for channel [id: 0x9e0f60d0, L:/127.0.0.1:60627 - R:localhost/127.0.0.1:64434]
  &amp#27;[32mWhen &amp#27;[0m&amp#27;[32mi click beli more than once&amp#27;[0m           &amp#27;[90m# starter.stepdefinitions.orderStep.iClickBeliMoreThanOnce()&amp#27;[0m
08:34:35.107 [Forwarding screenshot on session 7f03c98c64e2728d0e7e29576886788a to remote] DEBUG org.asynchttpclient.netty.request.NettyRequestSender - Using pooled Channel '[id: 0x9e0f60d0, L:/127.0.0.1:60627 - R:localhost/127.0.0.1:64434]' for 'GET' to 'http://localhost:64434/session/7f03c98c64e2728d0e7e29576886788a/screenshot'
08:34:35.107 [Forwarding screenshot on session 7f03c98c64e2728d0e7e29576886788a to remote] DEBUG org.asynchttpclient.netty.request.NettyRequestSender - Using open Channel [id: 0x9e0f60d0, L:/127.0.0.1:60627 - R:localhost/127.0.0.1:64434] for GET '/session/7f03c98c64e2728d0e7e29576886788a/screenshot'
08:34:35.357 [AsyncHttpClient-1-16] DEBUG org.asynchttpclient.netty.handler.HttpHandler - 

Request DefaultFullHttpRequest(decodeResult: success, version: HTTP/1.1, content: EmptyByteBufBE)
GET /session/7f03c98c64e2728d0e7e29576886788a/screenshot HTTP/1.1
User-Agent: selenium/4.1.2 (java windows)
Cache-Control: no-cache
Content-Type: application/json; charset=utf-8
host: localhost:64434
accept: */*

Response DefaultHttpResponse(decodeResult: success, version: HTTP/1.1)
HTTP/1.1 200 OK
Content-Type: application/json; charset=utf-8
cache-control: no-cache
content-length: 76136

08:34:35.358 [AsyncHttpClient-1-16] DEBUG org.asynchttpclient.netty.channel.ChannelManager - Adding key: http://localhost:64434 for channel [id: 0x9e0f60d0, L:/127.0.0.1:60627 - R:localhost/127.0.0.1:64434]
08:34:35.364 [main] DEBUG net.serenitybdd.core.photography.Darkroom - Send negative for processing for target\site\serenity\f6556fb404b4083a601cedfaf14c4e21730ad747c4a6709e53c6f174cdcfacae.png
08:34:35.364 [Darkroom Processing Line] DEBUG net.serenitybdd.core.photography.DarkroomProcessingLine - Processing screenshot image in /var/screenshots/screenshot-10382852101596548450
08:34:35.364 [Darkroom Processing Line] DEBUG net.serenitybdd.core.photography.DarkroomProcessingLine - Saving screenshot to target\site\serenity\f6556fb404b4083a601cedfaf14c4e21730ad747c4a6709e53c6f174cdcfacae.png
08:34:35.375 [Forwarding findElement on session 7f03c98c64e2728d0e7e29576886788a to remote] DEBUG org.asynchttpclient.netty.request.NettyRequestSender - Using pooled Channel '[id: 0x9e0f60d0, L:/127.0.0.1:60627 - R:localhost/127.0.0.1:64434]' for 'POST' to 'http://localhost:64434/session/7f03c98c64e2728d0e7e29576886788a/element'
08:34:35.375 [Forwarding findElement on session 7f03c98c64e2728d0e7e29576886788a to remote] DEBUG org.asynchttpclient.netty.request.NettyRequestSender - Using open Channel [id: 0x9e0f60d0, L:/127.0.0.1:60627 - R:localhost/127.0.0.1:64434] for POST '/session/7f03c98c64e2728d0e7e29576886788a/element'
08:34:35.401 [AsyncHttpClient-1-16] DEBUG org.asynchttpclient.netty.handler.HttpHandler - 

Request DefaultHttpRequest(decodeResult: success, version: HTTP/1.1)
POST /session/7f03c98c64e2728d0e7e29576886788a/element HTTP/1.1
User-Agent: selenium/4.1.2 (java windows)
Content-Length: 265
Content-Type: application/json; charset=utf-8
host: localhost:64434
accept: */*

Response DefaultHttpResponse(decodeResult: success, version: HTTP/1.1)
HTTP/1.1 200 OK
Content-Type: application/json; charset=utf-8
cache-control: no-cache
content-length: 88

08:34:35.401 [AsyncHttpClient-1-16] DEBUG org.asynchttpclient.netty.channel.ChannelManager - Adding key: http://localhost:64434 for channel [id: 0x9e0f60d0, L:/127.0.0.1:60627 - R:localhost/127.0.0.1:64434]
08:34:35.403 [Forwarding getElementTagName on session 7f03c98c64e2728d0e7e29576886788a to remote] DEBUG org.asynchttpclient.netty.request.NettyRequestSender - Using pooled Channel '[id: 0x9e0f60d0, L:/127.0.0.1:60627 - R:localhost/127.0.0.1:64434]' for 'GET' to 'http://localhost:64434/session/7f03c98c64e2728d0e7e29576886788a/element/7185d08e-2b28-4d3e-ad32-a587a5fc9f0d/name'
08:34:35.404 [Forwarding getElementTagName on session 7f03c98c64e2728d0e7e29576886788a to remote] DEBUG org.asynchttpclient.netty.request.NettyRequestSender - Using open Channel [id: 0x9e0f60d0, L:/127.0.0.1:60627 - R:localhost/127.0.0.1:64434] for GET '/session/7f03c98c64e2728d0e7e29576886788a/element/7185d08e-2b28-4d3e-ad32-a587a5fc9f0d/name'
08:34:35.413 [AsyncHttpClient-1-16] DEBUG org.asynchttpclient.netty.handler.HttpHandler - 

Request DefaultFullHttpRequest(decodeResult: success, version: HTTP/1.1, content: EmptyByteBufBE)
GET /session/7f03c98c64e2728d0e7e29576886788a/element/7185d08e-2b28-4d3e-ad32-a587a5fc9f0d/name HTTP/1.1
User-Agent: selenium/4.1.2 (java windows)
Cache-Control: no-cache
Content-Type: application/json; charset=utf-8
host: localhost:64434
accept: */*

Response DefaultHttpResponse(decodeResult: success, version: HTTP/1.1)
HTTP/1.1 200 OK
Content-Type: application/json; charset=utf-8
cache-control: no-cache
content-length: 13

08:34:35.413 [AsyncHttpClient-1-16] DEBUG org.asynchttpclient.netty.channel.ChannelManager - Adding key: http://localhost:64434 for channel [id: 0x9e0f60d0, L:/127.0.0.1:60627 - R:localhost/127.0.0.1:64434]
08:34:35.416 [Forwarding getElementTagName on session 7f03c98c64e2728d0e7e29576886788a to remote] DEBUG org.asynchttpclient.netty.request.NettyRequestSender - Using pooled Channel '[id: 0x9e0f60d0, L:/127.0.0.1:60627 - R:localhost/127.0.0.1:64434]' for 'GET' to 'http://localhost:64434/session/7f03c98c64e2728d0e7e29576886788a/element/7185d08e-2b28-4d3e-ad32-a587a5fc9f0d/name'
08:34:35.416 [Forwarding getElementTagName on session 7f03c98c64e2728d0e7e29576886788a to remote] DEBUG org.asynchttpclient.netty.request.NettyRequestSender - Using open Channel [id: 0x9e0f60d0, L:/127.0.0.1:60627 - R:localhost/127.0.0.1:64434] for GET '/session/7f03c98c64e2728d0e7e29576886788a/element/7185d08e-2b28-4d3e-ad32-a587a5fc9f0d/name'
08:34:35.422 [AsyncHttpClient-1-16] DEBUG org.asynchttpclient.netty.handler.HttpHandler - 

Request DefaultFullHttpRequest(decodeResult: success, version: HTTP/1.1, content: EmptyByteBufBE)
GET /session/7f03c98c64e2728d0e7e29576886788a/element/7185d08e-2b28-4d3e-ad32-a587a5fc9f0d/name HTTP/1.1
User-Agent: selenium/4.1.2 (java windows)
Cache-Control: no-cache
Content-Type: application/json; charset=utf-8
host: localhost:64434
accept: */*

Response DefaultHttpResponse(decodeResult: success, version: HTTP/1.1)
HTTP/1.1 200 OK
Content-Type: application/json; charset=utf-8
cache-control: no-cache
content-length: 13

08:34:35.422 [AsyncHttpClient-1-16] DEBUG org.asynchttpclient.netty.channel.ChannelManager - Adding key: http://localhost:64434 for channel [id: 0x9e0f60d0, L:/127.0.0.1:60627 - R:localhost/127.0.0.1:64434]
08:34:35.426 [Forwarding findElement on session 7f03c98c64e2728d0e7e29576886788a to remote] DEBUG org.asynchttpclient.netty.request.NettyRequestSender - Using pooled Channel '[id: 0x9e0f60d0, L:/127.0.0.1:60627 - R:localhost/127.0.0.1:64434]' for 'POST' to 'http://localhost:64434/session/7f03c98c64e2728d0e7e29576886788a/element'
08:34:35.426 [Forwarding findElement on session 7f03c98c64e2728d0e7e29576886788a to remote] DEBUG org.asynchttpclient.netty.request.NettyRequestSender - Using open Channel [id: 0x9e0f60d0, L:/127.0.0.1:60627 - R:localhost/127.0.0.1:64434] for POST '/session/7f03c98c64e2728d0e7e29576886788a/element'
08:34:35.447 [AsyncHttpClient-1-16] DEBUG org.asynchttpclient.netty.handler.HttpHandler - 

Request DefaultHttpRequest(decodeResult: success, version: HTTP/1.1)
POST /session/7f03c98c64e2728d0e7e29576886788a/element HTTP/1.1
User-Agent: selenium/4.1.2 (java windows)
Content-Length: 265
Content-Type: application/json; charset=utf-8
host: localhost:64434
accept: */*

Response DefaultHttpResponse(decodeResult: success, version: HTTP/1.1)
HTTP/1.1 200 OK
Content-Type: application/json; charset=utf-8
cache-control: no-cache
content-length: 88

08:34:35.448 [AsyncHttpClient-1-16] DEBUG org.asynchttpclient.netty.channel.ChannelManager - Adding key: http://localhost:64434 for channel [id: 0x9e0f60d0, L:/127.0.0.1:60627 - R:localhost/127.0.0.1:64434]
08:34:35.450 [Forwarding clickElement on session 7f03c98c64e2728d0e7e29576886788a to remote] DEBUG org.asynchttpclient.netty.request.NettyRequestSender - Using pooled Channel '[id: 0x9e0f60d0, L:/127.0.0.1:60627 - R:localhost/127.0.0.1:64434]' for 'POST' to 'http://localhost:64434/session/7f03c98c64e2728d0e7e29576886788a/element/7185d08e-2b28-4d3e-ad32-a587a5fc9f0d/click'
08:34:35.450 [Forwarding clickElement on session 7f03c98c64e2728d0e7e29576886788a to remote] DEBUG org.asynchttpclient.netty.request.NettyRequestSender - Using open Channel [id: 0x9e0f60d0, L:/127.0.0.1:60627 - R:localhost/127.0.0.1:64434] for POST '/session/7f03c98c64e2728d0e7e29576886788a/element/7185d08e-2b28-4d3e-ad32-a587a5fc9f0d/click'
08:34:35.538 [AsyncHttpClient-1-16] DEBUG org.asynchttpclient.netty.handler.HttpHandler - 

Request DefaultHttpRequest(decodeResult: success, version: HTTP/1.1)
POST /session/7f03c98c64e2728d0e7e29576886788a/element/7185d08e-2b28-4d3e-ad32-a587a5fc9f0d/click HTTP/1.1
User-Agent: selenium/4.1.2 (java windows)
Content-Length: 50
Content-Type: application/json; charset=utf-8
host: localhost:64434
accept: */*

Response DefaultHttpResponse(decodeResult: success, version: HTTP/1.1)
HTTP/1.1 200 OK
Content-Type: application/json; charset=utf-8
cache-control: no-cache
content-length: 14

08:34:35.538 [AsyncHttpClient-1-16] DEBUG org.asynchttpclient.netty.channel.ChannelManager - Adding key: http://localhost:64434 for channel [id: 0x9e0f60d0, L:/127.0.0.1:60627 - R:localhost/127.0.0.1:64434]
  &amp#27;[32mAnd &amp#27;[0m&amp#27;[32mi click my cart&amp#27;[0m                        &amp#27;[90m# starter.stepdefinitions.orderStep.iClickMyCart()&amp#27;[0m
08:34:35.552 [Forwarding screenshot on session 7f03c98c64e2728d0e7e29576886788a to remote] DEBUG org.asynchttpclient.netty.request.NettyRequestSender - Using pooled Channel '[id: 0x9e0f60d0, L:/127.0.0.1:60627 - R:localhost/127.0.0.1:64434]' for 'GET' to 'http://localhost:64434/session/7f03c98c64e2728d0e7e29576886788a/screenshot'
08:34:35.553 [Forwarding screenshot on session 7f03c98c64e2728d0e7e29576886788a to remote] DEBUG org.asynchttpclient.netty.request.NettyRequestSender - Using open Channel [id: 0x9e0f60d0, L:/127.0.0.1:60627 - R:localhost/127.0.0.1:64434] for GET '/session/7f03c98c64e2728d0e7e29576886788a/screenshot'
08:34:36.029 [AsyncHttpClient-1-1] DEBUG org.asynchttpclient.netty.channel.DefaultChannelPool - Entry count for : http://localhost:60629 : 1
08:34:36.118 [AsyncHttpClient-1-16] DEBUG org.asynchttpclient.netty.handler.HttpHandler - 

Request DefaultFullHttpRequest(decodeResult: success, version: HTTP/1.1, content: EmptyByteBufBE)
GET /session/7f03c98c64e2728d0e7e29576886788a/screenshot HTTP/1.1
User-Agent: selenium/4.1.2 (java windows)
Cache-Control: no-cache
Content-Type: application/json; charset=utf-8
host: localhost:64434
accept: */*

Response DefaultHttpResponse(decodeResult: success, version: HTTP/1.1)
HTTP/1.1 200 OK
Content-Type: application/json; charset=utf-8
cache-control: no-cache
content-length: 52088

08:34:36.119 [AsyncHttpClient-1-16] DEBUG org.asynchttpclient.netty.channel.ChannelManager - Adding key: http://localhost:64434 for channel [id: 0x9e0f60d0, L:/127.0.0.1:60627 - R:localhost/127.0.0.1:64434]
08:34:36.121 [main] DEBUG net.serenitybdd.core.photography.Darkroom - Send negative for processing for target\site\serenity\770a244aedb8d975ffa6c8b4876f746d2d3d5a0709410b3d50e46b973b2268d2.png
08:34:36.122 [Darkroom Processing Line] DEBUG net.serenitybdd.core.photography.DarkroomProcessingLine - Processing screenshot image in /var/screenshots/screenshot-3227924138533338592
08:34:36.122 [Darkroom Processing Line] DEBUG net.serenitybdd.core.photography.DarkroomProcessingLine - Saving screenshot to target\site\serenity\770a244aedb8d975ffa6c8b4876f746d2d3d5a0709410b3d50e46b973b2268d2.png
08:34:36.134 [Forwarding findElement on session 7f03c98c64e2728d0e7e29576886788a to remote] DEBUG org.asynchttpclient.netty.request.NettyRequestSender - Using pooled Channel '[id: 0x9e0f60d0, L:/127.0.0.1:60627 - R:localhost/127.0.0.1:64434]' for 'POST' to 'http://localhost:64434/session/7f03c98c64e2728d0e7e29576886788a/element'
08:34:36.134 [Forwarding findElement on session 7f03c98c64e2728d0e7e29576886788a to remote] DEBUG org.asynchttpclient.netty.request.NettyRequestSender - Using open Channel [id: 0x9e0f60d0, L:/127.0.0.1:60627 - R:localhost/127.0.0.1:64434] for POST '/session/7f03c98c64e2728d0e7e29576886788a/element'
08:34:36.152 [AsyncHttpClient-1-16] DEBUG org.asynchttpclient.netty.handler.HttpHandler - 

Request DefaultHttpRequest(decodeResult: success, version: HTTP/1.1)
POST /session/7f03c98c64e2728d0e7e29576886788a/element HTTP/1.1
User-Agent: selenium/4.1.2 (java windows)
Content-Length: 68
Content-Type: application/json; charset=utf-8
host: localhost:64434
accept: */*

Response DefaultHttpResponse(decodeResult: success, version: HTTP/1.1)
HTTP/1.1 200 OK
Content-Type: application/json; charset=utf-8
cache-control: no-cache
content-length: 88

08:34:36.152 [AsyncHttpClient-1-16] DEBUG org.asynchttpclient.netty.channel.ChannelManager - Adding key: http://localhost:64434 for channel [id: 0x9e0f60d0, L:/127.0.0.1:60627 - R:localhost/127.0.0.1:64434]
08:34:36.153 [Forwarding getElementTagName on session 7f03c98c64e2728d0e7e29576886788a to remote] DEBUG org.asynchttpclient.netty.request.NettyRequestSender - Using pooled Channel '[id: 0x9e0f60d0, L:/127.0.0.1:60627 - R:localhost/127.0.0.1:64434]' for 'GET' to 'http://localhost:64434/session/7f03c98c64e2728d0e7e29576886788a/element/5efc7a28-30aa-4a88-af91-91586c42ce6e/name'
08:34:36.153 [Forwarding getElementTagName on session 7f03c98c64e2728d0e7e29576886788a to remote] DEBUG org.asynchttpclient.netty.request.NettyRequestSender - Using open Channel [id: 0x9e0f60d0, L:/127.0.0.1:60627 - R:localhost/127.0.0.1:64434] for GET '/session/7f03c98c64e2728d0e7e29576886788a/element/5efc7a28-30aa-4a88-af91-91586c42ce6e/name'
08:34:36.161 [AsyncHttpClient-1-16] DEBUG org.asynchttpclient.netty.handler.HttpHandler - 

Request DefaultFullHttpRequest(decodeResult: success, version: HTTP/1.1, content: EmptyByteBufBE)
GET /session/7f03c98c64e2728d0e7e29576886788a/element/5efc7a28-30aa-4a88-af91-91586c42ce6e/name HTTP/1.1
User-Agent: selenium/4.1.2 (java windows)
Cache-Control: no-cache
Content-Type: application/json; charset=utf-8
host: localhost:64434
accept: */*

Response DefaultHttpResponse(decodeResult: success, version: HTTP/1.1)
HTTP/1.1 200 OK
Content-Type: application/json; charset=utf-8
cache-control: no-cache
content-length: 18

08:34:36.161 [AsyncHttpClient-1-16] DEBUG org.asynchttpclient.netty.channel.ChannelManager - Adding key: http://localhost:64434 for channel [id: 0x9e0f60d0, L:/127.0.0.1:60627 - R:localhost/127.0.0.1:64434]
08:34:36.163 [Forwarding getElementTagName on session 7f03c98c64e2728d0e7e29576886788a to remote] DEBUG org.asynchttpclient.netty.request.NettyRequestSender - Using pooled Channel '[id: 0x9e0f60d0, L:/127.0.0.1:60627 - R:localhost/127.0.0.1:64434]' for 'GET' to 'http://localhost:64434/session/7f03c98c64e2728d0e7e29576886788a/element/5efc7a28-30aa-4a88-af91-91586c42ce6e/name'
08:34:36.163 [Forwarding getElementTagName on session 7f03c98c64e2728d0e7e29576886788a to remote] DEBUG org.asynchttpclient.netty.request.NettyRequestSender - Using open Channel [id: 0x9e0f60d0, L:/127.0.0.1:60627 - R:localhost/127.0.0.1:64434] for GET '/session/7f03c98c64e2728d0e7e29576886788a/element/5efc7a28-30aa-4a88-af91-91586c42ce6e/name'
08:34:36.169 [AsyncHttpClient-1-16] DEBUG org.asynchttpclient.netty.handler.HttpHandler - 

Request DefaultFullHttpRequest(decodeResult: success, version: HTTP/1.1, content: EmptyByteBufBE)
GET /session/7f03c98c64e2728d0e7e29576886788a/element/5efc7a28-30aa-4a88-af91-91586c42ce6e/name HTTP/1.1
User-Agent: selenium/4.1.2 (java windows)
Cache-Control: no-cache
Content-Type: application/json; charset=utf-8
host: localhost:64434
accept: */*

Response DefaultHttpResponse(decodeResult: success, version: HTTP/1.1)
HTTP/1.1 200 OK
Content-Type: application/json; charset=utf-8
cache-control: no-cache
content-length: 18

08:34:36.169 [AsyncHttpClient-1-16] DEBUG org.asynchttpclient.netty.channel.ChannelManager - Adding key: http://localhost:64434 for channel [id: 0x9e0f60d0, L:/127.0.0.1:60627 - R:localhost/127.0.0.1:64434]
08:34:36.171 [Forwarding isElementEnabled on session 7f03c98c64e2728d0e7e29576886788a to remote] DEBUG org.asynchttpclient.netty.request.NettyRequestSender - Using pooled Channel '[id: 0x9e0f60d0, L:/127.0.0.1:60627 - R:localhost/127.0.0.1:64434]' for 'GET' to 'http://localhost:64434/session/7f03c98c64e2728d0e7e29576886788a/element/5efc7a28-30aa-4a88-af91-91586c42ce6e/enabled'
08:34:36.171 [Forwarding isElementEnabled on session 7f03c98c64e2728d0e7e29576886788a to remote] DEBUG org.asynchttpclient.netty.request.NettyRequestSender - Using open Channel [id: 0x9e0f60d0, L:/127.0.0.1:60627 - R:localhost/127.0.0.1:64434] for GET '/session/7f03c98c64e2728d0e7e29576886788a/element/5efc7a28-30aa-4a88-af91-91586c42ce6e/enabled'
08:34:36.186 [AsyncHttpClient-1-16] DEBUG org.asynchttpclient.netty.handler.HttpHandler - 

Request DefaultFullHttpRequest(decodeResult: success, version: HTTP/1.1, content: EmptyByteBufBE)
GET /session/7f03c98c64e2728d0e7e29576886788a/element/5efc7a28-30aa-4a88-af91-91586c42ce6e/enabled HTTP/1.1
User-Agent: selenium/4.1.2 (java windows)
Cache-Control: no-cache
Content-Type: application/json; charset=utf-8
host: localhost:64434
accept: */*

Response DefaultHttpResponse(decodeResult: success, version: HTTP/1.1)
HTTP/1.1 200 OK
Content-Type: application/json; charset=utf-8
cache-control: no-cache
content-length: 14

08:34:36.186 [AsyncHttpClient-1-16] DEBUG org.asynchttpclient.netty.channel.ChannelManager - Adding key: http://localhost:64434 for channel [id: 0x9e0f60d0, L:/127.0.0.1:60627 - R:localhost/127.0.0.1:64434]
08:34:36.188 [Forwarding isElementEnabled on session 7f03c98c64e2728d0e7e29576886788a to remote] DEBUG org.asynchttpclient.netty.request.NettyRequestSender - Using pooled Channel '[id: 0x9e0f60d0, L:/127.0.0.1:60627 - R:localhost/127.0.0.1:64434]' for 'GET' to 'http://localhost:64434/session/7f03c98c64e2728d0e7e29576886788a/element/5efc7a28-30aa-4a88-af91-91586c42ce6e/enabled'
08:34:36.189 [Forwarding isElementEnabled on session 7f03c98c64e2728d0e7e29576886788a to remote] DEBUG org.asynchttpclient.netty.request.NettyRequestSender - Using open Channel [id: 0x9e0f60d0, L:/127.0.0.1:60627 - R:localhost/127.0.0.1:64434] for GET '/session/7f03c98c64e2728d0e7e29576886788a/element/5efc7a28-30aa-4a88-af91-91586c42ce6e/enabled'
08:34:36.197 [AsyncHttpClient-1-16] DEBUG org.asynchttpclient.netty.handler.HttpHandler - 

Request DefaultFullHttpRequest(decodeResult: success, version: HTTP/1.1, content: EmptyByteBufBE)
GET /session/7f03c98c64e2728d0e7e29576886788a/element/5efc7a28-30aa-4a88-af91-91586c42ce6e/enabled HTTP/1.1
User-Agent: selenium/4.1.2 (java windows)
Cache-Control: no-cache
Content-Type: application/json; charset=utf-8
host: localhost:64434
accept: */*

Response DefaultHttpResponse(decodeResult: success, version: HTTP/1.1)
HTTP/1.1 200 OK
Content-Type: application/json; charset=utf-8
cache-control: no-cache
content-length: 14

08:34:36.198 [AsyncHttpClient-1-16] DEBUG org.asynchttpclient.netty.channel.ChannelManager - Adding key: http://localhost:64434 for channel [id: 0x9e0f60d0, L:/127.0.0.1:60627 - R:localhost/127.0.0.1:64434]
08:34:36.201 [Forwarding findElement on session 7f03c98c64e2728d0e7e29576886788a to remote] DEBUG org.asynchttpclient.netty.request.NettyRequestSender - Using pooled Channel '[id: 0x9e0f60d0, L:/127.0.0.1:60627 - R:localhost/127.0.0.1:64434]' for 'POST' to 'http://localhost:64434/session/7f03c98c64e2728d0e7e29576886788a/element'
08:34:36.201 [Forwarding findElement on session 7f03c98c64e2728d0e7e29576886788a to remote] DEBUG org.asynchttpclient.netty.request.NettyRequestSender - Using open Channel [id: 0x9e0f60d0, L:/127.0.0.1:60627 - R:localhost/127.0.0.1:64434] for POST '/session/7f03c98c64e2728d0e7e29576886788a/element'
08:34:36.214 [AsyncHttpClient-1-16] DEBUG org.asynchttpclient.netty.handler.HttpHandler - 

Request DefaultHttpRequest(decodeResult: success, version: HTTP/1.1)
POST /session/7f03c98c64e2728d0e7e29576886788a/element HTTP/1.1
User-Agent: selenium/4.1.2 (java windows)
Content-Length: 68
Content-Type: application/json; charset=utf-8
host: localhost:64434
accept: */*

Response DefaultHttpResponse(decodeResult: success, version: HTTP/1.1)
HTTP/1.1 200 OK
Content-Type: application/json; charset=utf-8
cache-control: no-cache
content-length: 88

08:34:36.214 [AsyncHttpClient-1-16] DEBUG org.asynchttpclient.netty.channel.ChannelManager - Adding key: http://localhost:64434 for channel [id: 0x9e0f60d0, L:/127.0.0.1:60627 - R:localhost/127.0.0.1:64434]
08:34:36.216 [Forwarding clickElement on session 7f03c98c64e2728d0e7e29576886788a to remote] DEBUG org.asynchttpclient.netty.request.NettyRequestSender - Using pooled Channel '[id: 0x9e0f60d0, L:/127.0.0.1:60627 - R:localhost/127.0.0.1:64434]' for 'POST' to 'http://localhost:64434/session/7f03c98c64e2728d0e7e29576886788a/element/5efc7a28-30aa-4a88-af91-91586c42ce6e/click'
08:34:36.216 [Forwarding clickElement on session 7f03c98c64e2728d0e7e29576886788a to remote] DEBUG org.asynchttpclient.netty.request.NettyRequestSender - Using open Channel [id: 0x9e0f60d0, L:/127.0.0.1:60627 - R:localhost/127.0.0.1:64434] for POST '/session/7f03c98c64e2728d0e7e29576886788a/element/5efc7a28-30aa-4a88-af91-91586c42ce6e/click'
08:34:36.274 [AsyncHttpClient-1-16] DEBUG org.asynchttpclient.netty.handler.HttpHandler - 

Request DefaultHttpRequest(decodeResult: success, version: HTTP/1.1)
POST /session/7f03c98c64e2728d0e7e29576886788a/element/5efc7a28-30aa-4a88-af91-91586c42ce6e/click HTTP/1.1
User-Agent: selenium/4.1.2 (java windows)
Content-Length: 50
Content-Type: application/json; charset=utf-8
host: localhost:64434
accept: */*

Response DefaultHttpResponse(decodeResult: success, version: HTTP/1.1)
HTTP/1.1 200 OK
Content-Type: application/json; charset=utf-8
cache-control: no-cache
content-length: 14

08:34:36.274 [AsyncHttpClient-1-16] DEBUG org.asynchttpclient.netty.channel.ChannelManager - Adding key: http://localhost:64434 for channel [id: 0x9e0f60d0, L:/127.0.0.1:60627 - R:localhost/127.0.0.1:64434]
08:34:36.282 [Forwarding findElement on session 7f03c98c64e2728d0e7e29576886788a to remote] DEBUG org.asynchttpclient.netty.request.NettyRequestSender - Using pooled Channel '[id: 0x9e0f60d0, L:/127.0.0.1:60627 - R:localhost/127.0.0.1:64434]' for 'POST' to 'http://localhost:64434/session/7f03c98c64e2728d0e7e29576886788a/element'
08:34:36.283 [Forwarding findElement on session 7f03c98c64e2728d0e7e29576886788a to remote] DEBUG org.asynchttpclient.netty.request.NettyRequestSender - Using open Channel [id: 0x9e0f60d0, L:/127.0.0.1:60627 - R:localhost/127.0.0.1:64434] for POST '/session/7f03c98c64e2728d0e7e29576886788a/element'
08:34:36.293 [AsyncHttpClient-1-16] DEBUG org.asynchttpclient.netty.handler.HttpHandler - 

Request DefaultHttpRequest(decodeResult: success, version: HTTP/1.1)
POST /session/7f03c98c64e2728d0e7e29576886788a/element HTTP/1.1
User-Agent: selenium/4.1.2 (java windows)
Content-Length: 68
Content-Type: application/json; charset=utf-8
host: localhost:64434
accept: */*

Response DefaultHttpResponse(decodeResult: success, version: HTTP/1.1)
HTTP/1.1 200 OK
Content-Type: application/json; charset=utf-8
cache-control: no-cache
content-length: 88

08:34:36.293 [AsyncHttpClient-1-16] DEBUG org.asynchttpclient.netty.channel.ChannelManager - Adding key: http://localhost:64434 for channel [id: 0x9e0f60d0, L:/127.0.0.1:60627 - R:localhost/127.0.0.1:64434]
08:34:36.295 [Forwarding getElementTagName on session 7f03c98c64e2728d0e7e29576886788a to remote] DEBUG org.asynchttpclient.netty.request.NettyRequestSender - Using pooled Channel '[id: 0x9e0f60d0, L:/127.0.0.1:60627 - R:localhost/127.0.0.1:64434]' for 'GET' to 'http://localhost:64434/session/7f03c98c64e2728d0e7e29576886788a/element/5efc7a28-30aa-4a88-af91-91586c42ce6e/name'
08:34:36.295 [Forwarding getElementTagName on session 7f03c98c64e2728d0e7e29576886788a to remote] DEBUG org.asynchttpclient.netty.request.NettyRequestSender - Using open Channel [id: 0x9e0f60d0, L:/127.0.0.1:60627 - R:localhost/127.0.0.1:64434] for GET '/session/7f03c98c64e2728d0e7e29576886788a/element/5efc7a28-30aa-4a88-af91-91586c42ce6e/name'
08:34:36.301 [AsyncHttpClient-1-16] DEBUG org.asynchttpclient.netty.handler.HttpHandler - 

Request DefaultFullHttpRequest(decodeResult: success, version: HTTP/1.1, content: EmptyByteBufBE)
GET /session/7f03c98c64e2728d0e7e29576886788a/element/5efc7a28-30aa-4a88-af91-91586c42ce6e/name HTTP/1.1
User-Agent: selenium/4.1.2 (java windows)
Cache-Control: no-cache
Content-Type: application/json; charset=utf-8
host: localhost:64434
accept: */*

Response DefaultHttpResponse(decodeResult: success, version: HTTP/1.1)
HTTP/1.1 200 OK
Content-Type: application/json; charset=utf-8
cache-control: no-cache
content-length: 18

08:34:36.302 [AsyncHttpClient-1-16] DEBUG org.asynchttpclient.netty.channel.ChannelManager - Adding key: http://localhost:64434 for channel [id: 0x9e0f60d0, L:/127.0.0.1:60627 - R:localhost/127.0.0.1:64434]
08:34:36.304 [Forwarding getElementTagName on session 7f03c98c64e2728d0e7e29576886788a to remote] DEBUG org.asynchttpclient.netty.request.NettyRequestSender - Using pooled Channel '[id: 0x9e0f60d0, L:/127.0.0.1:60627 - R:localhost/127.0.0.1:64434]' for 'GET' to 'http://localhost:64434/session/7f03c98c64e2728d0e7e29576886788a/element/5efc7a28-30aa-4a88-af91-91586c42ce6e/name'
08:34:36.304 [Forwarding getElementTagName on session 7f03c98c64e2728d0e7e29576886788a to remote] DEBUG org.asynchttpclient.netty.request.NettyRequestSender - Using open Channel [id: 0x9e0f60d0, L:/127.0.0.1:60627 - R:localhost/127.0.0.1:64434] for GET '/session/7f03c98c64e2728d0e7e29576886788a/element/5efc7a28-30aa-4a88-af91-91586c42ce6e/name'
08:34:36.310 [AsyncHttpClient-1-16] DEBUG org.asynchttpclient.netty.handler.HttpHandler - 

Request DefaultFullHttpRequest(decodeResult: success, version: HTTP/1.1, content: EmptyByteBufBE)
GET /session/7f03c98c64e2728d0e7e29576886788a/element/5efc7a28-30aa-4a88-af91-91586c42ce6e/name HTTP/1.1
User-Agent: selenium/4.1.2 (java windows)
Cache-Control: no-cache
Content-Type: application/json; charset=utf-8
host: localhost:64434
accept: */*

Response DefaultHttpResponse(decodeResult: success, version: HTTP/1.1)
HTTP/1.1 200 OK
Content-Type: application/json; charset=utf-8
cache-control: no-cache
content-length: 18

08:34:36.310 [AsyncHttpClient-1-16] DEBUG org.asynchttpclient.netty.channel.ChannelManager - Adding key: http://localhost:64434 for channel [id: 0x9e0f60d0, L:/127.0.0.1:60627 - R:localhost/127.0.0.1:64434]
08:34:36.314 [Forwarding isElementEnabled on session 7f03c98c64e2728d0e7e29576886788a to remote] DEBUG org.asynchttpclient.netty.request.NettyRequestSender - Using pooled Channel '[id: 0x9e0f60d0, L:/127.0.0.1:60627 - R:localhost/127.0.0.1:64434]' for 'GET' to 'http://localhost:64434/session/7f03c98c64e2728d0e7e29576886788a/element/5efc7a28-30aa-4a88-af91-91586c42ce6e/enabled'
08:34:36.314 [Forwarding isElementEnabled on session 7f03c98c64e2728d0e7e29576886788a to remote] DEBUG org.asynchttpclient.netty.request.NettyRequestSender - Using open Channel [id: 0x9e0f60d0, L:/127.0.0.1:60627 - R:localhost/127.0.0.1:64434] for GET '/session/7f03c98c64e2728d0e7e29576886788a/element/5efc7a28-30aa-4a88-af91-91586c42ce6e/enabled'
08:34:36.323 [AsyncHttpClient-1-16] DEBUG org.asynchttpclient.netty.handler.HttpHandler - 

Request DefaultFullHttpRequest(decodeResult: success, version: HTTP/1.1, content: EmptyByteBufBE)
GET /session/7f03c98c64e2728d0e7e29576886788a/element/5efc7a28-30aa-4a88-af91-91586c42ce6e/enabled HTTP/1.1
User-Agent: selenium/4.1.2 (java windows)
Cache-Control: no-cache
Content-Type: application/json; charset=utf-8
host: localhost:64434
accept: */*

Response DefaultHttpResponse(decodeResult: success, version: HTTP/1.1)
HTTP/1.1 200 OK
Content-Type: application/json; charset=utf-8
cache-control: no-cache
content-length: 14

08:34:36.323 [AsyncHttpClient-1-16] DEBUG org.asynchttpclient.netty.channel.ChannelManager - Adding key: http://localhost:64434 for channel [id: 0x9e0f60d0, L:/127.0.0.1:60627 - R:localhost/127.0.0.1:64434]
08:34:36.325 [Forwarding isElementEnabled on session 7f03c98c64e2728d0e7e29576886788a to remote] DEBUG org.asynchttpclient.netty.request.NettyRequestSender - Using pooled Channel '[id: 0x9e0f60d0, L:/127.0.0.1:60627 - R:localhost/127.0.0.1:64434]' for 'GET' to 'http://localhost:64434/session/7f03c98c64e2728d0e7e29576886788a/element/5efc7a28-30aa-4a88-af91-91586c42ce6e/enabled'
08:34:36.325 [Forwarding isElementEnabled on session 7f03c98c64e2728d0e7e29576886788a to remote] DEBUG org.asynchttpclient.netty.request.NettyRequestSender - Using open Channel [id: 0x9e0f60d0, L:/127.0.0.1:60627 - R:localhost/127.0.0.1:64434] for GET '/session/7f03c98c64e2728d0e7e29576886788a/element/5efc7a28-30aa-4a88-af91-91586c42ce6e/enabled'
08:34:36.335 [AsyncHttpClient-1-16] DEBUG org.asynchttpclient.netty.handler.HttpHandler - 

Request DefaultFullHttpRequest(decodeResult: success, version: HTTP/1.1, content: EmptyByteBufBE)
GET /session/7f03c98c64e2728d0e7e29576886788a/element/5efc7a28-30aa-4a88-af91-91586c42ce6e/enabled HTTP/1.1
User-Agent: selenium/4.1.2 (java windows)
Cache-Control: no-cache
Content-Type: application/json; charset=utf-8
host: localhost:64434
accept: */*

Response DefaultHttpResponse(decodeResult: success, version: HTTP/1.1)
HTTP/1.1 200 OK
Content-Type: application/json; charset=utf-8
cache-control: no-cache
content-length: 14

08:34:36.335 [AsyncHttpClient-1-16] DEBUG org.asynchttpclient.netty.channel.ChannelManager - Adding key: http://localhost:64434 for channel [id: 0x9e0f60d0, L:/127.0.0.1:60627 - R:localhost/127.0.0.1:64434]
08:34:36.339 [Forwarding findElement on session 7f03c98c64e2728d0e7e29576886788a to remote] DEBUG org.asynchttpclient.netty.request.NettyRequestSender - Using pooled Channel '[id: 0x9e0f60d0, L:/127.0.0.1:60627 - R:localhost/127.0.0.1:64434]' for 'POST' to 'http://localhost:64434/session/7f03c98c64e2728d0e7e29576886788a/element'
08:34:36.339 [Forwarding findElement on session 7f03c98c64e2728d0e7e29576886788a to remote] DEBUG org.asynchttpclient.netty.request.NettyRequestSender - Using open Channel [id: 0x9e0f60d0, L:/127.0.0.1:60627 - R:localhost/127.0.0.1:64434] for POST '/session/7f03c98c64e2728d0e7e29576886788a/element'
08:34:36.351 [AsyncHttpClient-1-16] DEBUG org.asynchttpclient.netty.handler.HttpHandler - 

Request DefaultHttpRequest(decodeResult: success, version: HTTP/1.1)
POST /session/7f03c98c64e2728d0e7e29576886788a/element HTTP/1.1
User-Agent: selenium/4.1.2 (java windows)
Content-Length: 68
Content-Type: application/json; charset=utf-8
host: localhost:64434
accept: */*

Response DefaultHttpResponse(decodeResult: success, version: HTTP/1.1)
HTTP/1.1 200 OK
Content-Type: application/json; charset=utf-8
cache-control: no-cache
content-length: 88

08:34:36.352 [AsyncHttpClient-1-16] DEBUG org.asynchttpclient.netty.channel.ChannelManager - Adding key: http://localhost:64434 for channel [id: 0x9e0f60d0, L:/127.0.0.1:60627 - R:localhost/127.0.0.1:64434]
08:34:36.354 [Forwarding clickElement on session 7f03c98c64e2728d0e7e29576886788a to remote] DEBUG org.asynchttpclient.netty.request.NettyRequestSender - Using pooled Channel '[id: 0x9e0f60d0, L:/127.0.0.1:60627 - R:localhost/127.0.0.1:64434]' for 'POST' to 'http://localhost:64434/session/7f03c98c64e2728d0e7e29576886788a/element/5efc7a28-30aa-4a88-af91-91586c42ce6e/click'
08:34:36.354 [Forwarding clickElement on session 7f03c98c64e2728d0e7e29576886788a to remote] DEBUG org.asynchttpclient.netty.request.NettyRequestSender - Using open Channel [id: 0x9e0f60d0, L:/127.0.0.1:60627 - R:localhost/127.0.0.1:64434] for POST '/session/7f03c98c64e2728d0e7e29576886788a/element/5efc7a28-30aa-4a88-af91-91586c42ce6e/click'
08:34:36.398 [AsyncHttpClient-1-16] DEBUG org.asynchttpclient.netty.handler.HttpHandler - 

Request DefaultHttpRequest(decodeResult: success, version: HTTP/1.1)
POST /session/7f03c98c64e2728d0e7e29576886788a/element/5efc7a28-30aa-4a88-af91-91586c42ce6e/click HTTP/1.1
User-Agent: selenium/4.1.2 (java windows)
Content-Length: 50
Content-Type: application/json; charset=utf-8
host: localhost:64434
accept: */*

Response DefaultHttpResponse(decodeResult: success, version: HTTP/1.1)
HTTP/1.1 200 OK
Content-Type: application/json; charset=utf-8
cache-control: no-cache
content-length: 14

08:34:36.399 [AsyncHttpClient-1-16] DEBUG org.asynchttpclient.netty.channel.ChannelManager - Adding key: http://localhost:64434 for channel [id: 0x9e0f60d0, L:/127.0.0.1:60627 - R:localhost/127.0.0.1:64434]
  &amp#27;[32mAnd &amp#27;[0m&amp#27;[32mi click minus button&amp#27;[0m                   &amp#27;[90m# starter.stepdefinitions.orderStep.iClickMinusButton()&amp#27;[0m
08:34:36.407 [Forwarding screenshot on session 7f03c98c64e2728d0e7e29576886788a to remote] DEBUG org.asynchttpclient.netty.request.NettyRequestSender - Using pooled Channel '[id: 0x9e0f60d0, L:/127.0.0.1:60627 - R:localhost/127.0.0.1:64434]' for 'GET' to 'http://localhost:64434/session/7f03c98c64e2728d0e7e29576886788a/screenshot'
08:34:36.407 [Forwarding screenshot on session 7f03c98c64e2728d0e7e29576886788a to remote] DEBUG org.asynchttpclient.netty.request.NettyRequestSender - Using open Channel [id: 0x9e0f60d0, L:/127.0.0.1:60627 - R:localhost/127.0.0.1:64434] for GET '/session/7f03c98c64e2728d0e7e29576886788a/screenshot'
08:34:36.642 [AsyncHttpClient-1-16] DEBUG org.asynchttpclient.netty.handler.HttpHandler - 

Request DefaultFullHttpRequest(decodeResult: success, version: HTTP/1.1, content: EmptyByteBufBE)
GET /session/7f03c98c64e2728d0e7e29576886788a/screenshot HTTP/1.1
User-Agent: selenium/4.1.2 (java windows)
Cache-Control: no-cache
Content-Type: application/json; charset=utf-8
host: localhost:64434
accept: */*

Response DefaultHttpResponse(decodeResult: success, version: HTTP/1.1)
HTTP/1.1 200 OK
Content-Type: application/json; charset=utf-8
cache-control: no-cache
content-length: 49988

08:34:36.642 [AsyncHttpClient-1-16] DEBUG org.asynchttpclient.netty.channel.ChannelManager - Adding key: http://localhost:64434 for channel [id: 0x9e0f60d0, L:/127.0.0.1:60627 - R:localhost/127.0.0.1:64434]
08:34:36.646 [main] DEBUG net.serenitybdd.core.photography.Darkroom - Send negative for processing for target\site\serenity\f958e199067c94c4043b54a09d3146cae553eaba438e2be01cc83654960e88bf.png
08:34:36.647 [Darkroom Processing Line] DEBUG net.serenitybdd.core.photography.DarkroomProcessingLine - Processing screenshot image in /var/screenshots/screenshot-12737693166389544483
08:34:36.647 [Darkroom Processing Line] DEBUG net.serenitybdd.core.photography.DarkroomProcessingLine - Saving screenshot to target\site\serenity\f958e199067c94c4043b54a09d3146cae553eaba438e2be01cc83654960e88bf.png
08:34:36.657 [Forwarding findElement on session 7f03c98c64e2728d0e7e29576886788a to remote] DEBUG org.asynchttpclient.netty.request.NettyRequestSender - Using pooled Channel '[id: 0x9e0f60d0, L:/127.0.0.1:60627 - R:localhost/127.0.0.1:64434]' for 'POST' to 'http://localhost:64434/session/7f03c98c64e2728d0e7e29576886788a/element'
08:34:36.657 [Forwarding findElement on session 7f03c98c64e2728d0e7e29576886788a to remote] DEBUG org.asynchttpclient.netty.request.NettyRequestSender - Using open Channel [id: 0x9e0f60d0, L:/127.0.0.1:60627 - R:localhost/127.0.0.1:64434] for POST '/session/7f03c98c64e2728d0e7e29576886788a/element'
08:34:36.675 [AsyncHttpClient-1-16] DEBUG org.asynchttpclient.netty.handler.HttpHandler - 

Request DefaultHttpRequest(decodeResult: success, version: HTTP/1.1)
POST /session/7f03c98c64e2728d0e7e29576886788a/element HTTP/1.1
User-Agent: selenium/4.1.2 (java windows)
Content-Length: 69
Content-Type: application/json; charset=utf-8
host: localhost:64434
accept: */*

Response DefaultHttpResponse(decodeResult: success, version: HTTP/1.1)
HTTP/1.1 200 OK
Content-Type: application/json; charset=utf-8
cache-control: no-cache
content-length: 88

08:34:36.676 [AsyncHttpClient-1-16] DEBUG org.asynchttpclient.netty.channel.ChannelManager - Adding key: http://localhost:64434 for channel [id: 0x9e0f60d0, L:/127.0.0.1:60627 - R:localhost/127.0.0.1:64434]
08:34:36.678 [Forwarding getElementText on session 7f03c98c64e2728d0e7e29576886788a to remote] DEBUG org.asynchttpclient.netty.request.NettyRequestSender - Using pooled Channel '[id: 0x9e0f60d0, L:/127.0.0.1:60627 - R:localhost/127.0.0.1:64434]' for 'GET' to 'http://localhost:64434/session/7f03c98c64e2728d0e7e29576886788a/element/84013ed1-4e9c-4398-889d-497e3aebd50a/text'
08:34:36.678 [Forwarding getElementText on session 7f03c98c64e2728d0e7e29576886788a to remote] DEBUG org.asynchttpclient.netty.request.NettyRequestSender - Using open Channel [id: 0x9e0f60d0, L:/127.0.0.1:60627 - R:localhost/127.0.0.1:64434] for GET '/session/7f03c98c64e2728d0e7e29576886788a/element/84013ed1-4e9c-4398-889d-497e3aebd50a/text'
08:34:36.698 [AsyncHttpClient-1-16] DEBUG org.asynchttpclient.netty.handler.HttpHandler - 

Request DefaultFullHttpRequest(decodeResult: success, version: HTTP/1.1, content: EmptyByteBufBE)
GET /session/7f03c98c64e2728d0e7e29576886788a/element/84013ed1-4e9c-4398-889d-497e3aebd50a/text HTTP/1.1
User-Agent: selenium/4.1.2 (java windows)
Cache-Control: no-cache
Content-Type: application/json; charset=utf-8
host: localhost:64434
accept: */*

Response DefaultHttpResponse(decodeResult: success, version: HTTP/1.1)
HTTP/1.1 200 OK
Content-Type: application/json; charset=utf-8
cache-control: no-cache
content-length: 13

08:34:36.699 [AsyncHttpClient-1-16] DEBUG org.asynchttpclient.netty.channel.ChannelManager - Adding key: http://localhost:64434 for channel [id: 0x9e0f60d0, L:/127.0.0.1:60627 - R:localhost/127.0.0.1:64434]
berhasil!
  &amp#27;[32mThen &amp#27;[0m&amp#27;[32mi get the product as much as i reduce&amp#27;[0m &amp#27;[90m# starter.stepdefinitions.orderStep.iGetTheProductAsMuchAsIReduce()&amp#27;[0m
08:34:36.706 [Forwarding screenshot on session 7f03c98c64e2728d0e7e29576886788a to remote] DEBUG org.asynchttpclient.netty.request.NettyRequestSender - Using pooled Channel '[id: 0x9e0f60d0, L:/127.0.0.1:60627 - R:localhost/127.0.0.1:64434]' for 'GET' to 'http://localhost:64434/session/7f03c98c64e2728d0e7e29576886788a/screenshot'
08:34:36.706 [Forwarding screenshot on session 7f03c98c64e2728d0e7e29576886788a to remote] DEBUG org.asynchttpclient.netty.request.NettyRequestSender - Using open Channel [id: 0x9e0f60d0, L:/127.0.0.1:60627 - R:localhost/127.0.0.1:64434] for GET '/session/7f03c98c64e2728d0e7e29576886788a/screenshot'
08:34:36.936 [AsyncHttpClient-1-16] DEBUG org.asynchttpclient.netty.handler.HttpHandler - 

Request DefaultFullHttpRequest(decodeResult: success, version: HTTP/1.1, content: EmptyByteBufBE)
GET /session/7f03c98c64e2728d0e7e29576886788a/screenshot HTTP/1.1
User-Agent: selenium/4.1.2 (java windows)
Cache-Control: no-cache
Content-Type: application/json; charset=utf-8
host: localhost:64434
accept: */*

Response DefaultHttpResponse(decodeResult: success, version: HTTP/1.1)
HTTP/1.1 200 OK
Content-Type: application/json; charset=utf-8
cache-control: no-cache
content-length: 49300

08:34:36.937 [AsyncHttpClient-1-16] DEBUG org.asynchttpclient.netty.channel.ChannelManager - Adding key: http://localhost:64434 for channel [id: 0x9e0f60d0, L:/127.0.0.1:60627 - R:localhost/127.0.0.1:64434]
08:34:36.941 [main] DEBUG net.serenitybdd.core.photography.Darkroom - Send negative for processing for target\site\serenity\695a440e3d51f66034939508c6b71f40f4ab1d8b06ce0f19626c733b2e025872.png
08:34:36.942 [Darkroom Processing Line] DEBUG net.serenitybdd.core.photography.DarkroomProcessingLine - Processing screenshot image in /var/screenshots/screenshot-10279075730668260568
08:34:36.942 [Darkroom Processing Line] DEBUG net.serenitybdd.core.photography.DarkroomProcessingLine - Saving screenshot to target\site\serenity\695a440e3d51f66034939508c6b71f40f4ab1d8b06ce0f19626c733b2e025872.png
08:34:36.943 [main] INFO  - 
  _____   ___   ___   _____     ___     _     ___   ___   ___   ___  
 |_   _| | __| / __| |_   _|   | _ \   /_\   / __| / __| | __| |   \ 
   | |   | _|  \__ \   | |     |  _/  / _ \  \__ \ \__ \ | _|  | |) |
   |_|   |___| |___/   |_|     |_|   /_/ \_\ |___/ |___/ |___| |___/ 

reduce product on cart
----------------------------------------------------------------------
08:34:36.946 [AsyncHttpClient-1-2] DEBUG org.asynchttpclient.netty.handler.WebSocketHandler - Channel Closed: [id: 0x914eeed6, L:/127.0.0.1:60638 ! R:localhost/127.0.0.1:60629] with attribute NettyResponseFuture{currentRetry=5,
	isDone=1,
	isCancelled=0,
	asyncHandler=org.asynchttpclient.ws.WebSocketUpgradeHandler@3808c603,
	nettyRequest=org.asynchttpclient.netty.request.NettyRequest@58b7372d,
	future=java.util.concurrent.CompletableFuture@243285d6[Completed normally],
	uri=ws://localhost:60629/devtools/browser/e7201747-f8af-4ffb-813e-ed47eb145b14,
	keepAlive=true,
	redirectCount=0,
	timeoutsHolder=null,
	inAuth=0,
	touch=1652837667765}
08:34:36.947 [AsyncHttpClient-1-2] DEBUG org.asynchttpclient.netty.channel.ChannelManager - Closing Channel [id: 0x914eeed6, L:/127.0.0.1:60638 ! R:localhost/127.0.0.1:60629] 
08:34:36.948 [Driver Command Executor] DEBUG org.asynchttpclient.netty.request.NettyRequestSender - Using pooled Channel '[id: 0x9e0f60d0, L:/127.0.0.1:60627 - R:localhost/127.0.0.1:64434]' for 'DELETE' to 'http://localhost:64434/session/7f03c98c64e2728d0e7e29576886788a'
08:34:36.948 [Driver Command Executor] DEBUG org.asynchttpclient.netty.request.NettyRequestSender - Using open Channel [id: 0x9e0f60d0, L:/127.0.0.1:60627 - R:localhost/127.0.0.1:64434] for DELETE '/session/7f03c98c64e2728d0e7e29576886788a'
08:34:37.019 [AsyncHttpClient-1-17] DEBUG org.asynchttpclient.netty.handler.HttpHandler - Unexpected I/O exception on channel [id: 0x0e728703, L:/127.0.0.1:60637 - R:localhost/127.0.0.1:60629]
java.net.SocketException: Connection reset
	at java.base/sun.nio.ch.SocketChannelImpl.throwConnectionReset(SocketChannelImpl.java:367)
	at java.base/sun.nio.ch.SocketChannelImpl.read(SocketChannelImpl.java:398)
	at io.netty.buffer.PooledByteBuf.setBytes(PooledByteBuf.java:258)
	at io.netty.buffer.AbstractByteBuf.writeBytes(AbstractByteBuf.java:1132)
	at io.netty.channel.socket.nio.NioSocketChannel.doReadBytes(NioSocketChannel.java:350)
	at io.netty.channel.nio.AbstractNioByteChannel$NioByteUnsafe.read(AbstractNioByteChannel.java:151)
	at io.netty.channel.nio.NioEventLoop.processSelectedKey(NioEventLoop.java:722)
	at io.netty.channel.nio.NioEventLoop.processSelectedKeysOptimized(NioEventLoop.java:658)
	at io.netty.channel.nio.NioEventLoop.processSelectedKeys(NioEventLoop.java:584)
	at io.netty.channel.nio.NioEventLoop.run(NioEventLoop.java:496)
	at io.netty.util.concurrent.SingleThreadEventExecutor$4.run(SingleThreadEventExecutor.java:986)
	at io.netty.util.internal.ThreadExecutorMap$2.run(ThreadExecutorMap.java:74)
	at io.netty.util.concurrent.FastThreadLocalRunnable.run(FastThreadLocalRunnable.java:30)
	at java.base/java.lang.Thread.run(Thread.java:832)
08:34:37.020 [AsyncHttpClient-1-17] DEBUG org.asynchttpclient.netty.channel.ChannelManager - Closing Channel [id: 0x0e728703, L:/127.0.0.1:60637 - R:localhost/127.0.0.1:60629] 
08:34:37.020 [AsyncHttpClient-1-17] DEBUG org.asynchttpclient.netty.handler.HttpHandler - Channel Closed: [id: 0x0e728703, L:/127.0.0.1:60637 ! R:localhost/127.0.0.1:60629] with attribute DISCARD
08:34:37.073 [AsyncHttpClient-1-16] DEBUG org.asynchttpclient.netty.handler.HttpHandler - 

Request DefaultFullHttpRequest(decodeResult: success, version: HTTP/1.1, content: EmptyByteBufBE)
DELETE /session/7f03c98c64e2728d0e7e29576886788a HTTP/1.1
User-Agent: selenium/4.1.2 (java windows)
Content-Type: application/json; charset=utf-8
host: localhost:64434
accept: */*

Response DefaultHttpResponse(decodeResult: success, version: HTTP/1.1)
HTTP/1.1 200 OK
Content-Type: application/json; charset=utf-8
cache-control: no-cache
content-length: 14

08:34:37.074 [AsyncHttpClient-1-16] DEBUG org.asynchttpclient.netty.channel.ChannelManager - Adding key: http://localhost:64434 for channel [id: 0x9e0f60d0, L:/127.0.0.1:60627 - R:localhost/127.0.0.1:64434]
08:34:37.128 [AsyncHttpClient-1-1] DEBUG org.asynchttpclient.netty.channel.DefaultChannelPool - Entry count for : http://localhost:60629 : 1
08:34:37.128 [AsyncHttpClient-1-1] DEBUG org.asynchttpclient.netty.channel.DefaultChannelPool - Entry count for : http://localhost:64434 : 1
08:34:37.128 [AsyncHttpClient-1-1] DEBUG org.asynchttpclient.netty.channel.DefaultChannelPool - Adding Candidate expired Channel [id: 0x0e728703, L:/127.0.0.1:60637 ! R:localhost/127.0.0.1:60629] isIdleTimeoutExpired=false isRemotelyClosed=true isTtlExpired=false
08:34:37.128 [AsyncHttpClient-1-1] DEBUG org.asynchttpclient.netty.channel.DefaultChannelPool - Closing Idle Channel [id: 0x0e728703, L:/127.0.0.1:60637 ! R:localhost/127.0.0.1:60629]
08:34:37.129 [AsyncHttpClient-1-1] DEBUG org.asynchttpclient.netty.channel.DefaultChannelPool - Closed 1 connections out of 2 in 0 ms
08:34:37.259 [AsyncHttpClient-1-16] DEBUG org.asynchttpclient.netty.handler.HttpHandler - Channel Closed: [id: 0x9e0f60d0, L:/127.0.0.1:60627 ! R:localhost/127.0.0.1:64434] with attribute DISCARD
]]></system-out>
    <system-err><![CDATA[Starting ChromeDriver 101.0.4951.41 (93c720db8323b3ec10d056025ab95c23a31997c9-refs/branch-heads/4951@{#904}) on port 64434
Only local connections are allowed.
Please see https://chromedriver.chromium.org/security-considerations for suggestions on keeping ChromeDriver safe.
ChromeDriver was started successfully.
May 18, 2022 8:34:27 AM org.openqa.selenium.remote.ProtocolHandshake createSession
INFO: Detected dialect: W3C
May 18, 2022 8:34:27 AM org.openqa.selenium.devtools.CdpVersionFinder findNearestMatch
WARNING: Unable to find an exact match for CDP version 101, so returning the closest version found: 97
May 18, 2022 8:34:27 AM org.openqa.selenium.devtools.CdpVersionFinder findNearestMatch
INFO: Found CDP implementation for version 101 of 97
]]></system-err>
  </testcase>
  <testcase name="empty cart" classname="Order" time="10.076">
    <system-out><![CDATA[
@empty
Scenario: empty cart          &amp#27;[90m# src/test/resources/features/order.feature:31&amp#27;[0m
08:34:37.794 [main] INFO io.cucumber.core.plugin.SerenityReporter - Running feature from file:///D:/PERKULIAHAN/Semester%206,Hebatt%20glad!/Altera/QE_Gladys-Cindana-Asri-Pardosi/Mini-Project/Web/src/test/resources/features/order.feature
08:34:37.800 [main] INFO  - 
  _____   ___   ___   _____     ___   _____     _     ___   _____   ___   ___  
 |_   _| | __| / __| |_   _|   / __| |_   _|   /_\   | _ \ |_   _| | __| |   \ 
   | |   | _|  \__ \   | |     \__ \   | |    / _ \  |   /   | |   | _|  | |) |
   |_|   |___| |___/   |_|     |___/   |_|   /_/ \_\ |_|_\   |_|   |___| |___/ 

empty cart(order;empty-cart)
--------------------------------------------------------------------------------
08:34:37.813 [main] INFO net.serenitybdd.core.webdriver.driverproviders.ChromeDriverProvider - Using automatically driver download
08:34:37.970 [main] DEBUG io.github.bonigarcia.wdm.cache.ResolutionCache - Resolution chrome=101 in cache (valid until 09:23:35 18/05/2022 WIB)
08:34:37.976 [main] DEBUG io.github.bonigarcia.wdm.cache.ResolutionCache - Resolution chrome101=101.0.4951.41 in cache (valid until 18:48:44 18/05/2022 WIB)
08:34:37.979 [main] INFO io.github.bonigarcia.wdm.WebDriverManager - Using chromedriver 101.0.4951.41 (resolved driver for Chrome 101)
08:34:38.000 [main] DEBUG io.github.bonigarcia.wdm.WebDriverManager - Driver chromedriver 101.0.4951.41 found in cache
08:34:38.000 [main] INFO io.github.bonigarcia.wdm.WebDriverManager - Exporting webdriver.chrome.driver as C:\Users\ASUS\.cache\selenium\chromedriver\win32\101.0.4951.41\chromedriver.exe
08:34:38.159 [main] DEBUG net.serenitybdd.core.webdriver.driverproviders.ProvideNewDriver - Instantiating driver
08:34:38.159 [main] DEBUG net.serenitybdd.core.webdriver.driverproviders.ProvideNewDriver - Driver capabilities: Capabilities {acceptInsecureCerts: false, base.url: , browserName: chrome, goog:chromeOptions: {args: [], extensions: []}}
08:34:38.227 [AsyncHttpClient-1-1] DEBUG org.asynchttpclient.netty.channel.DefaultChannelPool - Entry count for : http://localhost:64434 : 1
08:34:38.227 [AsyncHttpClient-1-1] DEBUG org.asynchttpclient.netty.channel.DefaultChannelPool - Adding Candidate expired Channel [id: 0x9e0f60d0, L:/127.0.0.1:60627 ! R:localhost/127.0.0.1:64434] isIdleTimeoutExpired=false isRemotelyClosed=true isTtlExpired=false
08:34:38.227 [AsyncHttpClient-1-1] DEBUG org.asynchttpclient.netty.channel.DefaultChannelPool - Closing Idle Channel [id: 0x9e0f60d0, L:/127.0.0.1:60627 ! R:localhost/127.0.0.1:64434]
08:34:38.227 [AsyncHttpClient-1-1] DEBUG org.asynchttpclient.netty.channel.DefaultChannelPool - Closed 1 connections out of 1 in 0 ms
08:34:38.713 [AsyncHttpClient-1-3] DEBUG org.asynchttpclient.netty.channel.NettyConnectListener - Using new Channel '[id: 0x2100a889, L:/127.0.0.1:60671 - R:localhost/127.0.0.1:50373]' for 'POST' to '/session'
08:34:40.036 [AsyncHttpClient-1-3] DEBUG org.asynchttpclient.netty.handler.HttpHandler - 

Request DefaultHttpRequest(decodeResult: success, version: HTTP/1.1)
POST /session HTTP/1.1
User-Agent: selenium/4.1.2 (java windows)
Content-Length: 457
Content-Type: application/json; charset=utf-8
host: localhost:50373
accept: */*

Response DefaultHttpResponse(decodeResult: success, version: HTTP/1.1)
HTTP/1.1 200 OK
Content-Type: application/json; charset=utf-8
cache-control: no-cache
content-length: 788

08:34:40.037 [AsyncHttpClient-1-3] DEBUG org.asynchttpclient.netty.channel.ChannelManager - Adding key: http://localhost:50373 for channel [id: 0x2100a889, L:/127.0.0.1:60671 - R:localhost/127.0.0.1:50373]
08:34:40.054 [AsyncHttpClient-1-4] DEBUG org.asynchttpclient.netty.channel.NettyConnectListener - Using new Channel '[id: 0x9565b6c9, L:/127.0.0.1:60679 - R:localhost/127.0.0.1:60672]' for 'GET' to '/json/version'
08:34:40.056 [AsyncHttpClient-1-4] DEBUG org.asynchttpclient.netty.handler.HttpHandler - 

Request DefaultFullHttpRequest(decodeResult: success, version: HTTP/1.1, content: EmptyByteBufBE)
GET /json/version HTTP/1.1
User-Agent: selenium/4.1.2 (java windows)
host: localhost:60672
accept: */*

Response DefaultHttpResponse(decodeResult: success, version: HTTP/1.1)
HTTP/1.1 200 OK
Content-Type: application/json; charset=UTF-8
content-length: 427

08:34:40.056 [AsyncHttpClient-1-4] DEBUG org.asynchttpclient.netty.channel.ChannelManager - Adding key: http://localhost:60672 for channel [id: 0x9565b6c9, L:/127.0.0.1:60679 - R:localhost/127.0.0.1:60672]
08:34:40.061 [AsyncHttpClient-1-5] DEBUG org.asynchttpclient.netty.channel.NettyConnectListener - Using new Channel '[id: 0x45796c3b, L:/127.0.0.1:60680 - R:localhost/127.0.0.1:60672]' for 'GET' to '/devtools/browser/b7792c32-2315-4eeb-9093-1bf12dc77836'
08:34:40.063 [AsyncHttpClient-1-5] DEBUG org.asynchttpclient.netty.handler.WebSocketHandler - 

Request DefaultFullHttpRequest(decodeResult: success, version: HTTP/1.1, content: EmptyByteBufBE)
GET /devtools/browser/b7792c32-2315-4eeb-9093-1bf12dc77836 HTTP/1.1
upgrade: websocket
connection: upgrade
sec-websocket-key: CK4+jU327oGAltuMADNyew==
sec-websocket-version: 13
origin: http://localhost:60672
host: localhost:60672
accept: */*
user-agent: AHC/2.1

Response DefaultHttpResponse(decodeResult: success, version: HTTP/1.1)
HTTP/1.1 101 WebSocket Protocol Handshake
Upgrade: WebSocket
Connection: Upgrade
Sec-WebSocket-Accept: xKAwStrDsHStJkMBs68inID0hbY=

08:34:40.074 [Forwarding get on session 8cfc4c7ebcfcbaffb90b39a1597a3173 to remote] DEBUG org.asynchttpclient.netty.request.NettyRequestSender - Using pooled Channel '[id: 0x2100a889, L:/127.0.0.1:60671 - R:localhost/127.0.0.1:50373]' for 'POST' to 'http://localhost:50373/session/8cfc4c7ebcfcbaffb90b39a1597a3173/url'
08:34:40.074 [Forwarding get on session 8cfc4c7ebcfcbaffb90b39a1597a3173 to remote] DEBUG org.asynchttpclient.netty.request.NettyRequestSender - Using open Channel [id: 0x2100a889, L:/127.0.0.1:60671 - R:localhost/127.0.0.1:50373] for POST '/session/8cfc4c7ebcfcbaffb90b39a1597a3173/url'
08:34:40.427 [AsyncHttpClient-1-1] DEBUG org.asynchttpclient.netty.channel.DefaultChannelPool - Entry count for : http://localhost:60672 : 1
08:34:41.528 [AsyncHttpClient-1-1] DEBUG org.asynchttpclient.netty.channel.DefaultChannelPool - Entry count for : http://localhost:60672 : 1
08:34:42.628 [AsyncHttpClient-1-1] DEBUG org.asynchttpclient.netty.channel.DefaultChannelPool - Entry count for : http://localhost:60672 : 1
08:34:43.730 [AsyncHttpClient-1-1] DEBUG org.asynchttpclient.netty.channel.DefaultChannelPool - Entry count for : http://localhost:60672 : 1
08:34:43.800 [AsyncHttpClient-1-3] DEBUG org.asynchttpclient.netty.handler.HttpHandler - 

Request DefaultHttpRequest(decodeResult: success, version: HTTP/1.1)
POST /session/8cfc4c7ebcfcbaffb90b39a1597a3173/url HTTP/1.1
User-Agent: selenium/4.1.2 (java windows)
Content-Length: 49
Content-Type: application/json; charset=utf-8
host: localhost:50373
accept: */*

Response DefaultHttpResponse(decodeResult: success, version: HTTP/1.1)
HTTP/1.1 200 OK
Content-Type: application/json; charset=utf-8
cache-control: no-cache
content-length: 14

08:34:43.800 [AsyncHttpClient-1-3] DEBUG org.asynchttpclient.netty.channel.ChannelManager - Adding key: http://localhost:50373 for channel [id: 0x2100a889, L:/127.0.0.1:60671 - R:localhost/127.0.0.1:50373]
08:34:43.802 [Forwarding setTimeout on session 8cfc4c7ebcfcbaffb90b39a1597a3173 to remote] DEBUG org.asynchttpclient.netty.request.NettyRequestSender - Using pooled Channel '[id: 0x2100a889, L:/127.0.0.1:60671 - R:localhost/127.0.0.1:50373]' for 'POST' to 'http://localhost:50373/session/8cfc4c7ebcfcbaffb90b39a1597a3173/timeouts'
08:34:43.802 [Forwarding setTimeout on session 8cfc4c7ebcfcbaffb90b39a1597a3173 to remote] DEBUG org.asynchttpclient.netty.request.NettyRequestSender - Using open Channel [id: 0x2100a889, L:/127.0.0.1:60671 - R:localhost/127.0.0.1:50373] for POST '/session/8cfc4c7ebcfcbaffb90b39a1597a3173/timeouts'
08:34:43.804 [AsyncHttpClient-1-3] DEBUG org.asynchttpclient.netty.handler.HttpHandler - 

Request DefaultHttpRequest(decodeResult: success, version: HTTP/1.1)
POST /session/8cfc4c7ebcfcbaffb90b39a1597a3173/timeouts HTTP/1.1
User-Agent: selenium/4.1.2 (java windows)
Content-Length: 22
Content-Type: application/json; charset=utf-8
host: localhost:50373
accept: */*

Response DefaultHttpResponse(decodeResult: success, version: HTTP/1.1)
HTTP/1.1 200 OK
Content-Type: application/json; charset=utf-8
cache-control: no-cache
content-length: 14

08:34:43.804 [AsyncHttpClient-1-3] DEBUG org.asynchttpclient.netty.channel.ChannelManager - Adding key: http://localhost:50373 for channel [id: 0x2100a889, L:/127.0.0.1:60671 - R:localhost/127.0.0.1:50373]
08:34:43.807 [Forwarding getCurrentUrl on session 8cfc4c7ebcfcbaffb90b39a1597a3173 to remote] DEBUG org.asynchttpclient.netty.request.NettyRequestSender - Using pooled Channel '[id: 0x2100a889, L:/127.0.0.1:60671 - R:localhost/127.0.0.1:50373]' for 'GET' to 'http://localhost:50373/session/8cfc4c7ebcfcbaffb90b39a1597a3173/url'
08:34:43.807 [Forwarding getCurrentUrl on session 8cfc4c7ebcfcbaffb90b39a1597a3173 to remote] DEBUG org.asynchttpclient.netty.request.NettyRequestSender - Using open Channel [id: 0x2100a889, L:/127.0.0.1:60671 - R:localhost/127.0.0.1:50373] for GET '/session/8cfc4c7ebcfcbaffb90b39a1597a3173/url'
08:34:43.815 [AsyncHttpClient-1-3] DEBUG org.asynchttpclient.netty.handler.HttpHandler - 

Request DefaultFullHttpRequest(decodeResult: success, version: HTTP/1.1, content: EmptyByteBufBE)
GET /session/8cfc4c7ebcfcbaffb90b39a1597a3173/url HTTP/1.1
User-Agent: selenium/4.1.2 (java windows)
Cache-Control: no-cache
Content-Type: application/json; charset=utf-8
host: localhost:50373
accept: */*

Response DefaultHttpResponse(decodeResult: success, version: HTTP/1.1)
HTTP/1.1 200 OK
Content-Type: application/json; charset=utf-8
cache-control: no-cache
content-length: 31

08:34:43.815 [AsyncHttpClient-1-3] DEBUG org.asynchttpclient.netty.channel.ChannelManager - Adding key: http://localhost:50373 for channel [id: 0x2100a889, L:/127.0.0.1:60671 - R:localhost/127.0.0.1:50373]
  &amp#27;[32mGiven &amp#27;[0m&amp#27;[32mi am on home page&amp#27;[0m     &amp#27;[90m# starter.stepdefinitions.orderStep.iAmOnHomePage()&amp#27;[0m
08:34:43.824 [Forwarding screenshot on session 8cfc4c7ebcfcbaffb90b39a1597a3173 to remote] DEBUG org.asynchttpclient.netty.request.NettyRequestSender - Using pooled Channel '[id: 0x2100a889, L:/127.0.0.1:60671 - R:localhost/127.0.0.1:50373]' for 'GET' to 'http://localhost:50373/session/8cfc4c7ebcfcbaffb90b39a1597a3173/screenshot'
08:34:43.824 [Forwarding screenshot on session 8cfc4c7ebcfcbaffb90b39a1597a3173 to remote] DEBUG org.asynchttpclient.netty.request.NettyRequestSender - Using open Channel [id: 0x2100a889, L:/127.0.0.1:60671 - R:localhost/127.0.0.1:50373] for GET '/session/8cfc4c7ebcfcbaffb90b39a1597a3173/screenshot'
08:34:44.838 [AsyncHttpClient-1-1] DEBUG org.asynchttpclient.netty.channel.DefaultChannelPool - Entry count for : http://localhost:60672 : 1
08:34:45.910 [AsyncHttpClient-1-3] DEBUG org.asynchttpclient.netty.handler.HttpHandler - 

Request DefaultFullHttpRequest(decodeResult: success, version: HTTP/1.1, content: EmptyByteBufBE)
GET /session/8cfc4c7ebcfcbaffb90b39a1597a3173/screenshot HTTP/1.1
User-Agent: selenium/4.1.2 (java windows)
Cache-Control: no-cache
Content-Type: application/json; charset=utf-8
host: localhost:50373
accept: */*

Response DefaultHttpResponse(decodeResult: success, version: HTTP/1.1)
HTTP/1.1 200 OK
Content-Type: application/json; charset=utf-8
cache-control: no-cache
content-length: 44852

08:34:45.911 [AsyncHttpClient-1-3] DEBUG org.asynchttpclient.netty.channel.ChannelManager - Adding key: http://localhost:50373 for channel [id: 0x2100a889, L:/127.0.0.1:60671 - R:localhost/127.0.0.1:50373]
08:34:45.916 [main] DEBUG net.serenitybdd.core.photography.Darkroom - Send negative for processing for target\site\serenity\a5a3678dec8c55f3150397945e62cfd6cfb7502e8c267046e1d12a9aeffc8b02.png
08:34:45.916 [Darkroom Processing Line] DEBUG net.serenitybdd.core.photography.DarkroomProcessingLine - Processing screenshot image in /var/screenshots/screenshot-8394782453693867837
08:34:45.917 [Darkroom Processing Line] DEBUG net.serenitybdd.core.photography.DarkroomProcessingLine - Saving screenshot to target\site\serenity\a5a3678dec8c55f3150397945e62cfd6cfb7502e8c267046e1d12a9aeffc8b02.png
08:34:45.930 [Forwarding findElement on session 8cfc4c7ebcfcbaffb90b39a1597a3173 to remote] DEBUG org.asynchttpclient.netty.request.NettyRequestSender - Using pooled Channel '[id: 0x2100a889, L:/127.0.0.1:60671 - R:localhost/127.0.0.1:50373]' for 'POST' to 'http://localhost:50373/session/8cfc4c7ebcfcbaffb90b39a1597a3173/element'
08:34:45.930 [Forwarding findElement on session 8cfc4c7ebcfcbaffb90b39a1597a3173 to remote] DEBUG org.asynchttpclient.netty.request.NettyRequestSender - Using open Channel [id: 0x2100a889, L:/127.0.0.1:60671 - R:localhost/127.0.0.1:50373] for POST '/session/8cfc4c7ebcfcbaffb90b39a1597a3173/element'
08:34:45.934 [AsyncHttpClient-1-1] DEBUG org.asynchttpclient.netty.channel.DefaultChannelPool - Entry count for : http://localhost:60672 : 1
08:34:45.969 [AsyncHttpClient-1-3] DEBUG org.asynchttpclient.netty.handler.HttpHandler - 

Request DefaultHttpRequest(decodeResult: success, version: HTTP/1.1)
POST /session/8cfc4c7ebcfcbaffb90b39a1597a3173/element HTTP/1.1
User-Agent: selenium/4.1.2 (java windows)
Content-Length: 265
Content-Type: application/json; charset=utf-8
host: localhost:50373
accept: */*

Response DefaultHttpResponse(decodeResult: success, version: HTTP/1.1)
HTTP/1.1 200 OK
Content-Type: application/json; charset=utf-8
cache-control: no-cache
content-length: 88

08:34:45.970 [AsyncHttpClient-1-3] DEBUG org.asynchttpclient.netty.channel.ChannelManager - Adding key: http://localhost:50373 for channel [id: 0x2100a889, L:/127.0.0.1:60671 - R:localhost/127.0.0.1:50373]
08:34:45.972 [Forwarding getElementTagName on session 8cfc4c7ebcfcbaffb90b39a1597a3173 to remote] DEBUG org.asynchttpclient.netty.request.NettyRequestSender - Using pooled Channel '[id: 0x2100a889, L:/127.0.0.1:60671 - R:localhost/127.0.0.1:50373]' for 'GET' to 'http://localhost:50373/session/8cfc4c7ebcfcbaffb90b39a1597a3173/element/0708e19c-ac82-486d-b3b6-ccf7c8e79458/name'
08:34:45.972 [Forwarding getElementTagName on session 8cfc4c7ebcfcbaffb90b39a1597a3173 to remote] DEBUG org.asynchttpclient.netty.request.NettyRequestSender - Using open Channel [id: 0x2100a889, L:/127.0.0.1:60671 - R:localhost/127.0.0.1:50373] for GET '/session/8cfc4c7ebcfcbaffb90b39a1597a3173/element/0708e19c-ac82-486d-b3b6-ccf7c8e79458/name'
08:34:45.981 [AsyncHttpClient-1-3] DEBUG org.asynchttpclient.netty.handler.HttpHandler - 

Request DefaultFullHttpRequest(decodeResult: success, version: HTTP/1.1, content: EmptyByteBufBE)
GET /session/8cfc4c7ebcfcbaffb90b39a1597a3173/element/0708e19c-ac82-486d-b3b6-ccf7c8e79458/name HTTP/1.1
User-Agent: selenium/4.1.2 (java windows)
Cache-Control: no-cache
Content-Type: application/json; charset=utf-8
host: localhost:50373
accept: */*

Response DefaultHttpResponse(decodeResult: success, version: HTTP/1.1)
HTTP/1.1 200 OK
Content-Type: application/json; charset=utf-8
cache-control: no-cache
content-length: 13

08:34:45.981 [AsyncHttpClient-1-3] DEBUG org.asynchttpclient.netty.channel.ChannelManager - Adding key: http://localhost:50373 for channel [id: 0x2100a889, L:/127.0.0.1:60671 - R:localhost/127.0.0.1:50373]
08:34:45.983 [Forwarding getElementTagName on session 8cfc4c7ebcfcbaffb90b39a1597a3173 to remote] DEBUG org.asynchttpclient.netty.request.NettyRequestSender - Using pooled Channel '[id: 0x2100a889, L:/127.0.0.1:60671 - R:localhost/127.0.0.1:50373]' for 'GET' to 'http://localhost:50373/session/8cfc4c7ebcfcbaffb90b39a1597a3173/element/0708e19c-ac82-486d-b3b6-ccf7c8e79458/name'
08:34:45.983 [Forwarding getElementTagName on session 8cfc4c7ebcfcbaffb90b39a1597a3173 to remote] DEBUG org.asynchttpclient.netty.request.NettyRequestSender - Using open Channel [id: 0x2100a889, L:/127.0.0.1:60671 - R:localhost/127.0.0.1:50373] for GET '/session/8cfc4c7ebcfcbaffb90b39a1597a3173/element/0708e19c-ac82-486d-b3b6-ccf7c8e79458/name'
08:34:45.990 [AsyncHttpClient-1-3] DEBUG org.asynchttpclient.netty.handler.HttpHandler - 

Request DefaultFullHttpRequest(decodeResult: success, version: HTTP/1.1, content: EmptyByteBufBE)
GET /session/8cfc4c7ebcfcbaffb90b39a1597a3173/element/0708e19c-ac82-486d-b3b6-ccf7c8e79458/name HTTP/1.1
User-Agent: selenium/4.1.2 (java windows)
Cache-Control: no-cache
Content-Type: application/json; charset=utf-8
host: localhost:50373
accept: */*

Response DefaultHttpResponse(decodeResult: success, version: HTTP/1.1)
HTTP/1.1 200 OK
Content-Type: application/json; charset=utf-8
cache-control: no-cache
content-length: 13

08:34:45.991 [AsyncHttpClient-1-3] DEBUG org.asynchttpclient.netty.channel.ChannelManager - Adding key: http://localhost:50373 for channel [id: 0x2100a889, L:/127.0.0.1:60671 - R:localhost/127.0.0.1:50373]
08:34:45.993 [Forwarding findElement on session 8cfc4c7ebcfcbaffb90b39a1597a3173 to remote] DEBUG org.asynchttpclient.netty.request.NettyRequestSender - Using pooled Channel '[id: 0x2100a889, L:/127.0.0.1:60671 - R:localhost/127.0.0.1:50373]' for 'POST' to 'http://localhost:50373/session/8cfc4c7ebcfcbaffb90b39a1597a3173/element'
08:34:45.993 [Forwarding findElement on session 8cfc4c7ebcfcbaffb90b39a1597a3173 to remote] DEBUG org.asynchttpclient.netty.request.NettyRequestSender - Using open Channel [id: 0x2100a889, L:/127.0.0.1:60671 - R:localhost/127.0.0.1:50373] for POST '/session/8cfc4c7ebcfcbaffb90b39a1597a3173/element'
08:34:46.014 [AsyncHttpClient-1-3] DEBUG org.asynchttpclient.netty.handler.HttpHandler - 

Request DefaultHttpRequest(decodeResult: success, version: HTTP/1.1)
POST /session/8cfc4c7ebcfcbaffb90b39a1597a3173/element HTTP/1.1
User-Agent: selenium/4.1.2 (java windows)
Content-Length: 265
Content-Type: application/json; charset=utf-8
host: localhost:50373
accept: */*

Response DefaultHttpResponse(decodeResult: success, version: HTTP/1.1)
HTTP/1.1 200 OK
Content-Type: application/json; charset=utf-8
cache-control: no-cache
content-length: 88

08:34:46.015 [AsyncHttpClient-1-3] DEBUG org.asynchttpclient.netty.channel.ChannelManager - Adding key: http://localhost:50373 for channel [id: 0x2100a889, L:/127.0.0.1:60671 - R:localhost/127.0.0.1:50373]
08:34:46.017 [Forwarding clickElement on session 8cfc4c7ebcfcbaffb90b39a1597a3173 to remote] DEBUG org.asynchttpclient.netty.request.NettyRequestSender - Using pooled Channel '[id: 0x2100a889, L:/127.0.0.1:60671 - R:localhost/127.0.0.1:50373]' for 'POST' to 'http://localhost:50373/session/8cfc4c7ebcfcbaffb90b39a1597a3173/element/0708e19c-ac82-486d-b3b6-ccf7c8e79458/click'
08:34:46.017 [Forwarding clickElement on session 8cfc4c7ebcfcbaffb90b39a1597a3173 to remote] DEBUG org.asynchttpclient.netty.request.NettyRequestSender - Using open Channel [id: 0x2100a889, L:/127.0.0.1:60671 - R:localhost/127.0.0.1:50373] for POST '/session/8cfc4c7ebcfcbaffb90b39a1597a3173/element/0708e19c-ac82-486d-b3b6-ccf7c8e79458/click'
08:34:46.102 [AsyncHttpClient-1-3] DEBUG org.asynchttpclient.netty.handler.HttpHandler - 

Request DefaultHttpRequest(decodeResult: success, version: HTTP/1.1)
POST /session/8cfc4c7ebcfcbaffb90b39a1597a3173/element/0708e19c-ac82-486d-b3b6-ccf7c8e79458/click HTTP/1.1
User-Agent: selenium/4.1.2 (java windows)
Content-Length: 50
Content-Type: application/json; charset=utf-8
host: localhost:50373
accept: */*

Response DefaultHttpResponse(decodeResult: success, version: HTTP/1.1)
HTTP/1.1 200 OK
Content-Type: application/json; charset=utf-8
cache-control: no-cache
content-length: 14

08:34:46.102 [AsyncHttpClient-1-3] DEBUG org.asynchttpclient.netty.channel.ChannelManager - Adding key: http://localhost:50373 for channel [id: 0x2100a889, L:/127.0.0.1:60671 - R:localhost/127.0.0.1:50373]
  &amp#27;[32mWhen &amp#27;[0m&amp#27;[32mi click my cart&amp#27;[0m        &amp#27;[90m# starter.stepdefinitions.orderStep.iClickMyCart()&amp#27;[0m
08:34:46.120 [Forwarding screenshot on session 8cfc4c7ebcfcbaffb90b39a1597a3173 to remote] DEBUG org.asynchttpclient.netty.request.NettyRequestSender - Using pooled Channel '[id: 0x2100a889, L:/127.0.0.1:60671 - R:localhost/127.0.0.1:50373]' for 'GET' to 'http://localhost:50373/session/8cfc4c7ebcfcbaffb90b39a1597a3173/screenshot'
08:34:46.121 [Forwarding screenshot on session 8cfc4c7ebcfcbaffb90b39a1597a3173 to remote] DEBUG org.asynchttpclient.netty.request.NettyRequestSender - Using open Channel [id: 0x2100a889, L:/127.0.0.1:60671 - R:localhost/127.0.0.1:50373] for GET '/session/8cfc4c7ebcfcbaffb90b39a1597a3173/screenshot'
08:34:46.723 [AsyncHttpClient-1-3] DEBUG org.asynchttpclient.netty.handler.HttpHandler - 

Request DefaultFullHttpRequest(decodeResult: success, version: HTTP/1.1, content: EmptyByteBufBE)
GET /session/8cfc4c7ebcfcbaffb90b39a1597a3173/screenshot HTTP/1.1
User-Agent: selenium/4.1.2 (java windows)
Cache-Control: no-cache
Content-Type: application/json; charset=utf-8
host: localhost:50373
accept: */*

Response DefaultHttpResponse(decodeResult: success, version: HTTP/1.1)
HTTP/1.1 200 OK
Content-Type: application/json; charset=utf-8
cache-control: no-cache
content-length: 27544

08:34:46.724 [AsyncHttpClient-1-3] DEBUG org.asynchttpclient.netty.channel.ChannelManager - Adding key: http://localhost:50373 for channel [id: 0x2100a889, L:/127.0.0.1:60671 - R:localhost/127.0.0.1:50373]
08:34:46.728 [main] DEBUG net.serenitybdd.core.photography.Darkroom - Send negative for processing for target\site\serenity\19eef9ddfa51eeb7a171ab4ad2ee94f6c23c8dbf1b4622a1d4ea25d864b1ee5f.png
08:34:46.729 [Darkroom Processing Line] DEBUG net.serenitybdd.core.photography.DarkroomProcessingLine - Processing screenshot image in /var/screenshots/screenshot-12846497639592524232
08:34:46.729 [Darkroom Processing Line] DEBUG net.serenitybdd.core.photography.DarkroomProcessingLine - Saving screenshot to target\site\serenity\19eef9ddfa51eeb7a171ab4ad2ee94f6c23c8dbf1b4622a1d4ea25d864b1ee5f.png
08:34:46.740 [Forwarding findElement on session 8cfc4c7ebcfcbaffb90b39a1597a3173 to remote] DEBUG org.asynchttpclient.netty.request.NettyRequestSender - Using pooled Channel '[id: 0x2100a889, L:/127.0.0.1:60671 - R:localhost/127.0.0.1:50373]' for 'POST' to 'http://localhost:50373/session/8cfc4c7ebcfcbaffb90b39a1597a3173/element'
08:34:46.740 [Forwarding findElement on session 8cfc4c7ebcfcbaffb90b39a1597a3173 to remote] DEBUG org.asynchttpclient.netty.request.NettyRequestSender - Using open Channel [id: 0x2100a889, L:/127.0.0.1:60671 - R:localhost/127.0.0.1:50373] for POST '/session/8cfc4c7ebcfcbaffb90b39a1597a3173/element'
08:34:46.745 [AsyncHttpClient-1-3] DEBUG org.asynchttpclient.netty.handler.HttpHandler - 

Request DefaultHttpRequest(decodeResult: success, version: HTTP/1.1)
POST /session/8cfc4c7ebcfcbaffb90b39a1597a3173/element HTTP/1.1
User-Agent: selenium/4.1.2 (java windows)
Content-Length: 53
Content-Type: application/json; charset=utf-8
host: localhost:50373
accept: */*

Response DefaultHttpResponse(decodeResult: success, version: HTTP/1.1)
HTTP/1.1 400 Bad Request
Content-Type: application/json; charset=utf-8
cache-control: no-cache
content-length: 957

08:34:46.745 [AsyncHttpClient-1-3] DEBUG org.asynchttpclient.netty.channel.ChannelManager - Adding key: http://localhost:50373 for channel [id: 0x2100a889, L:/127.0.0.1:60671 - R:localhost/127.0.0.1:50373]
08:34:46.748 [Forwarding findElement on session 8cfc4c7ebcfcbaffb90b39a1597a3173 to remote] DEBUG org.asynchttpclient.netty.request.NettyRequestSender - Using pooled Channel '[id: 0x2100a889, L:/127.0.0.1:60671 - R:localhost/127.0.0.1:50373]' for 'POST' to 'http://localhost:50373/session/8cfc4c7ebcfcbaffb90b39a1597a3173/element'
08:34:46.748 [Forwarding findElement on session 8cfc4c7ebcfcbaffb90b39a1597a3173 to remote] DEBUG org.asynchttpclient.netty.request.NettyRequestSender - Using open Channel [id: 0x2100a889, L:/127.0.0.1:60671 - R:localhost/127.0.0.1:50373] for POST '/session/8cfc4c7ebcfcbaffb90b39a1597a3173/element'
08:34:46.770 [AsyncHttpClient-1-3] DEBUG org.asynchttpclient.netty.handler.HttpHandler - 

Request DefaultHttpRequest(decodeResult: success, version: HTTP/1.1)
POST /session/8cfc4c7ebcfcbaffb90b39a1597a3173/element HTTP/1.1
User-Agent: selenium/4.1.2 (java windows)
Content-Length: 63
Content-Type: application/json; charset=utf-8
host: localhost:50373
accept: */*

Response DefaultHttpResponse(decodeResult: success, version: HTTP/1.1)
HTTP/1.1 200 OK
Content-Type: application/json; charset=utf-8
cache-control: no-cache
content-length: 88

08:34:46.771 [AsyncHttpClient-1-3] DEBUG org.asynchttpclient.netty.channel.ChannelManager - Adding key: http://localhost:50373 for channel [id: 0x2100a889, L:/127.0.0.1:60671 - R:localhost/127.0.0.1:50373]
08:34:46.772 [Forwarding getElementText on session 8cfc4c7ebcfcbaffb90b39a1597a3173 to remote] DEBUG org.asynchttpclient.netty.request.NettyRequestSender - Using pooled Channel '[id: 0x2100a889, L:/127.0.0.1:60671 - R:localhost/127.0.0.1:50373]' for 'GET' to 'http://localhost:50373/session/8cfc4c7ebcfcbaffb90b39a1597a3173/element/0339602a-caad-4b89-b684-6fb84401971c/text'
08:34:46.772 [Forwarding getElementText on session 8cfc4c7ebcfcbaffb90b39a1597a3173 to remote] DEBUG org.asynchttpclient.netty.request.NettyRequestSender - Using open Channel [id: 0x2100a889, L:/127.0.0.1:60671 - R:localhost/127.0.0.1:50373] for GET '/session/8cfc4c7ebcfcbaffb90b39a1597a3173/element/0339602a-caad-4b89-b684-6fb84401971c/text'
08:34:46.794 [AsyncHttpClient-1-3] DEBUG org.asynchttpclient.netty.handler.HttpHandler - 

Request DefaultFullHttpRequest(decodeResult: success, version: HTTP/1.1, content: EmptyByteBufBE)
GET /session/8cfc4c7ebcfcbaffb90b39a1597a3173/element/0339602a-caad-4b89-b684-6fb84401971c/text HTTP/1.1
User-Agent: selenium/4.1.2 (java windows)
Cache-Control: no-cache
Content-Type: application/json; charset=utf-8
host: localhost:50373
accept: */*

Response DefaultHttpResponse(decodeResult: success, version: HTTP/1.1)
HTTP/1.1 200 OK
Content-Type: application/json; charset=utf-8
cache-control: no-cache
content-length: 27

08:34:46.794 [AsyncHttpClient-1-3] DEBUG org.asynchttpclient.netty.channel.ChannelManager - Adding key: http://localhost:50373 for channel [id: 0x2100a889, L:/127.0.0.1:60671 - R:localhost/127.0.0.1:50373]
  &amp#27;[32mThen &amp#27;[0m&amp#27;[32mi get empty cart alert&amp#27;[0m &amp#27;[90m# starter.stepdefinitions.orderStep.iGetEmptyCartAlert()&amp#27;[0m
08:34:46.801 [Forwarding screenshot on session 8cfc4c7ebcfcbaffb90b39a1597a3173 to remote] DEBUG org.asynchttpclient.netty.request.NettyRequestSender - Using pooled Channel '[id: 0x2100a889, L:/127.0.0.1:60671 - R:localhost/127.0.0.1:50373]' for 'GET' to 'http://localhost:50373/session/8cfc4c7ebcfcbaffb90b39a1597a3173/screenshot'
08:34:46.801 [Forwarding screenshot on session 8cfc4c7ebcfcbaffb90b39a1597a3173 to remote] DEBUG org.asynchttpclient.netty.request.NettyRequestSender - Using open Channel [id: 0x2100a889, L:/127.0.0.1:60671 - R:localhost/127.0.0.1:50373] for GET '/session/8cfc4c7ebcfcbaffb90b39a1597a3173/screenshot'
08:34:46.967 [AsyncHttpClient-1-3] DEBUG org.asynchttpclient.netty.handler.HttpHandler - 

Request DefaultFullHttpRequest(decodeResult: success, version: HTTP/1.1, content: EmptyByteBufBE)
GET /session/8cfc4c7ebcfcbaffb90b39a1597a3173/screenshot HTTP/1.1
User-Agent: selenium/4.1.2 (java windows)
Cache-Control: no-cache
Content-Type: application/json; charset=utf-8
host: localhost:50373
accept: */*

Response DefaultHttpResponse(decodeResult: success, version: HTTP/1.1)
HTTP/1.1 200 OK
Content-Type: application/json; charset=utf-8
cache-control: no-cache
content-length: 27168

08:34:46.967 [AsyncHttpClient-1-3] DEBUG org.asynchttpclient.netty.channel.ChannelManager - Adding key: http://localhost:50373 for channel [id: 0x2100a889, L:/127.0.0.1:60671 - R:localhost/127.0.0.1:50373]
08:34:46.969 [main] DEBUG net.serenitybdd.core.photography.Darkroom - Send negative for processing for target\site\serenity\e2b05464c0fa76737e52aafeb4813d637689b4058554106798eb6a861d389198.png
08:34:46.970 [Darkroom Processing Line] DEBUG net.serenitybdd.core.photography.DarkroomProcessingLine - Processing screenshot image in /var/screenshots/screenshot-7320169844782202337
08:34:46.970 [Darkroom Processing Line] DEBUG net.serenitybdd.core.photography.DarkroomProcessingLine - Saving screenshot to target\site\serenity\e2b05464c0fa76737e52aafeb4813d637689b4058554106798eb6a861d389198.png
08:34:46.972 [main] INFO  - 
  _____   ___   ___   _____     ___     _     ___   ___   ___   ___  
 |_   _| | __| / __| |_   _|   | _ \   /_\   / __| / __| | __| |   \ 
   | |   | _|  \__ \   | |     |  _/  / _ \  \__ \ \__ \ | _|  | |) |
   |_|   |___| |___/   |_|     |_|   /_/ \_\ |___/ |___/ |___| |___/ 

empty cart
----------------------------------------------------------------------
08:34:46.973 [AsyncHttpClient-1-5] DEBUG org.asynchttpclient.netty.handler.WebSocketHandler - Channel Closed: [id: 0x45796c3b, L:/127.0.0.1:60680 ! R:localhost/127.0.0.1:60672] with attribute NettyResponseFuture{currentRetry=5,
	isDone=1,
	isCancelled=0,
	asyncHandler=org.asynchttpclient.ws.WebSocketUpgradeHandler@78bfd5be,
	nettyRequest=org.asynchttpclient.netty.request.NettyRequest@5a68bc06,
	future=java.util.concurrent.CompletableFuture@76755fd1[Completed normally],
	uri=ws://localhost:60672/devtools/browser/b7792c32-2315-4eeb-9093-1bf12dc77836,
	keepAlive=true,
	redirectCount=0,
	timeoutsHolder=null,
	inAuth=0,
	touch=1652837680064}
08:34:46.974 [AsyncHttpClient-1-5] DEBUG org.asynchttpclient.netty.channel.ChannelManager - Closing Channel [id: 0x45796c3b, L:/127.0.0.1:60680 ! R:localhost/127.0.0.1:60672] 
08:34:46.974 [Driver Command Executor] DEBUG org.asynchttpclient.netty.request.NettyRequestSender - Using pooled Channel '[id: 0x2100a889, L:/127.0.0.1:60671 - R:localhost/127.0.0.1:50373]' for 'DELETE' to 'http://localhost:50373/session/8cfc4c7ebcfcbaffb90b39a1597a3173'
08:34:46.974 [Driver Command Executor] DEBUG org.asynchttpclient.netty.request.NettyRequestSender - Using open Channel [id: 0x2100a889, L:/127.0.0.1:60671 - R:localhost/127.0.0.1:50373] for DELETE '/session/8cfc4c7ebcfcbaffb90b39a1597a3173'
08:34:47.029 [AsyncHttpClient-1-1] DEBUG org.asynchttpclient.netty.channel.DefaultChannelPool - Entry count for : http://localhost:60672 : 1
08:34:47.071 [AsyncHttpClient-1-4] DEBUG org.asynchttpclient.netty.handler.HttpHandler - Unexpected I/O exception on channel [id: 0x9565b6c9, L:/127.0.0.1:60679 - R:localhost/127.0.0.1:60672]
java.net.SocketException: Connection reset
	at java.base/sun.nio.ch.SocketChannelImpl.throwConnectionReset(SocketChannelImpl.java:367)
	at java.base/sun.nio.ch.SocketChannelImpl.read(SocketChannelImpl.java:398)
	at io.netty.buffer.PooledByteBuf.setBytes(PooledByteBuf.java:258)
	at io.netty.buffer.AbstractByteBuf.writeBytes(AbstractByteBuf.java:1132)
	at io.netty.channel.socket.nio.NioSocketChannel.doReadBytes(NioSocketChannel.java:350)
	at io.netty.channel.nio.AbstractNioByteChannel$NioByteUnsafe.read(AbstractNioByteChannel.java:151)
	at io.netty.channel.nio.NioEventLoop.processSelectedKey(NioEventLoop.java:722)
	at io.netty.channel.nio.NioEventLoop.processSelectedKeysOptimized(NioEventLoop.java:658)
	at io.netty.channel.nio.NioEventLoop.processSelectedKeys(NioEventLoop.java:584)
	at io.netty.channel.nio.NioEventLoop.run(NioEventLoop.java:496)
	at io.netty.util.concurrent.SingleThreadEventExecutor$4.run(SingleThreadEventExecutor.java:986)
	at io.netty.util.internal.ThreadExecutorMap$2.run(ThreadExecutorMap.java:74)
	at io.netty.util.concurrent.FastThreadLocalRunnable.run(FastThreadLocalRunnable.java:30)
	at java.base/java.lang.Thread.run(Thread.java:832)
08:34:47.071 [AsyncHttpClient-1-4] DEBUG org.asynchttpclient.netty.channel.ChannelManager - Closing Channel [id: 0x9565b6c9, L:/127.0.0.1:60679 - R:localhost/127.0.0.1:60672] 
08:34:47.072 [AsyncHttpClient-1-4] DEBUG org.asynchttpclient.netty.handler.HttpHandler - Channel Closed: [id: 0x9565b6c9, L:/127.0.0.1:60679 ! R:localhost/127.0.0.1:60672] with attribute DISCARD
08:34:47.114 [AsyncHttpClient-1-3] DEBUG org.asynchttpclient.netty.handler.HttpHandler - 

Request DefaultFullHttpRequest(decodeResult: success, version: HTTP/1.1, content: EmptyByteBufBE)
DELETE /session/8cfc4c7ebcfcbaffb90b39a1597a3173 HTTP/1.1
User-Agent: selenium/4.1.2 (java windows)
Content-Type: application/json; charset=utf-8
host: localhost:50373
accept: */*

Response DefaultHttpResponse(decodeResult: success, version: HTTP/1.1)
HTTP/1.1 200 OK
Content-Type: application/json; charset=utf-8
cache-control: no-cache
content-length: 14

08:34:47.115 [AsyncHttpClient-1-3] DEBUG org.asynchttpclient.netty.channel.ChannelManager - Adding key: http://localhost:50373 for channel [id: 0x2100a889, L:/127.0.0.1:60671 - R:localhost/127.0.0.1:50373]
08:34:47.337 [AsyncHttpClient-1-3] DEBUG org.asynchttpclient.netty.handler.HttpHandler - Channel Closed: [id: 0x2100a889, L:/127.0.0.1:60671 ! R:localhost/127.0.0.1:50373] with attribute DISCARD
]]></system-out>
    <system-err><![CDATA[Starting ChromeDriver 101.0.4951.41 (93c720db8323b3ec10d056025ab95c23a31997c9-refs/branch-heads/4951@{#904}) on port 50373
Only local connections are allowed.
Please see https://chromedriver.chromium.org/security-considerations for suggestions on keeping ChromeDriver safe.
ChromeDriver was started successfully.
May 18, 2022 8:34:40 AM org.openqa.selenium.remote.ProtocolHandshake createSession
INFO: Detected dialect: W3C
May 18, 2022 8:34:40 AM org.openqa.selenium.devtools.CdpVersionFinder findNearestMatch
WARNING: Unable to find an exact match for CDP version 101, so returning the closest version found: 97
May 18, 2022 8:34:40 AM org.openqa.selenium.devtools.CdpVersionFinder findNearestMatch
INFO: Found CDP implementation for version 101 of 97
]]></system-err>
  </testcase>
  <testcase name="Registration scenario #1" classname="Registration" time="14.381">
    <system-out><![CDATA[08:34:47.860 [main] INFO io.cucumber.core.plugin.SerenityReporter - Running feature from file:///D:/PERKULIAHAN/Semester%206,Hebatt%20glad!/Altera/QE_Gladys-Cindana-Asri-Pardosi/Mini-Project/Web/src/test/resources/features/register.feature
08:34:47.864 [main] DEBUG net.thucydides.core.steps.StepEventBus - Test suite started for story net.thucydides.core.model.Story@9f729512
08:34:47.865 [main] INFO  - Test Suite Started: Registration

@register
Scenario Outline: Registration scenario  &amp#27;[90m# src/test/resources/features/register.feature:20&amp#27;[0m
08:34:47.877 [main] INFO io.cucumber.core.plugin.SerenityReporter - Running feature from file:///D:/PERKULIAHAN/Semester%206,Hebatt%20glad!/Altera/QE_Gladys-Cindana-Asri-Pardosi/Mini-Project/Web/src/test/resources/features/register.feature
08:34:47.882 [main] INFO  - 
  _____   ___   ___   _____     ___   _____     _     ___   _____   ___   ___  
 |_   _| | __| / __| |_   _|   / __| |_   _|   /_\   | _ \ |_   _| | __| |   \ 
   | |   | _|  \__ \   | |     \__ \   | |    / _ \  |   /   | |   | _|  | |) |
   |_|   |___| |___/   |_|     |___/   |_|   /_/ \_\ |_|_\   |_|   |___| |___/ 

Registration scenario(registration;registration-scenario)
--------------------------------------------------------------------------------
08:34:47.901 [main] INFO net.serenitybdd.core.webdriver.driverproviders.ChromeDriverProvider - Using automatically driver download
08:34:48.063 [main] DEBUG io.github.bonigarcia.wdm.cache.ResolutionCache - Resolution chrome=101 in cache (valid until 09:23:35 18/05/2022 WIB)
08:34:48.070 [main] DEBUG io.github.bonigarcia.wdm.cache.ResolutionCache - Resolution chrome101=101.0.4951.41 in cache (valid until 18:48:44 18/05/2022 WIB)
08:34:48.073 [main] INFO io.github.bonigarcia.wdm.WebDriverManager - Using chromedriver 101.0.4951.41 (resolved driver for Chrome 101)
08:34:48.094 [main] DEBUG io.github.bonigarcia.wdm.WebDriverManager - Driver chromedriver 101.0.4951.41 found in cache
08:34:48.095 [main] INFO io.github.bonigarcia.wdm.WebDriverManager - Exporting webdriver.chrome.driver as C:\Users\ASUS\.cache\selenium\chromedriver\win32\101.0.4951.41\chromedriver.exe
08:34:48.127 [AsyncHttpClient-1-1] DEBUG org.asynchttpclient.netty.channel.DefaultChannelPool - Entry count for : http://localhost:60672 : 1
08:34:48.127 [AsyncHttpClient-1-1] DEBUG org.asynchttpclient.netty.channel.DefaultChannelPool - Entry count for : http://localhost:50373 : 1
08:34:48.127 [AsyncHttpClient-1-1] DEBUG org.asynchttpclient.netty.channel.DefaultChannelPool - Adding Candidate expired Channel [id: 0x9565b6c9, L:/127.0.0.1:60679 ! R:localhost/127.0.0.1:60672] isIdleTimeoutExpired=false isRemotelyClosed=true isTtlExpired=false
08:34:48.127 [AsyncHttpClient-1-1] DEBUG org.asynchttpclient.netty.channel.DefaultChannelPool - Closing Idle Channel [id: 0x9565b6c9, L:/127.0.0.1:60679 ! R:localhost/127.0.0.1:60672]
08:34:48.127 [AsyncHttpClient-1-1] DEBUG org.asynchttpclient.netty.channel.DefaultChannelPool - Adding Candidate expired Channel [id: 0x2100a889, L:/127.0.0.1:60671 ! R:localhost/127.0.0.1:50373] isIdleTimeoutExpired=false isRemotelyClosed=true isTtlExpired=false
08:34:48.127 [AsyncHttpClient-1-1] DEBUG org.asynchttpclient.netty.channel.DefaultChannelPool - Closing Idle Channel [id: 0x2100a889, L:/127.0.0.1:60671 ! R:localhost/127.0.0.1:50373]
08:34:48.127 [AsyncHttpClient-1-1] DEBUG org.asynchttpclient.netty.channel.DefaultChannelPool - Closed 2 connections out of 2 in 0 ms
08:34:48.265 [main] DEBUG net.serenitybdd.core.webdriver.driverproviders.ProvideNewDriver - Instantiating driver
08:34:48.265 [main] DEBUG net.serenitybdd.core.webdriver.driverproviders.ProvideNewDriver - Driver capabilities: Capabilities {acceptInsecureCerts: false, base.url: , browserName: chrome, goog:chromeOptions: {args: [], extensions: []}}
08:34:48.811 [AsyncHttpClient-1-6] DEBUG org.asynchttpclient.netty.channel.NettyConnectListener - Using new Channel '[id: 0xbd9614a6, L:/127.0.0.1:60705 - R:localhost/127.0.0.1:52281]' for 'POST' to '/session'
08:34:50.022 [AsyncHttpClient-1-6] DEBUG org.asynchttpclient.netty.handler.HttpHandler - 

Request DefaultHttpRequest(decodeResult: success, version: HTTP/1.1)
POST /session HTTP/1.1
User-Agent: selenium/4.1.2 (java windows)
Content-Length: 457
Content-Type: application/json; charset=utf-8
host: localhost:52281
accept: */*

Response DefaultHttpResponse(decodeResult: success, version: HTTP/1.1)
HTTP/1.1 200 OK
Content-Type: application/json; charset=utf-8
cache-control: no-cache
content-length: 787

08:34:50.023 [AsyncHttpClient-1-6] DEBUG org.asynchttpclient.netty.channel.ChannelManager - Adding key: http://localhost:52281 for channel [id: 0xbd9614a6, L:/127.0.0.1:60705 - R:localhost/127.0.0.1:52281]
08:34:50.042 [AsyncHttpClient-1-7] DEBUG org.asynchttpclient.netty.channel.NettyConnectListener - Using new Channel '[id: 0x3c30ded4, L:/127.0.0.1:60715 - R:localhost/127.0.0.1:60706]' for 'GET' to '/json/version'
08:34:50.044 [AsyncHttpClient-1-7] DEBUG org.asynchttpclient.netty.handler.HttpHandler - 

Request DefaultFullHttpRequest(decodeResult: success, version: HTTP/1.1, content: EmptyByteBufBE)
GET /json/version HTTP/1.1
User-Agent: selenium/4.1.2 (java windows)
host: localhost:60706
accept: */*

Response DefaultHttpResponse(decodeResult: success, version: HTTP/1.1)
HTTP/1.1 200 OK
Content-Type: application/json; charset=UTF-8
content-length: 427

08:34:50.044 [AsyncHttpClient-1-7] DEBUG org.asynchttpclient.netty.channel.ChannelManager - Adding key: http://localhost:60706 for channel [id: 0x3c30ded4, L:/127.0.0.1:60715 - R:localhost/127.0.0.1:60706]
08:34:50.050 [AsyncHttpClient-1-8] DEBUG org.asynchttpclient.netty.channel.NettyConnectListener - Using new Channel '[id: 0xdb27041a, L:/127.0.0.1:60716 - R:localhost/127.0.0.1:60706]' for 'GET' to '/devtools/browser/d62c63de-9f2c-4eb1-88aa-2b6077283a0d'
08:34:50.052 [AsyncHttpClient-1-8] DEBUG org.asynchttpclient.netty.handler.WebSocketHandler - 

Request DefaultFullHttpRequest(decodeResult: success, version: HTTP/1.1, content: EmptyByteBufBE)
GET /devtools/browser/d62c63de-9f2c-4eb1-88aa-2b6077283a0d HTTP/1.1
upgrade: websocket
connection: upgrade
sec-websocket-key: 2J/H0lK7aInQy7JqEEbdAA==
sec-websocket-version: 13
origin: http://localhost:60706
host: localhost:60706
accept: */*
user-agent: AHC/2.1

Response DefaultHttpResponse(decodeResult: success, version: HTTP/1.1)
HTTP/1.1 101 WebSocket Protocol Handshake
Upgrade: WebSocket
Connection: Upgrade
Sec-WebSocket-Accept: hVgcrGA7hFB+waWXo6pM03Lq4mE=

08:34:50.072 [Forwarding get on session a35a7e6f3ac05f23e7dfa79f3b8f5c22 to remote] DEBUG org.asynchttpclient.netty.request.NettyRequestSender - Using pooled Channel '[id: 0xbd9614a6, L:/127.0.0.1:60705 - R:localhost/127.0.0.1:52281]' for 'POST' to 'http://localhost:52281/session/a35a7e6f3ac05f23e7dfa79f3b8f5c22/url'
08:34:50.072 [Forwarding get on session a35a7e6f3ac05f23e7dfa79f3b8f5c22 to remote] DEBUG org.asynchttpclient.netty.request.NettyRequestSender - Using open Channel [id: 0xbd9614a6, L:/127.0.0.1:60705 - R:localhost/127.0.0.1:52281] for POST '/session/a35a7e6f3ac05f23e7dfa79f3b8f5c22/url'
08:34:50.337 [AsyncHttpClient-1-1] DEBUG org.asynchttpclient.netty.channel.DefaultChannelPool - Entry count for : http://localhost:60706 : 1
08:34:51.428 [AsyncHttpClient-1-1] DEBUG org.asynchttpclient.netty.channel.DefaultChannelPool - Entry count for : http://localhost:60706 : 1
08:34:52.533 [AsyncHttpClient-1-1] DEBUG org.asynchttpclient.netty.channel.DefaultChannelPool - Entry count for : http://localhost:60706 : 1
08:34:53.629 [AsyncHttpClient-1-1] DEBUG org.asynchttpclient.netty.channel.DefaultChannelPool - Entry count for : http://localhost:60706 : 1
08:34:54.735 [AsyncHttpClient-1-1] DEBUG org.asynchttpclient.netty.channel.DefaultChannelPool - Entry count for : http://localhost:60706 : 1
08:34:55.651 [AsyncHttpClient-1-6] DEBUG org.asynchttpclient.netty.handler.HttpHandler - 

Request DefaultHttpRequest(decodeResult: success, version: HTTP/1.1)
POST /session/a35a7e6f3ac05f23e7dfa79f3b8f5c22/url HTTP/1.1
User-Agent: selenium/4.1.2 (java windows)
Content-Length: 49
Content-Type: application/json; charset=utf-8
host: localhost:52281
accept: */*

Response DefaultHttpResponse(decodeResult: success, version: HTTP/1.1)
HTTP/1.1 200 OK
Content-Type: application/json; charset=utf-8
cache-control: no-cache
content-length: 14

08:34:55.652 [AsyncHttpClient-1-6] DEBUG org.asynchttpclient.netty.channel.ChannelManager - Adding key: http://localhost:52281 for channel [id: 0xbd9614a6, L:/127.0.0.1:60705 - R:localhost/127.0.0.1:52281]
08:34:55.654 [Forwarding setTimeout on session a35a7e6f3ac05f23e7dfa79f3b8f5c22 to remote] DEBUG org.asynchttpclient.netty.request.NettyRequestSender - Using pooled Channel '[id: 0xbd9614a6, L:/127.0.0.1:60705 - R:localhost/127.0.0.1:52281]' for 'POST' to 'http://localhost:52281/session/a35a7e6f3ac05f23e7dfa79f3b8f5c22/timeouts'
08:34:55.654 [Forwarding setTimeout on session a35a7e6f3ac05f23e7dfa79f3b8f5c22 to remote] DEBUG org.asynchttpclient.netty.request.NettyRequestSender - Using open Channel [id: 0xbd9614a6, L:/127.0.0.1:60705 - R:localhost/127.0.0.1:52281] for POST '/session/a35a7e6f3ac05f23e7dfa79f3b8f5c22/timeouts'
08:34:55.656 [AsyncHttpClient-1-6] DEBUG org.asynchttpclient.netty.handler.HttpHandler - 

Request DefaultHttpRequest(decodeResult: success, version: HTTP/1.1)
POST /session/a35a7e6f3ac05f23e7dfa79f3b8f5c22/timeouts HTTP/1.1
User-Agent: selenium/4.1.2 (java windows)
Content-Length: 22
Content-Type: application/json; charset=utf-8
host: localhost:52281
accept: */*

Response DefaultHttpResponse(decodeResult: success, version: HTTP/1.1)
HTTP/1.1 200 OK
Content-Type: application/json; charset=utf-8
cache-control: no-cache
content-length: 14

08:34:55.656 [AsyncHttpClient-1-6] DEBUG org.asynchttpclient.netty.channel.ChannelManager - Adding key: http://localhost:52281 for channel [id: 0xbd9614a6, L:/127.0.0.1:60705 - R:localhost/127.0.0.1:52281]
08:34:55.659 [Forwarding getCurrentUrl on session a35a7e6f3ac05f23e7dfa79f3b8f5c22 to remote] DEBUG org.asynchttpclient.netty.request.NettyRequestSender - Using pooled Channel '[id: 0xbd9614a6, L:/127.0.0.1:60705 - R:localhost/127.0.0.1:52281]' for 'GET' to 'http://localhost:52281/session/a35a7e6f3ac05f23e7dfa79f3b8f5c22/url'
08:34:55.660 [Forwarding getCurrentUrl on session a35a7e6f3ac05f23e7dfa79f3b8f5c22 to remote] DEBUG org.asynchttpclient.netty.request.NettyRequestSender - Using open Channel [id: 0xbd9614a6, L:/127.0.0.1:60705 - R:localhost/127.0.0.1:52281] for GET '/session/a35a7e6f3ac05f23e7dfa79f3b8f5c22/url'
08:34:55.671 [AsyncHttpClient-1-6] DEBUG org.asynchttpclient.netty.handler.HttpHandler - 

Request DefaultFullHttpRequest(decodeResult: success, version: HTTP/1.1, content: EmptyByteBufBE)
GET /session/a35a7e6f3ac05f23e7dfa79f3b8f5c22/url HTTP/1.1
User-Agent: selenium/4.1.2 (java windows)
Cache-Control: no-cache
Content-Type: application/json; charset=utf-8
host: localhost:52281
accept: */*

Response DefaultHttpResponse(decodeResult: success, version: HTTP/1.1)
HTTP/1.1 200 OK
Content-Type: application/json; charset=utf-8
cache-control: no-cache
content-length: 31

08:34:55.671 [AsyncHttpClient-1-6] DEBUG org.asynchttpclient.netty.channel.ChannelManager - Adding key: http://localhost:52281 for channel [id: 0xbd9614a6, L:/127.0.0.1:60705 - R:localhost/127.0.0.1:52281]
  &amp#27;[32mGiven &amp#27;[0m&amp#27;[32mi access the web&amp#27;[0m                 &amp#27;[90m# starter.stepdefinitions.registerStep.iAccessTheWeb()&amp#27;[0m
08:34:55.680 [main] DEBUG net.serenitybdd.core.photography.Darkroom - Opening darkroom
08:34:55.681 [Darkroom Processing Line] DEBUG net.serenitybdd.core.photography.DarkroomProcessingLine - Darkroom processing line starting up
08:34:55.681 [Forwarding screenshot on session a35a7e6f3ac05f23e7dfa79f3b8f5c22 to remote] DEBUG org.asynchttpclient.netty.request.NettyRequestSender - Using pooled Channel '[id: 0xbd9614a6, L:/127.0.0.1:60705 - R:localhost/127.0.0.1:52281]' for 'GET' to 'http://localhost:52281/session/a35a7e6f3ac05f23e7dfa79f3b8f5c22/screenshot'
08:34:55.681 [Forwarding screenshot on session a35a7e6f3ac05f23e7dfa79f3b8f5c22 to remote] DEBUG org.asynchttpclient.netty.request.NettyRequestSender - Using open Channel [id: 0xbd9614a6, L:/127.0.0.1:60705 - R:localhost/127.0.0.1:52281] for GET '/session/a35a7e6f3ac05f23e7dfa79f3b8f5c22/screenshot'
08:34:55.829 [AsyncHttpClient-1-1] DEBUG org.asynchttpclient.netty.channel.DefaultChannelPool - Entry count for : http://localhost:60706 : 1
08:34:56.929 [AsyncHttpClient-1-1] DEBUG org.asynchttpclient.netty.channel.DefaultChannelPool - Entry count for : http://localhost:60706 : 1
08:34:57.848 [AsyncHttpClient-1-6] DEBUG org.asynchttpclient.netty.handler.HttpHandler - 

Request DefaultFullHttpRequest(decodeResult: success, version: HTTP/1.1, content: EmptyByteBufBE)
GET /session/a35a7e6f3ac05f23e7dfa79f3b8f5c22/screenshot HTTP/1.1
User-Agent: selenium/4.1.2 (java windows)
Cache-Control: no-cache
Content-Type: application/json; charset=utf-8
host: localhost:52281
accept: */*

Response DefaultHttpResponse(decodeResult: success, version: HTTP/1.1)
HTTP/1.1 200 OK
Content-Type: application/json; charset=utf-8
cache-control: no-cache
content-length: 42496

08:34:57.849 [AsyncHttpClient-1-6] DEBUG org.asynchttpclient.netty.channel.ChannelManager - Adding key: http://localhost:52281 for channel [id: 0xbd9614a6, L:/127.0.0.1:60705 - R:localhost/127.0.0.1:52281]
08:34:57.854 [main] DEBUG net.serenitybdd.core.photography.Darkroom - Send negative for processing for target\site\serenity\88a754c7ec520f5a7ac8696c8a2d23590ccade8e0da47a0eeab5f8df8e62c9c9.png
08:34:57.855 [Darkroom Processing Line] DEBUG net.serenitybdd.core.photography.DarkroomProcessingLine - Processing screenshot image in /var/screenshots/screenshot-12782329530055896295
08:34:57.855 [Darkroom Processing Line] DEBUG net.serenitybdd.core.photography.DarkroomProcessingLine - Saving screenshot to target\site\serenity\88a754c7ec520f5a7ac8696c8a2d23590ccade8e0da47a0eeab5f8df8e62c9c9.png
08:34:57.874 [Forwarding findElement on session a35a7e6f3ac05f23e7dfa79f3b8f5c22 to remote] DEBUG org.asynchttpclient.netty.request.NettyRequestSender - Using pooled Channel '[id: 0xbd9614a6, L:/127.0.0.1:60705 - R:localhost/127.0.0.1:52281]' for 'POST' to 'http://localhost:52281/session/a35a7e6f3ac05f23e7dfa79f3b8f5c22/element'
08:34:57.874 [Forwarding findElement on session a35a7e6f3ac05f23e7dfa79f3b8f5c22 to remote] DEBUG org.asynchttpclient.netty.request.NettyRequestSender - Using open Channel [id: 0xbd9614a6, L:/127.0.0.1:60705 - R:localhost/127.0.0.1:52281] for POST '/session/a35a7e6f3ac05f23e7dfa79f3b8f5c22/element'
08:34:57.919 [AsyncHttpClient-1-6] DEBUG org.asynchttpclient.netty.handler.HttpHandler - 

Request DefaultHttpRequest(decodeResult: success, version: HTTP/1.1)
POST /session/a35a7e6f3ac05f23e7dfa79f3b8f5c22/element HTTP/1.1
User-Agent: selenium/4.1.2 (java windows)
Content-Length: 170
Content-Type: application/json; charset=utf-8
host: localhost:52281
accept: */*

Response DefaultHttpResponse(decodeResult: success, version: HTTP/1.1)
HTTP/1.1 200 OK
Content-Type: application/json; charset=utf-8
cache-control: no-cache
content-length: 88

08:34:57.919 [AsyncHttpClient-1-6] DEBUG org.asynchttpclient.netty.channel.ChannelManager - Adding key: http://localhost:52281 for channel [id: 0xbd9614a6, L:/127.0.0.1:60705 - R:localhost/127.0.0.1:52281]
08:34:57.922 [Forwarding getElementTagName on session a35a7e6f3ac05f23e7dfa79f3b8f5c22 to remote] DEBUG org.asynchttpclient.netty.request.NettyRequestSender - Using pooled Channel '[id: 0xbd9614a6, L:/127.0.0.1:60705 - R:localhost/127.0.0.1:52281]' for 'GET' to 'http://localhost:52281/session/a35a7e6f3ac05f23e7dfa79f3b8f5c22/element/dfef92b1-2fa7-44a4-b30b-03714a741167/name'
08:34:57.922 [Forwarding getElementTagName on session a35a7e6f3ac05f23e7dfa79f3b8f5c22 to remote] DEBUG org.asynchttpclient.netty.request.NettyRequestSender - Using open Channel [id: 0xbd9614a6, L:/127.0.0.1:60705 - R:localhost/127.0.0.1:52281] for GET '/session/a35a7e6f3ac05f23e7dfa79f3b8f5c22/element/dfef92b1-2fa7-44a4-b30b-03714a741167/name'
08:34:57.933 [AsyncHttpClient-1-6] DEBUG org.asynchttpclient.netty.handler.HttpHandler - 

Request DefaultFullHttpRequest(decodeResult: success, version: HTTP/1.1, content: EmptyByteBufBE)
GET /session/a35a7e6f3ac05f23e7dfa79f3b8f5c22/element/dfef92b1-2fa7-44a4-b30b-03714a741167/name HTTP/1.1
User-Agent: selenium/4.1.2 (java windows)
Cache-Control: no-cache
Content-Type: application/json; charset=utf-8
host: localhost:52281
accept: */*

Response DefaultHttpResponse(decodeResult: success, version: HTTP/1.1)
HTTP/1.1 200 OK
Content-Type: application/json; charset=utf-8
cache-control: no-cache
content-length: 13

08:34:57.933 [AsyncHttpClient-1-6] DEBUG org.asynchttpclient.netty.channel.ChannelManager - Adding key: http://localhost:52281 for channel [id: 0xbd9614a6, L:/127.0.0.1:60705 - R:localhost/127.0.0.1:52281]
08:34:57.936 [Forwarding getElementTagName on session a35a7e6f3ac05f23e7dfa79f3b8f5c22 to remote] DEBUG org.asynchttpclient.netty.request.NettyRequestSender - Using pooled Channel '[id: 0xbd9614a6, L:/127.0.0.1:60705 - R:localhost/127.0.0.1:52281]' for 'GET' to 'http://localhost:52281/session/a35a7e6f3ac05f23e7dfa79f3b8f5c22/element/dfef92b1-2fa7-44a4-b30b-03714a741167/name'
08:34:57.936 [Forwarding getElementTagName on session a35a7e6f3ac05f23e7dfa79f3b8f5c22 to remote] DEBUG org.asynchttpclient.netty.request.NettyRequestSender - Using open Channel [id: 0xbd9614a6, L:/127.0.0.1:60705 - R:localhost/127.0.0.1:52281] for GET '/session/a35a7e6f3ac05f23e7dfa79f3b8f5c22/element/dfef92b1-2fa7-44a4-b30b-03714a741167/name'
08:34:57.943 [AsyncHttpClient-1-6] DEBUG org.asynchttpclient.netty.handler.HttpHandler - 

Request DefaultFullHttpRequest(decodeResult: success, version: HTTP/1.1, content: EmptyByteBufBE)
GET /session/a35a7e6f3ac05f23e7dfa79f3b8f5c22/element/dfef92b1-2fa7-44a4-b30b-03714a741167/name HTTP/1.1
User-Agent: selenium/4.1.2 (java windows)
Cache-Control: no-cache
Content-Type: application/json; charset=utf-8
host: localhost:52281
accept: */*

Response DefaultHttpResponse(decodeResult: success, version: HTTP/1.1)
HTTP/1.1 200 OK
Content-Type: application/json; charset=utf-8
cache-control: no-cache
content-length: 13

08:34:57.944 [AsyncHttpClient-1-6] DEBUG org.asynchttpclient.netty.channel.ChannelManager - Adding key: http://localhost:52281 for channel [id: 0xbd9614a6, L:/127.0.0.1:60705 - R:localhost/127.0.0.1:52281]
08:34:57.946 [Forwarding findElement on session a35a7e6f3ac05f23e7dfa79f3b8f5c22 to remote] DEBUG org.asynchttpclient.netty.request.NettyRequestSender - Using pooled Channel '[id: 0xbd9614a6, L:/127.0.0.1:60705 - R:localhost/127.0.0.1:52281]' for 'POST' to 'http://localhost:52281/session/a35a7e6f3ac05f23e7dfa79f3b8f5c22/element'
08:34:57.946 [Forwarding findElement on session a35a7e6f3ac05f23e7dfa79f3b8f5c22 to remote] DEBUG org.asynchttpclient.netty.request.NettyRequestSender - Using open Channel [id: 0xbd9614a6, L:/127.0.0.1:60705 - R:localhost/127.0.0.1:52281] for POST '/session/a35a7e6f3ac05f23e7dfa79f3b8f5c22/element'
08:34:57.967 [AsyncHttpClient-1-6] DEBUG org.asynchttpclient.netty.handler.HttpHandler - 

Request DefaultHttpRequest(decodeResult: success, version: HTTP/1.1)
POST /session/a35a7e6f3ac05f23e7dfa79f3b8f5c22/element HTTP/1.1
User-Agent: selenium/4.1.2 (java windows)
Content-Length: 170
Content-Type: application/json; charset=utf-8
host: localhost:52281
accept: */*

Response DefaultHttpResponse(decodeResult: success, version: HTTP/1.1)
HTTP/1.1 200 OK
Content-Type: application/json; charset=utf-8
cache-control: no-cache
content-length: 88

08:34:57.968 [AsyncHttpClient-1-6] DEBUG org.asynchttpclient.netty.channel.ChannelManager - Adding key: http://localhost:52281 for channel [id: 0xbd9614a6, L:/127.0.0.1:60705 - R:localhost/127.0.0.1:52281]
08:34:57.970 [Forwarding clickElement on session a35a7e6f3ac05f23e7dfa79f3b8f5c22 to remote] DEBUG org.asynchttpclient.netty.request.NettyRequestSender - Using pooled Channel '[id: 0xbd9614a6, L:/127.0.0.1:60705 - R:localhost/127.0.0.1:52281]' for 'POST' to 'http://localhost:52281/session/a35a7e6f3ac05f23e7dfa79f3b8f5c22/element/dfef92b1-2fa7-44a4-b30b-03714a741167/click'
08:34:57.970 [Forwarding clickElement on session a35a7e6f3ac05f23e7dfa79f3b8f5c22 to remote] DEBUG org.asynchttpclient.netty.request.NettyRequestSender - Using open Channel [id: 0xbd9614a6, L:/127.0.0.1:60705 - R:localhost/127.0.0.1:52281] for POST '/session/a35a7e6f3ac05f23e7dfa79f3b8f5c22/element/dfef92b1-2fa7-44a4-b30b-03714a741167/click'
08:34:58.037 [AsyncHttpClient-1-1] DEBUG org.asynchttpclient.netty.channel.DefaultChannelPool - Entry count for : http://localhost:60706 : 1
08:34:58.043 [AsyncHttpClient-1-6] DEBUG org.asynchttpclient.netty.handler.HttpHandler - 

Request DefaultHttpRequest(decodeResult: success, version: HTTP/1.1)
POST /session/a35a7e6f3ac05f23e7dfa79f3b8f5c22/element/dfef92b1-2fa7-44a4-b30b-03714a741167/click HTTP/1.1
User-Agent: selenium/4.1.2 (java windows)
Content-Length: 50
Content-Type: application/json; charset=utf-8
host: localhost:52281
accept: */*

Response DefaultHttpResponse(decodeResult: success, version: HTTP/1.1)
HTTP/1.1 200 OK
Content-Type: application/json; charset=utf-8
cache-control: no-cache
content-length: 14

08:34:58.043 [AsyncHttpClient-1-6] DEBUG org.asynchttpclient.netty.channel.ChannelManager - Adding key: http://localhost:52281 for channel [id: 0xbd9614a6, L:/127.0.0.1:60705 - R:localhost/127.0.0.1:52281]
08:34:58.051 [Forwarding get on session a35a7e6f3ac05f23e7dfa79f3b8f5c22 to remote] DEBUG org.asynchttpclient.netty.request.NettyRequestSender - Using pooled Channel '[id: 0xbd9614a6, L:/127.0.0.1:60705 - R:localhost/127.0.0.1:52281]' for 'POST' to 'http://localhost:52281/session/a35a7e6f3ac05f23e7dfa79f3b8f5c22/url'
08:34:58.051 [Forwarding get on session a35a7e6f3ac05f23e7dfa79f3b8f5c22 to remote] DEBUG org.asynchttpclient.netty.request.NettyRequestSender - Using open Channel [id: 0xbd9614a6, L:/127.0.0.1:60705 - R:localhost/127.0.0.1:52281] for POST '/session/a35a7e6f3ac05f23e7dfa79f3b8f5c22/url'
08:34:58.613 [AsyncHttpClient-1-6] DEBUG org.asynchttpclient.netty.handler.HttpHandler - 

Request DefaultHttpRequest(decodeResult: success, version: HTTP/1.1)
POST /session/a35a7e6f3ac05f23e7dfa79f3b8f5c22/url HTTP/1.1
User-Agent: selenium/4.1.2 (java windows)
Content-Length: 67
Content-Type: application/json; charset=utf-8
host: localhost:52281
accept: */*

Response DefaultHttpResponse(decodeResult: success, version: HTTP/1.1)
HTTP/1.1 200 OK
Content-Type: application/json; charset=utf-8
cache-control: no-cache
content-length: 14

08:34:58.614 [AsyncHttpClient-1-6] DEBUG org.asynchttpclient.netty.channel.ChannelManager - Adding key: http://localhost:52281 for channel [id: 0xbd9614a6, L:/127.0.0.1:60705 - R:localhost/127.0.0.1:52281]
08:34:58.618 [Forwarding getCurrentUrl on session a35a7e6f3ac05f23e7dfa79f3b8f5c22 to remote] DEBUG org.asynchttpclient.netty.request.NettyRequestSender - Using pooled Channel '[id: 0xbd9614a6, L:/127.0.0.1:60705 - R:localhost/127.0.0.1:52281]' for 'GET' to 'http://localhost:52281/session/a35a7e6f3ac05f23e7dfa79f3b8f5c22/url'
08:34:58.618 [Forwarding getCurrentUrl on session a35a7e6f3ac05f23e7dfa79f3b8f5c22 to remote] DEBUG org.asynchttpclient.netty.request.NettyRequestSender - Using open Channel [id: 0xbd9614a6, L:/127.0.0.1:60705 - R:localhost/127.0.0.1:52281] for GET '/session/a35a7e6f3ac05f23e7dfa79f3b8f5c22/url'
08:34:58.624 [AsyncHttpClient-1-6] DEBUG org.asynchttpclient.netty.handler.HttpHandler - 

Request DefaultFullHttpRequest(decodeResult: success, version: HTTP/1.1, content: EmptyByteBufBE)
GET /session/a35a7e6f3ac05f23e7dfa79f3b8f5c22/url HTTP/1.1
User-Agent: selenium/4.1.2 (java windows)
Cache-Control: no-cache
Content-Type: application/json; charset=utf-8
host: localhost:52281
accept: */*

Response DefaultHttpResponse(decodeResult: success, version: HTTP/1.1)
HTTP/1.1 200 OK
Content-Type: application/json; charset=utf-8
cache-control: no-cache
content-length: 44

08:34:58.625 [AsyncHttpClient-1-6] DEBUG org.asynchttpclient.netty.channel.ChannelManager - Adding key: http://localhost:52281 for channel [id: 0xbd9614a6, L:/127.0.0.1:60705 - R:localhost/127.0.0.1:52281]
  &amp#27;[32mWhen &amp#27;[0m&amp#27;[32mi click icon account and register&amp#27;[0m &amp#27;[90m# starter.stepdefinitions.registerStep.iClickIconAccountAndRegister()&amp#27;[0m
08:34:58.634 [Forwarding screenshot on session a35a7e6f3ac05f23e7dfa79f3b8f5c22 to remote] DEBUG org.asynchttpclient.netty.request.NettyRequestSender - Using pooled Channel '[id: 0xbd9614a6, L:/127.0.0.1:60705 - R:localhost/127.0.0.1:52281]' for 'GET' to 'http://localhost:52281/session/a35a7e6f3ac05f23e7dfa79f3b8f5c22/screenshot'
08:34:58.634 [Forwarding screenshot on session a35a7e6f3ac05f23e7dfa79f3b8f5c22 to remote] DEBUG org.asynchttpclient.netty.request.NettyRequestSender - Using open Channel [id: 0xbd9614a6, L:/127.0.0.1:60705 - R:localhost/127.0.0.1:52281] for GET '/session/a35a7e6f3ac05f23e7dfa79f3b8f5c22/screenshot'
08:34:58.892 [AsyncHttpClient-1-6] DEBUG org.asynchttpclient.netty.handler.HttpHandler - 

Request DefaultFullHttpRequest(decodeResult: success, version: HTTP/1.1, content: EmptyByteBufBE)
GET /session/a35a7e6f3ac05f23e7dfa79f3b8f5c22/screenshot HTTP/1.1
User-Agent: selenium/4.1.2 (java windows)
Cache-Control: no-cache
Content-Type: application/json; charset=utf-8
host: localhost:52281
accept: */*

Response DefaultHttpResponse(decodeResult: success, version: HTTP/1.1)
HTTP/1.1 200 OK
Content-Type: application/json; charset=utf-8
cache-control: no-cache
content-length: 44716

08:34:58.894 [AsyncHttpClient-1-6] DEBUG org.asynchttpclient.netty.channel.ChannelManager - Adding key: http://localhost:52281 for channel [id: 0xbd9614a6, L:/127.0.0.1:60705 - R:localhost/127.0.0.1:52281]
08:34:58.899 [main] DEBUG net.serenitybdd.core.photography.Darkroom - Send negative for processing for target\site\serenity\becf25742f962f1ef6abe1000a3d5f2022731460b7616a24218875a92033b8db.png
08:34:58.899 [Darkroom Processing Line] DEBUG net.serenitybdd.core.photography.DarkroomProcessingLine - Processing screenshot image in /var/screenshots/screenshot-7321158924360905648
08:34:58.899 [Darkroom Processing Line] DEBUG net.serenitybdd.core.photography.DarkroomProcessingLine - Saving screenshot to target\site\serenity\becf25742f962f1ef6abe1000a3d5f2022731460b7616a24218875a92033b8db.png
08:34:58.919 [Forwarding findElement on session a35a7e6f3ac05f23e7dfa79f3b8f5c22 to remote] DEBUG org.asynchttpclient.netty.request.NettyRequestSender - Using pooled Channel '[id: 0xbd9614a6, L:/127.0.0.1:60705 - R:localhost/127.0.0.1:52281]' for 'POST' to 'http://localhost:52281/session/a35a7e6f3ac05f23e7dfa79f3b8f5c22/element'
08:34:58.919 [Forwarding findElement on session a35a7e6f3ac05f23e7dfa79f3b8f5c22 to remote] DEBUG org.asynchttpclient.netty.request.NettyRequestSender - Using open Channel [id: 0xbd9614a6, L:/127.0.0.1:60705 - R:localhost/127.0.0.1:52281] for POST '/session/a35a7e6f3ac05f23e7dfa79f3b8f5c22/element'
08:34:58.938 [AsyncHttpClient-1-6] DEBUG org.asynchttpclient.netty.handler.HttpHandler - 

Request DefaultHttpRequest(decodeResult: success, version: HTTP/1.1)
POST /session/a35a7e6f3ac05f23e7dfa79f3b8f5c22/element HTTP/1.1
User-Agent: selenium/4.1.2 (java windows)
Content-Length: 93
Content-Type: application/json; charset=utf-8
host: localhost:52281
accept: */*

Response DefaultHttpResponse(decodeResult: success, version: HTTP/1.1)
HTTP/1.1 200 OK
Content-Type: application/json; charset=utf-8
cache-control: no-cache
content-length: 88

08:34:58.939 [AsyncHttpClient-1-6] DEBUG org.asynchttpclient.netty.channel.ChannelManager - Adding key: http://localhost:52281 for channel [id: 0xbd9614a6, L:/127.0.0.1:60705 - R:localhost/127.0.0.1:52281]
08:34:58.940 [Forwarding clearElement on session a35a7e6f3ac05f23e7dfa79f3b8f5c22 to remote] DEBUG org.asynchttpclient.netty.request.NettyRequestSender - Using pooled Channel '[id: 0xbd9614a6, L:/127.0.0.1:60705 - R:localhost/127.0.0.1:52281]' for 'POST' to 'http://localhost:52281/session/a35a7e6f3ac05f23e7dfa79f3b8f5c22/element/d425ff2f-61a1-43f0-af13-7bd95cfc4b8a/clear'
08:34:58.940 [Forwarding clearElement on session a35a7e6f3ac05f23e7dfa79f3b8f5c22 to remote] DEBUG org.asynchttpclient.netty.request.NettyRequestSender - Using open Channel [id: 0xbd9614a6, L:/127.0.0.1:60705 - R:localhost/127.0.0.1:52281] for POST '/session/a35a7e6f3ac05f23e7dfa79f3b8f5c22/element/d425ff2f-61a1-43f0-af13-7bd95cfc4b8a/clear'
08:34:59.003 [AsyncHttpClient-1-6] DEBUG org.asynchttpclient.netty.handler.HttpHandler - 

Request DefaultHttpRequest(decodeResult: success, version: HTTP/1.1)
POST /session/a35a7e6f3ac05f23e7dfa79f3b8f5c22/element/d425ff2f-61a1-43f0-af13-7bd95cfc4b8a/clear HTTP/1.1
User-Agent: selenium/4.1.2 (java windows)
Content-Length: 50
Content-Type: application/json; charset=utf-8
host: localhost:52281
accept: */*

Response DefaultHttpResponse(decodeResult: success, version: HTTP/1.1)
HTTP/1.1 200 OK
Content-Type: application/json; charset=utf-8
cache-control: no-cache
content-length: 14

08:34:59.004 [AsyncHttpClient-1-6] DEBUG org.asynchttpclient.netty.channel.ChannelManager - Adding key: http://localhost:52281 for channel [id: 0xbd9614a6, L:/127.0.0.1:60705 - R:localhost/127.0.0.1:52281]
08:34:59.007 [Forwarding sendKeysToElement on session a35a7e6f3ac05f23e7dfa79f3b8f5c22 to remote] DEBUG org.asynchttpclient.netty.request.NettyRequestSender - Using pooled Channel '[id: 0xbd9614a6, L:/127.0.0.1:60705 - R:localhost/127.0.0.1:52281]' for 'POST' to 'http://localhost:52281/session/a35a7e6f3ac05f23e7dfa79f3b8f5c22/element/d425ff2f-61a1-43f0-af13-7bd95cfc4b8a/value'
08:34:59.007 [Forwarding sendKeysToElement on session a35a7e6f3ac05f23e7dfa79f3b8f5c22 to remote] DEBUG org.asynchttpclient.netty.request.NettyRequestSender - Using open Channel [id: 0xbd9614a6, L:/127.0.0.1:60705 - R:localhost/127.0.0.1:52281] for POST '/session/a35a7e6f3ac05f23e7dfa79f3b8f5c22/element/d425ff2f-61a1-43f0-af13-7bd95cfc4b8a/value'
08:34:59.128 [AsyncHttpClient-1-1] DEBUG org.asynchttpclient.netty.channel.DefaultChannelPool - Entry count for : http://localhost:60706 : 1
08:34:59.214 [AsyncHttpClient-1-6] DEBUG org.asynchttpclient.netty.handler.HttpHandler - 

Request DefaultHttpRequest(decodeResult: success, version: HTTP/1.1)
POST /session/a35a7e6f3ac05f23e7dfa79f3b8f5c22/element/d425ff2f-61a1-43f0-af13-7bd95cfc4b8a/value HTTP/1.1
User-Agent: selenium/4.1.2 (java windows)
Content-Length: 171
Content-Type: application/json; charset=utf-8
host: localhost:52281
accept: */*

Response DefaultHttpResponse(decodeResult: success, version: HTTP/1.1)
HTTP/1.1 200 OK
Content-Type: application/json; charset=utf-8
cache-control: no-cache
content-length: 14

08:34:59.214 [AsyncHttpClient-1-6] DEBUG org.asynchttpclient.netty.channel.ChannelManager - Adding key: http://localhost:52281 for channel [id: 0xbd9614a6, L:/127.0.0.1:60705 - R:localhost/127.0.0.1:52281]
  &amp#27;[32mAnd &amp#27;[0m&amp#27;[32mi input &amp#27;[0m&amp#27;[32m&amp#27;[1m"sonyaprds"&amp#27;[0m&amp#27;[32m my name&amp#27;[0m        &amp#27;[90m# starter.stepdefinitions.registerStep.iInputMyName(java.lang.String)&amp#27;[0m
08:34:59.225 [Forwarding screenshot on session a35a7e6f3ac05f23e7dfa79f3b8f5c22 to remote] DEBUG org.asynchttpclient.netty.request.NettyRequestSender - Using pooled Channel '[id: 0xbd9614a6, L:/127.0.0.1:60705 - R:localhost/127.0.0.1:52281]' for 'GET' to 'http://localhost:52281/session/a35a7e6f3ac05f23e7dfa79f3b8f5c22/screenshot'
08:34:59.225 [Forwarding screenshot on session a35a7e6f3ac05f23e7dfa79f3b8f5c22 to remote] DEBUG org.asynchttpclient.netty.request.NettyRequestSender - Using open Channel [id: 0xbd9614a6, L:/127.0.0.1:60705 - R:localhost/127.0.0.1:52281] for GET '/session/a35a7e6f3ac05f23e7dfa79f3b8f5c22/screenshot'
08:34:59.451 [AsyncHttpClient-1-6] DEBUG org.asynchttpclient.netty.handler.HttpHandler - 

Request DefaultFullHttpRequest(decodeResult: success, version: HTTP/1.1, content: EmptyByteBufBE)
GET /session/a35a7e6f3ac05f23e7dfa79f3b8f5c22/screenshot HTTP/1.1
User-Agent: selenium/4.1.2 (java windows)
Cache-Control: no-cache
Content-Type: application/json; charset=utf-8
host: localhost:52281
accept: */*

Response DefaultHttpResponse(decodeResult: success, version: HTTP/1.1)
HTTP/1.1 200 OK
Content-Type: application/json; charset=utf-8
cache-control: no-cache
content-length: 48792

08:34:59.451 [AsyncHttpClient-1-6] DEBUG org.asynchttpclient.netty.channel.ChannelManager - Adding key: http://localhost:52281 for channel [id: 0xbd9614a6, L:/127.0.0.1:60705 - R:localhost/127.0.0.1:52281]
08:34:59.455 [main] DEBUG net.serenitybdd.core.photography.Darkroom - Send negative for processing for target\site\serenity\adc76115bff8ae42ff0c7878cb36073d277138954219e6228f1eba22d9d23848.png
08:34:59.456 [Darkroom Processing Line] DEBUG net.serenitybdd.core.photography.DarkroomProcessingLine - Processing screenshot image in /var/screenshots/screenshot-10727940197051653271
08:34:59.456 [Darkroom Processing Line] DEBUG net.serenitybdd.core.photography.DarkroomProcessingLine - Saving screenshot to target\site\serenity\adc76115bff8ae42ff0c7878cb36073d277138954219e6228f1eba22d9d23848.png
08:34:59.472 [Forwarding findElement on session a35a7e6f3ac05f23e7dfa79f3b8f5c22 to remote] DEBUG org.asynchttpclient.netty.request.NettyRequestSender - Using pooled Channel '[id: 0xbd9614a6, L:/127.0.0.1:60705 - R:localhost/127.0.0.1:52281]' for 'POST' to 'http://localhost:52281/session/a35a7e6f3ac05f23e7dfa79f3b8f5c22/element'
08:34:59.472 [Forwarding findElement on session a35a7e6f3ac05f23e7dfa79f3b8f5c22 to remote] DEBUG org.asynchttpclient.netty.request.NettyRequestSender - Using open Channel [id: 0xbd9614a6, L:/127.0.0.1:60705 - R:localhost/127.0.0.1:52281] for POST '/session/a35a7e6f3ac05f23e7dfa79f3b8f5c22/element'
08:34:59.489 [AsyncHttpClient-1-6] DEBUG org.asynchttpclient.netty.handler.HttpHandler - 

Request DefaultHttpRequest(decodeResult: success, version: HTTP/1.1)
POST /session/a35a7e6f3ac05f23e7dfa79f3b8f5c22/element HTTP/1.1
User-Agent: selenium/4.1.2 (java windows)
Content-Length: 86
Content-Type: application/json; charset=utf-8
host: localhost:52281
accept: */*

Response DefaultHttpResponse(decodeResult: success, version: HTTP/1.1)
HTTP/1.1 200 OK
Content-Type: application/json; charset=utf-8
cache-control: no-cache
content-length: 88

08:34:59.489 [AsyncHttpClient-1-6] DEBUG org.asynchttpclient.netty.channel.ChannelManager - Adding key: http://localhost:52281 for channel [id: 0xbd9614a6, L:/127.0.0.1:60705 - R:localhost/127.0.0.1:52281]
08:34:59.491 [Forwarding clearElement on session a35a7e6f3ac05f23e7dfa79f3b8f5c22 to remote] DEBUG org.asynchttpclient.netty.request.NettyRequestSender - Using pooled Channel '[id: 0xbd9614a6, L:/127.0.0.1:60705 - R:localhost/127.0.0.1:52281]' for 'POST' to 'http://localhost:52281/session/a35a7e6f3ac05f23e7dfa79f3b8f5c22/element/c94d01c4-e838-454e-a4dc-a52b14255f2d/clear'
08:34:59.491 [Forwarding clearElement on session a35a7e6f3ac05f23e7dfa79f3b8f5c22 to remote] DEBUG org.asynchttpclient.netty.request.NettyRequestSender - Using open Channel [id: 0xbd9614a6, L:/127.0.0.1:60705 - R:localhost/127.0.0.1:52281] for POST '/session/a35a7e6f3ac05f23e7dfa79f3b8f5c22/element/c94d01c4-e838-454e-a4dc-a52b14255f2d/clear'
08:34:59.539 [AsyncHttpClient-1-6] DEBUG org.asynchttpclient.netty.handler.HttpHandler - 

Request DefaultHttpRequest(decodeResult: success, version: HTTP/1.1)
POST /session/a35a7e6f3ac05f23e7dfa79f3b8f5c22/element/c94d01c4-e838-454e-a4dc-a52b14255f2d/clear HTTP/1.1
User-Agent: selenium/4.1.2 (java windows)
Content-Length: 50
Content-Type: application/json; charset=utf-8
host: localhost:52281
accept: */*

Response DefaultHttpResponse(decodeResult: success, version: HTTP/1.1)
HTTP/1.1 200 OK
Content-Type: application/json; charset=utf-8
cache-control: no-cache
content-length: 14

08:34:59.539 [AsyncHttpClient-1-6] DEBUG org.asynchttpclient.netty.channel.ChannelManager - Adding key: http://localhost:52281 for channel [id: 0xbd9614a6, L:/127.0.0.1:60705 - R:localhost/127.0.0.1:52281]
08:34:59.542 [Forwarding sendKeysToElement on session a35a7e6f3ac05f23e7dfa79f3b8f5c22 to remote] DEBUG org.asynchttpclient.netty.request.NettyRequestSender - Using pooled Channel '[id: 0xbd9614a6, L:/127.0.0.1:60705 - R:localhost/127.0.0.1:52281]' for 'POST' to 'http://localhost:52281/session/a35a7e6f3ac05f23e7dfa79f3b8f5c22/element/c94d01c4-e838-454e-a4dc-a52b14255f2d/value'
08:34:59.542 [Forwarding sendKeysToElement on session a35a7e6f3ac05f23e7dfa79f3b8f5c22 to remote] DEBUG org.asynchttpclient.netty.request.NettyRequestSender - Using open Channel [id: 0xbd9614a6, L:/127.0.0.1:60705 - R:localhost/127.0.0.1:52281] for POST '/session/a35a7e6f3ac05f23e7dfa79f3b8f5c22/element/c94d01c4-e838-454e-a4dc-a52b14255f2d/value'
08:34:59.723 [AsyncHttpClient-1-6] DEBUG org.asynchttpclient.netty.handler.HttpHandler - 

Request DefaultHttpRequest(decodeResult: success, version: HTTP/1.1)
POST /session/a35a7e6f3ac05f23e7dfa79f3b8f5c22/element/c94d01c4-e838-454e-a4dc-a52b14255f2d/value HTTP/1.1
User-Agent: selenium/4.1.2 (java windows)
Content-Length: 231
Content-Type: application/json; charset=utf-8
host: localhost:52281
accept: */*

Response DefaultHttpResponse(decodeResult: success, version: HTTP/1.1)
HTTP/1.1 200 OK
Content-Type: application/json; charset=utf-8
cache-control: no-cache
content-length: 14

08:34:59.723 [AsyncHttpClient-1-6] DEBUG org.asynchttpclient.netty.channel.ChannelManager - Adding key: http://localhost:52281 for channel [id: 0xbd9614a6, L:/127.0.0.1:60705 - R:localhost/127.0.0.1:52281]
  &amp#27;[32mAnd &amp#27;[0m&amp#27;[32mi input &amp#27;[0m&amp#27;[32m&amp#27;[1m"sonya@gmail.com"&amp#27;[0m&amp#27;[32m my email&amp#27;[0m &amp#27;[90m# starter.stepdefinitions.registerStep.iInputMyEmail(java.lang.String)&amp#27;[0m
08:34:59.735 [Forwarding screenshot on session a35a7e6f3ac05f23e7dfa79f3b8f5c22 to remote] DEBUG org.asynchttpclient.netty.request.NettyRequestSender - Using pooled Channel '[id: 0xbd9614a6, L:/127.0.0.1:60705 - R:localhost/127.0.0.1:52281]' for 'GET' to 'http://localhost:52281/session/a35a7e6f3ac05f23e7dfa79f3b8f5c22/screenshot'
08:34:59.735 [Forwarding screenshot on session a35a7e6f3ac05f23e7dfa79f3b8f5c22 to remote] DEBUG org.asynchttpclient.netty.request.NettyRequestSender - Using open Channel [id: 0xbd9614a6, L:/127.0.0.1:60705 - R:localhost/127.0.0.1:52281] for GET '/session/a35a7e6f3ac05f23e7dfa79f3b8f5c22/screenshot'
08:34:59.933 [AsyncHttpClient-1-6] DEBUG org.asynchttpclient.netty.handler.HttpHandler - 

Request DefaultFullHttpRequest(decodeResult: success, version: HTTP/1.1, content: EmptyByteBufBE)
GET /session/a35a7e6f3ac05f23e7dfa79f3b8f5c22/screenshot HTTP/1.1
User-Agent: selenium/4.1.2 (java windows)
Cache-Control: no-cache
Content-Type: application/json; charset=utf-8
host: localhost:52281
accept: */*

Response DefaultHttpResponse(decodeResult: success, version: HTTP/1.1)
HTTP/1.1 200 OK
Content-Type: application/json; charset=utf-8
cache-control: no-cache
content-length: 55152

08:34:59.933 [AsyncHttpClient-1-6] DEBUG org.asynchttpclient.netty.channel.ChannelManager - Adding key: http://localhost:52281 for channel [id: 0xbd9614a6, L:/127.0.0.1:60705 - R:localhost/127.0.0.1:52281]
08:34:59.936 [main] DEBUG net.serenitybdd.core.photography.Darkroom - Send negative for processing for target\site\serenity\76984dfb2b662d100c11ebb8ddcffe2fce4329a7911d826477e3cd200a8cc58c.png
08:34:59.937 [Darkroom Processing Line] DEBUG net.serenitybdd.core.photography.DarkroomProcessingLine - Processing screenshot image in /var/screenshots/screenshot-12162087229049587672
08:34:59.937 [Darkroom Processing Line] DEBUG net.serenitybdd.core.photography.DarkroomProcessingLine - Saving screenshot to target\site\serenity\76984dfb2b662d100c11ebb8ddcffe2fce4329a7911d826477e3cd200a8cc58c.png
08:34:59.951 [Forwarding findElement on session a35a7e6f3ac05f23e7dfa79f3b8f5c22 to remote] DEBUG org.asynchttpclient.netty.request.NettyRequestSender - Using pooled Channel '[id: 0xbd9614a6, L:/127.0.0.1:60705 - R:localhost/127.0.0.1:52281]' for 'POST' to 'http://localhost:52281/session/a35a7e6f3ac05f23e7dfa79f3b8f5c22/element'
08:34:59.951 [Forwarding findElement on session a35a7e6f3ac05f23e7dfa79f3b8f5c22 to remote] DEBUG org.asynchttpclient.netty.request.NettyRequestSender - Using open Channel [id: 0xbd9614a6, L:/127.0.0.1:60705 - R:localhost/127.0.0.1:52281] for POST '/session/a35a7e6f3ac05f23e7dfa79f3b8f5c22/element'
08:34:59.971 [AsyncHttpClient-1-6] DEBUG org.asynchttpclient.netty.handler.HttpHandler - 

Request DefaultHttpRequest(decodeResult: success, version: HTTP/1.1)
POST /session/a35a7e6f3ac05f23e7dfa79f3b8f5c22/element HTTP/1.1
User-Agent: selenium/4.1.2 (java windows)
Content-Length: 89
Content-Type: application/json; charset=utf-8
host: localhost:52281
accept: */*

Response DefaultHttpResponse(decodeResult: success, version: HTTP/1.1)
HTTP/1.1 200 OK
Content-Type: application/json; charset=utf-8
cache-control: no-cache
content-length: 88

08:34:59.971 [AsyncHttpClient-1-6] DEBUG org.asynchttpclient.netty.channel.ChannelManager - Adding key: http://localhost:52281 for channel [id: 0xbd9614a6, L:/127.0.0.1:60705 - R:localhost/127.0.0.1:52281]
08:34:59.975 [Forwarding clearElement on session a35a7e6f3ac05f23e7dfa79f3b8f5c22 to remote] DEBUG org.asynchttpclient.netty.request.NettyRequestSender - Using pooled Channel '[id: 0xbd9614a6, L:/127.0.0.1:60705 - R:localhost/127.0.0.1:52281]' for 'POST' to 'http://localhost:52281/session/a35a7e6f3ac05f23e7dfa79f3b8f5c22/element/5164ecea-44a8-4f1d-aaa3-0a9a90e174a3/clear'
08:34:59.975 [Forwarding clearElement on session a35a7e6f3ac05f23e7dfa79f3b8f5c22 to remote] DEBUG org.asynchttpclient.netty.request.NettyRequestSender - Using open Channel [id: 0xbd9614a6, L:/127.0.0.1:60705 - R:localhost/127.0.0.1:52281] for POST '/session/a35a7e6f3ac05f23e7dfa79f3b8f5c22/element/5164ecea-44a8-4f1d-aaa3-0a9a90e174a3/clear'
08:35:00.032 [AsyncHttpClient-1-6] DEBUG org.asynchttpclient.netty.handler.HttpHandler - 

Request DefaultHttpRequest(decodeResult: success, version: HTTP/1.1)
POST /session/a35a7e6f3ac05f23e7dfa79f3b8f5c22/element/5164ecea-44a8-4f1d-aaa3-0a9a90e174a3/clear HTTP/1.1
User-Agent: selenium/4.1.2 (java windows)
Content-Length: 50
Content-Type: application/json; charset=utf-8
host: localhost:52281
accept: */*

Response DefaultHttpResponse(decodeResult: success, version: HTTP/1.1)
HTTP/1.1 200 OK
Content-Type: application/json; charset=utf-8
cache-control: no-cache
content-length: 14

08:35:00.033 [AsyncHttpClient-1-6] DEBUG org.asynchttpclient.netty.channel.ChannelManager - Adding key: http://localhost:52281 for channel [id: 0xbd9614a6, L:/127.0.0.1:60705 - R:localhost/127.0.0.1:52281]
08:35:00.036 [Forwarding sendKeysToElement on session a35a7e6f3ac05f23e7dfa79f3b8f5c22 to remote] DEBUG org.asynchttpclient.netty.request.NettyRequestSender - Using pooled Channel '[id: 0xbd9614a6, L:/127.0.0.1:60705 - R:localhost/127.0.0.1:52281]' for 'POST' to 'http://localhost:52281/session/a35a7e6f3ac05f23e7dfa79f3b8f5c22/element/5164ecea-44a8-4f1d-aaa3-0a9a90e174a3/value'
08:35:00.036 [Forwarding sendKeysToElement on session a35a7e6f3ac05f23e7dfa79f3b8f5c22 to remote] DEBUG org.asynchttpclient.netty.request.NettyRequestSender - Using open Channel [id: 0xbd9614a6, L:/127.0.0.1:60705 - R:localhost/127.0.0.1:52281] for POST '/session/a35a7e6f3ac05f23e7dfa79f3b8f5c22/element/5164ecea-44a8-4f1d-aaa3-0a9a90e174a3/value'
08:35:00.151 [AsyncHttpClient-1-6] DEBUG org.asynchttpclient.netty.handler.HttpHandler - 

Request DefaultHttpRequest(decodeResult: success, version: HTTP/1.1)
POST /session/a35a7e6f3ac05f23e7dfa79f3b8f5c22/element/5164ecea-44a8-4f1d-aaa3-0a9a90e174a3/value HTTP/1.1
User-Agent: selenium/4.1.2 (java windows)
Content-Length: 131
Content-Type: application/json; charset=utf-8
host: localhost:52281
accept: */*

Response DefaultHttpResponse(decodeResult: success, version: HTTP/1.1)
HTTP/1.1 200 OK
Content-Type: application/json; charset=utf-8
cache-control: no-cache
content-length: 14

08:35:00.151 [AsyncHttpClient-1-6] DEBUG org.asynchttpclient.netty.channel.ChannelManager - Adding key: http://localhost:52281 for channel [id: 0xbd9614a6, L:/127.0.0.1:60705 - R:localhost/127.0.0.1:52281]
08:35:00.157 [Forwarding findElement on session a35a7e6f3ac05f23e7dfa79f3b8f5c22 to remote] DEBUG org.asynchttpclient.netty.request.NettyRequestSender - Using pooled Channel '[id: 0xbd9614a6, L:/127.0.0.1:60705 - R:localhost/127.0.0.1:52281]' for 'POST' to 'http://localhost:52281/session/a35a7e6f3ac05f23e7dfa79f3b8f5c22/element'
08:35:00.157 [Forwarding findElement on session a35a7e6f3ac05f23e7dfa79f3b8f5c22 to remote] DEBUG org.asynchttpclient.netty.request.NettyRequestSender - Using open Channel [id: 0xbd9614a6, L:/127.0.0.1:60705 - R:localhost/127.0.0.1:52281] for POST '/session/a35a7e6f3ac05f23e7dfa79f3b8f5c22/element'
08:35:00.170 [AsyncHttpClient-1-6] DEBUG org.asynchttpclient.netty.handler.HttpHandler - 

Request DefaultHttpRequest(decodeResult: success, version: HTTP/1.1)
POST /session/a35a7e6f3ac05f23e7dfa79f3b8f5c22/element HTTP/1.1
User-Agent: selenium/4.1.2 (java windows)
Content-Length: 89
Content-Type: application/json; charset=utf-8
host: localhost:52281
accept: */*

Response DefaultHttpResponse(decodeResult: success, version: HTTP/1.1)
HTTP/1.1 200 OK
Content-Type: application/json; charset=utf-8
cache-control: no-cache
content-length: 88

08:35:00.170 [AsyncHttpClient-1-6] DEBUG org.asynchttpclient.netty.channel.ChannelManager - Adding key: http://localhost:52281 for channel [id: 0xbd9614a6, L:/127.0.0.1:60705 - R:localhost/127.0.0.1:52281]
08:35:00.172 [Forwarding clearElement on session a35a7e6f3ac05f23e7dfa79f3b8f5c22 to remote] DEBUG org.asynchttpclient.netty.request.NettyRequestSender - Using pooled Channel '[id: 0xbd9614a6, L:/127.0.0.1:60705 - R:localhost/127.0.0.1:52281]' for 'POST' to 'http://localhost:52281/session/a35a7e6f3ac05f23e7dfa79f3b8f5c22/element/5164ecea-44a8-4f1d-aaa3-0a9a90e174a3/clear'
08:35:00.172 [Forwarding clearElement on session a35a7e6f3ac05f23e7dfa79f3b8f5c22 to remote] DEBUG org.asynchttpclient.netty.request.NettyRequestSender - Using open Channel [id: 0xbd9614a6, L:/127.0.0.1:60705 - R:localhost/127.0.0.1:52281] for POST '/session/a35a7e6f3ac05f23e7dfa79f3b8f5c22/element/5164ecea-44a8-4f1d-aaa3-0a9a90e174a3/clear'
08:35:00.208 [AsyncHttpClient-1-6] DEBUG org.asynchttpclient.netty.handler.HttpHandler - 

Request DefaultHttpRequest(decodeResult: success, version: HTTP/1.1)
POST /session/a35a7e6f3ac05f23e7dfa79f3b8f5c22/element/5164ecea-44a8-4f1d-aaa3-0a9a90e174a3/clear HTTP/1.1
User-Agent: selenium/4.1.2 (java windows)
Content-Length: 50
Content-Type: application/json; charset=utf-8
host: localhost:52281
accept: */*

Response DefaultHttpResponse(decodeResult: success, version: HTTP/1.1)
HTTP/1.1 200 OK
Content-Type: application/json; charset=utf-8
cache-control: no-cache
content-length: 14

08:35:00.209 [AsyncHttpClient-1-6] DEBUG org.asynchttpclient.netty.channel.ChannelManager - Adding key: http://localhost:52281 for channel [id: 0xbd9614a6, L:/127.0.0.1:60705 - R:localhost/127.0.0.1:52281]
08:35:00.213 [Forwarding sendKeysToElement on session a35a7e6f3ac05f23e7dfa79f3b8f5c22 to remote] DEBUG org.asynchttpclient.netty.request.NettyRequestSender - Using pooled Channel '[id: 0xbd9614a6, L:/127.0.0.1:60705 - R:localhost/127.0.0.1:52281]' for 'POST' to 'http://localhost:52281/session/a35a7e6f3ac05f23e7dfa79f3b8f5c22/element/5164ecea-44a8-4f1d-aaa3-0a9a90e174a3/value'
08:35:00.213 [Forwarding sendKeysToElement on session a35a7e6f3ac05f23e7dfa79f3b8f5c22 to remote] DEBUG org.asynchttpclient.netty.request.NettyRequestSender - Using open Channel [id: 0xbd9614a6, L:/127.0.0.1:60705 - R:localhost/127.0.0.1:52281] for POST '/session/a35a7e6f3ac05f23e7dfa79f3b8f5c22/element/5164ecea-44a8-4f1d-aaa3-0a9a90e174a3/value'
08:35:00.228 [AsyncHttpClient-1-1] DEBUG org.asynchttpclient.netty.channel.DefaultChannelPool - Entry count for : http://localhost:60706 : 1
08:35:00.308 [AsyncHttpClient-1-6] DEBUG org.asynchttpclient.netty.handler.HttpHandler - 

Request DefaultHttpRequest(decodeResult: success, version: HTTP/1.1)
POST /session/a35a7e6f3ac05f23e7dfa79f3b8f5c22/element/5164ecea-44a8-4f1d-aaa3-0a9a90e174a3/value HTTP/1.1
User-Agent: selenium/4.1.2 (java windows)
Content-Length: 131
Content-Type: application/json; charset=utf-8
host: localhost:52281
accept: */*

Response DefaultHttpResponse(decodeResult: success, version: HTTP/1.1)
HTTP/1.1 200 OK
Content-Type: application/json; charset=utf-8
cache-control: no-cache
content-length: 14

08:35:00.308 [AsyncHttpClient-1-6] DEBUG org.asynchttpclient.netty.channel.ChannelManager - Adding key: http://localhost:52281 for channel [id: 0xbd9614a6, L:/127.0.0.1:60705 - R:localhost/127.0.0.1:52281]
  &amp#27;[32mAnd &amp#27;[0m&amp#27;[32mi input &amp#27;[0m&amp#27;[32m&amp#27;[1m"sonya"&amp#27;[0m&amp#27;[32m my password&amp#27;[0m        &amp#27;[90m# starter.stepdefinitions.registerStep.iInputMyPassword(java.lang.String)&amp#27;[0m
08:35:00.321 [Forwarding screenshot on session a35a7e6f3ac05f23e7dfa79f3b8f5c22 to remote] DEBUG org.asynchttpclient.netty.request.NettyRequestSender - Using pooled Channel '[id: 0xbd9614a6, L:/127.0.0.1:60705 - R:localhost/127.0.0.1:52281]' for 'GET' to 'http://localhost:52281/session/a35a7e6f3ac05f23e7dfa79f3b8f5c22/screenshot'
08:35:00.321 [Forwarding screenshot on session a35a7e6f3ac05f23e7dfa79f3b8f5c22 to remote] DEBUG org.asynchttpclient.netty.request.NettyRequestSender - Using open Channel [id: 0xbd9614a6, L:/127.0.0.1:60705 - R:localhost/127.0.0.1:52281] for GET '/session/a35a7e6f3ac05f23e7dfa79f3b8f5c22/screenshot'
08:35:00.535 [AsyncHttpClient-1-6] DEBUG org.asynchttpclient.netty.handler.HttpHandler - 

Request DefaultFullHttpRequest(decodeResult: success, version: HTTP/1.1, content: EmptyByteBufBE)
GET /session/a35a7e6f3ac05f23e7dfa79f3b8f5c22/screenshot HTTP/1.1
User-Agent: selenium/4.1.2 (java windows)
Cache-Control: no-cache
Content-Type: application/json; charset=utf-8
host: localhost:52281
accept: */*

Response DefaultHttpResponse(decodeResult: success, version: HTTP/1.1)
HTTP/1.1 200 OK
Content-Type: application/json; charset=utf-8
cache-control: no-cache
content-length: 59528

08:35:00.535 [AsyncHttpClient-1-6] DEBUG org.asynchttpclient.netty.channel.ChannelManager - Adding key: http://localhost:52281 for channel [id: 0xbd9614a6, L:/127.0.0.1:60705 - R:localhost/127.0.0.1:52281]
08:35:00.538 [main] DEBUG net.serenitybdd.core.photography.Darkroom - Send negative for processing for target\site\serenity\bcf1f5c914341f0f7925f9369cf2563929c7281920d3a7c6f33eee633fab8635.png
08:35:00.539 [Darkroom Processing Line] DEBUG net.serenitybdd.core.photography.DarkroomProcessingLine - Processing screenshot image in /var/screenshots/screenshot-6257067958213369351
08:35:00.539 [Darkroom Processing Line] DEBUG net.serenitybdd.core.photography.DarkroomProcessingLine - Saving screenshot to target\site\serenity\bcf1f5c914341f0f7925f9369cf2563929c7281920d3a7c6f33eee633fab8635.png
08:35:00.554 [Forwarding findElement on session a35a7e6f3ac05f23e7dfa79f3b8f5c22 to remote] DEBUG org.asynchttpclient.netty.request.NettyRequestSender - Using pooled Channel '[id: 0xbd9614a6, L:/127.0.0.1:60705 - R:localhost/127.0.0.1:52281]' for 'POST' to 'http://localhost:52281/session/a35a7e6f3ac05f23e7dfa79f3b8f5c22/element'
08:35:00.554 [Forwarding findElement on session a35a7e6f3ac05f23e7dfa79f3b8f5c22 to remote] DEBUG org.asynchttpclient.netty.request.NettyRequestSender - Using open Channel [id: 0xbd9614a6, L:/127.0.0.1:60705 - R:localhost/127.0.0.1:52281] for POST '/session/a35a7e6f3ac05f23e7dfa79f3b8f5c22/element'
08:35:00.572 [AsyncHttpClient-1-6] DEBUG org.asynchttpclient.netty.handler.HttpHandler - 

Request DefaultHttpRequest(decodeResult: success, version: HTTP/1.1)
POST /session/a35a7e6f3ac05f23e7dfa79f3b8f5c22/element HTTP/1.1
User-Agent: selenium/4.1.2 (java windows)
Content-Length: 75
Content-Type: application/json; charset=utf-8
host: localhost:52281
accept: */*

Response DefaultHttpResponse(decodeResult: success, version: HTTP/1.1)
HTTP/1.1 200 OK
Content-Type: application/json; charset=utf-8
cache-control: no-cache
content-length: 88

08:35:00.572 [AsyncHttpClient-1-6] DEBUG org.asynchttpclient.netty.channel.ChannelManager - Adding key: http://localhost:52281 for channel [id: 0xbd9614a6, L:/127.0.0.1:60705 - R:localhost/127.0.0.1:52281]
08:35:00.574 [Forwarding getElementTagName on session a35a7e6f3ac05f23e7dfa79f3b8f5c22 to remote] DEBUG org.asynchttpclient.netty.request.NettyRequestSender - Using pooled Channel '[id: 0xbd9614a6, L:/127.0.0.1:60705 - R:localhost/127.0.0.1:52281]' for 'GET' to 'http://localhost:52281/session/a35a7e6f3ac05f23e7dfa79f3b8f5c22/element/441d58cd-13ae-471c-8623-19165aa78481/name'
08:35:00.574 [Forwarding getElementTagName on session a35a7e6f3ac05f23e7dfa79f3b8f5c22 to remote] DEBUG org.asynchttpclient.netty.request.NettyRequestSender - Using open Channel [id: 0xbd9614a6, L:/127.0.0.1:60705 - R:localhost/127.0.0.1:52281] for GET '/session/a35a7e6f3ac05f23e7dfa79f3b8f5c22/element/441d58cd-13ae-471c-8623-19165aa78481/name'
08:35:00.584 [AsyncHttpClient-1-6] DEBUG org.asynchttpclient.netty.handler.HttpHandler - 

Request DefaultFullHttpRequest(decodeResult: success, version: HTTP/1.1, content: EmptyByteBufBE)
GET /session/a35a7e6f3ac05f23e7dfa79f3b8f5c22/element/441d58cd-13ae-471c-8623-19165aa78481/name HTTP/1.1
User-Agent: selenium/4.1.2 (java windows)
Cache-Control: no-cache
Content-Type: application/json; charset=utf-8
host: localhost:52281
accept: */*

Response DefaultHttpResponse(decodeResult: success, version: HTTP/1.1)
HTTP/1.1 200 OK
Content-Type: application/json; charset=utf-8
cache-control: no-cache
content-length: 18

08:35:00.584 [AsyncHttpClient-1-6] DEBUG org.asynchttpclient.netty.channel.ChannelManager - Adding key: http://localhost:52281 for channel [id: 0xbd9614a6, L:/127.0.0.1:60705 - R:localhost/127.0.0.1:52281]
08:35:00.586 [Forwarding getElementTagName on session a35a7e6f3ac05f23e7dfa79f3b8f5c22 to remote] DEBUG org.asynchttpclient.netty.request.NettyRequestSender - Using pooled Channel '[id: 0xbd9614a6, L:/127.0.0.1:60705 - R:localhost/127.0.0.1:52281]' for 'GET' to 'http://localhost:52281/session/a35a7e6f3ac05f23e7dfa79f3b8f5c22/element/441d58cd-13ae-471c-8623-19165aa78481/name'
08:35:00.586 [Forwarding getElementTagName on session a35a7e6f3ac05f23e7dfa79f3b8f5c22 to remote] DEBUG org.asynchttpclient.netty.request.NettyRequestSender - Using open Channel [id: 0xbd9614a6, L:/127.0.0.1:60705 - R:localhost/127.0.0.1:52281] for GET '/session/a35a7e6f3ac05f23e7dfa79f3b8f5c22/element/441d58cd-13ae-471c-8623-19165aa78481/name'
08:35:00.593 [AsyncHttpClient-1-6] DEBUG org.asynchttpclient.netty.handler.HttpHandler - 

Request DefaultFullHttpRequest(decodeResult: success, version: HTTP/1.1, content: EmptyByteBufBE)
GET /session/a35a7e6f3ac05f23e7dfa79f3b8f5c22/element/441d58cd-13ae-471c-8623-19165aa78481/name HTTP/1.1
User-Agent: selenium/4.1.2 (java windows)
Cache-Control: no-cache
Content-Type: application/json; charset=utf-8
host: localhost:52281
accept: */*

Response DefaultHttpResponse(decodeResult: success, version: HTTP/1.1)
HTTP/1.1 200 OK
Content-Type: application/json; charset=utf-8
cache-control: no-cache
content-length: 18

08:35:00.593 [AsyncHttpClient-1-6] DEBUG org.asynchttpclient.netty.channel.ChannelManager - Adding key: http://localhost:52281 for channel [id: 0xbd9614a6, L:/127.0.0.1:60705 - R:localhost/127.0.0.1:52281]
08:35:00.598 [Forwarding isElementEnabled on session a35a7e6f3ac05f23e7dfa79f3b8f5c22 to remote] DEBUG org.asynchttpclient.netty.request.NettyRequestSender - Using pooled Channel '[id: 0xbd9614a6, L:/127.0.0.1:60705 - R:localhost/127.0.0.1:52281]' for 'GET' to 'http://localhost:52281/session/a35a7e6f3ac05f23e7dfa79f3b8f5c22/element/441d58cd-13ae-471c-8623-19165aa78481/enabled'
08:35:00.598 [Forwarding isElementEnabled on session a35a7e6f3ac05f23e7dfa79f3b8f5c22 to remote] DEBUG org.asynchttpclient.netty.request.NettyRequestSender - Using open Channel [id: 0xbd9614a6, L:/127.0.0.1:60705 - R:localhost/127.0.0.1:52281] for GET '/session/a35a7e6f3ac05f23e7dfa79f3b8f5c22/element/441d58cd-13ae-471c-8623-19165aa78481/enabled'
08:35:00.611 [AsyncHttpClient-1-6] DEBUG org.asynchttpclient.netty.handler.HttpHandler - 

Request DefaultFullHttpRequest(decodeResult: success, version: HTTP/1.1, content: EmptyByteBufBE)
GET /session/a35a7e6f3ac05f23e7dfa79f3b8f5c22/element/441d58cd-13ae-471c-8623-19165aa78481/enabled HTTP/1.1
User-Agent: selenium/4.1.2 (java windows)
Cache-Control: no-cache
Content-Type: application/json; charset=utf-8
host: localhost:52281
accept: */*

Response DefaultHttpResponse(decodeResult: success, version: HTTP/1.1)
HTTP/1.1 200 OK
Content-Type: application/json; charset=utf-8
cache-control: no-cache
content-length: 14

08:35:00.611 [AsyncHttpClient-1-6] DEBUG org.asynchttpclient.netty.channel.ChannelManager - Adding key: http://localhost:52281 for channel [id: 0xbd9614a6, L:/127.0.0.1:60705 - R:localhost/127.0.0.1:52281]
08:35:00.614 [Forwarding isElementEnabled on session a35a7e6f3ac05f23e7dfa79f3b8f5c22 to remote] DEBUG org.asynchttpclient.netty.request.NettyRequestSender - Using pooled Channel '[id: 0xbd9614a6, L:/127.0.0.1:60705 - R:localhost/127.0.0.1:52281]' for 'GET' to 'http://localhost:52281/session/a35a7e6f3ac05f23e7dfa79f3b8f5c22/element/441d58cd-13ae-471c-8623-19165aa78481/enabled'
08:35:00.614 [Forwarding isElementEnabled on session a35a7e6f3ac05f23e7dfa79f3b8f5c22 to remote] DEBUG org.asynchttpclient.netty.request.NettyRequestSender - Using open Channel [id: 0xbd9614a6, L:/127.0.0.1:60705 - R:localhost/127.0.0.1:52281] for GET '/session/a35a7e6f3ac05f23e7dfa79f3b8f5c22/element/441d58cd-13ae-471c-8623-19165aa78481/enabled'
08:35:00.623 [AsyncHttpClient-1-6] DEBUG org.asynchttpclient.netty.handler.HttpHandler - 

Request DefaultFullHttpRequest(decodeResult: success, version: HTTP/1.1, content: EmptyByteBufBE)
GET /session/a35a7e6f3ac05f23e7dfa79f3b8f5c22/element/441d58cd-13ae-471c-8623-19165aa78481/enabled HTTP/1.1
User-Agent: selenium/4.1.2 (java windows)
Cache-Control: no-cache
Content-Type: application/json; charset=utf-8
host: localhost:52281
accept: */*

Response DefaultHttpResponse(decodeResult: success, version: HTTP/1.1)
HTTP/1.1 200 OK
Content-Type: application/json; charset=utf-8
cache-control: no-cache
content-length: 14

08:35:00.623 [AsyncHttpClient-1-6] DEBUG org.asynchttpclient.netty.channel.ChannelManager - Adding key: http://localhost:52281 for channel [id: 0xbd9614a6, L:/127.0.0.1:60705 - R:localhost/127.0.0.1:52281]
08:35:00.626 [Forwarding findElement on session a35a7e6f3ac05f23e7dfa79f3b8f5c22 to remote] DEBUG org.asynchttpclient.netty.request.NettyRequestSender - Using pooled Channel '[id: 0xbd9614a6, L:/127.0.0.1:60705 - R:localhost/127.0.0.1:52281]' for 'POST' to 'http://localhost:52281/session/a35a7e6f3ac05f23e7dfa79f3b8f5c22/element'
08:35:00.626 [Forwarding findElement on session a35a7e6f3ac05f23e7dfa79f3b8f5c22 to remote] DEBUG org.asynchttpclient.netty.request.NettyRequestSender - Using open Channel [id: 0xbd9614a6, L:/127.0.0.1:60705 - R:localhost/127.0.0.1:52281] for POST '/session/a35a7e6f3ac05f23e7dfa79f3b8f5c22/element'
08:35:00.636 [AsyncHttpClient-1-6] DEBUG org.asynchttpclient.netty.handler.HttpHandler - 

Request DefaultHttpRequest(decodeResult: success, version: HTTP/1.1)
POST /session/a35a7e6f3ac05f23e7dfa79f3b8f5c22/element HTTP/1.1
User-Agent: selenium/4.1.2 (java windows)
Content-Length: 75
Content-Type: application/json; charset=utf-8
host: localhost:52281
accept: */*

Response DefaultHttpResponse(decodeResult: success, version: HTTP/1.1)
HTTP/1.1 200 OK
Content-Type: application/json; charset=utf-8
cache-control: no-cache
content-length: 88

08:35:00.637 [AsyncHttpClient-1-6] DEBUG org.asynchttpclient.netty.channel.ChannelManager - Adding key: http://localhost:52281 for channel [id: 0xbd9614a6, L:/127.0.0.1:60705 - R:localhost/127.0.0.1:52281]
08:35:00.639 [Forwarding clickElement on session a35a7e6f3ac05f23e7dfa79f3b8f5c22 to remote] DEBUG org.asynchttpclient.netty.request.NettyRequestSender - Using pooled Channel '[id: 0xbd9614a6, L:/127.0.0.1:60705 - R:localhost/127.0.0.1:52281]' for 'POST' to 'http://localhost:52281/session/a35a7e6f3ac05f23e7dfa79f3b8f5c22/element/441d58cd-13ae-471c-8623-19165aa78481/click'
08:35:00.639 [Forwarding clickElement on session a35a7e6f3ac05f23e7dfa79f3b8f5c22 to remote] DEBUG org.asynchttpclient.netty.request.NettyRequestSender - Using open Channel [id: 0xbd9614a6, L:/127.0.0.1:60705 - R:localhost/127.0.0.1:52281] for POST '/session/a35a7e6f3ac05f23e7dfa79f3b8f5c22/element/441d58cd-13ae-471c-8623-19165aa78481/click'
08:35:00.709 [AsyncHttpClient-1-6] DEBUG org.asynchttpclient.netty.handler.HttpHandler - 

Request DefaultHttpRequest(decodeResult: success, version: HTTP/1.1)
POST /session/a35a7e6f3ac05f23e7dfa79f3b8f5c22/element/441d58cd-13ae-471c-8623-19165aa78481/click HTTP/1.1
User-Agent: selenium/4.1.2 (java windows)
Content-Length: 50
Content-Type: application/json; charset=utf-8
host: localhost:52281
accept: */*

Response DefaultHttpResponse(decodeResult: success, version: HTTP/1.1)
HTTP/1.1 200 OK
Content-Type: application/json; charset=utf-8
cache-control: no-cache
content-length: 14

08:35:00.709 [AsyncHttpClient-1-6] DEBUG org.asynchttpclient.netty.channel.ChannelManager - Adding key: http://localhost:52281 for channel [id: 0xbd9614a6, L:/127.0.0.1:60705 - R:localhost/127.0.0.1:52281]
  &amp#27;[32mAnd &amp#27;[0m&amp#27;[32mi click register button&amp#27;[0m            &amp#27;[90m# starter.stepdefinitions.registerStep.iClickRegisterButton()&amp#27;[0m
08:35:00.719 [Forwarding screenshot on session a35a7e6f3ac05f23e7dfa79f3b8f5c22 to remote] DEBUG org.asynchttpclient.netty.request.NettyRequestSender - Using pooled Channel '[id: 0xbd9614a6, L:/127.0.0.1:60705 - R:localhost/127.0.0.1:52281]' for 'GET' to 'http://localhost:52281/session/a35a7e6f3ac05f23e7dfa79f3b8f5c22/screenshot'
08:35:00.720 [Forwarding screenshot on session a35a7e6f3ac05f23e7dfa79f3b8f5c22 to remote] DEBUG org.asynchttpclient.netty.request.NettyRequestSender - Using open Channel [id: 0xbd9614a6, L:/127.0.0.1:60705 - R:localhost/127.0.0.1:52281] for GET '/session/a35a7e6f3ac05f23e7dfa79f3b8f5c22/screenshot'
08:35:01.059 [AsyncHttpClient-1-6] DEBUG org.asynchttpclient.netty.handler.HttpHandler - 

Request DefaultFullHttpRequest(decodeResult: success, version: HTTP/1.1, content: EmptyByteBufBE)
GET /session/a35a7e6f3ac05f23e7dfa79f3b8f5c22/screenshot HTTP/1.1
User-Agent: selenium/4.1.2 (java windows)
Cache-Control: no-cache
Content-Type: application/json; charset=utf-8
host: localhost:52281
accept: */*

Response DefaultHttpResponse(decodeResult: success, version: HTTP/1.1)
HTTP/1.1 200 OK
Content-Type: application/json; charset=utf-8
cache-control: no-cache
content-length: 59104

08:35:01.060 [AsyncHttpClient-1-6] DEBUG org.asynchttpclient.netty.channel.ChannelManager - Adding key: http://localhost:52281 for channel [id: 0xbd9614a6, L:/127.0.0.1:60705 - R:localhost/127.0.0.1:52281]
08:35:01.064 [main] DEBUG net.serenitybdd.core.photography.Darkroom - Send negative for processing for target\site\serenity\cf545f2062fbe9eebb0e433e270535fffcd316780d3dafc0649d24794bec6c44.png
08:35:01.064 [Darkroom Processing Line] DEBUG net.serenitybdd.core.photography.DarkroomProcessingLine - Processing screenshot image in /var/screenshots/screenshot-17046148702990610526
08:35:01.064 [Darkroom Processing Line] DEBUG net.serenitybdd.core.photography.DarkroomProcessingLine - Saving screenshot to target\site\serenity\cf545f2062fbe9eebb0e433e270535fffcd316780d3dafc0649d24794bec6c44.png
08:35:01.073 [Forwarding findElement on session a35a7e6f3ac05f23e7dfa79f3b8f5c22 to remote] DEBUG org.asynchttpclient.netty.request.NettyRequestSender - Using pooled Channel '[id: 0xbd9614a6, L:/127.0.0.1:60705 - R:localhost/127.0.0.1:52281]' for 'POST' to 'http://localhost:52281/session/a35a7e6f3ac05f23e7dfa79f3b8f5c22/element'
08:35:01.073 [Forwarding findElement on session a35a7e6f3ac05f23e7dfa79f3b8f5c22 to remote] DEBUG org.asynchttpclient.netty.request.NettyRequestSender - Using open Channel [id: 0xbd9614a6, L:/127.0.0.1:60705 - R:localhost/127.0.0.1:52281] for POST '/session/a35a7e6f3ac05f23e7dfa79f3b8f5c22/element'
08:35:01.078 [AsyncHttpClient-1-6] DEBUG org.asynchttpclient.netty.handler.HttpHandler - 

Request DefaultHttpRequest(decodeResult: success, version: HTTP/1.1)
POST /session/a35a7e6f3ac05f23e7dfa79f3b8f5c22/element HTTP/1.1
User-Agent: selenium/4.1.2 (java windows)
Content-Length: 50
Content-Type: application/json; charset=utf-8
host: localhost:52281
accept: */*

Response DefaultHttpResponse(decodeResult: success, version: HTTP/1.1)
HTTP/1.1 400 Bad Request
Content-Type: application/json; charset=utf-8
cache-control: no-cache
content-length: 957

08:35:01.078 [AsyncHttpClient-1-6] DEBUG org.asynchttpclient.netty.channel.ChannelManager - Adding key: http://localhost:52281 for channel [id: 0xbd9614a6, L:/127.0.0.1:60705 - R:localhost/127.0.0.1:52281]
08:35:01.082 [Forwarding findElement on session a35a7e6f3ac05f23e7dfa79f3b8f5c22 to remote] DEBUG org.asynchttpclient.netty.request.NettyRequestSender - Using pooled Channel '[id: 0xbd9614a6, L:/127.0.0.1:60705 - R:localhost/127.0.0.1:52281]' for 'POST' to 'http://localhost:52281/session/a35a7e6f3ac05f23e7dfa79f3b8f5c22/element'
08:35:01.082 [Forwarding findElement on session a35a7e6f3ac05f23e7dfa79f3b8f5c22 to remote] DEBUG org.asynchttpclient.netty.request.NettyRequestSender - Using open Channel [id: 0xbd9614a6, L:/127.0.0.1:60705 - R:localhost/127.0.0.1:52281] for POST '/session/a35a7e6f3ac05f23e7dfa79f3b8f5c22/element'
08:35:01.098 [AsyncHttpClient-1-6] DEBUG org.asynchttpclient.netty.handler.HttpHandler - 

Request DefaultHttpRequest(decodeResult: success, version: HTTP/1.1)
POST /session/a35a7e6f3ac05f23e7dfa79f3b8f5c22/element HTTP/1.1
User-Agent: selenium/4.1.2 (java windows)
Content-Length: 60
Content-Type: application/json; charset=utf-8
host: localhost:52281
accept: */*

Response DefaultHttpResponse(decodeResult: success, version: HTTP/1.1)
HTTP/1.1 200 OK
Content-Type: application/json; charset=utf-8
cache-control: no-cache
content-length: 88

08:35:01.098 [AsyncHttpClient-1-6] DEBUG org.asynchttpclient.netty.channel.ChannelManager - Adding key: http://localhost:52281 for channel [id: 0xbd9614a6, L:/127.0.0.1:60705 - R:localhost/127.0.0.1:52281]
08:35:01.103 [Forwarding isElementDisplayed on session a35a7e6f3ac05f23e7dfa79f3b8f5c22 to remote] DEBUG org.asynchttpclient.netty.request.NettyRequestSender - Using pooled Channel '[id: 0xbd9614a6, L:/127.0.0.1:60705 - R:localhost/127.0.0.1:52281]' for 'POST' to 'http://localhost:52281/session/a35a7e6f3ac05f23e7dfa79f3b8f5c22/execute/sync'
08:35:01.103 [Forwarding isElementDisplayed on session a35a7e6f3ac05f23e7dfa79f3b8f5c22 to remote] DEBUG org.asynchttpclient.netty.request.NettyRequestSender - Using open Channel [id: 0xbd9614a6, L:/127.0.0.1:60705 - R:localhost/127.0.0.1:52281] for POST '/session/a35a7e6f3ac05f23e7dfa79f3b8f5c22/execute/sync'
08:35:01.124 [AsyncHttpClient-1-6] DEBUG org.asynchttpclient.netty.handler.HttpHandler - 

Request DefaultHttpRequest(decodeResult: success, version: HTTP/1.1)
POST /session/a35a7e6f3ac05f23e7dfa79f3b8f5c22/execute/sync HTTP/1.1
User-Agent: selenium/4.1.2 (java windows)
Content-Length: 48780
Content-Type: application/json; charset=utf-8
host: localhost:52281
accept: */*

Response DefaultHttpResponse(decodeResult: success, version: HTTP/1.1)
HTTP/1.1 200 OK
Content-Type: application/json; charset=utf-8
cache-control: no-cache
content-length: 14

08:35:01.124 [AsyncHttpClient-1-6] DEBUG org.asynchttpclient.netty.channel.ChannelManager - Adding key: http://localhost:52281 for channel [id: 0xbd9614a6, L:/127.0.0.1:60705 - R:localhost/127.0.0.1:52281]
  &amp#27;[32mThen &amp#27;[0m&amp#27;[32mi get my &amp#27;[0m&amp#27;[32m&amp#27;[1m"new user"&amp#27;[0m               &amp#27;[90m# starter.stepdefinitions.registerStep.iGetMy(java.lang.String)&amp#27;[0m
08:35:01.132 [Forwarding screenshot on session a35a7e6f3ac05f23e7dfa79f3b8f5c22 to remote] DEBUG org.asynchttpclient.netty.request.NettyRequestSender - Using pooled Channel '[id: 0xbd9614a6, L:/127.0.0.1:60705 - R:localhost/127.0.0.1:52281]' for 'GET' to 'http://localhost:52281/session/a35a7e6f3ac05f23e7dfa79f3b8f5c22/screenshot'
08:35:01.132 [Forwarding screenshot on session a35a7e6f3ac05f23e7dfa79f3b8f5c22 to remote] DEBUG org.asynchttpclient.netty.request.NettyRequestSender - Using open Channel [id: 0xbd9614a6, L:/127.0.0.1:60705 - R:localhost/127.0.0.1:52281] for GET '/session/a35a7e6f3ac05f23e7dfa79f3b8f5c22/screenshot'
08:35:01.338 [AsyncHttpClient-1-1] DEBUG org.asynchttpclient.netty.channel.DefaultChannelPool - Entry count for : http://localhost:60706 : 1
08:35:01.369 [AsyncHttpClient-1-6] DEBUG org.asynchttpclient.netty.handler.HttpHandler - 

Request DefaultFullHttpRequest(decodeResult: success, version: HTTP/1.1, content: EmptyByteBufBE)
GET /session/a35a7e6f3ac05f23e7dfa79f3b8f5c22/screenshot HTTP/1.1
User-Agent: selenium/4.1.2 (java windows)
Cache-Control: no-cache
Content-Type: application/json; charset=utf-8
host: localhost:52281
accept: */*

Response DefaultHttpResponse(decodeResult: success, version: HTTP/1.1)
HTTP/1.1 200 OK
Content-Type: application/json; charset=utf-8
cache-control: no-cache
content-length: 57644

08:35:01.369 [AsyncHttpClient-1-6] DEBUG org.asynchttpclient.netty.channel.ChannelManager - Adding key: http://localhost:52281 for channel [id: 0xbd9614a6, L:/127.0.0.1:60705 - R:localhost/127.0.0.1:52281]
08:35:01.373 [main] DEBUG net.serenitybdd.core.photography.Darkroom - Send negative for processing for target\site\serenity\5d6e9c7754e99e567107865758e718821b07c1845ca29a4c7ebb253b5b38f1f8.png
08:35:01.374 [Darkroom Processing Line] DEBUG net.serenitybdd.core.photography.DarkroomProcessingLine - Processing screenshot image in /var/screenshots/screenshot-421131769476641316
08:35:01.374 [Darkroom Processing Line] DEBUG net.serenitybdd.core.photography.DarkroomProcessingLine - Saving screenshot to target\site\serenity\5d6e9c7754e99e567107865758e718821b07c1845ca29a4c7ebb253b5b38f1f8.png
08:35:01.385 [AsyncHttpClient-1-8] DEBUG org.asynchttpclient.netty.handler.WebSocketHandler - Channel Closed: [id: 0xdb27041a, L:/127.0.0.1:60716 ! R:localhost/127.0.0.1:60706] with attribute NettyResponseFuture{currentRetry=5,
	isDone=1,
	isCancelled=0,
	asyncHandler=org.asynchttpclient.ws.WebSocketUpgradeHandler@47cd646a,
	nettyRequest=org.asynchttpclient.netty.request.NettyRequest@427b03ab,
	future=java.util.concurrent.CompletableFuture@adac36[Completed normally],
	uri=ws://localhost:60706/devtools/browser/d62c63de-9f2c-4eb1-88aa-2b6077283a0d,
	keepAlive=true,
	redirectCount=0,
	timeoutsHolder=null,
	inAuth=0,
	touch=1652837690053}
08:35:01.386 [AsyncHttpClient-1-8] DEBUG org.asynchttpclient.netty.channel.ChannelManager - Closing Channel [id: 0xdb27041a, L:/127.0.0.1:60716 ! R:localhost/127.0.0.1:60706] 
08:35:01.387 [Driver Command Executor] DEBUG org.asynchttpclient.netty.request.NettyRequestSender - Using pooled Channel '[id: 0xbd9614a6, L:/127.0.0.1:60705 - R:localhost/127.0.0.1:52281]' for 'DELETE' to 'http://localhost:52281/session/a35a7e6f3ac05f23e7dfa79f3b8f5c22'
08:35:01.387 [Driver Command Executor] DEBUG org.asynchttpclient.netty.request.NettyRequestSender - Using open Channel [id: 0xbd9614a6, L:/127.0.0.1:60705 - R:localhost/127.0.0.1:52281] for DELETE '/session/a35a7e6f3ac05f23e7dfa79f3b8f5c22'
08:35:01.443 [AsyncHttpClient-1-7] DEBUG org.asynchttpclient.netty.handler.HttpHandler - Unexpected I/O exception on channel [id: 0x3c30ded4, L:/127.0.0.1:60715 - R:localhost/127.0.0.1:60706]
java.net.SocketException: Connection reset
	at java.base/sun.nio.ch.SocketChannelImpl.throwConnectionReset(SocketChannelImpl.java:367)
	at java.base/sun.nio.ch.SocketChannelImpl.read(SocketChannelImpl.java:398)
	at io.netty.buffer.PooledByteBuf.setBytes(PooledByteBuf.java:258)
	at io.netty.buffer.AbstractByteBuf.writeBytes(AbstractByteBuf.java:1132)
	at io.netty.channel.socket.nio.NioSocketChannel.doReadBytes(NioSocketChannel.java:350)
	at io.netty.channel.nio.AbstractNioByteChannel$NioByteUnsafe.read(AbstractNioByteChannel.java:151)
	at io.netty.channel.nio.NioEventLoop.processSelectedKey(NioEventLoop.java:722)
	at io.netty.channel.nio.NioEventLoop.processSelectedKeysOptimized(NioEventLoop.java:658)
	at io.netty.channel.nio.NioEventLoop.processSelectedKeys(NioEventLoop.java:584)
	at io.netty.channel.nio.NioEventLoop.run(NioEventLoop.java:496)
	at io.netty.util.concurrent.SingleThreadEventExecutor$4.run(SingleThreadEventExecutor.java:986)
	at io.netty.util.internal.ThreadExecutorMap$2.run(ThreadExecutorMap.java:74)
	at io.netty.util.concurrent.FastThreadLocalRunnable.run(FastThreadLocalRunnable.java:30)
	at java.base/java.lang.Thread.run(Thread.java:832)
08:35:01.444 [AsyncHttpClient-1-7] DEBUG org.asynchttpclient.netty.channel.ChannelManager - Closing Channel [id: 0x3c30ded4, L:/127.0.0.1:60715 - R:localhost/127.0.0.1:60706] 
08:35:01.444 [AsyncHttpClient-1-7] DEBUG org.asynchttpclient.netty.handler.HttpHandler - Channel Closed: [id: 0x3c30ded4, L:/127.0.0.1:60715 ! R:localhost/127.0.0.1:60706] with attribute DISCARD
08:35:01.465 [AsyncHttpClient-1-6] DEBUG org.asynchttpclient.netty.handler.HttpHandler - 

Request DefaultFullHttpRequest(decodeResult: success, version: HTTP/1.1, content: EmptyByteBufBE)
DELETE /session/a35a7e6f3ac05f23e7dfa79f3b8f5c22 HTTP/1.1
User-Agent: selenium/4.1.2 (java windows)
Content-Type: application/json; charset=utf-8
host: localhost:52281
accept: */*

Response DefaultHttpResponse(decodeResult: success, version: HTTP/1.1)
HTTP/1.1 200 OK
Content-Type: application/json; charset=utf-8
cache-control: no-cache
content-length: 14

08:35:01.465 [AsyncHttpClient-1-6] DEBUG org.asynchttpclient.netty.channel.ChannelManager - Adding key: http://localhost:52281 for channel [id: 0xbd9614a6, L:/127.0.0.1:60705 - R:localhost/127.0.0.1:52281]
08:35:01.724 [AsyncHttpClient-1-6] DEBUG org.asynchttpclient.netty.handler.HttpHandler - Channel Closed: [id: 0xbd9614a6, L:/127.0.0.1:60705 ! R:localhost/127.0.0.1:52281] with attribute DISCARD
08:35:02.244 [main] INFO  - 
  _____   ___   ___   _____     ___     _     ___   ___   ___   ___  
 |_   _| | __| / __| |_   _|   | _ \   /_\   / __| / __| | __| |   \ 
   | |   | _|  \__ \   | |     |  _/  / _ \  \__ \ \__ \ | _|  | |) |
   |_|   |___| |___/   |_|     |_|   /_/ \_\ |___/ |___/ |___| |___/ 

Registration scenario
----------------------------------------------------------------------
]]></system-out>
    <system-err><![CDATA[Starting ChromeDriver 101.0.4951.41 (93c720db8323b3ec10d056025ab95c23a31997c9-refs/branch-heads/4951@{#904}) on port 52281
Only local connections are allowed.
Please see https://chromedriver.chromium.org/security-considerations for suggestions on keeping ChromeDriver safe.
ChromeDriver was started successfully.
May 18, 2022 8:34:50 AM org.openqa.selenium.remote.ProtocolHandshake createSession
INFO: Detected dialect: W3C
May 18, 2022 8:34:50 AM org.openqa.selenium.devtools.CdpVersionFinder findNearestMatch
WARNING: Unable to find an exact match for CDP version 101, so returning the closest version found: 97
May 18, 2022 8:34:50 AM org.openqa.selenium.devtools.CdpVersionFinder findNearestMatch
INFO: Found CDP implementation for version 101 of 97
]]></system-err>
  </testcase>
  <testcase name="Registration scenario #2" classname="Registration" time="12.759">
    <system-out><![CDATA[
@register
Scenario Outline: Registration scenario  &amp#27;[90m# src/test/resources/features/register.feature:21&amp#27;[0m
08:35:02.258 [main] INFO io.cucumber.core.plugin.SerenityReporter - Running feature from file:///D:/PERKULIAHAN/Semester%206,Hebatt%20glad!/Altera/QE_Gladys-Cindana-Asri-Pardosi/Mini-Project/Web/src/test/resources/features/register.feature
08:35:02.273 [main] INFO net.serenitybdd.core.webdriver.driverproviders.ChromeDriverProvider - Using automatically driver download
08:35:02.425 [main] DEBUG io.github.bonigarcia.wdm.cache.ResolutionCache - Resolution chrome=101 in cache (valid until 09:23:35 18/05/2022 WIB)
08:35:02.432 [AsyncHttpClient-1-1] DEBUG org.asynchttpclient.netty.channel.DefaultChannelPool - Entry count for : http://localhost:52281 : 1
08:35:02.432 [main] DEBUG io.github.bonigarcia.wdm.cache.ResolutionCache - Resolution chrome101=101.0.4951.41 in cache (valid until 18:48:44 18/05/2022 WIB)
08:35:02.432 [AsyncHttpClient-1-1] DEBUG org.asynchttpclient.netty.channel.DefaultChannelPool - Entry count for : http://localhost:60706 : 1
08:35:02.432 [AsyncHttpClient-1-1] DEBUG org.asynchttpclient.netty.channel.DefaultChannelPool - Adding Candidate expired Channel [id: 0xbd9614a6, L:/127.0.0.1:60705 ! R:localhost/127.0.0.1:52281] isIdleTimeoutExpired=false isRemotelyClosed=true isTtlExpired=false
08:35:02.432 [AsyncHttpClient-1-1] DEBUG org.asynchttpclient.netty.channel.DefaultChannelPool - Closing Idle Channel [id: 0xbd9614a6, L:/127.0.0.1:60705 ! R:localhost/127.0.0.1:52281]
08:35:02.432 [AsyncHttpClient-1-1] DEBUG org.asynchttpclient.netty.channel.DefaultChannelPool - Adding Candidate expired Channel [id: 0x3c30ded4, L:/127.0.0.1:60715 ! R:localhost/127.0.0.1:60706] isIdleTimeoutExpired=false isRemotelyClosed=true isTtlExpired=false
08:35:02.432 [AsyncHttpClient-1-1] DEBUG org.asynchttpclient.netty.channel.DefaultChannelPool - Closing Idle Channel [id: 0x3c30ded4, L:/127.0.0.1:60715 ! R:localhost/127.0.0.1:60706]
08:35:02.432 [AsyncHttpClient-1-1] DEBUG org.asynchttpclient.netty.channel.DefaultChannelPool - Closed 2 connections out of 2 in 0 ms
08:35:02.435 [main] INFO io.github.bonigarcia.wdm.WebDriverManager - Using chromedriver 101.0.4951.41 (resolved driver for Chrome 101)
08:35:02.454 [main] DEBUG io.github.bonigarcia.wdm.WebDriverManager - Driver chromedriver 101.0.4951.41 found in cache
08:35:02.455 [main] INFO io.github.bonigarcia.wdm.WebDriverManager - Exporting webdriver.chrome.driver as C:\Users\ASUS\.cache\selenium\chromedriver\win32\101.0.4951.41\chromedriver.exe
08:35:02.606 [main] DEBUG net.serenitybdd.core.webdriver.driverproviders.ProvideNewDriver - Instantiating driver
08:35:02.606 [main] DEBUG net.serenitybdd.core.webdriver.driverproviders.ProvideNewDriver - Driver capabilities: Capabilities {acceptInsecureCerts: false, base.url: , browserName: chrome, goog:chromeOptions: {args: [], extensions: []}}
08:35:03.162 [AsyncHttpClient-1-9] DEBUG org.asynchttpclient.netty.channel.NettyConnectListener - Using new Channel '[id: 0x71b70fc6, L:/127.0.0.1:60751 - R:localhost/127.0.0.1:64423]' for 'POST' to '/session'
08:35:04.308 [AsyncHttpClient-1-9] DEBUG org.asynchttpclient.netty.handler.HttpHandler - 

Request DefaultHttpRequest(decodeResult: success, version: HTTP/1.1)
POST /session HTTP/1.1
User-Agent: selenium/4.1.2 (java windows)
Content-Length: 457
Content-Type: application/json; charset=utf-8
host: localhost:64423
accept: */*

Response DefaultHttpResponse(decodeResult: success, version: HTTP/1.1)
HTTP/1.1 200 OK
Content-Type: application/json; charset=utf-8
cache-control: no-cache
content-length: 788

08:35:04.308 [AsyncHttpClient-1-9] DEBUG org.asynchttpclient.netty.channel.ChannelManager - Adding key: http://localhost:64423 for channel [id: 0x71b70fc6, L:/127.0.0.1:60751 - R:localhost/127.0.0.1:64423]
08:35:04.325 [AsyncHttpClient-1-10] DEBUG org.asynchttpclient.netty.channel.NettyConnectListener - Using new Channel '[id: 0x64021819, L:/127.0.0.1:60758 - R:localhost/127.0.0.1:60752]' for 'GET' to '/json/version'
08:35:04.327 [AsyncHttpClient-1-10] DEBUG org.asynchttpclient.netty.handler.HttpHandler - 

Request DefaultFullHttpRequest(decodeResult: success, version: HTTP/1.1, content: EmptyByteBufBE)
GET /json/version HTTP/1.1
User-Agent: selenium/4.1.2 (java windows)
host: localhost:60752
accept: */*

Response DefaultHttpResponse(decodeResult: success, version: HTTP/1.1)
HTTP/1.1 200 OK
Content-Type: application/json; charset=UTF-8
content-length: 427

08:35:04.328 [AsyncHttpClient-1-10] DEBUG org.asynchttpclient.netty.channel.ChannelManager - Adding key: http://localhost:60752 for channel [id: 0x64021819, L:/127.0.0.1:60758 - R:localhost/127.0.0.1:60752]
08:35:04.333 [AsyncHttpClient-1-11] DEBUG org.asynchttpclient.netty.channel.NettyConnectListener - Using new Channel '[id: 0xaccd31a2, L:/127.0.0.1:60759 - R:localhost/127.0.0.1:60752]' for 'GET' to '/devtools/browser/91a5e083-7066-4afb-929d-29019df3aaf3'
08:35:04.334 [AsyncHttpClient-1-11] DEBUG org.asynchttpclient.netty.handler.WebSocketHandler - 

Request DefaultFullHttpRequest(decodeResult: success, version: HTTP/1.1, content: EmptyByteBufBE)
GET /devtools/browser/91a5e083-7066-4afb-929d-29019df3aaf3 HTTP/1.1
upgrade: websocket
connection: upgrade
sec-websocket-key: +jjy83x8NfrkCji8M8hHPw==
sec-websocket-version: 13
origin: http://localhost:60752
host: localhost:60752
accept: */*
user-agent: AHC/2.1

Response DefaultHttpResponse(decodeResult: success, version: HTTP/1.1)
HTTP/1.1 101 WebSocket Protocol Handshake
Upgrade: WebSocket
Connection: Upgrade
Sec-WebSocket-Accept: 5PgxaIfU+PzcTvx8bcsFVebQYtk=

08:35:04.343 [Forwarding get on session 0414607742a16914ad184a94e513e2e5 to remote] DEBUG org.asynchttpclient.netty.request.NettyRequestSender - Using pooled Channel '[id: 0x71b70fc6, L:/127.0.0.1:60751 - R:localhost/127.0.0.1:64423]' for 'POST' to 'http://localhost:64423/session/0414607742a16914ad184a94e513e2e5/url'
08:35:04.343 [Forwarding get on session 0414607742a16914ad184a94e513e2e5 to remote] DEBUG org.asynchttpclient.netty.request.NettyRequestSender - Using open Channel [id: 0x71b70fc6, L:/127.0.0.1:60751 - R:localhost/127.0.0.1:64423] for POST '/session/0414607742a16914ad184a94e513e2e5/url'
08:35:04.628 [AsyncHttpClient-1-1] DEBUG org.asynchttpclient.netty.channel.DefaultChannelPool - Entry count for : http://localhost:60752 : 1
08:35:05.728 [AsyncHttpClient-1-1] DEBUG org.asynchttpclient.netty.channel.DefaultChannelPool - Entry count for : http://localhost:60752 : 1
08:35:06.829 [AsyncHttpClient-1-1] DEBUG org.asynchttpclient.netty.channel.DefaultChannelPool - Entry count for : http://localhost:60752 : 1
08:35:07.939 [AsyncHttpClient-1-1] DEBUG org.asynchttpclient.netty.channel.DefaultChannelPool - Entry count for : http://localhost:60752 : 1
08:35:08.463 [AsyncHttpClient-1-9] DEBUG org.asynchttpclient.netty.handler.HttpHandler - 

Request DefaultHttpRequest(decodeResult: success, version: HTTP/1.1)
POST /session/0414607742a16914ad184a94e513e2e5/url HTTP/1.1
User-Agent: selenium/4.1.2 (java windows)
Content-Length: 49
Content-Type: application/json; charset=utf-8
host: localhost:64423
accept: */*

Response DefaultHttpResponse(decodeResult: success, version: HTTP/1.1)
HTTP/1.1 200 OK
Content-Type: application/json; charset=utf-8
cache-control: no-cache
content-length: 14

08:35:08.463 [AsyncHttpClient-1-9] DEBUG org.asynchttpclient.netty.channel.ChannelManager - Adding key: http://localhost:64423 for channel [id: 0x71b70fc6, L:/127.0.0.1:60751 - R:localhost/127.0.0.1:64423]
08:35:08.467 [Forwarding setTimeout on session 0414607742a16914ad184a94e513e2e5 to remote] DEBUG org.asynchttpclient.netty.request.NettyRequestSender - Using pooled Channel '[id: 0x71b70fc6, L:/127.0.0.1:60751 - R:localhost/127.0.0.1:64423]' for 'POST' to 'http://localhost:64423/session/0414607742a16914ad184a94e513e2e5/timeouts'
08:35:08.467 [Forwarding setTimeout on session 0414607742a16914ad184a94e513e2e5 to remote] DEBUG org.asynchttpclient.netty.request.NettyRequestSender - Using open Channel [id: 0x71b70fc6, L:/127.0.0.1:60751 - R:localhost/127.0.0.1:64423] for POST '/session/0414607742a16914ad184a94e513e2e5/timeouts'
08:35:08.468 [AsyncHttpClient-1-9] DEBUG org.asynchttpclient.netty.handler.HttpHandler - 

Request DefaultHttpRequest(decodeResult: success, version: HTTP/1.1)
POST /session/0414607742a16914ad184a94e513e2e5/timeouts HTTP/1.1
User-Agent: selenium/4.1.2 (java windows)
Content-Length: 22
Content-Type: application/json; charset=utf-8
host: localhost:64423
accept: */*

Response DefaultHttpResponse(decodeResult: success, version: HTTP/1.1)
HTTP/1.1 200 OK
Content-Type: application/json; charset=utf-8
cache-control: no-cache
content-length: 14

08:35:08.469 [AsyncHttpClient-1-9] DEBUG org.asynchttpclient.netty.channel.ChannelManager - Adding key: http://localhost:64423 for channel [id: 0x71b70fc6, L:/127.0.0.1:60751 - R:localhost/127.0.0.1:64423]
08:35:08.473 [Forwarding getCurrentUrl on session 0414607742a16914ad184a94e513e2e5 to remote] DEBUG org.asynchttpclient.netty.request.NettyRequestSender - Using pooled Channel '[id: 0x71b70fc6, L:/127.0.0.1:60751 - R:localhost/127.0.0.1:64423]' for 'GET' to 'http://localhost:64423/session/0414607742a16914ad184a94e513e2e5/url'
08:35:08.473 [Forwarding getCurrentUrl on session 0414607742a16914ad184a94e513e2e5 to remote] DEBUG org.asynchttpclient.netty.request.NettyRequestSender - Using open Channel [id: 0x71b70fc6, L:/127.0.0.1:60751 - R:localhost/127.0.0.1:64423] for GET '/session/0414607742a16914ad184a94e513e2e5/url'
08:35:08.482 [AsyncHttpClient-1-9] DEBUG org.asynchttpclient.netty.handler.HttpHandler - 

Request DefaultFullHttpRequest(decodeResult: success, version: HTTP/1.1, content: EmptyByteBufBE)
GET /session/0414607742a16914ad184a94e513e2e5/url HTTP/1.1
User-Agent: selenium/4.1.2 (java windows)
Cache-Control: no-cache
Content-Type: application/json; charset=utf-8
host: localhost:64423
accept: */*

Response DefaultHttpResponse(decodeResult: success, version: HTTP/1.1)
HTTP/1.1 200 OK
Content-Type: application/json; charset=utf-8
cache-control: no-cache
content-length: 31

08:35:08.483 [AsyncHttpClient-1-9] DEBUG org.asynchttpclient.netty.channel.ChannelManager - Adding key: http://localhost:64423 for channel [id: 0x71b70fc6, L:/127.0.0.1:60751 - R:localhost/127.0.0.1:64423]
  &amp#27;[32mGiven &amp#27;[0m&amp#27;[32mi access the web&amp#27;[0m                 &amp#27;[90m# starter.stepdefinitions.registerStep.iAccessTheWeb()&amp#27;[0m
08:35:08.491 [Forwarding screenshot on session 0414607742a16914ad184a94e513e2e5 to remote] DEBUG org.asynchttpclient.netty.request.NettyRequestSender - Using pooled Channel '[id: 0x71b70fc6, L:/127.0.0.1:60751 - R:localhost/127.0.0.1:64423]' for 'GET' to 'http://localhost:64423/session/0414607742a16914ad184a94e513e2e5/screenshot'
08:35:08.492 [Forwarding screenshot on session 0414607742a16914ad184a94e513e2e5 to remote] DEBUG org.asynchttpclient.netty.request.NettyRequestSender - Using open Channel [id: 0x71b70fc6, L:/127.0.0.1:60751 - R:localhost/127.0.0.1:64423] for GET '/session/0414607742a16914ad184a94e513e2e5/screenshot'
08:35:09.028 [AsyncHttpClient-1-1] DEBUG org.asynchttpclient.netty.channel.DefaultChannelPool - Entry count for : http://localhost:60752 : 1
08:35:10.129 [AsyncHttpClient-1-1] DEBUG org.asynchttpclient.netty.channel.DefaultChannelPool - Entry count for : http://localhost:60752 : 1
08:35:10.556 [AsyncHttpClient-1-9] DEBUG org.asynchttpclient.netty.handler.HttpHandler - 

Request DefaultFullHttpRequest(decodeResult: success, version: HTTP/1.1, content: EmptyByteBufBE)
GET /session/0414607742a16914ad184a94e513e2e5/screenshot HTTP/1.1
User-Agent: selenium/4.1.2 (java windows)
Cache-Control: no-cache
Content-Type: application/json; charset=utf-8
host: localhost:64423
accept: */*

Response DefaultHttpResponse(decodeResult: success, version: HTTP/1.1)
HTTP/1.1 200 OK
Content-Type: application/json; charset=utf-8
cache-control: no-cache
content-length: 44744

08:35:10.557 [AsyncHttpClient-1-9] DEBUG org.asynchttpclient.netty.channel.ChannelManager - Adding key: http://localhost:64423 for channel [id: 0x71b70fc6, L:/127.0.0.1:60751 - R:localhost/127.0.0.1:64423]
08:35:10.560 [main] DEBUG net.serenitybdd.core.photography.Darkroom - Send negative for processing for target\site\serenity\3933b05db65e61fb5e9f3da1b1891826546c5beac5131a358ed5eb919145de8d.png
08:35:10.561 [Darkroom Processing Line] DEBUG net.serenitybdd.core.photography.DarkroomProcessingLine - Processing screenshot image in /var/screenshots/screenshot-705115521505985029
08:35:10.561 [Darkroom Processing Line] DEBUG net.serenitybdd.core.photography.DarkroomProcessingLine - Saving screenshot to target\site\serenity\3933b05db65e61fb5e9f3da1b1891826546c5beac5131a358ed5eb919145de8d.png
08:35:10.575 [Forwarding findElement on session 0414607742a16914ad184a94e513e2e5 to remote] DEBUG org.asynchttpclient.netty.request.NettyRequestSender - Using pooled Channel '[id: 0x71b70fc6, L:/127.0.0.1:60751 - R:localhost/127.0.0.1:64423]' for 'POST' to 'http://localhost:64423/session/0414607742a16914ad184a94e513e2e5/element'
08:35:10.575 [Forwarding findElement on session 0414607742a16914ad184a94e513e2e5 to remote] DEBUG org.asynchttpclient.netty.request.NettyRequestSender - Using open Channel [id: 0x71b70fc6, L:/127.0.0.1:60751 - R:localhost/127.0.0.1:64423] for POST '/session/0414607742a16914ad184a94e513e2e5/element'
08:35:10.606 [AsyncHttpClient-1-9] DEBUG org.asynchttpclient.netty.handler.HttpHandler - 

Request DefaultHttpRequest(decodeResult: success, version: HTTP/1.1)
POST /session/0414607742a16914ad184a94e513e2e5/element HTTP/1.1
User-Agent: selenium/4.1.2 (java windows)
Content-Length: 170
Content-Type: application/json; charset=utf-8
host: localhost:64423
accept: */*

Response DefaultHttpResponse(decodeResult: success, version: HTTP/1.1)
HTTP/1.1 200 OK
Content-Type: application/json; charset=utf-8
cache-control: no-cache
content-length: 88

08:35:10.606 [AsyncHttpClient-1-9] DEBUG org.asynchttpclient.netty.channel.ChannelManager - Adding key: http://localhost:64423 for channel [id: 0x71b70fc6, L:/127.0.0.1:60751 - R:localhost/127.0.0.1:64423]
08:35:10.608 [Forwarding getElementTagName on session 0414607742a16914ad184a94e513e2e5 to remote] DEBUG org.asynchttpclient.netty.request.NettyRequestSender - Using pooled Channel '[id: 0x71b70fc6, L:/127.0.0.1:60751 - R:localhost/127.0.0.1:64423]' for 'GET' to 'http://localhost:64423/session/0414607742a16914ad184a94e513e2e5/element/852545cf-84e3-4355-8c27-0eb01bc12fcc/name'
08:35:10.608 [Forwarding getElementTagName on session 0414607742a16914ad184a94e513e2e5 to remote] DEBUG org.asynchttpclient.netty.request.NettyRequestSender - Using open Channel [id: 0x71b70fc6, L:/127.0.0.1:60751 - R:localhost/127.0.0.1:64423] for GET '/session/0414607742a16914ad184a94e513e2e5/element/852545cf-84e3-4355-8c27-0eb01bc12fcc/name'
08:35:10.616 [AsyncHttpClient-1-9] DEBUG org.asynchttpclient.netty.handler.HttpHandler - 

Request DefaultFullHttpRequest(decodeResult: success, version: HTTP/1.1, content: EmptyByteBufBE)
GET /session/0414607742a16914ad184a94e513e2e5/element/852545cf-84e3-4355-8c27-0eb01bc12fcc/name HTTP/1.1
User-Agent: selenium/4.1.2 (java windows)
Cache-Control: no-cache
Content-Type: application/json; charset=utf-8
host: localhost:64423
accept: */*

Response DefaultHttpResponse(decodeResult: success, version: HTTP/1.1)
HTTP/1.1 200 OK
Content-Type: application/json; charset=utf-8
cache-control: no-cache
content-length: 13

08:35:10.616 [AsyncHttpClient-1-9] DEBUG org.asynchttpclient.netty.channel.ChannelManager - Adding key: http://localhost:64423 for channel [id: 0x71b70fc6, L:/127.0.0.1:60751 - R:localhost/127.0.0.1:64423]
08:35:10.618 [Forwarding getElementTagName on session 0414607742a16914ad184a94e513e2e5 to remote] DEBUG org.asynchttpclient.netty.request.NettyRequestSender - Using pooled Channel '[id: 0x71b70fc6, L:/127.0.0.1:60751 - R:localhost/127.0.0.1:64423]' for 'GET' to 'http://localhost:64423/session/0414607742a16914ad184a94e513e2e5/element/852545cf-84e3-4355-8c27-0eb01bc12fcc/name'
08:35:10.618 [Forwarding getElementTagName on session 0414607742a16914ad184a94e513e2e5 to remote] DEBUG org.asynchttpclient.netty.request.NettyRequestSender - Using open Channel [id: 0x71b70fc6, L:/127.0.0.1:60751 - R:localhost/127.0.0.1:64423] for GET '/session/0414607742a16914ad184a94e513e2e5/element/852545cf-84e3-4355-8c27-0eb01bc12fcc/name'
08:35:10.623 [AsyncHttpClient-1-9] DEBUG org.asynchttpclient.netty.handler.HttpHandler - 

Request DefaultFullHttpRequest(decodeResult: success, version: HTTP/1.1, content: EmptyByteBufBE)
GET /session/0414607742a16914ad184a94e513e2e5/element/852545cf-84e3-4355-8c27-0eb01bc12fcc/name HTTP/1.1
User-Agent: selenium/4.1.2 (java windows)
Cache-Control: no-cache
Content-Type: application/json; charset=utf-8
host: localhost:64423
accept: */*

Response DefaultHttpResponse(decodeResult: success, version: HTTP/1.1)
HTTP/1.1 200 OK
Content-Type: application/json; charset=utf-8
cache-control: no-cache
content-length: 13

08:35:10.623 [AsyncHttpClient-1-9] DEBUG org.asynchttpclient.netty.channel.ChannelManager - Adding key: http://localhost:64423 for channel [id: 0x71b70fc6, L:/127.0.0.1:60751 - R:localhost/127.0.0.1:64423]
08:35:10.626 [Forwarding findElement on session 0414607742a16914ad184a94e513e2e5 to remote] DEBUG org.asynchttpclient.netty.request.NettyRequestSender - Using pooled Channel '[id: 0x71b70fc6, L:/127.0.0.1:60751 - R:localhost/127.0.0.1:64423]' for 'POST' to 'http://localhost:64423/session/0414607742a16914ad184a94e513e2e5/element'
08:35:10.626 [Forwarding findElement on session 0414607742a16914ad184a94e513e2e5 to remote] DEBUG org.asynchttpclient.netty.request.NettyRequestSender - Using open Channel [id: 0x71b70fc6, L:/127.0.0.1:60751 - R:localhost/127.0.0.1:64423] for POST '/session/0414607742a16914ad184a94e513e2e5/element'
08:35:10.643 [AsyncHttpClient-1-9] DEBUG org.asynchttpclient.netty.handler.HttpHandler - 

Request DefaultHttpRequest(decodeResult: success, version: HTTP/1.1)
POST /session/0414607742a16914ad184a94e513e2e5/element HTTP/1.1
User-Agent: selenium/4.1.2 (java windows)
Content-Length: 170
Content-Type: application/json; charset=utf-8
host: localhost:64423
accept: */*

Response DefaultHttpResponse(decodeResult: success, version: HTTP/1.1)
HTTP/1.1 200 OK
Content-Type: application/json; charset=utf-8
cache-control: no-cache
content-length: 88

08:35:10.644 [AsyncHttpClient-1-9] DEBUG org.asynchttpclient.netty.channel.ChannelManager - Adding key: http://localhost:64423 for channel [id: 0x71b70fc6, L:/127.0.0.1:60751 - R:localhost/127.0.0.1:64423]
08:35:10.645 [Forwarding clickElement on session 0414607742a16914ad184a94e513e2e5 to remote] DEBUG org.asynchttpclient.netty.request.NettyRequestSender - Using pooled Channel '[id: 0x71b70fc6, L:/127.0.0.1:60751 - R:localhost/127.0.0.1:64423]' for 'POST' to 'http://localhost:64423/session/0414607742a16914ad184a94e513e2e5/element/852545cf-84e3-4355-8c27-0eb01bc12fcc/click'
08:35:10.646 [Forwarding clickElement on session 0414607742a16914ad184a94e513e2e5 to remote] DEBUG org.asynchttpclient.netty.request.NettyRequestSender - Using open Channel [id: 0x71b70fc6, L:/127.0.0.1:60751 - R:localhost/127.0.0.1:64423] for POST '/session/0414607742a16914ad184a94e513e2e5/element/852545cf-84e3-4355-8c27-0eb01bc12fcc/click'
08:35:10.710 [AsyncHttpClient-1-9] DEBUG org.asynchttpclient.netty.handler.HttpHandler - 

Request DefaultHttpRequest(decodeResult: success, version: HTTP/1.1)
POST /session/0414607742a16914ad184a94e513e2e5/element/852545cf-84e3-4355-8c27-0eb01bc12fcc/click HTTP/1.1
User-Agent: selenium/4.1.2 (java windows)
Content-Length: 50
Content-Type: application/json; charset=utf-8
host: localhost:64423
accept: */*

Response DefaultHttpResponse(decodeResult: success, version: HTTP/1.1)
HTTP/1.1 200 OK
Content-Type: application/json; charset=utf-8
cache-control: no-cache
content-length: 14

08:35:10.710 [AsyncHttpClient-1-9] DEBUG org.asynchttpclient.netty.channel.ChannelManager - Adding key: http://localhost:64423 for channel [id: 0x71b70fc6, L:/127.0.0.1:60751 - R:localhost/127.0.0.1:64423]
08:35:10.714 [Forwarding get on session 0414607742a16914ad184a94e513e2e5 to remote] DEBUG org.asynchttpclient.netty.request.NettyRequestSender - Using pooled Channel '[id: 0x71b70fc6, L:/127.0.0.1:60751 - R:localhost/127.0.0.1:64423]' for 'POST' to 'http://localhost:64423/session/0414607742a16914ad184a94e513e2e5/url'
08:35:10.715 [Forwarding get on session 0414607742a16914ad184a94e513e2e5 to remote] DEBUG org.asynchttpclient.netty.request.NettyRequestSender - Using open Channel [id: 0x71b70fc6, L:/127.0.0.1:60751 - R:localhost/127.0.0.1:64423] for POST '/session/0414607742a16914ad184a94e513e2e5/url'
08:35:11.229 [AsyncHttpClient-1-1] DEBUG org.asynchttpclient.netty.channel.DefaultChannelPool - Entry count for : http://localhost:60752 : 1
08:35:11.308 [AsyncHttpClient-1-9] DEBUG org.asynchttpclient.netty.handler.HttpHandler - 

Request DefaultHttpRequest(decodeResult: success, version: HTTP/1.1)
POST /session/0414607742a16914ad184a94e513e2e5/url HTTP/1.1
User-Agent: selenium/4.1.2 (java windows)
Content-Length: 67
Content-Type: application/json; charset=utf-8
host: localhost:64423
accept: */*

Response DefaultHttpResponse(decodeResult: success, version: HTTP/1.1)
HTTP/1.1 200 OK
Content-Type: application/json; charset=utf-8
cache-control: no-cache
content-length: 14

08:35:11.308 [AsyncHttpClient-1-9] DEBUG org.asynchttpclient.netty.channel.ChannelManager - Adding key: http://localhost:64423 for channel [id: 0x71b70fc6, L:/127.0.0.1:60751 - R:localhost/127.0.0.1:64423]
08:35:11.312 [Forwarding getCurrentUrl on session 0414607742a16914ad184a94e513e2e5 to remote] DEBUG org.asynchttpclient.netty.request.NettyRequestSender - Using pooled Channel '[id: 0x71b70fc6, L:/127.0.0.1:60751 - R:localhost/127.0.0.1:64423]' for 'GET' to 'http://localhost:64423/session/0414607742a16914ad184a94e513e2e5/url'
08:35:11.313 [Forwarding getCurrentUrl on session 0414607742a16914ad184a94e513e2e5 to remote] DEBUG org.asynchttpclient.netty.request.NettyRequestSender - Using open Channel [id: 0x71b70fc6, L:/127.0.0.1:60751 - R:localhost/127.0.0.1:64423] for GET '/session/0414607742a16914ad184a94e513e2e5/url'
08:35:11.319 [AsyncHttpClient-1-9] DEBUG org.asynchttpclient.netty.handler.HttpHandler - 

Request DefaultFullHttpRequest(decodeResult: success, version: HTTP/1.1, content: EmptyByteBufBE)
GET /session/0414607742a16914ad184a94e513e2e5/url HTTP/1.1
User-Agent: selenium/4.1.2 (java windows)
Cache-Control: no-cache
Content-Type: application/json; charset=utf-8
host: localhost:64423
accept: */*

Response DefaultHttpResponse(decodeResult: success, version: HTTP/1.1)
HTTP/1.1 200 OK
Content-Type: application/json; charset=utf-8
cache-control: no-cache
content-length: 44

08:35:11.320 [AsyncHttpClient-1-9] DEBUG org.asynchttpclient.netty.channel.ChannelManager - Adding key: http://localhost:64423 for channel [id: 0x71b70fc6, L:/127.0.0.1:60751 - R:localhost/127.0.0.1:64423]
  &amp#27;[32mWhen &amp#27;[0m&amp#27;[32mi click icon account and register&amp#27;[0m &amp#27;[90m# starter.stepdefinitions.registerStep.iClickIconAccountAndRegister()&amp#27;[0m
08:35:11.327 [Forwarding screenshot on session 0414607742a16914ad184a94e513e2e5 to remote] DEBUG org.asynchttpclient.netty.request.NettyRequestSender - Using pooled Channel '[id: 0x71b70fc6, L:/127.0.0.1:60751 - R:localhost/127.0.0.1:64423]' for 'GET' to 'http://localhost:64423/session/0414607742a16914ad184a94e513e2e5/screenshot'
08:35:11.327 [Forwarding screenshot on session 0414607742a16914ad184a94e513e2e5 to remote] DEBUG org.asynchttpclient.netty.request.NettyRequestSender - Using open Channel [id: 0x71b70fc6, L:/127.0.0.1:60751 - R:localhost/127.0.0.1:64423] for GET '/session/0414607742a16914ad184a94e513e2e5/screenshot'
08:35:11.548 [AsyncHttpClient-1-9] DEBUG org.asynchttpclient.netty.handler.HttpHandler - 

Request DefaultFullHttpRequest(decodeResult: success, version: HTTP/1.1, content: EmptyByteBufBE)
GET /session/0414607742a16914ad184a94e513e2e5/screenshot HTTP/1.1
User-Agent: selenium/4.1.2 (java windows)
Cache-Control: no-cache
Content-Type: application/json; charset=utf-8
host: localhost:64423
accept: */*

Response DefaultHttpResponse(decodeResult: success, version: HTTP/1.1)
HTTP/1.1 200 OK
Content-Type: application/json; charset=utf-8
cache-control: no-cache
content-length: 44716

08:35:11.549 [AsyncHttpClient-1-9] DEBUG org.asynchttpclient.netty.channel.ChannelManager - Adding key: http://localhost:64423 for channel [id: 0x71b70fc6, L:/127.0.0.1:60751 - R:localhost/127.0.0.1:64423]
08:35:11.552 [main] DEBUG net.serenitybdd.core.photography.Darkroom - Send negative for processing for target\site\serenity\42b6e28073eecb73abfcec403b3897bc9b3bf5f45933c508112c9d359726cb09.png
08:35:11.553 [Darkroom Processing Line] DEBUG net.serenitybdd.core.photography.DarkroomProcessingLine - Processing screenshot image in /var/screenshots/screenshot-209553971227992979
08:35:11.553 [Darkroom Processing Line] DEBUG net.serenitybdd.core.photography.DarkroomProcessingLine - Saving screenshot to target\site\serenity\42b6e28073eecb73abfcec403b3897bc9b3bf5f45933c508112c9d359726cb09.png
08:35:11.565 [Forwarding findElement on session 0414607742a16914ad184a94e513e2e5 to remote] DEBUG org.asynchttpclient.netty.request.NettyRequestSender - Using pooled Channel '[id: 0x71b70fc6, L:/127.0.0.1:60751 - R:localhost/127.0.0.1:64423]' for 'POST' to 'http://localhost:64423/session/0414607742a16914ad184a94e513e2e5/element'
08:35:11.565 [Forwarding findElement on session 0414607742a16914ad184a94e513e2e5 to remote] DEBUG org.asynchttpclient.netty.request.NettyRequestSender - Using open Channel [id: 0x71b70fc6, L:/127.0.0.1:60751 - R:localhost/127.0.0.1:64423] for POST '/session/0414607742a16914ad184a94e513e2e5/element'
08:35:11.585 [AsyncHttpClient-1-9] DEBUG org.asynchttpclient.netty.handler.HttpHandler - 

Request DefaultHttpRequest(decodeResult: success, version: HTTP/1.1)
POST /session/0414607742a16914ad184a94e513e2e5/element HTTP/1.1
User-Agent: selenium/4.1.2 (java windows)
Content-Length: 93
Content-Type: application/json; charset=utf-8
host: localhost:64423
accept: */*

Response DefaultHttpResponse(decodeResult: success, version: HTTP/1.1)
HTTP/1.1 200 OK
Content-Type: application/json; charset=utf-8
cache-control: no-cache
content-length: 88

08:35:11.585 [AsyncHttpClient-1-9] DEBUG org.asynchttpclient.netty.channel.ChannelManager - Adding key: http://localhost:64423 for channel [id: 0x71b70fc6, L:/127.0.0.1:60751 - R:localhost/127.0.0.1:64423]
08:35:11.587 [Forwarding clearElement on session 0414607742a16914ad184a94e513e2e5 to remote] DEBUG org.asynchttpclient.netty.request.NettyRequestSender - Using pooled Channel '[id: 0x71b70fc6, L:/127.0.0.1:60751 - R:localhost/127.0.0.1:64423]' for 'POST' to 'http://localhost:64423/session/0414607742a16914ad184a94e513e2e5/element/8b0e5aae-280e-4f70-923c-747d07345c47/clear'
08:35:11.587 [Forwarding clearElement on session 0414607742a16914ad184a94e513e2e5 to remote] DEBUG org.asynchttpclient.netty.request.NettyRequestSender - Using open Channel [id: 0x71b70fc6, L:/127.0.0.1:60751 - R:localhost/127.0.0.1:64423] for POST '/session/0414607742a16914ad184a94e513e2e5/element/8b0e5aae-280e-4f70-923c-747d07345c47/clear'
08:35:11.654 [AsyncHttpClient-1-9] DEBUG org.asynchttpclient.netty.handler.HttpHandler - 

Request DefaultHttpRequest(decodeResult: success, version: HTTP/1.1)
POST /session/0414607742a16914ad184a94e513e2e5/element/8b0e5aae-280e-4f70-923c-747d07345c47/clear HTTP/1.1
User-Agent: selenium/4.1.2 (java windows)
Content-Length: 50
Content-Type: application/json; charset=utf-8
host: localhost:64423
accept: */*

Response DefaultHttpResponse(decodeResult: success, version: HTTP/1.1)
HTTP/1.1 200 OK
Content-Type: application/json; charset=utf-8
cache-control: no-cache
content-length: 14

08:35:11.655 [AsyncHttpClient-1-9] DEBUG org.asynchttpclient.netty.channel.ChannelManager - Adding key: http://localhost:64423 for channel [id: 0x71b70fc6, L:/127.0.0.1:60751 - R:localhost/127.0.0.1:64423]
08:35:11.658 [Forwarding sendKeysToElement on session 0414607742a16914ad184a94e513e2e5 to remote] DEBUG org.asynchttpclient.netty.request.NettyRequestSender - Using pooled Channel '[id: 0x71b70fc6, L:/127.0.0.1:60751 - R:localhost/127.0.0.1:64423]' for 'POST' to 'http://localhost:64423/session/0414607742a16914ad184a94e513e2e5/element/8b0e5aae-280e-4f70-923c-747d07345c47/value'
08:35:11.658 [Forwarding sendKeysToElement on session 0414607742a16914ad184a94e513e2e5 to remote] DEBUG org.asynchttpclient.netty.request.NettyRequestSender - Using open Channel [id: 0x71b70fc6, L:/127.0.0.1:60751 - R:localhost/127.0.0.1:64423] for POST '/session/0414607742a16914ad184a94e513e2e5/element/8b0e5aae-280e-4f70-923c-747d07345c47/value'
08:35:11.837 [AsyncHttpClient-1-9] DEBUG org.asynchttpclient.netty.handler.HttpHandler - 

Request DefaultHttpRequest(decodeResult: success, version: HTTP/1.1)
POST /session/0414607742a16914ad184a94e513e2e5/element/8b0e5aae-280e-4f70-923c-747d07345c47/value HTTP/1.1
User-Agent: selenium/4.1.2 (java windows)
Content-Length: 171
Content-Type: application/json; charset=utf-8
host: localhost:64423
accept: */*

Response DefaultHttpResponse(decodeResult: success, version: HTTP/1.1)
HTTP/1.1 200 OK
Content-Type: application/json; charset=utf-8
cache-control: no-cache
content-length: 14

08:35:11.837 [AsyncHttpClient-1-9] DEBUG org.asynchttpclient.netty.channel.ChannelManager - Adding key: http://localhost:64423 for channel [id: 0x71b70fc6, L:/127.0.0.1:60751 - R:localhost/127.0.0.1:64423]
  &amp#27;[32mAnd &amp#27;[0m&amp#27;[32mi input &amp#27;[0m&amp#27;[32m&amp#27;[1m"sonyaprds"&amp#27;[0m&amp#27;[32m my name&amp#27;[0m        &amp#27;[90m# starter.stepdefinitions.registerStep.iInputMyName(java.lang.String)&amp#27;[0m
08:35:11.848 [Forwarding screenshot on session 0414607742a16914ad184a94e513e2e5 to remote] DEBUG org.asynchttpclient.netty.request.NettyRequestSender - Using pooled Channel '[id: 0x71b70fc6, L:/127.0.0.1:60751 - R:localhost/127.0.0.1:64423]' for 'GET' to 'http://localhost:64423/session/0414607742a16914ad184a94e513e2e5/screenshot'
08:35:11.848 [Forwarding screenshot on session 0414607742a16914ad184a94e513e2e5 to remote] DEBUG org.asynchttpclient.netty.request.NettyRequestSender - Using open Channel [id: 0x71b70fc6, L:/127.0.0.1:60751 - R:localhost/127.0.0.1:64423] for GET '/session/0414607742a16914ad184a94e513e2e5/screenshot'
08:35:12.152 [AsyncHttpClient-1-9] DEBUG org.asynchttpclient.netty.handler.HttpHandler - 

Request DefaultFullHttpRequest(decodeResult: success, version: HTTP/1.1, content: EmptyByteBufBE)
GET /session/0414607742a16914ad184a94e513e2e5/screenshot HTTP/1.1
User-Agent: selenium/4.1.2 (java windows)
Cache-Control: no-cache
Content-Type: application/json; charset=utf-8
host: localhost:64423
accept: */*

Response DefaultHttpResponse(decodeResult: success, version: HTTP/1.1)
HTTP/1.1 200 OK
Content-Type: application/json; charset=utf-8
cache-control: no-cache
content-length: 48472

08:35:12.152 [AsyncHttpClient-1-9] DEBUG org.asynchttpclient.netty.channel.ChannelManager - Adding key: http://localhost:64423 for channel [id: 0x71b70fc6, L:/127.0.0.1:60751 - R:localhost/127.0.0.1:64423]
08:35:12.159 [main] DEBUG net.serenitybdd.core.photography.Darkroom - Send negative for processing for target\site\serenity\f07ec4e342b31b5599fd74bc233449feeb57dcd97f70ceb6212fec012d11fc8e.png
08:35:12.160 [Darkroom Processing Line] DEBUG net.serenitybdd.core.photography.DarkroomProcessingLine - Processing screenshot image in /var/screenshots/screenshot-12981921995521550121
08:35:12.160 [Darkroom Processing Line] DEBUG net.serenitybdd.core.photography.DarkroomProcessingLine - Saving screenshot to target\site\serenity\f07ec4e342b31b5599fd74bc233449feeb57dcd97f70ceb6212fec012d11fc8e.png
08:35:12.174 [Forwarding findElement on session 0414607742a16914ad184a94e513e2e5 to remote] DEBUG org.asynchttpclient.netty.request.NettyRequestSender - Using pooled Channel '[id: 0x71b70fc6, L:/127.0.0.1:60751 - R:localhost/127.0.0.1:64423]' for 'POST' to 'http://localhost:64423/session/0414607742a16914ad184a94e513e2e5/element'
08:35:12.174 [Forwarding findElement on session 0414607742a16914ad184a94e513e2e5 to remote] DEBUG org.asynchttpclient.netty.request.NettyRequestSender - Using open Channel [id: 0x71b70fc6, L:/127.0.0.1:60751 - R:localhost/127.0.0.1:64423] for POST '/session/0414607742a16914ad184a94e513e2e5/element'
08:35:12.198 [AsyncHttpClient-1-9] DEBUG org.asynchttpclient.netty.handler.HttpHandler - 

Request DefaultHttpRequest(decodeResult: success, version: HTTP/1.1)
POST /session/0414607742a16914ad184a94e513e2e5/element HTTP/1.1
User-Agent: selenium/4.1.2 (java windows)
Content-Length: 86
Content-Type: application/json; charset=utf-8
host: localhost:64423
accept: */*

Response DefaultHttpResponse(decodeResult: success, version: HTTP/1.1)
HTTP/1.1 200 OK
Content-Type: application/json; charset=utf-8
cache-control: no-cache
content-length: 88

08:35:12.199 [AsyncHttpClient-1-9] DEBUG org.asynchttpclient.netty.channel.ChannelManager - Adding key: http://localhost:64423 for channel [id: 0x71b70fc6, L:/127.0.0.1:60751 - R:localhost/127.0.0.1:64423]
08:35:12.201 [Forwarding clearElement on session 0414607742a16914ad184a94e513e2e5 to remote] DEBUG org.asynchttpclient.netty.request.NettyRequestSender - Using pooled Channel '[id: 0x71b70fc6, L:/127.0.0.1:60751 - R:localhost/127.0.0.1:64423]' for 'POST' to 'http://localhost:64423/session/0414607742a16914ad184a94e513e2e5/element/0b742d43-8311-49f6-94fa-26fd25aff13e/clear'
08:35:12.201 [Forwarding clearElement on session 0414607742a16914ad184a94e513e2e5 to remote] DEBUG org.asynchttpclient.netty.request.NettyRequestSender - Using open Channel [id: 0x71b70fc6, L:/127.0.0.1:60751 - R:localhost/127.0.0.1:64423] for POST '/session/0414607742a16914ad184a94e513e2e5/element/0b742d43-8311-49f6-94fa-26fd25aff13e/clear'
08:35:12.261 [AsyncHttpClient-1-9] DEBUG org.asynchttpclient.netty.handler.HttpHandler - 

Request DefaultHttpRequest(decodeResult: success, version: HTTP/1.1)
POST /session/0414607742a16914ad184a94e513e2e5/element/0b742d43-8311-49f6-94fa-26fd25aff13e/clear HTTP/1.1
User-Agent: selenium/4.1.2 (java windows)
Content-Length: 50
Content-Type: application/json; charset=utf-8
host: localhost:64423
accept: */*

Response DefaultHttpResponse(decodeResult: success, version: HTTP/1.1)
HTTP/1.1 200 OK
Content-Type: application/json; charset=utf-8
cache-control: no-cache
content-length: 14

08:35:12.262 [AsyncHttpClient-1-9] DEBUG org.asynchttpclient.netty.channel.ChannelManager - Adding key: http://localhost:64423 for channel [id: 0x71b70fc6, L:/127.0.0.1:60751 - R:localhost/127.0.0.1:64423]
08:35:12.265 [Forwarding sendKeysToElement on session 0414607742a16914ad184a94e513e2e5 to remote] DEBUG org.asynchttpclient.netty.request.NettyRequestSender - Using pooled Channel '[id: 0x71b70fc6, L:/127.0.0.1:60751 - R:localhost/127.0.0.1:64423]' for 'POST' to 'http://localhost:64423/session/0414607742a16914ad184a94e513e2e5/element/0b742d43-8311-49f6-94fa-26fd25aff13e/value'
08:35:12.265 [Forwarding sendKeysToElement on session 0414607742a16914ad184a94e513e2e5 to remote] DEBUG org.asynchttpclient.netty.request.NettyRequestSender - Using open Channel [id: 0x71b70fc6, L:/127.0.0.1:60751 - R:localhost/127.0.0.1:64423] for POST '/session/0414607742a16914ad184a94e513e2e5/element/0b742d43-8311-49f6-94fa-26fd25aff13e/value'
08:35:12.328 [AsyncHttpClient-1-1] DEBUG org.asynchttpclient.netty.channel.DefaultChannelPool - Entry count for : http://localhost:60752 : 1
08:35:12.452 [AsyncHttpClient-1-9] DEBUG org.asynchttpclient.netty.handler.HttpHandler - 

Request DefaultHttpRequest(decodeResult: success, version: HTTP/1.1)
POST /session/0414607742a16914ad184a94e513e2e5/element/0b742d43-8311-49f6-94fa-26fd25aff13e/value HTTP/1.1
User-Agent: selenium/4.1.2 (java windows)
Content-Length: 231
Content-Type: application/json; charset=utf-8
host: localhost:64423
accept: */*

Response DefaultHttpResponse(decodeResult: success, version: HTTP/1.1)
HTTP/1.1 200 OK
Content-Type: application/json; charset=utf-8
cache-control: no-cache
content-length: 14

08:35:12.452 [AsyncHttpClient-1-9] DEBUG org.asynchttpclient.netty.channel.ChannelManager - Adding key: http://localhost:64423 for channel [id: 0x71b70fc6, L:/127.0.0.1:60751 - R:localhost/127.0.0.1:64423]
  &amp#27;[32mAnd &amp#27;[0m&amp#27;[32mi input &amp#27;[0m&amp#27;[32m&amp#27;[1m"sonya@gmail.com"&amp#27;[0m&amp#27;[32m my email&amp#27;[0m &amp#27;[90m# starter.stepdefinitions.registerStep.iInputMyEmail(java.lang.String)&amp#27;[0m
08:35:12.462 [Forwarding screenshot on session 0414607742a16914ad184a94e513e2e5 to remote] DEBUG org.asynchttpclient.netty.request.NettyRequestSender - Using pooled Channel '[id: 0x71b70fc6, L:/127.0.0.1:60751 - R:localhost/127.0.0.1:64423]' for 'GET' to 'http://localhost:64423/session/0414607742a16914ad184a94e513e2e5/screenshot'
08:35:12.463 [Forwarding screenshot on session 0414607742a16914ad184a94e513e2e5 to remote] DEBUG org.asynchttpclient.netty.request.NettyRequestSender - Using open Channel [id: 0x71b70fc6, L:/127.0.0.1:60751 - R:localhost/127.0.0.1:64423] for GET '/session/0414607742a16914ad184a94e513e2e5/screenshot'
08:35:12.673 [AsyncHttpClient-1-9] DEBUG org.asynchttpclient.netty.handler.HttpHandler - 

Request DefaultFullHttpRequest(decodeResult: success, version: HTTP/1.1, content: EmptyByteBufBE)
GET /session/0414607742a16914ad184a94e513e2e5/screenshot HTTP/1.1
User-Agent: selenium/4.1.2 (java windows)
Cache-Control: no-cache
Content-Type: application/json; charset=utf-8
host: localhost:64423
accept: */*

Response DefaultHttpResponse(decodeResult: success, version: HTTP/1.1)
HTTP/1.1 200 OK
Content-Type: application/json; charset=utf-8
cache-control: no-cache
content-length: 55140

08:35:12.673 [AsyncHttpClient-1-9] DEBUG org.asynchttpclient.netty.channel.ChannelManager - Adding key: http://localhost:64423 for channel [id: 0x71b70fc6, L:/127.0.0.1:60751 - R:localhost/127.0.0.1:64423]
08:35:12.676 [main] DEBUG net.serenitybdd.core.photography.Darkroom - Send negative for processing for target\site\serenity\b282d83128c8b8628f203d465fc6e6dd1269183c772aaca45d3a66a618f3fc3b.png
08:35:12.678 [Darkroom Processing Line] DEBUG net.serenitybdd.core.photography.DarkroomProcessingLine - Processing screenshot image in /var/screenshots/screenshot-13899122807947504929
08:35:12.678 [Darkroom Processing Line] DEBUG net.serenitybdd.core.photography.DarkroomProcessingLine - Saving screenshot to target\site\serenity\b282d83128c8b8628f203d465fc6e6dd1269183c772aaca45d3a66a618f3fc3b.png
08:35:12.692 [Forwarding findElement on session 0414607742a16914ad184a94e513e2e5 to remote] DEBUG org.asynchttpclient.netty.request.NettyRequestSender - Using pooled Channel '[id: 0x71b70fc6, L:/127.0.0.1:60751 - R:localhost/127.0.0.1:64423]' for 'POST' to 'http://localhost:64423/session/0414607742a16914ad184a94e513e2e5/element'
08:35:12.693 [Forwarding findElement on session 0414607742a16914ad184a94e513e2e5 to remote] DEBUG org.asynchttpclient.netty.request.NettyRequestSender - Using open Channel [id: 0x71b70fc6, L:/127.0.0.1:60751 - R:localhost/127.0.0.1:64423] for POST '/session/0414607742a16914ad184a94e513e2e5/element'
08:35:12.718 [AsyncHttpClient-1-9] DEBUG org.asynchttpclient.netty.handler.HttpHandler - 

Request DefaultHttpRequest(decodeResult: success, version: HTTP/1.1)
POST /session/0414607742a16914ad184a94e513e2e5/element HTTP/1.1
User-Agent: selenium/4.1.2 (java windows)
Content-Length: 89
Content-Type: application/json; charset=utf-8
host: localhost:64423
accept: */*

Response DefaultHttpResponse(decodeResult: success, version: HTTP/1.1)
HTTP/1.1 200 OK
Content-Type: application/json; charset=utf-8
cache-control: no-cache
content-length: 88

08:35:12.719 [AsyncHttpClient-1-9] DEBUG org.asynchttpclient.netty.channel.ChannelManager - Adding key: http://localhost:64423 for channel [id: 0x71b70fc6, L:/127.0.0.1:60751 - R:localhost/127.0.0.1:64423]
08:35:12.721 [Forwarding clearElement on session 0414607742a16914ad184a94e513e2e5 to remote] DEBUG org.asynchttpclient.netty.request.NettyRequestSender - Using pooled Channel '[id: 0x71b70fc6, L:/127.0.0.1:60751 - R:localhost/127.0.0.1:64423]' for 'POST' to 'http://localhost:64423/session/0414607742a16914ad184a94e513e2e5/element/d55c679f-4e4c-4919-9e0a-3ff9dfe68b78/clear'
08:35:12.721 [Forwarding clearElement on session 0414607742a16914ad184a94e513e2e5 to remote] DEBUG org.asynchttpclient.netty.request.NettyRequestSender - Using open Channel [id: 0x71b70fc6, L:/127.0.0.1:60751 - R:localhost/127.0.0.1:64423] for POST '/session/0414607742a16914ad184a94e513e2e5/element/d55c679f-4e4c-4919-9e0a-3ff9dfe68b78/clear'
08:35:12.769 [AsyncHttpClient-1-9] DEBUG org.asynchttpclient.netty.handler.HttpHandler - 

Request DefaultHttpRequest(decodeResult: success, version: HTTP/1.1)
POST /session/0414607742a16914ad184a94e513e2e5/element/d55c679f-4e4c-4919-9e0a-3ff9dfe68b78/clear HTTP/1.1
User-Agent: selenium/4.1.2 (java windows)
Content-Length: 50
Content-Type: application/json; charset=utf-8
host: localhost:64423
accept: */*

Response DefaultHttpResponse(decodeResult: success, version: HTTP/1.1)
HTTP/1.1 200 OK
Content-Type: application/json; charset=utf-8
cache-control: no-cache
content-length: 14

08:35:12.769 [AsyncHttpClient-1-9] DEBUG org.asynchttpclient.netty.channel.ChannelManager - Adding key: http://localhost:64423 for channel [id: 0x71b70fc6, L:/127.0.0.1:60751 - R:localhost/127.0.0.1:64423]
08:35:12.772 [Forwarding sendKeysToElement on session 0414607742a16914ad184a94e513e2e5 to remote] DEBUG org.asynchttpclient.netty.request.NettyRequestSender - Using pooled Channel '[id: 0x71b70fc6, L:/127.0.0.1:60751 - R:localhost/127.0.0.1:64423]' for 'POST' to 'http://localhost:64423/session/0414607742a16914ad184a94e513e2e5/element/d55c679f-4e4c-4919-9e0a-3ff9dfe68b78/value'
08:35:12.772 [Forwarding sendKeysToElement on session 0414607742a16914ad184a94e513e2e5 to remote] DEBUG org.asynchttpclient.netty.request.NettyRequestSender - Using open Channel [id: 0x71b70fc6, L:/127.0.0.1:60751 - R:localhost/127.0.0.1:64423] for POST '/session/0414607742a16914ad184a94e513e2e5/element/d55c679f-4e4c-4919-9e0a-3ff9dfe68b78/value'
08:35:12.835 [AsyncHttpClient-1-9] DEBUG org.asynchttpclient.netty.handler.HttpHandler - 

Request DefaultHttpRequest(decodeResult: success, version: HTTP/1.1)
POST /session/0414607742a16914ad184a94e513e2e5/element/d55c679f-4e4c-4919-9e0a-3ff9dfe68b78/value HTTP/1.1
User-Agent: selenium/4.1.2 (java windows)
Content-Length: 82
Content-Type: application/json; charset=utf-8
host: localhost:64423
accept: */*

Response DefaultHttpResponse(decodeResult: success, version: HTTP/1.1)
HTTP/1.1 200 OK
Content-Type: application/json; charset=utf-8
cache-control: no-cache
content-length: 14

08:35:12.835 [AsyncHttpClient-1-9] DEBUG org.asynchttpclient.netty.channel.ChannelManager - Adding key: http://localhost:64423 for channel [id: 0x71b70fc6, L:/127.0.0.1:60751 - R:localhost/127.0.0.1:64423]
08:35:12.839 [Forwarding findElement on session 0414607742a16914ad184a94e513e2e5 to remote] DEBUG org.asynchttpclient.netty.request.NettyRequestSender - Using pooled Channel '[id: 0x71b70fc6, L:/127.0.0.1:60751 - R:localhost/127.0.0.1:64423]' for 'POST' to 'http://localhost:64423/session/0414607742a16914ad184a94e513e2e5/element'
08:35:12.840 [Forwarding findElement on session 0414607742a16914ad184a94e513e2e5 to remote] DEBUG org.asynchttpclient.netty.request.NettyRequestSender - Using open Channel [id: 0x71b70fc6, L:/127.0.0.1:60751 - R:localhost/127.0.0.1:64423] for POST '/session/0414607742a16914ad184a94e513e2e5/element'
08:35:12.851 [AsyncHttpClient-1-9] DEBUG org.asynchttpclient.netty.handler.HttpHandler - 

Request DefaultHttpRequest(decodeResult: success, version: HTTP/1.1)
POST /session/0414607742a16914ad184a94e513e2e5/element HTTP/1.1
User-Agent: selenium/4.1.2 (java windows)
Content-Length: 89
Content-Type: application/json; charset=utf-8
host: localhost:64423
accept: */*

Response DefaultHttpResponse(decodeResult: success, version: HTTP/1.1)
HTTP/1.1 200 OK
Content-Type: application/json; charset=utf-8
cache-control: no-cache
content-length: 88

08:35:12.851 [AsyncHttpClient-1-9] DEBUG org.asynchttpclient.netty.channel.ChannelManager - Adding key: http://localhost:64423 for channel [id: 0x71b70fc6, L:/127.0.0.1:60751 - R:localhost/127.0.0.1:64423]
08:35:12.854 [Forwarding clearElement on session 0414607742a16914ad184a94e513e2e5 to remote] DEBUG org.asynchttpclient.netty.request.NettyRequestSender - Using pooled Channel '[id: 0x71b70fc6, L:/127.0.0.1:60751 - R:localhost/127.0.0.1:64423]' for 'POST' to 'http://localhost:64423/session/0414607742a16914ad184a94e513e2e5/element/d55c679f-4e4c-4919-9e0a-3ff9dfe68b78/clear'
08:35:12.854 [Forwarding clearElement on session 0414607742a16914ad184a94e513e2e5 to remote] DEBUG org.asynchttpclient.netty.request.NettyRequestSender - Using open Channel [id: 0x71b70fc6, L:/127.0.0.1:60751 - R:localhost/127.0.0.1:64423] for POST '/session/0414607742a16914ad184a94e513e2e5/element/d55c679f-4e4c-4919-9e0a-3ff9dfe68b78/clear'
08:35:12.888 [AsyncHttpClient-1-9] DEBUG org.asynchttpclient.netty.handler.HttpHandler - 

Request DefaultHttpRequest(decodeResult: success, version: HTTP/1.1)
POST /session/0414607742a16914ad184a94e513e2e5/element/d55c679f-4e4c-4919-9e0a-3ff9dfe68b78/clear HTTP/1.1
User-Agent: selenium/4.1.2 (java windows)
Content-Length: 50
Content-Type: application/json; charset=utf-8
host: localhost:64423
accept: */*

Response DefaultHttpResponse(decodeResult: success, version: HTTP/1.1)
HTTP/1.1 200 OK
Content-Type: application/json; charset=utf-8
cache-control: no-cache
content-length: 14

08:35:12.888 [AsyncHttpClient-1-9] DEBUG org.asynchttpclient.netty.channel.ChannelManager - Adding key: http://localhost:64423 for channel [id: 0x71b70fc6, L:/127.0.0.1:60751 - R:localhost/127.0.0.1:64423]
08:35:12.892 [Forwarding sendKeysToElement on session 0414607742a16914ad184a94e513e2e5 to remote] DEBUG org.asynchttpclient.netty.request.NettyRequestSender - Using pooled Channel '[id: 0x71b70fc6, L:/127.0.0.1:60751 - R:localhost/127.0.0.1:64423]' for 'POST' to 'http://localhost:64423/session/0414607742a16914ad184a94e513e2e5/element/d55c679f-4e4c-4919-9e0a-3ff9dfe68b78/value'
08:35:12.892 [Forwarding sendKeysToElement on session 0414607742a16914ad184a94e513e2e5 to remote] DEBUG org.asynchttpclient.netty.request.NettyRequestSender - Using open Channel [id: 0x71b70fc6, L:/127.0.0.1:60751 - R:localhost/127.0.0.1:64423] for POST '/session/0414607742a16914ad184a94e513e2e5/element/d55c679f-4e4c-4919-9e0a-3ff9dfe68b78/value'
08:35:12.922 [AsyncHttpClient-1-9] DEBUG org.asynchttpclient.netty.handler.HttpHandler - 

Request DefaultHttpRequest(decodeResult: success, version: HTTP/1.1)
POST /session/0414607742a16914ad184a94e513e2e5/element/d55c679f-4e4c-4919-9e0a-3ff9dfe68b78/value HTTP/1.1
User-Agent: selenium/4.1.2 (java windows)
Content-Length: 82
Content-Type: application/json; charset=utf-8
host: localhost:64423
accept: */*

Response DefaultHttpResponse(decodeResult: success, version: HTTP/1.1)
HTTP/1.1 200 OK
Content-Type: application/json; charset=utf-8
cache-control: no-cache
content-length: 14

08:35:12.922 [AsyncHttpClient-1-9] DEBUG org.asynchttpclient.netty.channel.ChannelManager - Adding key: http://localhost:64423 for channel [id: 0x71b70fc6, L:/127.0.0.1:60751 - R:localhost/127.0.0.1:64423]
  &amp#27;[32mAnd &amp#27;[0m&amp#27;[32mi input &amp#27;[0m&amp#27;[32m&amp#27;[1m""&amp#27;[0m&amp#27;[32m my password&amp#27;[0m             &amp#27;[90m# starter.stepdefinitions.registerStep.iInputMyPassword(java.lang.String)&amp#27;[0m
08:35:12.931 [Forwarding screenshot on session 0414607742a16914ad184a94e513e2e5 to remote] DEBUG org.asynchttpclient.netty.request.NettyRequestSender - Using pooled Channel '[id: 0x71b70fc6, L:/127.0.0.1:60751 - R:localhost/127.0.0.1:64423]' for 'GET' to 'http://localhost:64423/session/0414607742a16914ad184a94e513e2e5/screenshot'
08:35:12.931 [Forwarding screenshot on session 0414607742a16914ad184a94e513e2e5 to remote] DEBUG org.asynchttpclient.netty.request.NettyRequestSender - Using open Channel [id: 0x71b70fc6, L:/127.0.0.1:60751 - R:localhost/127.0.0.1:64423] for GET '/session/0414607742a16914ad184a94e513e2e5/screenshot'
08:35:13.109 [AsyncHttpClient-1-9] DEBUG org.asynchttpclient.netty.handler.HttpHandler - 

Request DefaultFullHttpRequest(decodeResult: success, version: HTTP/1.1, content: EmptyByteBufBE)
GET /session/0414607742a16914ad184a94e513e2e5/screenshot HTTP/1.1
User-Agent: selenium/4.1.2 (java windows)
Cache-Control: no-cache
Content-Type: application/json; charset=utf-8
host: localhost:64423
accept: */*

Response DefaultHttpResponse(decodeResult: success, version: HTTP/1.1)
HTTP/1.1 200 OK
Content-Type: application/json; charset=utf-8
cache-control: no-cache
content-length: 54080

08:35:13.110 [AsyncHttpClient-1-9] DEBUG org.asynchttpclient.netty.channel.ChannelManager - Adding key: http://localhost:64423 for channel [id: 0x71b70fc6, L:/127.0.0.1:60751 - R:localhost/127.0.0.1:64423]
08:35:13.115 [main] DEBUG net.serenitybdd.core.photography.Darkroom - Send negative for processing for target\site\serenity\b644826ee5f33046ad5885c90ae459a4ae0286f93a4dbb652e360b7719a6b4f3.png
08:35:13.116 [Darkroom Processing Line] DEBUG net.serenitybdd.core.photography.DarkroomProcessingLine - Processing screenshot image in /var/screenshots/screenshot-8897366015010726936
08:35:13.116 [Darkroom Processing Line] DEBUG net.serenitybdd.core.photography.DarkroomProcessingLine - Saving screenshot to target\site\serenity\b644826ee5f33046ad5885c90ae459a4ae0286f93a4dbb652e360b7719a6b4f3.png
08:35:13.129 [Forwarding findElement on session 0414607742a16914ad184a94e513e2e5 to remote] DEBUG org.asynchttpclient.netty.request.NettyRequestSender - Using pooled Channel '[id: 0x71b70fc6, L:/127.0.0.1:60751 - R:localhost/127.0.0.1:64423]' for 'POST' to 'http://localhost:64423/session/0414607742a16914ad184a94e513e2e5/element'
08:35:13.129 [Forwarding findElement on session 0414607742a16914ad184a94e513e2e5 to remote] DEBUG org.asynchttpclient.netty.request.NettyRequestSender - Using open Channel [id: 0x71b70fc6, L:/127.0.0.1:60751 - R:localhost/127.0.0.1:64423] for POST '/session/0414607742a16914ad184a94e513e2e5/element'
08:35:13.147 [AsyncHttpClient-1-9] DEBUG org.asynchttpclient.netty.handler.HttpHandler - 

Request DefaultHttpRequest(decodeResult: success, version: HTTP/1.1)
POST /session/0414607742a16914ad184a94e513e2e5/element HTTP/1.1
User-Agent: selenium/4.1.2 (java windows)
Content-Length: 75
Content-Type: application/json; charset=utf-8
host: localhost:64423
accept: */*

Response DefaultHttpResponse(decodeResult: success, version: HTTP/1.1)
HTTP/1.1 200 OK
Content-Type: application/json; charset=utf-8
cache-control: no-cache
content-length: 88

08:35:13.147 [AsyncHttpClient-1-9] DEBUG org.asynchttpclient.netty.channel.ChannelManager - Adding key: http://localhost:64423 for channel [id: 0x71b70fc6, L:/127.0.0.1:60751 - R:localhost/127.0.0.1:64423]
08:35:13.149 [Forwarding getElementTagName on session 0414607742a16914ad184a94e513e2e5 to remote] DEBUG org.asynchttpclient.netty.request.NettyRequestSender - Using pooled Channel '[id: 0x71b70fc6, L:/127.0.0.1:60751 - R:localhost/127.0.0.1:64423]' for 'GET' to 'http://localhost:64423/session/0414607742a16914ad184a94e513e2e5/element/759f742c-72d7-48bf-818b-b97d98d88166/name'
08:35:13.149 [Forwarding getElementTagName on session 0414607742a16914ad184a94e513e2e5 to remote] DEBUG org.asynchttpclient.netty.request.NettyRequestSender - Using open Channel [id: 0x71b70fc6, L:/127.0.0.1:60751 - R:localhost/127.0.0.1:64423] for GET '/session/0414607742a16914ad184a94e513e2e5/element/759f742c-72d7-48bf-818b-b97d98d88166/name'
08:35:13.155 [AsyncHttpClient-1-9] DEBUG org.asynchttpclient.netty.handler.HttpHandler - 

Request DefaultFullHttpRequest(decodeResult: success, version: HTTP/1.1, content: EmptyByteBufBE)
GET /session/0414607742a16914ad184a94e513e2e5/element/759f742c-72d7-48bf-818b-b97d98d88166/name HTTP/1.1
User-Agent: selenium/4.1.2 (java windows)
Cache-Control: no-cache
Content-Type: application/json; charset=utf-8
host: localhost:64423
accept: */*

Response DefaultHttpResponse(decodeResult: success, version: HTTP/1.1)
HTTP/1.1 200 OK
Content-Type: application/json; charset=utf-8
cache-control: no-cache
content-length: 18

08:35:13.156 [AsyncHttpClient-1-9] DEBUG org.asynchttpclient.netty.channel.ChannelManager - Adding key: http://localhost:64423 for channel [id: 0x71b70fc6, L:/127.0.0.1:60751 - R:localhost/127.0.0.1:64423]
08:35:13.158 [Forwarding getElementTagName on session 0414607742a16914ad184a94e513e2e5 to remote] DEBUG org.asynchttpclient.netty.request.NettyRequestSender - Using pooled Channel '[id: 0x71b70fc6, L:/127.0.0.1:60751 - R:localhost/127.0.0.1:64423]' for 'GET' to 'http://localhost:64423/session/0414607742a16914ad184a94e513e2e5/element/759f742c-72d7-48bf-818b-b97d98d88166/name'
08:35:13.158 [Forwarding getElementTagName on session 0414607742a16914ad184a94e513e2e5 to remote] DEBUG org.asynchttpclient.netty.request.NettyRequestSender - Using open Channel [id: 0x71b70fc6, L:/127.0.0.1:60751 - R:localhost/127.0.0.1:64423] for GET '/session/0414607742a16914ad184a94e513e2e5/element/759f742c-72d7-48bf-818b-b97d98d88166/name'
08:35:13.165 [AsyncHttpClient-1-9] DEBUG org.asynchttpclient.netty.handler.HttpHandler - 

Request DefaultFullHttpRequest(decodeResult: success, version: HTTP/1.1, content: EmptyByteBufBE)
GET /session/0414607742a16914ad184a94e513e2e5/element/759f742c-72d7-48bf-818b-b97d98d88166/name HTTP/1.1
User-Agent: selenium/4.1.2 (java windows)
Cache-Control: no-cache
Content-Type: application/json; charset=utf-8
host: localhost:64423
accept: */*

Response DefaultHttpResponse(decodeResult: success, version: HTTP/1.1)
HTTP/1.1 200 OK
Content-Type: application/json; charset=utf-8
cache-control: no-cache
content-length: 18

08:35:13.165 [AsyncHttpClient-1-9] DEBUG org.asynchttpclient.netty.channel.ChannelManager - Adding key: http://localhost:64423 for channel [id: 0x71b70fc6, L:/127.0.0.1:60751 - R:localhost/127.0.0.1:64423]
08:35:13.168 [Forwarding isElementEnabled on session 0414607742a16914ad184a94e513e2e5 to remote] DEBUG org.asynchttpclient.netty.request.NettyRequestSender - Using pooled Channel '[id: 0x71b70fc6, L:/127.0.0.1:60751 - R:localhost/127.0.0.1:64423]' for 'GET' to 'http://localhost:64423/session/0414607742a16914ad184a94e513e2e5/element/759f742c-72d7-48bf-818b-b97d98d88166/enabled'
08:35:13.168 [Forwarding isElementEnabled on session 0414607742a16914ad184a94e513e2e5 to remote] DEBUG org.asynchttpclient.netty.request.NettyRequestSender - Using open Channel [id: 0x71b70fc6, L:/127.0.0.1:60751 - R:localhost/127.0.0.1:64423] for GET '/session/0414607742a16914ad184a94e513e2e5/element/759f742c-72d7-48bf-818b-b97d98d88166/enabled'
08:35:13.182 [AsyncHttpClient-1-9] DEBUG org.asynchttpclient.netty.handler.HttpHandler - 

Request DefaultFullHttpRequest(decodeResult: success, version: HTTP/1.1, content: EmptyByteBufBE)
GET /session/0414607742a16914ad184a94e513e2e5/element/759f742c-72d7-48bf-818b-b97d98d88166/enabled HTTP/1.1
User-Agent: selenium/4.1.2 (java windows)
Cache-Control: no-cache
Content-Type: application/json; charset=utf-8
host: localhost:64423
accept: */*

Response DefaultHttpResponse(decodeResult: success, version: HTTP/1.1)
HTTP/1.1 200 OK
Content-Type: application/json; charset=utf-8
cache-control: no-cache
content-length: 14

08:35:13.182 [AsyncHttpClient-1-9] DEBUG org.asynchttpclient.netty.channel.ChannelManager - Adding key: http://localhost:64423 for channel [id: 0x71b70fc6, L:/127.0.0.1:60751 - R:localhost/127.0.0.1:64423]
08:35:13.184 [Forwarding isElementEnabled on session 0414607742a16914ad184a94e513e2e5 to remote] DEBUG org.asynchttpclient.netty.request.NettyRequestSender - Using pooled Channel '[id: 0x71b70fc6, L:/127.0.0.1:60751 - R:localhost/127.0.0.1:64423]' for 'GET' to 'http://localhost:64423/session/0414607742a16914ad184a94e513e2e5/element/759f742c-72d7-48bf-818b-b97d98d88166/enabled'
08:35:13.185 [Forwarding isElementEnabled on session 0414607742a16914ad184a94e513e2e5 to remote] DEBUG org.asynchttpclient.netty.request.NettyRequestSender - Using open Channel [id: 0x71b70fc6, L:/127.0.0.1:60751 - R:localhost/127.0.0.1:64423] for GET '/session/0414607742a16914ad184a94e513e2e5/element/759f742c-72d7-48bf-818b-b97d98d88166/enabled'
08:35:13.193 [AsyncHttpClient-1-9] DEBUG org.asynchttpclient.netty.handler.HttpHandler - 

Request DefaultFullHttpRequest(decodeResult: success, version: HTTP/1.1, content: EmptyByteBufBE)
GET /session/0414607742a16914ad184a94e513e2e5/element/759f742c-72d7-48bf-818b-b97d98d88166/enabled HTTP/1.1
User-Agent: selenium/4.1.2 (java windows)
Cache-Control: no-cache
Content-Type: application/json; charset=utf-8
host: localhost:64423
accept: */*

Response DefaultHttpResponse(decodeResult: success, version: HTTP/1.1)
HTTP/1.1 200 OK
Content-Type: application/json; charset=utf-8
cache-control: no-cache
content-length: 14

08:35:13.193 [AsyncHttpClient-1-9] DEBUG org.asynchttpclient.netty.channel.ChannelManager - Adding key: http://localhost:64423 for channel [id: 0x71b70fc6, L:/127.0.0.1:60751 - R:localhost/127.0.0.1:64423]
08:35:13.197 [Forwarding findElement on session 0414607742a16914ad184a94e513e2e5 to remote] DEBUG org.asynchttpclient.netty.request.NettyRequestSender - Using pooled Channel '[id: 0x71b70fc6, L:/127.0.0.1:60751 - R:localhost/127.0.0.1:64423]' for 'POST' to 'http://localhost:64423/session/0414607742a16914ad184a94e513e2e5/element'
08:35:13.197 [Forwarding findElement on session 0414607742a16914ad184a94e513e2e5 to remote] DEBUG org.asynchttpclient.netty.request.NettyRequestSender - Using open Channel [id: 0x71b70fc6, L:/127.0.0.1:60751 - R:localhost/127.0.0.1:64423] for POST '/session/0414607742a16914ad184a94e513e2e5/element'
08:35:13.208 [AsyncHttpClient-1-9] DEBUG org.asynchttpclient.netty.handler.HttpHandler - 

Request DefaultHttpRequest(decodeResult: success, version: HTTP/1.1)
POST /session/0414607742a16914ad184a94e513e2e5/element HTTP/1.1
User-Agent: selenium/4.1.2 (java windows)
Content-Length: 75
Content-Type: application/json; charset=utf-8
host: localhost:64423
accept: */*

Response DefaultHttpResponse(decodeResult: success, version: HTTP/1.1)
HTTP/1.1 200 OK
Content-Type: application/json; charset=utf-8
cache-control: no-cache
content-length: 88

08:35:13.208 [AsyncHttpClient-1-9] DEBUG org.asynchttpclient.netty.channel.ChannelManager - Adding key: http://localhost:64423 for channel [id: 0x71b70fc6, L:/127.0.0.1:60751 - R:localhost/127.0.0.1:64423]
08:35:13.211 [Forwarding clickElement on session 0414607742a16914ad184a94e513e2e5 to remote] DEBUG org.asynchttpclient.netty.request.NettyRequestSender - Using pooled Channel '[id: 0x71b70fc6, L:/127.0.0.1:60751 - R:localhost/127.0.0.1:64423]' for 'POST' to 'http://localhost:64423/session/0414607742a16914ad184a94e513e2e5/element/759f742c-72d7-48bf-818b-b97d98d88166/click'
08:35:13.211 [Forwarding clickElement on session 0414607742a16914ad184a94e513e2e5 to remote] DEBUG org.asynchttpclient.netty.request.NettyRequestSender - Using open Channel [id: 0x71b70fc6, L:/127.0.0.1:60751 - R:localhost/127.0.0.1:64423] for POST '/session/0414607742a16914ad184a94e513e2e5/element/759f742c-72d7-48bf-818b-b97d98d88166/click'
08:35:13.278 [AsyncHttpClient-1-9] DEBUG org.asynchttpclient.netty.handler.HttpHandler - 

Request DefaultHttpRequest(decodeResult: success, version: HTTP/1.1)
POST /session/0414607742a16914ad184a94e513e2e5/element/759f742c-72d7-48bf-818b-b97d98d88166/click HTTP/1.1
User-Agent: selenium/4.1.2 (java windows)
Content-Length: 50
Content-Type: application/json; charset=utf-8
host: localhost:64423
accept: */*

Response DefaultHttpResponse(decodeResult: success, version: HTTP/1.1)
HTTP/1.1 200 OK
Content-Type: application/json; charset=utf-8
cache-control: no-cache
content-length: 14

08:35:13.278 [AsyncHttpClient-1-9] DEBUG org.asynchttpclient.netty.channel.ChannelManager - Adding key: http://localhost:64423 for channel [id: 0x71b70fc6, L:/127.0.0.1:60751 - R:localhost/127.0.0.1:64423]
  &amp#27;[32mAnd &amp#27;[0m&amp#27;[32mi click register button&amp#27;[0m            &amp#27;[90m# starter.stepdefinitions.registerStep.iClickRegisterButton()&amp#27;[0m
08:35:13.290 [Forwarding screenshot on session 0414607742a16914ad184a94e513e2e5 to remote] DEBUG org.asynchttpclient.netty.request.NettyRequestSender - Using pooled Channel '[id: 0x71b70fc6, L:/127.0.0.1:60751 - R:localhost/127.0.0.1:64423]' for 'GET' to 'http://localhost:64423/session/0414607742a16914ad184a94e513e2e5/screenshot'
08:35:13.290 [Forwarding screenshot on session 0414607742a16914ad184a94e513e2e5 to remote] DEBUG org.asynchttpclient.netty.request.NettyRequestSender - Using open Channel [id: 0x71b70fc6, L:/127.0.0.1:60751 - R:localhost/127.0.0.1:64423] for GET '/session/0414607742a16914ad184a94e513e2e5/screenshot'
08:35:13.428 [AsyncHttpClient-1-1] DEBUG org.asynchttpclient.netty.channel.DefaultChannelPool - Entry count for : http://localhost:60752 : 1
08:35:13.779 [AsyncHttpClient-1-9] DEBUG org.asynchttpclient.netty.handler.HttpHandler - 

Request DefaultFullHttpRequest(decodeResult: success, version: HTTP/1.1, content: EmptyByteBufBE)
GET /session/0414607742a16914ad184a94e513e2e5/screenshot HTTP/1.1
User-Agent: selenium/4.1.2 (java windows)
Cache-Control: no-cache
Content-Type: application/json; charset=utf-8
host: localhost:64423
accept: */*

Response DefaultHttpResponse(decodeResult: success, version: HTTP/1.1)
HTTP/1.1 200 OK
Content-Type: application/json; charset=utf-8
cache-control: no-cache
content-length: 57916

08:35:13.780 [AsyncHttpClient-1-9] DEBUG org.asynchttpclient.netty.channel.ChannelManager - Adding key: http://localhost:64423 for channel [id: 0x71b70fc6, L:/127.0.0.1:60751 - R:localhost/127.0.0.1:64423]
08:35:13.783 [main] DEBUG net.serenitybdd.core.photography.Darkroom - Send negative for processing for target\site\serenity\abae68c7c75840aa89e0a6522c8d030d48770b1b922039664953aeb95e968f07.png
08:35:13.783 [Darkroom Processing Line] DEBUG net.serenitybdd.core.photography.DarkroomProcessingLine - Processing screenshot image in /var/screenshots/screenshot-2377802238720135991
08:35:13.784 [Darkroom Processing Line] DEBUG net.serenitybdd.core.photography.DarkroomProcessingLine - Saving screenshot to target\site\serenity\abae68c7c75840aa89e0a6522c8d030d48770b1b922039664953aeb95e968f07.png
08:35:13.793 [Forwarding findElement on session 0414607742a16914ad184a94e513e2e5 to remote] DEBUG org.asynchttpclient.netty.request.NettyRequestSender - Using pooled Channel '[id: 0x71b70fc6, L:/127.0.0.1:60751 - R:localhost/127.0.0.1:64423]' for 'POST' to 'http://localhost:64423/session/0414607742a16914ad184a94e513e2e5/element'
08:35:13.793 [Forwarding findElement on session 0414607742a16914ad184a94e513e2e5 to remote] DEBUG org.asynchttpclient.netty.request.NettyRequestSender - Using open Channel [id: 0x71b70fc6, L:/127.0.0.1:60751 - R:localhost/127.0.0.1:64423] for POST '/session/0414607742a16914ad184a94e513e2e5/element'
08:35:13.808 [AsyncHttpClient-1-9] DEBUG org.asynchttpclient.netty.handler.HttpHandler - 

Request DefaultHttpRequest(decodeResult: success, version: HTTP/1.1)
POST /session/0414607742a16914ad184a94e513e2e5/element HTTP/1.1
User-Agent: selenium/4.1.2 (java windows)
Content-Length: 86
Content-Type: application/json; charset=utf-8
host: localhost:64423
accept: */*

Response DefaultHttpResponse(decodeResult: success, version: HTTP/1.1)
HTTP/1.1 200 OK
Content-Type: application/json; charset=utf-8
cache-control: no-cache
content-length: 88

08:35:13.808 [AsyncHttpClient-1-9] DEBUG org.asynchttpclient.netty.channel.ChannelManager - Adding key: http://localhost:64423 for channel [id: 0x71b70fc6, L:/127.0.0.1:60751 - R:localhost/127.0.0.1:64423]
08:35:13.817 [Forwarding isElementDisplayed on session 0414607742a16914ad184a94e513e2e5 to remote] DEBUG org.asynchttpclient.netty.request.NettyRequestSender - Using pooled Channel '[id: 0x71b70fc6, L:/127.0.0.1:60751 - R:localhost/127.0.0.1:64423]' for 'POST' to 'http://localhost:64423/session/0414607742a16914ad184a94e513e2e5/execute/sync'
08:35:13.817 [Forwarding isElementDisplayed on session 0414607742a16914ad184a94e513e2e5 to remote] DEBUG org.asynchttpclient.netty.request.NettyRequestSender - Using open Channel [id: 0x71b70fc6, L:/127.0.0.1:60751 - R:localhost/127.0.0.1:64423] for POST '/session/0414607742a16914ad184a94e513e2e5/execute/sync'
08:35:13.843 [AsyncHttpClient-1-9] DEBUG org.asynchttpclient.netty.handler.HttpHandler - 

Request DefaultHttpRequest(decodeResult: success, version: HTTP/1.1)
POST /session/0414607742a16914ad184a94e513e2e5/execute/sync HTTP/1.1
User-Agent: selenium/4.1.2 (java windows)
Content-Length: 48780
Content-Type: application/json; charset=utf-8
host: localhost:64423
accept: */*

Response DefaultHttpResponse(decodeResult: success, version: HTTP/1.1)
HTTP/1.1 200 OK
Content-Type: application/json; charset=utf-8
cache-control: no-cache
content-length: 14

08:35:13.843 [AsyncHttpClient-1-9] DEBUG org.asynchttpclient.netty.channel.ChannelManager - Adding key: http://localhost:64423 for channel [id: 0x71b70fc6, L:/127.0.0.1:60751 - R:localhost/127.0.0.1:64423]
08:35:13.847 [Forwarding findElement on session 0414607742a16914ad184a94e513e2e5 to remote] DEBUG org.asynchttpclient.netty.request.NettyRequestSender - Using pooled Channel '[id: 0x71b70fc6, L:/127.0.0.1:60751 - R:localhost/127.0.0.1:64423]' for 'POST' to 'http://localhost:64423/session/0414607742a16914ad184a94e513e2e5/element'
08:35:13.847 [Forwarding findElement on session 0414607742a16914ad184a94e513e2e5 to remote] DEBUG org.asynchttpclient.netty.request.NettyRequestSender - Using open Channel [id: 0x71b70fc6, L:/127.0.0.1:60751 - R:localhost/127.0.0.1:64423] for POST '/session/0414607742a16914ad184a94e513e2e5/element'
08:35:13.870 [AsyncHttpClient-1-9] DEBUG org.asynchttpclient.netty.handler.HttpHandler - 

Request DefaultHttpRequest(decodeResult: success, version: HTTP/1.1)
POST /session/0414607742a16914ad184a94e513e2e5/element HTTP/1.1
User-Agent: selenium/4.1.2 (java windows)
Content-Length: 149
Content-Type: application/json; charset=utf-8
host: localhost:64423
accept: */*

Response DefaultHttpResponse(decodeResult: success, version: HTTP/1.1)
HTTP/1.1 200 OK
Content-Type: application/json; charset=utf-8
cache-control: no-cache
content-length: 88

08:35:13.870 [AsyncHttpClient-1-9] DEBUG org.asynchttpclient.netty.channel.ChannelManager - Adding key: http://localhost:64423 for channel [id: 0x71b70fc6, L:/127.0.0.1:60751 - R:localhost/127.0.0.1:64423]
08:35:13.876 [Forwarding isElementDisplayed on session 0414607742a16914ad184a94e513e2e5 to remote] DEBUG org.asynchttpclient.netty.request.NettyRequestSender - Using pooled Channel '[id: 0x71b70fc6, L:/127.0.0.1:60751 - R:localhost/127.0.0.1:64423]' for 'POST' to 'http://localhost:64423/session/0414607742a16914ad184a94e513e2e5/execute/sync'
08:35:13.876 [Forwarding isElementDisplayed on session 0414607742a16914ad184a94e513e2e5 to remote] DEBUG org.asynchttpclient.netty.request.NettyRequestSender - Using open Channel [id: 0x71b70fc6, L:/127.0.0.1:60751 - R:localhost/127.0.0.1:64423] for POST '/session/0414607742a16914ad184a94e513e2e5/execute/sync'
08:35:13.908 [AsyncHttpClient-1-9] DEBUG org.asynchttpclient.netty.handler.HttpHandler - 

Request DefaultHttpRequest(decodeResult: success, version: HTTP/1.1)
POST /session/0414607742a16914ad184a94e513e2e5/execute/sync HTTP/1.1
User-Agent: selenium/4.1.2 (java windows)
Content-Length: 48780
Content-Type: application/json; charset=utf-8
host: localhost:64423
accept: */*

Response DefaultHttpResponse(decodeResult: success, version: HTTP/1.1)
HTTP/1.1 200 OK
Content-Type: application/json; charset=utf-8
cache-control: no-cache
content-length: 14

08:35:13.908 [AsyncHttpClient-1-9] DEBUG org.asynchttpclient.netty.channel.ChannelManager - Adding key: http://localhost:64423 for channel [id: 0x71b70fc6, L:/127.0.0.1:60751 - R:localhost/127.0.0.1:64423]
  &amp#27;[32mThen &amp#27;[0m&amp#27;[32mi get my &amp#27;[0m&amp#27;[32m&amp#27;[1m"Register Page"&amp#27;[0m          &amp#27;[90m# starter.stepdefinitions.registerStep.iGetMy(java.lang.String)&amp#27;[0m
08:35:13.920 [Forwarding screenshot on session 0414607742a16914ad184a94e513e2e5 to remote] DEBUG org.asynchttpclient.netty.request.NettyRequestSender - Using pooled Channel '[id: 0x71b70fc6, L:/127.0.0.1:60751 - R:localhost/127.0.0.1:64423]' for 'GET' to 'http://localhost:64423/session/0414607742a16914ad184a94e513e2e5/screenshot'
08:35:13.920 [Forwarding screenshot on session 0414607742a16914ad184a94e513e2e5 to remote] DEBUG org.asynchttpclient.netty.request.NettyRequestSender - Using open Channel [id: 0x71b70fc6, L:/127.0.0.1:60751 - R:localhost/127.0.0.1:64423] for GET '/session/0414607742a16914ad184a94e513e2e5/screenshot'
08:35:14.104 [AsyncHttpClient-1-9] DEBUG org.asynchttpclient.netty.handler.HttpHandler - 

Request DefaultFullHttpRequest(decodeResult: success, version: HTTP/1.1, content: EmptyByteBufBE)
GET /session/0414607742a16914ad184a94e513e2e5/screenshot HTTP/1.1
User-Agent: selenium/4.1.2 (java windows)
Cache-Control: no-cache
Content-Type: application/json; charset=utf-8
host: localhost:64423
accept: */*

Response DefaultHttpResponse(decodeResult: success, version: HTTP/1.1)
HTTP/1.1 200 OK
Content-Type: application/json; charset=utf-8
cache-control: no-cache
content-length: 56896

08:35:14.104 [AsyncHttpClient-1-9] DEBUG org.asynchttpclient.netty.channel.ChannelManager - Adding key: http://localhost:64423 for channel [id: 0x71b70fc6, L:/127.0.0.1:60751 - R:localhost/127.0.0.1:64423]
08:35:14.110 [main] DEBUG net.serenitybdd.core.photography.Darkroom - Send negative for processing for target\site\serenity\45c3be5bae99d35ce8d22fd3c973b233cdfbffd170771ac2d6b3067dc18ae217.png
08:35:14.110 [Darkroom Processing Line] DEBUG net.serenitybdd.core.photography.DarkroomProcessingLine - Processing screenshot image in /var/screenshots/screenshot-10777619079944265656
08:35:14.110 [Darkroom Processing Line] DEBUG net.serenitybdd.core.photography.DarkroomProcessingLine - Saving screenshot to target\site\serenity\45c3be5bae99d35ce8d22fd3c973b233cdfbffd170771ac2d6b3067dc18ae217.png
08:35:14.121 [AsyncHttpClient-1-11] DEBUG org.asynchttpclient.netty.handler.WebSocketHandler - Channel Closed: [id: 0xaccd31a2, L:/127.0.0.1:60759 ! R:localhost/127.0.0.1:60752] with attribute NettyResponseFuture{currentRetry=5,
	isDone=1,
	isCancelled=0,
	asyncHandler=org.asynchttpclient.ws.WebSocketUpgradeHandler@44808cc,
	nettyRequest=org.asynchttpclient.netty.request.NettyRequest@2182f214,
	future=java.util.concurrent.CompletableFuture@2298e2c2[Completed normally],
	uri=ws://localhost:60752/devtools/browser/91a5e083-7066-4afb-929d-29019df3aaf3,
	keepAlive=true,
	redirectCount=0,
	timeoutsHolder=null,
	inAuth=0,
	touch=1652837704337}
08:35:14.122 [AsyncHttpClient-1-11] DEBUG org.asynchttpclient.netty.channel.ChannelManager - Closing Channel [id: 0xaccd31a2, L:/127.0.0.1:60759 ! R:localhost/127.0.0.1:60752] 
08:35:14.122 [Driver Command Executor] DEBUG org.asynchttpclient.netty.request.NettyRequestSender - Using pooled Channel '[id: 0x71b70fc6, L:/127.0.0.1:60751 - R:localhost/127.0.0.1:64423]' for 'DELETE' to 'http://localhost:64423/session/0414607742a16914ad184a94e513e2e5'
08:35:14.122 [Driver Command Executor] DEBUG org.asynchttpclient.netty.request.NettyRequestSender - Using open Channel [id: 0x71b70fc6, L:/127.0.0.1:60751 - R:localhost/127.0.0.1:64423] for DELETE '/session/0414607742a16914ad184a94e513e2e5'
08:35:14.174 [AsyncHttpClient-1-10] DEBUG org.asynchttpclient.netty.handler.HttpHandler - Unexpected I/O exception on channel [id: 0x64021819, L:/127.0.0.1:60758 - R:localhost/127.0.0.1:60752]
java.net.SocketException: Connection reset
	at java.base/sun.nio.ch.SocketChannelImpl.throwConnectionReset(SocketChannelImpl.java:367)
	at java.base/sun.nio.ch.SocketChannelImpl.read(SocketChannelImpl.java:398)
	at io.netty.buffer.PooledByteBuf.setBytes(PooledByteBuf.java:258)
	at io.netty.buffer.AbstractByteBuf.writeBytes(AbstractByteBuf.java:1132)
	at io.netty.channel.socket.nio.NioSocketChannel.doReadBytes(NioSocketChannel.java:350)
	at io.netty.channel.nio.AbstractNioByteChannel$NioByteUnsafe.read(AbstractNioByteChannel.java:151)
	at io.netty.channel.nio.NioEventLoop.processSelectedKey(NioEventLoop.java:722)
	at io.netty.channel.nio.NioEventLoop.processSelectedKeysOptimized(NioEventLoop.java:658)
	at io.netty.channel.nio.NioEventLoop.processSelectedKeys(NioEventLoop.java:584)
	at io.netty.channel.nio.NioEventLoop.run(NioEventLoop.java:496)
	at io.netty.util.concurrent.SingleThreadEventExecutor$4.run(SingleThreadEventExecutor.java:986)
	at io.netty.util.internal.ThreadExecutorMap$2.run(ThreadExecutorMap.java:74)
	at io.netty.util.concurrent.FastThreadLocalRunnable.run(FastThreadLocalRunnable.java:30)
	at java.base/java.lang.Thread.run(Thread.java:832)
08:35:14.174 [AsyncHttpClient-1-10] DEBUG org.asynchttpclient.netty.channel.ChannelManager - Closing Channel [id: 0x64021819, L:/127.0.0.1:60758 - R:localhost/127.0.0.1:60752] 
08:35:14.175 [AsyncHttpClient-1-10] DEBUG org.asynchttpclient.netty.handler.HttpHandler - Channel Closed: [id: 0x64021819, L:/127.0.0.1:60758 ! R:localhost/127.0.0.1:60752] with attribute DISCARD
08:35:14.202 [AsyncHttpClient-1-9] DEBUG org.asynchttpclient.netty.handler.HttpHandler - 

Request DefaultFullHttpRequest(decodeResult: success, version: HTTP/1.1, content: EmptyByteBufBE)
DELETE /session/0414607742a16914ad184a94e513e2e5 HTTP/1.1
User-Agent: selenium/4.1.2 (java windows)
Content-Type: application/json; charset=utf-8
host: localhost:64423
accept: */*

Response DefaultHttpResponse(decodeResult: success, version: HTTP/1.1)
HTTP/1.1 200 OK
Content-Type: application/json; charset=utf-8
cache-control: no-cache
content-length: 14

08:35:14.202 [AsyncHttpClient-1-9] DEBUG org.asynchttpclient.netty.channel.ChannelManager - Adding key: http://localhost:64423 for channel [id: 0x71b70fc6, L:/127.0.0.1:60751 - R:localhost/127.0.0.1:64423]
08:35:14.487 [AsyncHttpClient-1-9] DEBUG org.asynchttpclient.netty.handler.HttpHandler - Channel Closed: [id: 0x71b70fc6, L:/127.0.0.1:60751 ! R:localhost/127.0.0.1:64423] with attribute DISCARD
08:35:14.529 [AsyncHttpClient-1-1] DEBUG org.asynchttpclient.netty.channel.DefaultChannelPool - Entry count for : http://localhost:60752 : 1
08:35:14.529 [AsyncHttpClient-1-1] DEBUG org.asynchttpclient.netty.channel.DefaultChannelPool - Entry count for : http://localhost:64423 : 1
08:35:14.529 [AsyncHttpClient-1-1] DEBUG org.asynchttpclient.netty.channel.DefaultChannelPool - Adding Candidate expired Channel [id: 0x64021819, L:/127.0.0.1:60758 ! R:localhost/127.0.0.1:60752] isIdleTimeoutExpired=false isRemotelyClosed=true isTtlExpired=false
08:35:14.529 [AsyncHttpClient-1-1] DEBUG org.asynchttpclient.netty.channel.DefaultChannelPool - Closing Idle Channel [id: 0x64021819, L:/127.0.0.1:60758 ! R:localhost/127.0.0.1:60752]
08:35:14.529 [AsyncHttpClient-1-1] DEBUG org.asynchttpclient.netty.channel.DefaultChannelPool - Adding Candidate expired Channel [id: 0x71b70fc6, L:/127.0.0.1:60751 ! R:localhost/127.0.0.1:64423] isIdleTimeoutExpired=false isRemotelyClosed=true isTtlExpired=false
08:35:14.529 [AsyncHttpClient-1-1] DEBUG org.asynchttpclient.netty.channel.DefaultChannelPool - Closing Idle Channel [id: 0x71b70fc6, L:/127.0.0.1:60751 ! R:localhost/127.0.0.1:64423]
08:35:14.530 [AsyncHttpClient-1-1] DEBUG org.asynchttpclient.netty.channel.DefaultChannelPool - Closed 2 connections out of 2 in 1 ms
08:35:15.003 [main] INFO  - 
  _____   ___   ___   _____     ___     _     ___   ___   ___   ___  
 |_   _| | __| / __| |_   _|   | _ \   /_\   / __| / __| | __| |   \ 
   | |   | _|  \__ \   | |     |  _/  / _ \  \__ \ \__ \ | _|  | |) |
   |_|   |___| |___/   |_|     |_|   /_/ \_\ |___/ |___/ |___| |___/ 

Registration scenario
----------------------------------------------------------------------
]]></system-out>
    <system-err><![CDATA[Starting ChromeDriver 101.0.4951.41 (93c720db8323b3ec10d056025ab95c23a31997c9-refs/branch-heads/4951@{#904}) on port 64423
Only local connections are allowed.
Please see https://chromedriver.chromium.org/security-considerations for suggestions on keeping ChromeDriver safe.
ChromeDriver was started successfully.
May 18, 2022 8:35:04 AM org.openqa.selenium.remote.ProtocolHandshake createSession
INFO: Detected dialect: W3C
May 18, 2022 8:35:04 AM org.openqa.selenium.devtools.CdpVersionFinder findNearestMatch
WARNING: Unable to find an exact match for CDP version 101, so returning the closest version found: 97
May 18, 2022 8:35:04 AM org.openqa.selenium.devtools.CdpVersionFinder findNearestMatch
INFO: Found CDP implementation for version 101 of 97
]]></system-err>
  </testcase>
  <testcase name="Registration scenario #3" classname="Registration" time="12.764">
    <system-out><![CDATA[
@register
Scenario Outline: Registration scenario  &amp#27;[90m# src/test/resources/features/register.feature:22&amp#27;[0m
08:35:15.021 [main] INFO io.cucumber.core.plugin.SerenityReporter - Running feature from file:///D:/PERKULIAHAN/Semester%206,Hebatt%20glad!/Altera/QE_Gladys-Cindana-Asri-Pardosi/Mini-Project/Web/src/test/resources/features/register.feature
08:35:15.044 [main] INFO net.serenitybdd.core.webdriver.driverproviders.ChromeDriverProvider - Using automatically driver download
08:35:15.221 [main] DEBUG io.github.bonigarcia.wdm.cache.ResolutionCache - Resolution chrome=101 in cache (valid until 09:23:35 18/05/2022 WIB)
08:35:15.230 [main] DEBUG io.github.bonigarcia.wdm.cache.ResolutionCache - Resolution chrome101=101.0.4951.41 in cache (valid until 18:48:44 18/05/2022 WIB)
08:35:15.233 [main] INFO io.github.bonigarcia.wdm.WebDriverManager - Using chromedriver 101.0.4951.41 (resolved driver for Chrome 101)
08:35:15.253 [main] DEBUG io.github.bonigarcia.wdm.WebDriverManager - Driver chromedriver 101.0.4951.41 found in cache
08:35:15.254 [main] INFO io.github.bonigarcia.wdm.WebDriverManager - Exporting webdriver.chrome.driver as C:\Users\ASUS\.cache\selenium\chromedriver\win32\101.0.4951.41\chromedriver.exe
08:35:15.407 [main] DEBUG net.serenitybdd.core.webdriver.driverproviders.ProvideNewDriver - Instantiating driver
08:35:15.407 [main] DEBUG net.serenitybdd.core.webdriver.driverproviders.ProvideNewDriver - Driver capabilities: Capabilities {acceptInsecureCerts: false, base.url: , browserName: chrome, goog:chromeOptions: {args: [], extensions: []}}
08:35:15.962 [AsyncHttpClient-1-12] DEBUG org.asynchttpclient.netty.channel.NettyConnectListener - Using new Channel '[id: 0x47950f59, L:/127.0.0.1:60786 - R:localhost/127.0.0.1:62429]' for 'POST' to '/session'
08:35:17.455 [AsyncHttpClient-1-12] DEBUG org.asynchttpclient.netty.handler.HttpHandler - 

Request DefaultHttpRequest(decodeResult: success, version: HTTP/1.1)
POST /session HTTP/1.1
User-Agent: selenium/4.1.2 (java windows)
Content-Length: 457
Content-Type: application/json; charset=utf-8
host: localhost:62429
accept: */*

Response DefaultHttpResponse(decodeResult: success, version: HTTP/1.1)
HTTP/1.1 200 OK
Content-Type: application/json; charset=utf-8
cache-control: no-cache
content-length: 789

08:35:17.455 [AsyncHttpClient-1-12] DEBUG org.asynchttpclient.netty.channel.ChannelManager - Adding key: http://localhost:62429 for channel [id: 0x47950f59, L:/127.0.0.1:60786 - R:localhost/127.0.0.1:62429]
08:35:17.469 [AsyncHttpClient-1-13] DEBUG org.asynchttpclient.netty.channel.NettyConnectListener - Using new Channel '[id: 0x3b35c9a3, L:/127.0.0.1:60795 - R:localhost/127.0.0.1:60787]' for 'GET' to '/json/version'
08:35:17.470 [AsyncHttpClient-1-13] DEBUG org.asynchttpclient.netty.handler.HttpHandler - 

Request DefaultFullHttpRequest(decodeResult: success, version: HTTP/1.1, content: EmptyByteBufBE)
GET /json/version HTTP/1.1
User-Agent: selenium/4.1.2 (java windows)
host: localhost:60787
accept: */*

Response DefaultHttpResponse(decodeResult: success, version: HTTP/1.1)
HTTP/1.1 200 OK
Content-Type: application/json; charset=UTF-8
content-length: 427

08:35:17.471 [AsyncHttpClient-1-13] DEBUG org.asynchttpclient.netty.channel.ChannelManager - Adding key: http://localhost:60787 for channel [id: 0x3b35c9a3, L:/127.0.0.1:60795 - R:localhost/127.0.0.1:60787]
08:35:17.475 [AsyncHttpClient-1-14] DEBUG org.asynchttpclient.netty.channel.NettyConnectListener - Using new Channel '[id: 0xb7093026, L:/127.0.0.1:60796 - R:localhost/127.0.0.1:60787]' for 'GET' to '/devtools/browser/ebf62e5d-9903-44fd-b05e-b0680555f65b'
08:35:17.479 [AsyncHttpClient-1-14] DEBUG org.asynchttpclient.netty.handler.WebSocketHandler - 

Request DefaultFullHttpRequest(decodeResult: success, version: HTTP/1.1, content: EmptyByteBufBE)
GET /devtools/browser/ebf62e5d-9903-44fd-b05e-b0680555f65b HTTP/1.1
upgrade: websocket
connection: upgrade
sec-websocket-key: xat7YIVcSFyvbZJHKIz1ig==
sec-websocket-version: 13
origin: http://localhost:60787
host: localhost:60787
accept: */*
user-agent: AHC/2.1

Response DefaultHttpResponse(decodeResult: success, version: HTTP/1.1)
HTTP/1.1 101 WebSocket Protocol Handshake
Upgrade: WebSocket
Connection: Upgrade
Sec-WebSocket-Accept: j5lt5VVWWZHMGQNapFS2WnMhO1M=

08:35:17.487 [Forwarding get on session c2ef10553a6105638af68063c16f178c to remote] DEBUG org.asynchttpclient.netty.request.NettyRequestSender - Using pooled Channel '[id: 0x47950f59, L:/127.0.0.1:60786 - R:localhost/127.0.0.1:62429]' for 'POST' to 'http://localhost:62429/session/c2ef10553a6105638af68063c16f178c/url'
08:35:17.487 [Forwarding get on session c2ef10553a6105638af68063c16f178c to remote] DEBUG org.asynchttpclient.netty.request.NettyRequestSender - Using open Channel [id: 0x47950f59, L:/127.0.0.1:60786 - R:localhost/127.0.0.1:62429] for POST '/session/c2ef10553a6105638af68063c16f178c/url'
08:35:17.829 [AsyncHttpClient-1-1] DEBUG org.asynchttpclient.netty.channel.DefaultChannelPool - Entry count for : http://localhost:60787 : 1
08:35:18.929 [AsyncHttpClient-1-1] DEBUG org.asynchttpclient.netty.channel.DefaultChannelPool - Entry count for : http://localhost:60787 : 1
08:35:20.037 [AsyncHttpClient-1-1] DEBUG org.asynchttpclient.netty.channel.DefaultChannelPool - Entry count for : http://localhost:60787 : 1
08:35:21.129 [AsyncHttpClient-1-1] DEBUG org.asynchttpclient.netty.channel.DefaultChannelPool - Entry count for : http://localhost:60787 : 1
08:35:21.545 [AsyncHttpClient-1-12] DEBUG org.asynchttpclient.netty.handler.HttpHandler - 

Request DefaultHttpRequest(decodeResult: success, version: HTTP/1.1)
POST /session/c2ef10553a6105638af68063c16f178c/url HTTP/1.1
User-Agent: selenium/4.1.2 (java windows)
Content-Length: 49
Content-Type: application/json; charset=utf-8
host: localhost:62429
accept: */*

Response DefaultHttpResponse(decodeResult: success, version: HTTP/1.1)
HTTP/1.1 200 OK
Content-Type: application/json; charset=utf-8
cache-control: no-cache
content-length: 14

08:35:21.545 [AsyncHttpClient-1-12] DEBUG org.asynchttpclient.netty.channel.ChannelManager - Adding key: http://localhost:62429 for channel [id: 0x47950f59, L:/127.0.0.1:60786 - R:localhost/127.0.0.1:62429]
08:35:21.548 [Forwarding setTimeout on session c2ef10553a6105638af68063c16f178c to remote] DEBUG org.asynchttpclient.netty.request.NettyRequestSender - Using pooled Channel '[id: 0x47950f59, L:/127.0.0.1:60786 - R:localhost/127.0.0.1:62429]' for 'POST' to 'http://localhost:62429/session/c2ef10553a6105638af68063c16f178c/timeouts'
08:35:21.548 [Forwarding setTimeout on session c2ef10553a6105638af68063c16f178c to remote] DEBUG org.asynchttpclient.netty.request.NettyRequestSender - Using open Channel [id: 0x47950f59, L:/127.0.0.1:60786 - R:localhost/127.0.0.1:62429] for POST '/session/c2ef10553a6105638af68063c16f178c/timeouts'
08:35:21.550 [AsyncHttpClient-1-12] DEBUG org.asynchttpclient.netty.handler.HttpHandler - 

Request DefaultHttpRequest(decodeResult: success, version: HTTP/1.1)
POST /session/c2ef10553a6105638af68063c16f178c/timeouts HTTP/1.1
User-Agent: selenium/4.1.2 (java windows)
Content-Length: 22
Content-Type: application/json; charset=utf-8
host: localhost:62429
accept: */*

Response DefaultHttpResponse(decodeResult: success, version: HTTP/1.1)
HTTP/1.1 200 OK
Content-Type: application/json; charset=utf-8
cache-control: no-cache
content-length: 14

08:35:21.550 [AsyncHttpClient-1-12] DEBUG org.asynchttpclient.netty.channel.ChannelManager - Adding key: http://localhost:62429 for channel [id: 0x47950f59, L:/127.0.0.1:60786 - R:localhost/127.0.0.1:62429]
08:35:21.554 [Forwarding getCurrentUrl on session c2ef10553a6105638af68063c16f178c to remote] DEBUG org.asynchttpclient.netty.request.NettyRequestSender - Using pooled Channel '[id: 0x47950f59, L:/127.0.0.1:60786 - R:localhost/127.0.0.1:62429]' for 'GET' to 'http://localhost:62429/session/c2ef10553a6105638af68063c16f178c/url'
08:35:21.554 [Forwarding getCurrentUrl on session c2ef10553a6105638af68063c16f178c to remote] DEBUG org.asynchttpclient.netty.request.NettyRequestSender - Using open Channel [id: 0x47950f59, L:/127.0.0.1:60786 - R:localhost/127.0.0.1:62429] for GET '/session/c2ef10553a6105638af68063c16f178c/url'
08:35:21.641 [AsyncHttpClient-1-12] DEBUG org.asynchttpclient.netty.handler.HttpHandler - 

Request DefaultFullHttpRequest(decodeResult: success, version: HTTP/1.1, content: EmptyByteBufBE)
GET /session/c2ef10553a6105638af68063c16f178c/url HTTP/1.1
User-Agent: selenium/4.1.2 (java windows)
Cache-Control: no-cache
Content-Type: application/json; charset=utf-8
host: localhost:62429
accept: */*

Response DefaultHttpResponse(decodeResult: success, version: HTTP/1.1)
HTTP/1.1 200 OK
Content-Type: application/json; charset=utf-8
cache-control: no-cache
content-length: 31

08:35:21.641 [AsyncHttpClient-1-12] DEBUG org.asynchttpclient.netty.channel.ChannelManager - Adding key: http://localhost:62429 for channel [id: 0x47950f59, L:/127.0.0.1:60786 - R:localhost/127.0.0.1:62429]
  &amp#27;[32mGiven &amp#27;[0m&amp#27;[32mi access the web&amp#27;[0m                 &amp#27;[90m# starter.stepdefinitions.registerStep.iAccessTheWeb()&amp#27;[0m
08:35:21.651 [Forwarding screenshot on session c2ef10553a6105638af68063c16f178c to remote] DEBUG org.asynchttpclient.netty.request.NettyRequestSender - Using pooled Channel '[id: 0x47950f59, L:/127.0.0.1:60786 - R:localhost/127.0.0.1:62429]' for 'GET' to 'http://localhost:62429/session/c2ef10553a6105638af68063c16f178c/screenshot'
08:35:21.651 [Forwarding screenshot on session c2ef10553a6105638af68063c16f178c to remote] DEBUG org.asynchttpclient.netty.request.NettyRequestSender - Using open Channel [id: 0x47950f59, L:/127.0.0.1:60786 - R:localhost/127.0.0.1:62429] for GET '/session/c2ef10553a6105638af68063c16f178c/screenshot'
08:35:22.227 [AsyncHttpClient-1-1] DEBUG org.asynchttpclient.netty.channel.DefaultChannelPool - Entry count for : http://localhost:60787 : 1
08:35:23.328 [AsyncHttpClient-1-1] DEBUG org.asynchttpclient.netty.channel.DefaultChannelPool - Entry count for : http://localhost:60787 : 1
08:35:23.558 [AsyncHttpClient-1-12] DEBUG org.asynchttpclient.netty.handler.HttpHandler - 

Request DefaultFullHttpRequest(decodeResult: success, version: HTTP/1.1, content: EmptyByteBufBE)
GET /session/c2ef10553a6105638af68063c16f178c/screenshot HTTP/1.1
User-Agent: selenium/4.1.2 (java windows)
Cache-Control: no-cache
Content-Type: application/json; charset=utf-8
host: localhost:62429
accept: */*

Response DefaultHttpResponse(decodeResult: success, version: HTTP/1.1)
HTTP/1.1 200 OK
Content-Type: application/json; charset=utf-8
cache-control: no-cache
content-length: 38340

08:35:23.559 [AsyncHttpClient-1-12] DEBUG org.asynchttpclient.netty.channel.ChannelManager - Adding key: http://localhost:62429 for channel [id: 0x47950f59, L:/127.0.0.1:60786 - R:localhost/127.0.0.1:62429]
08:35:23.563 [main] DEBUG net.serenitybdd.core.photography.Darkroom - Send negative for processing for target\site\serenity\1d73632bea656f275406e5588189c5fda3aa3a35d6c15ea67d7e700b794d80b9.png
08:35:23.564 [Darkroom Processing Line] DEBUG net.serenitybdd.core.photography.DarkroomProcessingLine - Processing screenshot image in /var/screenshots/screenshot-2022074630776091914
08:35:23.565 [Darkroom Processing Line] DEBUG net.serenitybdd.core.photography.DarkroomProcessingLine - Saving screenshot to target\site\serenity\1d73632bea656f275406e5588189c5fda3aa3a35d6c15ea67d7e700b794d80b9.png
08:35:23.576 [Forwarding findElement on session c2ef10553a6105638af68063c16f178c to remote] DEBUG org.asynchttpclient.netty.request.NettyRequestSender - Using pooled Channel '[id: 0x47950f59, L:/127.0.0.1:60786 - R:localhost/127.0.0.1:62429]' for 'POST' to 'http://localhost:62429/session/c2ef10553a6105638af68063c16f178c/element'
08:35:23.576 [Forwarding findElement on session c2ef10553a6105638af68063c16f178c to remote] DEBUG org.asynchttpclient.netty.request.NettyRequestSender - Using open Channel [id: 0x47950f59, L:/127.0.0.1:60786 - R:localhost/127.0.0.1:62429] for POST '/session/c2ef10553a6105638af68063c16f178c/element'
08:35:23.604 [AsyncHttpClient-1-12] DEBUG org.asynchttpclient.netty.handler.HttpHandler - 

Request DefaultHttpRequest(decodeResult: success, version: HTTP/1.1)
POST /session/c2ef10553a6105638af68063c16f178c/element HTTP/1.1
User-Agent: selenium/4.1.2 (java windows)
Content-Length: 170
Content-Type: application/json; charset=utf-8
host: localhost:62429
accept: */*

Response DefaultHttpResponse(decodeResult: success, version: HTTP/1.1)
HTTP/1.1 200 OK
Content-Type: application/json; charset=utf-8
cache-control: no-cache
content-length: 88

08:35:23.604 [AsyncHttpClient-1-12] DEBUG org.asynchttpclient.netty.channel.ChannelManager - Adding key: http://localhost:62429 for channel [id: 0x47950f59, L:/127.0.0.1:60786 - R:localhost/127.0.0.1:62429]
08:35:23.606 [Forwarding getElementTagName on session c2ef10553a6105638af68063c16f178c to remote] DEBUG org.asynchttpclient.netty.request.NettyRequestSender - Using pooled Channel '[id: 0x47950f59, L:/127.0.0.1:60786 - R:localhost/127.0.0.1:62429]' for 'GET' to 'http://localhost:62429/session/c2ef10553a6105638af68063c16f178c/element/b1fe4652-864e-4119-a2c3-ddebd7efe010/name'
08:35:23.606 [Forwarding getElementTagName on session c2ef10553a6105638af68063c16f178c to remote] DEBUG org.asynchttpclient.netty.request.NettyRequestSender - Using open Channel [id: 0x47950f59, L:/127.0.0.1:60786 - R:localhost/127.0.0.1:62429] for GET '/session/c2ef10553a6105638af68063c16f178c/element/b1fe4652-864e-4119-a2c3-ddebd7efe010/name'
08:35:23.614 [AsyncHttpClient-1-12] DEBUG org.asynchttpclient.netty.handler.HttpHandler - 

Request DefaultFullHttpRequest(decodeResult: success, version: HTTP/1.1, content: EmptyByteBufBE)
GET /session/c2ef10553a6105638af68063c16f178c/element/b1fe4652-864e-4119-a2c3-ddebd7efe010/name HTTP/1.1
User-Agent: selenium/4.1.2 (java windows)
Cache-Control: no-cache
Content-Type: application/json; charset=utf-8
host: localhost:62429
accept: */*

Response DefaultHttpResponse(decodeResult: success, version: HTTP/1.1)
HTTP/1.1 200 OK
Content-Type: application/json; charset=utf-8
cache-control: no-cache
content-length: 13

08:35:23.614 [AsyncHttpClient-1-12] DEBUG org.asynchttpclient.netty.channel.ChannelManager - Adding key: http://localhost:62429 for channel [id: 0x47950f59, L:/127.0.0.1:60786 - R:localhost/127.0.0.1:62429]
08:35:23.616 [Forwarding getElementTagName on session c2ef10553a6105638af68063c16f178c to remote] DEBUG org.asynchttpclient.netty.request.NettyRequestSender - Using pooled Channel '[id: 0x47950f59, L:/127.0.0.1:60786 - R:localhost/127.0.0.1:62429]' for 'GET' to 'http://localhost:62429/session/c2ef10553a6105638af68063c16f178c/element/b1fe4652-864e-4119-a2c3-ddebd7efe010/name'
08:35:23.616 [Forwarding getElementTagName on session c2ef10553a6105638af68063c16f178c to remote] DEBUG org.asynchttpclient.netty.request.NettyRequestSender - Using open Channel [id: 0x47950f59, L:/127.0.0.1:60786 - R:localhost/127.0.0.1:62429] for GET '/session/c2ef10553a6105638af68063c16f178c/element/b1fe4652-864e-4119-a2c3-ddebd7efe010/name'
08:35:23.621 [AsyncHttpClient-1-12] DEBUG org.asynchttpclient.netty.handler.HttpHandler - 

Request DefaultFullHttpRequest(decodeResult: success, version: HTTP/1.1, content: EmptyByteBufBE)
GET /session/c2ef10553a6105638af68063c16f178c/element/b1fe4652-864e-4119-a2c3-ddebd7efe010/name HTTP/1.1
User-Agent: selenium/4.1.2 (java windows)
Cache-Control: no-cache
Content-Type: application/json; charset=utf-8
host: localhost:62429
accept: */*

Response DefaultHttpResponse(decodeResult: success, version: HTTP/1.1)
HTTP/1.1 200 OK
Content-Type: application/json; charset=utf-8
cache-control: no-cache
content-length: 13

08:35:23.621 [AsyncHttpClient-1-12] DEBUG org.asynchttpclient.netty.channel.ChannelManager - Adding key: http://localhost:62429 for channel [id: 0x47950f59, L:/127.0.0.1:60786 - R:localhost/127.0.0.1:62429]
08:35:23.624 [Forwarding findElement on session c2ef10553a6105638af68063c16f178c to remote] DEBUG org.asynchttpclient.netty.request.NettyRequestSender - Using pooled Channel '[id: 0x47950f59, L:/127.0.0.1:60786 - R:localhost/127.0.0.1:62429]' for 'POST' to 'http://localhost:62429/session/c2ef10553a6105638af68063c16f178c/element'
08:35:23.624 [Forwarding findElement on session c2ef10553a6105638af68063c16f178c to remote] DEBUG org.asynchttpclient.netty.request.NettyRequestSender - Using open Channel [id: 0x47950f59, L:/127.0.0.1:60786 - R:localhost/127.0.0.1:62429] for POST '/session/c2ef10553a6105638af68063c16f178c/element'
08:35:23.639 [AsyncHttpClient-1-12] DEBUG org.asynchttpclient.netty.handler.HttpHandler - 

Request DefaultHttpRequest(decodeResult: success, version: HTTP/1.1)
POST /session/c2ef10553a6105638af68063c16f178c/element HTTP/1.1
User-Agent: selenium/4.1.2 (java windows)
Content-Length: 170
Content-Type: application/json; charset=utf-8
host: localhost:62429
accept: */*

Response DefaultHttpResponse(decodeResult: success, version: HTTP/1.1)
HTTP/1.1 200 OK
Content-Type: application/json; charset=utf-8
cache-control: no-cache
content-length: 88

08:35:23.639 [AsyncHttpClient-1-12] DEBUG org.asynchttpclient.netty.channel.ChannelManager - Adding key: http://localhost:62429 for channel [id: 0x47950f59, L:/127.0.0.1:60786 - R:localhost/127.0.0.1:62429]
08:35:23.641 [Forwarding clickElement on session c2ef10553a6105638af68063c16f178c to remote] DEBUG org.asynchttpclient.netty.request.NettyRequestSender - Using pooled Channel '[id: 0x47950f59, L:/127.0.0.1:60786 - R:localhost/127.0.0.1:62429]' for 'POST' to 'http://localhost:62429/session/c2ef10553a6105638af68063c16f178c/element/b1fe4652-864e-4119-a2c3-ddebd7efe010/click'
08:35:23.641 [Forwarding clickElement on session c2ef10553a6105638af68063c16f178c to remote] DEBUG org.asynchttpclient.netty.request.NettyRequestSender - Using open Channel [id: 0x47950f59, L:/127.0.0.1:60786 - R:localhost/127.0.0.1:62429] for POST '/session/c2ef10553a6105638af68063c16f178c/element/b1fe4652-864e-4119-a2c3-ddebd7efe010/click'
08:35:23.713 [AsyncHttpClient-1-12] DEBUG org.asynchttpclient.netty.handler.HttpHandler - 

Request DefaultHttpRequest(decodeResult: success, version: HTTP/1.1)
POST /session/c2ef10553a6105638af68063c16f178c/element/b1fe4652-864e-4119-a2c3-ddebd7efe010/click HTTP/1.1
User-Agent: selenium/4.1.2 (java windows)
Content-Length: 50
Content-Type: application/json; charset=utf-8
host: localhost:62429
accept: */*

Response DefaultHttpResponse(decodeResult: success, version: HTTP/1.1)
HTTP/1.1 200 OK
Content-Type: application/json; charset=utf-8
cache-control: no-cache
content-length: 14

08:35:23.713 [AsyncHttpClient-1-12] DEBUG org.asynchttpclient.netty.channel.ChannelManager - Adding key: http://localhost:62429 for channel [id: 0x47950f59, L:/127.0.0.1:60786 - R:localhost/127.0.0.1:62429]
08:35:23.719 [Forwarding get on session c2ef10553a6105638af68063c16f178c to remote] DEBUG org.asynchttpclient.netty.request.NettyRequestSender - Using pooled Channel '[id: 0x47950f59, L:/127.0.0.1:60786 - R:localhost/127.0.0.1:62429]' for 'POST' to 'http://localhost:62429/session/c2ef10553a6105638af68063c16f178c/url'
08:35:23.719 [Forwarding get on session c2ef10553a6105638af68063c16f178c to remote] DEBUG org.asynchttpclient.netty.request.NettyRequestSender - Using open Channel [id: 0x47950f59, L:/127.0.0.1:60786 - R:localhost/127.0.0.1:62429] for POST '/session/c2ef10553a6105638af68063c16f178c/url'
08:35:24.259 [AsyncHttpClient-1-12] DEBUG org.asynchttpclient.netty.handler.HttpHandler - 

Request DefaultHttpRequest(decodeResult: success, version: HTTP/1.1)
POST /session/c2ef10553a6105638af68063c16f178c/url HTTP/1.1
User-Agent: selenium/4.1.2 (java windows)
Content-Length: 67
Content-Type: application/json; charset=utf-8
host: localhost:62429
accept: */*

Response DefaultHttpResponse(decodeResult: success, version: HTTP/1.1)
HTTP/1.1 200 OK
Content-Type: application/json; charset=utf-8
cache-control: no-cache
content-length: 14

08:35:24.259 [AsyncHttpClient-1-12] DEBUG org.asynchttpclient.netty.channel.ChannelManager - Adding key: http://localhost:62429 for channel [id: 0x47950f59, L:/127.0.0.1:60786 - R:localhost/127.0.0.1:62429]
08:35:24.264 [Forwarding getCurrentUrl on session c2ef10553a6105638af68063c16f178c to remote] DEBUG org.asynchttpclient.netty.request.NettyRequestSender - Using pooled Channel '[id: 0x47950f59, L:/127.0.0.1:60786 - R:localhost/127.0.0.1:62429]' for 'GET' to 'http://localhost:62429/session/c2ef10553a6105638af68063c16f178c/url'
08:35:24.264 [Forwarding getCurrentUrl on session c2ef10553a6105638af68063c16f178c to remote] DEBUG org.asynchttpclient.netty.request.NettyRequestSender - Using open Channel [id: 0x47950f59, L:/127.0.0.1:60786 - R:localhost/127.0.0.1:62429] for GET '/session/c2ef10553a6105638af68063c16f178c/url'
08:35:24.270 [AsyncHttpClient-1-12] DEBUG org.asynchttpclient.netty.handler.HttpHandler - 

Request DefaultFullHttpRequest(decodeResult: success, version: HTTP/1.1, content: EmptyByteBufBE)
GET /session/c2ef10553a6105638af68063c16f178c/url HTTP/1.1
User-Agent: selenium/4.1.2 (java windows)
Cache-Control: no-cache
Content-Type: application/json; charset=utf-8
host: localhost:62429
accept: */*

Response DefaultHttpResponse(decodeResult: success, version: HTTP/1.1)
HTTP/1.1 200 OK
Content-Type: application/json; charset=utf-8
cache-control: no-cache
content-length: 44

08:35:24.271 [AsyncHttpClient-1-12] DEBUG org.asynchttpclient.netty.channel.ChannelManager - Adding key: http://localhost:62429 for channel [id: 0x47950f59, L:/127.0.0.1:60786 - R:localhost/127.0.0.1:62429]
  &amp#27;[32mWhen &amp#27;[0m&amp#27;[32mi click icon account and register&amp#27;[0m &amp#27;[90m# starter.stepdefinitions.registerStep.iClickIconAccountAndRegister()&amp#27;[0m
08:35:24.278 [Forwarding screenshot on session c2ef10553a6105638af68063c16f178c to remote] DEBUG org.asynchttpclient.netty.request.NettyRequestSender - Using pooled Channel '[id: 0x47950f59, L:/127.0.0.1:60786 - R:localhost/127.0.0.1:62429]' for 'GET' to 'http://localhost:62429/session/c2ef10553a6105638af68063c16f178c/screenshot'
08:35:24.278 [Forwarding screenshot on session c2ef10553a6105638af68063c16f178c to remote] DEBUG org.asynchttpclient.netty.request.NettyRequestSender - Using open Channel [id: 0x47950f59, L:/127.0.0.1:60786 - R:localhost/127.0.0.1:62429] for GET '/session/c2ef10553a6105638af68063c16f178c/screenshot'
08:35:24.436 [AsyncHttpClient-1-1] DEBUG org.asynchttpclient.netty.channel.DefaultChannelPool - Entry count for : http://localhost:60787 : 1
08:35:24.503 [AsyncHttpClient-1-12] DEBUG org.asynchttpclient.netty.handler.HttpHandler - 

Request DefaultFullHttpRequest(decodeResult: success, version: HTTP/1.1, content: EmptyByteBufBE)
GET /session/c2ef10553a6105638af68063c16f178c/screenshot HTTP/1.1
User-Agent: selenium/4.1.2 (java windows)
Cache-Control: no-cache
Content-Type: application/json; charset=utf-8
host: localhost:62429
accept: */*

Response DefaultHttpResponse(decodeResult: success, version: HTTP/1.1)
HTTP/1.1 200 OK
Content-Type: application/json; charset=utf-8
cache-control: no-cache
content-length: 44716

08:35:24.504 [AsyncHttpClient-1-12] DEBUG org.asynchttpclient.netty.channel.ChannelManager - Adding key: http://localhost:62429 for channel [id: 0x47950f59, L:/127.0.0.1:60786 - R:localhost/127.0.0.1:62429]
08:35:24.508 [main] DEBUG net.serenitybdd.core.photography.Darkroom - Send negative for processing for target\site\serenity\42b6e28073eecb73abfcec403b3897bc9b3bf5f45933c508112c9d359726cb09.png
08:35:24.525 [Forwarding findElement on session c2ef10553a6105638af68063c16f178c to remote] DEBUG org.asynchttpclient.netty.request.NettyRequestSender - Using pooled Channel '[id: 0x47950f59, L:/127.0.0.1:60786 - R:localhost/127.0.0.1:62429]' for 'POST' to 'http://localhost:62429/session/c2ef10553a6105638af68063c16f178c/element'
08:35:24.525 [Forwarding findElement on session c2ef10553a6105638af68063c16f178c to remote] DEBUG org.asynchttpclient.netty.request.NettyRequestSender - Using open Channel [id: 0x47950f59, L:/127.0.0.1:60786 - R:localhost/127.0.0.1:62429] for POST '/session/c2ef10553a6105638af68063c16f178c/element'
08:35:24.545 [AsyncHttpClient-1-12] DEBUG org.asynchttpclient.netty.handler.HttpHandler - 

Request DefaultHttpRequest(decodeResult: success, version: HTTP/1.1)
POST /session/c2ef10553a6105638af68063c16f178c/element HTTP/1.1
User-Agent: selenium/4.1.2 (java windows)
Content-Length: 93
Content-Type: application/json; charset=utf-8
host: localhost:62429
accept: */*

Response DefaultHttpResponse(decodeResult: success, version: HTTP/1.1)
HTTP/1.1 200 OK
Content-Type: application/json; charset=utf-8
cache-control: no-cache
content-length: 88

08:35:24.546 [AsyncHttpClient-1-12] DEBUG org.asynchttpclient.netty.channel.ChannelManager - Adding key: http://localhost:62429 for channel [id: 0x47950f59, L:/127.0.0.1:60786 - R:localhost/127.0.0.1:62429]
08:35:24.548 [Forwarding clearElement on session c2ef10553a6105638af68063c16f178c to remote] DEBUG org.asynchttpclient.netty.request.NettyRequestSender - Using pooled Channel '[id: 0x47950f59, L:/127.0.0.1:60786 - R:localhost/127.0.0.1:62429]' for 'POST' to 'http://localhost:62429/session/c2ef10553a6105638af68063c16f178c/element/1dd31947-8dd0-4ed4-8023-cda8bcff933c/clear'
08:35:24.548 [Forwarding clearElement on session c2ef10553a6105638af68063c16f178c to remote] DEBUG org.asynchttpclient.netty.request.NettyRequestSender - Using open Channel [id: 0x47950f59, L:/127.0.0.1:60786 - R:localhost/127.0.0.1:62429] for POST '/session/c2ef10553a6105638af68063c16f178c/element/1dd31947-8dd0-4ed4-8023-cda8bcff933c/clear'
08:35:24.613 [AsyncHttpClient-1-12] DEBUG org.asynchttpclient.netty.handler.HttpHandler - 

Request DefaultHttpRequest(decodeResult: success, version: HTTP/1.1)
POST /session/c2ef10553a6105638af68063c16f178c/element/1dd31947-8dd0-4ed4-8023-cda8bcff933c/clear HTTP/1.1
User-Agent: selenium/4.1.2 (java windows)
Content-Length: 50
Content-Type: application/json; charset=utf-8
host: localhost:62429
accept: */*

Response DefaultHttpResponse(decodeResult: success, version: HTTP/1.1)
HTTP/1.1 200 OK
Content-Type: application/json; charset=utf-8
cache-control: no-cache
content-length: 14

08:35:24.613 [AsyncHttpClient-1-12] DEBUG org.asynchttpclient.netty.channel.ChannelManager - Adding key: http://localhost:62429 for channel [id: 0x47950f59, L:/127.0.0.1:60786 - R:localhost/127.0.0.1:62429]
08:35:24.616 [Forwarding sendKeysToElement on session c2ef10553a6105638af68063c16f178c to remote] DEBUG org.asynchttpclient.netty.request.NettyRequestSender - Using pooled Channel '[id: 0x47950f59, L:/127.0.0.1:60786 - R:localhost/127.0.0.1:62429]' for 'POST' to 'http://localhost:62429/session/c2ef10553a6105638af68063c16f178c/element/1dd31947-8dd0-4ed4-8023-cda8bcff933c/value'
08:35:24.616 [Forwarding sendKeysToElement on session c2ef10553a6105638af68063c16f178c to remote] DEBUG org.asynchttpclient.netty.request.NettyRequestSender - Using open Channel [id: 0x47950f59, L:/127.0.0.1:60786 - R:localhost/127.0.0.1:62429] for POST '/session/c2ef10553a6105638af68063c16f178c/element/1dd31947-8dd0-4ed4-8023-cda8bcff933c/value'
08:35:24.772 [AsyncHttpClient-1-12] DEBUG org.asynchttpclient.netty.handler.HttpHandler - 

Request DefaultHttpRequest(decodeResult: success, version: HTTP/1.1)
POST /session/c2ef10553a6105638af68063c16f178c/element/1dd31947-8dd0-4ed4-8023-cda8bcff933c/value HTTP/1.1
User-Agent: selenium/4.1.2 (java windows)
Content-Length: 171
Content-Type: application/json; charset=utf-8
host: localhost:62429
accept: */*

Response DefaultHttpResponse(decodeResult: success, version: HTTP/1.1)
HTTP/1.1 200 OK
Content-Type: application/json; charset=utf-8
cache-control: no-cache
content-length: 14

08:35:24.773 [AsyncHttpClient-1-12] DEBUG org.asynchttpclient.netty.channel.ChannelManager - Adding key: http://localhost:62429 for channel [id: 0x47950f59, L:/127.0.0.1:60786 - R:localhost/127.0.0.1:62429]
  &amp#27;[32mAnd &amp#27;[0m&amp#27;[32mi input &amp#27;[0m&amp#27;[32m&amp#27;[1m"sonyaprds"&amp#27;[0m&amp#27;[32m my name&amp#27;[0m        &amp#27;[90m# starter.stepdefinitions.registerStep.iInputMyName(java.lang.String)&amp#27;[0m
08:35:24.784 [Forwarding screenshot on session c2ef10553a6105638af68063c16f178c to remote] DEBUG org.asynchttpclient.netty.request.NettyRequestSender - Using pooled Channel '[id: 0x47950f59, L:/127.0.0.1:60786 - R:localhost/127.0.0.1:62429]' for 'GET' to 'http://localhost:62429/session/c2ef10553a6105638af68063c16f178c/screenshot'
08:35:24.784 [Forwarding screenshot on session c2ef10553a6105638af68063c16f178c to remote] DEBUG org.asynchttpclient.netty.request.NettyRequestSender - Using open Channel [id: 0x47950f59, L:/127.0.0.1:60786 - R:localhost/127.0.0.1:62429] for GET '/session/c2ef10553a6105638af68063c16f178c/screenshot'
08:35:25.022 [AsyncHttpClient-1-12] DEBUG org.asynchttpclient.netty.handler.HttpHandler - 

Request DefaultFullHttpRequest(decodeResult: success, version: HTTP/1.1, content: EmptyByteBufBE)
GET /session/c2ef10553a6105638af68063c16f178c/screenshot HTTP/1.1
User-Agent: selenium/4.1.2 (java windows)
Cache-Control: no-cache
Content-Type: application/json; charset=utf-8
host: localhost:62429
accept: */*

Response DefaultHttpResponse(decodeResult: success, version: HTTP/1.1)
HTTP/1.1 200 OK
Content-Type: application/json; charset=utf-8
cache-control: no-cache
content-length: 49052

08:35:25.023 [AsyncHttpClient-1-12] DEBUG org.asynchttpclient.netty.channel.ChannelManager - Adding key: http://localhost:62429 for channel [id: 0x47950f59, L:/127.0.0.1:60786 - R:localhost/127.0.0.1:62429]
08:35:25.028 [main] DEBUG net.serenitybdd.core.photography.Darkroom - Send negative for processing for target\site\serenity\5660d25790a4a4463865d6a7c027c83c60f7ea8f3d9f98096914f61a46ff9d05.png
08:35:25.029 [Darkroom Processing Line] DEBUG net.serenitybdd.core.photography.DarkroomProcessingLine - Processing screenshot image in /var/screenshots/screenshot-13685674048268687044
08:35:25.029 [Darkroom Processing Line] DEBUG net.serenitybdd.core.photography.DarkroomProcessingLine - Saving screenshot to target\site\serenity\5660d25790a4a4463865d6a7c027c83c60f7ea8f3d9f98096914f61a46ff9d05.png
08:35:25.048 [Forwarding findElement on session c2ef10553a6105638af68063c16f178c to remote] DEBUG org.asynchttpclient.netty.request.NettyRequestSender - Using pooled Channel '[id: 0x47950f59, L:/127.0.0.1:60786 - R:localhost/127.0.0.1:62429]' for 'POST' to 'http://localhost:62429/session/c2ef10553a6105638af68063c16f178c/element'
08:35:25.048 [Forwarding findElement on session c2ef10553a6105638af68063c16f178c to remote] DEBUG org.asynchttpclient.netty.request.NettyRequestSender - Using open Channel [id: 0x47950f59, L:/127.0.0.1:60786 - R:localhost/127.0.0.1:62429] for POST '/session/c2ef10553a6105638af68063c16f178c/element'
08:35:25.066 [AsyncHttpClient-1-12] DEBUG org.asynchttpclient.netty.handler.HttpHandler - 

Request DefaultHttpRequest(decodeResult: success, version: HTTP/1.1)
POST /session/c2ef10553a6105638af68063c16f178c/element HTTP/1.1
User-Agent: selenium/4.1.2 (java windows)
Content-Length: 86
Content-Type: application/json; charset=utf-8
host: localhost:62429
accept: */*

Response DefaultHttpResponse(decodeResult: success, version: HTTP/1.1)
HTTP/1.1 200 OK
Content-Type: application/json; charset=utf-8
cache-control: no-cache
content-length: 88

08:35:25.066 [AsyncHttpClient-1-12] DEBUG org.asynchttpclient.netty.channel.ChannelManager - Adding key: http://localhost:62429 for channel [id: 0x47950f59, L:/127.0.0.1:60786 - R:localhost/127.0.0.1:62429]
08:35:25.068 [Forwarding clearElement on session c2ef10553a6105638af68063c16f178c to remote] DEBUG org.asynchttpclient.netty.request.NettyRequestSender - Using pooled Channel '[id: 0x47950f59, L:/127.0.0.1:60786 - R:localhost/127.0.0.1:62429]' for 'POST' to 'http://localhost:62429/session/c2ef10553a6105638af68063c16f178c/element/3f589ad7-e56d-4752-9baf-5f16216bba88/clear'
08:35:25.068 [Forwarding clearElement on session c2ef10553a6105638af68063c16f178c to remote] DEBUG org.asynchttpclient.netty.request.NettyRequestSender - Using open Channel [id: 0x47950f59, L:/127.0.0.1:60786 - R:localhost/127.0.0.1:62429] for POST '/session/c2ef10553a6105638af68063c16f178c/element/3f589ad7-e56d-4752-9baf-5f16216bba88/clear'
08:35:25.116 [AsyncHttpClient-1-12] DEBUG org.asynchttpclient.netty.handler.HttpHandler - 

Request DefaultHttpRequest(decodeResult: success, version: HTTP/1.1)
POST /session/c2ef10553a6105638af68063c16f178c/element/3f589ad7-e56d-4752-9baf-5f16216bba88/clear HTTP/1.1
User-Agent: selenium/4.1.2 (java windows)
Content-Length: 50
Content-Type: application/json; charset=utf-8
host: localhost:62429
accept: */*

Response DefaultHttpResponse(decodeResult: success, version: HTTP/1.1)
HTTP/1.1 200 OK
Content-Type: application/json; charset=utf-8
cache-control: no-cache
content-length: 14

08:35:25.117 [AsyncHttpClient-1-12] DEBUG org.asynchttpclient.netty.channel.ChannelManager - Adding key: http://localhost:62429 for channel [id: 0x47950f59, L:/127.0.0.1:60786 - R:localhost/127.0.0.1:62429]
08:35:25.119 [Forwarding sendKeysToElement on session c2ef10553a6105638af68063c16f178c to remote] DEBUG org.asynchttpclient.netty.request.NettyRequestSender - Using pooled Channel '[id: 0x47950f59, L:/127.0.0.1:60786 - R:localhost/127.0.0.1:62429]' for 'POST' to 'http://localhost:62429/session/c2ef10553a6105638af68063c16f178c/element/3f589ad7-e56d-4752-9baf-5f16216bba88/value'
08:35:25.119 [Forwarding sendKeysToElement on session c2ef10553a6105638af68063c16f178c to remote] DEBUG org.asynchttpclient.netty.request.NettyRequestSender - Using open Channel [id: 0x47950f59, L:/127.0.0.1:60786 - R:localhost/127.0.0.1:62429] for POST '/session/c2ef10553a6105638af68063c16f178c/element/3f589ad7-e56d-4752-9baf-5f16216bba88/value'
08:35:25.190 [AsyncHttpClient-1-12] DEBUG org.asynchttpclient.netty.handler.HttpHandler - 

Request DefaultHttpRequest(decodeResult: success, version: HTTP/1.1)
POST /session/c2ef10553a6105638af68063c16f178c/element/3f589ad7-e56d-4752-9baf-5f16216bba88/value HTTP/1.1
User-Agent: selenium/4.1.2 (java windows)
Content-Length: 82
Content-Type: application/json; charset=utf-8
host: localhost:62429
accept: */*

Response DefaultHttpResponse(decodeResult: success, version: HTTP/1.1)
HTTP/1.1 200 OK
Content-Type: application/json; charset=utf-8
cache-control: no-cache
content-length: 14

08:35:25.190 [AsyncHttpClient-1-12] DEBUG org.asynchttpclient.netty.channel.ChannelManager - Adding key: http://localhost:62429 for channel [id: 0x47950f59, L:/127.0.0.1:60786 - R:localhost/127.0.0.1:62429]
  &amp#27;[32mAnd &amp#27;[0m&amp#27;[32mi input &amp#27;[0m&amp#27;[32m&amp#27;[1m""&amp#27;[0m&amp#27;[32m my email&amp#27;[0m                &amp#27;[90m# starter.stepdefinitions.registerStep.iInputMyEmail(java.lang.String)&amp#27;[0m
08:35:25.203 [Forwarding screenshot on session c2ef10553a6105638af68063c16f178c to remote] DEBUG org.asynchttpclient.netty.request.NettyRequestSender - Using pooled Channel '[id: 0x47950f59, L:/127.0.0.1:60786 - R:localhost/127.0.0.1:62429]' for 'GET' to 'http://localhost:62429/session/c2ef10553a6105638af68063c16f178c/screenshot'
08:35:25.204 [Forwarding screenshot on session c2ef10553a6105638af68063c16f178c to remote] DEBUG org.asynchttpclient.netty.request.NettyRequestSender - Using open Channel [id: 0x47950f59, L:/127.0.0.1:60786 - R:localhost/127.0.0.1:62429] for GET '/session/c2ef10553a6105638af68063c16f178c/screenshot'
08:35:25.443 [AsyncHttpClient-1-12] DEBUG org.asynchttpclient.netty.handler.HttpHandler - 

Request DefaultFullHttpRequest(decodeResult: success, version: HTTP/1.1, content: EmptyByteBufBE)
GET /session/c2ef10553a6105638af68063c16f178c/screenshot HTTP/1.1
User-Agent: selenium/4.1.2 (java windows)
Cache-Control: no-cache
Content-Type: application/json; charset=utf-8
host: localhost:62429
accept: */*

Response DefaultHttpResponse(decodeResult: success, version: HTTP/1.1)
HTTP/1.1 200 OK
Content-Type: application/json; charset=utf-8
cache-control: no-cache
content-length: 48560

08:35:25.444 [AsyncHttpClient-1-12] DEBUG org.asynchttpclient.netty.channel.ChannelManager - Adding key: http://localhost:62429 for channel [id: 0x47950f59, L:/127.0.0.1:60786 - R:localhost/127.0.0.1:62429]
08:35:25.448 [main] DEBUG net.serenitybdd.core.photography.Darkroom - Send negative for processing for target\site\serenity\9e4245bacbac9518fbbf2609f826b4f2fba55e2d321f0747137286cbc4fc4789.png
08:35:25.449 [Darkroom Processing Line] DEBUG net.serenitybdd.core.photography.DarkroomProcessingLine - Processing screenshot image in /var/screenshots/screenshot-14847489352457968573
08:35:25.449 [Darkroom Processing Line] DEBUG net.serenitybdd.core.photography.DarkroomProcessingLine - Saving screenshot to target\site\serenity\9e4245bacbac9518fbbf2609f826b4f2fba55e2d321f0747137286cbc4fc4789.png
08:35:25.460 [Forwarding findElement on session c2ef10553a6105638af68063c16f178c to remote] DEBUG org.asynchttpclient.netty.request.NettyRequestSender - Using pooled Channel '[id: 0x47950f59, L:/127.0.0.1:60786 - R:localhost/127.0.0.1:62429]' for 'POST' to 'http://localhost:62429/session/c2ef10553a6105638af68063c16f178c/element'
08:35:25.460 [Forwarding findElement on session c2ef10553a6105638af68063c16f178c to remote] DEBUG org.asynchttpclient.netty.request.NettyRequestSender - Using open Channel [id: 0x47950f59, L:/127.0.0.1:60786 - R:localhost/127.0.0.1:62429] for POST '/session/c2ef10553a6105638af68063c16f178c/element'
08:35:25.482 [AsyncHttpClient-1-12] DEBUG org.asynchttpclient.netty.handler.HttpHandler - 

Request DefaultHttpRequest(decodeResult: success, version: HTTP/1.1)
POST /session/c2ef10553a6105638af68063c16f178c/element HTTP/1.1
User-Agent: selenium/4.1.2 (java windows)
Content-Length: 89
Content-Type: application/json; charset=utf-8
host: localhost:62429
accept: */*

Response DefaultHttpResponse(decodeResult: success, version: HTTP/1.1)
HTTP/1.1 200 OK
Content-Type: application/json; charset=utf-8
cache-control: no-cache
content-length: 88

08:35:25.483 [AsyncHttpClient-1-12] DEBUG org.asynchttpclient.netty.channel.ChannelManager - Adding key: http://localhost:62429 for channel [id: 0x47950f59, L:/127.0.0.1:60786 - R:localhost/127.0.0.1:62429]
08:35:25.485 [Forwarding clearElement on session c2ef10553a6105638af68063c16f178c to remote] DEBUG org.asynchttpclient.netty.request.NettyRequestSender - Using pooled Channel '[id: 0x47950f59, L:/127.0.0.1:60786 - R:localhost/127.0.0.1:62429]' for 'POST' to 'http://localhost:62429/session/c2ef10553a6105638af68063c16f178c/element/621bf0b5-98e2-4611-969c-382259b1e248/clear'
08:35:25.485 [Forwarding clearElement on session c2ef10553a6105638af68063c16f178c to remote] DEBUG org.asynchttpclient.netty.request.NettyRequestSender - Using open Channel [id: 0x47950f59, L:/127.0.0.1:60786 - R:localhost/127.0.0.1:62429] for POST '/session/c2ef10553a6105638af68063c16f178c/element/621bf0b5-98e2-4611-969c-382259b1e248/clear'
08:35:25.530 [AsyncHttpClient-1-1] DEBUG org.asynchttpclient.netty.channel.DefaultChannelPool - Entry count for : http://localhost:60787 : 1
08:35:25.540 [AsyncHttpClient-1-12] DEBUG org.asynchttpclient.netty.handler.HttpHandler - 

Request DefaultHttpRequest(decodeResult: success, version: HTTP/1.1)
POST /session/c2ef10553a6105638af68063c16f178c/element/621bf0b5-98e2-4611-969c-382259b1e248/clear HTTP/1.1
User-Agent: selenium/4.1.2 (java windows)
Content-Length: 50
Content-Type: application/json; charset=utf-8
host: localhost:62429
accept: */*

Response DefaultHttpResponse(decodeResult: success, version: HTTP/1.1)
HTTP/1.1 200 OK
Content-Type: application/json; charset=utf-8
cache-control: no-cache
content-length: 14

08:35:25.540 [AsyncHttpClient-1-12] DEBUG org.asynchttpclient.netty.channel.ChannelManager - Adding key: http://localhost:62429 for channel [id: 0x47950f59, L:/127.0.0.1:60786 - R:localhost/127.0.0.1:62429]
08:35:25.542 [Forwarding sendKeysToElement on session c2ef10553a6105638af68063c16f178c to remote] DEBUG org.asynchttpclient.netty.request.NettyRequestSender - Using pooled Channel '[id: 0x47950f59, L:/127.0.0.1:60786 - R:localhost/127.0.0.1:62429]' for 'POST' to 'http://localhost:62429/session/c2ef10553a6105638af68063c16f178c/element/621bf0b5-98e2-4611-969c-382259b1e248/value'
08:35:25.543 [Forwarding sendKeysToElement on session c2ef10553a6105638af68063c16f178c to remote] DEBUG org.asynchttpclient.netty.request.NettyRequestSender - Using open Channel [id: 0x47950f59, L:/127.0.0.1:60786 - R:localhost/127.0.0.1:62429] for POST '/session/c2ef10553a6105638af68063c16f178c/element/621bf0b5-98e2-4611-969c-382259b1e248/value'
08:35:25.654 [AsyncHttpClient-1-12] DEBUG org.asynchttpclient.netty.handler.HttpHandler - 

Request DefaultHttpRequest(decodeResult: success, version: HTTP/1.1)
POST /session/c2ef10553a6105638af68063c16f178c/element/621bf0b5-98e2-4611-969c-382259b1e248/value HTTP/1.1
User-Agent: selenium/4.1.2 (java windows)
Content-Length: 131
Content-Type: application/json; charset=utf-8
host: localhost:62429
accept: */*

Response DefaultHttpResponse(decodeResult: success, version: HTTP/1.1)
HTTP/1.1 200 OK
Content-Type: application/json; charset=utf-8
cache-control: no-cache
content-length: 14

08:35:25.655 [AsyncHttpClient-1-12] DEBUG org.asynchttpclient.netty.channel.ChannelManager - Adding key: http://localhost:62429 for channel [id: 0x47950f59, L:/127.0.0.1:60786 - R:localhost/127.0.0.1:62429]
08:35:25.661 [Forwarding findElement on session c2ef10553a6105638af68063c16f178c to remote] DEBUG org.asynchttpclient.netty.request.NettyRequestSender - Using pooled Channel '[id: 0x47950f59, L:/127.0.0.1:60786 - R:localhost/127.0.0.1:62429]' for 'POST' to 'http://localhost:62429/session/c2ef10553a6105638af68063c16f178c/element'
08:35:25.663 [Forwarding findElement on session c2ef10553a6105638af68063c16f178c to remote] DEBUG org.asynchttpclient.netty.request.NettyRequestSender - Using open Channel [id: 0x47950f59, L:/127.0.0.1:60786 - R:localhost/127.0.0.1:62429] for POST '/session/c2ef10553a6105638af68063c16f178c/element'
08:35:25.677 [AsyncHttpClient-1-12] DEBUG org.asynchttpclient.netty.handler.HttpHandler - 

Request DefaultHttpRequest(decodeResult: success, version: HTTP/1.1)
POST /session/c2ef10553a6105638af68063c16f178c/element HTTP/1.1
User-Agent: selenium/4.1.2 (java windows)
Content-Length: 89
Content-Type: application/json; charset=utf-8
host: localhost:62429
accept: */*

Response DefaultHttpResponse(decodeResult: success, version: HTTP/1.1)
HTTP/1.1 200 OK
Content-Type: application/json; charset=utf-8
cache-control: no-cache
content-length: 88

08:35:25.677 [AsyncHttpClient-1-12] DEBUG org.asynchttpclient.netty.channel.ChannelManager - Adding key: http://localhost:62429 for channel [id: 0x47950f59, L:/127.0.0.1:60786 - R:localhost/127.0.0.1:62429]
08:35:25.681 [Forwarding clearElement on session c2ef10553a6105638af68063c16f178c to remote] DEBUG org.asynchttpclient.netty.request.NettyRequestSender - Using pooled Channel '[id: 0x47950f59, L:/127.0.0.1:60786 - R:localhost/127.0.0.1:62429]' for 'POST' to 'http://localhost:62429/session/c2ef10553a6105638af68063c16f178c/element/621bf0b5-98e2-4611-969c-382259b1e248/clear'
08:35:25.681 [Forwarding clearElement on session c2ef10553a6105638af68063c16f178c to remote] DEBUG org.asynchttpclient.netty.request.NettyRequestSender - Using open Channel [id: 0x47950f59, L:/127.0.0.1:60786 - R:localhost/127.0.0.1:62429] for POST '/session/c2ef10553a6105638af68063c16f178c/element/621bf0b5-98e2-4611-969c-382259b1e248/clear'
08:35:25.717 [AsyncHttpClient-1-12] DEBUG org.asynchttpclient.netty.handler.HttpHandler - 

Request DefaultHttpRequest(decodeResult: success, version: HTTP/1.1)
POST /session/c2ef10553a6105638af68063c16f178c/element/621bf0b5-98e2-4611-969c-382259b1e248/clear HTTP/1.1
User-Agent: selenium/4.1.2 (java windows)
Content-Length: 50
Content-Type: application/json; charset=utf-8
host: localhost:62429
accept: */*

Response DefaultHttpResponse(decodeResult: success, version: HTTP/1.1)
HTTP/1.1 200 OK
Content-Type: application/json; charset=utf-8
cache-control: no-cache
content-length: 14

08:35:25.718 [AsyncHttpClient-1-12] DEBUG org.asynchttpclient.netty.channel.ChannelManager - Adding key: http://localhost:62429 for channel [id: 0x47950f59, L:/127.0.0.1:60786 - R:localhost/127.0.0.1:62429]
08:35:25.721 [Forwarding sendKeysToElement on session c2ef10553a6105638af68063c16f178c to remote] DEBUG org.asynchttpclient.netty.request.NettyRequestSender - Using pooled Channel '[id: 0x47950f59, L:/127.0.0.1:60786 - R:localhost/127.0.0.1:62429]' for 'POST' to 'http://localhost:62429/session/c2ef10553a6105638af68063c16f178c/element/621bf0b5-98e2-4611-969c-382259b1e248/value'
08:35:25.721 [Forwarding sendKeysToElement on session c2ef10553a6105638af68063c16f178c to remote] DEBUG org.asynchttpclient.netty.request.NettyRequestSender - Using open Channel [id: 0x47950f59, L:/127.0.0.1:60786 - R:localhost/127.0.0.1:62429] for POST '/session/c2ef10553a6105638af68063c16f178c/element/621bf0b5-98e2-4611-969c-382259b1e248/value'
08:35:25.810 [AsyncHttpClient-1-12] DEBUG org.asynchttpclient.netty.handler.HttpHandler - 

Request DefaultHttpRequest(decodeResult: success, version: HTTP/1.1)
POST /session/c2ef10553a6105638af68063c16f178c/element/621bf0b5-98e2-4611-969c-382259b1e248/value HTTP/1.1
User-Agent: selenium/4.1.2 (java windows)
Content-Length: 131
Content-Type: application/json; charset=utf-8
host: localhost:62429
accept: */*

Response DefaultHttpResponse(decodeResult: success, version: HTTP/1.1)
HTTP/1.1 200 OK
Content-Type: application/json; charset=utf-8
cache-control: no-cache
content-length: 14

08:35:25.810 [AsyncHttpClient-1-12] DEBUG org.asynchttpclient.netty.channel.ChannelManager - Adding key: http://localhost:62429 for channel [id: 0x47950f59, L:/127.0.0.1:60786 - R:localhost/127.0.0.1:62429]
  &amp#27;[32mAnd &amp#27;[0m&amp#27;[32mi input &amp#27;[0m&amp#27;[32m&amp#27;[1m"sonya"&amp#27;[0m&amp#27;[32m my password&amp#27;[0m        &amp#27;[90m# starter.stepdefinitions.registerStep.iInputMyPassword(java.lang.String)&amp#27;[0m
08:35:25.824 [Forwarding screenshot on session c2ef10553a6105638af68063c16f178c to remote] DEBUG org.asynchttpclient.netty.request.NettyRequestSender - Using pooled Channel '[id: 0x47950f59, L:/127.0.0.1:60786 - R:localhost/127.0.0.1:62429]' for 'GET' to 'http://localhost:62429/session/c2ef10553a6105638af68063c16f178c/screenshot'
08:35:25.824 [Forwarding screenshot on session c2ef10553a6105638af68063c16f178c to remote] DEBUG org.asynchttpclient.netty.request.NettyRequestSender - Using open Channel [id: 0x47950f59, L:/127.0.0.1:60786 - R:localhost/127.0.0.1:62429] for GET '/session/c2ef10553a6105638af68063c16f178c/screenshot'
08:35:26.060 [AsyncHttpClient-1-12] DEBUG org.asynchttpclient.netty.handler.HttpHandler - 

Request DefaultFullHttpRequest(decodeResult: success, version: HTTP/1.1, content: EmptyByteBufBE)
GET /session/c2ef10553a6105638af68063c16f178c/screenshot HTTP/1.1
User-Agent: selenium/4.1.2 (java windows)
Cache-Control: no-cache
Content-Type: application/json; charset=utf-8
host: localhost:62429
accept: */*

Response DefaultHttpResponse(decodeResult: success, version: HTTP/1.1)
HTTP/1.1 200 OK
Content-Type: application/json; charset=utf-8
cache-control: no-cache
content-length: 52484

08:35:26.061 [AsyncHttpClient-1-12] DEBUG org.asynchttpclient.netty.channel.ChannelManager - Adding key: http://localhost:62429 for channel [id: 0x47950f59, L:/127.0.0.1:60786 - R:localhost/127.0.0.1:62429]
08:35:26.065 [main] DEBUG net.serenitybdd.core.photography.Darkroom - Send negative for processing for target\site\serenity\c46870a1ba9ad63fbbd718a0f8b931f578a0db87d932776dd806dfed9975be5c.png
08:35:26.065 [Darkroom Processing Line] DEBUG net.serenitybdd.core.photography.DarkroomProcessingLine - Processing screenshot image in /var/screenshots/screenshot-9420487256308259619
08:35:26.065 [Darkroom Processing Line] DEBUG net.serenitybdd.core.photography.DarkroomProcessingLine - Saving screenshot to target\site\serenity\c46870a1ba9ad63fbbd718a0f8b931f578a0db87d932776dd806dfed9975be5c.png
08:35:26.079 [Forwarding findElement on session c2ef10553a6105638af68063c16f178c to remote] DEBUG org.asynchttpclient.netty.request.NettyRequestSender - Using pooled Channel '[id: 0x47950f59, L:/127.0.0.1:60786 - R:localhost/127.0.0.1:62429]' for 'POST' to 'http://localhost:62429/session/c2ef10553a6105638af68063c16f178c/element'
08:35:26.079 [Forwarding findElement on session c2ef10553a6105638af68063c16f178c to remote] DEBUG org.asynchttpclient.netty.request.NettyRequestSender - Using open Channel [id: 0x47950f59, L:/127.0.0.1:60786 - R:localhost/127.0.0.1:62429] for POST '/session/c2ef10553a6105638af68063c16f178c/element'
08:35:26.094 [AsyncHttpClient-1-12] DEBUG org.asynchttpclient.netty.handler.HttpHandler - 

Request DefaultHttpRequest(decodeResult: success, version: HTTP/1.1)
POST /session/c2ef10553a6105638af68063c16f178c/element HTTP/1.1
User-Agent: selenium/4.1.2 (java windows)
Content-Length: 75
Content-Type: application/json; charset=utf-8
host: localhost:62429
accept: */*

Response DefaultHttpResponse(decodeResult: success, version: HTTP/1.1)
HTTP/1.1 200 OK
Content-Type: application/json; charset=utf-8
cache-control: no-cache
content-length: 88

08:35:26.095 [AsyncHttpClient-1-12] DEBUG org.asynchttpclient.netty.channel.ChannelManager - Adding key: http://localhost:62429 for channel [id: 0x47950f59, L:/127.0.0.1:60786 - R:localhost/127.0.0.1:62429]
08:35:26.097 [Forwarding getElementTagName on session c2ef10553a6105638af68063c16f178c to remote] DEBUG org.asynchttpclient.netty.request.NettyRequestSender - Using pooled Channel '[id: 0x47950f59, L:/127.0.0.1:60786 - R:localhost/127.0.0.1:62429]' for 'GET' to 'http://localhost:62429/session/c2ef10553a6105638af68063c16f178c/element/a1cf8c2f-505d-4a5d-b6b9-0ba92d173dd8/name'
08:35:26.097 [Forwarding getElementTagName on session c2ef10553a6105638af68063c16f178c to remote] DEBUG org.asynchttpclient.netty.request.NettyRequestSender - Using open Channel [id: 0x47950f59, L:/127.0.0.1:60786 - R:localhost/127.0.0.1:62429] for GET '/session/c2ef10553a6105638af68063c16f178c/element/a1cf8c2f-505d-4a5d-b6b9-0ba92d173dd8/name'
08:35:26.105 [AsyncHttpClient-1-12] DEBUG org.asynchttpclient.netty.handler.HttpHandler - 

Request DefaultFullHttpRequest(decodeResult: success, version: HTTP/1.1, content: EmptyByteBufBE)
GET /session/c2ef10553a6105638af68063c16f178c/element/a1cf8c2f-505d-4a5d-b6b9-0ba92d173dd8/name HTTP/1.1
User-Agent: selenium/4.1.2 (java windows)
Cache-Control: no-cache
Content-Type: application/json; charset=utf-8
host: localhost:62429
accept: */*

Response DefaultHttpResponse(decodeResult: success, version: HTTP/1.1)
HTTP/1.1 200 OK
Content-Type: application/json; charset=utf-8
cache-control: no-cache
content-length: 18

08:35:26.106 [AsyncHttpClient-1-12] DEBUG org.asynchttpclient.netty.channel.ChannelManager - Adding key: http://localhost:62429 for channel [id: 0x47950f59, L:/127.0.0.1:60786 - R:localhost/127.0.0.1:62429]
08:35:26.108 [Forwarding getElementTagName on session c2ef10553a6105638af68063c16f178c to remote] DEBUG org.asynchttpclient.netty.request.NettyRequestSender - Using pooled Channel '[id: 0x47950f59, L:/127.0.0.1:60786 - R:localhost/127.0.0.1:62429]' for 'GET' to 'http://localhost:62429/session/c2ef10553a6105638af68063c16f178c/element/a1cf8c2f-505d-4a5d-b6b9-0ba92d173dd8/name'
08:35:26.108 [Forwarding getElementTagName on session c2ef10553a6105638af68063c16f178c to remote] DEBUG org.asynchttpclient.netty.request.NettyRequestSender - Using open Channel [id: 0x47950f59, L:/127.0.0.1:60786 - R:localhost/127.0.0.1:62429] for GET '/session/c2ef10553a6105638af68063c16f178c/element/a1cf8c2f-505d-4a5d-b6b9-0ba92d173dd8/name'
08:35:26.115 [AsyncHttpClient-1-12] DEBUG org.asynchttpclient.netty.handler.HttpHandler - 

Request DefaultFullHttpRequest(decodeResult: success, version: HTTP/1.1, content: EmptyByteBufBE)
GET /session/c2ef10553a6105638af68063c16f178c/element/a1cf8c2f-505d-4a5d-b6b9-0ba92d173dd8/name HTTP/1.1
User-Agent: selenium/4.1.2 (java windows)
Cache-Control: no-cache
Content-Type: application/json; charset=utf-8
host: localhost:62429
accept: */*

Response DefaultHttpResponse(decodeResult: success, version: HTTP/1.1)
HTTP/1.1 200 OK
Content-Type: application/json; charset=utf-8
cache-control: no-cache
content-length: 18

08:35:26.115 [AsyncHttpClient-1-12] DEBUG org.asynchttpclient.netty.channel.ChannelManager - Adding key: http://localhost:62429 for channel [id: 0x47950f59, L:/127.0.0.1:60786 - R:localhost/127.0.0.1:62429]
08:35:26.119 [Forwarding isElementEnabled on session c2ef10553a6105638af68063c16f178c to remote] DEBUG org.asynchttpclient.netty.request.NettyRequestSender - Using pooled Channel '[id: 0x47950f59, L:/127.0.0.1:60786 - R:localhost/127.0.0.1:62429]' for 'GET' to 'http://localhost:62429/session/c2ef10553a6105638af68063c16f178c/element/a1cf8c2f-505d-4a5d-b6b9-0ba92d173dd8/enabled'
08:35:26.119 [Forwarding isElementEnabled on session c2ef10553a6105638af68063c16f178c to remote] DEBUG org.asynchttpclient.netty.request.NettyRequestSender - Using open Channel [id: 0x47950f59, L:/127.0.0.1:60786 - R:localhost/127.0.0.1:62429] for GET '/session/c2ef10553a6105638af68063c16f178c/element/a1cf8c2f-505d-4a5d-b6b9-0ba92d173dd8/enabled'
08:35:26.135 [AsyncHttpClient-1-12] DEBUG org.asynchttpclient.netty.handler.HttpHandler - 

Request DefaultFullHttpRequest(decodeResult: success, version: HTTP/1.1, content: EmptyByteBufBE)
GET /session/c2ef10553a6105638af68063c16f178c/element/a1cf8c2f-505d-4a5d-b6b9-0ba92d173dd8/enabled HTTP/1.1
User-Agent: selenium/4.1.2 (java windows)
Cache-Control: no-cache
Content-Type: application/json; charset=utf-8
host: localhost:62429
accept: */*

Response DefaultHttpResponse(decodeResult: success, version: HTTP/1.1)
HTTP/1.1 200 OK
Content-Type: application/json; charset=utf-8
cache-control: no-cache
content-length: 14

08:35:26.135 [AsyncHttpClient-1-12] DEBUG org.asynchttpclient.netty.channel.ChannelManager - Adding key: http://localhost:62429 for channel [id: 0x47950f59, L:/127.0.0.1:60786 - R:localhost/127.0.0.1:62429]
08:35:26.138 [Forwarding isElementEnabled on session c2ef10553a6105638af68063c16f178c to remote] DEBUG org.asynchttpclient.netty.request.NettyRequestSender - Using pooled Channel '[id: 0x47950f59, L:/127.0.0.1:60786 - R:localhost/127.0.0.1:62429]' for 'GET' to 'http://localhost:62429/session/c2ef10553a6105638af68063c16f178c/element/a1cf8c2f-505d-4a5d-b6b9-0ba92d173dd8/enabled'
08:35:26.138 [Forwarding isElementEnabled on session c2ef10553a6105638af68063c16f178c to remote] DEBUG org.asynchttpclient.netty.request.NettyRequestSender - Using open Channel [id: 0x47950f59, L:/127.0.0.1:60786 - R:localhost/127.0.0.1:62429] for GET '/session/c2ef10553a6105638af68063c16f178c/element/a1cf8c2f-505d-4a5d-b6b9-0ba92d173dd8/enabled'
08:35:26.149 [AsyncHttpClient-1-12] DEBUG org.asynchttpclient.netty.handler.HttpHandler - 

Request DefaultFullHttpRequest(decodeResult: success, version: HTTP/1.1, content: EmptyByteBufBE)
GET /session/c2ef10553a6105638af68063c16f178c/element/a1cf8c2f-505d-4a5d-b6b9-0ba92d173dd8/enabled HTTP/1.1
User-Agent: selenium/4.1.2 (java windows)
Cache-Control: no-cache
Content-Type: application/json; charset=utf-8
host: localhost:62429
accept: */*

Response DefaultHttpResponse(decodeResult: success, version: HTTP/1.1)
HTTP/1.1 200 OK
Content-Type: application/json; charset=utf-8
cache-control: no-cache
content-length: 14

08:35:26.149 [AsyncHttpClient-1-12] DEBUG org.asynchttpclient.netty.channel.ChannelManager - Adding key: http://localhost:62429 for channel [id: 0x47950f59, L:/127.0.0.1:60786 - R:localhost/127.0.0.1:62429]
08:35:26.152 [Forwarding findElement on session c2ef10553a6105638af68063c16f178c to remote] DEBUG org.asynchttpclient.netty.request.NettyRequestSender - Using pooled Channel '[id: 0x47950f59, L:/127.0.0.1:60786 - R:localhost/127.0.0.1:62429]' for 'POST' to 'http://localhost:62429/session/c2ef10553a6105638af68063c16f178c/element'
08:35:26.152 [Forwarding findElement on session c2ef10553a6105638af68063c16f178c to remote] DEBUG org.asynchttpclient.netty.request.NettyRequestSender - Using open Channel [id: 0x47950f59, L:/127.0.0.1:60786 - R:localhost/127.0.0.1:62429] for POST '/session/c2ef10553a6105638af68063c16f178c/element'
08:35:26.164 [AsyncHttpClient-1-12] DEBUG org.asynchttpclient.netty.handler.HttpHandler - 

Request DefaultHttpRequest(decodeResult: success, version: HTTP/1.1)
POST /session/c2ef10553a6105638af68063c16f178c/element HTTP/1.1
User-Agent: selenium/4.1.2 (java windows)
Content-Length: 75
Content-Type: application/json; charset=utf-8
host: localhost:62429
accept: */*

Response DefaultHttpResponse(decodeResult: success, version: HTTP/1.1)
HTTP/1.1 200 OK
Content-Type: application/json; charset=utf-8
cache-control: no-cache
content-length: 88

08:35:26.164 [AsyncHttpClient-1-12] DEBUG org.asynchttpclient.netty.channel.ChannelManager - Adding key: http://localhost:62429 for channel [id: 0x47950f59, L:/127.0.0.1:60786 - R:localhost/127.0.0.1:62429]
08:35:26.166 [Forwarding clickElement on session c2ef10553a6105638af68063c16f178c to remote] DEBUG org.asynchttpclient.netty.request.NettyRequestSender - Using pooled Channel '[id: 0x47950f59, L:/127.0.0.1:60786 - R:localhost/127.0.0.1:62429]' for 'POST' to 'http://localhost:62429/session/c2ef10553a6105638af68063c16f178c/element/a1cf8c2f-505d-4a5d-b6b9-0ba92d173dd8/click'
08:35:26.166 [Forwarding clickElement on session c2ef10553a6105638af68063c16f178c to remote] DEBUG org.asynchttpclient.netty.request.NettyRequestSender - Using open Channel [id: 0x47950f59, L:/127.0.0.1:60786 - R:localhost/127.0.0.1:62429] for POST '/session/c2ef10553a6105638af68063c16f178c/element/a1cf8c2f-505d-4a5d-b6b9-0ba92d173dd8/click'
08:35:26.235 [AsyncHttpClient-1-12] DEBUG org.asynchttpclient.netty.handler.HttpHandler - 

Request DefaultHttpRequest(decodeResult: success, version: HTTP/1.1)
POST /session/c2ef10553a6105638af68063c16f178c/element/a1cf8c2f-505d-4a5d-b6b9-0ba92d173dd8/click HTTP/1.1
User-Agent: selenium/4.1.2 (java windows)
Content-Length: 50
Content-Type: application/json; charset=utf-8
host: localhost:62429
accept: */*

Response DefaultHttpResponse(decodeResult: success, version: HTTP/1.1)
HTTP/1.1 200 OK
Content-Type: application/json; charset=utf-8
cache-control: no-cache
content-length: 14

08:35:26.235 [AsyncHttpClient-1-12] DEBUG org.asynchttpclient.netty.channel.ChannelManager - Adding key: http://localhost:62429 for channel [id: 0x47950f59, L:/127.0.0.1:60786 - R:localhost/127.0.0.1:62429]
  &amp#27;[32mAnd &amp#27;[0m&amp#27;[32mi click register button&amp#27;[0m            &amp#27;[90m# starter.stepdefinitions.registerStep.iClickRegisterButton()&amp#27;[0m
08:35:26.247 [Forwarding screenshot on session c2ef10553a6105638af68063c16f178c to remote] DEBUG org.asynchttpclient.netty.request.NettyRequestSender - Using pooled Channel '[id: 0x47950f59, L:/127.0.0.1:60786 - R:localhost/127.0.0.1:62429]' for 'GET' to 'http://localhost:62429/session/c2ef10553a6105638af68063c16f178c/screenshot'
08:35:26.247 [Forwarding screenshot on session c2ef10553a6105638af68063c16f178c to remote] DEBUG org.asynchttpclient.netty.request.NettyRequestSender - Using open Channel [id: 0x47950f59, L:/127.0.0.1:60786 - R:localhost/127.0.0.1:62429] for GET '/session/c2ef10553a6105638af68063c16f178c/screenshot'
08:35:26.574 [AsyncHttpClient-1-12] DEBUG org.asynchttpclient.netty.handler.HttpHandler - 

Request DefaultFullHttpRequest(decodeResult: success, version: HTTP/1.1, content: EmptyByteBufBE)
GET /session/c2ef10553a6105638af68063c16f178c/screenshot HTTP/1.1
User-Agent: selenium/4.1.2 (java windows)
Cache-Control: no-cache
Content-Type: application/json; charset=utf-8
host: localhost:62429
accept: */*

Response DefaultHttpResponse(decodeResult: success, version: HTTP/1.1)
HTTP/1.1 200 OK
Content-Type: application/json; charset=utf-8
cache-control: no-cache
content-length: 52724

08:35:26.574 [AsyncHttpClient-1-12] DEBUG org.asynchttpclient.netty.channel.ChannelManager - Adding key: http://localhost:62429 for channel [id: 0x47950f59, L:/127.0.0.1:60786 - R:localhost/127.0.0.1:62429]
08:35:26.577 [main] DEBUG net.serenitybdd.core.photography.Darkroom - Send negative for processing for target\site\serenity\95b5c637162cdd128213528fba1c7e42e2eaad4c5906728fdb86609a56278c39.png
08:35:26.578 [Darkroom Processing Line] DEBUG net.serenitybdd.core.photography.DarkroomProcessingLine - Processing screenshot image in /var/screenshots/screenshot-2527370946233034958
08:35:26.578 [Darkroom Processing Line] DEBUG net.serenitybdd.core.photography.DarkroomProcessingLine - Saving screenshot to target\site\serenity\95b5c637162cdd128213528fba1c7e42e2eaad4c5906728fdb86609a56278c39.png
08:35:26.589 [Forwarding findElement on session c2ef10553a6105638af68063c16f178c to remote] DEBUG org.asynchttpclient.netty.request.NettyRequestSender - Using pooled Channel '[id: 0x47950f59, L:/127.0.0.1:60786 - R:localhost/127.0.0.1:62429]' for 'POST' to 'http://localhost:62429/session/c2ef10553a6105638af68063c16f178c/element'
08:35:26.589 [Forwarding findElement on session c2ef10553a6105638af68063c16f178c to remote] DEBUG org.asynchttpclient.netty.request.NettyRequestSender - Using open Channel [id: 0x47950f59, L:/127.0.0.1:60786 - R:localhost/127.0.0.1:62429] for POST '/session/c2ef10553a6105638af68063c16f178c/element'
08:35:26.603 [AsyncHttpClient-1-12] DEBUG org.asynchttpclient.netty.handler.HttpHandler - 

Request DefaultHttpRequest(decodeResult: success, version: HTTP/1.1)
POST /session/c2ef10553a6105638af68063c16f178c/element HTTP/1.1
User-Agent: selenium/4.1.2 (java windows)
Content-Length: 86
Content-Type: application/json; charset=utf-8
host: localhost:62429
accept: */*

Response DefaultHttpResponse(decodeResult: success, version: HTTP/1.1)
HTTP/1.1 200 OK
Content-Type: application/json; charset=utf-8
cache-control: no-cache
content-length: 88

08:35:26.603 [AsyncHttpClient-1-12] DEBUG org.asynchttpclient.netty.channel.ChannelManager - Adding key: http://localhost:62429 for channel [id: 0x47950f59, L:/127.0.0.1:60786 - R:localhost/127.0.0.1:62429]
08:35:26.609 [Forwarding isElementDisplayed on session c2ef10553a6105638af68063c16f178c to remote] DEBUG org.asynchttpclient.netty.request.NettyRequestSender - Using pooled Channel '[id: 0x47950f59, L:/127.0.0.1:60786 - R:localhost/127.0.0.1:62429]' for 'POST' to 'http://localhost:62429/session/c2ef10553a6105638af68063c16f178c/execute/sync'
08:35:26.609 [Forwarding isElementDisplayed on session c2ef10553a6105638af68063c16f178c to remote] DEBUG org.asynchttpclient.netty.request.NettyRequestSender - Using open Channel [id: 0x47950f59, L:/127.0.0.1:60786 - R:localhost/127.0.0.1:62429] for POST '/session/c2ef10553a6105638af68063c16f178c/execute/sync'
08:35:26.627 [AsyncHttpClient-1-1] DEBUG org.asynchttpclient.netty.channel.DefaultChannelPool - Entry count for : http://localhost:60787 : 1
08:35:26.634 [AsyncHttpClient-1-12] DEBUG org.asynchttpclient.netty.handler.HttpHandler - 

Request DefaultHttpRequest(decodeResult: success, version: HTTP/1.1)
POST /session/c2ef10553a6105638af68063c16f178c/execute/sync HTTP/1.1
User-Agent: selenium/4.1.2 (java windows)
Content-Length: 48780
Content-Type: application/json; charset=utf-8
host: localhost:62429
accept: */*

Response DefaultHttpResponse(decodeResult: success, version: HTTP/1.1)
HTTP/1.1 200 OK
Content-Type: application/json; charset=utf-8
cache-control: no-cache
content-length: 14

08:35:26.634 [AsyncHttpClient-1-12] DEBUG org.asynchttpclient.netty.channel.ChannelManager - Adding key: http://localhost:62429 for channel [id: 0x47950f59, L:/127.0.0.1:60786 - R:localhost/127.0.0.1:62429]
08:35:26.637 [Forwarding findElement on session c2ef10553a6105638af68063c16f178c to remote] DEBUG org.asynchttpclient.netty.request.NettyRequestSender - Using pooled Channel '[id: 0x47950f59, L:/127.0.0.1:60786 - R:localhost/127.0.0.1:62429]' for 'POST' to 'http://localhost:62429/session/c2ef10553a6105638af68063c16f178c/element'
08:35:26.637 [Forwarding findElement on session c2ef10553a6105638af68063c16f178c to remote] DEBUG org.asynchttpclient.netty.request.NettyRequestSender - Using open Channel [id: 0x47950f59, L:/127.0.0.1:60786 - R:localhost/127.0.0.1:62429] for POST '/session/c2ef10553a6105638af68063c16f178c/element'
08:35:26.653 [AsyncHttpClient-1-12] DEBUG org.asynchttpclient.netty.handler.HttpHandler - 

Request DefaultHttpRequest(decodeResult: success, version: HTTP/1.1)
POST /session/c2ef10553a6105638af68063c16f178c/element HTTP/1.1
User-Agent: selenium/4.1.2 (java windows)
Content-Length: 149
Content-Type: application/json; charset=utf-8
host: localhost:62429
accept: */*

Response DefaultHttpResponse(decodeResult: success, version: HTTP/1.1)
HTTP/1.1 200 OK
Content-Type: application/json; charset=utf-8
cache-control: no-cache
content-length: 88

08:35:26.653 [AsyncHttpClient-1-12] DEBUG org.asynchttpclient.netty.channel.ChannelManager - Adding key: http://localhost:62429 for channel [id: 0x47950f59, L:/127.0.0.1:60786 - R:localhost/127.0.0.1:62429]
08:35:26.658 [Forwarding isElementDisplayed on session c2ef10553a6105638af68063c16f178c to remote] DEBUG org.asynchttpclient.netty.request.NettyRequestSender - Using pooled Channel '[id: 0x47950f59, L:/127.0.0.1:60786 - R:localhost/127.0.0.1:62429]' for 'POST' to 'http://localhost:62429/session/c2ef10553a6105638af68063c16f178c/execute/sync'
08:35:26.658 [Forwarding isElementDisplayed on session c2ef10553a6105638af68063c16f178c to remote] DEBUG org.asynchttpclient.netty.request.NettyRequestSender - Using open Channel [id: 0x47950f59, L:/127.0.0.1:60786 - R:localhost/127.0.0.1:62429] for POST '/session/c2ef10553a6105638af68063c16f178c/execute/sync'
08:35:26.681 [AsyncHttpClient-1-12] DEBUG org.asynchttpclient.netty.handler.HttpHandler - 

Request DefaultHttpRequest(decodeResult: success, version: HTTP/1.1)
POST /session/c2ef10553a6105638af68063c16f178c/execute/sync HTTP/1.1
User-Agent: selenium/4.1.2 (java windows)
Content-Length: 48780
Content-Type: application/json; charset=utf-8
host: localhost:62429
accept: */*

Response DefaultHttpResponse(decodeResult: success, version: HTTP/1.1)
HTTP/1.1 200 OK
Content-Type: application/json; charset=utf-8
cache-control: no-cache
content-length: 14

08:35:26.682 [AsyncHttpClient-1-12] DEBUG org.asynchttpclient.netty.channel.ChannelManager - Adding key: http://localhost:62429 for channel [id: 0x47950f59, L:/127.0.0.1:60786 - R:localhost/127.0.0.1:62429]
  &amp#27;[32mThen &amp#27;[0m&amp#27;[32mi get my &amp#27;[0m&amp#27;[32m&amp#27;[1m"Register Page"&amp#27;[0m          &amp#27;[90m# starter.stepdefinitions.registerStep.iGetMy(java.lang.String)&amp#27;[0m
08:35:26.689 [Forwarding screenshot on session c2ef10553a6105638af68063c16f178c to remote] DEBUG org.asynchttpclient.netty.request.NettyRequestSender - Using pooled Channel '[id: 0x47950f59, L:/127.0.0.1:60786 - R:localhost/127.0.0.1:62429]' for 'GET' to 'http://localhost:62429/session/c2ef10553a6105638af68063c16f178c/screenshot'
08:35:26.689 [Forwarding screenshot on session c2ef10553a6105638af68063c16f178c to remote] DEBUG org.asynchttpclient.netty.request.NettyRequestSender - Using open Channel [id: 0x47950f59, L:/127.0.0.1:60786 - R:localhost/127.0.0.1:62429] for GET '/session/c2ef10553a6105638af68063c16f178c/screenshot'
08:35:26.916 [AsyncHttpClient-1-12] DEBUG org.asynchttpclient.netty.handler.HttpHandler - 

Request DefaultFullHttpRequest(decodeResult: success, version: HTTP/1.1, content: EmptyByteBufBE)
GET /session/c2ef10553a6105638af68063c16f178c/screenshot HTTP/1.1
User-Agent: selenium/4.1.2 (java windows)
Cache-Control: no-cache
Content-Type: application/json; charset=utf-8
host: localhost:62429
accept: */*

Response DefaultHttpResponse(decodeResult: success, version: HTTP/1.1)
HTTP/1.1 200 OK
Content-Type: application/json; charset=utf-8
cache-control: no-cache
content-length: 54820

08:35:26.916 [AsyncHttpClient-1-12] DEBUG org.asynchttpclient.netty.channel.ChannelManager - Adding key: http://localhost:62429 for channel [id: 0x47950f59, L:/127.0.0.1:60786 - R:localhost/127.0.0.1:62429]
08:35:26.919 [main] DEBUG net.serenitybdd.core.photography.Darkroom - Send negative for processing for target\site\serenity\dfc3bf494b92d1a6169bd8e484818f781e73535e9c1e87e110d0a2048f4c611c.png
08:35:26.920 [Darkroom Processing Line] DEBUG net.serenitybdd.core.photography.DarkroomProcessingLine - Processing screenshot image in /var/screenshots/screenshot-10293301316457652114
08:35:26.920 [Darkroom Processing Line] DEBUG net.serenitybdd.core.photography.DarkroomProcessingLine - Saving screenshot to target\site\serenity\dfc3bf494b92d1a6169bd8e484818f781e73535e9c1e87e110d0a2048f4c611c.png
08:35:26.929 [AsyncHttpClient-1-14] DEBUG org.asynchttpclient.netty.handler.WebSocketHandler - Channel Closed: [id: 0xb7093026, L:/127.0.0.1:60796 ! R:localhost/127.0.0.1:60787] with attribute NettyResponseFuture{currentRetry=5,
	isDone=1,
	isCancelled=0,
	asyncHandler=org.asynchttpclient.ws.WebSocketUpgradeHandler@14360c2,
	nettyRequest=org.asynchttpclient.netty.request.NettyRequest@6adcdfec,
	future=java.util.concurrent.CompletableFuture@241a5861[Completed normally],
	uri=ws://localhost:60787/devtools/browser/ebf62e5d-9903-44fd-b05e-b0680555f65b,
	keepAlive=true,
	redirectCount=0,
	timeoutsHolder=null,
	inAuth=0,
	touch=1652837717480}
08:35:26.930 [AsyncHttpClient-1-14] DEBUG org.asynchttpclient.netty.channel.ChannelManager - Closing Channel [id: 0xb7093026, L:/127.0.0.1:60796 ! R:localhost/127.0.0.1:60787] 
08:35:26.930 [Driver Command Executor] DEBUG org.asynchttpclient.netty.request.NettyRequestSender - Using pooled Channel '[id: 0x47950f59, L:/127.0.0.1:60786 - R:localhost/127.0.0.1:62429]' for 'DELETE' to 'http://localhost:62429/session/c2ef10553a6105638af68063c16f178c'
08:35:26.930 [Driver Command Executor] DEBUG org.asynchttpclient.netty.request.NettyRequestSender - Using open Channel [id: 0x47950f59, L:/127.0.0.1:60786 - R:localhost/127.0.0.1:62429] for DELETE '/session/c2ef10553a6105638af68063c16f178c'
08:35:26.991 [AsyncHttpClient-1-13] DEBUG org.asynchttpclient.netty.handler.HttpHandler - Unexpected I/O exception on channel [id: 0x3b35c9a3, L:/127.0.0.1:60795 - R:localhost/127.0.0.1:60787]
java.net.SocketException: Connection reset
	at java.base/sun.nio.ch.SocketChannelImpl.throwConnectionReset(SocketChannelImpl.java:367)
	at java.base/sun.nio.ch.SocketChannelImpl.read(SocketChannelImpl.java:398)
	at io.netty.buffer.PooledByteBuf.setBytes(PooledByteBuf.java:258)
	at io.netty.buffer.AbstractByteBuf.writeBytes(AbstractByteBuf.java:1132)
	at io.netty.channel.socket.nio.NioSocketChannel.doReadBytes(NioSocketChannel.java:350)
	at io.netty.channel.nio.AbstractNioByteChannel$NioByteUnsafe.read(AbstractNioByteChannel.java:151)
	at io.netty.channel.nio.NioEventLoop.processSelectedKey(NioEventLoop.java:722)
	at io.netty.channel.nio.NioEventLoop.processSelectedKeysOptimized(NioEventLoop.java:658)
	at io.netty.channel.nio.NioEventLoop.processSelectedKeys(NioEventLoop.java:584)
	at io.netty.channel.nio.NioEventLoop.run(NioEventLoop.java:496)
	at io.netty.util.concurrent.SingleThreadEventExecutor$4.run(SingleThreadEventExecutor.java:986)
	at io.netty.util.internal.ThreadExecutorMap$2.run(ThreadExecutorMap.java:74)
	at io.netty.util.concurrent.FastThreadLocalRunnable.run(FastThreadLocalRunnable.java:30)
	at java.base/java.lang.Thread.run(Thread.java:832)
08:35:26.992 [AsyncHttpClient-1-13] DEBUG org.asynchttpclient.netty.channel.ChannelManager - Closing Channel [id: 0x3b35c9a3, L:/127.0.0.1:60795 - R:localhost/127.0.0.1:60787] 
08:35:26.992 [AsyncHttpClient-1-13] DEBUG org.asynchttpclient.netty.handler.HttpHandler - Channel Closed: [id: 0x3b35c9a3, L:/127.0.0.1:60795 ! R:localhost/127.0.0.1:60787] with attribute DISCARD
08:35:27.040 [AsyncHttpClient-1-12] DEBUG org.asynchttpclient.netty.handler.HttpHandler - 

Request DefaultFullHttpRequest(decodeResult: success, version: HTTP/1.1, content: EmptyByteBufBE)
DELETE /session/c2ef10553a6105638af68063c16f178c HTTP/1.1
User-Agent: selenium/4.1.2 (java windows)
Content-Type: application/json; charset=utf-8
host: localhost:62429
accept: */*

Response DefaultHttpResponse(decodeResult: success, version: HTTP/1.1)
HTTP/1.1 200 OK
Content-Type: application/json; charset=utf-8
cache-control: no-cache
content-length: 14

08:35:27.041 [AsyncHttpClient-1-12] DEBUG org.asynchttpclient.netty.channel.ChannelManager - Adding key: http://localhost:62429 for channel [id: 0x47950f59, L:/127.0.0.1:60786 - R:localhost/127.0.0.1:62429]
08:35:27.249 [AsyncHttpClient-1-12] DEBUG org.asynchttpclient.netty.handler.HttpHandler - Channel Closed: [id: 0x47950f59, L:/127.0.0.1:60786 ! R:localhost/127.0.0.1:62429] with attribute DISCARD
08:35:27.736 [AsyncHttpClient-1-1] DEBUG org.asynchttpclient.netty.channel.DefaultChannelPool - Entry count for : http://localhost:62429 : 1
08:35:27.736 [AsyncHttpClient-1-1] DEBUG org.asynchttpclient.netty.channel.DefaultChannelPool - Entry count for : http://localhost:60787 : 1
08:35:27.736 [AsyncHttpClient-1-1] DEBUG org.asynchttpclient.netty.channel.DefaultChannelPool - Adding Candidate expired Channel [id: 0x47950f59, L:/127.0.0.1:60786 ! R:localhost/127.0.0.1:62429] isIdleTimeoutExpired=false isRemotelyClosed=true isTtlExpired=false
08:35:27.737 [AsyncHttpClient-1-1] DEBUG org.asynchttpclient.netty.channel.DefaultChannelPool - Closing Idle Channel [id: 0x47950f59, L:/127.0.0.1:60786 ! R:localhost/127.0.0.1:62429]
08:35:27.737 [AsyncHttpClient-1-1] DEBUG org.asynchttpclient.netty.channel.DefaultChannelPool - Adding Candidate expired Channel [id: 0x3b35c9a3, L:/127.0.0.1:60795 ! R:localhost/127.0.0.1:60787] isIdleTimeoutExpired=false isRemotelyClosed=true isTtlExpired=false
08:35:27.737 [AsyncHttpClient-1-1] DEBUG org.asynchttpclient.netty.channel.DefaultChannelPool - Closing Idle Channel [id: 0x3b35c9a3, L:/127.0.0.1:60795 ! R:localhost/127.0.0.1:60787]
08:35:27.737 [AsyncHttpClient-1-1] DEBUG org.asynchttpclient.netty.channel.DefaultChannelPool - Closed 2 connections out of 2 in 1 ms
]]></system-out>
    <system-err><![CDATA[Starting ChromeDriver 101.0.4951.41 (93c720db8323b3ec10d056025ab95c23a31997c9-refs/branch-heads/4951@{#904}) on port 62429
Only local connections are allowed.
Please see https://chromedriver.chromium.org/security-considerations for suggestions on keeping ChromeDriver safe.
ChromeDriver was started successfully.
May 18, 2022 8:35:17 AM org.openqa.selenium.remote.ProtocolHandshake createSession
INFO: Detected dialect: W3C
May 18, 2022 8:35:17 AM org.openqa.selenium.devtools.CdpVersionFinder findNearestMatch
WARNING: Unable to find an exact match for CDP version 101, so returning the closest version found: 97
May 18, 2022 8:35:17 AM org.openqa.selenium.devtools.CdpVersionFinder findNearestMatch
INFO: Found CDP implementation for version 101 of 97
]]></system-err>
  </testcase>
  <testcase name="Registration scenario #4" classname="Registration" time="12.601">
    <system-out><![CDATA[
@register
Scenario Outline: Registration scenario  &amp#27;[90m# src/test/resources/features/register.feature:23&amp#27;[0m
08:35:27.782 [main] INFO io.cucumber.core.plugin.SerenityReporter - Running feature from file:///D:/PERKULIAHAN/Semester%206,Hebatt%20glad!/Altera/QE_Gladys-Cindana-Asri-Pardosi/Mini-Project/Web/src/test/resources/features/register.feature
08:35:27.802 [main] INFO net.serenitybdd.core.webdriver.driverproviders.ChromeDriverProvider - Using automatically driver download
08:35:27.968 [main] DEBUG io.github.bonigarcia.wdm.cache.ResolutionCache - Resolution chrome=101 in cache (valid until 09:23:35 18/05/2022 WIB)
08:35:27.973 [main] DEBUG io.github.bonigarcia.wdm.cache.ResolutionCache - Resolution chrome101=101.0.4951.41 in cache (valid until 18:48:44 18/05/2022 WIB)
08:35:27.977 [main] INFO io.github.bonigarcia.wdm.WebDriverManager - Using chromedriver 101.0.4951.41 (resolved driver for Chrome 101)
08:35:27.998 [main] DEBUG io.github.bonigarcia.wdm.WebDriverManager - Driver chromedriver 101.0.4951.41 found in cache
08:35:27.999 [main] INFO io.github.bonigarcia.wdm.WebDriverManager - Exporting webdriver.chrome.driver as C:\Users\ASUS\.cache\selenium\chromedriver\win32\101.0.4951.41\chromedriver.exe
08:35:28.147 [main] DEBUG net.serenitybdd.core.webdriver.driverproviders.ProvideNewDriver - Instantiating driver
08:35:28.147 [main] DEBUG net.serenitybdd.core.webdriver.driverproviders.ProvideNewDriver - Driver capabilities: Capabilities {acceptInsecureCerts: false, base.url: , browserName: chrome, goog:chromeOptions: {args: [], extensions: []}}
08:35:28.694 [AsyncHttpClient-1-15] DEBUG org.asynchttpclient.netty.channel.NettyConnectListener - Using new Channel '[id: 0x73eb42aa, L:/127.0.0.1:60837 - R:localhost/127.0.0.1:57449]' for 'POST' to '/session'
08:35:30.058 [AsyncHttpClient-1-15] DEBUG org.asynchttpclient.netty.handler.HttpHandler - 

Request DefaultHttpRequest(decodeResult: success, version: HTTP/1.1)
POST /session HTTP/1.1
User-Agent: selenium/4.1.2 (java windows)
Content-Length: 457
Content-Type: application/json; charset=utf-8
host: localhost:57449
accept: */*

Response DefaultHttpResponse(decodeResult: success, version: HTTP/1.1)
HTTP/1.1 200 OK
Content-Type: application/json; charset=utf-8
cache-control: no-cache
content-length: 787

08:35:30.059 [AsyncHttpClient-1-15] DEBUG org.asynchttpclient.netty.channel.ChannelManager - Adding key: http://localhost:57449 for channel [id: 0x73eb42aa, L:/127.0.0.1:60837 - R:localhost/127.0.0.1:57449]
08:35:30.100 [AsyncHttpClient-1-16] DEBUG org.asynchttpclient.netty.channel.NettyConnectListener - Using new Channel '[id: 0x45a20fa5, L:/127.0.0.1:60846 - R:localhost/127.0.0.1:60838]' for 'GET' to '/json/version'
08:35:30.101 [AsyncHttpClient-1-16] DEBUG org.asynchttpclient.netty.handler.HttpHandler - 

Request DefaultFullHttpRequest(decodeResult: success, version: HTTP/1.1, content: EmptyByteBufBE)
GET /json/version HTTP/1.1
User-Agent: selenium/4.1.2 (java windows)
host: localhost:60838
accept: */*

Response DefaultHttpResponse(decodeResult: success, version: HTTP/1.1)
HTTP/1.1 200 OK
Content-Type: application/json; charset=UTF-8
content-length: 427

08:35:30.102 [AsyncHttpClient-1-16] DEBUG org.asynchttpclient.netty.channel.ChannelManager - Adding key: http://localhost:60838 for channel [id: 0x45a20fa5, L:/127.0.0.1:60846 - R:localhost/127.0.0.1:60838]
08:35:30.108 [AsyncHttpClient-1-17] DEBUG org.asynchttpclient.netty.channel.NettyConnectListener - Using new Channel '[id: 0x4ccabf27, L:/127.0.0.1:60847 - R:localhost/127.0.0.1:60838]' for 'GET' to '/devtools/browser/0a184f76-0338-4094-be82-28bb350c1ad0'
08:35:30.109 [AsyncHttpClient-1-17] DEBUG org.asynchttpclient.netty.handler.WebSocketHandler - 

Request DefaultFullHttpRequest(decodeResult: success, version: HTTP/1.1, content: EmptyByteBufBE)
GET /devtools/browser/0a184f76-0338-4094-be82-28bb350c1ad0 HTTP/1.1
upgrade: websocket
connection: upgrade
sec-websocket-key: ak9pnk/kWCXExMWJYszO9g==
sec-websocket-version: 13
origin: http://localhost:60838
host: localhost:60838
accept: */*
user-agent: AHC/2.1

Response DefaultHttpResponse(decodeResult: success, version: HTTP/1.1)
HTTP/1.1 101 WebSocket Protocol Handshake
Upgrade: WebSocket
Connection: Upgrade
Sec-WebSocket-Accept: DOwxQU5DR57lU2htZusaumYoGmg=

08:35:30.124 [Forwarding get on session e7c1df9c11f9a0a78e02e6d3b9580722 to remote] DEBUG org.asynchttpclient.netty.request.NettyRequestSender - Using pooled Channel '[id: 0x73eb42aa, L:/127.0.0.1:60837 - R:localhost/127.0.0.1:57449]' for 'POST' to 'http://localhost:57449/session/e7c1df9c11f9a0a78e02e6d3b9580722/url'
08:35:30.124 [Forwarding get on session e7c1df9c11f9a0a78e02e6d3b9580722 to remote] DEBUG org.asynchttpclient.netty.request.NettyRequestSender - Using open Channel [id: 0x73eb42aa, L:/127.0.0.1:60837 - R:localhost/127.0.0.1:57449] for POST '/session/e7c1df9c11f9a0a78e02e6d3b9580722/url'
08:35:31.030 [AsyncHttpClient-1-1] DEBUG org.asynchttpclient.netty.channel.DefaultChannelPool - Entry count for : http://localhost:60838 : 1
08:35:32.133 [AsyncHttpClient-1-1] DEBUG org.asynchttpclient.netty.channel.DefaultChannelPool - Entry count for : http://localhost:60838 : 1
08:35:33.237 [AsyncHttpClient-1-1] DEBUG org.asynchttpclient.netty.channel.DefaultChannelPool - Entry count for : http://localhost:60838 : 1
08:35:33.907 [AsyncHttpClient-1-15] DEBUG org.asynchttpclient.netty.handler.HttpHandler - 

Request DefaultHttpRequest(decodeResult: success, version: HTTP/1.1)
POST /session/e7c1df9c11f9a0a78e02e6d3b9580722/url HTTP/1.1
User-Agent: selenium/4.1.2 (java windows)
Content-Length: 49
Content-Type: application/json; charset=utf-8
host: localhost:57449
accept: */*

Response DefaultHttpResponse(decodeResult: success, version: HTTP/1.1)
HTTP/1.1 200 OK
Content-Type: application/json; charset=utf-8
cache-control: no-cache
content-length: 14

08:35:33.908 [AsyncHttpClient-1-15] DEBUG org.asynchttpclient.netty.channel.ChannelManager - Adding key: http://localhost:57449 for channel [id: 0x73eb42aa, L:/127.0.0.1:60837 - R:localhost/127.0.0.1:57449]
08:35:33.911 [Forwarding setTimeout on session e7c1df9c11f9a0a78e02e6d3b9580722 to remote] DEBUG org.asynchttpclient.netty.request.NettyRequestSender - Using pooled Channel '[id: 0x73eb42aa, L:/127.0.0.1:60837 - R:localhost/127.0.0.1:57449]' for 'POST' to 'http://localhost:57449/session/e7c1df9c11f9a0a78e02e6d3b9580722/timeouts'
08:35:33.911 [Forwarding setTimeout on session e7c1df9c11f9a0a78e02e6d3b9580722 to remote] DEBUG org.asynchttpclient.netty.request.NettyRequestSender - Using open Channel [id: 0x73eb42aa, L:/127.0.0.1:60837 - R:localhost/127.0.0.1:57449] for POST '/session/e7c1df9c11f9a0a78e02e6d3b9580722/timeouts'
08:35:33.912 [AsyncHttpClient-1-15] DEBUG org.asynchttpclient.netty.handler.HttpHandler - 

Request DefaultHttpRequest(decodeResult: success, version: HTTP/1.1)
POST /session/e7c1df9c11f9a0a78e02e6d3b9580722/timeouts HTTP/1.1
User-Agent: selenium/4.1.2 (java windows)
Content-Length: 22
Content-Type: application/json; charset=utf-8
host: localhost:57449
accept: */*

Response DefaultHttpResponse(decodeResult: success, version: HTTP/1.1)
HTTP/1.1 200 OK
Content-Type: application/json; charset=utf-8
cache-control: no-cache
content-length: 14

08:35:33.913 [AsyncHttpClient-1-15] DEBUG org.asynchttpclient.netty.channel.ChannelManager - Adding key: http://localhost:57449 for channel [id: 0x73eb42aa, L:/127.0.0.1:60837 - R:localhost/127.0.0.1:57449]
08:35:33.917 [Forwarding getCurrentUrl on session e7c1df9c11f9a0a78e02e6d3b9580722 to remote] DEBUG org.asynchttpclient.netty.request.NettyRequestSender - Using pooled Channel '[id: 0x73eb42aa, L:/127.0.0.1:60837 - R:localhost/127.0.0.1:57449]' for 'GET' to 'http://localhost:57449/session/e7c1df9c11f9a0a78e02e6d3b9580722/url'
08:35:33.917 [Forwarding getCurrentUrl on session e7c1df9c11f9a0a78e02e6d3b9580722 to remote] DEBUG org.asynchttpclient.netty.request.NettyRequestSender - Using open Channel [id: 0x73eb42aa, L:/127.0.0.1:60837 - R:localhost/127.0.0.1:57449] for GET '/session/e7c1df9c11f9a0a78e02e6d3b9580722/url'
08:35:34.000 [AsyncHttpClient-1-15] DEBUG org.asynchttpclient.netty.handler.HttpHandler - 

Request DefaultFullHttpRequest(decodeResult: success, version: HTTP/1.1, content: EmptyByteBufBE)
GET /session/e7c1df9c11f9a0a78e02e6d3b9580722/url HTTP/1.1
User-Agent: selenium/4.1.2 (java windows)
Cache-Control: no-cache
Content-Type: application/json; charset=utf-8
host: localhost:57449
accept: */*

Response DefaultHttpResponse(decodeResult: success, version: HTTP/1.1)
HTTP/1.1 200 OK
Content-Type: application/json; charset=utf-8
cache-control: no-cache
content-length: 31

08:35:34.000 [AsyncHttpClient-1-15] DEBUG org.asynchttpclient.netty.channel.ChannelManager - Adding key: http://localhost:57449 for channel [id: 0x73eb42aa, L:/127.0.0.1:60837 - R:localhost/127.0.0.1:57449]
  &amp#27;[32mGiven &amp#27;[0m&amp#27;[32mi access the web&amp#27;[0m                 &amp#27;[90m# starter.stepdefinitions.registerStep.iAccessTheWeb()&amp#27;[0m
08:35:34.014 [Forwarding screenshot on session e7c1df9c11f9a0a78e02e6d3b9580722 to remote] DEBUG org.asynchttpclient.netty.request.NettyRequestSender - Using pooled Channel '[id: 0x73eb42aa, L:/127.0.0.1:60837 - R:localhost/127.0.0.1:57449]' for 'GET' to 'http://localhost:57449/session/e7c1df9c11f9a0a78e02e6d3b9580722/screenshot'
08:35:34.014 [Forwarding screenshot on session e7c1df9c11f9a0a78e02e6d3b9580722 to remote] DEBUG org.asynchttpclient.netty.request.NettyRequestSender - Using open Channel [id: 0x73eb42aa, L:/127.0.0.1:60837 - R:localhost/127.0.0.1:57449] for GET '/session/e7c1df9c11f9a0a78e02e6d3b9580722/screenshot'
08:35:34.337 [AsyncHttpClient-1-1] DEBUG org.asynchttpclient.netty.channel.DefaultChannelPool - Entry count for : http://localhost:60838 : 1
08:35:35.433 [AsyncHttpClient-1-1] DEBUG org.asynchttpclient.netty.channel.DefaultChannelPool - Entry count for : http://localhost:60838 : 1
08:35:35.913 [AsyncHttpClient-1-15] DEBUG org.asynchttpclient.netty.handler.HttpHandler - 

Request DefaultFullHttpRequest(decodeResult: success, version: HTTP/1.1, content: EmptyByteBufBE)
GET /session/e7c1df9c11f9a0a78e02e6d3b9580722/screenshot HTTP/1.1
User-Agent: selenium/4.1.2 (java windows)
Cache-Control: no-cache
Content-Type: application/json; charset=utf-8
host: localhost:57449
accept: */*

Response DefaultHttpResponse(decodeResult: success, version: HTTP/1.1)
HTTP/1.1 200 OK
Content-Type: application/json; charset=utf-8
cache-control: no-cache
content-length: 39320

08:35:35.913 [AsyncHttpClient-1-15] DEBUG org.asynchttpclient.netty.channel.ChannelManager - Adding key: http://localhost:57449 for channel [id: 0x73eb42aa, L:/127.0.0.1:60837 - R:localhost/127.0.0.1:57449]
08:35:35.917 [main] DEBUG net.serenitybdd.core.photography.Darkroom - Send negative for processing for target\site\serenity\0b0079e1c2bf3dfcd7ebb9972544d63e6e1f7180da49406446d7178bc370420d.png
08:35:35.918 [Darkroom Processing Line] DEBUG net.serenitybdd.core.photography.DarkroomProcessingLine - Processing screenshot image in /var/screenshots/screenshot-10690361440824122022
08:35:35.918 [Darkroom Processing Line] DEBUG net.serenitybdd.core.photography.DarkroomProcessingLine - Saving screenshot to target\site\serenity\0b0079e1c2bf3dfcd7ebb9972544d63e6e1f7180da49406446d7178bc370420d.png
08:35:35.932 [Forwarding findElement on session e7c1df9c11f9a0a78e02e6d3b9580722 to remote] DEBUG org.asynchttpclient.netty.request.NettyRequestSender - Using pooled Channel '[id: 0x73eb42aa, L:/127.0.0.1:60837 - R:localhost/127.0.0.1:57449]' for 'POST' to 'http://localhost:57449/session/e7c1df9c11f9a0a78e02e6d3b9580722/element'
08:35:35.932 [Forwarding findElement on session e7c1df9c11f9a0a78e02e6d3b9580722 to remote] DEBUG org.asynchttpclient.netty.request.NettyRequestSender - Using open Channel [id: 0x73eb42aa, L:/127.0.0.1:60837 - R:localhost/127.0.0.1:57449] for POST '/session/e7c1df9c11f9a0a78e02e6d3b9580722/element'
08:35:35.964 [AsyncHttpClient-1-15] DEBUG org.asynchttpclient.netty.handler.HttpHandler - 

Request DefaultHttpRequest(decodeResult: success, version: HTTP/1.1)
POST /session/e7c1df9c11f9a0a78e02e6d3b9580722/element HTTP/1.1
User-Agent: selenium/4.1.2 (java windows)
Content-Length: 170
Content-Type: application/json; charset=utf-8
host: localhost:57449
accept: */*

Response DefaultHttpResponse(decodeResult: success, version: HTTP/1.1)
HTTP/1.1 200 OK
Content-Type: application/json; charset=utf-8
cache-control: no-cache
content-length: 88

08:35:35.964 [AsyncHttpClient-1-15] DEBUG org.asynchttpclient.netty.channel.ChannelManager - Adding key: http://localhost:57449 for channel [id: 0x73eb42aa, L:/127.0.0.1:60837 - R:localhost/127.0.0.1:57449]
08:35:35.967 [Forwarding getElementTagName on session e7c1df9c11f9a0a78e02e6d3b9580722 to remote] DEBUG org.asynchttpclient.netty.request.NettyRequestSender - Using pooled Channel '[id: 0x73eb42aa, L:/127.0.0.1:60837 - R:localhost/127.0.0.1:57449]' for 'GET' to 'http://localhost:57449/session/e7c1df9c11f9a0a78e02e6d3b9580722/element/9366e969-d0ae-418d-919c-da067ab1c8ae/name'
08:35:35.967 [Forwarding getElementTagName on session e7c1df9c11f9a0a78e02e6d3b9580722 to remote] DEBUG org.asynchttpclient.netty.request.NettyRequestSender - Using open Channel [id: 0x73eb42aa, L:/127.0.0.1:60837 - R:localhost/127.0.0.1:57449] for GET '/session/e7c1df9c11f9a0a78e02e6d3b9580722/element/9366e969-d0ae-418d-919c-da067ab1c8ae/name'
08:35:35.973 [AsyncHttpClient-1-15] DEBUG org.asynchttpclient.netty.handler.HttpHandler - 

Request DefaultFullHttpRequest(decodeResult: success, version: HTTP/1.1, content: EmptyByteBufBE)
GET /session/e7c1df9c11f9a0a78e02e6d3b9580722/element/9366e969-d0ae-418d-919c-da067ab1c8ae/name HTTP/1.1
User-Agent: selenium/4.1.2 (java windows)
Cache-Control: no-cache
Content-Type: application/json; charset=utf-8
host: localhost:57449
accept: */*

Response DefaultHttpResponse(decodeResult: success, version: HTTP/1.1)
HTTP/1.1 200 OK
Content-Type: application/json; charset=utf-8
cache-control: no-cache
content-length: 13

08:35:35.974 [AsyncHttpClient-1-15] DEBUG org.asynchttpclient.netty.channel.ChannelManager - Adding key: http://localhost:57449 for channel [id: 0x73eb42aa, L:/127.0.0.1:60837 - R:localhost/127.0.0.1:57449]
08:35:35.976 [Forwarding getElementTagName on session e7c1df9c11f9a0a78e02e6d3b9580722 to remote] DEBUG org.asynchttpclient.netty.request.NettyRequestSender - Using pooled Channel '[id: 0x73eb42aa, L:/127.0.0.1:60837 - R:localhost/127.0.0.1:57449]' for 'GET' to 'http://localhost:57449/session/e7c1df9c11f9a0a78e02e6d3b9580722/element/9366e969-d0ae-418d-919c-da067ab1c8ae/name'
08:35:35.976 [Forwarding getElementTagName on session e7c1df9c11f9a0a78e02e6d3b9580722 to remote] DEBUG org.asynchttpclient.netty.request.NettyRequestSender - Using open Channel [id: 0x73eb42aa, L:/127.0.0.1:60837 - R:localhost/127.0.0.1:57449] for GET '/session/e7c1df9c11f9a0a78e02e6d3b9580722/element/9366e969-d0ae-418d-919c-da067ab1c8ae/name'
08:35:35.982 [AsyncHttpClient-1-15] DEBUG org.asynchttpclient.netty.handler.HttpHandler - 

Request DefaultFullHttpRequest(decodeResult: success, version: HTTP/1.1, content: EmptyByteBufBE)
GET /session/e7c1df9c11f9a0a78e02e6d3b9580722/element/9366e969-d0ae-418d-919c-da067ab1c8ae/name HTTP/1.1
User-Agent: selenium/4.1.2 (java windows)
Cache-Control: no-cache
Content-Type: application/json; charset=utf-8
host: localhost:57449
accept: */*

Response DefaultHttpResponse(decodeResult: success, version: HTTP/1.1)
HTTP/1.1 200 OK
Content-Type: application/json; charset=utf-8
cache-control: no-cache
content-length: 13

08:35:35.982 [AsyncHttpClient-1-15] DEBUG org.asynchttpclient.netty.channel.ChannelManager - Adding key: http://localhost:57449 for channel [id: 0x73eb42aa, L:/127.0.0.1:60837 - R:localhost/127.0.0.1:57449]
08:35:35.985 [Forwarding findElement on session e7c1df9c11f9a0a78e02e6d3b9580722 to remote] DEBUG org.asynchttpclient.netty.request.NettyRequestSender - Using pooled Channel '[id: 0x73eb42aa, L:/127.0.0.1:60837 - R:localhost/127.0.0.1:57449]' for 'POST' to 'http://localhost:57449/session/e7c1df9c11f9a0a78e02e6d3b9580722/element'
08:35:35.985 [Forwarding findElement on session e7c1df9c11f9a0a78e02e6d3b9580722 to remote] DEBUG org.asynchttpclient.netty.request.NettyRequestSender - Using open Channel [id: 0x73eb42aa, L:/127.0.0.1:60837 - R:localhost/127.0.0.1:57449] for POST '/session/e7c1df9c11f9a0a78e02e6d3b9580722/element'
08:35:36.001 [AsyncHttpClient-1-15] DEBUG org.asynchttpclient.netty.handler.HttpHandler - 

Request DefaultHttpRequest(decodeResult: success, version: HTTP/1.1)
POST /session/e7c1df9c11f9a0a78e02e6d3b9580722/element HTTP/1.1
User-Agent: selenium/4.1.2 (java windows)
Content-Length: 170
Content-Type: application/json; charset=utf-8
host: localhost:57449
accept: */*

Response DefaultHttpResponse(decodeResult: success, version: HTTP/1.1)
HTTP/1.1 200 OK
Content-Type: application/json; charset=utf-8
cache-control: no-cache
content-length: 88

08:35:36.001 [AsyncHttpClient-1-15] DEBUG org.asynchttpclient.netty.channel.ChannelManager - Adding key: http://localhost:57449 for channel [id: 0x73eb42aa, L:/127.0.0.1:60837 - R:localhost/127.0.0.1:57449]
08:35:36.003 [Forwarding clickElement on session e7c1df9c11f9a0a78e02e6d3b9580722 to remote] DEBUG org.asynchttpclient.netty.request.NettyRequestSender - Using pooled Channel '[id: 0x73eb42aa, L:/127.0.0.1:60837 - R:localhost/127.0.0.1:57449]' for 'POST' to 'http://localhost:57449/session/e7c1df9c11f9a0a78e02e6d3b9580722/element/9366e969-d0ae-418d-919c-da067ab1c8ae/click'
08:35:36.003 [Forwarding clickElement on session e7c1df9c11f9a0a78e02e6d3b9580722 to remote] DEBUG org.asynchttpclient.netty.request.NettyRequestSender - Using open Channel [id: 0x73eb42aa, L:/127.0.0.1:60837 - R:localhost/127.0.0.1:57449] for POST '/session/e7c1df9c11f9a0a78e02e6d3b9580722/element/9366e969-d0ae-418d-919c-da067ab1c8ae/click'
08:35:36.080 [AsyncHttpClient-1-15] DEBUG org.asynchttpclient.netty.handler.HttpHandler - 

Request DefaultHttpRequest(decodeResult: success, version: HTTP/1.1)
POST /session/e7c1df9c11f9a0a78e02e6d3b9580722/element/9366e969-d0ae-418d-919c-da067ab1c8ae/click HTTP/1.1
User-Agent: selenium/4.1.2 (java windows)
Content-Length: 50
Content-Type: application/json; charset=utf-8
host: localhost:57449
accept: */*

Response DefaultHttpResponse(decodeResult: success, version: HTTP/1.1)
HTTP/1.1 200 OK
Content-Type: application/json; charset=utf-8
cache-control: no-cache
content-length: 14

08:35:36.080 [AsyncHttpClient-1-15] DEBUG org.asynchttpclient.netty.channel.ChannelManager - Adding key: http://localhost:57449 for channel [id: 0x73eb42aa, L:/127.0.0.1:60837 - R:localhost/127.0.0.1:57449]
08:35:36.086 [Forwarding get on session e7c1df9c11f9a0a78e02e6d3b9580722 to remote] DEBUG org.asynchttpclient.netty.request.NettyRequestSender - Using pooled Channel '[id: 0x73eb42aa, L:/127.0.0.1:60837 - R:localhost/127.0.0.1:57449]' for 'POST' to 'http://localhost:57449/session/e7c1df9c11f9a0a78e02e6d3b9580722/url'
08:35:36.086 [Forwarding get on session e7c1df9c11f9a0a78e02e6d3b9580722 to remote] DEBUG org.asynchttpclient.netty.request.NettyRequestSender - Using open Channel [id: 0x73eb42aa, L:/127.0.0.1:60837 - R:localhost/127.0.0.1:57449] for POST '/session/e7c1df9c11f9a0a78e02e6d3b9580722/url'
08:35:36.533 [AsyncHttpClient-1-1] DEBUG org.asynchttpclient.netty.channel.DefaultChannelPool - Entry count for : http://localhost:60838 : 1
08:35:36.663 [AsyncHttpClient-1-15] DEBUG org.asynchttpclient.netty.handler.HttpHandler - 

Request DefaultHttpRequest(decodeResult: success, version: HTTP/1.1)
POST /session/e7c1df9c11f9a0a78e02e6d3b9580722/url HTTP/1.1
User-Agent: selenium/4.1.2 (java windows)
Content-Length: 67
Content-Type: application/json; charset=utf-8
host: localhost:57449
accept: */*

Response DefaultHttpResponse(decodeResult: success, version: HTTP/1.1)
HTTP/1.1 200 OK
Content-Type: application/json; charset=utf-8
cache-control: no-cache
content-length: 14

08:35:36.664 [AsyncHttpClient-1-15] DEBUG org.asynchttpclient.netty.channel.ChannelManager - Adding key: http://localhost:57449 for channel [id: 0x73eb42aa, L:/127.0.0.1:60837 - R:localhost/127.0.0.1:57449]
08:35:36.667 [Forwarding getCurrentUrl on session e7c1df9c11f9a0a78e02e6d3b9580722 to remote] DEBUG org.asynchttpclient.netty.request.NettyRequestSender - Using pooled Channel '[id: 0x73eb42aa, L:/127.0.0.1:60837 - R:localhost/127.0.0.1:57449]' for 'GET' to 'http://localhost:57449/session/e7c1df9c11f9a0a78e02e6d3b9580722/url'
08:35:36.667 [Forwarding getCurrentUrl on session e7c1df9c11f9a0a78e02e6d3b9580722 to remote] DEBUG org.asynchttpclient.netty.request.NettyRequestSender - Using open Channel [id: 0x73eb42aa, L:/127.0.0.1:60837 - R:localhost/127.0.0.1:57449] for GET '/session/e7c1df9c11f9a0a78e02e6d3b9580722/url'
08:35:36.674 [AsyncHttpClient-1-15] DEBUG org.asynchttpclient.netty.handler.HttpHandler - 

Request DefaultFullHttpRequest(decodeResult: success, version: HTTP/1.1, content: EmptyByteBufBE)
GET /session/e7c1df9c11f9a0a78e02e6d3b9580722/url HTTP/1.1
User-Agent: selenium/4.1.2 (java windows)
Cache-Control: no-cache
Content-Type: application/json; charset=utf-8
host: localhost:57449
accept: */*

Response DefaultHttpResponse(decodeResult: success, version: HTTP/1.1)
HTTP/1.1 200 OK
Content-Type: application/json; charset=utf-8
cache-control: no-cache
content-length: 44

08:35:36.674 [AsyncHttpClient-1-15] DEBUG org.asynchttpclient.netty.channel.ChannelManager - Adding key: http://localhost:57449 for channel [id: 0x73eb42aa, L:/127.0.0.1:60837 - R:localhost/127.0.0.1:57449]
  &amp#27;[32mWhen &amp#27;[0m&amp#27;[32mi click icon account and register&amp#27;[0m &amp#27;[90m# starter.stepdefinitions.registerStep.iClickIconAccountAndRegister()&amp#27;[0m
08:35:36.684 [Forwarding screenshot on session e7c1df9c11f9a0a78e02e6d3b9580722 to remote] DEBUG org.asynchttpclient.netty.request.NettyRequestSender - Using pooled Channel '[id: 0x73eb42aa, L:/127.0.0.1:60837 - R:localhost/127.0.0.1:57449]' for 'GET' to 'http://localhost:57449/session/e7c1df9c11f9a0a78e02e6d3b9580722/screenshot'
08:35:36.684 [Forwarding screenshot on session e7c1df9c11f9a0a78e02e6d3b9580722 to remote] DEBUG org.asynchttpclient.netty.request.NettyRequestSender - Using open Channel [id: 0x73eb42aa, L:/127.0.0.1:60837 - R:localhost/127.0.0.1:57449] for GET '/session/e7c1df9c11f9a0a78e02e6d3b9580722/screenshot'
08:35:36.915 [AsyncHttpClient-1-15] DEBUG org.asynchttpclient.netty.handler.HttpHandler - 

Request DefaultFullHttpRequest(decodeResult: success, version: HTTP/1.1, content: EmptyByteBufBE)
GET /session/e7c1df9c11f9a0a78e02e6d3b9580722/screenshot HTTP/1.1
User-Agent: selenium/4.1.2 (java windows)
Cache-Control: no-cache
Content-Type: application/json; charset=utf-8
host: localhost:57449
accept: */*

Response DefaultHttpResponse(decodeResult: success, version: HTTP/1.1)
HTTP/1.1 200 OK
Content-Type: application/json; charset=utf-8
cache-control: no-cache
content-length: 44716

08:35:36.915 [AsyncHttpClient-1-15] DEBUG org.asynchttpclient.netty.channel.ChannelManager - Adding key: http://localhost:57449 for channel [id: 0x73eb42aa, L:/127.0.0.1:60837 - R:localhost/127.0.0.1:57449]
08:35:36.919 [main] DEBUG net.serenitybdd.core.photography.Darkroom - Send negative for processing for target\site\serenity\42b6e28073eecb73abfcec403b3897bc9b3bf5f45933c508112c9d359726cb09.png
08:35:36.936 [Forwarding findElement on session e7c1df9c11f9a0a78e02e6d3b9580722 to remote] DEBUG org.asynchttpclient.netty.request.NettyRequestSender - Using pooled Channel '[id: 0x73eb42aa, L:/127.0.0.1:60837 - R:localhost/127.0.0.1:57449]' for 'POST' to 'http://localhost:57449/session/e7c1df9c11f9a0a78e02e6d3b9580722/element'
08:35:36.936 [Forwarding findElement on session e7c1df9c11f9a0a78e02e6d3b9580722 to remote] DEBUG org.asynchttpclient.netty.request.NettyRequestSender - Using open Channel [id: 0x73eb42aa, L:/127.0.0.1:60837 - R:localhost/127.0.0.1:57449] for POST '/session/e7c1df9c11f9a0a78e02e6d3b9580722/element'
08:35:36.965 [AsyncHttpClient-1-15] DEBUG org.asynchttpclient.netty.handler.HttpHandler - 

Request DefaultHttpRequest(decodeResult: success, version: HTTP/1.1)
POST /session/e7c1df9c11f9a0a78e02e6d3b9580722/element HTTP/1.1
User-Agent: selenium/4.1.2 (java windows)
Content-Length: 93
Content-Type: application/json; charset=utf-8
host: localhost:57449
accept: */*

Response DefaultHttpResponse(decodeResult: success, version: HTTP/1.1)
HTTP/1.1 200 OK
Content-Type: application/json; charset=utf-8
cache-control: no-cache
content-length: 88

08:35:36.966 [AsyncHttpClient-1-15] DEBUG org.asynchttpclient.netty.channel.ChannelManager - Adding key: http://localhost:57449 for channel [id: 0x73eb42aa, L:/127.0.0.1:60837 - R:localhost/127.0.0.1:57449]
08:35:36.968 [Forwarding clearElement on session e7c1df9c11f9a0a78e02e6d3b9580722 to remote] DEBUG org.asynchttpclient.netty.request.NettyRequestSender - Using pooled Channel '[id: 0x73eb42aa, L:/127.0.0.1:60837 - R:localhost/127.0.0.1:57449]' for 'POST' to 'http://localhost:57449/session/e7c1df9c11f9a0a78e02e6d3b9580722/element/32328f1c-11a8-424a-b785-bcea9749d427/clear'
08:35:36.968 [Forwarding clearElement on session e7c1df9c11f9a0a78e02e6d3b9580722 to remote] DEBUG org.asynchttpclient.netty.request.NettyRequestSender - Using open Channel [id: 0x73eb42aa, L:/127.0.0.1:60837 - R:localhost/127.0.0.1:57449] for POST '/session/e7c1df9c11f9a0a78e02e6d3b9580722/element/32328f1c-11a8-424a-b785-bcea9749d427/clear'
08:35:37.015 [AsyncHttpClient-1-15] DEBUG org.asynchttpclient.netty.handler.HttpHandler - 

Request DefaultHttpRequest(decodeResult: success, version: HTTP/1.1)
POST /session/e7c1df9c11f9a0a78e02e6d3b9580722/element/32328f1c-11a8-424a-b785-bcea9749d427/clear HTTP/1.1
User-Agent: selenium/4.1.2 (java windows)
Content-Length: 50
Content-Type: application/json; charset=utf-8
host: localhost:57449
accept: */*

Response DefaultHttpResponse(decodeResult: success, version: HTTP/1.1)
HTTP/1.1 200 OK
Content-Type: application/json; charset=utf-8
cache-control: no-cache
content-length: 14

08:35:37.015 [AsyncHttpClient-1-15] DEBUG org.asynchttpclient.netty.channel.ChannelManager - Adding key: http://localhost:57449 for channel [id: 0x73eb42aa, L:/127.0.0.1:60837 - R:localhost/127.0.0.1:57449]
08:35:37.017 [Forwarding sendKeysToElement on session e7c1df9c11f9a0a78e02e6d3b9580722 to remote] DEBUG org.asynchttpclient.netty.request.NettyRequestSender - Using pooled Channel '[id: 0x73eb42aa, L:/127.0.0.1:60837 - R:localhost/127.0.0.1:57449]' for 'POST' to 'http://localhost:57449/session/e7c1df9c11f9a0a78e02e6d3b9580722/element/32328f1c-11a8-424a-b785-bcea9749d427/value'
08:35:37.017 [Forwarding sendKeysToElement on session e7c1df9c11f9a0a78e02e6d3b9580722 to remote] DEBUG org.asynchttpclient.netty.request.NettyRequestSender - Using open Channel [id: 0x73eb42aa, L:/127.0.0.1:60837 - R:localhost/127.0.0.1:57449] for POST '/session/e7c1df9c11f9a0a78e02e6d3b9580722/element/32328f1c-11a8-424a-b785-bcea9749d427/value'
08:35:37.109 [AsyncHttpClient-1-15] DEBUG org.asynchttpclient.netty.handler.HttpHandler - 

Request DefaultHttpRequest(decodeResult: success, version: HTTP/1.1)
POST /session/e7c1df9c11f9a0a78e02e6d3b9580722/element/32328f1c-11a8-424a-b785-bcea9749d427/value HTTP/1.1
User-Agent: selenium/4.1.2 (java windows)
Content-Length: 82
Content-Type: application/json; charset=utf-8
host: localhost:57449
accept: */*

Response DefaultHttpResponse(decodeResult: success, version: HTTP/1.1)
HTTP/1.1 200 OK
Content-Type: application/json; charset=utf-8
cache-control: no-cache
content-length: 14

08:35:37.109 [AsyncHttpClient-1-15] DEBUG org.asynchttpclient.netty.channel.ChannelManager - Adding key: http://localhost:57449 for channel [id: 0x73eb42aa, L:/127.0.0.1:60837 - R:localhost/127.0.0.1:57449]
  &amp#27;[32mAnd &amp#27;[0m&amp#27;[32mi input &amp#27;[0m&amp#27;[32m&amp#27;[1m""&amp#27;[0m&amp#27;[32m my name&amp#27;[0m                 &amp#27;[90m# starter.stepdefinitions.registerStep.iInputMyName(java.lang.String)&amp#27;[0m
08:35:37.124 [Forwarding screenshot on session e7c1df9c11f9a0a78e02e6d3b9580722 to remote] DEBUG org.asynchttpclient.netty.request.NettyRequestSender - Using pooled Channel '[id: 0x73eb42aa, L:/127.0.0.1:60837 - R:localhost/127.0.0.1:57449]' for 'GET' to 'http://localhost:57449/session/e7c1df9c11f9a0a78e02e6d3b9580722/screenshot'
08:35:37.124 [Forwarding screenshot on session e7c1df9c11f9a0a78e02e6d3b9580722 to remote] DEBUG org.asynchttpclient.netty.request.NettyRequestSender - Using open Channel [id: 0x73eb42aa, L:/127.0.0.1:60837 - R:localhost/127.0.0.1:57449] for GET '/session/e7c1df9c11f9a0a78e02e6d3b9580722/screenshot'
08:35:37.364 [AsyncHttpClient-1-15] DEBUG org.asynchttpclient.netty.handler.HttpHandler - 

Request DefaultFullHttpRequest(decodeResult: success, version: HTTP/1.1, content: EmptyByteBufBE)
GET /session/e7c1df9c11f9a0a78e02e6d3b9580722/screenshot HTTP/1.1
User-Agent: selenium/4.1.2 (java windows)
Cache-Control: no-cache
Content-Type: application/json; charset=utf-8
host: localhost:57449
accept: */*

Response DefaultHttpResponse(decodeResult: success, version: HTTP/1.1)
HTTP/1.1 200 OK
Content-Type: application/json; charset=utf-8
cache-control: no-cache
content-length: 44456

08:35:37.364 [AsyncHttpClient-1-15] DEBUG org.asynchttpclient.netty.channel.ChannelManager - Adding key: http://localhost:57449 for channel [id: 0x73eb42aa, L:/127.0.0.1:60837 - R:localhost/127.0.0.1:57449]
08:35:37.368 [main] DEBUG net.serenitybdd.core.photography.Darkroom - Send negative for processing for target\site\serenity\98dec6cdd5d7bbbf65cbf458f4578d70474b10fc1061b233c1cba2c1ad6cf536.png
08:35:37.369 [Darkroom Processing Line] DEBUG net.serenitybdd.core.photography.DarkroomProcessingLine - Processing screenshot image in /var/screenshots/screenshot-5634358241941158062
08:35:37.369 [Darkroom Processing Line] DEBUG net.serenitybdd.core.photography.DarkroomProcessingLine - Saving screenshot to target\site\serenity\98dec6cdd5d7bbbf65cbf458f4578d70474b10fc1061b233c1cba2c1ad6cf536.png
08:35:37.386 [Forwarding findElement on session e7c1df9c11f9a0a78e02e6d3b9580722 to remote] DEBUG org.asynchttpclient.netty.request.NettyRequestSender - Using pooled Channel '[id: 0x73eb42aa, L:/127.0.0.1:60837 - R:localhost/127.0.0.1:57449]' for 'POST' to 'http://localhost:57449/session/e7c1df9c11f9a0a78e02e6d3b9580722/element'
08:35:37.386 [Forwarding findElement on session e7c1df9c11f9a0a78e02e6d3b9580722 to remote] DEBUG org.asynchttpclient.netty.request.NettyRequestSender - Using open Channel [id: 0x73eb42aa, L:/127.0.0.1:60837 - R:localhost/127.0.0.1:57449] for POST '/session/e7c1df9c11f9a0a78e02e6d3b9580722/element'
08:35:37.410 [AsyncHttpClient-1-15] DEBUG org.asynchttpclient.netty.handler.HttpHandler - 

Request DefaultHttpRequest(decodeResult: success, version: HTTP/1.1)
POST /session/e7c1df9c11f9a0a78e02e6d3b9580722/element HTTP/1.1
User-Agent: selenium/4.1.2 (java windows)
Content-Length: 86
Content-Type: application/json; charset=utf-8
host: localhost:57449
accept: */*

Response DefaultHttpResponse(decodeResult: success, version: HTTP/1.1)
HTTP/1.1 200 OK
Content-Type: application/json; charset=utf-8
cache-control: no-cache
content-length: 88

08:35:37.411 [AsyncHttpClient-1-15] DEBUG org.asynchttpclient.netty.channel.ChannelManager - Adding key: http://localhost:57449 for channel [id: 0x73eb42aa, L:/127.0.0.1:60837 - R:localhost/127.0.0.1:57449]
08:35:37.414 [Forwarding clearElement on session e7c1df9c11f9a0a78e02e6d3b9580722 to remote] DEBUG org.asynchttpclient.netty.request.NettyRequestSender - Using pooled Channel '[id: 0x73eb42aa, L:/127.0.0.1:60837 - R:localhost/127.0.0.1:57449]' for 'POST' to 'http://localhost:57449/session/e7c1df9c11f9a0a78e02e6d3b9580722/element/487b7c94-f648-4c77-97da-19722d84ab44/clear'
08:35:37.414 [Forwarding clearElement on session e7c1df9c11f9a0a78e02e6d3b9580722 to remote] DEBUG org.asynchttpclient.netty.request.NettyRequestSender - Using open Channel [id: 0x73eb42aa, L:/127.0.0.1:60837 - R:localhost/127.0.0.1:57449] for POST '/session/e7c1df9c11f9a0a78e02e6d3b9580722/element/487b7c94-f648-4c77-97da-19722d84ab44/clear'
08:35:37.487 [AsyncHttpClient-1-15] DEBUG org.asynchttpclient.netty.handler.HttpHandler - 

Request DefaultHttpRequest(decodeResult: success, version: HTTP/1.1)
POST /session/e7c1df9c11f9a0a78e02e6d3b9580722/element/487b7c94-f648-4c77-97da-19722d84ab44/clear HTTP/1.1
User-Agent: selenium/4.1.2 (java windows)
Content-Length: 50
Content-Type: application/json; charset=utf-8
host: localhost:57449
accept: */*

Response DefaultHttpResponse(decodeResult: success, version: HTTP/1.1)
HTTP/1.1 200 OK
Content-Type: application/json; charset=utf-8
cache-control: no-cache
content-length: 14

08:35:37.487 [AsyncHttpClient-1-15] DEBUG org.asynchttpclient.netty.channel.ChannelManager - Adding key: http://localhost:57449 for channel [id: 0x73eb42aa, L:/127.0.0.1:60837 - R:localhost/127.0.0.1:57449]
08:35:37.490 [Forwarding sendKeysToElement on session e7c1df9c11f9a0a78e02e6d3b9580722 to remote] DEBUG org.asynchttpclient.netty.request.NettyRequestSender - Using pooled Channel '[id: 0x73eb42aa, L:/127.0.0.1:60837 - R:localhost/127.0.0.1:57449]' for 'POST' to 'http://localhost:57449/session/e7c1df9c11f9a0a78e02e6d3b9580722/element/487b7c94-f648-4c77-97da-19722d84ab44/value'
08:35:37.490 [Forwarding sendKeysToElement on session e7c1df9c11f9a0a78e02e6d3b9580722 to remote] DEBUG org.asynchttpclient.netty.request.NettyRequestSender - Using open Channel [id: 0x73eb42aa, L:/127.0.0.1:60837 - R:localhost/127.0.0.1:57449] for POST '/session/e7c1df9c11f9a0a78e02e6d3b9580722/element/487b7c94-f648-4c77-97da-19722d84ab44/value'
08:35:37.628 [AsyncHttpClient-1-1] DEBUG org.asynchttpclient.netty.channel.DefaultChannelPool - Entry count for : http://localhost:60838 : 1
08:35:37.698 [AsyncHttpClient-1-15] DEBUG org.asynchttpclient.netty.handler.HttpHandler - 

Request DefaultHttpRequest(decodeResult: success, version: HTTP/1.1)
POST /session/e7c1df9c11f9a0a78e02e6d3b9580722/element/487b7c94-f648-4c77-97da-19722d84ab44/value HTTP/1.1
User-Agent: selenium/4.1.2 (java windows)
Content-Length: 231
Content-Type: application/json; charset=utf-8
host: localhost:57449
accept: */*

Response DefaultHttpResponse(decodeResult: success, version: HTTP/1.1)
HTTP/1.1 200 OK
Content-Type: application/json; charset=utf-8
cache-control: no-cache
content-length: 14

08:35:37.699 [AsyncHttpClient-1-15] DEBUG org.asynchttpclient.netty.channel.ChannelManager - Adding key: http://localhost:57449 for channel [id: 0x73eb42aa, L:/127.0.0.1:60837 - R:localhost/127.0.0.1:57449]
  &amp#27;[32mAnd &amp#27;[0m&amp#27;[32mi input &amp#27;[0m&amp#27;[32m&amp#27;[1m"sonya@gmail.com"&amp#27;[0m&amp#27;[32m my email&amp#27;[0m &amp#27;[90m# starter.stepdefinitions.registerStep.iInputMyEmail(java.lang.String)&amp#27;[0m
08:35:37.709 [Forwarding screenshot on session e7c1df9c11f9a0a78e02e6d3b9580722 to remote] DEBUG org.asynchttpclient.netty.request.NettyRequestSender - Using pooled Channel '[id: 0x73eb42aa, L:/127.0.0.1:60837 - R:localhost/127.0.0.1:57449]' for 'GET' to 'http://localhost:57449/session/e7c1df9c11f9a0a78e02e6d3b9580722/screenshot'
08:35:37.709 [Forwarding screenshot on session e7c1df9c11f9a0a78e02e6d3b9580722 to remote] DEBUG org.asynchttpclient.netty.request.NettyRequestSender - Using open Channel [id: 0x73eb42aa, L:/127.0.0.1:60837 - R:localhost/127.0.0.1:57449] for GET '/session/e7c1df9c11f9a0a78e02e6d3b9580722/screenshot'
08:35:37.946 [AsyncHttpClient-1-15] DEBUG org.asynchttpclient.netty.handler.HttpHandler - 

Request DefaultFullHttpRequest(decodeResult: success, version: HTTP/1.1, content: EmptyByteBufBE)
GET /session/e7c1df9c11f9a0a78e02e6d3b9580722/screenshot HTTP/1.1
User-Agent: selenium/4.1.2 (java windows)
Cache-Control: no-cache
Content-Type: application/json; charset=utf-8
host: localhost:57449
accept: */*

Response DefaultHttpResponse(decodeResult: success, version: HTTP/1.1)
HTTP/1.1 200 OK
Content-Type: application/json; charset=utf-8
cache-control: no-cache
content-length: 53728

08:35:37.947 [AsyncHttpClient-1-15] DEBUG org.asynchttpclient.netty.channel.ChannelManager - Adding key: http://localhost:57449 for channel [id: 0x73eb42aa, L:/127.0.0.1:60837 - R:localhost/127.0.0.1:57449]
08:35:37.951 [main] DEBUG net.serenitybdd.core.photography.Darkroom - Send negative for processing for target\site\serenity\ce2fc949ad111545234db41d00434fa563f93329a9f162fc24f914dd8043c1c8.png
08:35:37.951 [Darkroom Processing Line] DEBUG net.serenitybdd.core.photography.DarkroomProcessingLine - Processing screenshot image in /var/screenshots/screenshot-7247497865104556790
08:35:37.951 [Darkroom Processing Line] DEBUG net.serenitybdd.core.photography.DarkroomProcessingLine - Saving screenshot to target\site\serenity\ce2fc949ad111545234db41d00434fa563f93329a9f162fc24f914dd8043c1c8.png
08:35:37.964 [Forwarding findElement on session e7c1df9c11f9a0a78e02e6d3b9580722 to remote] DEBUG org.asynchttpclient.netty.request.NettyRequestSender - Using pooled Channel '[id: 0x73eb42aa, L:/127.0.0.1:60837 - R:localhost/127.0.0.1:57449]' for 'POST' to 'http://localhost:57449/session/e7c1df9c11f9a0a78e02e6d3b9580722/element'
08:35:37.964 [Forwarding findElement on session e7c1df9c11f9a0a78e02e6d3b9580722 to remote] DEBUG org.asynchttpclient.netty.request.NettyRequestSender - Using open Channel [id: 0x73eb42aa, L:/127.0.0.1:60837 - R:localhost/127.0.0.1:57449] for POST '/session/e7c1df9c11f9a0a78e02e6d3b9580722/element'
08:35:37.981 [AsyncHttpClient-1-15] DEBUG org.asynchttpclient.netty.handler.HttpHandler - 

Request DefaultHttpRequest(decodeResult: success, version: HTTP/1.1)
POST /session/e7c1df9c11f9a0a78e02e6d3b9580722/element HTTP/1.1
User-Agent: selenium/4.1.2 (java windows)
Content-Length: 89
Content-Type: application/json; charset=utf-8
host: localhost:57449
accept: */*

Response DefaultHttpResponse(decodeResult: success, version: HTTP/1.1)
HTTP/1.1 200 OK
Content-Type: application/json; charset=utf-8
cache-control: no-cache
content-length: 88

08:35:37.981 [AsyncHttpClient-1-15] DEBUG org.asynchttpclient.netty.channel.ChannelManager - Adding key: http://localhost:57449 for channel [id: 0x73eb42aa, L:/127.0.0.1:60837 - R:localhost/127.0.0.1:57449]
08:35:37.983 [Forwarding clearElement on session e7c1df9c11f9a0a78e02e6d3b9580722 to remote] DEBUG org.asynchttpclient.netty.request.NettyRequestSender - Using pooled Channel '[id: 0x73eb42aa, L:/127.0.0.1:60837 - R:localhost/127.0.0.1:57449]' for 'POST' to 'http://localhost:57449/session/e7c1df9c11f9a0a78e02e6d3b9580722/element/dac5b990-e1f4-44a8-9ab4-42f8706a1760/clear'
08:35:37.983 [Forwarding clearElement on session e7c1df9c11f9a0a78e02e6d3b9580722 to remote] DEBUG org.asynchttpclient.netty.request.NettyRequestSender - Using open Channel [id: 0x73eb42aa, L:/127.0.0.1:60837 - R:localhost/127.0.0.1:57449] for POST '/session/e7c1df9c11f9a0a78e02e6d3b9580722/element/dac5b990-e1f4-44a8-9ab4-42f8706a1760/clear'
08:35:38.036 [AsyncHttpClient-1-15] DEBUG org.asynchttpclient.netty.handler.HttpHandler - 

Request DefaultHttpRequest(decodeResult: success, version: HTTP/1.1)
POST /session/e7c1df9c11f9a0a78e02e6d3b9580722/element/dac5b990-e1f4-44a8-9ab4-42f8706a1760/clear HTTP/1.1
User-Agent: selenium/4.1.2 (java windows)
Content-Length: 50
Content-Type: application/json; charset=utf-8
host: localhost:57449
accept: */*

Response DefaultHttpResponse(decodeResult: success, version: HTTP/1.1)
HTTP/1.1 200 OK
Content-Type: application/json; charset=utf-8
cache-control: no-cache
content-length: 14

08:35:38.036 [AsyncHttpClient-1-15] DEBUG org.asynchttpclient.netty.channel.ChannelManager - Adding key: http://localhost:57449 for channel [id: 0x73eb42aa, L:/127.0.0.1:60837 - R:localhost/127.0.0.1:57449]
08:35:38.039 [Forwarding sendKeysToElement on session e7c1df9c11f9a0a78e02e6d3b9580722 to remote] DEBUG org.asynchttpclient.netty.request.NettyRequestSender - Using pooled Channel '[id: 0x73eb42aa, L:/127.0.0.1:60837 - R:localhost/127.0.0.1:57449]' for 'POST' to 'http://localhost:57449/session/e7c1df9c11f9a0a78e02e6d3b9580722/element/dac5b990-e1f4-44a8-9ab4-42f8706a1760/value'
08:35:38.039 [Forwarding sendKeysToElement on session e7c1df9c11f9a0a78e02e6d3b9580722 to remote] DEBUG org.asynchttpclient.netty.request.NettyRequestSender - Using open Channel [id: 0x73eb42aa, L:/127.0.0.1:60837 - R:localhost/127.0.0.1:57449] for POST '/session/e7c1df9c11f9a0a78e02e6d3b9580722/element/dac5b990-e1f4-44a8-9ab4-42f8706a1760/value'
08:35:38.141 [AsyncHttpClient-1-15] DEBUG org.asynchttpclient.netty.handler.HttpHandler - 

Request DefaultHttpRequest(decodeResult: success, version: HTTP/1.1)
POST /session/e7c1df9c11f9a0a78e02e6d3b9580722/element/dac5b990-e1f4-44a8-9ab4-42f8706a1760/value HTTP/1.1
User-Agent: selenium/4.1.2 (java windows)
Content-Length: 131
Content-Type: application/json; charset=utf-8
host: localhost:57449
accept: */*

Response DefaultHttpResponse(decodeResult: success, version: HTTP/1.1)
HTTP/1.1 200 OK
Content-Type: application/json; charset=utf-8
cache-control: no-cache
content-length: 14

08:35:38.142 [AsyncHttpClient-1-15] DEBUG org.asynchttpclient.netty.channel.ChannelManager - Adding key: http://localhost:57449 for channel [id: 0x73eb42aa, L:/127.0.0.1:60837 - R:localhost/127.0.0.1:57449]
08:35:38.148 [Forwarding findElement on session e7c1df9c11f9a0a78e02e6d3b9580722 to remote] DEBUG org.asynchttpclient.netty.request.NettyRequestSender - Using pooled Channel '[id: 0x73eb42aa, L:/127.0.0.1:60837 - R:localhost/127.0.0.1:57449]' for 'POST' to 'http://localhost:57449/session/e7c1df9c11f9a0a78e02e6d3b9580722/element'
08:35:38.148 [Forwarding findElement on session e7c1df9c11f9a0a78e02e6d3b9580722 to remote] DEBUG org.asynchttpclient.netty.request.NettyRequestSender - Using open Channel [id: 0x73eb42aa, L:/127.0.0.1:60837 - R:localhost/127.0.0.1:57449] for POST '/session/e7c1df9c11f9a0a78e02e6d3b9580722/element'
08:35:38.160 [AsyncHttpClient-1-15] DEBUG org.asynchttpclient.netty.handler.HttpHandler - 

Request DefaultHttpRequest(decodeResult: success, version: HTTP/1.1)
POST /session/e7c1df9c11f9a0a78e02e6d3b9580722/element HTTP/1.1
User-Agent: selenium/4.1.2 (java windows)
Content-Length: 89
Content-Type: application/json; charset=utf-8
host: localhost:57449
accept: */*

Response DefaultHttpResponse(decodeResult: success, version: HTTP/1.1)
HTTP/1.1 200 OK
Content-Type: application/json; charset=utf-8
cache-control: no-cache
content-length: 88

08:35:38.160 [AsyncHttpClient-1-15] DEBUG org.asynchttpclient.netty.channel.ChannelManager - Adding key: http://localhost:57449 for channel [id: 0x73eb42aa, L:/127.0.0.1:60837 - R:localhost/127.0.0.1:57449]
08:35:38.164 [Forwarding clearElement on session e7c1df9c11f9a0a78e02e6d3b9580722 to remote] DEBUG org.asynchttpclient.netty.request.NettyRequestSender - Using pooled Channel '[id: 0x73eb42aa, L:/127.0.0.1:60837 - R:localhost/127.0.0.1:57449]' for 'POST' to 'http://localhost:57449/session/e7c1df9c11f9a0a78e02e6d3b9580722/element/dac5b990-e1f4-44a8-9ab4-42f8706a1760/clear'
08:35:38.164 [Forwarding clearElement on session e7c1df9c11f9a0a78e02e6d3b9580722 to remote] DEBUG org.asynchttpclient.netty.request.NettyRequestSender - Using open Channel [id: 0x73eb42aa, L:/127.0.0.1:60837 - R:localhost/127.0.0.1:57449] for POST '/session/e7c1df9c11f9a0a78e02e6d3b9580722/element/dac5b990-e1f4-44a8-9ab4-42f8706a1760/clear'
08:35:38.201 [AsyncHttpClient-1-15] DEBUG org.asynchttpclient.netty.handler.HttpHandler - 

Request DefaultHttpRequest(decodeResult: success, version: HTTP/1.1)
POST /session/e7c1df9c11f9a0a78e02e6d3b9580722/element/dac5b990-e1f4-44a8-9ab4-42f8706a1760/clear HTTP/1.1
User-Agent: selenium/4.1.2 (java windows)
Content-Length: 50
Content-Type: application/json; charset=utf-8
host: localhost:57449
accept: */*

Response DefaultHttpResponse(decodeResult: success, version: HTTP/1.1)
HTTP/1.1 200 OK
Content-Type: application/json; charset=utf-8
cache-control: no-cache
content-length: 14

08:35:38.201 [AsyncHttpClient-1-15] DEBUG org.asynchttpclient.netty.channel.ChannelManager - Adding key: http://localhost:57449 for channel [id: 0x73eb42aa, L:/127.0.0.1:60837 - R:localhost/127.0.0.1:57449]
08:35:38.204 [Forwarding sendKeysToElement on session e7c1df9c11f9a0a78e02e6d3b9580722 to remote] DEBUG org.asynchttpclient.netty.request.NettyRequestSender - Using pooled Channel '[id: 0x73eb42aa, L:/127.0.0.1:60837 - R:localhost/127.0.0.1:57449]' for 'POST' to 'http://localhost:57449/session/e7c1df9c11f9a0a78e02e6d3b9580722/element/dac5b990-e1f4-44a8-9ab4-42f8706a1760/value'
08:35:38.204 [Forwarding sendKeysToElement on session e7c1df9c11f9a0a78e02e6d3b9580722 to remote] DEBUG org.asynchttpclient.netty.request.NettyRequestSender - Using open Channel [id: 0x73eb42aa, L:/127.0.0.1:60837 - R:localhost/127.0.0.1:57449] for POST '/session/e7c1df9c11f9a0a78e02e6d3b9580722/element/dac5b990-e1f4-44a8-9ab4-42f8706a1760/value'
08:35:38.287 [AsyncHttpClient-1-15] DEBUG org.asynchttpclient.netty.handler.HttpHandler - 

Request DefaultHttpRequest(decodeResult: success, version: HTTP/1.1)
POST /session/e7c1df9c11f9a0a78e02e6d3b9580722/element/dac5b990-e1f4-44a8-9ab4-42f8706a1760/value HTTP/1.1
User-Agent: selenium/4.1.2 (java windows)
Content-Length: 131
Content-Type: application/json; charset=utf-8
host: localhost:57449
accept: */*

Response DefaultHttpResponse(decodeResult: success, version: HTTP/1.1)
HTTP/1.1 200 OK
Content-Type: application/json; charset=utf-8
cache-control: no-cache
content-length: 14

08:35:38.288 [AsyncHttpClient-1-15] DEBUG org.asynchttpclient.netty.channel.ChannelManager - Adding key: http://localhost:57449 for channel [id: 0x73eb42aa, L:/127.0.0.1:60837 - R:localhost/127.0.0.1:57449]
  &amp#27;[32mAnd &amp#27;[0m&amp#27;[32mi input &amp#27;[0m&amp#27;[32m&amp#27;[1m"sonya"&amp#27;[0m&amp#27;[32m my password&amp#27;[0m        &amp#27;[90m# starter.stepdefinitions.registerStep.iInputMyPassword(java.lang.String)&amp#27;[0m
08:35:38.298 [Forwarding screenshot on session e7c1df9c11f9a0a78e02e6d3b9580722 to remote] DEBUG org.asynchttpclient.netty.request.NettyRequestSender - Using pooled Channel '[id: 0x73eb42aa, L:/127.0.0.1:60837 - R:localhost/127.0.0.1:57449]' for 'GET' to 'http://localhost:57449/session/e7c1df9c11f9a0a78e02e6d3b9580722/screenshot'
08:35:38.298 [Forwarding screenshot on session e7c1df9c11f9a0a78e02e6d3b9580722 to remote] DEBUG org.asynchttpclient.netty.request.NettyRequestSender - Using open Channel [id: 0x73eb42aa, L:/127.0.0.1:60837 - R:localhost/127.0.0.1:57449] for GET '/session/e7c1df9c11f9a0a78e02e6d3b9580722/screenshot'
08:35:38.524 [AsyncHttpClient-1-15] DEBUG org.asynchttpclient.netty.handler.HttpHandler - 

Request DefaultFullHttpRequest(decodeResult: success, version: HTTP/1.1, content: EmptyByteBufBE)
GET /session/e7c1df9c11f9a0a78e02e6d3b9580722/screenshot HTTP/1.1
User-Agent: selenium/4.1.2 (java windows)
Cache-Control: no-cache
Content-Type: application/json; charset=utf-8
host: localhost:57449
accept: */*

Response DefaultHttpResponse(decodeResult: success, version: HTTP/1.1)
HTTP/1.1 200 OK
Content-Type: application/json; charset=utf-8
cache-control: no-cache
content-length: 56588

08:35:38.525 [AsyncHttpClient-1-15] DEBUG org.asynchttpclient.netty.channel.ChannelManager - Adding key: http://localhost:57449 for channel [id: 0x73eb42aa, L:/127.0.0.1:60837 - R:localhost/127.0.0.1:57449]
08:35:38.528 [main] DEBUG net.serenitybdd.core.photography.Darkroom - Send negative for processing for target\site\serenity\a3c6426bc88fb1bd08c1e988e9933eaaf68a84a3679ef06195dd4971af3044f7.png
08:35:38.530 [Darkroom Processing Line] DEBUG net.serenitybdd.core.photography.DarkroomProcessingLine - Processing screenshot image in /var/screenshots/screenshot-11843761886202332699
08:35:38.530 [Darkroom Processing Line] DEBUG net.serenitybdd.core.photography.DarkroomProcessingLine - Saving screenshot to target\site\serenity\a3c6426bc88fb1bd08c1e988e9933eaaf68a84a3679ef06195dd4971af3044f7.png
08:35:38.542 [Forwarding findElement on session e7c1df9c11f9a0a78e02e6d3b9580722 to remote] DEBUG org.asynchttpclient.netty.request.NettyRequestSender - Using pooled Channel '[id: 0x73eb42aa, L:/127.0.0.1:60837 - R:localhost/127.0.0.1:57449]' for 'POST' to 'http://localhost:57449/session/e7c1df9c11f9a0a78e02e6d3b9580722/element'
08:35:38.542 [Forwarding findElement on session e7c1df9c11f9a0a78e02e6d3b9580722 to remote] DEBUG org.asynchttpclient.netty.request.NettyRequestSender - Using open Channel [id: 0x73eb42aa, L:/127.0.0.1:60837 - R:localhost/127.0.0.1:57449] for POST '/session/e7c1df9c11f9a0a78e02e6d3b9580722/element'
08:35:38.558 [AsyncHttpClient-1-15] DEBUG org.asynchttpclient.netty.handler.HttpHandler - 

Request DefaultHttpRequest(decodeResult: success, version: HTTP/1.1)
POST /session/e7c1df9c11f9a0a78e02e6d3b9580722/element HTTP/1.1
User-Agent: selenium/4.1.2 (java windows)
Content-Length: 75
Content-Type: application/json; charset=utf-8
host: localhost:57449
accept: */*

Response DefaultHttpResponse(decodeResult: success, version: HTTP/1.1)
HTTP/1.1 200 OK
Content-Type: application/json; charset=utf-8
cache-control: no-cache
content-length: 88

08:35:38.558 [AsyncHttpClient-1-15] DEBUG org.asynchttpclient.netty.channel.ChannelManager - Adding key: http://localhost:57449 for channel [id: 0x73eb42aa, L:/127.0.0.1:60837 - R:localhost/127.0.0.1:57449]
08:35:38.560 [Forwarding getElementTagName on session e7c1df9c11f9a0a78e02e6d3b9580722 to remote] DEBUG org.asynchttpclient.netty.request.NettyRequestSender - Using pooled Channel '[id: 0x73eb42aa, L:/127.0.0.1:60837 - R:localhost/127.0.0.1:57449]' for 'GET' to 'http://localhost:57449/session/e7c1df9c11f9a0a78e02e6d3b9580722/element/72173df3-cec1-4559-8a1a-3d88aa50eef5/name'
08:35:38.560 [Forwarding getElementTagName on session e7c1df9c11f9a0a78e02e6d3b9580722 to remote] DEBUG org.asynchttpclient.netty.request.NettyRequestSender - Using open Channel [id: 0x73eb42aa, L:/127.0.0.1:60837 - R:localhost/127.0.0.1:57449] for GET '/session/e7c1df9c11f9a0a78e02e6d3b9580722/element/72173df3-cec1-4559-8a1a-3d88aa50eef5/name'
08:35:38.570 [AsyncHttpClient-1-15] DEBUG org.asynchttpclient.netty.handler.HttpHandler - 

Request DefaultFullHttpRequest(decodeResult: success, version: HTTP/1.1, content: EmptyByteBufBE)
GET /session/e7c1df9c11f9a0a78e02e6d3b9580722/element/72173df3-cec1-4559-8a1a-3d88aa50eef5/name HTTP/1.1
User-Agent: selenium/4.1.2 (java windows)
Cache-Control: no-cache
Content-Type: application/json; charset=utf-8
host: localhost:57449
accept: */*

Response DefaultHttpResponse(decodeResult: success, version: HTTP/1.1)
HTTP/1.1 200 OK
Content-Type: application/json; charset=utf-8
cache-control: no-cache
content-length: 18

08:35:38.571 [AsyncHttpClient-1-15] DEBUG org.asynchttpclient.netty.channel.ChannelManager - Adding key: http://localhost:57449 for channel [id: 0x73eb42aa, L:/127.0.0.1:60837 - R:localhost/127.0.0.1:57449]
08:35:38.572 [Forwarding getElementTagName on session e7c1df9c11f9a0a78e02e6d3b9580722 to remote] DEBUG org.asynchttpclient.netty.request.NettyRequestSender - Using pooled Channel '[id: 0x73eb42aa, L:/127.0.0.1:60837 - R:localhost/127.0.0.1:57449]' for 'GET' to 'http://localhost:57449/session/e7c1df9c11f9a0a78e02e6d3b9580722/element/72173df3-cec1-4559-8a1a-3d88aa50eef5/name'
08:35:38.573 [Forwarding getElementTagName on session e7c1df9c11f9a0a78e02e6d3b9580722 to remote] DEBUG org.asynchttpclient.netty.request.NettyRequestSender - Using open Channel [id: 0x73eb42aa, L:/127.0.0.1:60837 - R:localhost/127.0.0.1:57449] for GET '/session/e7c1df9c11f9a0a78e02e6d3b9580722/element/72173df3-cec1-4559-8a1a-3d88aa50eef5/name'
08:35:38.578 [AsyncHttpClient-1-15] DEBUG org.asynchttpclient.netty.handler.HttpHandler - 

Request DefaultFullHttpRequest(decodeResult: success, version: HTTP/1.1, content: EmptyByteBufBE)
GET /session/e7c1df9c11f9a0a78e02e6d3b9580722/element/72173df3-cec1-4559-8a1a-3d88aa50eef5/name HTTP/1.1
User-Agent: selenium/4.1.2 (java windows)
Cache-Control: no-cache
Content-Type: application/json; charset=utf-8
host: localhost:57449
accept: */*

Response DefaultHttpResponse(decodeResult: success, version: HTTP/1.1)
HTTP/1.1 200 OK
Content-Type: application/json; charset=utf-8
cache-control: no-cache
content-length: 18

08:35:38.579 [AsyncHttpClient-1-15] DEBUG org.asynchttpclient.netty.channel.ChannelManager - Adding key: http://localhost:57449 for channel [id: 0x73eb42aa, L:/127.0.0.1:60837 - R:localhost/127.0.0.1:57449]
08:35:38.583 [Forwarding isElementEnabled on session e7c1df9c11f9a0a78e02e6d3b9580722 to remote] DEBUG org.asynchttpclient.netty.request.NettyRequestSender - Using pooled Channel '[id: 0x73eb42aa, L:/127.0.0.1:60837 - R:localhost/127.0.0.1:57449]' for 'GET' to 'http://localhost:57449/session/e7c1df9c11f9a0a78e02e6d3b9580722/element/72173df3-cec1-4559-8a1a-3d88aa50eef5/enabled'
08:35:38.583 [Forwarding isElementEnabled on session e7c1df9c11f9a0a78e02e6d3b9580722 to remote] DEBUG org.asynchttpclient.netty.request.NettyRequestSender - Using open Channel [id: 0x73eb42aa, L:/127.0.0.1:60837 - R:localhost/127.0.0.1:57449] for GET '/session/e7c1df9c11f9a0a78e02e6d3b9580722/element/72173df3-cec1-4559-8a1a-3d88aa50eef5/enabled'
08:35:38.597 [AsyncHttpClient-1-15] DEBUG org.asynchttpclient.netty.handler.HttpHandler - 

Request DefaultFullHttpRequest(decodeResult: success, version: HTTP/1.1, content: EmptyByteBufBE)
GET /session/e7c1df9c11f9a0a78e02e6d3b9580722/element/72173df3-cec1-4559-8a1a-3d88aa50eef5/enabled HTTP/1.1
User-Agent: selenium/4.1.2 (java windows)
Cache-Control: no-cache
Content-Type: application/json; charset=utf-8
host: localhost:57449
accept: */*

Response DefaultHttpResponse(decodeResult: success, version: HTTP/1.1)
HTTP/1.1 200 OK
Content-Type: application/json; charset=utf-8
cache-control: no-cache
content-length: 14

08:35:38.597 [AsyncHttpClient-1-15] DEBUG org.asynchttpclient.netty.channel.ChannelManager - Adding key: http://localhost:57449 for channel [id: 0x73eb42aa, L:/127.0.0.1:60837 - R:localhost/127.0.0.1:57449]
08:35:38.601 [Forwarding isElementEnabled on session e7c1df9c11f9a0a78e02e6d3b9580722 to remote] DEBUG org.asynchttpclient.netty.request.NettyRequestSender - Using pooled Channel '[id: 0x73eb42aa, L:/127.0.0.1:60837 - R:localhost/127.0.0.1:57449]' for 'GET' to 'http://localhost:57449/session/e7c1df9c11f9a0a78e02e6d3b9580722/element/72173df3-cec1-4559-8a1a-3d88aa50eef5/enabled'
08:35:38.601 [Forwarding isElementEnabled on session e7c1df9c11f9a0a78e02e6d3b9580722 to remote] DEBUG org.asynchttpclient.netty.request.NettyRequestSender - Using open Channel [id: 0x73eb42aa, L:/127.0.0.1:60837 - R:localhost/127.0.0.1:57449] for GET '/session/e7c1df9c11f9a0a78e02e6d3b9580722/element/72173df3-cec1-4559-8a1a-3d88aa50eef5/enabled'
08:35:38.610 [AsyncHttpClient-1-15] DEBUG org.asynchttpclient.netty.handler.HttpHandler - 

Request DefaultFullHttpRequest(decodeResult: success, version: HTTP/1.1, content: EmptyByteBufBE)
GET /session/e7c1df9c11f9a0a78e02e6d3b9580722/element/72173df3-cec1-4559-8a1a-3d88aa50eef5/enabled HTTP/1.1
User-Agent: selenium/4.1.2 (java windows)
Cache-Control: no-cache
Content-Type: application/json; charset=utf-8
host: localhost:57449
accept: */*

Response DefaultHttpResponse(decodeResult: success, version: HTTP/1.1)
HTTP/1.1 200 OK
Content-Type: application/json; charset=utf-8
cache-control: no-cache
content-length: 14

08:35:38.611 [AsyncHttpClient-1-15] DEBUG org.asynchttpclient.netty.channel.ChannelManager - Adding key: http://localhost:57449 for channel [id: 0x73eb42aa, L:/127.0.0.1:60837 - R:localhost/127.0.0.1:57449]
08:35:38.616 [Forwarding findElement on session e7c1df9c11f9a0a78e02e6d3b9580722 to remote] DEBUG org.asynchttpclient.netty.request.NettyRequestSender - Using pooled Channel '[id: 0x73eb42aa, L:/127.0.0.1:60837 - R:localhost/127.0.0.1:57449]' for 'POST' to 'http://localhost:57449/session/e7c1df9c11f9a0a78e02e6d3b9580722/element'
08:35:38.616 [Forwarding findElement on session e7c1df9c11f9a0a78e02e6d3b9580722 to remote] DEBUG org.asynchttpclient.netty.request.NettyRequestSender - Using open Channel [id: 0x73eb42aa, L:/127.0.0.1:60837 - R:localhost/127.0.0.1:57449] for POST '/session/e7c1df9c11f9a0a78e02e6d3b9580722/element'
08:35:38.629 [AsyncHttpClient-1-15] DEBUG org.asynchttpclient.netty.handler.HttpHandler - 

Request DefaultHttpRequest(decodeResult: success, version: HTTP/1.1)
POST /session/e7c1df9c11f9a0a78e02e6d3b9580722/element HTTP/1.1
User-Agent: selenium/4.1.2 (java windows)
Content-Length: 75
Content-Type: application/json; charset=utf-8
host: localhost:57449
accept: */*

Response DefaultHttpResponse(decodeResult: success, version: HTTP/1.1)
HTTP/1.1 200 OK
Content-Type: application/json; charset=utf-8
cache-control: no-cache
content-length: 88

08:35:38.629 [AsyncHttpClient-1-15] DEBUG org.asynchttpclient.netty.channel.ChannelManager - Adding key: http://localhost:57449 for channel [id: 0x73eb42aa, L:/127.0.0.1:60837 - R:localhost/127.0.0.1:57449]
08:35:38.631 [Forwarding clickElement on session e7c1df9c11f9a0a78e02e6d3b9580722 to remote] DEBUG org.asynchttpclient.netty.request.NettyRequestSender - Using pooled Channel '[id: 0x73eb42aa, L:/127.0.0.1:60837 - R:localhost/127.0.0.1:57449]' for 'POST' to 'http://localhost:57449/session/e7c1df9c11f9a0a78e02e6d3b9580722/element/72173df3-cec1-4559-8a1a-3d88aa50eef5/click'
08:35:38.631 [Forwarding clickElement on session e7c1df9c11f9a0a78e02e6d3b9580722 to remote] DEBUG org.asynchttpclient.netty.request.NettyRequestSender - Using open Channel [id: 0x73eb42aa, L:/127.0.0.1:60837 - R:localhost/127.0.0.1:57449] for POST '/session/e7c1df9c11f9a0a78e02e6d3b9580722/element/72173df3-cec1-4559-8a1a-3d88aa50eef5/click'
08:35:38.698 [AsyncHttpClient-1-15] DEBUG org.asynchttpclient.netty.handler.HttpHandler - 

Request DefaultHttpRequest(decodeResult: success, version: HTTP/1.1)
POST /session/e7c1df9c11f9a0a78e02e6d3b9580722/element/72173df3-cec1-4559-8a1a-3d88aa50eef5/click HTTP/1.1
User-Agent: selenium/4.1.2 (java windows)
Content-Length: 50
Content-Type: application/json; charset=utf-8
host: localhost:57449
accept: */*

Response DefaultHttpResponse(decodeResult: success, version: HTTP/1.1)
HTTP/1.1 200 OK
Content-Type: application/json; charset=utf-8
cache-control: no-cache
content-length: 14

08:35:38.699 [AsyncHttpClient-1-15] DEBUG org.asynchttpclient.netty.channel.ChannelManager - Adding key: http://localhost:57449 for channel [id: 0x73eb42aa, L:/127.0.0.1:60837 - R:localhost/127.0.0.1:57449]
  &amp#27;[32mAnd &amp#27;[0m&amp#27;[32mi click register button&amp#27;[0m            &amp#27;[90m# starter.stepdefinitions.registerStep.iClickRegisterButton()&amp#27;[0m
08:35:38.707 [Forwarding screenshot on session e7c1df9c11f9a0a78e02e6d3b9580722 to remote] DEBUG org.asynchttpclient.netty.request.NettyRequestSender - Using pooled Channel '[id: 0x73eb42aa, L:/127.0.0.1:60837 - R:localhost/127.0.0.1:57449]' for 'GET' to 'http://localhost:57449/session/e7c1df9c11f9a0a78e02e6d3b9580722/screenshot'
08:35:38.708 [Forwarding screenshot on session e7c1df9c11f9a0a78e02e6d3b9580722 to remote] DEBUG org.asynchttpclient.netty.request.NettyRequestSender - Using open Channel [id: 0x73eb42aa, L:/127.0.0.1:60837 - R:localhost/127.0.0.1:57449] for GET '/session/e7c1df9c11f9a0a78e02e6d3b9580722/screenshot'
08:35:38.727 [AsyncHttpClient-1-1] DEBUG org.asynchttpclient.netty.channel.DefaultChannelPool - Entry count for : http://localhost:60838 : 1
08:35:39.117 [AsyncHttpClient-1-15] DEBUG org.asynchttpclient.netty.handler.HttpHandler - 

Request DefaultFullHttpRequest(decodeResult: success, version: HTTP/1.1, content: EmptyByteBufBE)
GET /session/e7c1df9c11f9a0a78e02e6d3b9580722/screenshot HTTP/1.1
User-Agent: selenium/4.1.2 (java windows)
Cache-Control: no-cache
Content-Type: application/json; charset=utf-8
host: localhost:57449
accept: */*

Response DefaultHttpResponse(decodeResult: success, version: HTTP/1.1)
HTTP/1.1 200 OK
Content-Type: application/json; charset=utf-8
cache-control: no-cache
content-length: 56224

08:35:39.118 [AsyncHttpClient-1-15] DEBUG org.asynchttpclient.netty.channel.ChannelManager - Adding key: http://localhost:57449 for channel [id: 0x73eb42aa, L:/127.0.0.1:60837 - R:localhost/127.0.0.1:57449]
08:35:39.123 [main] DEBUG net.serenitybdd.core.photography.Darkroom - Send negative for processing for target\site\serenity\dc32e47c9d7cb5d2b2bd0d7f8cc591f1d6c223281d926f0076027974ae8b68a9.png
08:35:39.123 [Darkroom Processing Line] DEBUG net.serenitybdd.core.photography.DarkroomProcessingLine - Processing screenshot image in /var/screenshots/screenshot-18139629512295079841
08:35:39.123 [Darkroom Processing Line] DEBUG net.serenitybdd.core.photography.DarkroomProcessingLine - Saving screenshot to target\site\serenity\dc32e47c9d7cb5d2b2bd0d7f8cc591f1d6c223281d926f0076027974ae8b68a9.png
08:35:39.138 [Forwarding findElement on session e7c1df9c11f9a0a78e02e6d3b9580722 to remote] DEBUG org.asynchttpclient.netty.request.NettyRequestSender - Using pooled Channel '[id: 0x73eb42aa, L:/127.0.0.1:60837 - R:localhost/127.0.0.1:57449]' for 'POST' to 'http://localhost:57449/session/e7c1df9c11f9a0a78e02e6d3b9580722/element'
08:35:39.138 [Forwarding findElement on session e7c1df9c11f9a0a78e02e6d3b9580722 to remote] DEBUG org.asynchttpclient.netty.request.NettyRequestSender - Using open Channel [id: 0x73eb42aa, L:/127.0.0.1:60837 - R:localhost/127.0.0.1:57449] for POST '/session/e7c1df9c11f9a0a78e02e6d3b9580722/element'
08:35:39.150 [AsyncHttpClient-1-15] DEBUG org.asynchttpclient.netty.handler.HttpHandler - 

Request DefaultHttpRequest(decodeResult: success, version: HTTP/1.1)
POST /session/e7c1df9c11f9a0a78e02e6d3b9580722/element HTTP/1.1
User-Agent: selenium/4.1.2 (java windows)
Content-Length: 86
Content-Type: application/json; charset=utf-8
host: localhost:57449
accept: */*

Response DefaultHttpResponse(decodeResult: success, version: HTTP/1.1)
HTTP/1.1 200 OK
Content-Type: application/json; charset=utf-8
cache-control: no-cache
content-length: 88

08:35:39.150 [AsyncHttpClient-1-15] DEBUG org.asynchttpclient.netty.channel.ChannelManager - Adding key: http://localhost:57449 for channel [id: 0x73eb42aa, L:/127.0.0.1:60837 - R:localhost/127.0.0.1:57449]
08:35:39.158 [Forwarding isElementDisplayed on session e7c1df9c11f9a0a78e02e6d3b9580722 to remote] DEBUG org.asynchttpclient.netty.request.NettyRequestSender - Using pooled Channel '[id: 0x73eb42aa, L:/127.0.0.1:60837 - R:localhost/127.0.0.1:57449]' for 'POST' to 'http://localhost:57449/session/e7c1df9c11f9a0a78e02e6d3b9580722/execute/sync'
08:35:39.158 [Forwarding isElementDisplayed on session e7c1df9c11f9a0a78e02e6d3b9580722 to remote] DEBUG org.asynchttpclient.netty.request.NettyRequestSender - Using open Channel [id: 0x73eb42aa, L:/127.0.0.1:60837 - R:localhost/127.0.0.1:57449] for POST '/session/e7c1df9c11f9a0a78e02e6d3b9580722/execute/sync'
08:35:39.189 [AsyncHttpClient-1-15] DEBUG org.asynchttpclient.netty.handler.HttpHandler - 

Request DefaultHttpRequest(decodeResult: success, version: HTTP/1.1)
POST /session/e7c1df9c11f9a0a78e02e6d3b9580722/execute/sync HTTP/1.1
User-Agent: selenium/4.1.2 (java windows)
Content-Length: 48780
Content-Type: application/json; charset=utf-8
host: localhost:57449
accept: */*

Response DefaultHttpResponse(decodeResult: success, version: HTTP/1.1)
HTTP/1.1 200 OK
Content-Type: application/json; charset=utf-8
cache-control: no-cache
content-length: 14

08:35:39.189 [AsyncHttpClient-1-15] DEBUG org.asynchttpclient.netty.channel.ChannelManager - Adding key: http://localhost:57449 for channel [id: 0x73eb42aa, L:/127.0.0.1:60837 - R:localhost/127.0.0.1:57449]
08:35:39.192 [Forwarding findElement on session e7c1df9c11f9a0a78e02e6d3b9580722 to remote] DEBUG org.asynchttpclient.netty.request.NettyRequestSender - Using pooled Channel '[id: 0x73eb42aa, L:/127.0.0.1:60837 - R:localhost/127.0.0.1:57449]' for 'POST' to 'http://localhost:57449/session/e7c1df9c11f9a0a78e02e6d3b9580722/element'
08:35:39.192 [Forwarding findElement on session e7c1df9c11f9a0a78e02e6d3b9580722 to remote] DEBUG org.asynchttpclient.netty.request.NettyRequestSender - Using open Channel [id: 0x73eb42aa, L:/127.0.0.1:60837 - R:localhost/127.0.0.1:57449] for POST '/session/e7c1df9c11f9a0a78e02e6d3b9580722/element'
08:35:39.215 [AsyncHttpClient-1-15] DEBUG org.asynchttpclient.netty.handler.HttpHandler - 

Request DefaultHttpRequest(decodeResult: success, version: HTTP/1.1)
POST /session/e7c1df9c11f9a0a78e02e6d3b9580722/element HTTP/1.1
User-Agent: selenium/4.1.2 (java windows)
Content-Length: 149
Content-Type: application/json; charset=utf-8
host: localhost:57449
accept: */*

Response DefaultHttpResponse(decodeResult: success, version: HTTP/1.1)
HTTP/1.1 200 OK
Content-Type: application/json; charset=utf-8
cache-control: no-cache
content-length: 88

08:35:39.215 [AsyncHttpClient-1-15] DEBUG org.asynchttpclient.netty.channel.ChannelManager - Adding key: http://localhost:57449 for channel [id: 0x73eb42aa, L:/127.0.0.1:60837 - R:localhost/127.0.0.1:57449]
08:35:39.222 [Forwarding isElementDisplayed on session e7c1df9c11f9a0a78e02e6d3b9580722 to remote] DEBUG org.asynchttpclient.netty.request.NettyRequestSender - Using pooled Channel '[id: 0x73eb42aa, L:/127.0.0.1:60837 - R:localhost/127.0.0.1:57449]' for 'POST' to 'http://localhost:57449/session/e7c1df9c11f9a0a78e02e6d3b9580722/execute/sync'
08:35:39.222 [Forwarding isElementDisplayed on session e7c1df9c11f9a0a78e02e6d3b9580722 to remote] DEBUG org.asynchttpclient.netty.request.NettyRequestSender - Using open Channel [id: 0x73eb42aa, L:/127.0.0.1:60837 - R:localhost/127.0.0.1:57449] for POST '/session/e7c1df9c11f9a0a78e02e6d3b9580722/execute/sync'
08:35:39.250 [AsyncHttpClient-1-15] DEBUG org.asynchttpclient.netty.handler.HttpHandler - 

Request DefaultHttpRequest(decodeResult: success, version: HTTP/1.1)
POST /session/e7c1df9c11f9a0a78e02e6d3b9580722/execute/sync HTTP/1.1
User-Agent: selenium/4.1.2 (java windows)
Content-Length: 48780
Content-Type: application/json; charset=utf-8
host: localhost:57449
accept: */*

Response DefaultHttpResponse(decodeResult: success, version: HTTP/1.1)
HTTP/1.1 200 OK
Content-Type: application/json; charset=utf-8
cache-control: no-cache
content-length: 14

08:35:39.250 [AsyncHttpClient-1-15] DEBUG org.asynchttpclient.netty.channel.ChannelManager - Adding key: http://localhost:57449 for channel [id: 0x73eb42aa, L:/127.0.0.1:60837 - R:localhost/127.0.0.1:57449]
  &amp#27;[32mThen &amp#27;[0m&amp#27;[32mi get my &amp#27;[0m&amp#27;[32m&amp#27;[1m"Register Page"&amp#27;[0m          &amp#27;[90m# starter.stepdefinitions.registerStep.iGetMy(java.lang.String)&amp#27;[0m
08:35:39.258 [Forwarding screenshot on session e7c1df9c11f9a0a78e02e6d3b9580722 to remote] DEBUG org.asynchttpclient.netty.request.NettyRequestSender - Using pooled Channel '[id: 0x73eb42aa, L:/127.0.0.1:60837 - R:localhost/127.0.0.1:57449]' for 'GET' to 'http://localhost:57449/session/e7c1df9c11f9a0a78e02e6d3b9580722/screenshot'
08:35:39.258 [Forwarding screenshot on session e7c1df9c11f9a0a78e02e6d3b9580722 to remote] DEBUG org.asynchttpclient.netty.request.NettyRequestSender - Using open Channel [id: 0x73eb42aa, L:/127.0.0.1:60837 - R:localhost/127.0.0.1:57449] for GET '/session/e7c1df9c11f9a0a78e02e6d3b9580722/screenshot'
08:35:39.476 [AsyncHttpClient-1-15] DEBUG org.asynchttpclient.netty.handler.HttpHandler - 

Request DefaultFullHttpRequest(decodeResult: success, version: HTTP/1.1, content: EmptyByteBufBE)
GET /session/e7c1df9c11f9a0a78e02e6d3b9580722/screenshot HTTP/1.1
User-Agent: selenium/4.1.2 (java windows)
Cache-Control: no-cache
Content-Type: application/json; charset=utf-8
host: localhost:57449
accept: */*

Response DefaultHttpResponse(decodeResult: success, version: HTTP/1.1)
HTTP/1.1 200 OK
Content-Type: application/json; charset=utf-8
cache-control: no-cache
content-length: 58060

08:35:39.476 [AsyncHttpClient-1-15] DEBUG org.asynchttpclient.netty.channel.ChannelManager - Adding key: http://localhost:57449 for channel [id: 0x73eb42aa, L:/127.0.0.1:60837 - R:localhost/127.0.0.1:57449]
08:35:39.480 [main] DEBUG net.serenitybdd.core.photography.Darkroom - Send negative for processing for target\site\serenity\3b11020dfabff7dc9eb9682b5d3551928983a3bd3d7c3b73bb84cf35027d9a88.png
08:35:39.481 [Darkroom Processing Line] DEBUG net.serenitybdd.core.photography.DarkroomProcessingLine - Processing screenshot image in /var/screenshots/screenshot-4839608677553928081
08:35:39.481 [Darkroom Processing Line] DEBUG net.serenitybdd.core.photography.DarkroomProcessingLine - Saving screenshot to target\site\serenity\3b11020dfabff7dc9eb9682b5d3551928983a3bd3d7c3b73bb84cf35027d9a88.png
08:35:39.493 [AsyncHttpClient-1-17] DEBUG org.asynchttpclient.netty.handler.WebSocketHandler - Channel Closed: [id: 0x4ccabf27, L:/127.0.0.1:60847 ! R:localhost/127.0.0.1:60838] with attribute NettyResponseFuture{currentRetry=5,
	isDone=1,
	isCancelled=0,
	asyncHandler=org.asynchttpclient.ws.WebSocketUpgradeHandler@307af10c,
	nettyRequest=org.asynchttpclient.netty.request.NettyRequest@795e305,
	future=java.util.concurrent.CompletableFuture@276023f3[Completed normally],
	uri=ws://localhost:60838/devtools/browser/0a184f76-0338-4094-be82-28bb350c1ad0,
	keepAlive=true,
	redirectCount=0,
	timeoutsHolder=null,
	inAuth=0,
	touch=1652837730110}
08:35:39.494 [AsyncHttpClient-1-17] DEBUG org.asynchttpclient.netty.channel.ChannelManager - Closing Channel [id: 0x4ccabf27, L:/127.0.0.1:60847 ! R:localhost/127.0.0.1:60838] 
08:35:39.495 [Driver Command Executor] DEBUG org.asynchttpclient.netty.request.NettyRequestSender - Using pooled Channel '[id: 0x73eb42aa, L:/127.0.0.1:60837 - R:localhost/127.0.0.1:57449]' for 'DELETE' to 'http://localhost:57449/session/e7c1df9c11f9a0a78e02e6d3b9580722'
08:35:39.495 [Driver Command Executor] DEBUG org.asynchttpclient.netty.request.NettyRequestSender - Using open Channel [id: 0x73eb42aa, L:/127.0.0.1:60837 - R:localhost/127.0.0.1:57449] for DELETE '/session/e7c1df9c11f9a0a78e02e6d3b9580722'
08:35:39.548 [AsyncHttpClient-1-16] DEBUG org.asynchttpclient.netty.handler.HttpHandler - Unexpected I/O exception on channel [id: 0x45a20fa5, L:/127.0.0.1:60846 - R:localhost/127.0.0.1:60838]
java.net.SocketException: Connection reset
	at java.base/sun.nio.ch.SocketChannelImpl.throwConnectionReset(SocketChannelImpl.java:367)
	at java.base/sun.nio.ch.SocketChannelImpl.read(SocketChannelImpl.java:398)
	at io.netty.buffer.PooledByteBuf.setBytes(PooledByteBuf.java:258)
	at io.netty.buffer.AbstractByteBuf.writeBytes(AbstractByteBuf.java:1132)
	at io.netty.channel.socket.nio.NioSocketChannel.doReadBytes(NioSocketChannel.java:350)
	at io.netty.channel.nio.AbstractNioByteChannel$NioByteUnsafe.read(AbstractNioByteChannel.java:151)
	at io.netty.channel.nio.NioEventLoop.processSelectedKey(NioEventLoop.java:722)
	at io.netty.channel.nio.NioEventLoop.processSelectedKeysOptimized(NioEventLoop.java:658)
	at io.netty.channel.nio.NioEventLoop.processSelectedKeys(NioEventLoop.java:584)
	at io.netty.channel.nio.NioEventLoop.run(NioEventLoop.java:496)
	at io.netty.util.concurrent.SingleThreadEventExecutor$4.run(SingleThreadEventExecutor.java:986)
	at io.netty.util.internal.ThreadExecutorMap$2.run(ThreadExecutorMap.java:74)
	at io.netty.util.concurrent.FastThreadLocalRunnable.run(FastThreadLocalRunnable.java:30)
	at java.base/java.lang.Thread.run(Thread.java:832)
08:35:39.548 [AsyncHttpClient-1-16] DEBUG org.asynchttpclient.netty.channel.ChannelManager - Closing Channel [id: 0x45a20fa5, L:/127.0.0.1:60846 - R:localhost/127.0.0.1:60838] 
08:35:39.549 [AsyncHttpClient-1-16] DEBUG org.asynchttpclient.netty.handler.HttpHandler - Channel Closed: [id: 0x45a20fa5, L:/127.0.0.1:60846 ! R:localhost/127.0.0.1:60838] with attribute DISCARD
08:35:39.572 [AsyncHttpClient-1-15] DEBUG org.asynchttpclient.netty.handler.HttpHandler - 

Request DefaultFullHttpRequest(decodeResult: success, version: HTTP/1.1, content: EmptyByteBufBE)
DELETE /session/e7c1df9c11f9a0a78e02e6d3b9580722 HTTP/1.1
User-Agent: selenium/4.1.2 (java windows)
Content-Type: application/json; charset=utf-8
host: localhost:57449
accept: */*

Response DefaultHttpResponse(decodeResult: success, version: HTTP/1.1)
HTTP/1.1 200 OK
Content-Type: application/json; charset=utf-8
cache-control: no-cache
content-length: 14

08:35:39.572 [AsyncHttpClient-1-15] DEBUG org.asynchttpclient.netty.channel.ChannelManager - Adding key: http://localhost:57449 for channel [id: 0x73eb42aa, L:/127.0.0.1:60837 - R:localhost/127.0.0.1:57449]
08:35:39.828 [AsyncHttpClient-1-1] DEBUG org.asynchttpclient.netty.channel.DefaultChannelPool - Entry count for : http://localhost:60838 : 1
08:35:39.828 [AsyncHttpClient-1-1] DEBUG org.asynchttpclient.netty.channel.DefaultChannelPool - Entry count for : http://localhost:57449 : 1
08:35:39.828 [AsyncHttpClient-1-1] DEBUG org.asynchttpclient.netty.channel.DefaultChannelPool - Adding Candidate expired Channel [id: 0x45a20fa5, L:/127.0.0.1:60846 ! R:localhost/127.0.0.1:60838] isIdleTimeoutExpired=false isRemotelyClosed=true isTtlExpired=false
08:35:39.828 [AsyncHttpClient-1-1] DEBUG org.asynchttpclient.netty.channel.DefaultChannelPool - Closing Idle Channel [id: 0x45a20fa5, L:/127.0.0.1:60846 ! R:localhost/127.0.0.1:60838]
08:35:39.828 [AsyncHttpClient-1-1] DEBUG org.asynchttpclient.netty.channel.DefaultChannelPool - Closed 1 connections out of 2 in 0 ms
08:35:39.848 [AsyncHttpClient-1-15] DEBUG org.asynchttpclient.netty.handler.HttpHandler - Channel Closed: [id: 0x73eb42aa, L:/127.0.0.1:60837 ! R:localhost/127.0.0.1:57449] with attribute DISCARD
]]></system-out>
    <system-err><![CDATA[Starting ChromeDriver 101.0.4951.41 (93c720db8323b3ec10d056025ab95c23a31997c9-refs/branch-heads/4951@{#904}) on port 57449
Only local connections are allowed.
Please see https://chromedriver.chromium.org/security-considerations for suggestions on keeping ChromeDriver safe.
ChromeDriver was started successfully.
May 18, 2022 8:35:30 AM org.openqa.selenium.remote.ProtocolHandshake createSession
INFO: Detected dialect: W3C
May 18, 2022 8:35:30 AM org.openqa.selenium.devtools.CdpVersionFinder findNearestMatch
WARNING: Unable to find an exact match for CDP version 101, so returning the closest version found: 97
May 18, 2022 8:35:30 AM org.openqa.selenium.devtools.CdpVersionFinder findNearestMatch
INFO: Found CDP implementation for version 101 of 97
]]></system-err>
  </testcase>
  <testcase name="Registration scenario #5" classname="Registration" time="14.005">
    <system-out><![CDATA[
@register
Scenario Outline: Registration scenario  &amp#27;[90m# src/test/resources/features/register.feature:24&amp#27;[0m
08:35:40.385 [main] INFO io.cucumber.core.plugin.SerenityReporter - Running feature from file:///D:/PERKULIAHAN/Semester%206,Hebatt%20glad!/Altera/QE_Gladys-Cindana-Asri-Pardosi/Mini-Project/Web/src/test/resources/features/register.feature
08:35:40.399 [main] INFO net.serenitybdd.core.webdriver.driverproviders.ChromeDriverProvider - Using automatically driver download
08:35:40.595 [main] DEBUG io.github.bonigarcia.wdm.cache.ResolutionCache - Resolution chrome=101 in cache (valid until 09:23:35 18/05/2022 WIB)
08:35:40.603 [main] DEBUG io.github.bonigarcia.wdm.cache.ResolutionCache - Resolution chrome101=101.0.4951.41 in cache (valid until 18:48:44 18/05/2022 WIB)
08:35:40.606 [main] INFO io.github.bonigarcia.wdm.WebDriverManager - Using chromedriver 101.0.4951.41 (resolved driver for Chrome 101)
08:35:40.629 [main] DEBUG io.github.bonigarcia.wdm.WebDriverManager - Driver chromedriver 101.0.4951.41 found in cache
08:35:40.630 [main] INFO io.github.bonigarcia.wdm.WebDriverManager - Exporting webdriver.chrome.driver as C:\Users\ASUS\.cache\selenium\chromedriver\win32\101.0.4951.41\chromedriver.exe
08:35:40.802 [main] DEBUG net.serenitybdd.core.webdriver.driverproviders.ProvideNewDriver - Instantiating driver
08:35:40.802 [main] DEBUG net.serenitybdd.core.webdriver.driverproviders.ProvideNewDriver - Driver capabilities: Capabilities {acceptInsecureCerts: false, base.url: , browserName: chrome, goog:chromeOptions: {args: [], extensions: []}}
08:35:40.931 [AsyncHttpClient-1-1] DEBUG org.asynchttpclient.netty.channel.DefaultChannelPool - Entry count for : http://localhost:57449 : 1
08:35:40.931 [AsyncHttpClient-1-1] DEBUG org.asynchttpclient.netty.channel.DefaultChannelPool - Adding Candidate expired Channel [id: 0x73eb42aa, L:/127.0.0.1:60837 ! R:localhost/127.0.0.1:57449] isIdleTimeoutExpired=false isRemotelyClosed=true isTtlExpired=false
08:35:40.931 [AsyncHttpClient-1-1] DEBUG org.asynchttpclient.netty.channel.DefaultChannelPool - Closing Idle Channel [id: 0x73eb42aa, L:/127.0.0.1:60837 ! R:localhost/127.0.0.1:57449]
08:35:40.931 [AsyncHttpClient-1-1] DEBUG org.asynchttpclient.netty.channel.DefaultChannelPool - Closed 1 connections out of 1 in 0 ms
08:35:41.345 [AsyncHttpClient-1-2] DEBUG org.asynchttpclient.netty.channel.NettyConnectListener - Using new Channel '[id: 0xa5d04fe3, L:/127.0.0.1:60872 - R:localhost/127.0.0.1:61755]' for 'POST' to '/session'
08:35:42.591 [AsyncHttpClient-1-2] DEBUG org.asynchttpclient.netty.handler.HttpHandler - 

Request DefaultHttpRequest(decodeResult: success, version: HTTP/1.1)
POST /session HTTP/1.1
User-Agent: selenium/4.1.2 (java windows)
Content-Length: 457
Content-Type: application/json; charset=utf-8
host: localhost:61755
accept: */*

Response DefaultHttpResponse(decodeResult: success, version: HTTP/1.1)
HTTP/1.1 200 OK
Content-Type: application/json; charset=utf-8
cache-control: no-cache
content-length: 789

08:35:42.592 [AsyncHttpClient-1-2] DEBUG org.asynchttpclient.netty.channel.ChannelManager - Adding key: http://localhost:61755 for channel [id: 0xa5d04fe3, L:/127.0.0.1:60872 - R:localhost/127.0.0.1:61755]
08:35:42.613 [AsyncHttpClient-1-3] DEBUG org.asynchttpclient.netty.channel.NettyConnectListener - Using new Channel '[id: 0x70663b1e, L:/127.0.0.1:60880 - R:localhost/127.0.0.1:60874]' for 'GET' to '/json/version'
08:35:42.614 [AsyncHttpClient-1-3] DEBUG org.asynchttpclient.netty.handler.HttpHandler - 

Request DefaultFullHttpRequest(decodeResult: success, version: HTTP/1.1, content: EmptyByteBufBE)
GET /json/version HTTP/1.1
User-Agent: selenium/4.1.2 (java windows)
host: localhost:60874
accept: */*

Response DefaultHttpResponse(decodeResult: success, version: HTTP/1.1)
HTTP/1.1 200 OK
Content-Type: application/json; charset=UTF-8
content-length: 427

08:35:42.615 [AsyncHttpClient-1-3] DEBUG org.asynchttpclient.netty.channel.ChannelManager - Adding key: http://localhost:60874 for channel [id: 0x70663b1e, L:/127.0.0.1:60880 - R:localhost/127.0.0.1:60874]
08:35:42.621 [AsyncHttpClient-1-4] DEBUG org.asynchttpclient.netty.channel.NettyConnectListener - Using new Channel '[id: 0xfa4742ee, L:/127.0.0.1:60881 - R:localhost/127.0.0.1:60874]' for 'GET' to '/devtools/browser/f85c8abe-e121-4191-ad2f-528176c85b0e'
08:35:42.622 [AsyncHttpClient-1-4] DEBUG org.asynchttpclient.netty.handler.WebSocketHandler - 

Request DefaultFullHttpRequest(decodeResult: success, version: HTTP/1.1, content: EmptyByteBufBE)
GET /devtools/browser/f85c8abe-e121-4191-ad2f-528176c85b0e HTTP/1.1
upgrade: websocket
connection: upgrade
sec-websocket-key: 1kMkYVYkInb/70rKXey9Yg==
sec-websocket-version: 13
origin: http://localhost:60874
host: localhost:60874
accept: */*
user-agent: AHC/2.1

Response DefaultHttpResponse(decodeResult: success, version: HTTP/1.1)
HTTP/1.1 101 WebSocket Protocol Handshake
Upgrade: WebSocket
Connection: Upgrade
Sec-WebSocket-Accept: kJ+CQCEkciqPrspVgcUoDZ6M9LI=

08:35:42.637 [Forwarding get on session d20c4b9dd40febb680c2af851c8eb390 to remote] DEBUG org.asynchttpclient.netty.request.NettyRequestSender - Using pooled Channel '[id: 0xa5d04fe3, L:/127.0.0.1:60872 - R:localhost/127.0.0.1:61755]' for 'POST' to 'http://localhost:61755/session/d20c4b9dd40febb680c2af851c8eb390/url'
08:35:42.637 [Forwarding get on session d20c4b9dd40febb680c2af851c8eb390 to remote] DEBUG org.asynchttpclient.netty.request.NettyRequestSender - Using open Channel [id: 0xa5d04fe3, L:/127.0.0.1:60872 - R:localhost/127.0.0.1:61755] for POST '/session/d20c4b9dd40febb680c2af851c8eb390/url'
08:35:43.129 [AsyncHttpClient-1-1] DEBUG org.asynchttpclient.netty.channel.DefaultChannelPool - Entry count for : http://localhost:60874 : 1
08:35:44.237 [AsyncHttpClient-1-1] DEBUG org.asynchttpclient.netty.channel.DefaultChannelPool - Entry count for : http://localhost:60874 : 1
08:35:45.336 [AsyncHttpClient-1-1] DEBUG org.asynchttpclient.netty.channel.DefaultChannelPool - Entry count for : http://localhost:60874 : 1
08:35:46.436 [AsyncHttpClient-1-1] DEBUG org.asynchttpclient.netty.channel.DefaultChannelPool - Entry count for : http://localhost:60874 : 1
08:35:47.532 [AsyncHttpClient-1-1] DEBUG org.asynchttpclient.netty.channel.DefaultChannelPool - Entry count for : http://localhost:60874 : 1
08:35:48.629 [AsyncHttpClient-1-1] DEBUG org.asynchttpclient.netty.channel.DefaultChannelPool - Entry count for : http://localhost:60874 : 1
08:35:49.450 [AsyncHttpClient-1-2] DEBUG org.asynchttpclient.netty.handler.HttpHandler - 

Request DefaultHttpRequest(decodeResult: success, version: HTTP/1.1)
POST /session/d20c4b9dd40febb680c2af851c8eb390/url HTTP/1.1
User-Agent: selenium/4.1.2 (java windows)
Content-Length: 49
Content-Type: application/json; charset=utf-8
host: localhost:61755
accept: */*

Response DefaultHttpResponse(decodeResult: success, version: HTTP/1.1)
HTTP/1.1 200 OK
Content-Type: application/json; charset=utf-8
cache-control: no-cache
content-length: 14

08:35:49.450 [AsyncHttpClient-1-2] DEBUG org.asynchttpclient.netty.channel.ChannelManager - Adding key: http://localhost:61755 for channel [id: 0xa5d04fe3, L:/127.0.0.1:60872 - R:localhost/127.0.0.1:61755]
08:35:49.452 [Forwarding setTimeout on session d20c4b9dd40febb680c2af851c8eb390 to remote] DEBUG org.asynchttpclient.netty.request.NettyRequestSender - Using pooled Channel '[id: 0xa5d04fe3, L:/127.0.0.1:60872 - R:localhost/127.0.0.1:61755]' for 'POST' to 'http://localhost:61755/session/d20c4b9dd40febb680c2af851c8eb390/timeouts'
08:35:49.452 [Forwarding setTimeout on session d20c4b9dd40febb680c2af851c8eb390 to remote] DEBUG org.asynchttpclient.netty.request.NettyRequestSender - Using open Channel [id: 0xa5d04fe3, L:/127.0.0.1:60872 - R:localhost/127.0.0.1:61755] for POST '/session/d20c4b9dd40febb680c2af851c8eb390/timeouts'
08:35:49.454 [AsyncHttpClient-1-2] DEBUG org.asynchttpclient.netty.handler.HttpHandler - 

Request DefaultHttpRequest(decodeResult: success, version: HTTP/1.1)
POST /session/d20c4b9dd40febb680c2af851c8eb390/timeouts HTTP/1.1
User-Agent: selenium/4.1.2 (java windows)
Content-Length: 22
Content-Type: application/json; charset=utf-8
host: localhost:61755
accept: */*

Response DefaultHttpResponse(decodeResult: success, version: HTTP/1.1)
HTTP/1.1 200 OK
Content-Type: application/json; charset=utf-8
cache-control: no-cache
content-length: 14

08:35:49.454 [AsyncHttpClient-1-2] DEBUG org.asynchttpclient.netty.channel.ChannelManager - Adding key: http://localhost:61755 for channel [id: 0xa5d04fe3, L:/127.0.0.1:60872 - R:localhost/127.0.0.1:61755]
08:35:49.456 [Forwarding getCurrentUrl on session d20c4b9dd40febb680c2af851c8eb390 to remote] DEBUG org.asynchttpclient.netty.request.NettyRequestSender - Using pooled Channel '[id: 0xa5d04fe3, L:/127.0.0.1:60872 - R:localhost/127.0.0.1:61755]' for 'GET' to 'http://localhost:61755/session/d20c4b9dd40febb680c2af851c8eb390/url'
08:35:49.457 [Forwarding getCurrentUrl on session d20c4b9dd40febb680c2af851c8eb390 to remote] DEBUG org.asynchttpclient.netty.request.NettyRequestSender - Using open Channel [id: 0xa5d04fe3, L:/127.0.0.1:60872 - R:localhost/127.0.0.1:61755] for GET '/session/d20c4b9dd40febb680c2af851c8eb390/url'
08:35:49.468 [AsyncHttpClient-1-2] DEBUG org.asynchttpclient.netty.handler.HttpHandler - 

Request DefaultFullHttpRequest(decodeResult: success, version: HTTP/1.1, content: EmptyByteBufBE)
GET /session/d20c4b9dd40febb680c2af851c8eb390/url HTTP/1.1
User-Agent: selenium/4.1.2 (java windows)
Cache-Control: no-cache
Content-Type: application/json; charset=utf-8
host: localhost:61755
accept: */*

Response DefaultHttpResponse(decodeResult: success, version: HTTP/1.1)
HTTP/1.1 200 OK
Content-Type: application/json; charset=utf-8
cache-control: no-cache
content-length: 31

08:35:49.468 [AsyncHttpClient-1-2] DEBUG org.asynchttpclient.netty.channel.ChannelManager - Adding key: http://localhost:61755 for channel [id: 0xa5d04fe3, L:/127.0.0.1:60872 - R:localhost/127.0.0.1:61755]
  &amp#27;[32mGiven &amp#27;[0m&amp#27;[32mi access the web&amp#27;[0m                 &amp#27;[90m# starter.stepdefinitions.registerStep.iAccessTheWeb()&amp#27;[0m
08:35:49.477 [Forwarding screenshot on session d20c4b9dd40febb680c2af851c8eb390 to remote] DEBUG org.asynchttpclient.netty.request.NettyRequestSender - Using pooled Channel '[id: 0xa5d04fe3, L:/127.0.0.1:60872 - R:localhost/127.0.0.1:61755]' for 'GET' to 'http://localhost:61755/session/d20c4b9dd40febb680c2af851c8eb390/screenshot'
08:35:49.478 [Forwarding screenshot on session d20c4b9dd40febb680c2af851c8eb390 to remote] DEBUG org.asynchttpclient.netty.request.NettyRequestSender - Using open Channel [id: 0xa5d04fe3, L:/127.0.0.1:60872 - R:localhost/127.0.0.1:61755] for GET '/session/d20c4b9dd40febb680c2af851c8eb390/screenshot'
08:35:49.662 [AsyncHttpClient-1-2] DEBUG org.asynchttpclient.netty.handler.HttpHandler - 

Request DefaultFullHttpRequest(decodeResult: success, version: HTTP/1.1, content: EmptyByteBufBE)
GET /session/d20c4b9dd40febb680c2af851c8eb390/screenshot HTTP/1.1
User-Agent: selenium/4.1.2 (java windows)
Cache-Control: no-cache
Content-Type: application/json; charset=utf-8
host: localhost:61755
accept: */*

Response DefaultHttpResponse(decodeResult: success, version: HTTP/1.1)
HTTP/1.1 200 OK
Content-Type: application/json; charset=utf-8
cache-control: no-cache
content-length: 73400

08:35:49.663 [AsyncHttpClient-1-2] DEBUG org.asynchttpclient.netty.channel.ChannelManager - Adding key: http://localhost:61755 for channel [id: 0xa5d04fe3, L:/127.0.0.1:60872 - R:localhost/127.0.0.1:61755]
08:35:49.667 [main] DEBUG net.serenitybdd.core.photography.Darkroom - Send negative for processing for target\site\serenity\4574346f60ce0f72ae9584bfea574b7e0b8516de8366f8b2fe2b59c8599e7297.png
08:35:49.682 [Forwarding findElement on session d20c4b9dd40febb680c2af851c8eb390 to remote] DEBUG org.asynchttpclient.netty.request.NettyRequestSender - Using pooled Channel '[id: 0xa5d04fe3, L:/127.0.0.1:60872 - R:localhost/127.0.0.1:61755]' for 'POST' to 'http://localhost:61755/session/d20c4b9dd40febb680c2af851c8eb390/element'
08:35:49.682 [Forwarding findElement on session d20c4b9dd40febb680c2af851c8eb390 to remote] DEBUG org.asynchttpclient.netty.request.NettyRequestSender - Using open Channel [id: 0xa5d04fe3, L:/127.0.0.1:60872 - R:localhost/127.0.0.1:61755] for POST '/session/d20c4b9dd40febb680c2af851c8eb390/element'
08:35:49.719 [AsyncHttpClient-1-2] DEBUG org.asynchttpclient.netty.handler.HttpHandler - 

Request DefaultHttpRequest(decodeResult: success, version: HTTP/1.1)
POST /session/d20c4b9dd40febb680c2af851c8eb390/element HTTP/1.1
User-Agent: selenium/4.1.2 (java windows)
Content-Length: 170
Content-Type: application/json; charset=utf-8
host: localhost:61755
accept: */*

Response DefaultHttpResponse(decodeResult: success, version: HTTP/1.1)
HTTP/1.1 200 OK
Content-Type: application/json; charset=utf-8
cache-control: no-cache
content-length: 88

08:35:49.719 [AsyncHttpClient-1-2] DEBUG org.asynchttpclient.netty.channel.ChannelManager - Adding key: http://localhost:61755 for channel [id: 0xa5d04fe3, L:/127.0.0.1:60872 - R:localhost/127.0.0.1:61755]
08:35:49.721 [Forwarding getElementTagName on session d20c4b9dd40febb680c2af851c8eb390 to remote] DEBUG org.asynchttpclient.netty.request.NettyRequestSender - Using pooled Channel '[id: 0xa5d04fe3, L:/127.0.0.1:60872 - R:localhost/127.0.0.1:61755]' for 'GET' to 'http://localhost:61755/session/d20c4b9dd40febb680c2af851c8eb390/element/e44f4d94-77b3-48ed-9762-aed3e241b967/name'
08:35:49.721 [Forwarding getElementTagName on session d20c4b9dd40febb680c2af851c8eb390 to remote] DEBUG org.asynchttpclient.netty.request.NettyRequestSender - Using open Channel [id: 0xa5d04fe3, L:/127.0.0.1:60872 - R:localhost/127.0.0.1:61755] for GET '/session/d20c4b9dd40febb680c2af851c8eb390/element/e44f4d94-77b3-48ed-9762-aed3e241b967/name'
08:35:49.728 [AsyncHttpClient-1-2] DEBUG org.asynchttpclient.netty.handler.HttpHandler - 

Request DefaultFullHttpRequest(decodeResult: success, version: HTTP/1.1, content: EmptyByteBufBE)
GET /session/d20c4b9dd40febb680c2af851c8eb390/element/e44f4d94-77b3-48ed-9762-aed3e241b967/name HTTP/1.1
User-Agent: selenium/4.1.2 (java windows)
Cache-Control: no-cache
Content-Type: application/json; charset=utf-8
host: localhost:61755
accept: */*

Response DefaultHttpResponse(decodeResult: success, version: HTTP/1.1)
HTTP/1.1 200 OK
Content-Type: application/json; charset=utf-8
cache-control: no-cache
content-length: 13

08:35:49.728 [AsyncHttpClient-1-2] DEBUG org.asynchttpclient.netty.channel.ChannelManager - Adding key: http://localhost:61755 for channel [id: 0xa5d04fe3, L:/127.0.0.1:60872 - R:localhost/127.0.0.1:61755]
08:35:49.730 [Forwarding getElementTagName on session d20c4b9dd40febb680c2af851c8eb390 to remote] DEBUG org.asynchttpclient.netty.request.NettyRequestSender - Using pooled Channel '[id: 0xa5d04fe3, L:/127.0.0.1:60872 - R:localhost/127.0.0.1:61755]' for 'GET' to 'http://localhost:61755/session/d20c4b9dd40febb680c2af851c8eb390/element/e44f4d94-77b3-48ed-9762-aed3e241b967/name'
08:35:49.730 [Forwarding getElementTagName on session d20c4b9dd40febb680c2af851c8eb390 to remote] DEBUG org.asynchttpclient.netty.request.NettyRequestSender - Using open Channel [id: 0xa5d04fe3, L:/127.0.0.1:60872 - R:localhost/127.0.0.1:61755] for GET '/session/d20c4b9dd40febb680c2af851c8eb390/element/e44f4d94-77b3-48ed-9762-aed3e241b967/name'
08:35:49.733 [AsyncHttpClient-1-1] DEBUG org.asynchttpclient.netty.channel.DefaultChannelPool - Entry count for : http://localhost:60874 : 1
08:35:49.735 [AsyncHttpClient-1-2] DEBUG org.asynchttpclient.netty.handler.HttpHandler - 

Request DefaultFullHttpRequest(decodeResult: success, version: HTTP/1.1, content: EmptyByteBufBE)
GET /session/d20c4b9dd40febb680c2af851c8eb390/element/e44f4d94-77b3-48ed-9762-aed3e241b967/name HTTP/1.1
User-Agent: selenium/4.1.2 (java windows)
Cache-Control: no-cache
Content-Type: application/json; charset=utf-8
host: localhost:61755
accept: */*

Response DefaultHttpResponse(decodeResult: success, version: HTTP/1.1)
HTTP/1.1 200 OK
Content-Type: application/json; charset=utf-8
cache-control: no-cache
content-length: 13

08:35:49.735 [AsyncHttpClient-1-2] DEBUG org.asynchttpclient.netty.channel.ChannelManager - Adding key: http://localhost:61755 for channel [id: 0xa5d04fe3, L:/127.0.0.1:60872 - R:localhost/127.0.0.1:61755]
08:35:49.737 [Forwarding findElement on session d20c4b9dd40febb680c2af851c8eb390 to remote] DEBUG org.asynchttpclient.netty.request.NettyRequestSender - Using pooled Channel '[id: 0xa5d04fe3, L:/127.0.0.1:60872 - R:localhost/127.0.0.1:61755]' for 'POST' to 'http://localhost:61755/session/d20c4b9dd40febb680c2af851c8eb390/element'
08:35:49.738 [Forwarding findElement on session d20c4b9dd40febb680c2af851c8eb390 to remote] DEBUG org.asynchttpclient.netty.request.NettyRequestSender - Using open Channel [id: 0xa5d04fe3, L:/127.0.0.1:60872 - R:localhost/127.0.0.1:61755] for POST '/session/d20c4b9dd40febb680c2af851c8eb390/element'
08:35:49.754 [AsyncHttpClient-1-2] DEBUG org.asynchttpclient.netty.handler.HttpHandler - 

Request DefaultHttpRequest(decodeResult: success, version: HTTP/1.1)
POST /session/d20c4b9dd40febb680c2af851c8eb390/element HTTP/1.1
User-Agent: selenium/4.1.2 (java windows)
Content-Length: 170
Content-Type: application/json; charset=utf-8
host: localhost:61755
accept: */*

Response DefaultHttpResponse(decodeResult: success, version: HTTP/1.1)
HTTP/1.1 200 OK
Content-Type: application/json; charset=utf-8
cache-control: no-cache
content-length: 88

08:35:49.754 [AsyncHttpClient-1-2] DEBUG org.asynchttpclient.netty.channel.ChannelManager - Adding key: http://localhost:61755 for channel [id: 0xa5d04fe3, L:/127.0.0.1:60872 - R:localhost/127.0.0.1:61755]
08:35:49.756 [Forwarding clickElement on session d20c4b9dd40febb680c2af851c8eb390 to remote] DEBUG org.asynchttpclient.netty.request.NettyRequestSender - Using pooled Channel '[id: 0xa5d04fe3, L:/127.0.0.1:60872 - R:localhost/127.0.0.1:61755]' for 'POST' to 'http://localhost:61755/session/d20c4b9dd40febb680c2af851c8eb390/element/e44f4d94-77b3-48ed-9762-aed3e241b967/click'
08:35:49.756 [Forwarding clickElement on session d20c4b9dd40febb680c2af851c8eb390 to remote] DEBUG org.asynchttpclient.netty.request.NettyRequestSender - Using open Channel [id: 0xa5d04fe3, L:/127.0.0.1:60872 - R:localhost/127.0.0.1:61755] for POST '/session/d20c4b9dd40febb680c2af851c8eb390/element/e44f4d94-77b3-48ed-9762-aed3e241b967/click'
08:35:49.822 [AsyncHttpClient-1-2] DEBUG org.asynchttpclient.netty.handler.HttpHandler - 

Request DefaultHttpRequest(decodeResult: success, version: HTTP/1.1)
POST /session/d20c4b9dd40febb680c2af851c8eb390/element/e44f4d94-77b3-48ed-9762-aed3e241b967/click HTTP/1.1
User-Agent: selenium/4.1.2 (java windows)
Content-Length: 50
Content-Type: application/json; charset=utf-8
host: localhost:61755
accept: */*

Response DefaultHttpResponse(decodeResult: success, version: HTTP/1.1)
HTTP/1.1 200 OK
Content-Type: application/json; charset=utf-8
cache-control: no-cache
content-length: 14

08:35:49.823 [AsyncHttpClient-1-2] DEBUG org.asynchttpclient.netty.channel.ChannelManager - Adding key: http://localhost:61755 for channel [id: 0xa5d04fe3, L:/127.0.0.1:60872 - R:localhost/127.0.0.1:61755]
08:35:49.827 [Forwarding get on session d20c4b9dd40febb680c2af851c8eb390 to remote] DEBUG org.asynchttpclient.netty.request.NettyRequestSender - Using pooled Channel '[id: 0xa5d04fe3, L:/127.0.0.1:60872 - R:localhost/127.0.0.1:61755]' for 'POST' to 'http://localhost:61755/session/d20c4b9dd40febb680c2af851c8eb390/url'
08:35:49.827 [Forwarding get on session d20c4b9dd40febb680c2af851c8eb390 to remote] DEBUG org.asynchttpclient.netty.request.NettyRequestSender - Using open Channel [id: 0xa5d04fe3, L:/127.0.0.1:60872 - R:localhost/127.0.0.1:61755] for POST '/session/d20c4b9dd40febb680c2af851c8eb390/url'
08:35:50.377 [AsyncHttpClient-1-2] DEBUG org.asynchttpclient.netty.handler.HttpHandler - 

Request DefaultHttpRequest(decodeResult: success, version: HTTP/1.1)
POST /session/d20c4b9dd40febb680c2af851c8eb390/url HTTP/1.1
User-Agent: selenium/4.1.2 (java windows)
Content-Length: 67
Content-Type: application/json; charset=utf-8
host: localhost:61755
accept: */*

Response DefaultHttpResponse(decodeResult: success, version: HTTP/1.1)
HTTP/1.1 200 OK
Content-Type: application/json; charset=utf-8
cache-control: no-cache
content-length: 14

08:35:50.377 [AsyncHttpClient-1-2] DEBUG org.asynchttpclient.netty.channel.ChannelManager - Adding key: http://localhost:61755 for channel [id: 0xa5d04fe3, L:/127.0.0.1:60872 - R:localhost/127.0.0.1:61755]
08:35:50.380 [Forwarding getCurrentUrl on session d20c4b9dd40febb680c2af851c8eb390 to remote] DEBUG org.asynchttpclient.netty.request.NettyRequestSender - Using pooled Channel '[id: 0xa5d04fe3, L:/127.0.0.1:60872 - R:localhost/127.0.0.1:61755]' for 'GET' to 'http://localhost:61755/session/d20c4b9dd40febb680c2af851c8eb390/url'
08:35:50.380 [Forwarding getCurrentUrl on session d20c4b9dd40febb680c2af851c8eb390 to remote] DEBUG org.asynchttpclient.netty.request.NettyRequestSender - Using open Channel [id: 0xa5d04fe3, L:/127.0.0.1:60872 - R:localhost/127.0.0.1:61755] for GET '/session/d20c4b9dd40febb680c2af851c8eb390/url'
08:35:50.387 [AsyncHttpClient-1-2] DEBUG org.asynchttpclient.netty.handler.HttpHandler - 

Request DefaultFullHttpRequest(decodeResult: success, version: HTTP/1.1, content: EmptyByteBufBE)
GET /session/d20c4b9dd40febb680c2af851c8eb390/url HTTP/1.1
User-Agent: selenium/4.1.2 (java windows)
Cache-Control: no-cache
Content-Type: application/json; charset=utf-8
host: localhost:61755
accept: */*

Response DefaultHttpResponse(decodeResult: success, version: HTTP/1.1)
HTTP/1.1 200 OK
Content-Type: application/json; charset=utf-8
cache-control: no-cache
content-length: 44

08:35:50.387 [AsyncHttpClient-1-2] DEBUG org.asynchttpclient.netty.channel.ChannelManager - Adding key: http://localhost:61755 for channel [id: 0xa5d04fe3, L:/127.0.0.1:60872 - R:localhost/127.0.0.1:61755]
  &amp#27;[32mWhen &amp#27;[0m&amp#27;[32mi click icon account and register&amp#27;[0m &amp#27;[90m# starter.stepdefinitions.registerStep.iClickIconAccountAndRegister()&amp#27;[0m
08:35:50.394 [Forwarding screenshot on session d20c4b9dd40febb680c2af851c8eb390 to remote] DEBUG org.asynchttpclient.netty.request.NettyRequestSender - Using pooled Channel '[id: 0xa5d04fe3, L:/127.0.0.1:60872 - R:localhost/127.0.0.1:61755]' for 'GET' to 'http://localhost:61755/session/d20c4b9dd40febb680c2af851c8eb390/screenshot'
08:35:50.394 [Forwarding screenshot on session d20c4b9dd40febb680c2af851c8eb390 to remote] DEBUG org.asynchttpclient.netty.request.NettyRequestSender - Using open Channel [id: 0xa5d04fe3, L:/127.0.0.1:60872 - R:localhost/127.0.0.1:61755] for GET '/session/d20c4b9dd40febb680c2af851c8eb390/screenshot'
08:35:50.618 [AsyncHttpClient-1-2] DEBUG org.asynchttpclient.netty.handler.HttpHandler - 

Request DefaultFullHttpRequest(decodeResult: success, version: HTTP/1.1, content: EmptyByteBufBE)
GET /session/d20c4b9dd40febb680c2af851c8eb390/screenshot HTTP/1.1
User-Agent: selenium/4.1.2 (java windows)
Cache-Control: no-cache
Content-Type: application/json; charset=utf-8
host: localhost:61755
accept: */*

Response DefaultHttpResponse(decodeResult: success, version: HTTP/1.1)
HTTP/1.1 200 OK
Content-Type: application/json; charset=utf-8
cache-control: no-cache
content-length: 44716

08:35:50.618 [AsyncHttpClient-1-2] DEBUG org.asynchttpclient.netty.channel.ChannelManager - Adding key: http://localhost:61755 for channel [id: 0xa5d04fe3, L:/127.0.0.1:60872 - R:localhost/127.0.0.1:61755]
08:35:50.621 [main] DEBUG net.serenitybdd.core.photography.Darkroom - Send negative for processing for target\site\serenity\42b6e28073eecb73abfcec403b3897bc9b3bf5f45933c508112c9d359726cb09.png
08:35:50.632 [Forwarding findElement on session d20c4b9dd40febb680c2af851c8eb390 to remote] DEBUG org.asynchttpclient.netty.request.NettyRequestSender - Using pooled Channel '[id: 0xa5d04fe3, L:/127.0.0.1:60872 - R:localhost/127.0.0.1:61755]' for 'POST' to 'http://localhost:61755/session/d20c4b9dd40febb680c2af851c8eb390/element'
08:35:50.632 [Forwarding findElement on session d20c4b9dd40febb680c2af851c8eb390 to remote] DEBUG org.asynchttpclient.netty.request.NettyRequestSender - Using open Channel [id: 0xa5d04fe3, L:/127.0.0.1:60872 - R:localhost/127.0.0.1:61755] for POST '/session/d20c4b9dd40febb680c2af851c8eb390/element'
08:35:50.658 [AsyncHttpClient-1-2] DEBUG org.asynchttpclient.netty.handler.HttpHandler - 

Request DefaultHttpRequest(decodeResult: success, version: HTTP/1.1)
POST /session/d20c4b9dd40febb680c2af851c8eb390/element HTTP/1.1
User-Agent: selenium/4.1.2 (java windows)
Content-Length: 93
Content-Type: application/json; charset=utf-8
host: localhost:61755
accept: */*

Response DefaultHttpResponse(decodeResult: success, version: HTTP/1.1)
HTTP/1.1 200 OK
Content-Type: application/json; charset=utf-8
cache-control: no-cache
content-length: 88

08:35:50.658 [AsyncHttpClient-1-2] DEBUG org.asynchttpclient.netty.channel.ChannelManager - Adding key: http://localhost:61755 for channel [id: 0xa5d04fe3, L:/127.0.0.1:60872 - R:localhost/127.0.0.1:61755]
08:35:50.660 [Forwarding clearElement on session d20c4b9dd40febb680c2af851c8eb390 to remote] DEBUG org.asynchttpclient.netty.request.NettyRequestSender - Using pooled Channel '[id: 0xa5d04fe3, L:/127.0.0.1:60872 - R:localhost/127.0.0.1:61755]' for 'POST' to 'http://localhost:61755/session/d20c4b9dd40febb680c2af851c8eb390/element/34f0c34e-ad4a-481c-a5d8-3ee42b799f59/clear'
08:35:50.660 [Forwarding clearElement on session d20c4b9dd40febb680c2af851c8eb390 to remote] DEBUG org.asynchttpclient.netty.request.NettyRequestSender - Using open Channel [id: 0xa5d04fe3, L:/127.0.0.1:60872 - R:localhost/127.0.0.1:61755] for POST '/session/d20c4b9dd40febb680c2af851c8eb390/element/34f0c34e-ad4a-481c-a5d8-3ee42b799f59/clear'
08:35:50.718 [AsyncHttpClient-1-2] DEBUG org.asynchttpclient.netty.handler.HttpHandler - 

Request DefaultHttpRequest(decodeResult: success, version: HTTP/1.1)
POST /session/d20c4b9dd40febb680c2af851c8eb390/element/34f0c34e-ad4a-481c-a5d8-3ee42b799f59/clear HTTP/1.1
User-Agent: selenium/4.1.2 (java windows)
Content-Length: 50
Content-Type: application/json; charset=utf-8
host: localhost:61755
accept: */*

Response DefaultHttpResponse(decodeResult: success, version: HTTP/1.1)
HTTP/1.1 200 OK
Content-Type: application/json; charset=utf-8
cache-control: no-cache
content-length: 14

08:35:50.718 [AsyncHttpClient-1-2] DEBUG org.asynchttpclient.netty.channel.ChannelManager - Adding key: http://localhost:61755 for channel [id: 0xa5d04fe3, L:/127.0.0.1:60872 - R:localhost/127.0.0.1:61755]
08:35:50.721 [Forwarding sendKeysToElement on session d20c4b9dd40febb680c2af851c8eb390 to remote] DEBUG org.asynchttpclient.netty.request.NettyRequestSender - Using pooled Channel '[id: 0xa5d04fe3, L:/127.0.0.1:60872 - R:localhost/127.0.0.1:61755]' for 'POST' to 'http://localhost:61755/session/d20c4b9dd40febb680c2af851c8eb390/element/34f0c34e-ad4a-481c-a5d8-3ee42b799f59/value'
08:35:50.721 [Forwarding sendKeysToElement on session d20c4b9dd40febb680c2af851c8eb390 to remote] DEBUG org.asynchttpclient.netty.request.NettyRequestSender - Using open Channel [id: 0xa5d04fe3, L:/127.0.0.1:60872 - R:localhost/127.0.0.1:61755] for POST '/session/d20c4b9dd40febb680c2af851c8eb390/element/34f0c34e-ad4a-481c-a5d8-3ee42b799f59/value'
08:35:50.800 [AsyncHttpClient-1-2] DEBUG org.asynchttpclient.netty.handler.HttpHandler - 

Request DefaultHttpRequest(decodeResult: success, version: HTTP/1.1)
POST /session/d20c4b9dd40febb680c2af851c8eb390/element/34f0c34e-ad4a-481c-a5d8-3ee42b799f59/value HTTP/1.1
User-Agent: selenium/4.1.2 (java windows)
Content-Length: 82
Content-Type: application/json; charset=utf-8
host: localhost:61755
accept: */*

Response DefaultHttpResponse(decodeResult: success, version: HTTP/1.1)
HTTP/1.1 200 OK
Content-Type: application/json; charset=utf-8
cache-control: no-cache
content-length: 14

08:35:50.801 [AsyncHttpClient-1-2] DEBUG org.asynchttpclient.netty.channel.ChannelManager - Adding key: http://localhost:61755 for channel [id: 0xa5d04fe3, L:/127.0.0.1:60872 - R:localhost/127.0.0.1:61755]
  &amp#27;[32mAnd &amp#27;[0m&amp#27;[32mi input &amp#27;[0m&amp#27;[32m&amp#27;[1m""&amp#27;[0m&amp#27;[32m my name&amp#27;[0m                 &amp#27;[90m# starter.stepdefinitions.registerStep.iInputMyName(java.lang.String)&amp#27;[0m
08:35:50.813 [Forwarding screenshot on session d20c4b9dd40febb680c2af851c8eb390 to remote] DEBUG org.asynchttpclient.netty.request.NettyRequestSender - Using pooled Channel '[id: 0xa5d04fe3, L:/127.0.0.1:60872 - R:localhost/127.0.0.1:61755]' for 'GET' to 'http://localhost:61755/session/d20c4b9dd40febb680c2af851c8eb390/screenshot'
08:35:50.813 [Forwarding screenshot on session d20c4b9dd40febb680c2af851c8eb390 to remote] DEBUG org.asynchttpclient.netty.request.NettyRequestSender - Using open Channel [id: 0xa5d04fe3, L:/127.0.0.1:60872 - R:localhost/127.0.0.1:61755] for GET '/session/d20c4b9dd40febb680c2af851c8eb390/screenshot'
08:35:50.828 [AsyncHttpClient-1-1] DEBUG org.asynchttpclient.netty.channel.DefaultChannelPool - Entry count for : http://localhost:60874 : 1
08:35:51.086 [AsyncHttpClient-1-2] DEBUG org.asynchttpclient.netty.handler.HttpHandler - 

Request DefaultFullHttpRequest(decodeResult: success, version: HTTP/1.1, content: EmptyByteBufBE)
GET /session/d20c4b9dd40febb680c2af851c8eb390/screenshot HTTP/1.1
User-Agent: selenium/4.1.2 (java windows)
Cache-Control: no-cache
Content-Type: application/json; charset=utf-8
host: localhost:61755
accept: */*

Response DefaultHttpResponse(decodeResult: success, version: HTTP/1.1)
HTTP/1.1 200 OK
Content-Type: application/json; charset=utf-8
cache-control: no-cache
content-length: 44720

08:35:51.086 [AsyncHttpClient-1-2] DEBUG org.asynchttpclient.netty.channel.ChannelManager - Adding key: http://localhost:61755 for channel [id: 0xa5d04fe3, L:/127.0.0.1:60872 - R:localhost/127.0.0.1:61755]
08:35:51.090 [main] DEBUG net.serenitybdd.core.photography.Darkroom - Send negative for processing for target\site\serenity\3d3c549ca94ced565996300470a675212c29c97b054a82a8a4d8cc7788765221.png
08:35:51.090 [Darkroom Processing Line] DEBUG net.serenitybdd.core.photography.DarkroomProcessingLine - Processing screenshot image in /var/screenshots/screenshot-11991723119354978672
08:35:51.090 [Darkroom Processing Line] DEBUG net.serenitybdd.core.photography.DarkroomProcessingLine - Saving screenshot to target\site\serenity\3d3c549ca94ced565996300470a675212c29c97b054a82a8a4d8cc7788765221.png
08:35:51.105 [Forwarding findElement on session d20c4b9dd40febb680c2af851c8eb390 to remote] DEBUG org.asynchttpclient.netty.request.NettyRequestSender - Using pooled Channel '[id: 0xa5d04fe3, L:/127.0.0.1:60872 - R:localhost/127.0.0.1:61755]' for 'POST' to 'http://localhost:61755/session/d20c4b9dd40febb680c2af851c8eb390/element'
08:35:51.105 [Forwarding findElement on session d20c4b9dd40febb680c2af851c8eb390 to remote] DEBUG org.asynchttpclient.netty.request.NettyRequestSender - Using open Channel [id: 0xa5d04fe3, L:/127.0.0.1:60872 - R:localhost/127.0.0.1:61755] for POST '/session/d20c4b9dd40febb680c2af851c8eb390/element'
08:35:51.133 [AsyncHttpClient-1-2] DEBUG org.asynchttpclient.netty.handler.HttpHandler - 

Request DefaultHttpRequest(decodeResult: success, version: HTTP/1.1)
POST /session/d20c4b9dd40febb680c2af851c8eb390/element HTTP/1.1
User-Agent: selenium/4.1.2 (java windows)
Content-Length: 86
Content-Type: application/json; charset=utf-8
host: localhost:61755
accept: */*

Response DefaultHttpResponse(decodeResult: success, version: HTTP/1.1)
HTTP/1.1 200 OK
Content-Type: application/json; charset=utf-8
cache-control: no-cache
content-length: 88

08:35:51.134 [AsyncHttpClient-1-2] DEBUG org.asynchttpclient.netty.channel.ChannelManager - Adding key: http://localhost:61755 for channel [id: 0xa5d04fe3, L:/127.0.0.1:60872 - R:localhost/127.0.0.1:61755]
08:35:51.135 [Forwarding clearElement on session d20c4b9dd40febb680c2af851c8eb390 to remote] DEBUG org.asynchttpclient.netty.request.NettyRequestSender - Using pooled Channel '[id: 0xa5d04fe3, L:/127.0.0.1:60872 - R:localhost/127.0.0.1:61755]' for 'POST' to 'http://localhost:61755/session/d20c4b9dd40febb680c2af851c8eb390/element/c6f37d8a-c2f4-4202-b0eb-c68baed69205/clear'
08:35:51.135 [Forwarding clearElement on session d20c4b9dd40febb680c2af851c8eb390 to remote] DEBUG org.asynchttpclient.netty.request.NettyRequestSender - Using open Channel [id: 0xa5d04fe3, L:/127.0.0.1:60872 - R:localhost/127.0.0.1:61755] for POST '/session/d20c4b9dd40febb680c2af851c8eb390/element/c6f37d8a-c2f4-4202-b0eb-c68baed69205/clear'
08:35:51.209 [AsyncHttpClient-1-2] DEBUG org.asynchttpclient.netty.handler.HttpHandler - 

Request DefaultHttpRequest(decodeResult: success, version: HTTP/1.1)
POST /session/d20c4b9dd40febb680c2af851c8eb390/element/c6f37d8a-c2f4-4202-b0eb-c68baed69205/clear HTTP/1.1
User-Agent: selenium/4.1.2 (java windows)
Content-Length: 50
Content-Type: application/json; charset=utf-8
host: localhost:61755
accept: */*

Response DefaultHttpResponse(decodeResult: success, version: HTTP/1.1)
HTTP/1.1 200 OK
Content-Type: application/json; charset=utf-8
cache-control: no-cache
content-length: 14

08:35:51.210 [AsyncHttpClient-1-2] DEBUG org.asynchttpclient.netty.channel.ChannelManager - Adding key: http://localhost:61755 for channel [id: 0xa5d04fe3, L:/127.0.0.1:60872 - R:localhost/127.0.0.1:61755]
08:35:51.214 [Forwarding sendKeysToElement on session d20c4b9dd40febb680c2af851c8eb390 to remote] DEBUG org.asynchttpclient.netty.request.NettyRequestSender - Using pooled Channel '[id: 0xa5d04fe3, L:/127.0.0.1:60872 - R:localhost/127.0.0.1:61755]' for 'POST' to 'http://localhost:61755/session/d20c4b9dd40febb680c2af851c8eb390/element/c6f37d8a-c2f4-4202-b0eb-c68baed69205/value'
08:35:51.214 [Forwarding sendKeysToElement on session d20c4b9dd40febb680c2af851c8eb390 to remote] DEBUG org.asynchttpclient.netty.request.NettyRequestSender - Using open Channel [id: 0xa5d04fe3, L:/127.0.0.1:60872 - R:localhost/127.0.0.1:61755] for POST '/session/d20c4b9dd40febb680c2af851c8eb390/element/c6f37d8a-c2f4-4202-b0eb-c68baed69205/value'
08:35:51.307 [AsyncHttpClient-1-2] DEBUG org.asynchttpclient.netty.handler.HttpHandler - 

Request DefaultHttpRequest(decodeResult: success, version: HTTP/1.1)
POST /session/d20c4b9dd40febb680c2af851c8eb390/element/c6f37d8a-c2f4-4202-b0eb-c68baed69205/value HTTP/1.1
User-Agent: selenium/4.1.2 (java windows)
Content-Length: 82
Content-Type: application/json; charset=utf-8
host: localhost:61755
accept: */*

Response DefaultHttpResponse(decodeResult: success, version: HTTP/1.1)
HTTP/1.1 200 OK
Content-Type: application/json; charset=utf-8
cache-control: no-cache
content-length: 14

08:35:51.307 [AsyncHttpClient-1-2] DEBUG org.asynchttpclient.netty.channel.ChannelManager - Adding key: http://localhost:61755 for channel [id: 0xa5d04fe3, L:/127.0.0.1:60872 - R:localhost/127.0.0.1:61755]
  &amp#27;[32mAnd &amp#27;[0m&amp#27;[32mi input &amp#27;[0m&amp#27;[32m&amp#27;[1m""&amp#27;[0m&amp#27;[32m my email&amp#27;[0m                &amp#27;[90m# starter.stepdefinitions.registerStep.iInputMyEmail(java.lang.String)&amp#27;[0m
08:35:51.322 [Forwarding screenshot on session d20c4b9dd40febb680c2af851c8eb390 to remote] DEBUG org.asynchttpclient.netty.request.NettyRequestSender - Using pooled Channel '[id: 0xa5d04fe3, L:/127.0.0.1:60872 - R:localhost/127.0.0.1:61755]' for 'GET' to 'http://localhost:61755/session/d20c4b9dd40febb680c2af851c8eb390/screenshot'
08:35:51.322 [Forwarding screenshot on session d20c4b9dd40febb680c2af851c8eb390 to remote] DEBUG org.asynchttpclient.netty.request.NettyRequestSender - Using open Channel [id: 0xa5d04fe3, L:/127.0.0.1:60872 - R:localhost/127.0.0.1:61755] for GET '/session/d20c4b9dd40febb680c2af851c8eb390/screenshot'
08:35:51.575 [AsyncHttpClient-1-2] DEBUG org.asynchttpclient.netty.handler.HttpHandler - 

Request DefaultFullHttpRequest(decodeResult: success, version: HTTP/1.1, content: EmptyByteBufBE)
GET /session/d20c4b9dd40febb680c2af851c8eb390/screenshot HTTP/1.1
User-Agent: selenium/4.1.2 (java windows)
Cache-Control: no-cache
Content-Type: application/json; charset=utf-8
host: localhost:61755
accept: */*

Response DefaultHttpResponse(decodeResult: success, version: HTTP/1.1)
HTTP/1.1 200 OK
Content-Type: application/json; charset=utf-8
cache-control: no-cache
content-length: 46188

08:35:51.576 [AsyncHttpClient-1-2] DEBUG org.asynchttpclient.netty.channel.ChannelManager - Adding key: http://localhost:61755 for channel [id: 0xa5d04fe3, L:/127.0.0.1:60872 - R:localhost/127.0.0.1:61755]
08:35:51.580 [main] DEBUG net.serenitybdd.core.photography.Darkroom - Send negative for processing for target\site\serenity\b2618bb71227c95a87cf8c1c8453a33c7c69b0da961f92160ccc334f0ab19f88.png
08:35:51.581 [Darkroom Processing Line] DEBUG net.serenitybdd.core.photography.DarkroomProcessingLine - Processing screenshot image in /var/screenshots/screenshot-2242980180820842973
08:35:51.581 [Darkroom Processing Line] DEBUG net.serenitybdd.core.photography.DarkroomProcessingLine - Saving screenshot to target\site\serenity\b2618bb71227c95a87cf8c1c8453a33c7c69b0da961f92160ccc334f0ab19f88.png
08:35:51.594 [Forwarding findElement on session d20c4b9dd40febb680c2af851c8eb390 to remote] DEBUG org.asynchttpclient.netty.request.NettyRequestSender - Using pooled Channel '[id: 0xa5d04fe3, L:/127.0.0.1:60872 - R:localhost/127.0.0.1:61755]' for 'POST' to 'http://localhost:61755/session/d20c4b9dd40febb680c2af851c8eb390/element'
08:35:51.594 [Forwarding findElement on session d20c4b9dd40febb680c2af851c8eb390 to remote] DEBUG org.asynchttpclient.netty.request.NettyRequestSender - Using open Channel [id: 0xa5d04fe3, L:/127.0.0.1:60872 - R:localhost/127.0.0.1:61755] for POST '/session/d20c4b9dd40febb680c2af851c8eb390/element'
08:35:51.617 [AsyncHttpClient-1-2] DEBUG org.asynchttpclient.netty.handler.HttpHandler - 

Request DefaultHttpRequest(decodeResult: success, version: HTTP/1.1)
POST /session/d20c4b9dd40febb680c2af851c8eb390/element HTTP/1.1
User-Agent: selenium/4.1.2 (java windows)
Content-Length: 89
Content-Type: application/json; charset=utf-8
host: localhost:61755
accept: */*

Response DefaultHttpResponse(decodeResult: success, version: HTTP/1.1)
HTTP/1.1 200 OK
Content-Type: application/json; charset=utf-8
cache-control: no-cache
content-length: 88

08:35:51.617 [AsyncHttpClient-1-2] DEBUG org.asynchttpclient.netty.channel.ChannelManager - Adding key: http://localhost:61755 for channel [id: 0xa5d04fe3, L:/127.0.0.1:60872 - R:localhost/127.0.0.1:61755]
08:35:51.619 [Forwarding clearElement on session d20c4b9dd40febb680c2af851c8eb390 to remote] DEBUG org.asynchttpclient.netty.request.NettyRequestSender - Using pooled Channel '[id: 0xa5d04fe3, L:/127.0.0.1:60872 - R:localhost/127.0.0.1:61755]' for 'POST' to 'http://localhost:61755/session/d20c4b9dd40febb680c2af851c8eb390/element/1bccba68-475b-4bd8-b6f5-7b31560a964f/clear'
08:35:51.619 [Forwarding clearElement on session d20c4b9dd40febb680c2af851c8eb390 to remote] DEBUG org.asynchttpclient.netty.request.NettyRequestSender - Using open Channel [id: 0xa5d04fe3, L:/127.0.0.1:60872 - R:localhost/127.0.0.1:61755] for POST '/session/d20c4b9dd40febb680c2af851c8eb390/element/1bccba68-475b-4bd8-b6f5-7b31560a964f/clear'
08:35:51.690 [AsyncHttpClient-1-2] DEBUG org.asynchttpclient.netty.handler.HttpHandler - 

Request DefaultHttpRequest(decodeResult: success, version: HTTP/1.1)
POST /session/d20c4b9dd40febb680c2af851c8eb390/element/1bccba68-475b-4bd8-b6f5-7b31560a964f/clear HTTP/1.1
User-Agent: selenium/4.1.2 (java windows)
Content-Length: 50
Content-Type: application/json; charset=utf-8
host: localhost:61755
accept: */*

Response DefaultHttpResponse(decodeResult: success, version: HTTP/1.1)
HTTP/1.1 200 OK
Content-Type: application/json; charset=utf-8
cache-control: no-cache
content-length: 14

08:35:51.690 [AsyncHttpClient-1-2] DEBUG org.asynchttpclient.netty.channel.ChannelManager - Adding key: http://localhost:61755 for channel [id: 0xa5d04fe3, L:/127.0.0.1:60872 - R:localhost/127.0.0.1:61755]
08:35:51.693 [Forwarding sendKeysToElement on session d20c4b9dd40febb680c2af851c8eb390 to remote] DEBUG org.asynchttpclient.netty.request.NettyRequestSender - Using pooled Channel '[id: 0xa5d04fe3, L:/127.0.0.1:60872 - R:localhost/127.0.0.1:61755]' for 'POST' to 'http://localhost:61755/session/d20c4b9dd40febb680c2af851c8eb390/element/1bccba68-475b-4bd8-b6f5-7b31560a964f/value'
08:35:51.693 [Forwarding sendKeysToElement on session d20c4b9dd40febb680c2af851c8eb390 to remote] DEBUG org.asynchttpclient.netty.request.NettyRequestSender - Using open Channel [id: 0xa5d04fe3, L:/127.0.0.1:60872 - R:localhost/127.0.0.1:61755] for POST '/session/d20c4b9dd40febb680c2af851c8eb390/element/1bccba68-475b-4bd8-b6f5-7b31560a964f/value'
08:35:51.855 [AsyncHttpClient-1-2] DEBUG org.asynchttpclient.netty.handler.HttpHandler - 

Request DefaultHttpRequest(decodeResult: success, version: HTTP/1.1)
POST /session/d20c4b9dd40febb680c2af851c8eb390/element/1bccba68-475b-4bd8-b6f5-7b31560a964f/value HTTP/1.1
User-Agent: selenium/4.1.2 (java windows)
Content-Length: 131
Content-Type: application/json; charset=utf-8
host: localhost:61755
accept: */*

Response DefaultHttpResponse(decodeResult: success, version: HTTP/1.1)
HTTP/1.1 200 OK
Content-Type: application/json; charset=utf-8
cache-control: no-cache
content-length: 14

08:35:51.856 [AsyncHttpClient-1-2] DEBUG org.asynchttpclient.netty.channel.ChannelManager - Adding key: http://localhost:61755 for channel [id: 0xa5d04fe3, L:/127.0.0.1:60872 - R:localhost/127.0.0.1:61755]
08:35:51.860 [Forwarding findElement on session d20c4b9dd40febb680c2af851c8eb390 to remote] DEBUG org.asynchttpclient.netty.request.NettyRequestSender - Using pooled Channel '[id: 0xa5d04fe3, L:/127.0.0.1:60872 - R:localhost/127.0.0.1:61755]' for 'POST' to 'http://localhost:61755/session/d20c4b9dd40febb680c2af851c8eb390/element'
08:35:51.860 [Forwarding findElement on session d20c4b9dd40febb680c2af851c8eb390 to remote] DEBUG org.asynchttpclient.netty.request.NettyRequestSender - Using open Channel [id: 0xa5d04fe3, L:/127.0.0.1:60872 - R:localhost/127.0.0.1:61755] for POST '/session/d20c4b9dd40febb680c2af851c8eb390/element'
08:35:51.873 [AsyncHttpClient-1-2] DEBUG org.asynchttpclient.netty.handler.HttpHandler - 

Request DefaultHttpRequest(decodeResult: success, version: HTTP/1.1)
POST /session/d20c4b9dd40febb680c2af851c8eb390/element HTTP/1.1
User-Agent: selenium/4.1.2 (java windows)
Content-Length: 89
Content-Type: application/json; charset=utf-8
host: localhost:61755
accept: */*

Response DefaultHttpResponse(decodeResult: success, version: HTTP/1.1)
HTTP/1.1 200 OK
Content-Type: application/json; charset=utf-8
cache-control: no-cache
content-length: 88

08:35:51.874 [AsyncHttpClient-1-2] DEBUG org.asynchttpclient.netty.channel.ChannelManager - Adding key: http://localhost:61755 for channel [id: 0xa5d04fe3, L:/127.0.0.1:60872 - R:localhost/127.0.0.1:61755]
08:35:51.875 [Forwarding clearElement on session d20c4b9dd40febb680c2af851c8eb390 to remote] DEBUG org.asynchttpclient.netty.request.NettyRequestSender - Using pooled Channel '[id: 0xa5d04fe3, L:/127.0.0.1:60872 - R:localhost/127.0.0.1:61755]' for 'POST' to 'http://localhost:61755/session/d20c4b9dd40febb680c2af851c8eb390/element/1bccba68-475b-4bd8-b6f5-7b31560a964f/clear'
08:35:51.875 [Forwarding clearElement on session d20c4b9dd40febb680c2af851c8eb390 to remote] DEBUG org.asynchttpclient.netty.request.NettyRequestSender - Using open Channel [id: 0xa5d04fe3, L:/127.0.0.1:60872 - R:localhost/127.0.0.1:61755] for POST '/session/d20c4b9dd40febb680c2af851c8eb390/element/1bccba68-475b-4bd8-b6f5-7b31560a964f/clear'
08:35:51.919 [AsyncHttpClient-1-2] DEBUG org.asynchttpclient.netty.handler.HttpHandler - 

Request DefaultHttpRequest(decodeResult: success, version: HTTP/1.1)
POST /session/d20c4b9dd40febb680c2af851c8eb390/element/1bccba68-475b-4bd8-b6f5-7b31560a964f/clear HTTP/1.1
User-Agent: selenium/4.1.2 (java windows)
Content-Length: 50
Content-Type: application/json; charset=utf-8
host: localhost:61755
accept: */*

Response DefaultHttpResponse(decodeResult: success, version: HTTP/1.1)
HTTP/1.1 200 OK
Content-Type: application/json; charset=utf-8
cache-control: no-cache
content-length: 14

08:35:51.920 [AsyncHttpClient-1-2] DEBUG org.asynchttpclient.netty.channel.ChannelManager - Adding key: http://localhost:61755 for channel [id: 0xa5d04fe3, L:/127.0.0.1:60872 - R:localhost/127.0.0.1:61755]
08:35:51.923 [Forwarding sendKeysToElement on session d20c4b9dd40febb680c2af851c8eb390 to remote] DEBUG org.asynchttpclient.netty.request.NettyRequestSender - Using pooled Channel '[id: 0xa5d04fe3, L:/127.0.0.1:60872 - R:localhost/127.0.0.1:61755]' for 'POST' to 'http://localhost:61755/session/d20c4b9dd40febb680c2af851c8eb390/element/1bccba68-475b-4bd8-b6f5-7b31560a964f/value'
08:35:51.923 [Forwarding sendKeysToElement on session d20c4b9dd40febb680c2af851c8eb390 to remote] DEBUG org.asynchttpclient.netty.request.NettyRequestSender - Using open Channel [id: 0xa5d04fe3, L:/127.0.0.1:60872 - R:localhost/127.0.0.1:61755] for POST '/session/d20c4b9dd40febb680c2af851c8eb390/element/1bccba68-475b-4bd8-b6f5-7b31560a964f/value'
08:35:51.933 [AsyncHttpClient-1-1] DEBUG org.asynchttpclient.netty.channel.DefaultChannelPool - Entry count for : http://localhost:60874 : 1
08:35:52.034 [AsyncHttpClient-1-2] DEBUG org.asynchttpclient.netty.handler.HttpHandler - 

Request DefaultHttpRequest(decodeResult: success, version: HTTP/1.1)
POST /session/d20c4b9dd40febb680c2af851c8eb390/element/1bccba68-475b-4bd8-b6f5-7b31560a964f/value HTTP/1.1
User-Agent: selenium/4.1.2 (java windows)
Content-Length: 131
Content-Type: application/json; charset=utf-8
host: localhost:61755
accept: */*

Response DefaultHttpResponse(decodeResult: success, version: HTTP/1.1)
HTTP/1.1 200 OK
Content-Type: application/json; charset=utf-8
cache-control: no-cache
content-length: 14

08:35:52.034 [AsyncHttpClient-1-2] DEBUG org.asynchttpclient.netty.channel.ChannelManager - Adding key: http://localhost:61755 for channel [id: 0xa5d04fe3, L:/127.0.0.1:60872 - R:localhost/127.0.0.1:61755]
  &amp#27;[32mAnd &amp#27;[0m&amp#27;[32mi input &amp#27;[0m&amp#27;[32m&amp#27;[1m"sonya"&amp#27;[0m&amp#27;[32m my password&amp#27;[0m        &amp#27;[90m# starter.stepdefinitions.registerStep.iInputMyPassword(java.lang.String)&amp#27;[0m
08:35:52.042 [Forwarding screenshot on session d20c4b9dd40febb680c2af851c8eb390 to remote] DEBUG org.asynchttpclient.netty.request.NettyRequestSender - Using pooled Channel '[id: 0xa5d04fe3, L:/127.0.0.1:60872 - R:localhost/127.0.0.1:61755]' for 'GET' to 'http://localhost:61755/session/d20c4b9dd40febb680c2af851c8eb390/screenshot'
08:35:52.042 [Forwarding screenshot on session d20c4b9dd40febb680c2af851c8eb390 to remote] DEBUG org.asynchttpclient.netty.request.NettyRequestSender - Using open Channel [id: 0xa5d04fe3, L:/127.0.0.1:60872 - R:localhost/127.0.0.1:61755] for GET '/session/d20c4b9dd40febb680c2af851c8eb390/screenshot'
08:35:52.305 [AsyncHttpClient-1-2] DEBUG org.asynchttpclient.netty.handler.HttpHandler - 

Request DefaultFullHttpRequest(decodeResult: success, version: HTTP/1.1, content: EmptyByteBufBE)
GET /session/d20c4b9dd40febb680c2af851c8eb390/screenshot HTTP/1.1
User-Agent: selenium/4.1.2 (java windows)
Cache-Control: no-cache
Content-Type: application/json; charset=utf-8
host: localhost:61755
accept: */*

Response DefaultHttpResponse(decodeResult: success, version: HTTP/1.1)
HTTP/1.1 200 OK
Content-Type: application/json; charset=utf-8
cache-control: no-cache
content-length: 49476

08:35:52.305 [AsyncHttpClient-1-2] DEBUG org.asynchttpclient.netty.channel.ChannelManager - Adding key: http://localhost:61755 for channel [id: 0xa5d04fe3, L:/127.0.0.1:60872 - R:localhost/127.0.0.1:61755]
08:35:52.307 [main] DEBUG net.serenitybdd.core.photography.Darkroom - Send negative for processing for target\site\serenity\a742bf2ba794e81490f758d68b6ff4b7210ba2ed7b3d07ea565e2d417017e810.png
08:35:52.308 [Darkroom Processing Line] DEBUG net.serenitybdd.core.photography.DarkroomProcessingLine - Processing screenshot image in /var/screenshots/screenshot-13189610971326399776
08:35:52.308 [Darkroom Processing Line] DEBUG net.serenitybdd.core.photography.DarkroomProcessingLine - Saving screenshot to target\site\serenity\a742bf2ba794e81490f758d68b6ff4b7210ba2ed7b3d07ea565e2d417017e810.png
08:35:52.320 [Forwarding findElement on session d20c4b9dd40febb680c2af851c8eb390 to remote] DEBUG org.asynchttpclient.netty.request.NettyRequestSender - Using pooled Channel '[id: 0xa5d04fe3, L:/127.0.0.1:60872 - R:localhost/127.0.0.1:61755]' for 'POST' to 'http://localhost:61755/session/d20c4b9dd40febb680c2af851c8eb390/element'
08:35:52.320 [Forwarding findElement on session d20c4b9dd40febb680c2af851c8eb390 to remote] DEBUG org.asynchttpclient.netty.request.NettyRequestSender - Using open Channel [id: 0xa5d04fe3, L:/127.0.0.1:60872 - R:localhost/127.0.0.1:61755] for POST '/session/d20c4b9dd40febb680c2af851c8eb390/element'
08:35:52.339 [AsyncHttpClient-1-2] DEBUG org.asynchttpclient.netty.handler.HttpHandler - 

Request DefaultHttpRequest(decodeResult: success, version: HTTP/1.1)
POST /session/d20c4b9dd40febb680c2af851c8eb390/element HTTP/1.1
User-Agent: selenium/4.1.2 (java windows)
Content-Length: 75
Content-Type: application/json; charset=utf-8
host: localhost:61755
accept: */*

Response DefaultHttpResponse(decodeResult: success, version: HTTP/1.1)
HTTP/1.1 200 OK
Content-Type: application/json; charset=utf-8
cache-control: no-cache
content-length: 88

08:35:52.339 [AsyncHttpClient-1-2] DEBUG org.asynchttpclient.netty.channel.ChannelManager - Adding key: http://localhost:61755 for channel [id: 0xa5d04fe3, L:/127.0.0.1:60872 - R:localhost/127.0.0.1:61755]
08:35:52.341 [Forwarding getElementTagName on session d20c4b9dd40febb680c2af851c8eb390 to remote] DEBUG org.asynchttpclient.netty.request.NettyRequestSender - Using pooled Channel '[id: 0xa5d04fe3, L:/127.0.0.1:60872 - R:localhost/127.0.0.1:61755]' for 'GET' to 'http://localhost:61755/session/d20c4b9dd40febb680c2af851c8eb390/element/f0a73b6b-480b-4201-b9e8-ebb71a8e8c7b/name'
08:35:52.341 [Forwarding getElementTagName on session d20c4b9dd40febb680c2af851c8eb390 to remote] DEBUG org.asynchttpclient.netty.request.NettyRequestSender - Using open Channel [id: 0xa5d04fe3, L:/127.0.0.1:60872 - R:localhost/127.0.0.1:61755] for GET '/session/d20c4b9dd40febb680c2af851c8eb390/element/f0a73b6b-480b-4201-b9e8-ebb71a8e8c7b/name'
08:35:52.349 [AsyncHttpClient-1-2] DEBUG org.asynchttpclient.netty.handler.HttpHandler - 

Request DefaultFullHttpRequest(decodeResult: success, version: HTTP/1.1, content: EmptyByteBufBE)
GET /session/d20c4b9dd40febb680c2af851c8eb390/element/f0a73b6b-480b-4201-b9e8-ebb71a8e8c7b/name HTTP/1.1
User-Agent: selenium/4.1.2 (java windows)
Cache-Control: no-cache
Content-Type: application/json; charset=utf-8
host: localhost:61755
accept: */*

Response DefaultHttpResponse(decodeResult: success, version: HTTP/1.1)
HTTP/1.1 200 OK
Content-Type: application/json; charset=utf-8
cache-control: no-cache
content-length: 18

08:35:52.349 [AsyncHttpClient-1-2] DEBUG org.asynchttpclient.netty.channel.ChannelManager - Adding key: http://localhost:61755 for channel [id: 0xa5d04fe3, L:/127.0.0.1:60872 - R:localhost/127.0.0.1:61755]
08:35:52.351 [Forwarding getElementTagName on session d20c4b9dd40febb680c2af851c8eb390 to remote] DEBUG org.asynchttpclient.netty.request.NettyRequestSender - Using pooled Channel '[id: 0xa5d04fe3, L:/127.0.0.1:60872 - R:localhost/127.0.0.1:61755]' for 'GET' to 'http://localhost:61755/session/d20c4b9dd40febb680c2af851c8eb390/element/f0a73b6b-480b-4201-b9e8-ebb71a8e8c7b/name'
08:35:52.351 [Forwarding getElementTagName on session d20c4b9dd40febb680c2af851c8eb390 to remote] DEBUG org.asynchttpclient.netty.request.NettyRequestSender - Using open Channel [id: 0xa5d04fe3, L:/127.0.0.1:60872 - R:localhost/127.0.0.1:61755] for GET '/session/d20c4b9dd40febb680c2af851c8eb390/element/f0a73b6b-480b-4201-b9e8-ebb71a8e8c7b/name'
08:35:52.356 [AsyncHttpClient-1-2] DEBUG org.asynchttpclient.netty.handler.HttpHandler - 

Request DefaultFullHttpRequest(decodeResult: success, version: HTTP/1.1, content: EmptyByteBufBE)
GET /session/d20c4b9dd40febb680c2af851c8eb390/element/f0a73b6b-480b-4201-b9e8-ebb71a8e8c7b/name HTTP/1.1
User-Agent: selenium/4.1.2 (java windows)
Cache-Control: no-cache
Content-Type: application/json; charset=utf-8
host: localhost:61755
accept: */*

Response DefaultHttpResponse(decodeResult: success, version: HTTP/1.1)
HTTP/1.1 200 OK
Content-Type: application/json; charset=utf-8
cache-control: no-cache
content-length: 18

08:35:52.356 [AsyncHttpClient-1-2] DEBUG org.asynchttpclient.netty.channel.ChannelManager - Adding key: http://localhost:61755 for channel [id: 0xa5d04fe3, L:/127.0.0.1:60872 - R:localhost/127.0.0.1:61755]
08:35:52.358 [Forwarding isElementEnabled on session d20c4b9dd40febb680c2af851c8eb390 to remote] DEBUG org.asynchttpclient.netty.request.NettyRequestSender - Using pooled Channel '[id: 0xa5d04fe3, L:/127.0.0.1:60872 - R:localhost/127.0.0.1:61755]' for 'GET' to 'http://localhost:61755/session/d20c4b9dd40febb680c2af851c8eb390/element/f0a73b6b-480b-4201-b9e8-ebb71a8e8c7b/enabled'
08:35:52.358 [Forwarding isElementEnabled on session d20c4b9dd40febb680c2af851c8eb390 to remote] DEBUG org.asynchttpclient.netty.request.NettyRequestSender - Using open Channel [id: 0xa5d04fe3, L:/127.0.0.1:60872 - R:localhost/127.0.0.1:61755] for GET '/session/d20c4b9dd40febb680c2af851c8eb390/element/f0a73b6b-480b-4201-b9e8-ebb71a8e8c7b/enabled'
08:35:52.373 [AsyncHttpClient-1-2] DEBUG org.asynchttpclient.netty.handler.HttpHandler - 

Request DefaultFullHttpRequest(decodeResult: success, version: HTTP/1.1, content: EmptyByteBufBE)
GET /session/d20c4b9dd40febb680c2af851c8eb390/element/f0a73b6b-480b-4201-b9e8-ebb71a8e8c7b/enabled HTTP/1.1
User-Agent: selenium/4.1.2 (java windows)
Cache-Control: no-cache
Content-Type: application/json; charset=utf-8
host: localhost:61755
accept: */*

Response DefaultHttpResponse(decodeResult: success, version: HTTP/1.1)
HTTP/1.1 200 OK
Content-Type: application/json; charset=utf-8
cache-control: no-cache
content-length: 14

08:35:52.373 [AsyncHttpClient-1-2] DEBUG org.asynchttpclient.netty.channel.ChannelManager - Adding key: http://localhost:61755 for channel [id: 0xa5d04fe3, L:/127.0.0.1:60872 - R:localhost/127.0.0.1:61755]
08:35:52.376 [Forwarding isElementEnabled on session d20c4b9dd40febb680c2af851c8eb390 to remote] DEBUG org.asynchttpclient.netty.request.NettyRequestSender - Using pooled Channel '[id: 0xa5d04fe3, L:/127.0.0.1:60872 - R:localhost/127.0.0.1:61755]' for 'GET' to 'http://localhost:61755/session/d20c4b9dd40febb680c2af851c8eb390/element/f0a73b6b-480b-4201-b9e8-ebb71a8e8c7b/enabled'
08:35:52.377 [Forwarding isElementEnabled on session d20c4b9dd40febb680c2af851c8eb390 to remote] DEBUG org.asynchttpclient.netty.request.NettyRequestSender - Using open Channel [id: 0xa5d04fe3, L:/127.0.0.1:60872 - R:localhost/127.0.0.1:61755] for GET '/session/d20c4b9dd40febb680c2af851c8eb390/element/f0a73b6b-480b-4201-b9e8-ebb71a8e8c7b/enabled'
08:35:52.407 [AsyncHttpClient-1-2] DEBUG org.asynchttpclient.netty.handler.HttpHandler - 

Request DefaultFullHttpRequest(decodeResult: success, version: HTTP/1.1, content: EmptyByteBufBE)
GET /session/d20c4b9dd40febb680c2af851c8eb390/element/f0a73b6b-480b-4201-b9e8-ebb71a8e8c7b/enabled HTTP/1.1
User-Agent: selenium/4.1.2 (java windows)
Cache-Control: no-cache
Content-Type: application/json; charset=utf-8
host: localhost:61755
accept: */*

Response DefaultHttpResponse(decodeResult: success, version: HTTP/1.1)
HTTP/1.1 200 OK
Content-Type: application/json; charset=utf-8
cache-control: no-cache
content-length: 14

08:35:52.407 [AsyncHttpClient-1-2] DEBUG org.asynchttpclient.netty.channel.ChannelManager - Adding key: http://localhost:61755 for channel [id: 0xa5d04fe3, L:/127.0.0.1:60872 - R:localhost/127.0.0.1:61755]
08:35:52.410 [Forwarding findElement on session d20c4b9dd40febb680c2af851c8eb390 to remote] DEBUG org.asynchttpclient.netty.request.NettyRequestSender - Using pooled Channel '[id: 0xa5d04fe3, L:/127.0.0.1:60872 - R:localhost/127.0.0.1:61755]' for 'POST' to 'http://localhost:61755/session/d20c4b9dd40febb680c2af851c8eb390/element'
08:35:52.410 [Forwarding findElement on session d20c4b9dd40febb680c2af851c8eb390 to remote] DEBUG org.asynchttpclient.netty.request.NettyRequestSender - Using open Channel [id: 0xa5d04fe3, L:/127.0.0.1:60872 - R:localhost/127.0.0.1:61755] for POST '/session/d20c4b9dd40febb680c2af851c8eb390/element'
08:35:52.692 [AsyncHttpClient-1-2] DEBUG org.asynchttpclient.netty.handler.HttpHandler - 

Request DefaultHttpRequest(decodeResult: success, version: HTTP/1.1)
POST /session/d20c4b9dd40febb680c2af851c8eb390/element HTTP/1.1
User-Agent: selenium/4.1.2 (java windows)
Content-Length: 75
Content-Type: application/json; charset=utf-8
host: localhost:61755
accept: */*

Response DefaultHttpResponse(decodeResult: success, version: HTTP/1.1)
HTTP/1.1 200 OK
Content-Type: application/json; charset=utf-8
cache-control: no-cache
content-length: 88

08:35:52.693 [AsyncHttpClient-1-2] DEBUG org.asynchttpclient.netty.channel.ChannelManager - Adding key: http://localhost:61755 for channel [id: 0xa5d04fe3, L:/127.0.0.1:60872 - R:localhost/127.0.0.1:61755]
08:35:52.695 [Forwarding clickElement on session d20c4b9dd40febb680c2af851c8eb390 to remote] DEBUG org.asynchttpclient.netty.request.NettyRequestSender - Using pooled Channel '[id: 0xa5d04fe3, L:/127.0.0.1:60872 - R:localhost/127.0.0.1:61755]' for 'POST' to 'http://localhost:61755/session/d20c4b9dd40febb680c2af851c8eb390/element/f0a73b6b-480b-4201-b9e8-ebb71a8e8c7b/click'
08:35:52.695 [Forwarding clickElement on session d20c4b9dd40febb680c2af851c8eb390 to remote] DEBUG org.asynchttpclient.netty.request.NettyRequestSender - Using open Channel [id: 0xa5d04fe3, L:/127.0.0.1:60872 - R:localhost/127.0.0.1:61755] for POST '/session/d20c4b9dd40febb680c2af851c8eb390/element/f0a73b6b-480b-4201-b9e8-ebb71a8e8c7b/click'
08:35:52.904 [AsyncHttpClient-1-2] DEBUG org.asynchttpclient.netty.handler.HttpHandler - 

Request DefaultHttpRequest(decodeResult: success, version: HTTP/1.1)
POST /session/d20c4b9dd40febb680c2af851c8eb390/element/f0a73b6b-480b-4201-b9e8-ebb71a8e8c7b/click HTTP/1.1
User-Agent: selenium/4.1.2 (java windows)
Content-Length: 50
Content-Type: application/json; charset=utf-8
host: localhost:61755
accept: */*

Response DefaultHttpResponse(decodeResult: success, version: HTTP/1.1)
HTTP/1.1 200 OK
Content-Type: application/json; charset=utf-8
cache-control: no-cache
content-length: 14

08:35:52.904 [AsyncHttpClient-1-2] DEBUG org.asynchttpclient.netty.channel.ChannelManager - Adding key: http://localhost:61755 for channel [id: 0xa5d04fe3, L:/127.0.0.1:60872 - R:localhost/127.0.0.1:61755]
  &amp#27;[32mAnd &amp#27;[0m&amp#27;[32mi click register button&amp#27;[0m            &amp#27;[90m# starter.stepdefinitions.registerStep.iClickRegisterButton()&amp#27;[0m
08:35:52.913 [Forwarding screenshot on session d20c4b9dd40febb680c2af851c8eb390 to remote] DEBUG org.asynchttpclient.netty.request.NettyRequestSender - Using pooled Channel '[id: 0xa5d04fe3, L:/127.0.0.1:60872 - R:localhost/127.0.0.1:61755]' for 'GET' to 'http://localhost:61755/session/d20c4b9dd40febb680c2af851c8eb390/screenshot'
08:35:52.914 [Forwarding screenshot on session d20c4b9dd40febb680c2af851c8eb390 to remote] DEBUG org.asynchttpclient.netty.request.NettyRequestSender - Using open Channel [id: 0xa5d04fe3, L:/127.0.0.1:60872 - R:localhost/127.0.0.1:61755] for GET '/session/d20c4b9dd40febb680c2af851c8eb390/screenshot'
08:35:53.027 [AsyncHttpClient-1-1] DEBUG org.asynchttpclient.netty.channel.DefaultChannelPool - Entry count for : http://localhost:60874 : 1
08:35:53.259 [AsyncHttpClient-1-2] DEBUG org.asynchttpclient.netty.handler.HttpHandler - 

Request DefaultFullHttpRequest(decodeResult: success, version: HTTP/1.1, content: EmptyByteBufBE)
GET /session/d20c4b9dd40febb680c2af851c8eb390/screenshot HTTP/1.1
User-Agent: selenium/4.1.2 (java windows)
Cache-Control: no-cache
Content-Type: application/json; charset=utf-8
host: localhost:61755
accept: */*

Response DefaultHttpResponse(decodeResult: success, version: HTTP/1.1)
HTTP/1.1 200 OK
Content-Type: application/json; charset=utf-8
cache-control: no-cache
content-length: 52228

08:35:53.259 [AsyncHttpClient-1-2] DEBUG org.asynchttpclient.netty.channel.ChannelManager - Adding key: http://localhost:61755 for channel [id: 0xa5d04fe3, L:/127.0.0.1:60872 - R:localhost/127.0.0.1:61755]
08:35:53.262 [main] DEBUG net.serenitybdd.core.photography.Darkroom - Send negative for processing for target\site\serenity\68eeaa3f34be7c21f8c003875855d33503f3ac1e1c57f2b018313a1177458364.png
08:35:53.262 [Darkroom Processing Line] DEBUG net.serenitybdd.core.photography.DarkroomProcessingLine - Processing screenshot image in /var/screenshots/screenshot-12758288920477268685
08:35:53.262 [Darkroom Processing Line] DEBUG net.serenitybdd.core.photography.DarkroomProcessingLine - Saving screenshot to target\site\serenity\68eeaa3f34be7c21f8c003875855d33503f3ac1e1c57f2b018313a1177458364.png
08:35:53.268 [Forwarding findElement on session d20c4b9dd40febb680c2af851c8eb390 to remote] DEBUG org.asynchttpclient.netty.request.NettyRequestSender - Using pooled Channel '[id: 0xa5d04fe3, L:/127.0.0.1:60872 - R:localhost/127.0.0.1:61755]' for 'POST' to 'http://localhost:61755/session/d20c4b9dd40febb680c2af851c8eb390/element'
08:35:53.268 [Forwarding findElement on session d20c4b9dd40febb680c2af851c8eb390 to remote] DEBUG org.asynchttpclient.netty.request.NettyRequestSender - Using open Channel [id: 0xa5d04fe3, L:/127.0.0.1:60872 - R:localhost/127.0.0.1:61755] for POST '/session/d20c4b9dd40febb680c2af851c8eb390/element'
08:35:53.275 [AsyncHttpClient-1-2] DEBUG org.asynchttpclient.netty.handler.HttpHandler - 

Request DefaultHttpRequest(decodeResult: success, version: HTTP/1.1)
POST /session/d20c4b9dd40febb680c2af851c8eb390/element HTTP/1.1
User-Agent: selenium/4.1.2 (java windows)
Content-Length: 86
Content-Type: application/json; charset=utf-8
host: localhost:61755
accept: */*

Response DefaultHttpResponse(decodeResult: success, version: HTTP/1.1)
HTTP/1.1 200 OK
Content-Type: application/json; charset=utf-8
cache-control: no-cache
content-length: 88

08:35:53.275 [AsyncHttpClient-1-2] DEBUG org.asynchttpclient.netty.channel.ChannelManager - Adding key: http://localhost:61755 for channel [id: 0xa5d04fe3, L:/127.0.0.1:60872 - R:localhost/127.0.0.1:61755]
08:35:53.279 [Forwarding isElementDisplayed on session d20c4b9dd40febb680c2af851c8eb390 to remote] DEBUG org.asynchttpclient.netty.request.NettyRequestSender - Using pooled Channel '[id: 0xa5d04fe3, L:/127.0.0.1:60872 - R:localhost/127.0.0.1:61755]' for 'POST' to 'http://localhost:61755/session/d20c4b9dd40febb680c2af851c8eb390/execute/sync'
08:35:53.279 [Forwarding isElementDisplayed on session d20c4b9dd40febb680c2af851c8eb390 to remote] DEBUG org.asynchttpclient.netty.request.NettyRequestSender - Using open Channel [id: 0xa5d04fe3, L:/127.0.0.1:60872 - R:localhost/127.0.0.1:61755] for POST '/session/d20c4b9dd40febb680c2af851c8eb390/execute/sync'
08:35:53.293 [AsyncHttpClient-1-2] DEBUG org.asynchttpclient.netty.handler.HttpHandler - 

Request DefaultHttpRequest(decodeResult: success, version: HTTP/1.1)
POST /session/d20c4b9dd40febb680c2af851c8eb390/execute/sync HTTP/1.1
User-Agent: selenium/4.1.2 (java windows)
Content-Length: 48780
Content-Type: application/json; charset=utf-8
host: localhost:61755
accept: */*

Response DefaultHttpResponse(decodeResult: success, version: HTTP/1.1)
HTTP/1.1 200 OK
Content-Type: application/json; charset=utf-8
cache-control: no-cache
content-length: 14

08:35:53.293 [AsyncHttpClient-1-2] DEBUG org.asynchttpclient.netty.channel.ChannelManager - Adding key: http://localhost:61755 for channel [id: 0xa5d04fe3, L:/127.0.0.1:60872 - R:localhost/127.0.0.1:61755]
08:35:53.296 [Forwarding findElement on session d20c4b9dd40febb680c2af851c8eb390 to remote] DEBUG org.asynchttpclient.netty.request.NettyRequestSender - Using pooled Channel '[id: 0xa5d04fe3, L:/127.0.0.1:60872 - R:localhost/127.0.0.1:61755]' for 'POST' to 'http://localhost:61755/session/d20c4b9dd40febb680c2af851c8eb390/element'
08:35:53.296 [Forwarding findElement on session d20c4b9dd40febb680c2af851c8eb390 to remote] DEBUG org.asynchttpclient.netty.request.NettyRequestSender - Using open Channel [id: 0xa5d04fe3, L:/127.0.0.1:60872 - R:localhost/127.0.0.1:61755] for POST '/session/d20c4b9dd40febb680c2af851c8eb390/element'
08:35:53.309 [AsyncHttpClient-1-2] DEBUG org.asynchttpclient.netty.handler.HttpHandler - 

Request DefaultHttpRequest(decodeResult: success, version: HTTP/1.1)
POST /session/d20c4b9dd40febb680c2af851c8eb390/element HTTP/1.1
User-Agent: selenium/4.1.2 (java windows)
Content-Length: 149
Content-Type: application/json; charset=utf-8
host: localhost:61755
accept: */*

Response DefaultHttpResponse(decodeResult: success, version: HTTP/1.1)
HTTP/1.1 200 OK
Content-Type: application/json; charset=utf-8
cache-control: no-cache
content-length: 88

08:35:53.309 [AsyncHttpClient-1-2] DEBUG org.asynchttpclient.netty.channel.ChannelManager - Adding key: http://localhost:61755 for channel [id: 0xa5d04fe3, L:/127.0.0.1:60872 - R:localhost/127.0.0.1:61755]
08:35:53.314 [Forwarding isElementDisplayed on session d20c4b9dd40febb680c2af851c8eb390 to remote] DEBUG org.asynchttpclient.netty.request.NettyRequestSender - Using pooled Channel '[id: 0xa5d04fe3, L:/127.0.0.1:60872 - R:localhost/127.0.0.1:61755]' for 'POST' to 'http://localhost:61755/session/d20c4b9dd40febb680c2af851c8eb390/execute/sync'
08:35:53.314 [Forwarding isElementDisplayed on session d20c4b9dd40febb680c2af851c8eb390 to remote] DEBUG org.asynchttpclient.netty.request.NettyRequestSender - Using open Channel [id: 0xa5d04fe3, L:/127.0.0.1:60872 - R:localhost/127.0.0.1:61755] for POST '/session/d20c4b9dd40febb680c2af851c8eb390/execute/sync'
08:35:53.332 [AsyncHttpClient-1-2] DEBUG org.asynchttpclient.netty.handler.HttpHandler - 

Request DefaultHttpRequest(decodeResult: success, version: HTTP/1.1)
POST /session/d20c4b9dd40febb680c2af851c8eb390/execute/sync HTTP/1.1
User-Agent: selenium/4.1.2 (java windows)
Content-Length: 48780
Content-Type: application/json; charset=utf-8
host: localhost:61755
accept: */*

Response DefaultHttpResponse(decodeResult: success, version: HTTP/1.1)
HTTP/1.1 200 OK
Content-Type: application/json; charset=utf-8
cache-control: no-cache
content-length: 14

08:35:53.332 [AsyncHttpClient-1-2] DEBUG org.asynchttpclient.netty.channel.ChannelManager - Adding key: http://localhost:61755 for channel [id: 0xa5d04fe3, L:/127.0.0.1:60872 - R:localhost/127.0.0.1:61755]
  &amp#27;[32mThen &amp#27;[0m&amp#27;[32mi get my &amp#27;[0m&amp#27;[32m&amp#27;[1m"Register Page"&amp#27;[0m          &amp#27;[90m# starter.stepdefinitions.registerStep.iGetMy(java.lang.String)&amp#27;[0m
08:35:53.337 [Forwarding screenshot on session d20c4b9dd40febb680c2af851c8eb390 to remote] DEBUG org.asynchttpclient.netty.request.NettyRequestSender - Using pooled Channel '[id: 0xa5d04fe3, L:/127.0.0.1:60872 - R:localhost/127.0.0.1:61755]' for 'GET' to 'http://localhost:61755/session/d20c4b9dd40febb680c2af851c8eb390/screenshot'
08:35:53.337 [Forwarding screenshot on session d20c4b9dd40febb680c2af851c8eb390 to remote] DEBUG org.asynchttpclient.netty.request.NettyRequestSender - Using open Channel [id: 0xa5d04fe3, L:/127.0.0.1:60872 - R:localhost/127.0.0.1:61755] for GET '/session/d20c4b9dd40febb680c2af851c8eb390/screenshot'
08:35:53.526 [AsyncHttpClient-1-2] DEBUG org.asynchttpclient.netty.handler.HttpHandler - 

Request DefaultFullHttpRequest(decodeResult: success, version: HTTP/1.1, content: EmptyByteBufBE)
GET /session/d20c4b9dd40febb680c2af851c8eb390/screenshot HTTP/1.1
User-Agent: selenium/4.1.2 (java windows)
Cache-Control: no-cache
Content-Type: application/json; charset=utf-8
host: localhost:61755
accept: */*

Response DefaultHttpResponse(decodeResult: success, version: HTTP/1.1)
HTTP/1.1 200 OK
Content-Type: application/json; charset=utf-8
cache-control: no-cache
content-length: 51604

08:35:53.526 [AsyncHttpClient-1-2] DEBUG org.asynchttpclient.netty.channel.ChannelManager - Adding key: http://localhost:61755 for channel [id: 0xa5d04fe3, L:/127.0.0.1:60872 - R:localhost/127.0.0.1:61755]
08:35:53.528 [main] DEBUG net.serenitybdd.core.photography.Darkroom - Send negative for processing for target\site\serenity\945acd5290fd7678a65e3ad4e96385e108d0d7eea07a52c826414bbbdd311f6b.png
08:35:53.528 [Darkroom Processing Line] DEBUG net.serenitybdd.core.photography.DarkroomProcessingLine - Processing screenshot image in /var/screenshots/screenshot-8426273117735101015
08:35:53.529 [Darkroom Processing Line] DEBUG net.serenitybdd.core.photography.DarkroomProcessingLine - Saving screenshot to target\site\serenity\945acd5290fd7678a65e3ad4e96385e108d0d7eea07a52c826414bbbdd311f6b.png
08:35:53.534 [Driver Command Executor] DEBUG org.asynchttpclient.netty.request.NettyRequestSender - Using pooled Channel '[id: 0xa5d04fe3, L:/127.0.0.1:60872 - R:localhost/127.0.0.1:61755]' for 'DELETE' to 'http://localhost:61755/session/d20c4b9dd40febb680c2af851c8eb390'
08:35:53.534 [Driver Command Executor] DEBUG org.asynchttpclient.netty.request.NettyRequestSender - Using open Channel [id: 0xa5d04fe3, L:/127.0.0.1:60872 - R:localhost/127.0.0.1:61755] for DELETE '/session/d20c4b9dd40febb680c2af851c8eb390'
08:35:53.534 [AsyncHttpClient-1-4] DEBUG org.asynchttpclient.netty.handler.WebSocketHandler - Channel Closed: [id: 0xfa4742ee, L:/127.0.0.1:60881 ! R:localhost/127.0.0.1:60874] with attribute NettyResponseFuture{currentRetry=5,
	isDone=1,
	isCancelled=0,
	asyncHandler=org.asynchttpclient.ws.WebSocketUpgradeHandler@3bcf0f64,
	nettyRequest=org.asynchttpclient.netty.request.NettyRequest@453d4b58,
	future=java.util.concurrent.CompletableFuture@23d4a0eb[Completed normally],
	uri=ws://localhost:60874/devtools/browser/f85c8abe-e121-4191-ad2f-528176c85b0e,
	keepAlive=true,
	redirectCount=0,
	timeoutsHolder=null,
	inAuth=0,
	touch=1652837742623}
08:35:53.534 [AsyncHttpClient-1-4] DEBUG org.asynchttpclient.netty.channel.ChannelManager - Closing Channel [id: 0xfa4742ee, L:/127.0.0.1:60881 ! R:localhost/127.0.0.1:60874] 
08:35:53.633 [AsyncHttpClient-1-3] DEBUG org.asynchttpclient.netty.handler.HttpHandler - Unexpected I/O exception on channel [id: 0x70663b1e, L:/127.0.0.1:60880 - R:localhost/127.0.0.1:60874]
java.net.SocketException: Connection reset
	at java.base/sun.nio.ch.SocketChannelImpl.throwConnectionReset(SocketChannelImpl.java:367)
	at java.base/sun.nio.ch.SocketChannelImpl.read(SocketChannelImpl.java:398)
	at io.netty.buffer.PooledByteBuf.setBytes(PooledByteBuf.java:258)
	at io.netty.buffer.AbstractByteBuf.writeBytes(AbstractByteBuf.java:1132)
	at io.netty.channel.socket.nio.NioSocketChannel.doReadBytes(NioSocketChannel.java:350)
	at io.netty.channel.nio.AbstractNioByteChannel$NioByteUnsafe.read(AbstractNioByteChannel.java:151)
	at io.netty.channel.nio.NioEventLoop.processSelectedKey(NioEventLoop.java:722)
	at io.netty.channel.nio.NioEventLoop.processSelectedKeysOptimized(NioEventLoop.java:658)
	at io.netty.channel.nio.NioEventLoop.processSelectedKeys(NioEventLoop.java:584)
	at io.netty.channel.nio.NioEventLoop.run(NioEventLoop.java:496)
	at io.netty.util.concurrent.SingleThreadEventExecutor$4.run(SingleThreadEventExecutor.java:986)
	at io.netty.util.internal.ThreadExecutorMap$2.run(ThreadExecutorMap.java:74)
	at io.netty.util.concurrent.FastThreadLocalRunnable.run(FastThreadLocalRunnable.java:30)
	at java.base/java.lang.Thread.run(Thread.java:832)
08:35:53.633 [AsyncHttpClient-1-3] DEBUG org.asynchttpclient.netty.channel.ChannelManager - Closing Channel [id: 0x70663b1e, L:/127.0.0.1:60880 - R:localhost/127.0.0.1:60874] 
08:35:53.633 [AsyncHttpClient-1-3] DEBUG org.asynchttpclient.netty.handler.HttpHandler - Channel Closed: [id: 0x70663b1e, L:/127.0.0.1:60880 ! R:localhost/127.0.0.1:60874] with attribute DISCARD
08:35:53.649 [AsyncHttpClient-1-2] DEBUG org.asynchttpclient.netty.handler.HttpHandler - 

Request DefaultFullHttpRequest(decodeResult: success, version: HTTP/1.1, content: EmptyByteBufBE)
DELETE /session/d20c4b9dd40febb680c2af851c8eb390 HTTP/1.1
User-Agent: selenium/4.1.2 (java windows)
Content-Type: application/json; charset=utf-8
host: localhost:61755
accept: */*

Response DefaultHttpResponse(decodeResult: success, version: HTTP/1.1)
HTTP/1.1 200 OK
Content-Type: application/json; charset=utf-8
cache-control: no-cache
content-length: 14

08:35:53.650 [AsyncHttpClient-1-2] DEBUG org.asynchttpclient.netty.channel.ChannelManager - Adding key: http://localhost:61755 for channel [id: 0xa5d04fe3, L:/127.0.0.1:60872 - R:localhost/127.0.0.1:61755]
08:35:53.845 [AsyncHttpClient-1-2] DEBUG org.asynchttpclient.netty.handler.HttpHandler - Channel Closed: [id: 0xa5d04fe3, L:/127.0.0.1:60872 ! R:localhost/127.0.0.1:61755] with attribute DISCARD
08:35:54.127 [AsyncHttpClient-1-1] DEBUG org.asynchttpclient.netty.channel.DefaultChannelPool - Entry count for : http://localhost:60874 : 1
08:35:54.127 [AsyncHttpClient-1-1] DEBUG org.asynchttpclient.netty.channel.DefaultChannelPool - Entry count for : http://localhost:61755 : 1
08:35:54.127 [AsyncHttpClient-1-1] DEBUG org.asynchttpclient.netty.channel.DefaultChannelPool - Adding Candidate expired Channel [id: 0x70663b1e, L:/127.0.0.1:60880 ! R:localhost/127.0.0.1:60874] isIdleTimeoutExpired=false isRemotelyClosed=true isTtlExpired=false
08:35:54.127 [AsyncHttpClient-1-1] DEBUG org.asynchttpclient.netty.channel.DefaultChannelPool - Closing Idle Channel [id: 0x70663b1e, L:/127.0.0.1:60880 ! R:localhost/127.0.0.1:60874]
08:35:54.127 [AsyncHttpClient-1-1] DEBUG org.asynchttpclient.netty.channel.DefaultChannelPool - Adding Candidate expired Channel [id: 0xa5d04fe3, L:/127.0.0.1:60872 ! R:localhost/127.0.0.1:61755] isIdleTimeoutExpired=false isRemotelyClosed=true isTtlExpired=false
08:35:54.127 [AsyncHttpClient-1-1] DEBUG org.asynchttpclient.netty.channel.DefaultChannelPool - Closing Idle Channel [id: 0xa5d04fe3, L:/127.0.0.1:60872 ! R:localhost/127.0.0.1:61755]
08:35:54.127 [AsyncHttpClient-1-1] DEBUG org.asynchttpclient.netty.channel.DefaultChannelPool - Closed 2 connections out of 2 in 0 ms
]]></system-out>
    <system-err><![CDATA[Starting ChromeDriver 101.0.4951.41 (93c720db8323b3ec10d056025ab95c23a31997c9-refs/branch-heads/4951@{#904}) on port 61755
Only local connections are allowed.
Please see https://chromedriver.chromium.org/security-considerations for suggestions on keeping ChromeDriver safe.
ChromeDriver was started successfully.
May 18, 2022 8:35:42 AM org.openqa.selenium.remote.ProtocolHandshake createSession
INFO: Detected dialect: W3C
May 18, 2022 8:35:42 AM org.openqa.selenium.devtools.CdpVersionFinder findNearestMatch
WARNING: Unable to find an exact match for CDP version 101, so returning the closest version found: 97
May 18, 2022 8:35:42 AM org.openqa.selenium.devtools.CdpVersionFinder findNearestMatch
INFO: Found CDP implementation for version 101 of 97
]]></system-err>
  </testcase>
  <testcase name="Registration scenario #6" classname="Registration" time="16.1">
    <system-out><![CDATA[
@register
Scenario Outline: Registration scenario  &amp#27;[90m# src/test/resources/features/register.feature:25&amp#27;[0m
08:35:54.390 [main] INFO io.cucumber.core.plugin.SerenityReporter - Running feature from file:///D:/PERKULIAHAN/Semester%206,Hebatt%20glad!/Altera/QE_Gladys-Cindana-Asri-Pardosi/Mini-Project/Web/src/test/resources/features/register.feature
08:35:54.402 [main] INFO net.serenitybdd.core.webdriver.driverproviders.ChromeDriverProvider - Using automatically driver download
08:35:54.521 [main] DEBUG io.github.bonigarcia.wdm.cache.ResolutionCache - Resolution chrome=101 in cache (valid until 09:23:35 18/05/2022 WIB)
08:35:54.524 [main] DEBUG io.github.bonigarcia.wdm.cache.ResolutionCache - Resolution chrome101=101.0.4951.41 in cache (valid until 18:48:44 18/05/2022 WIB)
08:35:54.526 [main] INFO io.github.bonigarcia.wdm.WebDriverManager - Using chromedriver 101.0.4951.41 (resolved driver for Chrome 101)
08:35:54.537 [main] DEBUG io.github.bonigarcia.wdm.WebDriverManager - Driver chromedriver 101.0.4951.41 found in cache
08:35:54.538 [main] INFO io.github.bonigarcia.wdm.WebDriverManager - Exporting webdriver.chrome.driver as C:\Users\ASUS\.cache\selenium\chromedriver\win32\101.0.4951.41\chromedriver.exe
08:35:54.665 [main] DEBUG net.serenitybdd.core.webdriver.driverproviders.ProvideNewDriver - Instantiating driver
08:35:54.665 [main] DEBUG net.serenitybdd.core.webdriver.driverproviders.ProvideNewDriver - Driver capabilities: Capabilities {acceptInsecureCerts: false, base.url: , browserName: chrome, goog:chromeOptions: {args: [], extensions: []}}
08:35:55.183 [AsyncHttpClient-1-5] DEBUG org.asynchttpclient.netty.channel.NettyConnectListener - Using new Channel '[id: 0x4badb011, L:/127.0.0.1:60918 - R:localhost/127.0.0.1:62793]' for 'POST' to '/session'
08:35:55.983 [AsyncHttpClient-1-5] DEBUG org.asynchttpclient.netty.handler.HttpHandler - 

Request DefaultHttpRequest(decodeResult: success, version: HTTP/1.1)
POST /session HTTP/1.1
User-Agent: selenium/4.1.2 (java windows)
Content-Length: 457
Content-Type: application/json; charset=utf-8
host: localhost:62793
accept: */*

Response DefaultHttpResponse(decodeResult: success, version: HTTP/1.1)
HTTP/1.1 200 OK
Content-Type: application/json; charset=utf-8
cache-control: no-cache
content-length: 787

08:35:55.983 [AsyncHttpClient-1-5] DEBUG org.asynchttpclient.netty.channel.ChannelManager - Adding key: http://localhost:62793 for channel [id: 0x4badb011, L:/127.0.0.1:60918 - R:localhost/127.0.0.1:62793]
08:35:55.993 [AsyncHttpClient-1-6] DEBUG org.asynchttpclient.netty.channel.NettyConnectListener - Using new Channel '[id: 0x558e8910, L:/127.0.0.1:60925 - R:localhost/127.0.0.1:60919]' for 'GET' to '/json/version'
08:35:55.993 [AsyncHttpClient-1-6] DEBUG org.asynchttpclient.netty.handler.HttpHandler - 

Request DefaultFullHttpRequest(decodeResult: success, version: HTTP/1.1, content: EmptyByteBufBE)
GET /json/version HTTP/1.1
User-Agent: selenium/4.1.2 (java windows)
host: localhost:60919
accept: */*

Response DefaultHttpResponse(decodeResult: success, version: HTTP/1.1)
HTTP/1.1 200 OK
Content-Type: application/json; charset=UTF-8
content-length: 427

08:35:55.993 [AsyncHttpClient-1-6] DEBUG org.asynchttpclient.netty.channel.ChannelManager - Adding key: http://localhost:60919 for channel [id: 0x558e8910, L:/127.0.0.1:60925 - R:localhost/127.0.0.1:60919]
08:35:55.996 [AsyncHttpClient-1-7] DEBUG org.asynchttpclient.netty.channel.NettyConnectListener - Using new Channel '[id: 0x6b74e467, L:/127.0.0.1:60926 - R:localhost/127.0.0.1:60919]' for 'GET' to '/devtools/browser/72815866-129c-4a15-b9d4-d98d722f000c'
08:35:55.997 [AsyncHttpClient-1-7] DEBUG org.asynchttpclient.netty.handler.WebSocketHandler - 

Request DefaultFullHttpRequest(decodeResult: success, version: HTTP/1.1, content: EmptyByteBufBE)
GET /devtools/browser/72815866-129c-4a15-b9d4-d98d722f000c HTTP/1.1
upgrade: websocket
connection: upgrade
sec-websocket-key: m9K8SeINNetAB4jkMj/dmQ==
sec-websocket-version: 13
origin: http://localhost:60919
host: localhost:60919
accept: */*
user-agent: AHC/2.1

Response DefaultHttpResponse(decodeResult: success, version: HTTP/1.1)
HTTP/1.1 101 WebSocket Protocol Handshake
Upgrade: WebSocket
Connection: Upgrade
Sec-WebSocket-Accept: zMNexE4hdXgIegoyqa1ItxRHNyM=

08:35:56.003 [Forwarding get on session 19ff9b4e7c9d72b72d7000ea12e5523f to remote] DEBUG org.asynchttpclient.netty.request.NettyRequestSender - Using pooled Channel '[id: 0x4badb011, L:/127.0.0.1:60918 - R:localhost/127.0.0.1:62793]' for 'POST' to 'http://localhost:62793/session/19ff9b4e7c9d72b72d7000ea12e5523f/url'
08:35:56.003 [Forwarding get on session 19ff9b4e7c9d72b72d7000ea12e5523f to remote] DEBUG org.asynchttpclient.netty.request.NettyRequestSender - Using open Channel [id: 0x4badb011, L:/127.0.0.1:60918 - R:localhost/127.0.0.1:62793] for POST '/session/19ff9b4e7c9d72b72d7000ea12e5523f/url'
08:35:56.328 [AsyncHttpClient-1-1] DEBUG org.asynchttpclient.netty.channel.DefaultChannelPool - Entry count for : http://localhost:60919 : 1
08:35:57.427 [AsyncHttpClient-1-1] DEBUG org.asynchttpclient.netty.channel.DefaultChannelPool - Entry count for : http://localhost:60919 : 1
08:35:58.531 [AsyncHttpClient-1-1] DEBUG org.asynchttpclient.netty.channel.DefaultChannelPool - Entry count for : http://localhost:60919 : 1
08:35:59.628 [AsyncHttpClient-1-1] DEBUG org.asynchttpclient.netty.channel.DefaultChannelPool - Entry count for : http://localhost:60919 : 1
08:36:00.729 [AsyncHttpClient-1-1] DEBUG org.asynchttpclient.netty.channel.DefaultChannelPool - Entry count for : http://localhost:60919 : 1
08:36:01.828 [AsyncHttpClient-1-1] DEBUG org.asynchttpclient.netty.channel.DefaultChannelPool - Entry count for : http://localhost:60919 : 1
08:36:02.927 [AsyncHttpClient-1-1] DEBUG org.asynchttpclient.netty.channel.DefaultChannelPool - Entry count for : http://localhost:60919 : 1
08:36:04.028 [AsyncHttpClient-1-1] DEBUG org.asynchttpclient.netty.channel.DefaultChannelPool - Entry count for : http://localhost:60919 : 1
08:36:05.128 [AsyncHttpClient-1-1] DEBUG org.asynchttpclient.netty.channel.DefaultChannelPool - Entry count for : http://localhost:60919 : 1
08:36:05.797 [AsyncHttpClient-1-5] DEBUG org.asynchttpclient.netty.handler.HttpHandler - 

Request DefaultHttpRequest(decodeResult: success, version: HTTP/1.1)
POST /session/19ff9b4e7c9d72b72d7000ea12e5523f/url HTTP/1.1
User-Agent: selenium/4.1.2 (java windows)
Content-Length: 49
Content-Type: application/json; charset=utf-8
host: localhost:62793
accept: */*

Response DefaultHttpResponse(decodeResult: success, version: HTTP/1.1)
HTTP/1.1 200 OK
Content-Type: application/json; charset=utf-8
cache-control: no-cache
content-length: 14

08:36:05.797 [AsyncHttpClient-1-5] DEBUG org.asynchttpclient.netty.channel.ChannelManager - Adding key: http://localhost:62793 for channel [id: 0x4badb011, L:/127.0.0.1:60918 - R:localhost/127.0.0.1:62793]
08:36:05.799 [Forwarding setTimeout on session 19ff9b4e7c9d72b72d7000ea12e5523f to remote] DEBUG org.asynchttpclient.netty.request.NettyRequestSender - Using pooled Channel '[id: 0x4badb011, L:/127.0.0.1:60918 - R:localhost/127.0.0.1:62793]' for 'POST' to 'http://localhost:62793/session/19ff9b4e7c9d72b72d7000ea12e5523f/timeouts'
08:36:05.799 [Forwarding setTimeout on session 19ff9b4e7c9d72b72d7000ea12e5523f to remote] DEBUG org.asynchttpclient.netty.request.NettyRequestSender - Using open Channel [id: 0x4badb011, L:/127.0.0.1:60918 - R:localhost/127.0.0.1:62793] for POST '/session/19ff9b4e7c9d72b72d7000ea12e5523f/timeouts'
08:36:05.800 [AsyncHttpClient-1-5] DEBUG org.asynchttpclient.netty.handler.HttpHandler - 

Request DefaultHttpRequest(decodeResult: success, version: HTTP/1.1)
POST /session/19ff9b4e7c9d72b72d7000ea12e5523f/timeouts HTTP/1.1
User-Agent: selenium/4.1.2 (java windows)
Content-Length: 22
Content-Type: application/json; charset=utf-8
host: localhost:62793
accept: */*

Response DefaultHttpResponse(decodeResult: success, version: HTTP/1.1)
HTTP/1.1 200 OK
Content-Type: application/json; charset=utf-8
cache-control: no-cache
content-length: 14

08:36:05.800 [AsyncHttpClient-1-5] DEBUG org.asynchttpclient.netty.channel.ChannelManager - Adding key: http://localhost:62793 for channel [id: 0x4badb011, L:/127.0.0.1:60918 - R:localhost/127.0.0.1:62793]
08:36:05.801 [Forwarding getCurrentUrl on session 19ff9b4e7c9d72b72d7000ea12e5523f to remote] DEBUG org.asynchttpclient.netty.request.NettyRequestSender - Using pooled Channel '[id: 0x4badb011, L:/127.0.0.1:60918 - R:localhost/127.0.0.1:62793]' for 'GET' to 'http://localhost:62793/session/19ff9b4e7c9d72b72d7000ea12e5523f/url'
08:36:05.801 [Forwarding getCurrentUrl on session 19ff9b4e7c9d72b72d7000ea12e5523f to remote] DEBUG org.asynchttpclient.netty.request.NettyRequestSender - Using open Channel [id: 0x4badb011, L:/127.0.0.1:60918 - R:localhost/127.0.0.1:62793] for GET '/session/19ff9b4e7c9d72b72d7000ea12e5523f/url'
08:36:05.806 [AsyncHttpClient-1-5] DEBUG org.asynchttpclient.netty.handler.HttpHandler - 

Request DefaultFullHttpRequest(decodeResult: success, version: HTTP/1.1, content: EmptyByteBufBE)
GET /session/19ff9b4e7c9d72b72d7000ea12e5523f/url HTTP/1.1
User-Agent: selenium/4.1.2 (java windows)
Cache-Control: no-cache
Content-Type: application/json; charset=utf-8
host: localhost:62793
accept: */*

Response DefaultHttpResponse(decodeResult: success, version: HTTP/1.1)
HTTP/1.1 200 OK
Content-Type: application/json; charset=utf-8
cache-control: no-cache
content-length: 31

08:36:05.806 [AsyncHttpClient-1-5] DEBUG org.asynchttpclient.netty.channel.ChannelManager - Adding key: http://localhost:62793 for channel [id: 0x4badb011, L:/127.0.0.1:60918 - R:localhost/127.0.0.1:62793]
  &amp#27;[32mGiven &amp#27;[0m&amp#27;[32mi access the web&amp#27;[0m                 &amp#27;[90m# starter.stepdefinitions.registerStep.iAccessTheWeb()&amp#27;[0m
08:36:05.811 [Forwarding screenshot on session 19ff9b4e7c9d72b72d7000ea12e5523f to remote] DEBUG org.asynchttpclient.netty.request.NettyRequestSender - Using pooled Channel '[id: 0x4badb011, L:/127.0.0.1:60918 - R:localhost/127.0.0.1:62793]' for 'GET' to 'http://localhost:62793/session/19ff9b4e7c9d72b72d7000ea12e5523f/screenshot'
08:36:05.811 [Forwarding screenshot on session 19ff9b4e7c9d72b72d7000ea12e5523f to remote] DEBUG org.asynchttpclient.netty.request.NettyRequestSender - Using open Channel [id: 0x4badb011, L:/127.0.0.1:60918 - R:localhost/127.0.0.1:62793] for GET '/session/19ff9b4e7c9d72b72d7000ea12e5523f/screenshot'
08:36:06.192 [AsyncHttpClient-1-5] DEBUG org.asynchttpclient.netty.handler.HttpHandler - 

Request DefaultFullHttpRequest(decodeResult: success, version: HTTP/1.1, content: EmptyByteBufBE)
GET /session/19ff9b4e7c9d72b72d7000ea12e5523f/screenshot HTTP/1.1
User-Agent: selenium/4.1.2 (java windows)
Cache-Control: no-cache
Content-Type: application/json; charset=utf-8
host: localhost:62793
accept: */*

Response DefaultHttpResponse(decodeResult: success, version: HTTP/1.1)
HTTP/1.1 200 OK
Content-Type: application/json; charset=utf-8
cache-control: no-cache
content-length: 44752

08:36:06.193 [AsyncHttpClient-1-5] DEBUG org.asynchttpclient.netty.channel.ChannelManager - Adding key: http://localhost:62793 for channel [id: 0x4badb011, L:/127.0.0.1:60918 - R:localhost/127.0.0.1:62793]
08:36:06.194 [main] DEBUG net.serenitybdd.core.photography.Darkroom - Send negative for processing for target\site\serenity\379259df502f6cc9b73b08cf5065eba2850bd95822dd4edcca54d89529443167.png
08:36:06.195 [Darkroom Processing Line] DEBUG net.serenitybdd.core.photography.DarkroomProcessingLine - Processing screenshot image in /var/screenshots/screenshot-8476871190663062376
08:36:06.195 [Darkroom Processing Line] DEBUG net.serenitybdd.core.photography.DarkroomProcessingLine - Saving screenshot to target\site\serenity\379259df502f6cc9b73b08cf5065eba2850bd95822dd4edcca54d89529443167.png
08:36:06.202 [Forwarding findElement on session 19ff9b4e7c9d72b72d7000ea12e5523f to remote] DEBUG org.asynchttpclient.netty.request.NettyRequestSender - Using pooled Channel '[id: 0x4badb011, L:/127.0.0.1:60918 - R:localhost/127.0.0.1:62793]' for 'POST' to 'http://localhost:62793/session/19ff9b4e7c9d72b72d7000ea12e5523f/element'
08:36:06.202 [Forwarding findElement on session 19ff9b4e7c9d72b72d7000ea12e5523f to remote] DEBUG org.asynchttpclient.netty.request.NettyRequestSender - Using open Channel [id: 0x4badb011, L:/127.0.0.1:60918 - R:localhost/127.0.0.1:62793] for POST '/session/19ff9b4e7c9d72b72d7000ea12e5523f/element'
08:36:06.216 [AsyncHttpClient-1-5] DEBUG org.asynchttpclient.netty.handler.HttpHandler - 

Request DefaultHttpRequest(decodeResult: success, version: HTTP/1.1)
POST /session/19ff9b4e7c9d72b72d7000ea12e5523f/element HTTP/1.1
User-Agent: selenium/4.1.2 (java windows)
Content-Length: 170
Content-Type: application/json; charset=utf-8
host: localhost:62793
accept: */*

Response DefaultHttpResponse(decodeResult: success, version: HTTP/1.1)
HTTP/1.1 200 OK
Content-Type: application/json; charset=utf-8
cache-control: no-cache
content-length: 88

08:36:06.216 [AsyncHttpClient-1-5] DEBUG org.asynchttpclient.netty.channel.ChannelManager - Adding key: http://localhost:62793 for channel [id: 0x4badb011, L:/127.0.0.1:60918 - R:localhost/127.0.0.1:62793]
08:36:06.218 [Forwarding getElementTagName on session 19ff9b4e7c9d72b72d7000ea12e5523f to remote] DEBUG org.asynchttpclient.netty.request.NettyRequestSender - Using pooled Channel '[id: 0x4badb011, L:/127.0.0.1:60918 - R:localhost/127.0.0.1:62793]' for 'GET' to 'http://localhost:62793/session/19ff9b4e7c9d72b72d7000ea12e5523f/element/94c024b9-3e52-4518-87f7-2d546655fd70/name'
08:36:06.218 [Forwarding getElementTagName on session 19ff9b4e7c9d72b72d7000ea12e5523f to remote] DEBUG org.asynchttpclient.netty.request.NettyRequestSender - Using open Channel [id: 0x4badb011, L:/127.0.0.1:60918 - R:localhost/127.0.0.1:62793] for GET '/session/19ff9b4e7c9d72b72d7000ea12e5523f/element/94c024b9-3e52-4518-87f7-2d546655fd70/name'
08:36:06.222 [AsyncHttpClient-1-5] DEBUG org.asynchttpclient.netty.handler.HttpHandler - 

Request DefaultFullHttpRequest(decodeResult: success, version: HTTP/1.1, content: EmptyByteBufBE)
GET /session/19ff9b4e7c9d72b72d7000ea12e5523f/element/94c024b9-3e52-4518-87f7-2d546655fd70/name HTTP/1.1
User-Agent: selenium/4.1.2 (java windows)
Cache-Control: no-cache
Content-Type: application/json; charset=utf-8
host: localhost:62793
accept: */*

Response DefaultHttpResponse(decodeResult: success, version: HTTP/1.1)
HTTP/1.1 200 OK
Content-Type: application/json; charset=utf-8
cache-control: no-cache
content-length: 13

08:36:06.222 [AsyncHttpClient-1-5] DEBUG org.asynchttpclient.netty.channel.ChannelManager - Adding key: http://localhost:62793 for channel [id: 0x4badb011, L:/127.0.0.1:60918 - R:localhost/127.0.0.1:62793]
08:36:06.223 [Forwarding getElementTagName on session 19ff9b4e7c9d72b72d7000ea12e5523f to remote] DEBUG org.asynchttpclient.netty.request.NettyRequestSender - Using pooled Channel '[id: 0x4badb011, L:/127.0.0.1:60918 - R:localhost/127.0.0.1:62793]' for 'GET' to 'http://localhost:62793/session/19ff9b4e7c9d72b72d7000ea12e5523f/element/94c024b9-3e52-4518-87f7-2d546655fd70/name'
08:36:06.223 [Forwarding getElementTagName on session 19ff9b4e7c9d72b72d7000ea12e5523f to remote] DEBUG org.asynchttpclient.netty.request.NettyRequestSender - Using open Channel [id: 0x4badb011, L:/127.0.0.1:60918 - R:localhost/127.0.0.1:62793] for GET '/session/19ff9b4e7c9d72b72d7000ea12e5523f/element/94c024b9-3e52-4518-87f7-2d546655fd70/name'
08:36:06.226 [AsyncHttpClient-1-5] DEBUG org.asynchttpclient.netty.handler.HttpHandler - 

Request DefaultFullHttpRequest(decodeResult: success, version: HTTP/1.1, content: EmptyByteBufBE)
GET /session/19ff9b4e7c9d72b72d7000ea12e5523f/element/94c024b9-3e52-4518-87f7-2d546655fd70/name HTTP/1.1
User-Agent: selenium/4.1.2 (java windows)
Cache-Control: no-cache
Content-Type: application/json; charset=utf-8
host: localhost:62793
accept: */*

Response DefaultHttpResponse(decodeResult: success, version: HTTP/1.1)
HTTP/1.1 200 OK
Content-Type: application/json; charset=utf-8
cache-control: no-cache
content-length: 13

08:36:06.226 [AsyncHttpClient-1-5] DEBUG org.asynchttpclient.netty.channel.ChannelManager - Adding key: http://localhost:62793 for channel [id: 0x4badb011, L:/127.0.0.1:60918 - R:localhost/127.0.0.1:62793]
08:36:06.228 [Forwarding findElement on session 19ff9b4e7c9d72b72d7000ea12e5523f to remote] DEBUG org.asynchttpclient.netty.request.NettyRequestSender - Using pooled Channel '[id: 0x4badb011, L:/127.0.0.1:60918 - R:localhost/127.0.0.1:62793]' for 'POST' to 'http://localhost:62793/session/19ff9b4e7c9d72b72d7000ea12e5523f/element'
08:36:06.228 [Forwarding findElement on session 19ff9b4e7c9d72b72d7000ea12e5523f to remote] DEBUG org.asynchttpclient.netty.request.NettyRequestSender - Using open Channel [id: 0x4badb011, L:/127.0.0.1:60918 - R:localhost/127.0.0.1:62793] for POST '/session/19ff9b4e7c9d72b72d7000ea12e5523f/element'
08:36:06.236 [AsyncHttpClient-1-5] DEBUG org.asynchttpclient.netty.handler.HttpHandler - 

Request DefaultHttpRequest(decodeResult: success, version: HTTP/1.1)
POST /session/19ff9b4e7c9d72b72d7000ea12e5523f/element HTTP/1.1
User-Agent: selenium/4.1.2 (java windows)
Content-Length: 170
Content-Type: application/json; charset=utf-8
host: localhost:62793
accept: */*

Response DefaultHttpResponse(decodeResult: success, version: HTTP/1.1)
HTTP/1.1 200 OK
Content-Type: application/json; charset=utf-8
cache-control: no-cache
content-length: 88

08:36:06.236 [AsyncHttpClient-1-5] DEBUG org.asynchttpclient.netty.channel.ChannelManager - Adding key: http://localhost:62793 for channel [id: 0x4badb011, L:/127.0.0.1:60918 - R:localhost/127.0.0.1:62793]
08:36:06.237 [Forwarding clickElement on session 19ff9b4e7c9d72b72d7000ea12e5523f to remote] DEBUG org.asynchttpclient.netty.request.NettyRequestSender - Using pooled Channel '[id: 0x4badb011, L:/127.0.0.1:60918 - R:localhost/127.0.0.1:62793]' for 'POST' to 'http://localhost:62793/session/19ff9b4e7c9d72b72d7000ea12e5523f/element/94c024b9-3e52-4518-87f7-2d546655fd70/click'
08:36:06.237 [Forwarding clickElement on session 19ff9b4e7c9d72b72d7000ea12e5523f to remote] DEBUG org.asynchttpclient.netty.request.NettyRequestSender - Using open Channel [id: 0x4badb011, L:/127.0.0.1:60918 - R:localhost/127.0.0.1:62793] for POST '/session/19ff9b4e7c9d72b72d7000ea12e5523f/element/94c024b9-3e52-4518-87f7-2d546655fd70/click'
08:36:06.238 [AsyncHttpClient-1-1] DEBUG org.asynchttpclient.netty.channel.DefaultChannelPool - Entry count for : http://localhost:60919 : 1
08:36:07.328 [AsyncHttpClient-1-1] DEBUG org.asynchttpclient.netty.channel.DefaultChannelPool - Entry count for : http://localhost:60919 : 1
08:36:07.330 [AsyncHttpClient-1-5] DEBUG org.asynchttpclient.netty.handler.HttpHandler - 

Request DefaultHttpRequest(decodeResult: success, version: HTTP/1.1)
POST /session/19ff9b4e7c9d72b72d7000ea12e5523f/element/94c024b9-3e52-4518-87f7-2d546655fd70/click HTTP/1.1
User-Agent: selenium/4.1.2 (java windows)
Content-Length: 50
Content-Type: application/json; charset=utf-8
host: localhost:62793
accept: */*

Response DefaultHttpResponse(decodeResult: success, version: HTTP/1.1)
HTTP/1.1 200 OK
Content-Type: application/json; charset=utf-8
cache-control: no-cache
content-length: 14

08:36:07.331 [AsyncHttpClient-1-5] DEBUG org.asynchttpclient.netty.channel.ChannelManager - Adding key: http://localhost:62793 for channel [id: 0x4badb011, L:/127.0.0.1:60918 - R:localhost/127.0.0.1:62793]
08:36:07.333 [Forwarding get on session 19ff9b4e7c9d72b72d7000ea12e5523f to remote] DEBUG org.asynchttpclient.netty.request.NettyRequestSender - Using pooled Channel '[id: 0x4badb011, L:/127.0.0.1:60918 - R:localhost/127.0.0.1:62793]' for 'POST' to 'http://localhost:62793/session/19ff9b4e7c9d72b72d7000ea12e5523f/url'
08:36:07.333 [Forwarding get on session 19ff9b4e7c9d72b72d7000ea12e5523f to remote] DEBUG org.asynchttpclient.netty.request.NettyRequestSender - Using open Channel [id: 0x4badb011, L:/127.0.0.1:60918 - R:localhost/127.0.0.1:62793] for POST '/session/19ff9b4e7c9d72b72d7000ea12e5523f/url'
08:36:07.942 [AsyncHttpClient-1-5] DEBUG org.asynchttpclient.netty.handler.HttpHandler - 

Request DefaultHttpRequest(decodeResult: success, version: HTTP/1.1)
POST /session/19ff9b4e7c9d72b72d7000ea12e5523f/url HTTP/1.1
User-Agent: selenium/4.1.2 (java windows)
Content-Length: 67
Content-Type: application/json; charset=utf-8
host: localhost:62793
accept: */*

Response DefaultHttpResponse(decodeResult: success, version: HTTP/1.1)
HTTP/1.1 200 OK
Content-Type: application/json; charset=utf-8
cache-control: no-cache
content-length: 14

08:36:07.942 [AsyncHttpClient-1-5] DEBUG org.asynchttpclient.netty.channel.ChannelManager - Adding key: http://localhost:62793 for channel [id: 0x4badb011, L:/127.0.0.1:60918 - R:localhost/127.0.0.1:62793]
08:36:07.943 [Forwarding getCurrentUrl on session 19ff9b4e7c9d72b72d7000ea12e5523f to remote] DEBUG org.asynchttpclient.netty.request.NettyRequestSender - Using pooled Channel '[id: 0x4badb011, L:/127.0.0.1:60918 - R:localhost/127.0.0.1:62793]' for 'GET' to 'http://localhost:62793/session/19ff9b4e7c9d72b72d7000ea12e5523f/url'
08:36:07.943 [Forwarding getCurrentUrl on session 19ff9b4e7c9d72b72d7000ea12e5523f to remote] DEBUG org.asynchttpclient.netty.request.NettyRequestSender - Using open Channel [id: 0x4badb011, L:/127.0.0.1:60918 - R:localhost/127.0.0.1:62793] for GET '/session/19ff9b4e7c9d72b72d7000ea12e5523f/url'
08:36:07.950 [AsyncHttpClient-1-5] DEBUG org.asynchttpclient.netty.handler.HttpHandler - 

Request DefaultFullHttpRequest(decodeResult: success, version: HTTP/1.1, content: EmptyByteBufBE)
GET /session/19ff9b4e7c9d72b72d7000ea12e5523f/url HTTP/1.1
User-Agent: selenium/4.1.2 (java windows)
Cache-Control: no-cache
Content-Type: application/json; charset=utf-8
host: localhost:62793
accept: */*

Response DefaultHttpResponse(decodeResult: success, version: HTTP/1.1)
HTTP/1.1 200 OK
Content-Type: application/json; charset=utf-8
cache-control: no-cache
content-length: 44

08:36:07.950 [AsyncHttpClient-1-5] DEBUG org.asynchttpclient.netty.channel.ChannelManager - Adding key: http://localhost:62793 for channel [id: 0x4badb011, L:/127.0.0.1:60918 - R:localhost/127.0.0.1:62793]
  &amp#27;[32mWhen &amp#27;[0m&amp#27;[32mi click icon account and register&amp#27;[0m &amp#27;[90m# starter.stepdefinitions.registerStep.iClickIconAccountAndRegister()&amp#27;[0m
08:36:07.954 [Forwarding screenshot on session 19ff9b4e7c9d72b72d7000ea12e5523f to remote] DEBUG org.asynchttpclient.netty.request.NettyRequestSender - Using pooled Channel '[id: 0x4badb011, L:/127.0.0.1:60918 - R:localhost/127.0.0.1:62793]' for 'GET' to 'http://localhost:62793/session/19ff9b4e7c9d72b72d7000ea12e5523f/screenshot'
08:36:07.954 [Forwarding screenshot on session 19ff9b4e7c9d72b72d7000ea12e5523f to remote] DEBUG org.asynchttpclient.netty.request.NettyRequestSender - Using open Channel [id: 0x4badb011, L:/127.0.0.1:60918 - R:localhost/127.0.0.1:62793] for GET '/session/19ff9b4e7c9d72b72d7000ea12e5523f/screenshot'
08:36:08.110 [AsyncHttpClient-1-5] DEBUG org.asynchttpclient.netty.handler.HttpHandler - 

Request DefaultFullHttpRequest(decodeResult: success, version: HTTP/1.1, content: EmptyByteBufBE)
GET /session/19ff9b4e7c9d72b72d7000ea12e5523f/screenshot HTTP/1.1
User-Agent: selenium/4.1.2 (java windows)
Cache-Control: no-cache
Content-Type: application/json; charset=utf-8
host: localhost:62793
accept: */*

Response DefaultHttpResponse(decodeResult: success, version: HTTP/1.1)
HTTP/1.1 200 OK
Content-Type: application/json; charset=utf-8
cache-control: no-cache
content-length: 44712

08:36:08.110 [AsyncHttpClient-1-5] DEBUG org.asynchttpclient.netty.channel.ChannelManager - Adding key: http://localhost:62793 for channel [id: 0x4badb011, L:/127.0.0.1:60918 - R:localhost/127.0.0.1:62793]
08:36:08.111 [main] DEBUG net.serenitybdd.core.photography.Darkroom - Send negative for processing for target\site\serenity\5878dcd14100689100ab56c5d7caf6cd4ce6332ad83640f0e979aa03cc6729b9.png
08:36:08.112 [Darkroom Processing Line] DEBUG net.serenitybdd.core.photography.DarkroomProcessingLine - Processing screenshot image in /var/screenshots/screenshot-4584406222543080254
08:36:08.112 [Darkroom Processing Line] DEBUG net.serenitybdd.core.photography.DarkroomProcessingLine - Saving screenshot to target\site\serenity\5878dcd14100689100ab56c5d7caf6cd4ce6332ad83640f0e979aa03cc6729b9.png
08:36:08.117 [Forwarding findElement on session 19ff9b4e7c9d72b72d7000ea12e5523f to remote] DEBUG org.asynchttpclient.netty.request.NettyRequestSender - Using pooled Channel '[id: 0x4badb011, L:/127.0.0.1:60918 - R:localhost/127.0.0.1:62793]' for 'POST' to 'http://localhost:62793/session/19ff9b4e7c9d72b72d7000ea12e5523f/element'
08:36:08.117 [Forwarding findElement on session 19ff9b4e7c9d72b72d7000ea12e5523f to remote] DEBUG org.asynchttpclient.netty.request.NettyRequestSender - Using open Channel [id: 0x4badb011, L:/127.0.0.1:60918 - R:localhost/127.0.0.1:62793] for POST '/session/19ff9b4e7c9d72b72d7000ea12e5523f/element'
08:36:08.131 [AsyncHttpClient-1-5] DEBUG org.asynchttpclient.netty.handler.HttpHandler - 

Request DefaultHttpRequest(decodeResult: success, version: HTTP/1.1)
POST /session/19ff9b4e7c9d72b72d7000ea12e5523f/element HTTP/1.1
User-Agent: selenium/4.1.2 (java windows)
Content-Length: 93
Content-Type: application/json; charset=utf-8
host: localhost:62793
accept: */*

Response DefaultHttpResponse(decodeResult: success, version: HTTP/1.1)
HTTP/1.1 200 OK
Content-Type: application/json; charset=utf-8
cache-control: no-cache
content-length: 88

08:36:08.131 [AsyncHttpClient-1-5] DEBUG org.asynchttpclient.netty.channel.ChannelManager - Adding key: http://localhost:62793 for channel [id: 0x4badb011, L:/127.0.0.1:60918 - R:localhost/127.0.0.1:62793]
08:36:08.132 [Forwarding clearElement on session 19ff9b4e7c9d72b72d7000ea12e5523f to remote] DEBUG org.asynchttpclient.netty.request.NettyRequestSender - Using pooled Channel '[id: 0x4badb011, L:/127.0.0.1:60918 - R:localhost/127.0.0.1:62793]' for 'POST' to 'http://localhost:62793/session/19ff9b4e7c9d72b72d7000ea12e5523f/element/16bd1859-dfd5-45bd-9908-8e82ec9e0697/clear'
08:36:08.132 [Forwarding clearElement on session 19ff9b4e7c9d72b72d7000ea12e5523f to remote] DEBUG org.asynchttpclient.netty.request.NettyRequestSender - Using open Channel [id: 0x4badb011, L:/127.0.0.1:60918 - R:localhost/127.0.0.1:62793] for POST '/session/19ff9b4e7c9d72b72d7000ea12e5523f/element/16bd1859-dfd5-45bd-9908-8e82ec9e0697/clear'
08:36:08.170 [AsyncHttpClient-1-5] DEBUG org.asynchttpclient.netty.handler.HttpHandler - 

Request DefaultHttpRequest(decodeResult: success, version: HTTP/1.1)
POST /session/19ff9b4e7c9d72b72d7000ea12e5523f/element/16bd1859-dfd5-45bd-9908-8e82ec9e0697/clear HTTP/1.1
User-Agent: selenium/4.1.2 (java windows)
Content-Length: 50
Content-Type: application/json; charset=utf-8
host: localhost:62793
accept: */*

Response DefaultHttpResponse(decodeResult: success, version: HTTP/1.1)
HTTP/1.1 200 OK
Content-Type: application/json; charset=utf-8
cache-control: no-cache
content-length: 14

08:36:08.170 [AsyncHttpClient-1-5] DEBUG org.asynchttpclient.netty.channel.ChannelManager - Adding key: http://localhost:62793 for channel [id: 0x4badb011, L:/127.0.0.1:60918 - R:localhost/127.0.0.1:62793]
08:36:08.172 [Forwarding sendKeysToElement on session 19ff9b4e7c9d72b72d7000ea12e5523f to remote] DEBUG org.asynchttpclient.netty.request.NettyRequestSender - Using pooled Channel '[id: 0x4badb011, L:/127.0.0.1:60918 - R:localhost/127.0.0.1:62793]' for 'POST' to 'http://localhost:62793/session/19ff9b4e7c9d72b72d7000ea12e5523f/element/16bd1859-dfd5-45bd-9908-8e82ec9e0697/value'
08:36:08.172 [Forwarding sendKeysToElement on session 19ff9b4e7c9d72b72d7000ea12e5523f to remote] DEBUG org.asynchttpclient.netty.request.NettyRequestSender - Using open Channel [id: 0x4badb011, L:/127.0.0.1:60918 - R:localhost/127.0.0.1:62793] for POST '/session/19ff9b4e7c9d72b72d7000ea12e5523f/element/16bd1859-dfd5-45bd-9908-8e82ec9e0697/value'
08:36:08.211 [AsyncHttpClient-1-5] DEBUG org.asynchttpclient.netty.handler.HttpHandler - 

Request DefaultHttpRequest(decodeResult: success, version: HTTP/1.1)
POST /session/19ff9b4e7c9d72b72d7000ea12e5523f/element/16bd1859-dfd5-45bd-9908-8e82ec9e0697/value HTTP/1.1
User-Agent: selenium/4.1.2 (java windows)
Content-Length: 82
Content-Type: application/json; charset=utf-8
host: localhost:62793
accept: */*

Response DefaultHttpResponse(decodeResult: success, version: HTTP/1.1)
HTTP/1.1 200 OK
Content-Type: application/json; charset=utf-8
cache-control: no-cache
content-length: 14

08:36:08.211 [AsyncHttpClient-1-5] DEBUG org.asynchttpclient.netty.channel.ChannelManager - Adding key: http://localhost:62793 for channel [id: 0x4badb011, L:/127.0.0.1:60918 - R:localhost/127.0.0.1:62793]
  &amp#27;[32mAnd &amp#27;[0m&amp#27;[32mi input &amp#27;[0m&amp#27;[32m&amp#27;[1m""&amp#27;[0m&amp#27;[32m my name&amp#27;[0m                 &amp#27;[90m# starter.stepdefinitions.registerStep.iInputMyName(java.lang.String)&amp#27;[0m
08:36:08.218 [Forwarding screenshot on session 19ff9b4e7c9d72b72d7000ea12e5523f to remote] DEBUG org.asynchttpclient.netty.request.NettyRequestSender - Using pooled Channel '[id: 0x4badb011, L:/127.0.0.1:60918 - R:localhost/127.0.0.1:62793]' for 'GET' to 'http://localhost:62793/session/19ff9b4e7c9d72b72d7000ea12e5523f/screenshot'
08:36:08.218 [Forwarding screenshot on session 19ff9b4e7c9d72b72d7000ea12e5523f to remote] DEBUG org.asynchttpclient.netty.request.NettyRequestSender - Using open Channel [id: 0x4badb011, L:/127.0.0.1:60918 - R:localhost/127.0.0.1:62793] for GET '/session/19ff9b4e7c9d72b72d7000ea12e5523f/screenshot'
08:36:08.375 [AsyncHttpClient-1-5] DEBUG org.asynchttpclient.netty.handler.HttpHandler - 

Request DefaultFullHttpRequest(decodeResult: success, version: HTTP/1.1, content: EmptyByteBufBE)
GET /session/19ff9b4e7c9d72b72d7000ea12e5523f/screenshot HTTP/1.1
User-Agent: selenium/4.1.2 (java windows)
Cache-Control: no-cache
Content-Type: application/json; charset=utf-8
host: localhost:62793
accept: */*

Response DefaultHttpResponse(decodeResult: success, version: HTTP/1.1)
HTTP/1.1 200 OK
Content-Type: application/json; charset=utf-8
cache-control: no-cache
content-length: 45180

08:36:08.375 [AsyncHttpClient-1-5] DEBUG org.asynchttpclient.netty.channel.ChannelManager - Adding key: http://localhost:62793 for channel [id: 0x4badb011, L:/127.0.0.1:60918 - R:localhost/127.0.0.1:62793]
08:36:08.378 [main] DEBUG net.serenitybdd.core.photography.Darkroom - Send negative for processing for target\site\serenity\a76c86f2fb2e38149651894696d3b32322d5070dd23a66d13a6717158cc2909e.png
08:36:08.378 [Darkroom Processing Line] DEBUG net.serenitybdd.core.photography.DarkroomProcessingLine - Processing screenshot image in /var/screenshots/screenshot-16253945181671986932
08:36:08.378 [Darkroom Processing Line] DEBUG net.serenitybdd.core.photography.DarkroomProcessingLine - Saving screenshot to target\site\serenity\a76c86f2fb2e38149651894696d3b32322d5070dd23a66d13a6717158cc2909e.png
08:36:08.385 [Forwarding findElement on session 19ff9b4e7c9d72b72d7000ea12e5523f to remote] DEBUG org.asynchttpclient.netty.request.NettyRequestSender - Using pooled Channel '[id: 0x4badb011, L:/127.0.0.1:60918 - R:localhost/127.0.0.1:62793]' for 'POST' to 'http://localhost:62793/session/19ff9b4e7c9d72b72d7000ea12e5523f/element'
08:36:08.385 [Forwarding findElement on session 19ff9b4e7c9d72b72d7000ea12e5523f to remote] DEBUG org.asynchttpclient.netty.request.NettyRequestSender - Using open Channel [id: 0x4badb011, L:/127.0.0.1:60918 - R:localhost/127.0.0.1:62793] for POST '/session/19ff9b4e7c9d72b72d7000ea12e5523f/element'
08:36:08.399 [AsyncHttpClient-1-5] DEBUG org.asynchttpclient.netty.handler.HttpHandler - 

Request DefaultHttpRequest(decodeResult: success, version: HTTP/1.1)
POST /session/19ff9b4e7c9d72b72d7000ea12e5523f/element HTTP/1.1
User-Agent: selenium/4.1.2 (java windows)
Content-Length: 86
Content-Type: application/json; charset=utf-8
host: localhost:62793
accept: */*

Response DefaultHttpResponse(decodeResult: success, version: HTTP/1.1)
HTTP/1.1 200 OK
Content-Type: application/json; charset=utf-8
cache-control: no-cache
content-length: 88

08:36:08.399 [AsyncHttpClient-1-5] DEBUG org.asynchttpclient.netty.channel.ChannelManager - Adding key: http://localhost:62793 for channel [id: 0x4badb011, L:/127.0.0.1:60918 - R:localhost/127.0.0.1:62793]
08:36:08.400 [Forwarding clearElement on session 19ff9b4e7c9d72b72d7000ea12e5523f to remote] DEBUG org.asynchttpclient.netty.request.NettyRequestSender - Using pooled Channel '[id: 0x4badb011, L:/127.0.0.1:60918 - R:localhost/127.0.0.1:62793]' for 'POST' to 'http://localhost:62793/session/19ff9b4e7c9d72b72d7000ea12e5523f/element/af3b3e45-920d-4704-81f2-c005a68aee32/clear'
08:36:08.400 [Forwarding clearElement on session 19ff9b4e7c9d72b72d7000ea12e5523f to remote] DEBUG org.asynchttpclient.netty.request.NettyRequestSender - Using open Channel [id: 0x4badb011, L:/127.0.0.1:60918 - R:localhost/127.0.0.1:62793] for POST '/session/19ff9b4e7c9d72b72d7000ea12e5523f/element/af3b3e45-920d-4704-81f2-c005a68aee32/clear'
08:36:08.428 [AsyncHttpClient-1-1] DEBUG org.asynchttpclient.netty.channel.DefaultChannelPool - Entry count for : http://localhost:60919 : 1
08:36:08.439 [AsyncHttpClient-1-5] DEBUG org.asynchttpclient.netty.handler.HttpHandler - 

Request DefaultHttpRequest(decodeResult: success, version: HTTP/1.1)
POST /session/19ff9b4e7c9d72b72d7000ea12e5523f/element/af3b3e45-920d-4704-81f2-c005a68aee32/clear HTTP/1.1
User-Agent: selenium/4.1.2 (java windows)
Content-Length: 50
Content-Type: application/json; charset=utf-8
host: localhost:62793
accept: */*

Response DefaultHttpResponse(decodeResult: success, version: HTTP/1.1)
HTTP/1.1 200 OK
Content-Type: application/json; charset=utf-8
cache-control: no-cache
content-length: 14

08:36:08.439 [AsyncHttpClient-1-5] DEBUG org.asynchttpclient.netty.channel.ChannelManager - Adding key: http://localhost:62793 for channel [id: 0x4badb011, L:/127.0.0.1:60918 - R:localhost/127.0.0.1:62793]
08:36:08.440 [Forwarding sendKeysToElement on session 19ff9b4e7c9d72b72d7000ea12e5523f to remote] DEBUG org.asynchttpclient.netty.request.NettyRequestSender - Using pooled Channel '[id: 0x4badb011, L:/127.0.0.1:60918 - R:localhost/127.0.0.1:62793]' for 'POST' to 'http://localhost:62793/session/19ff9b4e7c9d72b72d7000ea12e5523f/element/af3b3e45-920d-4704-81f2-c005a68aee32/value'
08:36:08.440 [Forwarding sendKeysToElement on session 19ff9b4e7c9d72b72d7000ea12e5523f to remote] DEBUG org.asynchttpclient.netty.request.NettyRequestSender - Using open Channel [id: 0x4badb011, L:/127.0.0.1:60918 - R:localhost/127.0.0.1:62793] for POST '/session/19ff9b4e7c9d72b72d7000ea12e5523f/element/af3b3e45-920d-4704-81f2-c005a68aee32/value'
08:36:08.564 [AsyncHttpClient-1-5] DEBUG org.asynchttpclient.netty.handler.HttpHandler - 

Request DefaultHttpRequest(decodeResult: success, version: HTTP/1.1)
POST /session/19ff9b4e7c9d72b72d7000ea12e5523f/element/af3b3e45-920d-4704-81f2-c005a68aee32/value HTTP/1.1
User-Agent: selenium/4.1.2 (java windows)
Content-Length: 231
Content-Type: application/json; charset=utf-8
host: localhost:62793
accept: */*

Response DefaultHttpResponse(decodeResult: success, version: HTTP/1.1)
HTTP/1.1 200 OK
Content-Type: application/json; charset=utf-8
cache-control: no-cache
content-length: 14

08:36:08.564 [AsyncHttpClient-1-5] DEBUG org.asynchttpclient.netty.channel.ChannelManager - Adding key: http://localhost:62793 for channel [id: 0x4badb011, L:/127.0.0.1:60918 - R:localhost/127.0.0.1:62793]
  &amp#27;[32mAnd &amp#27;[0m&amp#27;[32mi input &amp#27;[0m&amp#27;[32m&amp#27;[1m"sonya@gmail.com"&amp#27;[0m&amp#27;[32m my email&amp#27;[0m &amp#27;[90m# starter.stepdefinitions.registerStep.iInputMyEmail(java.lang.String)&amp#27;[0m
08:36:08.571 [Forwarding screenshot on session 19ff9b4e7c9d72b72d7000ea12e5523f to remote] DEBUG org.asynchttpclient.netty.request.NettyRequestSender - Using pooled Channel '[id: 0x4badb011, L:/127.0.0.1:60918 - R:localhost/127.0.0.1:62793]' for 'GET' to 'http://localhost:62793/session/19ff9b4e7c9d72b72d7000ea12e5523f/screenshot'
08:36:08.571 [Forwarding screenshot on session 19ff9b4e7c9d72b72d7000ea12e5523f to remote] DEBUG org.asynchttpclient.netty.request.NettyRequestSender - Using open Channel [id: 0x4badb011, L:/127.0.0.1:60918 - R:localhost/127.0.0.1:62793] for GET '/session/19ff9b4e7c9d72b72d7000ea12e5523f/screenshot'
08:36:08.745 [AsyncHttpClient-1-5] DEBUG org.asynchttpclient.netty.handler.HttpHandler - 

Request DefaultFullHttpRequest(decodeResult: success, version: HTTP/1.1, content: EmptyByteBufBE)
GET /session/19ff9b4e7c9d72b72d7000ea12e5523f/screenshot HTTP/1.1
User-Agent: selenium/4.1.2 (java windows)
Cache-Control: no-cache
Content-Type: application/json; charset=utf-8
host: localhost:62793
accept: */*

Response DefaultHttpResponse(decodeResult: success, version: HTTP/1.1)
HTTP/1.1 200 OK
Content-Type: application/json; charset=utf-8
cache-control: no-cache
content-length: 53720

08:36:08.746 [AsyncHttpClient-1-5] DEBUG org.asynchttpclient.netty.channel.ChannelManager - Adding key: http://localhost:62793 for channel [id: 0x4badb011, L:/127.0.0.1:60918 - R:localhost/127.0.0.1:62793]
08:36:08.747 [main] DEBUG net.serenitybdd.core.photography.Darkroom - Send negative for processing for target\site\serenity\f76f0743268a833dcb122c0a5639e18dc2a4696972ac78a05fd3ced2200f06f7.png
08:36:08.748 [Darkroom Processing Line] DEBUG net.serenitybdd.core.photography.DarkroomProcessingLine - Processing screenshot image in /var/screenshots/screenshot-8259548465622187990
08:36:08.748 [Darkroom Processing Line] DEBUG net.serenitybdd.core.photography.DarkroomProcessingLine - Saving screenshot to target\site\serenity\f76f0743268a833dcb122c0a5639e18dc2a4696972ac78a05fd3ced2200f06f7.png
08:36:08.753 [Forwarding findElement on session 19ff9b4e7c9d72b72d7000ea12e5523f to remote] DEBUG org.asynchttpclient.netty.request.NettyRequestSender - Using pooled Channel '[id: 0x4badb011, L:/127.0.0.1:60918 - R:localhost/127.0.0.1:62793]' for 'POST' to 'http://localhost:62793/session/19ff9b4e7c9d72b72d7000ea12e5523f/element'
08:36:08.753 [Forwarding findElement on session 19ff9b4e7c9d72b72d7000ea12e5523f to remote] DEBUG org.asynchttpclient.netty.request.NettyRequestSender - Using open Channel [id: 0x4badb011, L:/127.0.0.1:60918 - R:localhost/127.0.0.1:62793] for POST '/session/19ff9b4e7c9d72b72d7000ea12e5523f/element'
08:36:08.765 [AsyncHttpClient-1-5] DEBUG org.asynchttpclient.netty.handler.HttpHandler - 

Request DefaultHttpRequest(decodeResult: success, version: HTTP/1.1)
POST /session/19ff9b4e7c9d72b72d7000ea12e5523f/element HTTP/1.1
User-Agent: selenium/4.1.2 (java windows)
Content-Length: 89
Content-Type: application/json; charset=utf-8
host: localhost:62793
accept: */*

Response DefaultHttpResponse(decodeResult: success, version: HTTP/1.1)
HTTP/1.1 200 OK
Content-Type: application/json; charset=utf-8
cache-control: no-cache
content-length: 88

08:36:08.765 [AsyncHttpClient-1-5] DEBUG org.asynchttpclient.netty.channel.ChannelManager - Adding key: http://localhost:62793 for channel [id: 0x4badb011, L:/127.0.0.1:60918 - R:localhost/127.0.0.1:62793]
08:36:08.766 [Forwarding clearElement on session 19ff9b4e7c9d72b72d7000ea12e5523f to remote] DEBUG org.asynchttpclient.netty.request.NettyRequestSender - Using pooled Channel '[id: 0x4badb011, L:/127.0.0.1:60918 - R:localhost/127.0.0.1:62793]' for 'POST' to 'http://localhost:62793/session/19ff9b4e7c9d72b72d7000ea12e5523f/element/9d94a949-ea38-41f1-9f86-69304eba64bc/clear'
08:36:08.766 [Forwarding clearElement on session 19ff9b4e7c9d72b72d7000ea12e5523f to remote] DEBUG org.asynchttpclient.netty.request.NettyRequestSender - Using open Channel [id: 0x4badb011, L:/127.0.0.1:60918 - R:localhost/127.0.0.1:62793] for POST '/session/19ff9b4e7c9d72b72d7000ea12e5523f/element/9d94a949-ea38-41f1-9f86-69304eba64bc/clear'
08:36:08.800 [AsyncHttpClient-1-5] DEBUG org.asynchttpclient.netty.handler.HttpHandler - 

Request DefaultHttpRequest(decodeResult: success, version: HTTP/1.1)
POST /session/19ff9b4e7c9d72b72d7000ea12e5523f/element/9d94a949-ea38-41f1-9f86-69304eba64bc/clear HTTP/1.1
User-Agent: selenium/4.1.2 (java windows)
Content-Length: 50
Content-Type: application/json; charset=utf-8
host: localhost:62793
accept: */*

Response DefaultHttpResponse(decodeResult: success, version: HTTP/1.1)
HTTP/1.1 200 OK
Content-Type: application/json; charset=utf-8
cache-control: no-cache
content-length: 14

08:36:08.800 [AsyncHttpClient-1-5] DEBUG org.asynchttpclient.netty.channel.ChannelManager - Adding key: http://localhost:62793 for channel [id: 0x4badb011, L:/127.0.0.1:60918 - R:localhost/127.0.0.1:62793]
08:36:08.801 [Forwarding sendKeysToElement on session 19ff9b4e7c9d72b72d7000ea12e5523f to remote] DEBUG org.asynchttpclient.netty.request.NettyRequestSender - Using pooled Channel '[id: 0x4badb011, L:/127.0.0.1:60918 - R:localhost/127.0.0.1:62793]' for 'POST' to 'http://localhost:62793/session/19ff9b4e7c9d72b72d7000ea12e5523f/element/9d94a949-ea38-41f1-9f86-69304eba64bc/value'
08:36:08.801 [Forwarding sendKeysToElement on session 19ff9b4e7c9d72b72d7000ea12e5523f to remote] DEBUG org.asynchttpclient.netty.request.NettyRequestSender - Using open Channel [id: 0x4badb011, L:/127.0.0.1:60918 - R:localhost/127.0.0.1:62793] for POST '/session/19ff9b4e7c9d72b72d7000ea12e5523f/element/9d94a949-ea38-41f1-9f86-69304eba64bc/value'
08:36:08.841 [AsyncHttpClient-1-5] DEBUG org.asynchttpclient.netty.handler.HttpHandler - 

Request DefaultHttpRequest(decodeResult: success, version: HTTP/1.1)
POST /session/19ff9b4e7c9d72b72d7000ea12e5523f/element/9d94a949-ea38-41f1-9f86-69304eba64bc/value HTTP/1.1
User-Agent: selenium/4.1.2 (java windows)
Content-Length: 82
Content-Type: application/json; charset=utf-8
host: localhost:62793
accept: */*

Response DefaultHttpResponse(decodeResult: success, version: HTTP/1.1)
HTTP/1.1 200 OK
Content-Type: application/json; charset=utf-8
cache-control: no-cache
content-length: 14

08:36:08.841 [AsyncHttpClient-1-5] DEBUG org.asynchttpclient.netty.channel.ChannelManager - Adding key: http://localhost:62793 for channel [id: 0x4badb011, L:/127.0.0.1:60918 - R:localhost/127.0.0.1:62793]
08:36:08.844 [Forwarding findElement on session 19ff9b4e7c9d72b72d7000ea12e5523f to remote] DEBUG org.asynchttpclient.netty.request.NettyRequestSender - Using pooled Channel '[id: 0x4badb011, L:/127.0.0.1:60918 - R:localhost/127.0.0.1:62793]' for 'POST' to 'http://localhost:62793/session/19ff9b4e7c9d72b72d7000ea12e5523f/element'
08:36:08.845 [Forwarding findElement on session 19ff9b4e7c9d72b72d7000ea12e5523f to remote] DEBUG org.asynchttpclient.netty.request.NettyRequestSender - Using open Channel [id: 0x4badb011, L:/127.0.0.1:60918 - R:localhost/127.0.0.1:62793] for POST '/session/19ff9b4e7c9d72b72d7000ea12e5523f/element'
08:36:08.855 [AsyncHttpClient-1-5] DEBUG org.asynchttpclient.netty.handler.HttpHandler - 

Request DefaultHttpRequest(decodeResult: success, version: HTTP/1.1)
POST /session/19ff9b4e7c9d72b72d7000ea12e5523f/element HTTP/1.1
User-Agent: selenium/4.1.2 (java windows)
Content-Length: 89
Content-Type: application/json; charset=utf-8
host: localhost:62793
accept: */*

Response DefaultHttpResponse(decodeResult: success, version: HTTP/1.1)
HTTP/1.1 200 OK
Content-Type: application/json; charset=utf-8
cache-control: no-cache
content-length: 88

08:36:08.855 [AsyncHttpClient-1-5] DEBUG org.asynchttpclient.netty.channel.ChannelManager - Adding key: http://localhost:62793 for channel [id: 0x4badb011, L:/127.0.0.1:60918 - R:localhost/127.0.0.1:62793]
08:36:08.856 [Forwarding clearElement on session 19ff9b4e7c9d72b72d7000ea12e5523f to remote] DEBUG org.asynchttpclient.netty.request.NettyRequestSender - Using pooled Channel '[id: 0x4badb011, L:/127.0.0.1:60918 - R:localhost/127.0.0.1:62793]' for 'POST' to 'http://localhost:62793/session/19ff9b4e7c9d72b72d7000ea12e5523f/element/9d94a949-ea38-41f1-9f86-69304eba64bc/clear'
08:36:08.856 [Forwarding clearElement on session 19ff9b4e7c9d72b72d7000ea12e5523f to remote] DEBUG org.asynchttpclient.netty.request.NettyRequestSender - Using open Channel [id: 0x4badb011, L:/127.0.0.1:60918 - R:localhost/127.0.0.1:62793] for POST '/session/19ff9b4e7c9d72b72d7000ea12e5523f/element/9d94a949-ea38-41f1-9f86-69304eba64bc/clear'
08:36:08.876 [AsyncHttpClient-1-5] DEBUG org.asynchttpclient.netty.handler.HttpHandler - 

Request DefaultHttpRequest(decodeResult: success, version: HTTP/1.1)
POST /session/19ff9b4e7c9d72b72d7000ea12e5523f/element/9d94a949-ea38-41f1-9f86-69304eba64bc/clear HTTP/1.1
User-Agent: selenium/4.1.2 (java windows)
Content-Length: 50
Content-Type: application/json; charset=utf-8
host: localhost:62793
accept: */*

Response DefaultHttpResponse(decodeResult: success, version: HTTP/1.1)
HTTP/1.1 200 OK
Content-Type: application/json; charset=utf-8
cache-control: no-cache
content-length: 14

08:36:08.876 [AsyncHttpClient-1-5] DEBUG org.asynchttpclient.netty.channel.ChannelManager - Adding key: http://localhost:62793 for channel [id: 0x4badb011, L:/127.0.0.1:60918 - R:localhost/127.0.0.1:62793]
08:36:08.878 [Forwarding sendKeysToElement on session 19ff9b4e7c9d72b72d7000ea12e5523f to remote] DEBUG org.asynchttpclient.netty.request.NettyRequestSender - Using pooled Channel '[id: 0x4badb011, L:/127.0.0.1:60918 - R:localhost/127.0.0.1:62793]' for 'POST' to 'http://localhost:62793/session/19ff9b4e7c9d72b72d7000ea12e5523f/element/9d94a949-ea38-41f1-9f86-69304eba64bc/value'
08:36:08.878 [Forwarding sendKeysToElement on session 19ff9b4e7c9d72b72d7000ea12e5523f to remote] DEBUG org.asynchttpclient.netty.request.NettyRequestSender - Using open Channel [id: 0x4badb011, L:/127.0.0.1:60918 - R:localhost/127.0.0.1:62793] for POST '/session/19ff9b4e7c9d72b72d7000ea12e5523f/element/9d94a949-ea38-41f1-9f86-69304eba64bc/value'
08:36:08.897 [AsyncHttpClient-1-5] DEBUG org.asynchttpclient.netty.handler.HttpHandler - 

Request DefaultHttpRequest(decodeResult: success, version: HTTP/1.1)
POST /session/19ff9b4e7c9d72b72d7000ea12e5523f/element/9d94a949-ea38-41f1-9f86-69304eba64bc/value HTTP/1.1
User-Agent: selenium/4.1.2 (java windows)
Content-Length: 82
Content-Type: application/json; charset=utf-8
host: localhost:62793
accept: */*

Response DefaultHttpResponse(decodeResult: success, version: HTTP/1.1)
HTTP/1.1 200 OK
Content-Type: application/json; charset=utf-8
cache-control: no-cache
content-length: 14

08:36:08.897 [AsyncHttpClient-1-5] DEBUG org.asynchttpclient.netty.channel.ChannelManager - Adding key: http://localhost:62793 for channel [id: 0x4badb011, L:/127.0.0.1:60918 - R:localhost/127.0.0.1:62793]
  &amp#27;[32mAnd &amp#27;[0m&amp#27;[32mi input &amp#27;[0m&amp#27;[32m&amp#27;[1m""&amp#27;[0m&amp#27;[32m my password&amp#27;[0m             &amp#27;[90m# starter.stepdefinitions.registerStep.iInputMyPassword(java.lang.String)&amp#27;[0m
08:36:08.902 [Forwarding screenshot on session 19ff9b4e7c9d72b72d7000ea12e5523f to remote] DEBUG org.asynchttpclient.netty.request.NettyRequestSender - Using pooled Channel '[id: 0x4badb011, L:/127.0.0.1:60918 - R:localhost/127.0.0.1:62793]' for 'GET' to 'http://localhost:62793/session/19ff9b4e7c9d72b72d7000ea12e5523f/screenshot'
08:36:08.902 [Forwarding screenshot on session 19ff9b4e7c9d72b72d7000ea12e5523f to remote] DEBUG org.asynchttpclient.netty.request.NettyRequestSender - Using open Channel [id: 0x4badb011, L:/127.0.0.1:60918 - R:localhost/127.0.0.1:62793] for GET '/session/19ff9b4e7c9d72b72d7000ea12e5523f/screenshot'
08:36:09.084 [AsyncHttpClient-1-5] DEBUG org.asynchttpclient.netty.handler.HttpHandler - 

Request DefaultFullHttpRequest(decodeResult: success, version: HTTP/1.1, content: EmptyByteBufBE)
GET /session/19ff9b4e7c9d72b72d7000ea12e5523f/screenshot HTTP/1.1
User-Agent: selenium/4.1.2 (java windows)
Cache-Control: no-cache
Content-Type: application/json; charset=utf-8
host: localhost:62793
accept: */*

Response DefaultHttpResponse(decodeResult: success, version: HTTP/1.1)
HTTP/1.1 200 OK
Content-Type: application/json; charset=utf-8
cache-control: no-cache
content-length: 51536

08:36:09.084 [AsyncHttpClient-1-5] DEBUG org.asynchttpclient.netty.channel.ChannelManager - Adding key: http://localhost:62793 for channel [id: 0x4badb011, L:/127.0.0.1:60918 - R:localhost/127.0.0.1:62793]
08:36:09.086 [main] DEBUG net.serenitybdd.core.photography.Darkroom - Send negative for processing for target\site\serenity\c5839062e7df0094dbb62a14b4c738f310ca85005b191f1ba1153d1e333bfc29.png
08:36:09.087 [Darkroom Processing Line] DEBUG net.serenitybdd.core.photography.DarkroomProcessingLine - Processing screenshot image in /var/screenshots/screenshot-7875655832567337141
08:36:09.087 [Darkroom Processing Line] DEBUG net.serenitybdd.core.photography.DarkroomProcessingLine - Saving screenshot to target\site\serenity\c5839062e7df0094dbb62a14b4c738f310ca85005b191f1ba1153d1e333bfc29.png
08:36:09.093 [Forwarding findElement on session 19ff9b4e7c9d72b72d7000ea12e5523f to remote] DEBUG org.asynchttpclient.netty.request.NettyRequestSender - Using pooled Channel '[id: 0x4badb011, L:/127.0.0.1:60918 - R:localhost/127.0.0.1:62793]' for 'POST' to 'http://localhost:62793/session/19ff9b4e7c9d72b72d7000ea12e5523f/element'
08:36:09.093 [Forwarding findElement on session 19ff9b4e7c9d72b72d7000ea12e5523f to remote] DEBUG org.asynchttpclient.netty.request.NettyRequestSender - Using open Channel [id: 0x4badb011, L:/127.0.0.1:60918 - R:localhost/127.0.0.1:62793] for POST '/session/19ff9b4e7c9d72b72d7000ea12e5523f/element'
08:36:09.104 [AsyncHttpClient-1-5] DEBUG org.asynchttpclient.netty.handler.HttpHandler - 

Request DefaultHttpRequest(decodeResult: success, version: HTTP/1.1)
POST /session/19ff9b4e7c9d72b72d7000ea12e5523f/element HTTP/1.1
User-Agent: selenium/4.1.2 (java windows)
Content-Length: 75
Content-Type: application/json; charset=utf-8
host: localhost:62793
accept: */*

Response DefaultHttpResponse(decodeResult: success, version: HTTP/1.1)
HTTP/1.1 200 OK
Content-Type: application/json; charset=utf-8
cache-control: no-cache
content-length: 88

08:36:09.104 [AsyncHttpClient-1-5] DEBUG org.asynchttpclient.netty.channel.ChannelManager - Adding key: http://localhost:62793 for channel [id: 0x4badb011, L:/127.0.0.1:60918 - R:localhost/127.0.0.1:62793]
08:36:09.106 [Forwarding getElementTagName on session 19ff9b4e7c9d72b72d7000ea12e5523f to remote] DEBUG org.asynchttpclient.netty.request.NettyRequestSender - Using pooled Channel '[id: 0x4badb011, L:/127.0.0.1:60918 - R:localhost/127.0.0.1:62793]' for 'GET' to 'http://localhost:62793/session/19ff9b4e7c9d72b72d7000ea12e5523f/element/41476c37-0347-4243-bbf7-d2baed51e804/name'
08:36:09.106 [Forwarding getElementTagName on session 19ff9b4e7c9d72b72d7000ea12e5523f to remote] DEBUG org.asynchttpclient.netty.request.NettyRequestSender - Using open Channel [id: 0x4badb011, L:/127.0.0.1:60918 - R:localhost/127.0.0.1:62793] for GET '/session/19ff9b4e7c9d72b72d7000ea12e5523f/element/41476c37-0347-4243-bbf7-d2baed51e804/name'
08:36:09.109 [AsyncHttpClient-1-5] DEBUG org.asynchttpclient.netty.handler.HttpHandler - 

Request DefaultFullHttpRequest(decodeResult: success, version: HTTP/1.1, content: EmptyByteBufBE)
GET /session/19ff9b4e7c9d72b72d7000ea12e5523f/element/41476c37-0347-4243-bbf7-d2baed51e804/name HTTP/1.1
User-Agent: selenium/4.1.2 (java windows)
Cache-Control: no-cache
Content-Type: application/json; charset=utf-8
host: localhost:62793
accept: */*

Response DefaultHttpResponse(decodeResult: success, version: HTTP/1.1)
HTTP/1.1 200 OK
Content-Type: application/json; charset=utf-8
cache-control: no-cache
content-length: 18

08:36:09.109 [AsyncHttpClient-1-5] DEBUG org.asynchttpclient.netty.channel.ChannelManager - Adding key: http://localhost:62793 for channel [id: 0x4badb011, L:/127.0.0.1:60918 - R:localhost/127.0.0.1:62793]
08:36:09.112 [Forwarding getElementTagName on session 19ff9b4e7c9d72b72d7000ea12e5523f to remote] DEBUG org.asynchttpclient.netty.request.NettyRequestSender - Using pooled Channel '[id: 0x4badb011, L:/127.0.0.1:60918 - R:localhost/127.0.0.1:62793]' for 'GET' to 'http://localhost:62793/session/19ff9b4e7c9d72b72d7000ea12e5523f/element/41476c37-0347-4243-bbf7-d2baed51e804/name'
08:36:09.112 [Forwarding getElementTagName on session 19ff9b4e7c9d72b72d7000ea12e5523f to remote] DEBUG org.asynchttpclient.netty.request.NettyRequestSender - Using open Channel [id: 0x4badb011, L:/127.0.0.1:60918 - R:localhost/127.0.0.1:62793] for GET '/session/19ff9b4e7c9d72b72d7000ea12e5523f/element/41476c37-0347-4243-bbf7-d2baed51e804/name'
08:36:09.116 [AsyncHttpClient-1-5] DEBUG org.asynchttpclient.netty.handler.HttpHandler - 

Request DefaultFullHttpRequest(decodeResult: success, version: HTTP/1.1, content: EmptyByteBufBE)
GET /session/19ff9b4e7c9d72b72d7000ea12e5523f/element/41476c37-0347-4243-bbf7-d2baed51e804/name HTTP/1.1
User-Agent: selenium/4.1.2 (java windows)
Cache-Control: no-cache
Content-Type: application/json; charset=utf-8
host: localhost:62793
accept: */*

Response DefaultHttpResponse(decodeResult: success, version: HTTP/1.1)
HTTP/1.1 200 OK
Content-Type: application/json; charset=utf-8
cache-control: no-cache
content-length: 18

08:36:09.116 [AsyncHttpClient-1-5] DEBUG org.asynchttpclient.netty.channel.ChannelManager - Adding key: http://localhost:62793 for channel [id: 0x4badb011, L:/127.0.0.1:60918 - R:localhost/127.0.0.1:62793]
08:36:09.118 [Forwarding isElementEnabled on session 19ff9b4e7c9d72b72d7000ea12e5523f to remote] DEBUG org.asynchttpclient.netty.request.NettyRequestSender - Using pooled Channel '[id: 0x4badb011, L:/127.0.0.1:60918 - R:localhost/127.0.0.1:62793]' for 'GET' to 'http://localhost:62793/session/19ff9b4e7c9d72b72d7000ea12e5523f/element/41476c37-0347-4243-bbf7-d2baed51e804/enabled'
08:36:09.118 [Forwarding isElementEnabled on session 19ff9b4e7c9d72b72d7000ea12e5523f to remote] DEBUG org.asynchttpclient.netty.request.NettyRequestSender - Using open Channel [id: 0x4badb011, L:/127.0.0.1:60918 - R:localhost/127.0.0.1:62793] for GET '/session/19ff9b4e7c9d72b72d7000ea12e5523f/element/41476c37-0347-4243-bbf7-d2baed51e804/enabled'
08:36:09.127 [AsyncHttpClient-1-5] DEBUG org.asynchttpclient.netty.handler.HttpHandler - 

Request DefaultFullHttpRequest(decodeResult: success, version: HTTP/1.1, content: EmptyByteBufBE)
GET /session/19ff9b4e7c9d72b72d7000ea12e5523f/element/41476c37-0347-4243-bbf7-d2baed51e804/enabled HTTP/1.1
User-Agent: selenium/4.1.2 (java windows)
Cache-Control: no-cache
Content-Type: application/json; charset=utf-8
host: localhost:62793
accept: */*

Response DefaultHttpResponse(decodeResult: success, version: HTTP/1.1)
HTTP/1.1 200 OK
Content-Type: application/json; charset=utf-8
cache-control: no-cache
content-length: 14

08:36:09.127 [AsyncHttpClient-1-5] DEBUG org.asynchttpclient.netty.channel.ChannelManager - Adding key: http://localhost:62793 for channel [id: 0x4badb011, L:/127.0.0.1:60918 - R:localhost/127.0.0.1:62793]
08:36:09.129 [Forwarding isElementEnabled on session 19ff9b4e7c9d72b72d7000ea12e5523f to remote] DEBUG org.asynchttpclient.netty.request.NettyRequestSender - Using pooled Channel '[id: 0x4badb011, L:/127.0.0.1:60918 - R:localhost/127.0.0.1:62793]' for 'GET' to 'http://localhost:62793/session/19ff9b4e7c9d72b72d7000ea12e5523f/element/41476c37-0347-4243-bbf7-d2baed51e804/enabled'
08:36:09.129 [Forwarding isElementEnabled on session 19ff9b4e7c9d72b72d7000ea12e5523f to remote] DEBUG org.asynchttpclient.netty.request.NettyRequestSender - Using open Channel [id: 0x4badb011, L:/127.0.0.1:60918 - R:localhost/127.0.0.1:62793] for GET '/session/19ff9b4e7c9d72b72d7000ea12e5523f/element/41476c37-0347-4243-bbf7-d2baed51e804/enabled'
08:36:09.136 [AsyncHttpClient-1-5] DEBUG org.asynchttpclient.netty.handler.HttpHandler - 

Request DefaultFullHttpRequest(decodeResult: success, version: HTTP/1.1, content: EmptyByteBufBE)
GET /session/19ff9b4e7c9d72b72d7000ea12e5523f/element/41476c37-0347-4243-bbf7-d2baed51e804/enabled HTTP/1.1
User-Agent: selenium/4.1.2 (java windows)
Cache-Control: no-cache
Content-Type: application/json; charset=utf-8
host: localhost:62793
accept: */*

Response DefaultHttpResponse(decodeResult: success, version: HTTP/1.1)
HTTP/1.1 200 OK
Content-Type: application/json; charset=utf-8
cache-control: no-cache
content-length: 14

08:36:09.136 [AsyncHttpClient-1-5] DEBUG org.asynchttpclient.netty.channel.ChannelManager - Adding key: http://localhost:62793 for channel [id: 0x4badb011, L:/127.0.0.1:60918 - R:localhost/127.0.0.1:62793]
08:36:09.138 [Forwarding findElement on session 19ff9b4e7c9d72b72d7000ea12e5523f to remote] DEBUG org.asynchttpclient.netty.request.NettyRequestSender - Using pooled Channel '[id: 0x4badb011, L:/127.0.0.1:60918 - R:localhost/127.0.0.1:62793]' for 'POST' to 'http://localhost:62793/session/19ff9b4e7c9d72b72d7000ea12e5523f/element'
08:36:09.138 [Forwarding findElement on session 19ff9b4e7c9d72b72d7000ea12e5523f to remote] DEBUG org.asynchttpclient.netty.request.NettyRequestSender - Using open Channel [id: 0x4badb011, L:/127.0.0.1:60918 - R:localhost/127.0.0.1:62793] for POST '/session/19ff9b4e7c9d72b72d7000ea12e5523f/element'
08:36:09.148 [AsyncHttpClient-1-5] DEBUG org.asynchttpclient.netty.handler.HttpHandler - 

Request DefaultHttpRequest(decodeResult: success, version: HTTP/1.1)
POST /session/19ff9b4e7c9d72b72d7000ea12e5523f/element HTTP/1.1
User-Agent: selenium/4.1.2 (java windows)
Content-Length: 75
Content-Type: application/json; charset=utf-8
host: localhost:62793
accept: */*

Response DefaultHttpResponse(decodeResult: success, version: HTTP/1.1)
HTTP/1.1 200 OK
Content-Type: application/json; charset=utf-8
cache-control: no-cache
content-length: 88

08:36:09.148 [AsyncHttpClient-1-5] DEBUG org.asynchttpclient.netty.channel.ChannelManager - Adding key: http://localhost:62793 for channel [id: 0x4badb011, L:/127.0.0.1:60918 - R:localhost/127.0.0.1:62793]
08:36:09.149 [Forwarding clickElement on session 19ff9b4e7c9d72b72d7000ea12e5523f to remote] DEBUG org.asynchttpclient.netty.request.NettyRequestSender - Using pooled Channel '[id: 0x4badb011, L:/127.0.0.1:60918 - R:localhost/127.0.0.1:62793]' for 'POST' to 'http://localhost:62793/session/19ff9b4e7c9d72b72d7000ea12e5523f/element/41476c37-0347-4243-bbf7-d2baed51e804/click'
08:36:09.149 [Forwarding clickElement on session 19ff9b4e7c9d72b72d7000ea12e5523f to remote] DEBUG org.asynchttpclient.netty.request.NettyRequestSender - Using open Channel [id: 0x4badb011, L:/127.0.0.1:60918 - R:localhost/127.0.0.1:62793] for POST '/session/19ff9b4e7c9d72b72d7000ea12e5523f/element/41476c37-0347-4243-bbf7-d2baed51e804/click'
08:36:09.194 [AsyncHttpClient-1-5] DEBUG org.asynchttpclient.netty.handler.HttpHandler - 

Request DefaultHttpRequest(decodeResult: success, version: HTTP/1.1)
POST /session/19ff9b4e7c9d72b72d7000ea12e5523f/element/41476c37-0347-4243-bbf7-d2baed51e804/click HTTP/1.1
User-Agent: selenium/4.1.2 (java windows)
Content-Length: 50
Content-Type: application/json; charset=utf-8
host: localhost:62793
accept: */*

Response DefaultHttpResponse(decodeResult: success, version: HTTP/1.1)
HTTP/1.1 200 OK
Content-Type: application/json; charset=utf-8
cache-control: no-cache
content-length: 14

08:36:09.194 [AsyncHttpClient-1-5] DEBUG org.asynchttpclient.netty.channel.ChannelManager - Adding key: http://localhost:62793 for channel [id: 0x4badb011, L:/127.0.0.1:60918 - R:localhost/127.0.0.1:62793]
  &amp#27;[32mAnd &amp#27;[0m&amp#27;[32mi click register button&amp#27;[0m            &amp#27;[90m# starter.stepdefinitions.registerStep.iClickRegisterButton()&amp#27;[0m
08:36:09.202 [Forwarding screenshot on session 19ff9b4e7c9d72b72d7000ea12e5523f to remote] DEBUG org.asynchttpclient.netty.request.NettyRequestSender - Using pooled Channel '[id: 0x4badb011, L:/127.0.0.1:60918 - R:localhost/127.0.0.1:62793]' for 'GET' to 'http://localhost:62793/session/19ff9b4e7c9d72b72d7000ea12e5523f/screenshot'
08:36:09.202 [Forwarding screenshot on session 19ff9b4e7c9d72b72d7000ea12e5523f to remote] DEBUG org.asynchttpclient.netty.request.NettyRequestSender - Using open Channel [id: 0x4badb011, L:/127.0.0.1:60918 - R:localhost/127.0.0.1:62793] for GET '/session/19ff9b4e7c9d72b72d7000ea12e5523f/screenshot'
08:36:09.447 [AsyncHttpClient-1-5] DEBUG org.asynchttpclient.netty.handler.HttpHandler - 

Request DefaultFullHttpRequest(decodeResult: success, version: HTTP/1.1, content: EmptyByteBufBE)
GET /session/19ff9b4e7c9d72b72d7000ea12e5523f/screenshot HTTP/1.1
User-Agent: selenium/4.1.2 (java windows)
Cache-Control: no-cache
Content-Type: application/json; charset=utf-8
host: localhost:62793
accept: */*

Response DefaultHttpResponse(decodeResult: success, version: HTTP/1.1)
HTTP/1.1 200 OK
Content-Type: application/json; charset=utf-8
cache-control: no-cache
content-length: 52272

08:36:09.447 [AsyncHttpClient-1-5] DEBUG org.asynchttpclient.netty.channel.ChannelManager - Adding key: http://localhost:62793 for channel [id: 0x4badb011, L:/127.0.0.1:60918 - R:localhost/127.0.0.1:62793]
08:36:09.449 [main] DEBUG net.serenitybdd.core.photography.Darkroom - Send negative for processing for target\site\serenity\a4a92be7d7624701e8996bcf826979a616ee48f2cf85cc0b134784e2008b2b93.png
08:36:09.449 [Darkroom Processing Line] DEBUG net.serenitybdd.core.photography.DarkroomProcessingLine - Processing screenshot image in /var/screenshots/screenshot-16757599494345003133
08:36:09.449 [Darkroom Processing Line] DEBUG net.serenitybdd.core.photography.DarkroomProcessingLine - Saving screenshot to target\site\serenity\a4a92be7d7624701e8996bcf826979a616ee48f2cf85cc0b134784e2008b2b93.png
08:36:09.457 [Forwarding findElement on session 19ff9b4e7c9d72b72d7000ea12e5523f to remote] DEBUG org.asynchttpclient.netty.request.NettyRequestSender - Using pooled Channel '[id: 0x4badb011, L:/127.0.0.1:60918 - R:localhost/127.0.0.1:62793]' for 'POST' to 'http://localhost:62793/session/19ff9b4e7c9d72b72d7000ea12e5523f/element'
08:36:09.457 [Forwarding findElement on session 19ff9b4e7c9d72b72d7000ea12e5523f to remote] DEBUG org.asynchttpclient.netty.request.NettyRequestSender - Using open Channel [id: 0x4badb011, L:/127.0.0.1:60918 - R:localhost/127.0.0.1:62793] for POST '/session/19ff9b4e7c9d72b72d7000ea12e5523f/element'
08:36:09.467 [AsyncHttpClient-1-5] DEBUG org.asynchttpclient.netty.handler.HttpHandler - 

Request DefaultHttpRequest(decodeResult: success, version: HTTP/1.1)
POST /session/19ff9b4e7c9d72b72d7000ea12e5523f/element HTTP/1.1
User-Agent: selenium/4.1.2 (java windows)
Content-Length: 86
Content-Type: application/json; charset=utf-8
host: localhost:62793
accept: */*

Response DefaultHttpResponse(decodeResult: success, version: HTTP/1.1)
HTTP/1.1 200 OK
Content-Type: application/json; charset=utf-8
cache-control: no-cache
content-length: 88

08:36:09.467 [AsyncHttpClient-1-5] DEBUG org.asynchttpclient.netty.channel.ChannelManager - Adding key: http://localhost:62793 for channel [id: 0x4badb011, L:/127.0.0.1:60918 - R:localhost/127.0.0.1:62793]
08:36:09.471 [Forwarding isElementDisplayed on session 19ff9b4e7c9d72b72d7000ea12e5523f to remote] DEBUG org.asynchttpclient.netty.request.NettyRequestSender - Using pooled Channel '[id: 0x4badb011, L:/127.0.0.1:60918 - R:localhost/127.0.0.1:62793]' for 'POST' to 'http://localhost:62793/session/19ff9b4e7c9d72b72d7000ea12e5523f/execute/sync'
08:36:09.471 [Forwarding isElementDisplayed on session 19ff9b4e7c9d72b72d7000ea12e5523f to remote] DEBUG org.asynchttpclient.netty.request.NettyRequestSender - Using open Channel [id: 0x4badb011, L:/127.0.0.1:60918 - R:localhost/127.0.0.1:62793] for POST '/session/19ff9b4e7c9d72b72d7000ea12e5523f/execute/sync'
08:36:09.488 [AsyncHttpClient-1-5] DEBUG org.asynchttpclient.netty.handler.HttpHandler - 

Request DefaultHttpRequest(decodeResult: success, version: HTTP/1.1)
POST /session/19ff9b4e7c9d72b72d7000ea12e5523f/execute/sync HTTP/1.1
User-Agent: selenium/4.1.2 (java windows)
Content-Length: 48780
Content-Type: application/json; charset=utf-8
host: localhost:62793
accept: */*

Response DefaultHttpResponse(decodeResult: success, version: HTTP/1.1)
HTTP/1.1 200 OK
Content-Type: application/json; charset=utf-8
cache-control: no-cache
content-length: 14

08:36:09.488 [AsyncHttpClient-1-5] DEBUG org.asynchttpclient.netty.channel.ChannelManager - Adding key: http://localhost:62793 for channel [id: 0x4badb011, L:/127.0.0.1:60918 - R:localhost/127.0.0.1:62793]
08:36:09.490 [Forwarding findElement on session 19ff9b4e7c9d72b72d7000ea12e5523f to remote] DEBUG org.asynchttpclient.netty.request.NettyRequestSender - Using pooled Channel '[id: 0x4badb011, L:/127.0.0.1:60918 - R:localhost/127.0.0.1:62793]' for 'POST' to 'http://localhost:62793/session/19ff9b4e7c9d72b72d7000ea12e5523f/element'
08:36:09.490 [Forwarding findElement on session 19ff9b4e7c9d72b72d7000ea12e5523f to remote] DEBUG org.asynchttpclient.netty.request.NettyRequestSender - Using open Channel [id: 0x4badb011, L:/127.0.0.1:60918 - R:localhost/127.0.0.1:62793] for POST '/session/19ff9b4e7c9d72b72d7000ea12e5523f/element'
08:36:09.502 [AsyncHttpClient-1-5] DEBUG org.asynchttpclient.netty.handler.HttpHandler - 

Request DefaultHttpRequest(decodeResult: success, version: HTTP/1.1)
POST /session/19ff9b4e7c9d72b72d7000ea12e5523f/element HTTP/1.1
User-Agent: selenium/4.1.2 (java windows)
Content-Length: 149
Content-Type: application/json; charset=utf-8
host: localhost:62793
accept: */*

Response DefaultHttpResponse(decodeResult: success, version: HTTP/1.1)
HTTP/1.1 200 OK
Content-Type: application/json; charset=utf-8
cache-control: no-cache
content-length: 88

08:36:09.502 [AsyncHttpClient-1-5] DEBUG org.asynchttpclient.netty.channel.ChannelManager - Adding key: http://localhost:62793 for channel [id: 0x4badb011, L:/127.0.0.1:60918 - R:localhost/127.0.0.1:62793]
08:36:09.506 [Forwarding isElementDisplayed on session 19ff9b4e7c9d72b72d7000ea12e5523f to remote] DEBUG org.asynchttpclient.netty.request.NettyRequestSender - Using pooled Channel '[id: 0x4badb011, L:/127.0.0.1:60918 - R:localhost/127.0.0.1:62793]' for 'POST' to 'http://localhost:62793/session/19ff9b4e7c9d72b72d7000ea12e5523f/execute/sync'
08:36:09.506 [Forwarding isElementDisplayed on session 19ff9b4e7c9d72b72d7000ea12e5523f to remote] DEBUG org.asynchttpclient.netty.request.NettyRequestSender - Using open Channel [id: 0x4badb011, L:/127.0.0.1:60918 - R:localhost/127.0.0.1:62793] for POST '/session/19ff9b4e7c9d72b72d7000ea12e5523f/execute/sync'
08:36:09.520 [AsyncHttpClient-1-5] DEBUG org.asynchttpclient.netty.handler.HttpHandler - 

Request DefaultHttpRequest(decodeResult: success, version: HTTP/1.1)
POST /session/19ff9b4e7c9d72b72d7000ea12e5523f/execute/sync HTTP/1.1
User-Agent: selenium/4.1.2 (java windows)
Content-Length: 48780
Content-Type: application/json; charset=utf-8
host: localhost:62793
accept: */*

Response DefaultHttpResponse(decodeResult: success, version: HTTP/1.1)
HTTP/1.1 200 OK
Content-Type: application/json; charset=utf-8
cache-control: no-cache
content-length: 14

08:36:09.521 [AsyncHttpClient-1-5] DEBUG org.asynchttpclient.netty.channel.ChannelManager - Adding key: http://localhost:62793 for channel [id: 0x4badb011, L:/127.0.0.1:60918 - R:localhost/127.0.0.1:62793]
  &amp#27;[32mThen &amp#27;[0m&amp#27;[32mi get my &amp#27;[0m&amp#27;[32m&amp#27;[1m"Register Page"&amp#27;[0m          &amp#27;[90m# starter.stepdefinitions.registerStep.iGetMy(java.lang.String)&amp#27;[0m
08:36:09.525 [Forwarding screenshot on session 19ff9b4e7c9d72b72d7000ea12e5523f to remote] DEBUG org.asynchttpclient.netty.request.NettyRequestSender - Using pooled Channel '[id: 0x4badb011, L:/127.0.0.1:60918 - R:localhost/127.0.0.1:62793]' for 'GET' to 'http://localhost:62793/session/19ff9b4e7c9d72b72d7000ea12e5523f/screenshot'
08:36:09.525 [Forwarding screenshot on session 19ff9b4e7c9d72b72d7000ea12e5523f to remote] DEBUG org.asynchttpclient.netty.request.NettyRequestSender - Using open Channel [id: 0x4badb011, L:/127.0.0.1:60918 - R:localhost/127.0.0.1:62793] for GET '/session/19ff9b4e7c9d72b72d7000ea12e5523f/screenshot'
08:36:09.530 [AsyncHttpClient-1-1] DEBUG org.asynchttpclient.netty.channel.DefaultChannelPool - Entry count for : http://localhost:60919 : 1
08:36:09.747 [AsyncHttpClient-1-5] DEBUG org.asynchttpclient.netty.handler.HttpHandler - 

Request DefaultFullHttpRequest(decodeResult: success, version: HTTP/1.1, content: EmptyByteBufBE)
GET /session/19ff9b4e7c9d72b72d7000ea12e5523f/screenshot HTTP/1.1
User-Agent: selenium/4.1.2 (java windows)
Cache-Control: no-cache
Content-Type: application/json; charset=utf-8
host: localhost:62793
accept: */*

Response DefaultHttpResponse(decodeResult: success, version: HTTP/1.1)
HTTP/1.1 200 OK
Content-Type: application/json; charset=utf-8
cache-control: no-cache
content-length: 53940

08:36:09.747 [AsyncHttpClient-1-5] DEBUG org.asynchttpclient.netty.channel.ChannelManager - Adding key: http://localhost:62793 for channel [id: 0x4badb011, L:/127.0.0.1:60918 - R:localhost/127.0.0.1:62793]
08:36:09.749 [main] DEBUG net.serenitybdd.core.photography.Darkroom - Send negative for processing for target\site\serenity\7ff3f1caa1502bc72af08d7627add7d9fcc62d99f4a37044d8c75c82f8bcbeb3.png
08:36:09.749 [Darkroom Processing Line] DEBUG net.serenitybdd.core.photography.DarkroomProcessingLine - Processing screenshot image in /var/screenshots/screenshot-11870531238947397290
08:36:09.749 [Darkroom Processing Line] DEBUG net.serenitybdd.core.photography.DarkroomProcessingLine - Saving screenshot to target\site\serenity\7ff3f1caa1502bc72af08d7627add7d9fcc62d99f4a37044d8c75c82f8bcbeb3.png
08:36:09.754 [AsyncHttpClient-1-7] DEBUG org.asynchttpclient.netty.handler.WebSocketHandler - Channel Closed: [id: 0x6b74e467, L:/127.0.0.1:60926 ! R:localhost/127.0.0.1:60919] with attribute NettyResponseFuture{currentRetry=5,
	isDone=1,
	isCancelled=0,
	asyncHandler=org.asynchttpclient.ws.WebSocketUpgradeHandler@17fc60d4,
	nettyRequest=org.asynchttpclient.netty.request.NettyRequest@7a2ce7a7,
	future=java.util.concurrent.CompletableFuture@5f7b3785[Completed normally],
	uri=ws://localhost:60919/devtools/browser/72815866-129c-4a15-b9d4-d98d722f000c,
	keepAlive=true,
	redirectCount=0,
	timeoutsHolder=null,
	inAuth=0,
	touch=1652837755997}
08:36:09.754 [AsyncHttpClient-1-7] DEBUG org.asynchttpclient.netty.channel.ChannelManager - Closing Channel [id: 0x6b74e467, L:/127.0.0.1:60926 ! R:localhost/127.0.0.1:60919] 
08:36:09.754 [Driver Command Executor] DEBUG org.asynchttpclient.netty.request.NettyRequestSender - Using pooled Channel '[id: 0x4badb011, L:/127.0.0.1:60918 - R:localhost/127.0.0.1:62793]' for 'DELETE' to 'http://localhost:62793/session/19ff9b4e7c9d72b72d7000ea12e5523f'
08:36:09.754 [Driver Command Executor] DEBUG org.asynchttpclient.netty.request.NettyRequestSender - Using open Channel [id: 0x4badb011, L:/127.0.0.1:60918 - R:localhost/127.0.0.1:62793] for DELETE '/session/19ff9b4e7c9d72b72d7000ea12e5523f'
08:36:09.826 [AsyncHttpClient-1-6] DEBUG org.asynchttpclient.netty.handler.HttpHandler - Unexpected I/O exception on channel [id: 0x558e8910, L:/127.0.0.1:60925 - R:localhost/127.0.0.1:60919]
java.net.SocketException: Connection reset
	at java.base/sun.nio.ch.SocketChannelImpl.throwConnectionReset(SocketChannelImpl.java:367)
	at java.base/sun.nio.ch.SocketChannelImpl.read(SocketChannelImpl.java:398)
	at io.netty.buffer.PooledByteBuf.setBytes(PooledByteBuf.java:258)
	at io.netty.buffer.AbstractByteBuf.writeBytes(AbstractByteBuf.java:1132)
	at io.netty.channel.socket.nio.NioSocketChannel.doReadBytes(NioSocketChannel.java:350)
	at io.netty.channel.nio.AbstractNioByteChannel$NioByteUnsafe.read(AbstractNioByteChannel.java:151)
	at io.netty.channel.nio.NioEventLoop.processSelectedKey(NioEventLoop.java:722)
	at io.netty.channel.nio.NioEventLoop.processSelectedKeysOptimized(NioEventLoop.java:658)
	at io.netty.channel.nio.NioEventLoop.processSelectedKeys(NioEventLoop.java:584)
	at io.netty.channel.nio.NioEventLoop.run(NioEventLoop.java:496)
	at io.netty.util.concurrent.SingleThreadEventExecutor$4.run(SingleThreadEventExecutor.java:986)
	at io.netty.util.internal.ThreadExecutorMap$2.run(ThreadExecutorMap.java:74)
	at io.netty.util.concurrent.FastThreadLocalRunnable.run(FastThreadLocalRunnable.java:30)
	at java.base/java.lang.Thread.run(Thread.java:832)
08:36:09.826 [AsyncHttpClient-1-6] DEBUG org.asynchttpclient.netty.channel.ChannelManager - Closing Channel [id: 0x558e8910, L:/127.0.0.1:60925 - R:localhost/127.0.0.1:60919] 
08:36:09.827 [AsyncHttpClient-1-6] DEBUG org.asynchttpclient.netty.handler.HttpHandler - Channel Closed: [id: 0x558e8910, L:/127.0.0.1:60925 ! R:localhost/127.0.0.1:60919] with attribute DISCARD
08:36:09.863 [AsyncHttpClient-1-5] DEBUG org.asynchttpclient.netty.handler.HttpHandler - 

Request DefaultFullHttpRequest(decodeResult: success, version: HTTP/1.1, content: EmptyByteBufBE)
DELETE /session/19ff9b4e7c9d72b72d7000ea12e5523f HTTP/1.1
User-Agent: selenium/4.1.2 (java windows)
Content-Type: application/json; charset=utf-8
host: localhost:62793
accept: */*

Response DefaultHttpResponse(decodeResult: success, version: HTTP/1.1)
HTTP/1.1 200 OK
Content-Type: application/json; charset=utf-8
cache-control: no-cache
content-length: 14

08:36:09.863 [AsyncHttpClient-1-5] DEBUG org.asynchttpclient.netty.channel.ChannelManager - Adding key: http://localhost:62793 for channel [id: 0x4badb011, L:/127.0.0.1:60918 - R:localhost/127.0.0.1:62793]
08:36:09.958 [AsyncHttpClient-1-5] DEBUG org.asynchttpclient.netty.handler.HttpHandler - Channel Closed: [id: 0x4badb011, L:/127.0.0.1:60918 ! R:localhost/127.0.0.1:62793] with attribute DISCARD
]]></system-out>
    <system-err><![CDATA[Starting ChromeDriver 101.0.4951.41 (93c720db8323b3ec10d056025ab95c23a31997c9-refs/branch-heads/4951@{#904}) on port 62793
Only local connections are allowed.
Please see https://chromedriver.chromium.org/security-considerations for suggestions on keeping ChromeDriver safe.
ChromeDriver was started successfully.
May 18, 2022 8:35:55 AM org.openqa.selenium.remote.ProtocolHandshake createSession
INFO: Detected dialect: W3C
May 18, 2022 8:35:56 AM org.openqa.selenium.devtools.CdpVersionFinder findNearestMatch
WARNING: Unable to find an exact match for CDP version 101, so returning the closest version found: 97
May 18, 2022 8:35:56 AM org.openqa.selenium.devtools.CdpVersionFinder findNearestMatch
INFO: Found CDP implementation for version 101 of 97
]]></system-err>
  </testcase>
  <testcase name="Registration scenario #7" classname="Registration" time="13.359">
    <system-out><![CDATA[
@register
Scenario Outline: Registration scenario  &amp#27;[90m# src/test/resources/features/register.feature:26&amp#27;[0m
08:36:10.488 [main] INFO io.cucumber.core.plugin.SerenityReporter - Running feature from file:///D:/PERKULIAHAN/Semester%206,Hebatt%20glad!/Altera/QE_Gladys-Cindana-Asri-Pardosi/Mini-Project/Web/src/test/resources/features/register.feature
08:36:10.498 [main] INFO net.serenitybdd.core.webdriver.driverproviders.ChromeDriverProvider - Using automatically driver download
08:36:10.617 [main] DEBUG io.github.bonigarcia.wdm.cache.ResolutionCache - Resolution chrome=101 in cache (valid until 09:23:35 18/05/2022 WIB)
08:36:10.624 [main] DEBUG io.github.bonigarcia.wdm.cache.ResolutionCache - Resolution chrome101=101.0.4951.41 in cache (valid until 18:48:44 18/05/2022 WIB)
08:36:10.626 [main] INFO io.github.bonigarcia.wdm.WebDriverManager - Using chromedriver 101.0.4951.41 (resolved driver for Chrome 101)
08:36:10.634 [AsyncHttpClient-1-1] DEBUG org.asynchttpclient.netty.channel.DefaultChannelPool - Entry count for : http://localhost:60919 : 1
08:36:10.634 [AsyncHttpClient-1-1] DEBUG org.asynchttpclient.netty.channel.DefaultChannelPool - Entry count for : http://localhost:62793 : 1
08:36:10.634 [AsyncHttpClient-1-1] DEBUG org.asynchttpclient.netty.channel.DefaultChannelPool - Adding Candidate expired Channel [id: 0x558e8910, L:/127.0.0.1:60925 ! R:localhost/127.0.0.1:60919] isIdleTimeoutExpired=false isRemotelyClosed=true isTtlExpired=false
08:36:10.634 [AsyncHttpClient-1-1] DEBUG org.asynchttpclient.netty.channel.DefaultChannelPool - Closing Idle Channel [id: 0x558e8910, L:/127.0.0.1:60925 ! R:localhost/127.0.0.1:60919]
08:36:10.634 [AsyncHttpClient-1-1] DEBUG org.asynchttpclient.netty.channel.DefaultChannelPool - Adding Candidate expired Channel [id: 0x4badb011, L:/127.0.0.1:60918 ! R:localhost/127.0.0.1:62793] isIdleTimeoutExpired=false isRemotelyClosed=true isTtlExpired=false
08:36:10.634 [AsyncHttpClient-1-1] DEBUG org.asynchttpclient.netty.channel.DefaultChannelPool - Closing Idle Channel [id: 0x4badb011, L:/127.0.0.1:60918 ! R:localhost/127.0.0.1:62793]
08:36:10.634 [AsyncHttpClient-1-1] DEBUG org.asynchttpclient.netty.channel.DefaultChannelPool - Closed 2 connections out of 2 in 0 ms
08:36:10.639 [main] DEBUG io.github.bonigarcia.wdm.WebDriverManager - Driver chromedriver 101.0.4951.41 found in cache
08:36:10.639 [main] INFO io.github.bonigarcia.wdm.WebDriverManager - Exporting webdriver.chrome.driver as C:\Users\ASUS\.cache\selenium\chromedriver\win32\101.0.4951.41\chromedriver.exe
08:36:10.754 [main] DEBUG net.serenitybdd.core.webdriver.driverproviders.ProvideNewDriver - Instantiating driver
08:36:10.754 [main] DEBUG net.serenitybdd.core.webdriver.driverproviders.ProvideNewDriver - Driver capabilities: Capabilities {acceptInsecureCerts: false, base.url: , browserName: chrome, goog:chromeOptions: {args: [], extensions: []}}
08:36:11.296 [AsyncHttpClient-1-8] DEBUG org.asynchttpclient.netty.channel.NettyConnectListener - Using new Channel '[id: 0x1a858fb4, L:/127.0.0.1:60964 - R:localhost/127.0.0.1:52059]' for 'POST' to '/session'
08:36:12.342 [AsyncHttpClient-1-8] DEBUG org.asynchttpclient.netty.handler.HttpHandler - 

Request DefaultHttpRequest(decodeResult: success, version: HTTP/1.1)
POST /session HTTP/1.1
User-Agent: selenium/4.1.2 (java windows)
Content-Length: 457
Content-Type: application/json; charset=utf-8
host: localhost:52059
accept: */*

Response DefaultHttpResponse(decodeResult: success, version: HTTP/1.1)
HTTP/1.1 200 OK
Content-Type: application/json; charset=utf-8
cache-control: no-cache
content-length: 789

08:36:12.342 [AsyncHttpClient-1-8] DEBUG org.asynchttpclient.netty.channel.ChannelManager - Adding key: http://localhost:52059 for channel [id: 0x1a858fb4, L:/127.0.0.1:60964 - R:localhost/127.0.0.1:52059]
08:36:12.347 [AsyncHttpClient-1-9] DEBUG org.asynchttpclient.netty.channel.NettyConnectListener - Using new Channel '[id: 0x8f41aa33, L:/127.0.0.1:60977 - R:localhost/127.0.0.1:60968]' for 'GET' to '/json/version'
08:36:12.348 [AsyncHttpClient-1-9] DEBUG org.asynchttpclient.netty.handler.HttpHandler - 

Request DefaultFullHttpRequest(decodeResult: success, version: HTTP/1.1, content: EmptyByteBufBE)
GET /json/version HTTP/1.1
User-Agent: selenium/4.1.2 (java windows)
host: localhost:60968
accept: */*

Response DefaultHttpResponse(decodeResult: success, version: HTTP/1.1)
HTTP/1.1 200 OK
Content-Type: application/json; charset=UTF-8
content-length: 427

08:36:12.348 [AsyncHttpClient-1-9] DEBUG org.asynchttpclient.netty.channel.ChannelManager - Adding key: http://localhost:60968 for channel [id: 0x8f41aa33, L:/127.0.0.1:60977 - R:localhost/127.0.0.1:60968]
08:36:12.350 [AsyncHttpClient-1-10] DEBUG org.asynchttpclient.netty.channel.NettyConnectListener - Using new Channel '[id: 0x735e4347, L:/127.0.0.1:60978 - R:localhost/127.0.0.1:60968]' for 'GET' to '/devtools/browser/49157a19-5214-404d-96f9-c822b53013e3'
08:36:12.350 [AsyncHttpClient-1-10] DEBUG org.asynchttpclient.netty.handler.WebSocketHandler - 

Request DefaultFullHttpRequest(decodeResult: success, version: HTTP/1.1, content: EmptyByteBufBE)
GET /devtools/browser/49157a19-5214-404d-96f9-c822b53013e3 HTTP/1.1
upgrade: websocket
connection: upgrade
sec-websocket-key: J5pdz+5eL9LAJksSU8ZjlA==
sec-websocket-version: 13
origin: http://localhost:60968
host: localhost:60968
accept: */*
user-agent: AHC/2.1

Response DefaultHttpResponse(decodeResult: success, version: HTTP/1.1)
HTTP/1.1 101 WebSocket Protocol Handshake
Upgrade: WebSocket
Connection: Upgrade
Sec-WebSocket-Accept: GLKPSuPm52Yv1QOSy7lCfVVXIYs=

08:36:12.354 [Forwarding get on session 866551def32249fe2e9e28e67c991512 to remote] DEBUG org.asynchttpclient.netty.request.NettyRequestSender - Using pooled Channel '[id: 0x1a858fb4, L:/127.0.0.1:60964 - R:localhost/127.0.0.1:52059]' for 'POST' to 'http://localhost:52059/session/866551def32249fe2e9e28e67c991512/url'
08:36:12.354 [Forwarding get on session 866551def32249fe2e9e28e67c991512 to remote] DEBUG org.asynchttpclient.netty.request.NettyRequestSender - Using open Channel [id: 0x1a858fb4, L:/127.0.0.1:60964 - R:localhost/127.0.0.1:52059] for POST '/session/866551def32249fe2e9e28e67c991512/url'
08:36:12.831 [AsyncHttpClient-1-1] DEBUG org.asynchttpclient.netty.channel.DefaultChannelPool - Entry count for : http://localhost:60968 : 1
08:36:13.932 [AsyncHttpClient-1-1] DEBUG org.asynchttpclient.netty.channel.DefaultChannelPool - Entry count for : http://localhost:60968 : 1
08:36:15.029 [AsyncHttpClient-1-1] DEBUG org.asynchttpclient.netty.channel.DefaultChannelPool - Entry count for : http://localhost:60968 : 1
08:36:16.128 [AsyncHttpClient-1-1] DEBUG org.asynchttpclient.netty.channel.DefaultChannelPool - Entry count for : http://localhost:60968 : 1
08:36:17.234 [AsyncHttpClient-1-1] DEBUG org.asynchttpclient.netty.channel.DefaultChannelPool - Entry count for : http://localhost:60968 : 1
08:36:18.329 [AsyncHttpClient-1-1] DEBUG org.asynchttpclient.netty.channel.DefaultChannelPool - Entry count for : http://localhost:60968 : 1
08:36:19.435 [AsyncHttpClient-1-1] DEBUG org.asynchttpclient.netty.channel.DefaultChannelPool - Entry count for : http://localhost:60968 : 1
08:36:20.529 [AsyncHttpClient-1-1] DEBUG org.asynchttpclient.netty.channel.DefaultChannelPool - Entry count for : http://localhost:60968 : 1
08:36:20.731 [AsyncHttpClient-1-8] DEBUG org.asynchttpclient.netty.handler.HttpHandler - 

Request DefaultHttpRequest(decodeResult: success, version: HTTP/1.1)
POST /session/866551def32249fe2e9e28e67c991512/url HTTP/1.1
User-Agent: selenium/4.1.2 (java windows)
Content-Length: 49
Content-Type: application/json; charset=utf-8
host: localhost:52059
accept: */*

Response DefaultHttpResponse(decodeResult: success, version: HTTP/1.1)
HTTP/1.1 200 OK
Content-Type: application/json; charset=utf-8
cache-control: no-cache
content-length: 14

08:36:20.731 [AsyncHttpClient-1-8] DEBUG org.asynchttpclient.netty.channel.ChannelManager - Adding key: http://localhost:52059 for channel [id: 0x1a858fb4, L:/127.0.0.1:60964 - R:localhost/127.0.0.1:52059]
08:36:20.732 [Forwarding setTimeout on session 866551def32249fe2e9e28e67c991512 to remote] DEBUG org.asynchttpclient.netty.request.NettyRequestSender - Using pooled Channel '[id: 0x1a858fb4, L:/127.0.0.1:60964 - R:localhost/127.0.0.1:52059]' for 'POST' to 'http://localhost:52059/session/866551def32249fe2e9e28e67c991512/timeouts'
08:36:20.732 [Forwarding setTimeout on session 866551def32249fe2e9e28e67c991512 to remote] DEBUG org.asynchttpclient.netty.request.NettyRequestSender - Using open Channel [id: 0x1a858fb4, L:/127.0.0.1:60964 - R:localhost/127.0.0.1:52059] for POST '/session/866551def32249fe2e9e28e67c991512/timeouts'
08:36:20.733 [AsyncHttpClient-1-8] DEBUG org.asynchttpclient.netty.handler.HttpHandler - 

Request DefaultHttpRequest(decodeResult: success, version: HTTP/1.1)
POST /session/866551def32249fe2e9e28e67c991512/timeouts HTTP/1.1
User-Agent: selenium/4.1.2 (java windows)
Content-Length: 22
Content-Type: application/json; charset=utf-8
host: localhost:52059
accept: */*

Response DefaultHttpResponse(decodeResult: success, version: HTTP/1.1)
HTTP/1.1 200 OK
Content-Type: application/json; charset=utf-8
cache-control: no-cache
content-length: 14

08:36:20.733 [AsyncHttpClient-1-8] DEBUG org.asynchttpclient.netty.channel.ChannelManager - Adding key: http://localhost:52059 for channel [id: 0x1a858fb4, L:/127.0.0.1:60964 - R:localhost/127.0.0.1:52059]
08:36:20.734 [Forwarding getCurrentUrl on session 866551def32249fe2e9e28e67c991512 to remote] DEBUG org.asynchttpclient.netty.request.NettyRequestSender - Using pooled Channel '[id: 0x1a858fb4, L:/127.0.0.1:60964 - R:localhost/127.0.0.1:52059]' for 'GET' to 'http://localhost:52059/session/866551def32249fe2e9e28e67c991512/url'
08:36:20.735 [Forwarding getCurrentUrl on session 866551def32249fe2e9e28e67c991512 to remote] DEBUG org.asynchttpclient.netty.request.NettyRequestSender - Using open Channel [id: 0x1a858fb4, L:/127.0.0.1:60964 - R:localhost/127.0.0.1:52059] for GET '/session/866551def32249fe2e9e28e67c991512/url'
08:36:20.740 [AsyncHttpClient-1-8] DEBUG org.asynchttpclient.netty.handler.HttpHandler - 

Request DefaultFullHttpRequest(decodeResult: success, version: HTTP/1.1, content: EmptyByteBufBE)
GET /session/866551def32249fe2e9e28e67c991512/url HTTP/1.1
User-Agent: selenium/4.1.2 (java windows)
Cache-Control: no-cache
Content-Type: application/json; charset=utf-8
host: localhost:52059
accept: */*

Response DefaultHttpResponse(decodeResult: success, version: HTTP/1.1)
HTTP/1.1 200 OK
Content-Type: application/json; charset=utf-8
cache-control: no-cache
content-length: 31

08:36:20.740 [AsyncHttpClient-1-8] DEBUG org.asynchttpclient.netty.channel.ChannelManager - Adding key: http://localhost:52059 for channel [id: 0x1a858fb4, L:/127.0.0.1:60964 - R:localhost/127.0.0.1:52059]
  &amp#27;[32mGiven &amp#27;[0m&amp#27;[32mi access the web&amp#27;[0m                 &amp#27;[90m# starter.stepdefinitions.registerStep.iAccessTheWeb()&amp#27;[0m
08:36:20.745 [Forwarding screenshot on session 866551def32249fe2e9e28e67c991512 to remote] DEBUG org.asynchttpclient.netty.request.NettyRequestSender - Using pooled Channel '[id: 0x1a858fb4, L:/127.0.0.1:60964 - R:localhost/127.0.0.1:52059]' for 'GET' to 'http://localhost:52059/session/866551def32249fe2e9e28e67c991512/screenshot'
08:36:20.745 [Forwarding screenshot on session 866551def32249fe2e9e28e67c991512 to remote] DEBUG org.asynchttpclient.netty.request.NettyRequestSender - Using open Channel [id: 0x1a858fb4, L:/127.0.0.1:60964 - R:localhost/127.0.0.1:52059] for GET '/session/866551def32249fe2e9e28e67c991512/screenshot'
08:36:20.961 [AsyncHttpClient-1-8] DEBUG org.asynchttpclient.netty.handler.HttpHandler - 

Request DefaultFullHttpRequest(decodeResult: success, version: HTTP/1.1, content: EmptyByteBufBE)
GET /session/866551def32249fe2e9e28e67c991512/screenshot HTTP/1.1
User-Agent: selenium/4.1.2 (java windows)
Cache-Control: no-cache
Content-Type: application/json; charset=utf-8
host: localhost:52059
accept: */*

Response DefaultHttpResponse(decodeResult: success, version: HTTP/1.1)
HTTP/1.1 200 OK
Content-Type: application/json; charset=utf-8
cache-control: no-cache
content-length: 44744

08:36:20.962 [AsyncHttpClient-1-8] DEBUG org.asynchttpclient.netty.channel.ChannelManager - Adding key: http://localhost:52059 for channel [id: 0x1a858fb4, L:/127.0.0.1:60964 - R:localhost/127.0.0.1:52059]
08:36:20.964 [main] DEBUG net.serenitybdd.core.photography.Darkroom - Send negative for processing for target\site\serenity\3933b05db65e61fb5e9f3da1b1891826546c5beac5131a358ed5eb919145de8d.png
08:36:20.970 [Forwarding findElement on session 866551def32249fe2e9e28e67c991512 to remote] DEBUG org.asynchttpclient.netty.request.NettyRequestSender - Using pooled Channel '[id: 0x1a858fb4, L:/127.0.0.1:60964 - R:localhost/127.0.0.1:52059]' for 'POST' to 'http://localhost:52059/session/866551def32249fe2e9e28e67c991512/element'
08:36:20.970 [Forwarding findElement on session 866551def32249fe2e9e28e67c991512 to remote] DEBUG org.asynchttpclient.netty.request.NettyRequestSender - Using open Channel [id: 0x1a858fb4, L:/127.0.0.1:60964 - R:localhost/127.0.0.1:52059] for POST '/session/866551def32249fe2e9e28e67c991512/element'
08:36:20.983 [AsyncHttpClient-1-8] DEBUG org.asynchttpclient.netty.handler.HttpHandler - 

Request DefaultHttpRequest(decodeResult: success, version: HTTP/1.1)
POST /session/866551def32249fe2e9e28e67c991512/element HTTP/1.1
User-Agent: selenium/4.1.2 (java windows)
Content-Length: 170
Content-Type: application/json; charset=utf-8
host: localhost:52059
accept: */*

Response DefaultHttpResponse(decodeResult: success, version: HTTP/1.1)
HTTP/1.1 200 OK
Content-Type: application/json; charset=utf-8
cache-control: no-cache
content-length: 88

08:36:20.983 [AsyncHttpClient-1-8] DEBUG org.asynchttpclient.netty.channel.ChannelManager - Adding key: http://localhost:52059 for channel [id: 0x1a858fb4, L:/127.0.0.1:60964 - R:localhost/127.0.0.1:52059]
08:36:20.984 [Forwarding getElementTagName on session 866551def32249fe2e9e28e67c991512 to remote] DEBUG org.asynchttpclient.netty.request.NettyRequestSender - Using pooled Channel '[id: 0x1a858fb4, L:/127.0.0.1:60964 - R:localhost/127.0.0.1:52059]' for 'GET' to 'http://localhost:52059/session/866551def32249fe2e9e28e67c991512/element/e27d947c-3bb1-4f75-9b5a-0361ec407103/name'
08:36:20.984 [Forwarding getElementTagName on session 866551def32249fe2e9e28e67c991512 to remote] DEBUG org.asynchttpclient.netty.request.NettyRequestSender - Using open Channel [id: 0x1a858fb4, L:/127.0.0.1:60964 - R:localhost/127.0.0.1:52059] for GET '/session/866551def32249fe2e9e28e67c991512/element/e27d947c-3bb1-4f75-9b5a-0361ec407103/name'
08:36:20.989 [AsyncHttpClient-1-8] DEBUG org.asynchttpclient.netty.handler.HttpHandler - 

Request DefaultFullHttpRequest(decodeResult: success, version: HTTP/1.1, content: EmptyByteBufBE)
GET /session/866551def32249fe2e9e28e67c991512/element/e27d947c-3bb1-4f75-9b5a-0361ec407103/name HTTP/1.1
User-Agent: selenium/4.1.2 (java windows)
Cache-Control: no-cache
Content-Type: application/json; charset=utf-8
host: localhost:52059
accept: */*

Response DefaultHttpResponse(decodeResult: success, version: HTTP/1.1)
HTTP/1.1 200 OK
Content-Type: application/json; charset=utf-8
cache-control: no-cache
content-length: 13

08:36:20.989 [AsyncHttpClient-1-8] DEBUG org.asynchttpclient.netty.channel.ChannelManager - Adding key: http://localhost:52059 for channel [id: 0x1a858fb4, L:/127.0.0.1:60964 - R:localhost/127.0.0.1:52059]
08:36:20.990 [Forwarding getElementTagName on session 866551def32249fe2e9e28e67c991512 to remote] DEBUG org.asynchttpclient.netty.request.NettyRequestSender - Using pooled Channel '[id: 0x1a858fb4, L:/127.0.0.1:60964 - R:localhost/127.0.0.1:52059]' for 'GET' to 'http://localhost:52059/session/866551def32249fe2e9e28e67c991512/element/e27d947c-3bb1-4f75-9b5a-0361ec407103/name'
08:36:20.990 [Forwarding getElementTagName on session 866551def32249fe2e9e28e67c991512 to remote] DEBUG org.asynchttpclient.netty.request.NettyRequestSender - Using open Channel [id: 0x1a858fb4, L:/127.0.0.1:60964 - R:localhost/127.0.0.1:52059] for GET '/session/866551def32249fe2e9e28e67c991512/element/e27d947c-3bb1-4f75-9b5a-0361ec407103/name'
08:36:20.995 [AsyncHttpClient-1-8] DEBUG org.asynchttpclient.netty.handler.HttpHandler - 

Request DefaultFullHttpRequest(decodeResult: success, version: HTTP/1.1, content: EmptyByteBufBE)
GET /session/866551def32249fe2e9e28e67c991512/element/e27d947c-3bb1-4f75-9b5a-0361ec407103/name HTTP/1.1
User-Agent: selenium/4.1.2 (java windows)
Cache-Control: no-cache
Content-Type: application/json; charset=utf-8
host: localhost:52059
accept: */*

Response DefaultHttpResponse(decodeResult: success, version: HTTP/1.1)
HTTP/1.1 200 OK
Content-Type: application/json; charset=utf-8
cache-control: no-cache
content-length: 13

08:36:20.995 [AsyncHttpClient-1-8] DEBUG org.asynchttpclient.netty.channel.ChannelManager - Adding key: http://localhost:52059 for channel [id: 0x1a858fb4, L:/127.0.0.1:60964 - R:localhost/127.0.0.1:52059]
08:36:20.997 [Forwarding findElement on session 866551def32249fe2e9e28e67c991512 to remote] DEBUG org.asynchttpclient.netty.request.NettyRequestSender - Using pooled Channel '[id: 0x1a858fb4, L:/127.0.0.1:60964 - R:localhost/127.0.0.1:52059]' for 'POST' to 'http://localhost:52059/session/866551def32249fe2e9e28e67c991512/element'
08:36:20.997 [Forwarding findElement on session 866551def32249fe2e9e28e67c991512 to remote] DEBUG org.asynchttpclient.netty.request.NettyRequestSender - Using open Channel [id: 0x1a858fb4, L:/127.0.0.1:60964 - R:localhost/127.0.0.1:52059] for POST '/session/866551def32249fe2e9e28e67c991512/element'
08:36:21.005 [AsyncHttpClient-1-8] DEBUG org.asynchttpclient.netty.handler.HttpHandler - 

Request DefaultHttpRequest(decodeResult: success, version: HTTP/1.1)
POST /session/866551def32249fe2e9e28e67c991512/element HTTP/1.1
User-Agent: selenium/4.1.2 (java windows)
Content-Length: 170
Content-Type: application/json; charset=utf-8
host: localhost:52059
accept: */*

Response DefaultHttpResponse(decodeResult: success, version: HTTP/1.1)
HTTP/1.1 200 OK
Content-Type: application/json; charset=utf-8
cache-control: no-cache
content-length: 88

08:36:21.005 [AsyncHttpClient-1-8] DEBUG org.asynchttpclient.netty.channel.ChannelManager - Adding key: http://localhost:52059 for channel [id: 0x1a858fb4, L:/127.0.0.1:60964 - R:localhost/127.0.0.1:52059]
08:36:21.006 [Forwarding clickElement on session 866551def32249fe2e9e28e67c991512 to remote] DEBUG org.asynchttpclient.netty.request.NettyRequestSender - Using pooled Channel '[id: 0x1a858fb4, L:/127.0.0.1:60964 - R:localhost/127.0.0.1:52059]' for 'POST' to 'http://localhost:52059/session/866551def32249fe2e9e28e67c991512/element/e27d947c-3bb1-4f75-9b5a-0361ec407103/click'
08:36:21.006 [Forwarding clickElement on session 866551def32249fe2e9e28e67c991512 to remote] DEBUG org.asynchttpclient.netty.request.NettyRequestSender - Using open Channel [id: 0x1a858fb4, L:/127.0.0.1:60964 - R:localhost/127.0.0.1:52059] for POST '/session/866551def32249fe2e9e28e67c991512/element/e27d947c-3bb1-4f75-9b5a-0361ec407103/click'
08:36:21.052 [AsyncHttpClient-1-8] DEBUG org.asynchttpclient.netty.handler.HttpHandler - 

Request DefaultHttpRequest(decodeResult: success, version: HTTP/1.1)
POST /session/866551def32249fe2e9e28e67c991512/element/e27d947c-3bb1-4f75-9b5a-0361ec407103/click HTTP/1.1
User-Agent: selenium/4.1.2 (java windows)
Content-Length: 50
Content-Type: application/json; charset=utf-8
host: localhost:52059
accept: */*

Response DefaultHttpResponse(decodeResult: success, version: HTTP/1.1)
HTTP/1.1 200 OK
Content-Type: application/json; charset=utf-8
cache-control: no-cache
content-length: 14

08:36:21.053 [AsyncHttpClient-1-8] DEBUG org.asynchttpclient.netty.channel.ChannelManager - Adding key: http://localhost:52059 for channel [id: 0x1a858fb4, L:/127.0.0.1:60964 - R:localhost/127.0.0.1:52059]
08:36:21.055 [Forwarding get on session 866551def32249fe2e9e28e67c991512 to remote] DEBUG org.asynchttpclient.netty.request.NettyRequestSender - Using pooled Channel '[id: 0x1a858fb4, L:/127.0.0.1:60964 - R:localhost/127.0.0.1:52059]' for 'POST' to 'http://localhost:52059/session/866551def32249fe2e9e28e67c991512/url'
08:36:21.055 [Forwarding get on session 866551def32249fe2e9e28e67c991512 to remote] DEBUG org.asynchttpclient.netty.request.NettyRequestSender - Using open Channel [id: 0x1a858fb4, L:/127.0.0.1:60964 - R:localhost/127.0.0.1:52059] for POST '/session/866551def32249fe2e9e28e67c991512/url'
08:36:21.398 [AsyncHttpClient-1-8] DEBUG org.asynchttpclient.netty.handler.HttpHandler - 

Request DefaultHttpRequest(decodeResult: success, version: HTTP/1.1)
POST /session/866551def32249fe2e9e28e67c991512/url HTTP/1.1
User-Agent: selenium/4.1.2 (java windows)
Content-Length: 67
Content-Type: application/json; charset=utf-8
host: localhost:52059
accept: */*

Response DefaultHttpResponse(decodeResult: success, version: HTTP/1.1)
HTTP/1.1 200 OK
Content-Type: application/json; charset=utf-8
cache-control: no-cache
content-length: 14

08:36:21.399 [AsyncHttpClient-1-8] DEBUG org.asynchttpclient.netty.channel.ChannelManager - Adding key: http://localhost:52059 for channel [id: 0x1a858fb4, L:/127.0.0.1:60964 - R:localhost/127.0.0.1:52059]
08:36:21.400 [Forwarding getCurrentUrl on session 866551def32249fe2e9e28e67c991512 to remote] DEBUG org.asynchttpclient.netty.request.NettyRequestSender - Using pooled Channel '[id: 0x1a858fb4, L:/127.0.0.1:60964 - R:localhost/127.0.0.1:52059]' for 'GET' to 'http://localhost:52059/session/866551def32249fe2e9e28e67c991512/url'
08:36:21.400 [Forwarding getCurrentUrl on session 866551def32249fe2e9e28e67c991512 to remote] DEBUG org.asynchttpclient.netty.request.NettyRequestSender - Using open Channel [id: 0x1a858fb4, L:/127.0.0.1:60964 - R:localhost/127.0.0.1:52059] for GET '/session/866551def32249fe2e9e28e67c991512/url'
08:36:21.404 [AsyncHttpClient-1-8] DEBUG org.asynchttpclient.netty.handler.HttpHandler - 

Request DefaultFullHttpRequest(decodeResult: success, version: HTTP/1.1, content: EmptyByteBufBE)
GET /session/866551def32249fe2e9e28e67c991512/url HTTP/1.1
User-Agent: selenium/4.1.2 (java windows)
Cache-Control: no-cache
Content-Type: application/json; charset=utf-8
host: localhost:52059
accept: */*

Response DefaultHttpResponse(decodeResult: success, version: HTTP/1.1)
HTTP/1.1 200 OK
Content-Type: application/json; charset=utf-8
cache-control: no-cache
content-length: 44

08:36:21.404 [AsyncHttpClient-1-8] DEBUG org.asynchttpclient.netty.channel.ChannelManager - Adding key: http://localhost:52059 for channel [id: 0x1a858fb4, L:/127.0.0.1:60964 - R:localhost/127.0.0.1:52059]
  &amp#27;[32mWhen &amp#27;[0m&amp#27;[32mi click icon account and register&amp#27;[0m &amp#27;[90m# starter.stepdefinitions.registerStep.iClickIconAccountAndRegister()&amp#27;[0m
08:36:21.409 [Forwarding screenshot on session 866551def32249fe2e9e28e67c991512 to remote] DEBUG org.asynchttpclient.netty.request.NettyRequestSender - Using pooled Channel '[id: 0x1a858fb4, L:/127.0.0.1:60964 - R:localhost/127.0.0.1:52059]' for 'GET' to 'http://localhost:52059/session/866551def32249fe2e9e28e67c991512/screenshot'
08:36:21.409 [Forwarding screenshot on session 866551def32249fe2e9e28e67c991512 to remote] DEBUG org.asynchttpclient.netty.request.NettyRequestSender - Using open Channel [id: 0x1a858fb4, L:/127.0.0.1:60964 - R:localhost/127.0.0.1:52059] for GET '/session/866551def32249fe2e9e28e67c991512/screenshot'
08:36:21.571 [AsyncHttpClient-1-8] DEBUG org.asynchttpclient.netty.handler.HttpHandler - 

Request DefaultFullHttpRequest(decodeResult: success, version: HTTP/1.1, content: EmptyByteBufBE)
GET /session/866551def32249fe2e9e28e67c991512/screenshot HTTP/1.1
User-Agent: selenium/4.1.2 (java windows)
Cache-Control: no-cache
Content-Type: application/json; charset=utf-8
host: localhost:52059
accept: */*

Response DefaultHttpResponse(decodeResult: success, version: HTTP/1.1)
HTTP/1.1 200 OK
Content-Type: application/json; charset=utf-8
cache-control: no-cache
content-length: 44716

08:36:21.571 [AsyncHttpClient-1-8] DEBUG org.asynchttpclient.netty.channel.ChannelManager - Adding key: http://localhost:52059 for channel [id: 0x1a858fb4, L:/127.0.0.1:60964 - R:localhost/127.0.0.1:52059]
08:36:21.572 [main] DEBUG net.serenitybdd.core.photography.Darkroom - Send negative for processing for target\site\serenity\fa2c2524d3f8e5f6ab35472399ad99cab14a625b335c5da78c3a6cfbfc20f144.png
08:36:21.573 [Darkroom Processing Line] DEBUG net.serenitybdd.core.photography.DarkroomProcessingLine - Processing screenshot image in /var/screenshots/screenshot-16167864479569121728
08:36:21.573 [Darkroom Processing Line] DEBUG net.serenitybdd.core.photography.DarkroomProcessingLine - Saving screenshot to target\site\serenity\fa2c2524d3f8e5f6ab35472399ad99cab14a625b335c5da78c3a6cfbfc20f144.png
08:36:21.578 [Forwarding findElement on session 866551def32249fe2e9e28e67c991512 to remote] DEBUG org.asynchttpclient.netty.request.NettyRequestSender - Using pooled Channel '[id: 0x1a858fb4, L:/127.0.0.1:60964 - R:localhost/127.0.0.1:52059]' for 'POST' to 'http://localhost:52059/session/866551def32249fe2e9e28e67c991512/element'
08:36:21.578 [Forwarding findElement on session 866551def32249fe2e9e28e67c991512 to remote] DEBUG org.asynchttpclient.netty.request.NettyRequestSender - Using open Channel [id: 0x1a858fb4, L:/127.0.0.1:60964 - R:localhost/127.0.0.1:52059] for POST '/session/866551def32249fe2e9e28e67c991512/element'
08:36:21.591 [AsyncHttpClient-1-8] DEBUG org.asynchttpclient.netty.handler.HttpHandler - 

Request DefaultHttpRequest(decodeResult: success, version: HTTP/1.1)
POST /session/866551def32249fe2e9e28e67c991512/element HTTP/1.1
User-Agent: selenium/4.1.2 (java windows)
Content-Length: 93
Content-Type: application/json; charset=utf-8
host: localhost:52059
accept: */*

Response DefaultHttpResponse(decodeResult: success, version: HTTP/1.1)
HTTP/1.1 200 OK
Content-Type: application/json; charset=utf-8
cache-control: no-cache
content-length: 88

08:36:21.591 [AsyncHttpClient-1-8] DEBUG org.asynchttpclient.netty.channel.ChannelManager - Adding key: http://localhost:52059 for channel [id: 0x1a858fb4, L:/127.0.0.1:60964 - R:localhost/127.0.0.1:52059]
08:36:21.592 [Forwarding clearElement on session 866551def32249fe2e9e28e67c991512 to remote] DEBUG org.asynchttpclient.netty.request.NettyRequestSender - Using pooled Channel '[id: 0x1a858fb4, L:/127.0.0.1:60964 - R:localhost/127.0.0.1:52059]' for 'POST' to 'http://localhost:52059/session/866551def32249fe2e9e28e67c991512/element/8c716770-eeef-4fe0-a8da-a959e055a6d0/clear'
08:36:21.592 [Forwarding clearElement on session 866551def32249fe2e9e28e67c991512 to remote] DEBUG org.asynchttpclient.netty.request.NettyRequestSender - Using open Channel [id: 0x1a858fb4, L:/127.0.0.1:60964 - R:localhost/127.0.0.1:52059] for POST '/session/866551def32249fe2e9e28e67c991512/element/8c716770-eeef-4fe0-a8da-a959e055a6d0/clear'
08:36:21.626 [AsyncHttpClient-1-8] DEBUG org.asynchttpclient.netty.handler.HttpHandler - 

Request DefaultHttpRequest(decodeResult: success, version: HTTP/1.1)
POST /session/866551def32249fe2e9e28e67c991512/element/8c716770-eeef-4fe0-a8da-a959e055a6d0/clear HTTP/1.1
User-Agent: selenium/4.1.2 (java windows)
Content-Length: 50
Content-Type: application/json; charset=utf-8
host: localhost:52059
accept: */*

Response DefaultHttpResponse(decodeResult: success, version: HTTP/1.1)
HTTP/1.1 200 OK
Content-Type: application/json; charset=utf-8
cache-control: no-cache
content-length: 14

08:36:21.626 [AsyncHttpClient-1-8] DEBUG org.asynchttpclient.netty.channel.ChannelManager - Adding key: http://localhost:52059 for channel [id: 0x1a858fb4, L:/127.0.0.1:60964 - R:localhost/127.0.0.1:52059]
08:36:21.628 [Forwarding sendKeysToElement on session 866551def32249fe2e9e28e67c991512 to remote] DEBUG org.asynchttpclient.netty.request.NettyRequestSender - Using pooled Channel '[id: 0x1a858fb4, L:/127.0.0.1:60964 - R:localhost/127.0.0.1:52059]' for 'POST' to 'http://localhost:52059/session/866551def32249fe2e9e28e67c991512/element/8c716770-eeef-4fe0-a8da-a959e055a6d0/value'
08:36:21.628 [Forwarding sendKeysToElement on session 866551def32249fe2e9e28e67c991512 to remote] DEBUG org.asynchttpclient.netty.request.NettyRequestSender - Using open Channel [id: 0x1a858fb4, L:/127.0.0.1:60964 - R:localhost/127.0.0.1:52059] for POST '/session/866551def32249fe2e9e28e67c991512/element/8c716770-eeef-4fe0-a8da-a959e055a6d0/value'
08:36:21.629 [AsyncHttpClient-1-1] DEBUG org.asynchttpclient.netty.channel.DefaultChannelPool - Entry count for : http://localhost:60968 : 1
08:36:21.722 [AsyncHttpClient-1-8] DEBUG org.asynchttpclient.netty.handler.HttpHandler - 

Request DefaultHttpRequest(decodeResult: success, version: HTTP/1.1)
POST /session/866551def32249fe2e9e28e67c991512/element/8c716770-eeef-4fe0-a8da-a959e055a6d0/value HTTP/1.1
User-Agent: selenium/4.1.2 (java windows)
Content-Length: 171
Content-Type: application/json; charset=utf-8
host: localhost:52059
accept: */*

Response DefaultHttpResponse(decodeResult: success, version: HTTP/1.1)
HTTP/1.1 200 OK
Content-Type: application/json; charset=utf-8
cache-control: no-cache
content-length: 14

08:36:21.722 [AsyncHttpClient-1-8] DEBUG org.asynchttpclient.netty.channel.ChannelManager - Adding key: http://localhost:52059 for channel [id: 0x1a858fb4, L:/127.0.0.1:60964 - R:localhost/127.0.0.1:52059]
  &amp#27;[32mAnd &amp#27;[0m&amp#27;[32mi input &amp#27;[0m&amp#27;[32m&amp#27;[1m"sonyaprds"&amp#27;[0m&amp#27;[32m my name&amp#27;[0m        &amp#27;[90m# starter.stepdefinitions.registerStep.iInputMyName(java.lang.String)&amp#27;[0m
08:36:21.727 [Forwarding screenshot on session 866551def32249fe2e9e28e67c991512 to remote] DEBUG org.asynchttpclient.netty.request.NettyRequestSender - Using pooled Channel '[id: 0x1a858fb4, L:/127.0.0.1:60964 - R:localhost/127.0.0.1:52059]' for 'GET' to 'http://localhost:52059/session/866551def32249fe2e9e28e67c991512/screenshot'
08:36:21.727 [Forwarding screenshot on session 866551def32249fe2e9e28e67c991512 to remote] DEBUG org.asynchttpclient.netty.request.NettyRequestSender - Using open Channel [id: 0x1a858fb4, L:/127.0.0.1:60964 - R:localhost/127.0.0.1:52059] for GET '/session/866551def32249fe2e9e28e67c991512/screenshot'
08:36:21.882 [AsyncHttpClient-1-8] DEBUG org.asynchttpclient.netty.handler.HttpHandler - 

Request DefaultFullHttpRequest(decodeResult: success, version: HTTP/1.1, content: EmptyByteBufBE)
GET /session/866551def32249fe2e9e28e67c991512/screenshot HTTP/1.1
User-Agent: selenium/4.1.2 (java windows)
Cache-Control: no-cache
Content-Type: application/json; charset=utf-8
host: localhost:52059
accept: */*

Response DefaultHttpResponse(decodeResult: success, version: HTTP/1.1)
HTTP/1.1 200 OK
Content-Type: application/json; charset=utf-8
cache-control: no-cache
content-length: 49300

08:36:21.882 [AsyncHttpClient-1-8] DEBUG org.asynchttpclient.netty.channel.ChannelManager - Adding key: http://localhost:52059 for channel [id: 0x1a858fb4, L:/127.0.0.1:60964 - R:localhost/127.0.0.1:52059]
08:36:21.883 [main] DEBUG net.serenitybdd.core.photography.Darkroom - Send negative for processing for target\site\serenity\d2b17ff9cf943499fe7f94eaac600a35e97a4b8df9c765f8ae9a62810df69919.png
08:36:21.884 [Darkroom Processing Line] DEBUG net.serenitybdd.core.photography.DarkroomProcessingLine - Processing screenshot image in /var/screenshots/screenshot-14330584750283560367
08:36:21.884 [Darkroom Processing Line] DEBUG net.serenitybdd.core.photography.DarkroomProcessingLine - Saving screenshot to target\site\serenity\d2b17ff9cf943499fe7f94eaac600a35e97a4b8df9c765f8ae9a62810df69919.png
08:36:21.890 [Forwarding findElement on session 866551def32249fe2e9e28e67c991512 to remote] DEBUG org.asynchttpclient.netty.request.NettyRequestSender - Using pooled Channel '[id: 0x1a858fb4, L:/127.0.0.1:60964 - R:localhost/127.0.0.1:52059]' for 'POST' to 'http://localhost:52059/session/866551def32249fe2e9e28e67c991512/element'
08:36:21.890 [Forwarding findElement on session 866551def32249fe2e9e28e67c991512 to remote] DEBUG org.asynchttpclient.netty.request.NettyRequestSender - Using open Channel [id: 0x1a858fb4, L:/127.0.0.1:60964 - R:localhost/127.0.0.1:52059] for POST '/session/866551def32249fe2e9e28e67c991512/element'
08:36:21.911 [AsyncHttpClient-1-8] DEBUG org.asynchttpclient.netty.handler.HttpHandler - 

Request DefaultHttpRequest(decodeResult: success, version: HTTP/1.1)
POST /session/866551def32249fe2e9e28e67c991512/element HTTP/1.1
User-Agent: selenium/4.1.2 (java windows)
Content-Length: 86
Content-Type: application/json; charset=utf-8
host: localhost:52059
accept: */*

Response DefaultHttpResponse(decodeResult: success, version: HTTP/1.1)
HTTP/1.1 200 OK
Content-Type: application/json; charset=utf-8
cache-control: no-cache
content-length: 88

08:36:21.912 [AsyncHttpClient-1-8] DEBUG org.asynchttpclient.netty.channel.ChannelManager - Adding key: http://localhost:52059 for channel [id: 0x1a858fb4, L:/127.0.0.1:60964 - R:localhost/127.0.0.1:52059]
08:36:21.914 [Forwarding clearElement on session 866551def32249fe2e9e28e67c991512 to remote] DEBUG org.asynchttpclient.netty.request.NettyRequestSender - Using pooled Channel '[id: 0x1a858fb4, L:/127.0.0.1:60964 - R:localhost/127.0.0.1:52059]' for 'POST' to 'http://localhost:52059/session/866551def32249fe2e9e28e67c991512/element/92104234-a353-41c5-a8c0-c4e6b6ec691c/clear'
08:36:21.914 [Forwarding clearElement on session 866551def32249fe2e9e28e67c991512 to remote] DEBUG org.asynchttpclient.netty.request.NettyRequestSender - Using open Channel [id: 0x1a858fb4, L:/127.0.0.1:60964 - R:localhost/127.0.0.1:52059] for POST '/session/866551def32249fe2e9e28e67c991512/element/92104234-a353-41c5-a8c0-c4e6b6ec691c/clear'
08:36:21.950 [AsyncHttpClient-1-8] DEBUG org.asynchttpclient.netty.handler.HttpHandler - 

Request DefaultHttpRequest(decodeResult: success, version: HTTP/1.1)
POST /session/866551def32249fe2e9e28e67c991512/element/92104234-a353-41c5-a8c0-c4e6b6ec691c/clear HTTP/1.1
User-Agent: selenium/4.1.2 (java windows)
Content-Length: 50
Content-Type: application/json; charset=utf-8
host: localhost:52059
accept: */*

Response DefaultHttpResponse(decodeResult: success, version: HTTP/1.1)
HTTP/1.1 200 OK
Content-Type: application/json; charset=utf-8
cache-control: no-cache
content-length: 14

08:36:21.951 [AsyncHttpClient-1-8] DEBUG org.asynchttpclient.netty.channel.ChannelManager - Adding key: http://localhost:52059 for channel [id: 0x1a858fb4, L:/127.0.0.1:60964 - R:localhost/127.0.0.1:52059]
08:36:21.952 [Forwarding sendKeysToElement on session 866551def32249fe2e9e28e67c991512 to remote] DEBUG org.asynchttpclient.netty.request.NettyRequestSender - Using pooled Channel '[id: 0x1a858fb4, L:/127.0.0.1:60964 - R:localhost/127.0.0.1:52059]' for 'POST' to 'http://localhost:52059/session/866551def32249fe2e9e28e67c991512/element/92104234-a353-41c5-a8c0-c4e6b6ec691c/value'
08:36:21.952 [Forwarding sendKeysToElement on session 866551def32249fe2e9e28e67c991512 to remote] DEBUG org.asynchttpclient.netty.request.NettyRequestSender - Using open Channel [id: 0x1a858fb4, L:/127.0.0.1:60964 - R:localhost/127.0.0.1:52059] for POST '/session/866551def32249fe2e9e28e67c991512/element/92104234-a353-41c5-a8c0-c4e6b6ec691c/value'
08:36:21.992 [AsyncHttpClient-1-8] DEBUG org.asynchttpclient.netty.handler.HttpHandler - 

Request DefaultHttpRequest(decodeResult: success, version: HTTP/1.1)
POST /session/866551def32249fe2e9e28e67c991512/element/92104234-a353-41c5-a8c0-c4e6b6ec691c/value HTTP/1.1
User-Agent: selenium/4.1.2 (java windows)
Content-Length: 82
Content-Type: application/json; charset=utf-8
host: localhost:52059
accept: */*

Response DefaultHttpResponse(decodeResult: success, version: HTTP/1.1)
HTTP/1.1 200 OK
Content-Type: application/json; charset=utf-8
cache-control: no-cache
content-length: 14

08:36:21.992 [AsyncHttpClient-1-8] DEBUG org.asynchttpclient.netty.channel.ChannelManager - Adding key: http://localhost:52059 for channel [id: 0x1a858fb4, L:/127.0.0.1:60964 - R:localhost/127.0.0.1:52059]
  &amp#27;[32mAnd &amp#27;[0m&amp#27;[32mi input &amp#27;[0m&amp#27;[32m&amp#27;[1m""&amp#27;[0m&amp#27;[32m my email&amp#27;[0m                &amp#27;[90m# starter.stepdefinitions.registerStep.iInputMyEmail(java.lang.String)&amp#27;[0m
08:36:21.998 [Forwarding screenshot on session 866551def32249fe2e9e28e67c991512 to remote] DEBUG org.asynchttpclient.netty.request.NettyRequestSender - Using pooled Channel '[id: 0x1a858fb4, L:/127.0.0.1:60964 - R:localhost/127.0.0.1:52059]' for 'GET' to 'http://localhost:52059/session/866551def32249fe2e9e28e67c991512/screenshot'
08:36:21.998 [Forwarding screenshot on session 866551def32249fe2e9e28e67c991512 to remote] DEBUG org.asynchttpclient.netty.request.NettyRequestSender - Using open Channel [id: 0x1a858fb4, L:/127.0.0.1:60964 - R:localhost/127.0.0.1:52059] for GET '/session/866551def32249fe2e9e28e67c991512/screenshot'
08:36:22.145 [AsyncHttpClient-1-8] DEBUG org.asynchttpclient.netty.handler.HttpHandler - 

Request DefaultFullHttpRequest(decodeResult: success, version: HTTP/1.1, content: EmptyByteBufBE)
GET /session/866551def32249fe2e9e28e67c991512/screenshot HTTP/1.1
User-Agent: selenium/4.1.2 (java windows)
Cache-Control: no-cache
Content-Type: application/json; charset=utf-8
host: localhost:52059
accept: */*

Response DefaultHttpResponse(decodeResult: success, version: HTTP/1.1)
HTTP/1.1 200 OK
Content-Type: application/json; charset=utf-8
cache-control: no-cache
content-length: 48792

08:36:22.146 [AsyncHttpClient-1-8] DEBUG org.asynchttpclient.netty.channel.ChannelManager - Adding key: http://localhost:52059 for channel [id: 0x1a858fb4, L:/127.0.0.1:60964 - R:localhost/127.0.0.1:52059]
08:36:22.147 [main] DEBUG net.serenitybdd.core.photography.Darkroom - Send negative for processing for target\site\serenity\158992bfae031013883907dfa3fa6b712e07e9f6be4f0ba5ad53cb2c1d4d8463.png
08:36:22.148 [Darkroom Processing Line] DEBUG net.serenitybdd.core.photography.DarkroomProcessingLine - Processing screenshot image in /var/screenshots/screenshot-7187770721682750323
08:36:22.148 [Darkroom Processing Line] DEBUG net.serenitybdd.core.photography.DarkroomProcessingLine - Saving screenshot to target\site\serenity\158992bfae031013883907dfa3fa6b712e07e9f6be4f0ba5ad53cb2c1d4d8463.png
08:36:22.153 [Forwarding findElement on session 866551def32249fe2e9e28e67c991512 to remote] DEBUG org.asynchttpclient.netty.request.NettyRequestSender - Using pooled Channel '[id: 0x1a858fb4, L:/127.0.0.1:60964 - R:localhost/127.0.0.1:52059]' for 'POST' to 'http://localhost:52059/session/866551def32249fe2e9e28e67c991512/element'
08:36:22.153 [Forwarding findElement on session 866551def32249fe2e9e28e67c991512 to remote] DEBUG org.asynchttpclient.netty.request.NettyRequestSender - Using open Channel [id: 0x1a858fb4, L:/127.0.0.1:60964 - R:localhost/127.0.0.1:52059] for POST '/session/866551def32249fe2e9e28e67c991512/element'
08:36:22.167 [AsyncHttpClient-1-8] DEBUG org.asynchttpclient.netty.handler.HttpHandler - 

Request DefaultHttpRequest(decodeResult: success, version: HTTP/1.1)
POST /session/866551def32249fe2e9e28e67c991512/element HTTP/1.1
User-Agent: selenium/4.1.2 (java windows)
Content-Length: 89
Content-Type: application/json; charset=utf-8
host: localhost:52059
accept: */*

Response DefaultHttpResponse(decodeResult: success, version: HTTP/1.1)
HTTP/1.1 200 OK
Content-Type: application/json; charset=utf-8
cache-control: no-cache
content-length: 88

08:36:22.167 [AsyncHttpClient-1-8] DEBUG org.asynchttpclient.netty.channel.ChannelManager - Adding key: http://localhost:52059 for channel [id: 0x1a858fb4, L:/127.0.0.1:60964 - R:localhost/127.0.0.1:52059]
08:36:22.168 [Forwarding clearElement on session 866551def32249fe2e9e28e67c991512 to remote] DEBUG org.asynchttpclient.netty.request.NettyRequestSender - Using pooled Channel '[id: 0x1a858fb4, L:/127.0.0.1:60964 - R:localhost/127.0.0.1:52059]' for 'POST' to 'http://localhost:52059/session/866551def32249fe2e9e28e67c991512/element/c673274f-475a-4afe-9c93-70f2f4b2e5e1/clear'
08:36:22.168 [Forwarding clearElement on session 866551def32249fe2e9e28e67c991512 to remote] DEBUG org.asynchttpclient.netty.request.NettyRequestSender - Using open Channel [id: 0x1a858fb4, L:/127.0.0.1:60964 - R:localhost/127.0.0.1:52059] for POST '/session/866551def32249fe2e9e28e67c991512/element/c673274f-475a-4afe-9c93-70f2f4b2e5e1/clear'
08:36:22.202 [AsyncHttpClient-1-8] DEBUG org.asynchttpclient.netty.handler.HttpHandler - 

Request DefaultHttpRequest(decodeResult: success, version: HTTP/1.1)
POST /session/866551def32249fe2e9e28e67c991512/element/c673274f-475a-4afe-9c93-70f2f4b2e5e1/clear HTTP/1.1
User-Agent: selenium/4.1.2 (java windows)
Content-Length: 50
Content-Type: application/json; charset=utf-8
host: localhost:52059
accept: */*

Response DefaultHttpResponse(decodeResult: success, version: HTTP/1.1)
HTTP/1.1 200 OK
Content-Type: application/json; charset=utf-8
cache-control: no-cache
content-length: 14

08:36:22.202 [AsyncHttpClient-1-8] DEBUG org.asynchttpclient.netty.channel.ChannelManager - Adding key: http://localhost:52059 for channel [id: 0x1a858fb4, L:/127.0.0.1:60964 - R:localhost/127.0.0.1:52059]
08:36:22.203 [Forwarding sendKeysToElement on session 866551def32249fe2e9e28e67c991512 to remote] DEBUG org.asynchttpclient.netty.request.NettyRequestSender - Using pooled Channel '[id: 0x1a858fb4, L:/127.0.0.1:60964 - R:localhost/127.0.0.1:52059]' for 'POST' to 'http://localhost:52059/session/866551def32249fe2e9e28e67c991512/element/c673274f-475a-4afe-9c93-70f2f4b2e5e1/value'
08:36:22.203 [Forwarding sendKeysToElement on session 866551def32249fe2e9e28e67c991512 to remote] DEBUG org.asynchttpclient.netty.request.NettyRequestSender - Using open Channel [id: 0x1a858fb4, L:/127.0.0.1:60964 - R:localhost/127.0.0.1:52059] for POST '/session/866551def32249fe2e9e28e67c991512/element/c673274f-475a-4afe-9c93-70f2f4b2e5e1/value'
08:36:22.242 [AsyncHttpClient-1-8] DEBUG org.asynchttpclient.netty.handler.HttpHandler - 

Request DefaultHttpRequest(decodeResult: success, version: HTTP/1.1)
POST /session/866551def32249fe2e9e28e67c991512/element/c673274f-475a-4afe-9c93-70f2f4b2e5e1/value HTTP/1.1
User-Agent: selenium/4.1.2 (java windows)
Content-Length: 82
Content-Type: application/json; charset=utf-8
host: localhost:52059
accept: */*

Response DefaultHttpResponse(decodeResult: success, version: HTTP/1.1)
HTTP/1.1 200 OK
Content-Type: application/json; charset=utf-8
cache-control: no-cache
content-length: 14

08:36:22.242 [AsyncHttpClient-1-8] DEBUG org.asynchttpclient.netty.channel.ChannelManager - Adding key: http://localhost:52059 for channel [id: 0x1a858fb4, L:/127.0.0.1:60964 - R:localhost/127.0.0.1:52059]
08:36:22.246 [Forwarding findElement on session 866551def32249fe2e9e28e67c991512 to remote] DEBUG org.asynchttpclient.netty.request.NettyRequestSender - Using pooled Channel '[id: 0x1a858fb4, L:/127.0.0.1:60964 - R:localhost/127.0.0.1:52059]' for 'POST' to 'http://localhost:52059/session/866551def32249fe2e9e28e67c991512/element'
08:36:22.246 [Forwarding findElement on session 866551def32249fe2e9e28e67c991512 to remote] DEBUG org.asynchttpclient.netty.request.NettyRequestSender - Using open Channel [id: 0x1a858fb4, L:/127.0.0.1:60964 - R:localhost/127.0.0.1:52059] for POST '/session/866551def32249fe2e9e28e67c991512/element'
08:36:22.254 [AsyncHttpClient-1-8] DEBUG org.asynchttpclient.netty.handler.HttpHandler - 

Request DefaultHttpRequest(decodeResult: success, version: HTTP/1.1)
POST /session/866551def32249fe2e9e28e67c991512/element HTTP/1.1
User-Agent: selenium/4.1.2 (java windows)
Content-Length: 89
Content-Type: application/json; charset=utf-8
host: localhost:52059
accept: */*

Response DefaultHttpResponse(decodeResult: success, version: HTTP/1.1)
HTTP/1.1 200 OK
Content-Type: application/json; charset=utf-8
cache-control: no-cache
content-length: 88

08:36:22.254 [AsyncHttpClient-1-8] DEBUG org.asynchttpclient.netty.channel.ChannelManager - Adding key: http://localhost:52059 for channel [id: 0x1a858fb4, L:/127.0.0.1:60964 - R:localhost/127.0.0.1:52059]
08:36:22.255 [Forwarding clearElement on session 866551def32249fe2e9e28e67c991512 to remote] DEBUG org.asynchttpclient.netty.request.NettyRequestSender - Using pooled Channel '[id: 0x1a858fb4, L:/127.0.0.1:60964 - R:localhost/127.0.0.1:52059]' for 'POST' to 'http://localhost:52059/session/866551def32249fe2e9e28e67c991512/element/c673274f-475a-4afe-9c93-70f2f4b2e5e1/clear'
08:36:22.255 [Forwarding clearElement on session 866551def32249fe2e9e28e67c991512 to remote] DEBUG org.asynchttpclient.netty.request.NettyRequestSender - Using open Channel [id: 0x1a858fb4, L:/127.0.0.1:60964 - R:localhost/127.0.0.1:52059] for POST '/session/866551def32249fe2e9e28e67c991512/element/c673274f-475a-4afe-9c93-70f2f4b2e5e1/clear'
08:36:22.274 [AsyncHttpClient-1-8] DEBUG org.asynchttpclient.netty.handler.HttpHandler - 

Request DefaultHttpRequest(decodeResult: success, version: HTTP/1.1)
POST /session/866551def32249fe2e9e28e67c991512/element/c673274f-475a-4afe-9c93-70f2f4b2e5e1/clear HTTP/1.1
User-Agent: selenium/4.1.2 (java windows)
Content-Length: 50
Content-Type: application/json; charset=utf-8
host: localhost:52059
accept: */*

Response DefaultHttpResponse(decodeResult: success, version: HTTP/1.1)
HTTP/1.1 200 OK
Content-Type: application/json; charset=utf-8
cache-control: no-cache
content-length: 14

08:36:22.274 [AsyncHttpClient-1-8] DEBUG org.asynchttpclient.netty.channel.ChannelManager - Adding key: http://localhost:52059 for channel [id: 0x1a858fb4, L:/127.0.0.1:60964 - R:localhost/127.0.0.1:52059]
08:36:22.275 [Forwarding sendKeysToElement on session 866551def32249fe2e9e28e67c991512 to remote] DEBUG org.asynchttpclient.netty.request.NettyRequestSender - Using pooled Channel '[id: 0x1a858fb4, L:/127.0.0.1:60964 - R:localhost/127.0.0.1:52059]' for 'POST' to 'http://localhost:52059/session/866551def32249fe2e9e28e67c991512/element/c673274f-475a-4afe-9c93-70f2f4b2e5e1/value'
08:36:22.275 [Forwarding sendKeysToElement on session 866551def32249fe2e9e28e67c991512 to remote] DEBUG org.asynchttpclient.netty.request.NettyRequestSender - Using open Channel [id: 0x1a858fb4, L:/127.0.0.1:60964 - R:localhost/127.0.0.1:52059] for POST '/session/866551def32249fe2e9e28e67c991512/element/c673274f-475a-4afe-9c93-70f2f4b2e5e1/value'
08:36:22.292 [AsyncHttpClient-1-8] DEBUG org.asynchttpclient.netty.handler.HttpHandler - 

Request DefaultHttpRequest(decodeResult: success, version: HTTP/1.1)
POST /session/866551def32249fe2e9e28e67c991512/element/c673274f-475a-4afe-9c93-70f2f4b2e5e1/value HTTP/1.1
User-Agent: selenium/4.1.2 (java windows)
Content-Length: 82
Content-Type: application/json; charset=utf-8
host: localhost:52059
accept: */*

Response DefaultHttpResponse(decodeResult: success, version: HTTP/1.1)
HTTP/1.1 200 OK
Content-Type: application/json; charset=utf-8
cache-control: no-cache
content-length: 14

08:36:22.292 [AsyncHttpClient-1-8] DEBUG org.asynchttpclient.netty.channel.ChannelManager - Adding key: http://localhost:52059 for channel [id: 0x1a858fb4, L:/127.0.0.1:60964 - R:localhost/127.0.0.1:52059]
  &amp#27;[32mAnd &amp#27;[0m&amp#27;[32mi input &amp#27;[0m&amp#27;[32m&amp#27;[1m""&amp#27;[0m&amp#27;[32m my password&amp#27;[0m             &amp#27;[90m# starter.stepdefinitions.registerStep.iInputMyPassword(java.lang.String)&amp#27;[0m
08:36:22.300 [Forwarding screenshot on session 866551def32249fe2e9e28e67c991512 to remote] DEBUG org.asynchttpclient.netty.request.NettyRequestSender - Using pooled Channel '[id: 0x1a858fb4, L:/127.0.0.1:60964 - R:localhost/127.0.0.1:52059]' for 'GET' to 'http://localhost:52059/session/866551def32249fe2e9e28e67c991512/screenshot'
08:36:22.300 [Forwarding screenshot on session 866551def32249fe2e9e28e67c991512 to remote] DEBUG org.asynchttpclient.netty.request.NettyRequestSender - Using open Channel [id: 0x1a858fb4, L:/127.0.0.1:60964 - R:localhost/127.0.0.1:52059] for GET '/session/866551def32249fe2e9e28e67c991512/screenshot'
08:36:22.449 [AsyncHttpClient-1-8] DEBUG org.asynchttpclient.netty.handler.HttpHandler - 

Request DefaultFullHttpRequest(decodeResult: success, version: HTTP/1.1, content: EmptyByteBufBE)
GET /session/866551def32249fe2e9e28e67c991512/screenshot HTTP/1.1
User-Agent: selenium/4.1.2 (java windows)
Cache-Control: no-cache
Content-Type: application/json; charset=utf-8
host: localhost:52059
accept: */*

Response DefaultHttpResponse(decodeResult: success, version: HTTP/1.1)
HTTP/1.1 200 OK
Content-Type: application/json; charset=utf-8
cache-control: no-cache
content-length: 48636

08:36:22.449 [AsyncHttpClient-1-8] DEBUG org.asynchttpclient.netty.channel.ChannelManager - Adding key: http://localhost:52059 for channel [id: 0x1a858fb4, L:/127.0.0.1:60964 - R:localhost/127.0.0.1:52059]
08:36:22.451 [main] DEBUG net.serenitybdd.core.photography.Darkroom - Send negative for processing for target\site\serenity\c4525ae5210d7da253e9d35f740b11f7153f1ffe8034bc3e5440782beb59b5ec.png
08:36:22.451 [Darkroom Processing Line] DEBUG net.serenitybdd.core.photography.DarkroomProcessingLine - Processing screenshot image in /var/screenshots/screenshot-14549131947930106614
08:36:22.452 [Darkroom Processing Line] DEBUG net.serenitybdd.core.photography.DarkroomProcessingLine - Saving screenshot to target\site\serenity\c4525ae5210d7da253e9d35f740b11f7153f1ffe8034bc3e5440782beb59b5ec.png
08:36:22.457 [Forwarding findElement on session 866551def32249fe2e9e28e67c991512 to remote] DEBUG org.asynchttpclient.netty.request.NettyRequestSender - Using pooled Channel '[id: 0x1a858fb4, L:/127.0.0.1:60964 - R:localhost/127.0.0.1:52059]' for 'POST' to 'http://localhost:52059/session/866551def32249fe2e9e28e67c991512/element'
08:36:22.457 [Forwarding findElement on session 866551def32249fe2e9e28e67c991512 to remote] DEBUG org.asynchttpclient.netty.request.NettyRequestSender - Using open Channel [id: 0x1a858fb4, L:/127.0.0.1:60964 - R:localhost/127.0.0.1:52059] for POST '/session/866551def32249fe2e9e28e67c991512/element'
08:36:22.470 [AsyncHttpClient-1-8] DEBUG org.asynchttpclient.netty.handler.HttpHandler - 

Request DefaultHttpRequest(decodeResult: success, version: HTTP/1.1)
POST /session/866551def32249fe2e9e28e67c991512/element HTTP/1.1
User-Agent: selenium/4.1.2 (java windows)
Content-Length: 75
Content-Type: application/json; charset=utf-8
host: localhost:52059
accept: */*

Response DefaultHttpResponse(decodeResult: success, version: HTTP/1.1)
HTTP/1.1 200 OK
Content-Type: application/json; charset=utf-8
cache-control: no-cache
content-length: 88

08:36:22.470 [AsyncHttpClient-1-8] DEBUG org.asynchttpclient.netty.channel.ChannelManager - Adding key: http://localhost:52059 for channel [id: 0x1a858fb4, L:/127.0.0.1:60964 - R:localhost/127.0.0.1:52059]
08:36:22.471 [Forwarding getElementTagName on session 866551def32249fe2e9e28e67c991512 to remote] DEBUG org.asynchttpclient.netty.request.NettyRequestSender - Using pooled Channel '[id: 0x1a858fb4, L:/127.0.0.1:60964 - R:localhost/127.0.0.1:52059]' for 'GET' to 'http://localhost:52059/session/866551def32249fe2e9e28e67c991512/element/07bd9485-b5ca-429d-b31f-f6812bb36ffe/name'
08:36:22.471 [Forwarding getElementTagName on session 866551def32249fe2e9e28e67c991512 to remote] DEBUG org.asynchttpclient.netty.request.NettyRequestSender - Using open Channel [id: 0x1a858fb4, L:/127.0.0.1:60964 - R:localhost/127.0.0.1:52059] for GET '/session/866551def32249fe2e9e28e67c991512/element/07bd9485-b5ca-429d-b31f-f6812bb36ffe/name'
08:36:22.476 [AsyncHttpClient-1-8] DEBUG org.asynchttpclient.netty.handler.HttpHandler - 

Request DefaultFullHttpRequest(decodeResult: success, version: HTTP/1.1, content: EmptyByteBufBE)
GET /session/866551def32249fe2e9e28e67c991512/element/07bd9485-b5ca-429d-b31f-f6812bb36ffe/name HTTP/1.1
User-Agent: selenium/4.1.2 (java windows)
Cache-Control: no-cache
Content-Type: application/json; charset=utf-8
host: localhost:52059
accept: */*

Response DefaultHttpResponse(decodeResult: success, version: HTTP/1.1)
HTTP/1.1 200 OK
Content-Type: application/json; charset=utf-8
cache-control: no-cache
content-length: 18

08:36:22.476 [AsyncHttpClient-1-8] DEBUG org.asynchttpclient.netty.channel.ChannelManager - Adding key: http://localhost:52059 for channel [id: 0x1a858fb4, L:/127.0.0.1:60964 - R:localhost/127.0.0.1:52059]
08:36:22.477 [Forwarding getElementTagName on session 866551def32249fe2e9e28e67c991512 to remote] DEBUG org.asynchttpclient.netty.request.NettyRequestSender - Using pooled Channel '[id: 0x1a858fb4, L:/127.0.0.1:60964 - R:localhost/127.0.0.1:52059]' for 'GET' to 'http://localhost:52059/session/866551def32249fe2e9e28e67c991512/element/07bd9485-b5ca-429d-b31f-f6812bb36ffe/name'
08:36:22.477 [Forwarding getElementTagName on session 866551def32249fe2e9e28e67c991512 to remote] DEBUG org.asynchttpclient.netty.request.NettyRequestSender - Using open Channel [id: 0x1a858fb4, L:/127.0.0.1:60964 - R:localhost/127.0.0.1:52059] for GET '/session/866551def32249fe2e9e28e67c991512/element/07bd9485-b5ca-429d-b31f-f6812bb36ffe/name'
08:36:22.482 [AsyncHttpClient-1-8] DEBUG org.asynchttpclient.netty.handler.HttpHandler - 

Request DefaultFullHttpRequest(decodeResult: success, version: HTTP/1.1, content: EmptyByteBufBE)
GET /session/866551def32249fe2e9e28e67c991512/element/07bd9485-b5ca-429d-b31f-f6812bb36ffe/name HTTP/1.1
User-Agent: selenium/4.1.2 (java windows)
Cache-Control: no-cache
Content-Type: application/json; charset=utf-8
host: localhost:52059
accept: */*

Response DefaultHttpResponse(decodeResult: success, version: HTTP/1.1)
HTTP/1.1 200 OK
Content-Type: application/json; charset=utf-8
cache-control: no-cache
content-length: 18

08:36:22.482 [AsyncHttpClient-1-8] DEBUG org.asynchttpclient.netty.channel.ChannelManager - Adding key: http://localhost:52059 for channel [id: 0x1a858fb4, L:/127.0.0.1:60964 - R:localhost/127.0.0.1:52059]
08:36:22.484 [Forwarding isElementEnabled on session 866551def32249fe2e9e28e67c991512 to remote] DEBUG org.asynchttpclient.netty.request.NettyRequestSender - Using pooled Channel '[id: 0x1a858fb4, L:/127.0.0.1:60964 - R:localhost/127.0.0.1:52059]' for 'GET' to 'http://localhost:52059/session/866551def32249fe2e9e28e67c991512/element/07bd9485-b5ca-429d-b31f-f6812bb36ffe/enabled'
08:36:22.484 [Forwarding isElementEnabled on session 866551def32249fe2e9e28e67c991512 to remote] DEBUG org.asynchttpclient.netty.request.NettyRequestSender - Using open Channel [id: 0x1a858fb4, L:/127.0.0.1:60964 - R:localhost/127.0.0.1:52059] for GET '/session/866551def32249fe2e9e28e67c991512/element/07bd9485-b5ca-429d-b31f-f6812bb36ffe/enabled'
08:36:22.491 [AsyncHttpClient-1-8] DEBUG org.asynchttpclient.netty.handler.HttpHandler - 

Request DefaultFullHttpRequest(decodeResult: success, version: HTTP/1.1, content: EmptyByteBufBE)
GET /session/866551def32249fe2e9e28e67c991512/element/07bd9485-b5ca-429d-b31f-f6812bb36ffe/enabled HTTP/1.1
User-Agent: selenium/4.1.2 (java windows)
Cache-Control: no-cache
Content-Type: application/json; charset=utf-8
host: localhost:52059
accept: */*

Response DefaultHttpResponse(decodeResult: success, version: HTTP/1.1)
HTTP/1.1 200 OK
Content-Type: application/json; charset=utf-8
cache-control: no-cache
content-length: 14

08:36:22.491 [AsyncHttpClient-1-8] DEBUG org.asynchttpclient.netty.channel.ChannelManager - Adding key: http://localhost:52059 for channel [id: 0x1a858fb4, L:/127.0.0.1:60964 - R:localhost/127.0.0.1:52059]
08:36:22.492 [Forwarding isElementEnabled on session 866551def32249fe2e9e28e67c991512 to remote] DEBUG org.asynchttpclient.netty.request.NettyRequestSender - Using pooled Channel '[id: 0x1a858fb4, L:/127.0.0.1:60964 - R:localhost/127.0.0.1:52059]' for 'GET' to 'http://localhost:52059/session/866551def32249fe2e9e28e67c991512/element/07bd9485-b5ca-429d-b31f-f6812bb36ffe/enabled'
08:36:22.492 [Forwarding isElementEnabled on session 866551def32249fe2e9e28e67c991512 to remote] DEBUG org.asynchttpclient.netty.request.NettyRequestSender - Using open Channel [id: 0x1a858fb4, L:/127.0.0.1:60964 - R:localhost/127.0.0.1:52059] for GET '/session/866551def32249fe2e9e28e67c991512/element/07bd9485-b5ca-429d-b31f-f6812bb36ffe/enabled'
08:36:22.498 [AsyncHttpClient-1-8] DEBUG org.asynchttpclient.netty.handler.HttpHandler - 

Request DefaultFullHttpRequest(decodeResult: success, version: HTTP/1.1, content: EmptyByteBufBE)
GET /session/866551def32249fe2e9e28e67c991512/element/07bd9485-b5ca-429d-b31f-f6812bb36ffe/enabled HTTP/1.1
User-Agent: selenium/4.1.2 (java windows)
Cache-Control: no-cache
Content-Type: application/json; charset=utf-8
host: localhost:52059
accept: */*

Response DefaultHttpResponse(decodeResult: success, version: HTTP/1.1)
HTTP/1.1 200 OK
Content-Type: application/json; charset=utf-8
cache-control: no-cache
content-length: 14

08:36:22.498 [AsyncHttpClient-1-8] DEBUG org.asynchttpclient.netty.channel.ChannelManager - Adding key: http://localhost:52059 for channel [id: 0x1a858fb4, L:/127.0.0.1:60964 - R:localhost/127.0.0.1:52059]
08:36:22.499 [Forwarding findElement on session 866551def32249fe2e9e28e67c991512 to remote] DEBUG org.asynchttpclient.netty.request.NettyRequestSender - Using pooled Channel '[id: 0x1a858fb4, L:/127.0.0.1:60964 - R:localhost/127.0.0.1:52059]' for 'POST' to 'http://localhost:52059/session/866551def32249fe2e9e28e67c991512/element'
08:36:22.499 [Forwarding findElement on session 866551def32249fe2e9e28e67c991512 to remote] DEBUG org.asynchttpclient.netty.request.NettyRequestSender - Using open Channel [id: 0x1a858fb4, L:/127.0.0.1:60964 - R:localhost/127.0.0.1:52059] for POST '/session/866551def32249fe2e9e28e67c991512/element'
08:36:22.506 [AsyncHttpClient-1-8] DEBUG org.asynchttpclient.netty.handler.HttpHandler - 

Request DefaultHttpRequest(decodeResult: success, version: HTTP/1.1)
POST /session/866551def32249fe2e9e28e67c991512/element HTTP/1.1
User-Agent: selenium/4.1.2 (java windows)
Content-Length: 75
Content-Type: application/json; charset=utf-8
host: localhost:52059
accept: */*

Response DefaultHttpResponse(decodeResult: success, version: HTTP/1.1)
HTTP/1.1 200 OK
Content-Type: application/json; charset=utf-8
cache-control: no-cache
content-length: 88

08:36:22.506 [AsyncHttpClient-1-8] DEBUG org.asynchttpclient.netty.channel.ChannelManager - Adding key: http://localhost:52059 for channel [id: 0x1a858fb4, L:/127.0.0.1:60964 - R:localhost/127.0.0.1:52059]
08:36:22.507 [Forwarding clickElement on session 866551def32249fe2e9e28e67c991512 to remote] DEBUG org.asynchttpclient.netty.request.NettyRequestSender - Using pooled Channel '[id: 0x1a858fb4, L:/127.0.0.1:60964 - R:localhost/127.0.0.1:52059]' for 'POST' to 'http://localhost:52059/session/866551def32249fe2e9e28e67c991512/element/07bd9485-b5ca-429d-b31f-f6812bb36ffe/click'
08:36:22.507 [Forwarding clickElement on session 866551def32249fe2e9e28e67c991512 to remote] DEBUG org.asynchttpclient.netty.request.NettyRequestSender - Using open Channel [id: 0x1a858fb4, L:/127.0.0.1:60964 - R:localhost/127.0.0.1:52059] for POST '/session/866551def32249fe2e9e28e67c991512/element/07bd9485-b5ca-429d-b31f-f6812bb36ffe/click'
08:36:22.554 [AsyncHttpClient-1-8] DEBUG org.asynchttpclient.netty.handler.HttpHandler - 

Request DefaultHttpRequest(decodeResult: success, version: HTTP/1.1)
POST /session/866551def32249fe2e9e28e67c991512/element/07bd9485-b5ca-429d-b31f-f6812bb36ffe/click HTTP/1.1
User-Agent: selenium/4.1.2 (java windows)
Content-Length: 50
Content-Type: application/json; charset=utf-8
host: localhost:52059
accept: */*

Response DefaultHttpResponse(decodeResult: success, version: HTTP/1.1)
HTTP/1.1 200 OK
Content-Type: application/json; charset=utf-8
cache-control: no-cache
content-length: 14

08:36:22.554 [AsyncHttpClient-1-8] DEBUG org.asynchttpclient.netty.channel.ChannelManager - Adding key: http://localhost:52059 for channel [id: 0x1a858fb4, L:/127.0.0.1:60964 - R:localhost/127.0.0.1:52059]
  &amp#27;[32mAnd &amp#27;[0m&amp#27;[32mi click register button&amp#27;[0m            &amp#27;[90m# starter.stepdefinitions.registerStep.iClickRegisterButton()&amp#27;[0m
08:36:22.559 [Forwarding screenshot on session 866551def32249fe2e9e28e67c991512 to remote] DEBUG org.asynchttpclient.netty.request.NettyRequestSender - Using pooled Channel '[id: 0x1a858fb4, L:/127.0.0.1:60964 - R:localhost/127.0.0.1:52059]' for 'GET' to 'http://localhost:52059/session/866551def32249fe2e9e28e67c991512/screenshot'
08:36:22.559 [Forwarding screenshot on session 866551def32249fe2e9e28e67c991512 to remote] DEBUG org.asynchttpclient.netty.request.NettyRequestSender - Using open Channel [id: 0x1a858fb4, L:/127.0.0.1:60964 - R:localhost/127.0.0.1:52059] for GET '/session/866551def32249fe2e9e28e67c991512/screenshot'
08:36:22.737 [AsyncHttpClient-1-1] DEBUG org.asynchttpclient.netty.channel.DefaultChannelPool - Entry count for : http://localhost:60968 : 1
08:36:22.859 [AsyncHttpClient-1-8] DEBUG org.asynchttpclient.netty.handler.HttpHandler - 

Request DefaultFullHttpRequest(decodeResult: success, version: HTTP/1.1, content: EmptyByteBufBE)
GET /session/866551def32249fe2e9e28e67c991512/screenshot HTTP/1.1
User-Agent: selenium/4.1.2 (java windows)
Cache-Control: no-cache
Content-Type: application/json; charset=utf-8
host: localhost:52059
accept: */*

Response DefaultHttpResponse(decodeResult: success, version: HTTP/1.1)
HTTP/1.1 200 OK
Content-Type: application/json; charset=utf-8
cache-control: no-cache
content-length: 52228

08:36:22.859 [AsyncHttpClient-1-8] DEBUG org.asynchttpclient.netty.channel.ChannelManager - Adding key: http://localhost:52059 for channel [id: 0x1a858fb4, L:/127.0.0.1:60964 - R:localhost/127.0.0.1:52059]
08:36:22.862 [main] DEBUG net.serenitybdd.core.photography.Darkroom - Send negative for processing for target\site\serenity\8f9814fb415b25b7daf6021ea65c0e60fb56078e020979cdb51fe581824a5458.png
08:36:22.862 [Darkroom Processing Line] DEBUG net.serenitybdd.core.photography.DarkroomProcessingLine - Processing screenshot image in /var/screenshots/screenshot-14584502725662821960
08:36:22.862 [Darkroom Processing Line] DEBUG net.serenitybdd.core.photography.DarkroomProcessingLine - Saving screenshot to target\site\serenity\8f9814fb415b25b7daf6021ea65c0e60fb56078e020979cdb51fe581824a5458.png
08:36:22.869 [Forwarding findElement on session 866551def32249fe2e9e28e67c991512 to remote] DEBUG org.asynchttpclient.netty.request.NettyRequestSender - Using pooled Channel '[id: 0x1a858fb4, L:/127.0.0.1:60964 - R:localhost/127.0.0.1:52059]' for 'POST' to 'http://localhost:52059/session/866551def32249fe2e9e28e67c991512/element'
08:36:22.869 [Forwarding findElement on session 866551def32249fe2e9e28e67c991512 to remote] DEBUG org.asynchttpclient.netty.request.NettyRequestSender - Using open Channel [id: 0x1a858fb4, L:/127.0.0.1:60964 - R:localhost/127.0.0.1:52059] for POST '/session/866551def32249fe2e9e28e67c991512/element'
08:36:22.876 [AsyncHttpClient-1-8] DEBUG org.asynchttpclient.netty.handler.HttpHandler - 

Request DefaultHttpRequest(decodeResult: success, version: HTTP/1.1)
POST /session/866551def32249fe2e9e28e67c991512/element HTTP/1.1
User-Agent: selenium/4.1.2 (java windows)
Content-Length: 86
Content-Type: application/json; charset=utf-8
host: localhost:52059
accept: */*

Response DefaultHttpResponse(decodeResult: success, version: HTTP/1.1)
HTTP/1.1 200 OK
Content-Type: application/json; charset=utf-8
cache-control: no-cache
content-length: 88

08:36:22.877 [AsyncHttpClient-1-8] DEBUG org.asynchttpclient.netty.channel.ChannelManager - Adding key: http://localhost:52059 for channel [id: 0x1a858fb4, L:/127.0.0.1:60964 - R:localhost/127.0.0.1:52059]
08:36:22.880 [Forwarding isElementDisplayed on session 866551def32249fe2e9e28e67c991512 to remote] DEBUG org.asynchttpclient.netty.request.NettyRequestSender - Using pooled Channel '[id: 0x1a858fb4, L:/127.0.0.1:60964 - R:localhost/127.0.0.1:52059]' for 'POST' to 'http://localhost:52059/session/866551def32249fe2e9e28e67c991512/execute/sync'
08:36:22.880 [Forwarding isElementDisplayed on session 866551def32249fe2e9e28e67c991512 to remote] DEBUG org.asynchttpclient.netty.request.NettyRequestSender - Using open Channel [id: 0x1a858fb4, L:/127.0.0.1:60964 - R:localhost/127.0.0.1:52059] for POST '/session/866551def32249fe2e9e28e67c991512/execute/sync'
08:36:22.893 [AsyncHttpClient-1-8] DEBUG org.asynchttpclient.netty.handler.HttpHandler - 

Request DefaultHttpRequest(decodeResult: success, version: HTTP/1.1)
POST /session/866551def32249fe2e9e28e67c991512/execute/sync HTTP/1.1
User-Agent: selenium/4.1.2 (java windows)
Content-Length: 48780
Content-Type: application/json; charset=utf-8
host: localhost:52059
accept: */*

Response DefaultHttpResponse(decodeResult: success, version: HTTP/1.1)
HTTP/1.1 200 OK
Content-Type: application/json; charset=utf-8
cache-control: no-cache
content-length: 14

08:36:22.893 [AsyncHttpClient-1-8] DEBUG org.asynchttpclient.netty.channel.ChannelManager - Adding key: http://localhost:52059 for channel [id: 0x1a858fb4, L:/127.0.0.1:60964 - R:localhost/127.0.0.1:52059]
08:36:22.895 [Forwarding findElement on session 866551def32249fe2e9e28e67c991512 to remote] DEBUG org.asynchttpclient.netty.request.NettyRequestSender - Using pooled Channel '[id: 0x1a858fb4, L:/127.0.0.1:60964 - R:localhost/127.0.0.1:52059]' for 'POST' to 'http://localhost:52059/session/866551def32249fe2e9e28e67c991512/element'
08:36:22.895 [Forwarding findElement on session 866551def32249fe2e9e28e67c991512 to remote] DEBUG org.asynchttpclient.netty.request.NettyRequestSender - Using open Channel [id: 0x1a858fb4, L:/127.0.0.1:60964 - R:localhost/127.0.0.1:52059] for POST '/session/866551def32249fe2e9e28e67c991512/element'
08:36:22.909 [AsyncHttpClient-1-8] DEBUG org.asynchttpclient.netty.handler.HttpHandler - 

Request DefaultHttpRequest(decodeResult: success, version: HTTP/1.1)
POST /session/866551def32249fe2e9e28e67c991512/element HTTP/1.1
User-Agent: selenium/4.1.2 (java windows)
Content-Length: 149
Content-Type: application/json; charset=utf-8
host: localhost:52059
accept: */*

Response DefaultHttpResponse(decodeResult: success, version: HTTP/1.1)
HTTP/1.1 200 OK
Content-Type: application/json; charset=utf-8
cache-control: no-cache
content-length: 88

08:36:22.909 [AsyncHttpClient-1-8] DEBUG org.asynchttpclient.netty.channel.ChannelManager - Adding key: http://localhost:52059 for channel [id: 0x1a858fb4, L:/127.0.0.1:60964 - R:localhost/127.0.0.1:52059]
08:36:22.913 [Forwarding isElementDisplayed on session 866551def32249fe2e9e28e67c991512 to remote] DEBUG org.asynchttpclient.netty.request.NettyRequestSender - Using pooled Channel '[id: 0x1a858fb4, L:/127.0.0.1:60964 - R:localhost/127.0.0.1:52059]' for 'POST' to 'http://localhost:52059/session/866551def32249fe2e9e28e67c991512/execute/sync'
08:36:22.913 [Forwarding isElementDisplayed on session 866551def32249fe2e9e28e67c991512 to remote] DEBUG org.asynchttpclient.netty.request.NettyRequestSender - Using open Channel [id: 0x1a858fb4, L:/127.0.0.1:60964 - R:localhost/127.0.0.1:52059] for POST '/session/866551def32249fe2e9e28e67c991512/execute/sync'
08:36:22.930 [AsyncHttpClient-1-8] DEBUG org.asynchttpclient.netty.handler.HttpHandler - 

Request DefaultHttpRequest(decodeResult: success, version: HTTP/1.1)
POST /session/866551def32249fe2e9e28e67c991512/execute/sync HTTP/1.1
User-Agent: selenium/4.1.2 (java windows)
Content-Length: 48780
Content-Type: application/json; charset=utf-8
host: localhost:52059
accept: */*

Response DefaultHttpResponse(decodeResult: success, version: HTTP/1.1)
HTTP/1.1 200 OK
Content-Type: application/json; charset=utf-8
cache-control: no-cache
content-length: 14

08:36:22.930 [AsyncHttpClient-1-8] DEBUG org.asynchttpclient.netty.channel.ChannelManager - Adding key: http://localhost:52059 for channel [id: 0x1a858fb4, L:/127.0.0.1:60964 - R:localhost/127.0.0.1:52059]
  &amp#27;[32mThen &amp#27;[0m&amp#27;[32mi get my &amp#27;[0m&amp#27;[32m&amp#27;[1m"Register Page"&amp#27;[0m          &amp#27;[90m# starter.stepdefinitions.registerStep.iGetMy(java.lang.String)&amp#27;[0m
08:36:22.935 [Forwarding screenshot on session 866551def32249fe2e9e28e67c991512 to remote] DEBUG org.asynchttpclient.netty.request.NettyRequestSender - Using pooled Channel '[id: 0x1a858fb4, L:/127.0.0.1:60964 - R:localhost/127.0.0.1:52059]' for 'GET' to 'http://localhost:52059/session/866551def32249fe2e9e28e67c991512/screenshot'
08:36:22.935 [Forwarding screenshot on session 866551def32249fe2e9e28e67c991512 to remote] DEBUG org.asynchttpclient.netty.request.NettyRequestSender - Using open Channel [id: 0x1a858fb4, L:/127.0.0.1:60964 - R:localhost/127.0.0.1:52059] for GET '/session/866551def32249fe2e9e28e67c991512/screenshot'
08:36:23.136 [AsyncHttpClient-1-8] DEBUG org.asynchttpclient.netty.handler.HttpHandler - 

Request DefaultFullHttpRequest(decodeResult: success, version: HTTP/1.1, content: EmptyByteBufBE)
GET /session/866551def32249fe2e9e28e67c991512/screenshot HTTP/1.1
User-Agent: selenium/4.1.2 (java windows)
Cache-Control: no-cache
Content-Type: application/json; charset=utf-8
host: localhost:52059
accept: */*

Response DefaultHttpResponse(decodeResult: success, version: HTTP/1.1)
HTTP/1.1 200 OK
Content-Type: application/json; charset=utf-8
cache-control: no-cache
content-length: 50476

08:36:23.136 [AsyncHttpClient-1-8] DEBUG org.asynchttpclient.netty.channel.ChannelManager - Adding key: http://localhost:52059 for channel [id: 0x1a858fb4, L:/127.0.0.1:60964 - R:localhost/127.0.0.1:52059]
08:36:23.138 [main] DEBUG net.serenitybdd.core.photography.Darkroom - Send negative for processing for target\site\serenity\ac0e5a711a2dc07cfe89927cc0f7905fd1014df4f5bfd7663e9a68abcd447efc.png
08:36:23.138 [Darkroom Processing Line] DEBUG net.serenitybdd.core.photography.DarkroomProcessingLine - Processing screenshot image in /var/screenshots/screenshot-15180211203190772842
08:36:23.138 [Darkroom Processing Line] DEBUG net.serenitybdd.core.photography.DarkroomProcessingLine - Saving screenshot to target\site\serenity\ac0e5a711a2dc07cfe89927cc0f7905fd1014df4f5bfd7663e9a68abcd447efc.png
08:36:23.144 [AsyncHttpClient-1-10] DEBUG org.asynchttpclient.netty.handler.WebSocketHandler - Channel Closed: [id: 0x735e4347, L:/127.0.0.1:60978 ! R:localhost/127.0.0.1:60968] with attribute NettyResponseFuture{currentRetry=5,
	isDone=1,
	isCancelled=0,
	asyncHandler=org.asynchttpclient.ws.WebSocketUpgradeHandler@53600731,
	nettyRequest=org.asynchttpclient.netty.request.NettyRequest@171593c1,
	future=java.util.concurrent.CompletableFuture@7ec4d18c[Completed normally],
	uri=ws://localhost:60968/devtools/browser/49157a19-5214-404d-96f9-c822b53013e3,
	keepAlive=true,
	redirectCount=0,
	timeoutsHolder=null,
	inAuth=0,
	touch=1652837772350}
08:36:23.144 [AsyncHttpClient-1-10] DEBUG org.asynchttpclient.netty.channel.ChannelManager - Closing Channel [id: 0x735e4347, L:/127.0.0.1:60978 ! R:localhost/127.0.0.1:60968] 
08:36:23.144 [Driver Command Executor] DEBUG org.asynchttpclient.netty.request.NettyRequestSender - Using pooled Channel '[id: 0x1a858fb4, L:/127.0.0.1:60964 - R:localhost/127.0.0.1:52059]' for 'DELETE' to 'http://localhost:52059/session/866551def32249fe2e9e28e67c991512'
08:36:23.144 [Driver Command Executor] DEBUG org.asynchttpclient.netty.request.NettyRequestSender - Using open Channel [id: 0x1a858fb4, L:/127.0.0.1:60964 - R:localhost/127.0.0.1:52059] for DELETE '/session/866551def32249fe2e9e28e67c991512'
08:36:23.169 [AsyncHttpClient-1-9] DEBUG org.asynchttpclient.netty.handler.HttpHandler - Unexpected I/O exception on channel [id: 0x8f41aa33, L:/127.0.0.1:60977 - R:localhost/127.0.0.1:60968]
java.net.SocketException: Connection reset
	at java.base/sun.nio.ch.SocketChannelImpl.throwConnectionReset(SocketChannelImpl.java:367)
	at java.base/sun.nio.ch.SocketChannelImpl.read(SocketChannelImpl.java:398)
	at io.netty.buffer.PooledByteBuf.setBytes(PooledByteBuf.java:258)
	at io.netty.buffer.AbstractByteBuf.writeBytes(AbstractByteBuf.java:1132)
	at io.netty.channel.socket.nio.NioSocketChannel.doReadBytes(NioSocketChannel.java:350)
	at io.netty.channel.nio.AbstractNioByteChannel$NioByteUnsafe.read(AbstractNioByteChannel.java:151)
	at io.netty.channel.nio.NioEventLoop.processSelectedKey(NioEventLoop.java:722)
	at io.netty.channel.nio.NioEventLoop.processSelectedKeysOptimized(NioEventLoop.java:658)
	at io.netty.channel.nio.NioEventLoop.processSelectedKeys(NioEventLoop.java:584)
	at io.netty.channel.nio.NioEventLoop.run(NioEventLoop.java:496)
	at io.netty.util.concurrent.SingleThreadEventExecutor$4.run(SingleThreadEventExecutor.java:986)
	at io.netty.util.internal.ThreadExecutorMap$2.run(ThreadExecutorMap.java:74)
	at io.netty.util.concurrent.FastThreadLocalRunnable.run(FastThreadLocalRunnable.java:30)
	at java.base/java.lang.Thread.run(Thread.java:832)
08:36:23.170 [AsyncHttpClient-1-9] DEBUG org.asynchttpclient.netty.channel.ChannelManager - Closing Channel [id: 0x8f41aa33, L:/127.0.0.1:60977 - R:localhost/127.0.0.1:60968] 
08:36:23.170 [AsyncHttpClient-1-9] DEBUG org.asynchttpclient.netty.handler.HttpHandler - Channel Closed: [id: 0x8f41aa33, L:/127.0.0.1:60977 ! R:localhost/127.0.0.1:60968] with attribute DISCARD
08:36:23.203 [AsyncHttpClient-1-8] DEBUG org.asynchttpclient.netty.handler.HttpHandler - 

Request DefaultFullHttpRequest(decodeResult: success, version: HTTP/1.1, content: EmptyByteBufBE)
DELETE /session/866551def32249fe2e9e28e67c991512 HTTP/1.1
User-Agent: selenium/4.1.2 (java windows)
Content-Type: application/json; charset=utf-8
host: localhost:52059
accept: */*

Response DefaultHttpResponse(decodeResult: success, version: HTTP/1.1)
HTTP/1.1 200 OK
Content-Type: application/json; charset=utf-8
cache-control: no-cache
content-length: 14

08:36:23.203 [AsyncHttpClient-1-8] DEBUG org.asynchttpclient.netty.channel.ChannelManager - Adding key: http://localhost:52059 for channel [id: 0x1a858fb4, L:/127.0.0.1:60964 - R:localhost/127.0.0.1:52059]
08:36:23.320 [AsyncHttpClient-1-8] DEBUG org.asynchttpclient.netty.handler.HttpHandler - Channel Closed: [id: 0x1a858fb4, L:/127.0.0.1:60964 ! R:localhost/127.0.0.1:52059] with attribute DISCARD
08:36:23.828 [AsyncHttpClient-1-1] DEBUG org.asynchttpclient.netty.channel.DefaultChannelPool - Entry count for : http://localhost:52059 : 1
08:36:23.828 [AsyncHttpClient-1-1] DEBUG org.asynchttpclient.netty.channel.DefaultChannelPool - Entry count for : http://localhost:60968 : 1
08:36:23.828 [AsyncHttpClient-1-1] DEBUG org.asynchttpclient.netty.channel.DefaultChannelPool - Adding Candidate expired Channel [id: 0x1a858fb4, L:/127.0.0.1:60964 ! R:localhost/127.0.0.1:52059] isIdleTimeoutExpired=false isRemotelyClosed=true isTtlExpired=false
08:36:23.828 [AsyncHttpClient-1-1] DEBUG org.asynchttpclient.netty.channel.DefaultChannelPool - Closing Idle Channel [id: 0x1a858fb4, L:/127.0.0.1:60964 ! R:localhost/127.0.0.1:52059]
08:36:23.828 [AsyncHttpClient-1-1] DEBUG org.asynchttpclient.netty.channel.DefaultChannelPool - Adding Candidate expired Channel [id: 0x8f41aa33, L:/127.0.0.1:60977 ! R:localhost/127.0.0.1:60968] isIdleTimeoutExpired=false isRemotelyClosed=true isTtlExpired=false
08:36:23.828 [AsyncHttpClient-1-1] DEBUG org.asynchttpclient.netty.channel.DefaultChannelPool - Closing Idle Channel [id: 0x8f41aa33, L:/127.0.0.1:60977 ! R:localhost/127.0.0.1:60968]
08:36:23.828 [AsyncHttpClient-1-1] DEBUG org.asynchttpclient.netty.channel.DefaultChannelPool - Closed 2 connections out of 2 in 0 ms
]]></system-out>
    <system-err><![CDATA[Starting ChromeDriver 101.0.4951.41 (93c720db8323b3ec10d056025ab95c23a31997c9-refs/branch-heads/4951@{#904}) on port 52059
Only local connections are allowed.
Please see https://chromedriver.chromium.org/security-considerations for suggestions on keeping ChromeDriver safe.
ChromeDriver was started successfully.
May 18, 2022 8:36:12 AM org.openqa.selenium.remote.ProtocolHandshake createSession
INFO: Detected dialect: W3C
May 18, 2022 8:36:12 AM org.openqa.selenium.devtools.CdpVersionFinder findNearestMatch
WARNING: Unable to find an exact match for CDP version 101, so returning the closest version found: 97
May 18, 2022 8:36:12 AM org.openqa.selenium.devtools.CdpVersionFinder findNearestMatch
INFO: Found CDP implementation for version 101 of 97
]]></system-err>
  </testcase>
  <testcase name="Registration scenario #8" classname="Registration" time="9.283">
    <system-out><![CDATA[
@register
Scenario Outline: Registration scenario  &amp#27;[90m# src/test/resources/features/register.feature:27&amp#27;[0m
08:36:23.845 [main] INFO io.cucumber.core.plugin.SerenityReporter - Running feature from file:///D:/PERKULIAHAN/Semester%206,Hebatt%20glad!/Altera/QE_Gladys-Cindana-Asri-Pardosi/Mini-Project/Web/src/test/resources/features/register.feature
08:36:23.850 [main] INFO net.serenitybdd.core.webdriver.driverproviders.ChromeDriverProvider - Using automatically driver download
08:36:23.964 [main] DEBUG io.github.bonigarcia.wdm.cache.ResolutionCache - Resolution chrome=101 in cache (valid until 09:23:35 18/05/2022 WIB)
08:36:23.968 [main] DEBUG io.github.bonigarcia.wdm.cache.ResolutionCache - Resolution chrome101=101.0.4951.41 in cache (valid until 18:48:44 18/05/2022 WIB)
08:36:23.969 [main] INFO io.github.bonigarcia.wdm.WebDriverManager - Using chromedriver 101.0.4951.41 (resolved driver for Chrome 101)
08:36:23.982 [main] DEBUG io.github.bonigarcia.wdm.WebDriverManager - Driver chromedriver 101.0.4951.41 found in cache
08:36:23.982 [main] INFO io.github.bonigarcia.wdm.WebDriverManager - Exporting webdriver.chrome.driver as C:\Users\ASUS\.cache\selenium\chromedriver\win32\101.0.4951.41\chromedriver.exe
08:36:24.092 [main] DEBUG net.serenitybdd.core.webdriver.driverproviders.ProvideNewDriver - Instantiating driver
08:36:24.092 [main] DEBUG net.serenitybdd.core.webdriver.driverproviders.ProvideNewDriver - Driver capabilities: Capabilities {acceptInsecureCerts: false, base.url: , browserName: chrome, goog:chromeOptions: {args: [], extensions: []}}
08:36:24.633 [AsyncHttpClient-1-11] DEBUG org.asynchttpclient.netty.channel.NettyConnectListener - Using new Channel '[id: 0x14d4f530, L:/127.0.0.1:61006 - R:localhost/127.0.0.1:62214]' for 'POST' to '/session'
08:36:25.332 [AsyncHttpClient-1-11] DEBUG org.asynchttpclient.netty.handler.HttpHandler - 

Request DefaultHttpRequest(decodeResult: success, version: HTTP/1.1)
POST /session HTTP/1.1
User-Agent: selenium/4.1.2 (java windows)
Content-Length: 457
Content-Type: application/json; charset=utf-8
host: localhost:62214
accept: */*

Response DefaultHttpResponse(decodeResult: success, version: HTTP/1.1)
HTTP/1.1 200 OK
Content-Type: application/json; charset=utf-8
cache-control: no-cache
content-length: 788

08:36:25.332 [AsyncHttpClient-1-11] DEBUG org.asynchttpclient.netty.channel.ChannelManager - Adding key: http://localhost:62214 for channel [id: 0x14d4f530, L:/127.0.0.1:61006 - R:localhost/127.0.0.1:62214]
08:36:25.340 [AsyncHttpClient-1-12] DEBUG org.asynchttpclient.netty.channel.NettyConnectListener - Using new Channel '[id: 0xcffd4171, L:/127.0.0.1:61014 - R:localhost/127.0.0.1:61007]' for 'GET' to '/json/version'
08:36:25.340 [AsyncHttpClient-1-12] DEBUG org.asynchttpclient.netty.handler.HttpHandler - 

Request DefaultFullHttpRequest(decodeResult: success, version: HTTP/1.1, content: EmptyByteBufBE)
GET /json/version HTTP/1.1
User-Agent: selenium/4.1.2 (java windows)
host: localhost:61007
accept: */*

Response DefaultHttpResponse(decodeResult: success, version: HTTP/1.1)
HTTP/1.1 200 OK
Content-Type: application/json; charset=UTF-8
content-length: 427

08:36:25.340 [AsyncHttpClient-1-12] DEBUG org.asynchttpclient.netty.channel.ChannelManager - Adding key: http://localhost:61007 for channel [id: 0xcffd4171, L:/127.0.0.1:61014 - R:localhost/127.0.0.1:61007]
08:36:25.344 [AsyncHttpClient-1-13] DEBUG org.asynchttpclient.netty.channel.NettyConnectListener - Using new Channel '[id: 0xc45d319c, L:/127.0.0.1:61015 - R:localhost/127.0.0.1:61007]' for 'GET' to '/devtools/browser/7e6cf729-6f74-4f64-8c94-6c87699b3c25'
08:36:25.345 [AsyncHttpClient-1-13] DEBUG org.asynchttpclient.netty.handler.WebSocketHandler - 

Request DefaultFullHttpRequest(decodeResult: success, version: HTTP/1.1, content: EmptyByteBufBE)
GET /devtools/browser/7e6cf729-6f74-4f64-8c94-6c87699b3c25 HTTP/1.1
upgrade: websocket
connection: upgrade
sec-websocket-key: 1eoZSc/NwIiPr4M4sz7TJg==
sec-websocket-version: 13
origin: http://localhost:61007
host: localhost:61007
accept: */*
user-agent: AHC/2.1

Response DefaultHttpResponse(decodeResult: success, version: HTTP/1.1)
HTTP/1.1 101 WebSocket Protocol Handshake
Upgrade: WebSocket
Connection: Upgrade
Sec-WebSocket-Accept: TpyX8+1j0+bOn00VD36U4c7sOqc=

08:36:25.350 [Forwarding get on session 6c834df7b13dab9c0aabe725026ed1b9 to remote] DEBUG org.asynchttpclient.netty.request.NettyRequestSender - Using pooled Channel '[id: 0x14d4f530, L:/127.0.0.1:61006 - R:localhost/127.0.0.1:62214]' for 'POST' to 'http://localhost:62214/session/6c834df7b13dab9c0aabe725026ed1b9/url'
08:36:25.350 [Forwarding get on session 6c834df7b13dab9c0aabe725026ed1b9 to remote] DEBUG org.asynchttpclient.netty.request.NettyRequestSender - Using open Channel [id: 0x14d4f530, L:/127.0.0.1:61006 - R:localhost/127.0.0.1:62214] for POST '/session/6c834df7b13dab9c0aabe725026ed1b9/url'
08:36:26.029 [AsyncHttpClient-1-1] DEBUG org.asynchttpclient.netty.channel.DefaultChannelPool - Entry count for : http://localhost:61007 : 1
08:36:27.130 [AsyncHttpClient-1-1] DEBUG org.asynchttpclient.netty.channel.DefaultChannelPool - Entry count for : http://localhost:61007 : 1
08:36:28.238 [AsyncHttpClient-1-1] DEBUG org.asynchttpclient.netty.channel.DefaultChannelPool - Entry count for : http://localhost:61007 : 1
08:36:29.333 [AsyncHttpClient-1-1] DEBUG org.asynchttpclient.netty.channel.DefaultChannelPool - Entry count for : http://localhost:61007 : 1
08:36:30.021 [AsyncHttpClient-1-11] DEBUG org.asynchttpclient.netty.handler.HttpHandler - 

Request DefaultHttpRequest(decodeResult: success, version: HTTP/1.1)
POST /session/6c834df7b13dab9c0aabe725026ed1b9/url HTTP/1.1
User-Agent: selenium/4.1.2 (java windows)
Content-Length: 49
Content-Type: application/json; charset=utf-8
host: localhost:62214
accept: */*

Response DefaultHttpResponse(decodeResult: success, version: HTTP/1.1)
HTTP/1.1 200 OK
Content-Type: application/json; charset=utf-8
cache-control: no-cache
content-length: 14

08:36:30.022 [AsyncHttpClient-1-11] DEBUG org.asynchttpclient.netty.channel.ChannelManager - Adding key: http://localhost:62214 for channel [id: 0x14d4f530, L:/127.0.0.1:61006 - R:localhost/127.0.0.1:62214]
08:36:30.023 [Forwarding setTimeout on session 6c834df7b13dab9c0aabe725026ed1b9 to remote] DEBUG org.asynchttpclient.netty.request.NettyRequestSender - Using pooled Channel '[id: 0x14d4f530, L:/127.0.0.1:61006 - R:localhost/127.0.0.1:62214]' for 'POST' to 'http://localhost:62214/session/6c834df7b13dab9c0aabe725026ed1b9/timeouts'
08:36:30.023 [Forwarding setTimeout on session 6c834df7b13dab9c0aabe725026ed1b9 to remote] DEBUG org.asynchttpclient.netty.request.NettyRequestSender - Using open Channel [id: 0x14d4f530, L:/127.0.0.1:61006 - R:localhost/127.0.0.1:62214] for POST '/session/6c834df7b13dab9c0aabe725026ed1b9/timeouts'
08:36:30.023 [AsyncHttpClient-1-11] DEBUG org.asynchttpclient.netty.handler.HttpHandler - 

Request DefaultHttpRequest(decodeResult: success, version: HTTP/1.1)
POST /session/6c834df7b13dab9c0aabe725026ed1b9/timeouts HTTP/1.1
User-Agent: selenium/4.1.2 (java windows)
Content-Length: 22
Content-Type: application/json; charset=utf-8
host: localhost:62214
accept: */*

Response DefaultHttpResponse(decodeResult: success, version: HTTP/1.1)
HTTP/1.1 200 OK
Content-Type: application/json; charset=utf-8
cache-control: no-cache
content-length: 14

08:36:30.024 [AsyncHttpClient-1-11] DEBUG org.asynchttpclient.netty.channel.ChannelManager - Adding key: http://localhost:62214 for channel [id: 0x14d4f530, L:/127.0.0.1:61006 - R:localhost/127.0.0.1:62214]
08:36:30.025 [Forwarding getCurrentUrl on session 6c834df7b13dab9c0aabe725026ed1b9 to remote] DEBUG org.asynchttpclient.netty.request.NettyRequestSender - Using pooled Channel '[id: 0x14d4f530, L:/127.0.0.1:61006 - R:localhost/127.0.0.1:62214]' for 'GET' to 'http://localhost:62214/session/6c834df7b13dab9c0aabe725026ed1b9/url'
08:36:30.025 [Forwarding getCurrentUrl on session 6c834df7b13dab9c0aabe725026ed1b9 to remote] DEBUG org.asynchttpclient.netty.request.NettyRequestSender - Using open Channel [id: 0x14d4f530, L:/127.0.0.1:61006 - R:localhost/127.0.0.1:62214] for GET '/session/6c834df7b13dab9c0aabe725026ed1b9/url'
08:36:30.030 [AsyncHttpClient-1-11] DEBUG org.asynchttpclient.netty.handler.HttpHandler - 

Request DefaultFullHttpRequest(decodeResult: success, version: HTTP/1.1, content: EmptyByteBufBE)
GET /session/6c834df7b13dab9c0aabe725026ed1b9/url HTTP/1.1
User-Agent: selenium/4.1.2 (java windows)
Cache-Control: no-cache
Content-Type: application/json; charset=utf-8
host: localhost:62214
accept: */*

Response DefaultHttpResponse(decodeResult: success, version: HTTP/1.1)
HTTP/1.1 200 OK
Content-Type: application/json; charset=utf-8
cache-control: no-cache
content-length: 31

08:36:30.030 [AsyncHttpClient-1-11] DEBUG org.asynchttpclient.netty.channel.ChannelManager - Adding key: http://localhost:62214 for channel [id: 0x14d4f530, L:/127.0.0.1:61006 - R:localhost/127.0.0.1:62214]
  &amp#27;[32mGiven &amp#27;[0m&amp#27;[32mi access the web&amp#27;[0m                 &amp#27;[90m# starter.stepdefinitions.registerStep.iAccessTheWeb()&amp#27;[0m
08:36:30.036 [Forwarding screenshot on session 6c834df7b13dab9c0aabe725026ed1b9 to remote] DEBUG org.asynchttpclient.netty.request.NettyRequestSender - Using pooled Channel '[id: 0x14d4f530, L:/127.0.0.1:61006 - R:localhost/127.0.0.1:62214]' for 'GET' to 'http://localhost:62214/session/6c834df7b13dab9c0aabe725026ed1b9/screenshot'
08:36:30.036 [Forwarding screenshot on session 6c834df7b13dab9c0aabe725026ed1b9 to remote] DEBUG org.asynchttpclient.netty.request.NettyRequestSender - Using open Channel [id: 0x14d4f530, L:/127.0.0.1:61006 - R:localhost/127.0.0.1:62214] for GET '/session/6c834df7b13dab9c0aabe725026ed1b9/screenshot'
08:36:30.392 [AsyncHttpClient-1-11] DEBUG org.asynchttpclient.netty.handler.HttpHandler - 

Request DefaultFullHttpRequest(decodeResult: success, version: HTTP/1.1, content: EmptyByteBufBE)
GET /session/6c834df7b13dab9c0aabe725026ed1b9/screenshot HTTP/1.1
User-Agent: selenium/4.1.2 (java windows)
Cache-Control: no-cache
Content-Type: application/json; charset=utf-8
host: localhost:62214
accept: */*

Response DefaultHttpResponse(decodeResult: success, version: HTTP/1.1)
HTTP/1.1 200 OK
Content-Type: application/json; charset=utf-8
cache-control: no-cache
content-length: 44280

08:36:30.392 [AsyncHttpClient-1-11] DEBUG org.asynchttpclient.netty.channel.ChannelManager - Adding key: http://localhost:62214 for channel [id: 0x14d4f530, L:/127.0.0.1:61006 - R:localhost/127.0.0.1:62214]
08:36:30.393 [main] DEBUG net.serenitybdd.core.photography.Darkroom - Send negative for processing for target\site\serenity\ce78e0b66b77990746612c952fe49f4fcf3a0e69ccb2a9896efc3780e040737c.png
08:36:30.394 [Darkroom Processing Line] DEBUG net.serenitybdd.core.photography.DarkroomProcessingLine - Processing screenshot image in /var/screenshots/screenshot-12997010190171118674
08:36:30.394 [Darkroom Processing Line] DEBUG net.serenitybdd.core.photography.DarkroomProcessingLine - Saving screenshot to target\site\serenity\ce78e0b66b77990746612c952fe49f4fcf3a0e69ccb2a9896efc3780e040737c.png
08:36:30.401 [Forwarding findElement on session 6c834df7b13dab9c0aabe725026ed1b9 to remote] DEBUG org.asynchttpclient.netty.request.NettyRequestSender - Using pooled Channel '[id: 0x14d4f530, L:/127.0.0.1:61006 - R:localhost/127.0.0.1:62214]' for 'POST' to 'http://localhost:62214/session/6c834df7b13dab9c0aabe725026ed1b9/element'
08:36:30.401 [Forwarding findElement on session 6c834df7b13dab9c0aabe725026ed1b9 to remote] DEBUG org.asynchttpclient.netty.request.NettyRequestSender - Using open Channel [id: 0x14d4f530, L:/127.0.0.1:61006 - R:localhost/127.0.0.1:62214] for POST '/session/6c834df7b13dab9c0aabe725026ed1b9/element'
08:36:30.414 [AsyncHttpClient-1-11] DEBUG org.asynchttpclient.netty.handler.HttpHandler - 

Request DefaultHttpRequest(decodeResult: success, version: HTTP/1.1)
POST /session/6c834df7b13dab9c0aabe725026ed1b9/element HTTP/1.1
User-Agent: selenium/4.1.2 (java windows)
Content-Length: 170
Content-Type: application/json; charset=utf-8
host: localhost:62214
accept: */*

Response DefaultHttpResponse(decodeResult: success, version: HTTP/1.1)
HTTP/1.1 200 OK
Content-Type: application/json; charset=utf-8
cache-control: no-cache
content-length: 88

08:36:30.414 [AsyncHttpClient-1-11] DEBUG org.asynchttpclient.netty.channel.ChannelManager - Adding key: http://localhost:62214 for channel [id: 0x14d4f530, L:/127.0.0.1:61006 - R:localhost/127.0.0.1:62214]
08:36:30.415 [Forwarding getElementTagName on session 6c834df7b13dab9c0aabe725026ed1b9 to remote] DEBUG org.asynchttpclient.netty.request.NettyRequestSender - Using pooled Channel '[id: 0x14d4f530, L:/127.0.0.1:61006 - R:localhost/127.0.0.1:62214]' for 'GET' to 'http://localhost:62214/session/6c834df7b13dab9c0aabe725026ed1b9/element/02e5b845-1e76-4628-b674-0c203f7a80c3/name'
08:36:30.415 [Forwarding getElementTagName on session 6c834df7b13dab9c0aabe725026ed1b9 to remote] DEBUG org.asynchttpclient.netty.request.NettyRequestSender - Using open Channel [id: 0x14d4f530, L:/127.0.0.1:61006 - R:localhost/127.0.0.1:62214] for GET '/session/6c834df7b13dab9c0aabe725026ed1b9/element/02e5b845-1e76-4628-b674-0c203f7a80c3/name'
08:36:30.420 [AsyncHttpClient-1-11] DEBUG org.asynchttpclient.netty.handler.HttpHandler - 

Request DefaultFullHttpRequest(decodeResult: success, version: HTTP/1.1, content: EmptyByteBufBE)
GET /session/6c834df7b13dab9c0aabe725026ed1b9/element/02e5b845-1e76-4628-b674-0c203f7a80c3/name HTTP/1.1
User-Agent: selenium/4.1.2 (java windows)
Cache-Control: no-cache
Content-Type: application/json; charset=utf-8
host: localhost:62214
accept: */*

Response DefaultHttpResponse(decodeResult: success, version: HTTP/1.1)
HTTP/1.1 200 OK
Content-Type: application/json; charset=utf-8
cache-control: no-cache
content-length: 13

08:36:30.420 [AsyncHttpClient-1-11] DEBUG org.asynchttpclient.netty.channel.ChannelManager - Adding key: http://localhost:62214 for channel [id: 0x14d4f530, L:/127.0.0.1:61006 - R:localhost/127.0.0.1:62214]
08:36:30.421 [Forwarding getElementTagName on session 6c834df7b13dab9c0aabe725026ed1b9 to remote] DEBUG org.asynchttpclient.netty.request.NettyRequestSender - Using pooled Channel '[id: 0x14d4f530, L:/127.0.0.1:61006 - R:localhost/127.0.0.1:62214]' for 'GET' to 'http://localhost:62214/session/6c834df7b13dab9c0aabe725026ed1b9/element/02e5b845-1e76-4628-b674-0c203f7a80c3/name'
08:36:30.421 [Forwarding getElementTagName on session 6c834df7b13dab9c0aabe725026ed1b9 to remote] DEBUG org.asynchttpclient.netty.request.NettyRequestSender - Using open Channel [id: 0x14d4f530, L:/127.0.0.1:61006 - R:localhost/127.0.0.1:62214] for GET '/session/6c834df7b13dab9c0aabe725026ed1b9/element/02e5b845-1e76-4628-b674-0c203f7a80c3/name'
08:36:30.425 [AsyncHttpClient-1-11] DEBUG org.asynchttpclient.netty.handler.HttpHandler - 

Request DefaultFullHttpRequest(decodeResult: success, version: HTTP/1.1, content: EmptyByteBufBE)
GET /session/6c834df7b13dab9c0aabe725026ed1b9/element/02e5b845-1e76-4628-b674-0c203f7a80c3/name HTTP/1.1
User-Agent: selenium/4.1.2 (java windows)
Cache-Control: no-cache
Content-Type: application/json; charset=utf-8
host: localhost:62214
accept: */*

Response DefaultHttpResponse(decodeResult: success, version: HTTP/1.1)
HTTP/1.1 200 OK
Content-Type: application/json; charset=utf-8
cache-control: no-cache
content-length: 13

08:36:30.425 [AsyncHttpClient-1-11] DEBUG org.asynchttpclient.netty.channel.ChannelManager - Adding key: http://localhost:62214 for channel [id: 0x14d4f530, L:/127.0.0.1:61006 - R:localhost/127.0.0.1:62214]
08:36:30.426 [Forwarding findElement on session 6c834df7b13dab9c0aabe725026ed1b9 to remote] DEBUG org.asynchttpclient.netty.request.NettyRequestSender - Using pooled Channel '[id: 0x14d4f530, L:/127.0.0.1:61006 - R:localhost/127.0.0.1:62214]' for 'POST' to 'http://localhost:62214/session/6c834df7b13dab9c0aabe725026ed1b9/element'
08:36:30.426 [Forwarding findElement on session 6c834df7b13dab9c0aabe725026ed1b9 to remote] DEBUG org.asynchttpclient.netty.request.NettyRequestSender - Using open Channel [id: 0x14d4f530, L:/127.0.0.1:61006 - R:localhost/127.0.0.1:62214] for POST '/session/6c834df7b13dab9c0aabe725026ed1b9/element'
08:36:30.430 [AsyncHttpClient-1-1] DEBUG org.asynchttpclient.netty.channel.DefaultChannelPool - Entry count for : http://localhost:61007 : 1
08:36:30.434 [AsyncHttpClient-1-11] DEBUG org.asynchttpclient.netty.handler.HttpHandler - 

Request DefaultHttpRequest(decodeResult: success, version: HTTP/1.1)
POST /session/6c834df7b13dab9c0aabe725026ed1b9/element HTTP/1.1
User-Agent: selenium/4.1.2 (java windows)
Content-Length: 170
Content-Type: application/json; charset=utf-8
host: localhost:62214
accept: */*

Response DefaultHttpResponse(decodeResult: success, version: HTTP/1.1)
HTTP/1.1 200 OK
Content-Type: application/json; charset=utf-8
cache-control: no-cache
content-length: 88

08:36:30.434 [AsyncHttpClient-1-11] DEBUG org.asynchttpclient.netty.channel.ChannelManager - Adding key: http://localhost:62214 for channel [id: 0x14d4f530, L:/127.0.0.1:61006 - R:localhost/127.0.0.1:62214]
08:36:30.435 [Forwarding clickElement on session 6c834df7b13dab9c0aabe725026ed1b9 to remote] DEBUG org.asynchttpclient.netty.request.NettyRequestSender - Using pooled Channel '[id: 0x14d4f530, L:/127.0.0.1:61006 - R:localhost/127.0.0.1:62214]' for 'POST' to 'http://localhost:62214/session/6c834df7b13dab9c0aabe725026ed1b9/element/02e5b845-1e76-4628-b674-0c203f7a80c3/click'
08:36:30.435 [Forwarding clickElement on session 6c834df7b13dab9c0aabe725026ed1b9 to remote] DEBUG org.asynchttpclient.netty.request.NettyRequestSender - Using open Channel [id: 0x14d4f530, L:/127.0.0.1:61006 - R:localhost/127.0.0.1:62214] for POST '/session/6c834df7b13dab9c0aabe725026ed1b9/element/02e5b845-1e76-4628-b674-0c203f7a80c3/click'
08:36:30.491 [AsyncHttpClient-1-11] DEBUG org.asynchttpclient.netty.handler.HttpHandler - 

Request DefaultHttpRequest(decodeResult: success, version: HTTP/1.1)
POST /session/6c834df7b13dab9c0aabe725026ed1b9/element/02e5b845-1e76-4628-b674-0c203f7a80c3/click HTTP/1.1
User-Agent: selenium/4.1.2 (java windows)
Content-Length: 50
Content-Type: application/json; charset=utf-8
host: localhost:62214
accept: */*

Response DefaultHttpResponse(decodeResult: success, version: HTTP/1.1)
HTTP/1.1 200 OK
Content-Type: application/json; charset=utf-8
cache-control: no-cache
content-length: 14

08:36:30.491 [AsyncHttpClient-1-11] DEBUG org.asynchttpclient.netty.channel.ChannelManager - Adding key: http://localhost:62214 for channel [id: 0x14d4f530, L:/127.0.0.1:61006 - R:localhost/127.0.0.1:62214]
08:36:30.493 [Forwarding get on session 6c834df7b13dab9c0aabe725026ed1b9 to remote] DEBUG org.asynchttpclient.netty.request.NettyRequestSender - Using pooled Channel '[id: 0x14d4f530, L:/127.0.0.1:61006 - R:localhost/127.0.0.1:62214]' for 'POST' to 'http://localhost:62214/session/6c834df7b13dab9c0aabe725026ed1b9/url'
08:36:30.493 [Forwarding get on session 6c834df7b13dab9c0aabe725026ed1b9 to remote] DEBUG org.asynchttpclient.netty.request.NettyRequestSender - Using open Channel [id: 0x14d4f530, L:/127.0.0.1:61006 - R:localhost/127.0.0.1:62214] for POST '/session/6c834df7b13dab9c0aabe725026ed1b9/url'
08:36:30.825 [AsyncHttpClient-1-11] DEBUG org.asynchttpclient.netty.handler.HttpHandler - 

Request DefaultHttpRequest(decodeResult: success, version: HTTP/1.1)
POST /session/6c834df7b13dab9c0aabe725026ed1b9/url HTTP/1.1
User-Agent: selenium/4.1.2 (java windows)
Content-Length: 67
Content-Type: application/json; charset=utf-8
host: localhost:62214
accept: */*

Response DefaultHttpResponse(decodeResult: success, version: HTTP/1.1)
HTTP/1.1 200 OK
Content-Type: application/json; charset=utf-8
cache-control: no-cache
content-length: 14

08:36:30.826 [AsyncHttpClient-1-11] DEBUG org.asynchttpclient.netty.channel.ChannelManager - Adding key: http://localhost:62214 for channel [id: 0x14d4f530, L:/127.0.0.1:61006 - R:localhost/127.0.0.1:62214]
08:36:30.827 [Forwarding getCurrentUrl on session 6c834df7b13dab9c0aabe725026ed1b9 to remote] DEBUG org.asynchttpclient.netty.request.NettyRequestSender - Using pooled Channel '[id: 0x14d4f530, L:/127.0.0.1:61006 - R:localhost/127.0.0.1:62214]' for 'GET' to 'http://localhost:62214/session/6c834df7b13dab9c0aabe725026ed1b9/url'
08:36:30.827 [Forwarding getCurrentUrl on session 6c834df7b13dab9c0aabe725026ed1b9 to remote] DEBUG org.asynchttpclient.netty.request.NettyRequestSender - Using open Channel [id: 0x14d4f530, L:/127.0.0.1:61006 - R:localhost/127.0.0.1:62214] for GET '/session/6c834df7b13dab9c0aabe725026ed1b9/url'
08:36:30.833 [AsyncHttpClient-1-11] DEBUG org.asynchttpclient.netty.handler.HttpHandler - 

Request DefaultFullHttpRequest(decodeResult: success, version: HTTP/1.1, content: EmptyByteBufBE)
GET /session/6c834df7b13dab9c0aabe725026ed1b9/url HTTP/1.1
User-Agent: selenium/4.1.2 (java windows)
Cache-Control: no-cache
Content-Type: application/json; charset=utf-8
host: localhost:62214
accept: */*

Response DefaultHttpResponse(decodeResult: success, version: HTTP/1.1)
HTTP/1.1 200 OK
Content-Type: application/json; charset=utf-8
cache-control: no-cache
content-length: 44

08:36:30.833 [AsyncHttpClient-1-11] DEBUG org.asynchttpclient.netty.channel.ChannelManager - Adding key: http://localhost:62214 for channel [id: 0x14d4f530, L:/127.0.0.1:61006 - R:localhost/127.0.0.1:62214]
  &amp#27;[32mWhen &amp#27;[0m&amp#27;[32mi click icon account and register&amp#27;[0m &amp#27;[90m# starter.stepdefinitions.registerStep.iClickIconAccountAndRegister()&amp#27;[0m
08:36:30.837 [Forwarding screenshot on session 6c834df7b13dab9c0aabe725026ed1b9 to remote] DEBUG org.asynchttpclient.netty.request.NettyRequestSender - Using pooled Channel '[id: 0x14d4f530, L:/127.0.0.1:61006 - R:localhost/127.0.0.1:62214]' for 'GET' to 'http://localhost:62214/session/6c834df7b13dab9c0aabe725026ed1b9/screenshot'
08:36:30.837 [Forwarding screenshot on session 6c834df7b13dab9c0aabe725026ed1b9 to remote] DEBUG org.asynchttpclient.netty.request.NettyRequestSender - Using open Channel [id: 0x14d4f530, L:/127.0.0.1:61006 - R:localhost/127.0.0.1:62214] for GET '/session/6c834df7b13dab9c0aabe725026ed1b9/screenshot'
08:36:30.996 [AsyncHttpClient-1-11] DEBUG org.asynchttpclient.netty.handler.HttpHandler - 

Request DefaultFullHttpRequest(decodeResult: success, version: HTTP/1.1, content: EmptyByteBufBE)
GET /session/6c834df7b13dab9c0aabe725026ed1b9/screenshot HTTP/1.1
User-Agent: selenium/4.1.2 (java windows)
Cache-Control: no-cache
Content-Type: application/json; charset=utf-8
host: localhost:62214
accept: */*

Response DefaultHttpResponse(decodeResult: success, version: HTTP/1.1)
HTTP/1.1 200 OK
Content-Type: application/json; charset=utf-8
cache-control: no-cache
content-length: 44716

08:36:30.996 [AsyncHttpClient-1-11] DEBUG org.asynchttpclient.netty.channel.ChannelManager - Adding key: http://localhost:62214 for channel [id: 0x14d4f530, L:/127.0.0.1:61006 - R:localhost/127.0.0.1:62214]
08:36:30.998 [main] DEBUG net.serenitybdd.core.photography.Darkroom - Send negative for processing for target\site\serenity\fa2c2524d3f8e5f6ab35472399ad99cab14a625b335c5da78c3a6cfbfc20f144.png
08:36:31.004 [Forwarding findElement on session 6c834df7b13dab9c0aabe725026ed1b9 to remote] DEBUG org.asynchttpclient.netty.request.NettyRequestSender - Using pooled Channel '[id: 0x14d4f530, L:/127.0.0.1:61006 - R:localhost/127.0.0.1:62214]' for 'POST' to 'http://localhost:62214/session/6c834df7b13dab9c0aabe725026ed1b9/element'
08:36:31.004 [Forwarding findElement on session 6c834df7b13dab9c0aabe725026ed1b9 to remote] DEBUG org.asynchttpclient.netty.request.NettyRequestSender - Using open Channel [id: 0x14d4f530, L:/127.0.0.1:61006 - R:localhost/127.0.0.1:62214] for POST '/session/6c834df7b13dab9c0aabe725026ed1b9/element'
08:36:31.020 [AsyncHttpClient-1-11] DEBUG org.asynchttpclient.netty.handler.HttpHandler - 

Request DefaultHttpRequest(decodeResult: success, version: HTTP/1.1)
POST /session/6c834df7b13dab9c0aabe725026ed1b9/element HTTP/1.1
User-Agent: selenium/4.1.2 (java windows)
Content-Length: 93
Content-Type: application/json; charset=utf-8
host: localhost:62214
accept: */*

Response DefaultHttpResponse(decodeResult: success, version: HTTP/1.1)
HTTP/1.1 200 OK
Content-Type: application/json; charset=utf-8
cache-control: no-cache
content-length: 88

08:36:31.020 [AsyncHttpClient-1-11] DEBUG org.asynchttpclient.netty.channel.ChannelManager - Adding key: http://localhost:62214 for channel [id: 0x14d4f530, L:/127.0.0.1:61006 - R:localhost/127.0.0.1:62214]
08:36:31.021 [Forwarding clearElement on session 6c834df7b13dab9c0aabe725026ed1b9 to remote] DEBUG org.asynchttpclient.netty.request.NettyRequestSender - Using pooled Channel '[id: 0x14d4f530, L:/127.0.0.1:61006 - R:localhost/127.0.0.1:62214]' for 'POST' to 'http://localhost:62214/session/6c834df7b13dab9c0aabe725026ed1b9/element/cd0836d9-725a-4eb5-9d13-bc95515fafa2/clear'
08:36:31.021 [Forwarding clearElement on session 6c834df7b13dab9c0aabe725026ed1b9 to remote] DEBUG org.asynchttpclient.netty.request.NettyRequestSender - Using open Channel [id: 0x14d4f530, L:/127.0.0.1:61006 - R:localhost/127.0.0.1:62214] for POST '/session/6c834df7b13dab9c0aabe725026ed1b9/element/cd0836d9-725a-4eb5-9d13-bc95515fafa2/clear'
08:36:31.057 [AsyncHttpClient-1-11] DEBUG org.asynchttpclient.netty.handler.HttpHandler - 

Request DefaultHttpRequest(decodeResult: success, version: HTTP/1.1)
POST /session/6c834df7b13dab9c0aabe725026ed1b9/element/cd0836d9-725a-4eb5-9d13-bc95515fafa2/clear HTTP/1.1
User-Agent: selenium/4.1.2 (java windows)
Content-Length: 50
Content-Type: application/json; charset=utf-8
host: localhost:62214
accept: */*

Response DefaultHttpResponse(decodeResult: success, version: HTTP/1.1)
HTTP/1.1 200 OK
Content-Type: application/json; charset=utf-8
cache-control: no-cache
content-length: 14

08:36:31.057 [AsyncHttpClient-1-11] DEBUG org.asynchttpclient.netty.channel.ChannelManager - Adding key: http://localhost:62214 for channel [id: 0x14d4f530, L:/127.0.0.1:61006 - R:localhost/127.0.0.1:62214]
08:36:31.058 [Forwarding sendKeysToElement on session 6c834df7b13dab9c0aabe725026ed1b9 to remote] DEBUG org.asynchttpclient.netty.request.NettyRequestSender - Using pooled Channel '[id: 0x14d4f530, L:/127.0.0.1:61006 - R:localhost/127.0.0.1:62214]' for 'POST' to 'http://localhost:62214/session/6c834df7b13dab9c0aabe725026ed1b9/element/cd0836d9-725a-4eb5-9d13-bc95515fafa2/value'
08:36:31.058 [Forwarding sendKeysToElement on session 6c834df7b13dab9c0aabe725026ed1b9 to remote] DEBUG org.asynchttpclient.netty.request.NettyRequestSender - Using open Channel [id: 0x14d4f530, L:/127.0.0.1:61006 - R:localhost/127.0.0.1:62214] for POST '/session/6c834df7b13dab9c0aabe725026ed1b9/element/cd0836d9-725a-4eb5-9d13-bc95515fafa2/value'
08:36:31.105 [AsyncHttpClient-1-11] DEBUG org.asynchttpclient.netty.handler.HttpHandler - 

Request DefaultHttpRequest(decodeResult: success, version: HTTP/1.1)
POST /session/6c834df7b13dab9c0aabe725026ed1b9/element/cd0836d9-725a-4eb5-9d13-bc95515fafa2/value HTTP/1.1
User-Agent: selenium/4.1.2 (java windows)
Content-Length: 82
Content-Type: application/json; charset=utf-8
host: localhost:62214
accept: */*

Response DefaultHttpResponse(decodeResult: success, version: HTTP/1.1)
HTTP/1.1 200 OK
Content-Type: application/json; charset=utf-8
cache-control: no-cache
content-length: 14

08:36:31.105 [AsyncHttpClient-1-11] DEBUG org.asynchttpclient.netty.channel.ChannelManager - Adding key: http://localhost:62214 for channel [id: 0x14d4f530, L:/127.0.0.1:61006 - R:localhost/127.0.0.1:62214]
  &amp#27;[32mAnd &amp#27;[0m&amp#27;[32mi input &amp#27;[0m&amp#27;[32m&amp#27;[1m""&amp#27;[0m&amp#27;[32m my name&amp#27;[0m                 &amp#27;[90m# starter.stepdefinitions.registerStep.iInputMyName(java.lang.String)&amp#27;[0m
08:36:31.113 [Forwarding screenshot on session 6c834df7b13dab9c0aabe725026ed1b9 to remote] DEBUG org.asynchttpclient.netty.request.NettyRequestSender - Using pooled Channel '[id: 0x14d4f530, L:/127.0.0.1:61006 - R:localhost/127.0.0.1:62214]' for 'GET' to 'http://localhost:62214/session/6c834df7b13dab9c0aabe725026ed1b9/screenshot'
08:36:31.113 [Forwarding screenshot on session 6c834df7b13dab9c0aabe725026ed1b9 to remote] DEBUG org.asynchttpclient.netty.request.NettyRequestSender - Using open Channel [id: 0x14d4f530, L:/127.0.0.1:61006 - R:localhost/127.0.0.1:62214] for GET '/session/6c834df7b13dab9c0aabe725026ed1b9/screenshot'
08:36:31.250 [AsyncHttpClient-1-11] DEBUG org.asynchttpclient.netty.handler.HttpHandler - 

Request DefaultFullHttpRequest(decodeResult: success, version: HTTP/1.1, content: EmptyByteBufBE)
GET /session/6c834df7b13dab9c0aabe725026ed1b9/screenshot HTTP/1.1
User-Agent: selenium/4.1.2 (java windows)
Cache-Control: no-cache
Content-Type: application/json; charset=utf-8
host: localhost:62214
accept: */*

Response DefaultHttpResponse(decodeResult: success, version: HTTP/1.1)
HTTP/1.1 200 OK
Content-Type: application/json; charset=utf-8
cache-control: no-cache
content-length: 45536

08:36:31.250 [AsyncHttpClient-1-11] DEBUG org.asynchttpclient.netty.channel.ChannelManager - Adding key: http://localhost:62214 for channel [id: 0x14d4f530, L:/127.0.0.1:61006 - R:localhost/127.0.0.1:62214]
08:36:31.252 [main] DEBUG net.serenitybdd.core.photography.Darkroom - Send negative for processing for target\site\serenity\4b7ae3cf9389a99511e97ab16a818122f1af155fff6fe274de2322ba7b73d8e7.png
08:36:31.252 [Darkroom Processing Line] DEBUG net.serenitybdd.core.photography.DarkroomProcessingLine - Processing screenshot image in /var/screenshots/screenshot-5107857747159541708
08:36:31.252 [Darkroom Processing Line] DEBUG net.serenitybdd.core.photography.DarkroomProcessingLine - Saving screenshot to target\site\serenity\4b7ae3cf9389a99511e97ab16a818122f1af155fff6fe274de2322ba7b73d8e7.png
08:36:31.258 [Forwarding findElement on session 6c834df7b13dab9c0aabe725026ed1b9 to remote] DEBUG org.asynchttpclient.netty.request.NettyRequestSender - Using pooled Channel '[id: 0x14d4f530, L:/127.0.0.1:61006 - R:localhost/127.0.0.1:62214]' for 'POST' to 'http://localhost:62214/session/6c834df7b13dab9c0aabe725026ed1b9/element'
08:36:31.258 [Forwarding findElement on session 6c834df7b13dab9c0aabe725026ed1b9 to remote] DEBUG org.asynchttpclient.netty.request.NettyRequestSender - Using open Channel [id: 0x14d4f530, L:/127.0.0.1:61006 - R:localhost/127.0.0.1:62214] for POST '/session/6c834df7b13dab9c0aabe725026ed1b9/element'
08:36:31.270 [AsyncHttpClient-1-11] DEBUG org.asynchttpclient.netty.handler.HttpHandler - 

Request DefaultHttpRequest(decodeResult: success, version: HTTP/1.1)
POST /session/6c834df7b13dab9c0aabe725026ed1b9/element HTTP/1.1
User-Agent: selenium/4.1.2 (java windows)
Content-Length: 86
Content-Type: application/json; charset=utf-8
host: localhost:62214
accept: */*

Response DefaultHttpResponse(decodeResult: success, version: HTTP/1.1)
HTTP/1.1 200 OK
Content-Type: application/json; charset=utf-8
cache-control: no-cache
content-length: 88

08:36:31.271 [AsyncHttpClient-1-11] DEBUG org.asynchttpclient.netty.channel.ChannelManager - Adding key: http://localhost:62214 for channel [id: 0x14d4f530, L:/127.0.0.1:61006 - R:localhost/127.0.0.1:62214]
08:36:31.272 [Forwarding clearElement on session 6c834df7b13dab9c0aabe725026ed1b9 to remote] DEBUG org.asynchttpclient.netty.request.NettyRequestSender - Using pooled Channel '[id: 0x14d4f530, L:/127.0.0.1:61006 - R:localhost/127.0.0.1:62214]' for 'POST' to 'http://localhost:62214/session/6c834df7b13dab9c0aabe725026ed1b9/element/0f8a0c8f-04ca-4118-9f7c-73b60fff8da3/clear'
08:36:31.272 [Forwarding clearElement on session 6c834df7b13dab9c0aabe725026ed1b9 to remote] DEBUG org.asynchttpclient.netty.request.NettyRequestSender - Using open Channel [id: 0x14d4f530, L:/127.0.0.1:61006 - R:localhost/127.0.0.1:62214] for POST '/session/6c834df7b13dab9c0aabe725026ed1b9/element/0f8a0c8f-04ca-4118-9f7c-73b60fff8da3/clear'
08:36:31.308 [AsyncHttpClient-1-11] DEBUG org.asynchttpclient.netty.handler.HttpHandler - 

Request DefaultHttpRequest(decodeResult: success, version: HTTP/1.1)
POST /session/6c834df7b13dab9c0aabe725026ed1b9/element/0f8a0c8f-04ca-4118-9f7c-73b60fff8da3/clear HTTP/1.1
User-Agent: selenium/4.1.2 (java windows)
Content-Length: 50
Content-Type: application/json; charset=utf-8
host: localhost:62214
accept: */*

Response DefaultHttpResponse(decodeResult: success, version: HTTP/1.1)
HTTP/1.1 200 OK
Content-Type: application/json; charset=utf-8
cache-control: no-cache
content-length: 14

08:36:31.308 [AsyncHttpClient-1-11] DEBUG org.asynchttpclient.netty.channel.ChannelManager - Adding key: http://localhost:62214 for channel [id: 0x14d4f530, L:/127.0.0.1:61006 - R:localhost/127.0.0.1:62214]
08:36:31.309 [Forwarding sendKeysToElement on session 6c834df7b13dab9c0aabe725026ed1b9 to remote] DEBUG org.asynchttpclient.netty.request.NettyRequestSender - Using pooled Channel '[id: 0x14d4f530, L:/127.0.0.1:61006 - R:localhost/127.0.0.1:62214]' for 'POST' to 'http://localhost:62214/session/6c834df7b13dab9c0aabe725026ed1b9/element/0f8a0c8f-04ca-4118-9f7c-73b60fff8da3/value'
08:36:31.309 [Forwarding sendKeysToElement on session 6c834df7b13dab9c0aabe725026ed1b9 to remote] DEBUG org.asynchttpclient.netty.request.NettyRequestSender - Using open Channel [id: 0x14d4f530, L:/127.0.0.1:61006 - R:localhost/127.0.0.1:62214] for POST '/session/6c834df7b13dab9c0aabe725026ed1b9/element/0f8a0c8f-04ca-4118-9f7c-73b60fff8da3/value'
08:36:31.370 [AsyncHttpClient-1-11] DEBUG org.asynchttpclient.netty.handler.HttpHandler - 

Request DefaultHttpRequest(decodeResult: success, version: HTTP/1.1)
POST /session/6c834df7b13dab9c0aabe725026ed1b9/element/0f8a0c8f-04ca-4118-9f7c-73b60fff8da3/value HTTP/1.1
User-Agent: selenium/4.1.2 (java windows)
Content-Length: 82
Content-Type: application/json; charset=utf-8
host: localhost:62214
accept: */*

Response DefaultHttpResponse(decodeResult: success, version: HTTP/1.1)
HTTP/1.1 200 OK
Content-Type: application/json; charset=utf-8
cache-control: no-cache
content-length: 14

08:36:31.371 [AsyncHttpClient-1-11] DEBUG org.asynchttpclient.netty.channel.ChannelManager - Adding key: http://localhost:62214 for channel [id: 0x14d4f530, L:/127.0.0.1:61006 - R:localhost/127.0.0.1:62214]
  &amp#27;[32mAnd &amp#27;[0m&amp#27;[32mi input &amp#27;[0m&amp#27;[32m&amp#27;[1m""&amp#27;[0m&amp#27;[32m my email&amp#27;[0m                &amp#27;[90m# starter.stepdefinitions.registerStep.iInputMyEmail(java.lang.String)&amp#27;[0m
08:36:31.377 [Forwarding screenshot on session 6c834df7b13dab9c0aabe725026ed1b9 to remote] DEBUG org.asynchttpclient.netty.request.NettyRequestSender - Using pooled Channel '[id: 0x14d4f530, L:/127.0.0.1:61006 - R:localhost/127.0.0.1:62214]' for 'GET' to 'http://localhost:62214/session/6c834df7b13dab9c0aabe725026ed1b9/screenshot'
08:36:31.377 [Forwarding screenshot on session 6c834df7b13dab9c0aabe725026ed1b9 to remote] DEBUG org.asynchttpclient.netty.request.NettyRequestSender - Using open Channel [id: 0x14d4f530, L:/127.0.0.1:61006 - R:localhost/127.0.0.1:62214] for GET '/session/6c834df7b13dab9c0aabe725026ed1b9/screenshot'
08:36:31.526 [AsyncHttpClient-1-11] DEBUG org.asynchttpclient.netty.handler.HttpHandler - 

Request DefaultFullHttpRequest(decodeResult: success, version: HTTP/1.1, content: EmptyByteBufBE)
GET /session/6c834df7b13dab9c0aabe725026ed1b9/screenshot HTTP/1.1
User-Agent: selenium/4.1.2 (java windows)
Cache-Control: no-cache
Content-Type: application/json; charset=utf-8
host: localhost:62214
accept: */*

Response DefaultHttpResponse(decodeResult: success, version: HTTP/1.1)
HTTP/1.1 200 OK
Content-Type: application/json; charset=utf-8
cache-control: no-cache
content-length: 45544

08:36:31.526 [AsyncHttpClient-1-11] DEBUG org.asynchttpclient.netty.channel.ChannelManager - Adding key: http://localhost:62214 for channel [id: 0x14d4f530, L:/127.0.0.1:61006 - R:localhost/127.0.0.1:62214]
08:36:31.528 [main] DEBUG net.serenitybdd.core.photography.Darkroom - Send negative for processing for target\site\serenity\fa9b628cc55bdf045837c06685d329c1eaf6ba55b56f551fdd721018bfddbf68.png
08:36:31.529 [AsyncHttpClient-1-1] DEBUG org.asynchttpclient.netty.channel.DefaultChannelPool - Entry count for : http://localhost:61007 : 1
08:36:31.529 [AsyncHttpClient-1-1] DEBUG org.asynchttpclient.netty.channel.DefaultChannelPool - Entry count for : http://localhost:62214 : 1
08:36:31.529 [Darkroom Processing Line] DEBUG net.serenitybdd.core.photography.DarkroomProcessingLine - Processing screenshot image in /var/screenshots/screenshot-10690200674486644637
08:36:31.529 [Darkroom Processing Line] DEBUG net.serenitybdd.core.photography.DarkroomProcessingLine - Saving screenshot to target\site\serenity\fa9b628cc55bdf045837c06685d329c1eaf6ba55b56f551fdd721018bfddbf68.png
08:36:31.535 [Forwarding findElement on session 6c834df7b13dab9c0aabe725026ed1b9 to remote] DEBUG org.asynchttpclient.netty.request.NettyRequestSender - Using pooled Channel '[id: 0x14d4f530, L:/127.0.0.1:61006 - R:localhost/127.0.0.1:62214]' for 'POST' to 'http://localhost:62214/session/6c834df7b13dab9c0aabe725026ed1b9/element'
08:36:31.535 [Forwarding findElement on session 6c834df7b13dab9c0aabe725026ed1b9 to remote] DEBUG org.asynchttpclient.netty.request.NettyRequestSender - Using open Channel [id: 0x14d4f530, L:/127.0.0.1:61006 - R:localhost/127.0.0.1:62214] for POST '/session/6c834df7b13dab9c0aabe725026ed1b9/element'
08:36:31.547 [AsyncHttpClient-1-11] DEBUG org.asynchttpclient.netty.handler.HttpHandler - 

Request DefaultHttpRequest(decodeResult: success, version: HTTP/1.1)
POST /session/6c834df7b13dab9c0aabe725026ed1b9/element HTTP/1.1
User-Agent: selenium/4.1.2 (java windows)
Content-Length: 89
Content-Type: application/json; charset=utf-8
host: localhost:62214
accept: */*

Response DefaultHttpResponse(decodeResult: success, version: HTTP/1.1)
HTTP/1.1 200 OK
Content-Type: application/json; charset=utf-8
cache-control: no-cache
content-length: 88

08:36:31.548 [AsyncHttpClient-1-11] DEBUG org.asynchttpclient.netty.channel.ChannelManager - Adding key: http://localhost:62214 for channel [id: 0x14d4f530, L:/127.0.0.1:61006 - R:localhost/127.0.0.1:62214]
08:36:31.549 [Forwarding clearElement on session 6c834df7b13dab9c0aabe725026ed1b9 to remote] DEBUG org.asynchttpclient.netty.request.NettyRequestSender - Using pooled Channel '[id: 0x14d4f530, L:/127.0.0.1:61006 - R:localhost/127.0.0.1:62214]' for 'POST' to 'http://localhost:62214/session/6c834df7b13dab9c0aabe725026ed1b9/element/e983165a-4df5-485a-8e08-223dde4f5a53/clear'
08:36:31.549 [Forwarding clearElement on session 6c834df7b13dab9c0aabe725026ed1b9 to remote] DEBUG org.asynchttpclient.netty.request.NettyRequestSender - Using open Channel [id: 0x14d4f530, L:/127.0.0.1:61006 - R:localhost/127.0.0.1:62214] for POST '/session/6c834df7b13dab9c0aabe725026ed1b9/element/e983165a-4df5-485a-8e08-223dde4f5a53/clear'
08:36:31.588 [AsyncHttpClient-1-11] DEBUG org.asynchttpclient.netty.handler.HttpHandler - 

Request DefaultHttpRequest(decodeResult: success, version: HTTP/1.1)
POST /session/6c834df7b13dab9c0aabe725026ed1b9/element/e983165a-4df5-485a-8e08-223dde4f5a53/clear HTTP/1.1
User-Agent: selenium/4.1.2 (java windows)
Content-Length: 50
Content-Type: application/json; charset=utf-8
host: localhost:62214
accept: */*

Response DefaultHttpResponse(decodeResult: success, version: HTTP/1.1)
HTTP/1.1 200 OK
Content-Type: application/json; charset=utf-8
cache-control: no-cache
content-length: 14

08:36:31.588 [AsyncHttpClient-1-11] DEBUG org.asynchttpclient.netty.channel.ChannelManager - Adding key: http://localhost:62214 for channel [id: 0x14d4f530, L:/127.0.0.1:61006 - R:localhost/127.0.0.1:62214]
08:36:31.589 [Forwarding sendKeysToElement on session 6c834df7b13dab9c0aabe725026ed1b9 to remote] DEBUG org.asynchttpclient.netty.request.NettyRequestSender - Using pooled Channel '[id: 0x14d4f530, L:/127.0.0.1:61006 - R:localhost/127.0.0.1:62214]' for 'POST' to 'http://localhost:62214/session/6c834df7b13dab9c0aabe725026ed1b9/element/e983165a-4df5-485a-8e08-223dde4f5a53/value'
08:36:31.589 [Forwarding sendKeysToElement on session 6c834df7b13dab9c0aabe725026ed1b9 to remote] DEBUG org.asynchttpclient.netty.request.NettyRequestSender - Using open Channel [id: 0x14d4f530, L:/127.0.0.1:61006 - R:localhost/127.0.0.1:62214] for POST '/session/6c834df7b13dab9c0aabe725026ed1b9/element/e983165a-4df5-485a-8e08-223dde4f5a53/value'
08:36:31.633 [AsyncHttpClient-1-11] DEBUG org.asynchttpclient.netty.handler.HttpHandler - 

Request DefaultHttpRequest(decodeResult: success, version: HTTP/1.1)
POST /session/6c834df7b13dab9c0aabe725026ed1b9/element/e983165a-4df5-485a-8e08-223dde4f5a53/value HTTP/1.1
User-Agent: selenium/4.1.2 (java windows)
Content-Length: 82
Content-Type: application/json; charset=utf-8
host: localhost:62214
accept: */*

Response DefaultHttpResponse(decodeResult: success, version: HTTP/1.1)
HTTP/1.1 200 OK
Content-Type: application/json; charset=utf-8
cache-control: no-cache
content-length: 14

08:36:31.634 [AsyncHttpClient-1-11] DEBUG org.asynchttpclient.netty.channel.ChannelManager - Adding key: http://localhost:62214 for channel [id: 0x14d4f530, L:/127.0.0.1:61006 - R:localhost/127.0.0.1:62214]
08:36:31.637 [Forwarding findElement on session 6c834df7b13dab9c0aabe725026ed1b9 to remote] DEBUG org.asynchttpclient.netty.request.NettyRequestSender - Using pooled Channel '[id: 0x14d4f530, L:/127.0.0.1:61006 - R:localhost/127.0.0.1:62214]' for 'POST' to 'http://localhost:62214/session/6c834df7b13dab9c0aabe725026ed1b9/element'
08:36:31.637 [Forwarding findElement on session 6c834df7b13dab9c0aabe725026ed1b9 to remote] DEBUG org.asynchttpclient.netty.request.NettyRequestSender - Using open Channel [id: 0x14d4f530, L:/127.0.0.1:61006 - R:localhost/127.0.0.1:62214] for POST '/session/6c834df7b13dab9c0aabe725026ed1b9/element'
08:36:31.647 [AsyncHttpClient-1-11] DEBUG org.asynchttpclient.netty.handler.HttpHandler - 

Request DefaultHttpRequest(decodeResult: success, version: HTTP/1.1)
POST /session/6c834df7b13dab9c0aabe725026ed1b9/element HTTP/1.1
User-Agent: selenium/4.1.2 (java windows)
Content-Length: 89
Content-Type: application/json; charset=utf-8
host: localhost:62214
accept: */*

Response DefaultHttpResponse(decodeResult: success, version: HTTP/1.1)
HTTP/1.1 200 OK
Content-Type: application/json; charset=utf-8
cache-control: no-cache
content-length: 88

08:36:31.647 [AsyncHttpClient-1-11] DEBUG org.asynchttpclient.netty.channel.ChannelManager - Adding key: http://localhost:62214 for channel [id: 0x14d4f530, L:/127.0.0.1:61006 - R:localhost/127.0.0.1:62214]
08:36:31.649 [Forwarding clearElement on session 6c834df7b13dab9c0aabe725026ed1b9 to remote] DEBUG org.asynchttpclient.netty.request.NettyRequestSender - Using pooled Channel '[id: 0x14d4f530, L:/127.0.0.1:61006 - R:localhost/127.0.0.1:62214]' for 'POST' to 'http://localhost:62214/session/6c834df7b13dab9c0aabe725026ed1b9/element/e983165a-4df5-485a-8e08-223dde4f5a53/clear'
08:36:31.649 [Forwarding clearElement on session 6c834df7b13dab9c0aabe725026ed1b9 to remote] DEBUG org.asynchttpclient.netty.request.NettyRequestSender - Using open Channel [id: 0x14d4f530, L:/127.0.0.1:61006 - R:localhost/127.0.0.1:62214] for POST '/session/6c834df7b13dab9c0aabe725026ed1b9/element/e983165a-4df5-485a-8e08-223dde4f5a53/clear'
08:36:31.671 [AsyncHttpClient-1-11] DEBUG org.asynchttpclient.netty.handler.HttpHandler - 

Request DefaultHttpRequest(decodeResult: success, version: HTTP/1.1)
POST /session/6c834df7b13dab9c0aabe725026ed1b9/element/e983165a-4df5-485a-8e08-223dde4f5a53/clear HTTP/1.1
User-Agent: selenium/4.1.2 (java windows)
Content-Length: 50
Content-Type: application/json; charset=utf-8
host: localhost:62214
accept: */*

Response DefaultHttpResponse(decodeResult: success, version: HTTP/1.1)
HTTP/1.1 200 OK
Content-Type: application/json; charset=utf-8
cache-control: no-cache
content-length: 14

08:36:31.671 [AsyncHttpClient-1-11] DEBUG org.asynchttpclient.netty.channel.ChannelManager - Adding key: http://localhost:62214 for channel [id: 0x14d4f530, L:/127.0.0.1:61006 - R:localhost/127.0.0.1:62214]
08:36:31.672 [Forwarding sendKeysToElement on session 6c834df7b13dab9c0aabe725026ed1b9 to remote] DEBUG org.asynchttpclient.netty.request.NettyRequestSender - Using pooled Channel '[id: 0x14d4f530, L:/127.0.0.1:61006 - R:localhost/127.0.0.1:62214]' for 'POST' to 'http://localhost:62214/session/6c834df7b13dab9c0aabe725026ed1b9/element/e983165a-4df5-485a-8e08-223dde4f5a53/value'
08:36:31.672 [Forwarding sendKeysToElement on session 6c834df7b13dab9c0aabe725026ed1b9 to remote] DEBUG org.asynchttpclient.netty.request.NettyRequestSender - Using open Channel [id: 0x14d4f530, L:/127.0.0.1:61006 - R:localhost/127.0.0.1:62214] for POST '/session/6c834df7b13dab9c0aabe725026ed1b9/element/e983165a-4df5-485a-8e08-223dde4f5a53/value'
08:36:31.689 [AsyncHttpClient-1-11] DEBUG org.asynchttpclient.netty.handler.HttpHandler - 

Request DefaultHttpRequest(decodeResult: success, version: HTTP/1.1)
POST /session/6c834df7b13dab9c0aabe725026ed1b9/element/e983165a-4df5-485a-8e08-223dde4f5a53/value HTTP/1.1
User-Agent: selenium/4.1.2 (java windows)
Content-Length: 82
Content-Type: application/json; charset=utf-8
host: localhost:62214
accept: */*

Response DefaultHttpResponse(decodeResult: success, version: HTTP/1.1)
HTTP/1.1 200 OK
Content-Type: application/json; charset=utf-8
cache-control: no-cache
content-length: 14

08:36:31.690 [AsyncHttpClient-1-11] DEBUG org.asynchttpclient.netty.channel.ChannelManager - Adding key: http://localhost:62214 for channel [id: 0x14d4f530, L:/127.0.0.1:61006 - R:localhost/127.0.0.1:62214]
  &amp#27;[32mAnd &amp#27;[0m&amp#27;[32mi input &amp#27;[0m&amp#27;[32m&amp#27;[1m""&amp#27;[0m&amp#27;[32m my password&amp#27;[0m             &amp#27;[90m# starter.stepdefinitions.registerStep.iInputMyPassword(java.lang.String)&amp#27;[0m
08:36:31.696 [Forwarding screenshot on session 6c834df7b13dab9c0aabe725026ed1b9 to remote] DEBUG org.asynchttpclient.netty.request.NettyRequestSender - Using pooled Channel '[id: 0x14d4f530, L:/127.0.0.1:61006 - R:localhost/127.0.0.1:62214]' for 'GET' to 'http://localhost:62214/session/6c834df7b13dab9c0aabe725026ed1b9/screenshot'
08:36:31.696 [Forwarding screenshot on session 6c834df7b13dab9c0aabe725026ed1b9 to remote] DEBUG org.asynchttpclient.netty.request.NettyRequestSender - Using open Channel [id: 0x14d4f530, L:/127.0.0.1:61006 - R:localhost/127.0.0.1:62214] for GET '/session/6c834df7b13dab9c0aabe725026ed1b9/screenshot'
08:36:31.839 [AsyncHttpClient-1-11] DEBUG org.asynchttpclient.netty.handler.HttpHandler - 

Request DefaultFullHttpRequest(decodeResult: success, version: HTTP/1.1, content: EmptyByteBufBE)
GET /session/6c834df7b13dab9c0aabe725026ed1b9/screenshot HTTP/1.1
User-Agent: selenium/4.1.2 (java windows)
Cache-Control: no-cache
Content-Type: application/json; charset=utf-8
host: localhost:62214
accept: */*

Response DefaultHttpResponse(decodeResult: success, version: HTTP/1.1)
HTTP/1.1 200 OK
Content-Type: application/json; charset=utf-8
cache-control: no-cache
content-length: 45064

08:36:31.839 [AsyncHttpClient-1-11] DEBUG org.asynchttpclient.netty.channel.ChannelManager - Adding key: http://localhost:62214 for channel [id: 0x14d4f530, L:/127.0.0.1:61006 - R:localhost/127.0.0.1:62214]
08:36:31.840 [main] DEBUG net.serenitybdd.core.photography.Darkroom - Send negative for processing for target\site\serenity\ed61b3dba8e8e3a62c13c36d62d87684c3864a3865a39ed53b72aa6ed340d70c.png
08:36:31.841 [Darkroom Processing Line] DEBUG net.serenitybdd.core.photography.DarkroomProcessingLine - Processing screenshot image in /var/screenshots/screenshot-2110079571185895487
08:36:31.841 [Darkroom Processing Line] DEBUG net.serenitybdd.core.photography.DarkroomProcessingLine - Saving screenshot to target\site\serenity\ed61b3dba8e8e3a62c13c36d62d87684c3864a3865a39ed53b72aa6ed340d70c.png
08:36:31.849 [Forwarding findElement on session 6c834df7b13dab9c0aabe725026ed1b9 to remote] DEBUG org.asynchttpclient.netty.request.NettyRequestSender - Using pooled Channel '[id: 0x14d4f530, L:/127.0.0.1:61006 - R:localhost/127.0.0.1:62214]' for 'POST' to 'http://localhost:62214/session/6c834df7b13dab9c0aabe725026ed1b9/element'
08:36:31.849 [Forwarding findElement on session 6c834df7b13dab9c0aabe725026ed1b9 to remote] DEBUG org.asynchttpclient.netty.request.NettyRequestSender - Using open Channel [id: 0x14d4f530, L:/127.0.0.1:61006 - R:localhost/127.0.0.1:62214] for POST '/session/6c834df7b13dab9c0aabe725026ed1b9/element'
08:36:31.864 [AsyncHttpClient-1-11] DEBUG org.asynchttpclient.netty.handler.HttpHandler - 

Request DefaultHttpRequest(decodeResult: success, version: HTTP/1.1)
POST /session/6c834df7b13dab9c0aabe725026ed1b9/element HTTP/1.1
User-Agent: selenium/4.1.2 (java windows)
Content-Length: 75
Content-Type: application/json; charset=utf-8
host: localhost:62214
accept: */*

Response DefaultHttpResponse(decodeResult: success, version: HTTP/1.1)
HTTP/1.1 200 OK
Content-Type: application/json; charset=utf-8
cache-control: no-cache
content-length: 88

08:36:31.864 [AsyncHttpClient-1-11] DEBUG org.asynchttpclient.netty.channel.ChannelManager - Adding key: http://localhost:62214 for channel [id: 0x14d4f530, L:/127.0.0.1:61006 - R:localhost/127.0.0.1:62214]
08:36:31.866 [Forwarding getElementTagName on session 6c834df7b13dab9c0aabe725026ed1b9 to remote] DEBUG org.asynchttpclient.netty.request.NettyRequestSender - Using pooled Channel '[id: 0x14d4f530, L:/127.0.0.1:61006 - R:localhost/127.0.0.1:62214]' for 'GET' to 'http://localhost:62214/session/6c834df7b13dab9c0aabe725026ed1b9/element/cce2a12e-f73a-421d-9b70-29bc71e2a9c2/name'
08:36:31.866 [Forwarding getElementTagName on session 6c834df7b13dab9c0aabe725026ed1b9 to remote] DEBUG org.asynchttpclient.netty.request.NettyRequestSender - Using open Channel [id: 0x14d4f530, L:/127.0.0.1:61006 - R:localhost/127.0.0.1:62214] for GET '/session/6c834df7b13dab9c0aabe725026ed1b9/element/cce2a12e-f73a-421d-9b70-29bc71e2a9c2/name'
08:36:31.871 [AsyncHttpClient-1-11] DEBUG org.asynchttpclient.netty.handler.HttpHandler - 

Request DefaultFullHttpRequest(decodeResult: success, version: HTTP/1.1, content: EmptyByteBufBE)
GET /session/6c834df7b13dab9c0aabe725026ed1b9/element/cce2a12e-f73a-421d-9b70-29bc71e2a9c2/name HTTP/1.1
User-Agent: selenium/4.1.2 (java windows)
Cache-Control: no-cache
Content-Type: application/json; charset=utf-8
host: localhost:62214
accept: */*

Response DefaultHttpResponse(decodeResult: success, version: HTTP/1.1)
HTTP/1.1 200 OK
Content-Type: application/json; charset=utf-8
cache-control: no-cache
content-length: 18

08:36:31.871 [AsyncHttpClient-1-11] DEBUG org.asynchttpclient.netty.channel.ChannelManager - Adding key: http://localhost:62214 for channel [id: 0x14d4f530, L:/127.0.0.1:61006 - R:localhost/127.0.0.1:62214]
08:36:31.872 [Forwarding getElementTagName on session 6c834df7b13dab9c0aabe725026ed1b9 to remote] DEBUG org.asynchttpclient.netty.request.NettyRequestSender - Using pooled Channel '[id: 0x14d4f530, L:/127.0.0.1:61006 - R:localhost/127.0.0.1:62214]' for 'GET' to 'http://localhost:62214/session/6c834df7b13dab9c0aabe725026ed1b9/element/cce2a12e-f73a-421d-9b70-29bc71e2a9c2/name'
08:36:31.872 [Forwarding getElementTagName on session 6c834df7b13dab9c0aabe725026ed1b9 to remote] DEBUG org.asynchttpclient.netty.request.NettyRequestSender - Using open Channel [id: 0x14d4f530, L:/127.0.0.1:61006 - R:localhost/127.0.0.1:62214] for GET '/session/6c834df7b13dab9c0aabe725026ed1b9/element/cce2a12e-f73a-421d-9b70-29bc71e2a9c2/name'
08:36:31.875 [AsyncHttpClient-1-11] DEBUG org.asynchttpclient.netty.handler.HttpHandler - 

Request DefaultFullHttpRequest(decodeResult: success, version: HTTP/1.1, content: EmptyByteBufBE)
GET /session/6c834df7b13dab9c0aabe725026ed1b9/element/cce2a12e-f73a-421d-9b70-29bc71e2a9c2/name HTTP/1.1
User-Agent: selenium/4.1.2 (java windows)
Cache-Control: no-cache
Content-Type: application/json; charset=utf-8
host: localhost:62214
accept: */*

Response DefaultHttpResponse(decodeResult: success, version: HTTP/1.1)
HTTP/1.1 200 OK
Content-Type: application/json; charset=utf-8
cache-control: no-cache
content-length: 18

08:36:31.875 [AsyncHttpClient-1-11] DEBUG org.asynchttpclient.netty.channel.ChannelManager - Adding key: http://localhost:62214 for channel [id: 0x14d4f530, L:/127.0.0.1:61006 - R:localhost/127.0.0.1:62214]
08:36:31.877 [Forwarding isElementEnabled on session 6c834df7b13dab9c0aabe725026ed1b9 to remote] DEBUG org.asynchttpclient.netty.request.NettyRequestSender - Using pooled Channel '[id: 0x14d4f530, L:/127.0.0.1:61006 - R:localhost/127.0.0.1:62214]' for 'GET' to 'http://localhost:62214/session/6c834df7b13dab9c0aabe725026ed1b9/element/cce2a12e-f73a-421d-9b70-29bc71e2a9c2/enabled'
08:36:31.877 [Forwarding isElementEnabled on session 6c834df7b13dab9c0aabe725026ed1b9 to remote] DEBUG org.asynchttpclient.netty.request.NettyRequestSender - Using open Channel [id: 0x14d4f530, L:/127.0.0.1:61006 - R:localhost/127.0.0.1:62214] for GET '/session/6c834df7b13dab9c0aabe725026ed1b9/element/cce2a12e-f73a-421d-9b70-29bc71e2a9c2/enabled'
08:36:31.890 [AsyncHttpClient-1-11] DEBUG org.asynchttpclient.netty.handler.HttpHandler - 

Request DefaultFullHttpRequest(decodeResult: success, version: HTTP/1.1, content: EmptyByteBufBE)
GET /session/6c834df7b13dab9c0aabe725026ed1b9/element/cce2a12e-f73a-421d-9b70-29bc71e2a9c2/enabled HTTP/1.1
User-Agent: selenium/4.1.2 (java windows)
Cache-Control: no-cache
Content-Type: application/json; charset=utf-8
host: localhost:62214
accept: */*

Response DefaultHttpResponse(decodeResult: success, version: HTTP/1.1)
HTTP/1.1 200 OK
Content-Type: application/json; charset=utf-8
cache-control: no-cache
content-length: 14

08:36:31.891 [AsyncHttpClient-1-11] DEBUG org.asynchttpclient.netty.channel.ChannelManager - Adding key: http://localhost:62214 for channel [id: 0x14d4f530, L:/127.0.0.1:61006 - R:localhost/127.0.0.1:62214]
08:36:31.891 [Forwarding isElementEnabled on session 6c834df7b13dab9c0aabe725026ed1b9 to remote] DEBUG org.asynchttpclient.netty.request.NettyRequestSender - Using pooled Channel '[id: 0x14d4f530, L:/127.0.0.1:61006 - R:localhost/127.0.0.1:62214]' for 'GET' to 'http://localhost:62214/session/6c834df7b13dab9c0aabe725026ed1b9/element/cce2a12e-f73a-421d-9b70-29bc71e2a9c2/enabled'
08:36:31.891 [Forwarding isElementEnabled on session 6c834df7b13dab9c0aabe725026ed1b9 to remote] DEBUG org.asynchttpclient.netty.request.NettyRequestSender - Using open Channel [id: 0x14d4f530, L:/127.0.0.1:61006 - R:localhost/127.0.0.1:62214] for GET '/session/6c834df7b13dab9c0aabe725026ed1b9/element/cce2a12e-f73a-421d-9b70-29bc71e2a9c2/enabled'
08:36:31.900 [AsyncHttpClient-1-11] DEBUG org.asynchttpclient.netty.handler.HttpHandler - 

Request DefaultFullHttpRequest(decodeResult: success, version: HTTP/1.1, content: EmptyByteBufBE)
GET /session/6c834df7b13dab9c0aabe725026ed1b9/element/cce2a12e-f73a-421d-9b70-29bc71e2a9c2/enabled HTTP/1.1
User-Agent: selenium/4.1.2 (java windows)
Cache-Control: no-cache
Content-Type: application/json; charset=utf-8
host: localhost:62214
accept: */*

Response DefaultHttpResponse(decodeResult: success, version: HTTP/1.1)
HTTP/1.1 200 OK
Content-Type: application/json; charset=utf-8
cache-control: no-cache
content-length: 14

08:36:31.900 [AsyncHttpClient-1-11] DEBUG org.asynchttpclient.netty.channel.ChannelManager - Adding key: http://localhost:62214 for channel [id: 0x14d4f530, L:/127.0.0.1:61006 - R:localhost/127.0.0.1:62214]
08:36:31.901 [Forwarding findElement on session 6c834df7b13dab9c0aabe725026ed1b9 to remote] DEBUG org.asynchttpclient.netty.request.NettyRequestSender - Using pooled Channel '[id: 0x14d4f530, L:/127.0.0.1:61006 - R:localhost/127.0.0.1:62214]' for 'POST' to 'http://localhost:62214/session/6c834df7b13dab9c0aabe725026ed1b9/element'
08:36:31.902 [Forwarding findElement on session 6c834df7b13dab9c0aabe725026ed1b9 to remote] DEBUG org.asynchttpclient.netty.request.NettyRequestSender - Using open Channel [id: 0x14d4f530, L:/127.0.0.1:61006 - R:localhost/127.0.0.1:62214] for POST '/session/6c834df7b13dab9c0aabe725026ed1b9/element'
08:36:31.908 [AsyncHttpClient-1-11] DEBUG org.asynchttpclient.netty.handler.HttpHandler - 

Request DefaultHttpRequest(decodeResult: success, version: HTTP/1.1)
POST /session/6c834df7b13dab9c0aabe725026ed1b9/element HTTP/1.1
User-Agent: selenium/4.1.2 (java windows)
Content-Length: 75
Content-Type: application/json; charset=utf-8
host: localhost:62214
accept: */*

Response DefaultHttpResponse(decodeResult: success, version: HTTP/1.1)
HTTP/1.1 200 OK
Content-Type: application/json; charset=utf-8
cache-control: no-cache
content-length: 88

08:36:31.908 [AsyncHttpClient-1-11] DEBUG org.asynchttpclient.netty.channel.ChannelManager - Adding key: http://localhost:62214 for channel [id: 0x14d4f530, L:/127.0.0.1:61006 - R:localhost/127.0.0.1:62214]
08:36:31.909 [Forwarding clickElement on session 6c834df7b13dab9c0aabe725026ed1b9 to remote] DEBUG org.asynchttpclient.netty.request.NettyRequestSender - Using pooled Channel '[id: 0x14d4f530, L:/127.0.0.1:61006 - R:localhost/127.0.0.1:62214]' for 'POST' to 'http://localhost:62214/session/6c834df7b13dab9c0aabe725026ed1b9/element/cce2a12e-f73a-421d-9b70-29bc71e2a9c2/click'
08:36:31.909 [Forwarding clickElement on session 6c834df7b13dab9c0aabe725026ed1b9 to remote] DEBUG org.asynchttpclient.netty.request.NettyRequestSender - Using open Channel [id: 0x14d4f530, L:/127.0.0.1:61006 - R:localhost/127.0.0.1:62214] for POST '/session/6c834df7b13dab9c0aabe725026ed1b9/element/cce2a12e-f73a-421d-9b70-29bc71e2a9c2/click'
08:36:31.957 [AsyncHttpClient-1-11] DEBUG org.asynchttpclient.netty.handler.HttpHandler - 

Request DefaultHttpRequest(decodeResult: success, version: HTTP/1.1)
POST /session/6c834df7b13dab9c0aabe725026ed1b9/element/cce2a12e-f73a-421d-9b70-29bc71e2a9c2/click HTTP/1.1
User-Agent: selenium/4.1.2 (java windows)
Content-Length: 50
Content-Type: application/json; charset=utf-8
host: localhost:62214
accept: */*

Response DefaultHttpResponse(decodeResult: success, version: HTTP/1.1)
HTTP/1.1 200 OK
Content-Type: application/json; charset=utf-8
cache-control: no-cache
content-length: 14

08:36:31.957 [AsyncHttpClient-1-11] DEBUG org.asynchttpclient.netty.channel.ChannelManager - Adding key: http://localhost:62214 for channel [id: 0x14d4f530, L:/127.0.0.1:61006 - R:localhost/127.0.0.1:62214]
  &amp#27;[32mAnd &amp#27;[0m&amp#27;[32mi click register button&amp#27;[0m            &amp#27;[90m# starter.stepdefinitions.registerStep.iClickRegisterButton()&amp#27;[0m
08:36:31.963 [Forwarding screenshot on session 6c834df7b13dab9c0aabe725026ed1b9 to remote] DEBUG org.asynchttpclient.netty.request.NettyRequestSender - Using pooled Channel '[id: 0x14d4f530, L:/127.0.0.1:61006 - R:localhost/127.0.0.1:62214]' for 'GET' to 'http://localhost:62214/session/6c834df7b13dab9c0aabe725026ed1b9/screenshot'
08:36:31.963 [Forwarding screenshot on session 6c834df7b13dab9c0aabe725026ed1b9 to remote] DEBUG org.asynchttpclient.netty.request.NettyRequestSender - Using open Channel [id: 0x14d4f530, L:/127.0.0.1:61006 - R:localhost/127.0.0.1:62214] for GET '/session/6c834df7b13dab9c0aabe725026ed1b9/screenshot'
08:36:32.109 [AsyncHttpClient-1-11] DEBUG org.asynchttpclient.netty.handler.HttpHandler - 

Request DefaultFullHttpRequest(decodeResult: success, version: HTTP/1.1, content: EmptyByteBufBE)
GET /session/6c834df7b13dab9c0aabe725026ed1b9/screenshot HTTP/1.1
User-Agent: selenium/4.1.2 (java windows)
Cache-Control: no-cache
Content-Type: application/json; charset=utf-8
host: localhost:62214
accept: */*

Response DefaultHttpResponse(decodeResult: success, version: HTTP/1.1)
HTTP/1.1 200 OK
Content-Type: application/json; charset=utf-8
cache-control: no-cache
content-length: 45308

08:36:32.109 [AsyncHttpClient-1-11] DEBUG org.asynchttpclient.netty.channel.ChannelManager - Adding key: http://localhost:62214 for channel [id: 0x14d4f530, L:/127.0.0.1:61006 - R:localhost/127.0.0.1:62214]
08:36:32.111 [main] DEBUG net.serenitybdd.core.photography.Darkroom - Send negative for processing for target\site\serenity\7e404f0976769861fc74fe940778fd1386c7b1a29d44cdb9adb4117e7a64c61e.png
08:36:32.111 [Darkroom Processing Line] DEBUG net.serenitybdd.core.photography.DarkroomProcessingLine - Processing screenshot image in /var/screenshots/screenshot-8558734334294688437
08:36:32.111 [Darkroom Processing Line] DEBUG net.serenitybdd.core.photography.DarkroomProcessingLine - Saving screenshot to target\site\serenity\7e404f0976769861fc74fe940778fd1386c7b1a29d44cdb9adb4117e7a64c61e.png
08:36:32.117 [Forwarding findElement on session 6c834df7b13dab9c0aabe725026ed1b9 to remote] DEBUG org.asynchttpclient.netty.request.NettyRequestSender - Using pooled Channel '[id: 0x14d4f530, L:/127.0.0.1:61006 - R:localhost/127.0.0.1:62214]' for 'POST' to 'http://localhost:62214/session/6c834df7b13dab9c0aabe725026ed1b9/element'
08:36:32.117 [Forwarding findElement on session 6c834df7b13dab9c0aabe725026ed1b9 to remote] DEBUG org.asynchttpclient.netty.request.NettyRequestSender - Using open Channel [id: 0x14d4f530, L:/127.0.0.1:61006 - R:localhost/127.0.0.1:62214] for POST '/session/6c834df7b13dab9c0aabe725026ed1b9/element'
08:36:32.124 [AsyncHttpClient-1-11] DEBUG org.asynchttpclient.netty.handler.HttpHandler - 

Request DefaultHttpRequest(decodeResult: success, version: HTTP/1.1)
POST /session/6c834df7b13dab9c0aabe725026ed1b9/element HTTP/1.1
User-Agent: selenium/4.1.2 (java windows)
Content-Length: 86
Content-Type: application/json; charset=utf-8
host: localhost:62214
accept: */*

Response DefaultHttpResponse(decodeResult: success, version: HTTP/1.1)
HTTP/1.1 200 OK
Content-Type: application/json; charset=utf-8
cache-control: no-cache
content-length: 88

08:36:32.124 [AsyncHttpClient-1-11] DEBUG org.asynchttpclient.netty.channel.ChannelManager - Adding key: http://localhost:62214 for channel [id: 0x14d4f530, L:/127.0.0.1:61006 - R:localhost/127.0.0.1:62214]
08:36:32.127 [Forwarding isElementDisplayed on session 6c834df7b13dab9c0aabe725026ed1b9 to remote] DEBUG org.asynchttpclient.netty.request.NettyRequestSender - Using pooled Channel '[id: 0x14d4f530, L:/127.0.0.1:61006 - R:localhost/127.0.0.1:62214]' for 'POST' to 'http://localhost:62214/session/6c834df7b13dab9c0aabe725026ed1b9/execute/sync'
08:36:32.127 [Forwarding isElementDisplayed on session 6c834df7b13dab9c0aabe725026ed1b9 to remote] DEBUG org.asynchttpclient.netty.request.NettyRequestSender - Using open Channel [id: 0x14d4f530, L:/127.0.0.1:61006 - R:localhost/127.0.0.1:62214] for POST '/session/6c834df7b13dab9c0aabe725026ed1b9/execute/sync'
08:36:32.144 [AsyncHttpClient-1-11] DEBUG org.asynchttpclient.netty.handler.HttpHandler - 

Request DefaultHttpRequest(decodeResult: success, version: HTTP/1.1)
POST /session/6c834df7b13dab9c0aabe725026ed1b9/execute/sync HTTP/1.1
User-Agent: selenium/4.1.2 (java windows)
Content-Length: 48780
Content-Type: application/json; charset=utf-8
host: localhost:62214
accept: */*

Response DefaultHttpResponse(decodeResult: success, version: HTTP/1.1)
HTTP/1.1 200 OK
Content-Type: application/json; charset=utf-8
cache-control: no-cache
content-length: 14

08:36:32.145 [AsyncHttpClient-1-11] DEBUG org.asynchttpclient.netty.channel.ChannelManager - Adding key: http://localhost:62214 for channel [id: 0x14d4f530, L:/127.0.0.1:61006 - R:localhost/127.0.0.1:62214]
08:36:32.146 [Forwarding findElement on session 6c834df7b13dab9c0aabe725026ed1b9 to remote] DEBUG org.asynchttpclient.netty.request.NettyRequestSender - Using pooled Channel '[id: 0x14d4f530, L:/127.0.0.1:61006 - R:localhost/127.0.0.1:62214]' for 'POST' to 'http://localhost:62214/session/6c834df7b13dab9c0aabe725026ed1b9/element'
08:36:32.146 [Forwarding findElement on session 6c834df7b13dab9c0aabe725026ed1b9 to remote] DEBUG org.asynchttpclient.netty.request.NettyRequestSender - Using open Channel [id: 0x14d4f530, L:/127.0.0.1:61006 - R:localhost/127.0.0.1:62214] for POST '/session/6c834df7b13dab9c0aabe725026ed1b9/element'
08:36:32.159 [AsyncHttpClient-1-11] DEBUG org.asynchttpclient.netty.handler.HttpHandler - 

Request DefaultHttpRequest(decodeResult: success, version: HTTP/1.1)
POST /session/6c834df7b13dab9c0aabe725026ed1b9/element HTTP/1.1
User-Agent: selenium/4.1.2 (java windows)
Content-Length: 149
Content-Type: application/json; charset=utf-8
host: localhost:62214
accept: */*

Response DefaultHttpResponse(decodeResult: success, version: HTTP/1.1)
HTTP/1.1 200 OK
Content-Type: application/json; charset=utf-8
cache-control: no-cache
content-length: 88

08:36:32.160 [AsyncHttpClient-1-11] DEBUG org.asynchttpclient.netty.channel.ChannelManager - Adding key: http://localhost:62214 for channel [id: 0x14d4f530, L:/127.0.0.1:61006 - R:localhost/127.0.0.1:62214]
08:36:32.163 [Forwarding isElementDisplayed on session 6c834df7b13dab9c0aabe725026ed1b9 to remote] DEBUG org.asynchttpclient.netty.request.NettyRequestSender - Using pooled Channel '[id: 0x14d4f530, L:/127.0.0.1:61006 - R:localhost/127.0.0.1:62214]' for 'POST' to 'http://localhost:62214/session/6c834df7b13dab9c0aabe725026ed1b9/execute/sync'
08:36:32.163 [Forwarding isElementDisplayed on session 6c834df7b13dab9c0aabe725026ed1b9 to remote] DEBUG org.asynchttpclient.netty.request.NettyRequestSender - Using open Channel [id: 0x14d4f530, L:/127.0.0.1:61006 - R:localhost/127.0.0.1:62214] for POST '/session/6c834df7b13dab9c0aabe725026ed1b9/execute/sync'
08:36:32.178 [AsyncHttpClient-1-11] DEBUG org.asynchttpclient.netty.handler.HttpHandler - 

Request DefaultHttpRequest(decodeResult: success, version: HTTP/1.1)
POST /session/6c834df7b13dab9c0aabe725026ed1b9/execute/sync HTTP/1.1
User-Agent: selenium/4.1.2 (java windows)
Content-Length: 48780
Content-Type: application/json; charset=utf-8
host: localhost:62214
accept: */*

Response DefaultHttpResponse(decodeResult: success, version: HTTP/1.1)
HTTP/1.1 200 OK
Content-Type: application/json; charset=utf-8
cache-control: no-cache
content-length: 14

08:36:32.178 [AsyncHttpClient-1-11] DEBUG org.asynchttpclient.netty.channel.ChannelManager - Adding key: http://localhost:62214 for channel [id: 0x14d4f530, L:/127.0.0.1:61006 - R:localhost/127.0.0.1:62214]
  &amp#27;[32mThen &amp#27;[0m&amp#27;[32mi get my &amp#27;[0m&amp#27;[32m&amp#27;[1m"Register Page"&amp#27;[0m          &amp#27;[90m# starter.stepdefinitions.registerStep.iGetMy(java.lang.String)&amp#27;[0m
08:36:32.183 [Forwarding screenshot on session 6c834df7b13dab9c0aabe725026ed1b9 to remote] DEBUG org.asynchttpclient.netty.request.NettyRequestSender - Using pooled Channel '[id: 0x14d4f530, L:/127.0.0.1:61006 - R:localhost/127.0.0.1:62214]' for 'GET' to 'http://localhost:62214/session/6c834df7b13dab9c0aabe725026ed1b9/screenshot'
08:36:32.183 [Forwarding screenshot on session 6c834df7b13dab9c0aabe725026ed1b9 to remote] DEBUG org.asynchttpclient.netty.request.NettyRequestSender - Using open Channel [id: 0x14d4f530, L:/127.0.0.1:61006 - R:localhost/127.0.0.1:62214] for GET '/session/6c834df7b13dab9c0aabe725026ed1b9/screenshot'
08:36:32.377 [AsyncHttpClient-1-11] DEBUG org.asynchttpclient.netty.handler.HttpHandler - 

Request DefaultFullHttpRequest(decodeResult: success, version: HTTP/1.1, content: EmptyByteBufBE)
GET /session/6c834df7b13dab9c0aabe725026ed1b9/screenshot HTTP/1.1
User-Agent: selenium/4.1.2 (java windows)
Cache-Control: no-cache
Content-Type: application/json; charset=utf-8
host: localhost:62214
accept: */*

Response DefaultHttpResponse(decodeResult: success, version: HTTP/1.1)
HTTP/1.1 200 OK
Content-Type: application/json; charset=utf-8
cache-control: no-cache
content-length: 46936

08:36:32.377 [AsyncHttpClient-1-11] DEBUG org.asynchttpclient.netty.channel.ChannelManager - Adding key: http://localhost:62214 for channel [id: 0x14d4f530, L:/127.0.0.1:61006 - R:localhost/127.0.0.1:62214]
08:36:32.380 [main] DEBUG net.serenitybdd.core.photography.Darkroom - Send negative for processing for target\site\serenity\d7d3066b7f49c5c0427f4f62767d34231169a4d638dd9434057501c49d938b82.png
08:36:32.380 [Darkroom Processing Line] DEBUG net.serenitybdd.core.photography.DarkroomProcessingLine - Processing screenshot image in /var/screenshots/screenshot-2138654617143247509
08:36:32.380 [Darkroom Processing Line] DEBUG net.serenitybdd.core.photography.DarkroomProcessingLine - Saving screenshot to target\site\serenity\d7d3066b7f49c5c0427f4f62767d34231169a4d638dd9434057501c49d938b82.png
08:36:32.388 [AsyncHttpClient-1-13] DEBUG org.asynchttpclient.netty.handler.WebSocketHandler - Channel Closed: [id: 0xc45d319c, L:/127.0.0.1:61015 ! R:localhost/127.0.0.1:61007] with attribute NettyResponseFuture{currentRetry=5,
	isDone=1,
	isCancelled=0,
	asyncHandler=org.asynchttpclient.ws.WebSocketUpgradeHandler@4fc59e6f,
	nettyRequest=org.asynchttpclient.netty.request.NettyRequest@1463f826,
	future=java.util.concurrent.CompletableFuture@738033d3[Completed normally],
	uri=ws://localhost:61007/devtools/browser/7e6cf729-6f74-4f64-8c94-6c87699b3c25,
	keepAlive=true,
	redirectCount=0,
	timeoutsHolder=null,
	inAuth=0,
	touch=1652837785345}
08:36:32.388 [AsyncHttpClient-1-13] DEBUG org.asynchttpclient.netty.channel.ChannelManager - Closing Channel [id: 0xc45d319c, L:/127.0.0.1:61015 ! R:localhost/127.0.0.1:61007] 
08:36:32.388 [Driver Command Executor] DEBUG org.asynchttpclient.netty.request.NettyRequestSender - Using pooled Channel '[id: 0x14d4f530, L:/127.0.0.1:61006 - R:localhost/127.0.0.1:62214]' for 'DELETE' to 'http://localhost:62214/session/6c834df7b13dab9c0aabe725026ed1b9'
08:36:32.389 [Driver Command Executor] DEBUG org.asynchttpclient.netty.request.NettyRequestSender - Using open Channel [id: 0x14d4f530, L:/127.0.0.1:61006 - R:localhost/127.0.0.1:62214] for DELETE '/session/6c834df7b13dab9c0aabe725026ed1b9'
08:36:32.495 [AsyncHttpClient-1-12] DEBUG org.asynchttpclient.netty.handler.HttpHandler - Unexpected I/O exception on channel [id: 0xcffd4171, L:/127.0.0.1:61014 - R:localhost/127.0.0.1:61007]
java.net.SocketException: Connection reset
	at java.base/sun.nio.ch.SocketChannelImpl.throwConnectionReset(SocketChannelImpl.java:367)
	at java.base/sun.nio.ch.SocketChannelImpl.read(SocketChannelImpl.java:398)
	at io.netty.buffer.PooledByteBuf.setBytes(PooledByteBuf.java:258)
	at io.netty.buffer.AbstractByteBuf.writeBytes(AbstractByteBuf.java:1132)
	at io.netty.channel.socket.nio.NioSocketChannel.doReadBytes(NioSocketChannel.java:350)
	at io.netty.channel.nio.AbstractNioByteChannel$NioByteUnsafe.read(AbstractNioByteChannel.java:151)
	at io.netty.channel.nio.NioEventLoop.processSelectedKey(NioEventLoop.java:722)
	at io.netty.channel.nio.NioEventLoop.processSelectedKeysOptimized(NioEventLoop.java:658)
	at io.netty.channel.nio.NioEventLoop.processSelectedKeys(NioEventLoop.java:584)
	at io.netty.channel.nio.NioEventLoop.run(NioEventLoop.java:496)
	at io.netty.util.concurrent.SingleThreadEventExecutor$4.run(SingleThreadEventExecutor.java:986)
	at io.netty.util.internal.ThreadExecutorMap$2.run(ThreadExecutorMap.java:74)
	at io.netty.util.concurrent.FastThreadLocalRunnable.run(FastThreadLocalRunnable.java:30)
	at java.base/java.lang.Thread.run(Thread.java:832)
08:36:32.495 [AsyncHttpClient-1-12] DEBUG org.asynchttpclient.netty.channel.ChannelManager - Closing Channel [id: 0xcffd4171, L:/127.0.0.1:61014 - R:localhost/127.0.0.1:61007] 
08:36:32.495 [AsyncHttpClient-1-12] DEBUG org.asynchttpclient.netty.handler.HttpHandler - Channel Closed: [id: 0xcffd4171, L:/127.0.0.1:61014 ! R:localhost/127.0.0.1:61007] with attribute DISCARD
08:36:32.511 [AsyncHttpClient-1-11] DEBUG org.asynchttpclient.netty.handler.HttpHandler - 

Request DefaultFullHttpRequest(decodeResult: success, version: HTTP/1.1, content: EmptyByteBufBE)
DELETE /session/6c834df7b13dab9c0aabe725026ed1b9 HTTP/1.1
User-Agent: selenium/4.1.2 (java windows)
Content-Type: application/json; charset=utf-8
host: localhost:62214
accept: */*

Response DefaultHttpResponse(decodeResult: success, version: HTTP/1.1)
HTTP/1.1 200 OK
Content-Type: application/json; charset=utf-8
cache-control: no-cache
content-length: 14

08:36:32.511 [AsyncHttpClient-1-11] DEBUG org.asynchttpclient.netty.channel.ChannelManager - Adding key: http://localhost:62214 for channel [id: 0x14d4f530, L:/127.0.0.1:61006 - R:localhost/127.0.0.1:62214]
08:36:32.600 [AsyncHttpClient-1-11] DEBUG org.asynchttpclient.netty.handler.HttpHandler - Channel Closed: [id: 0x14d4f530, L:/127.0.0.1:61006 ! R:localhost/127.0.0.1:62214] with attribute DISCARD
08:36:32.630 [AsyncHttpClient-1-1] DEBUG org.asynchttpclient.netty.channel.DefaultChannelPool - Entry count for : http://localhost:61007 : 1
08:36:32.630 [AsyncHttpClient-1-1] DEBUG org.asynchttpclient.netty.channel.DefaultChannelPool - Entry count for : http://localhost:62214 : 1
08:36:32.630 [AsyncHttpClient-1-1] DEBUG org.asynchttpclient.netty.channel.DefaultChannelPool - Adding Candidate expired Channel [id: 0xcffd4171, L:/127.0.0.1:61014 ! R:localhost/127.0.0.1:61007] isIdleTimeoutExpired=false isRemotelyClosed=true isTtlExpired=false
08:36:32.630 [AsyncHttpClient-1-1] DEBUG org.asynchttpclient.netty.channel.DefaultChannelPool - Closing Idle Channel [id: 0xcffd4171, L:/127.0.0.1:61014 ! R:localhost/127.0.0.1:61007]
08:36:32.630 [AsyncHttpClient-1-1] DEBUG org.asynchttpclient.netty.channel.DefaultChannelPool - Adding Candidate expired Channel [id: 0x14d4f530, L:/127.0.0.1:61006 ! R:localhost/127.0.0.1:62214] isIdleTimeoutExpired=false isRemotelyClosed=true isTtlExpired=false
08:36:32.630 [AsyncHttpClient-1-1] DEBUG org.asynchttpclient.netty.channel.DefaultChannelPool - Closing Idle Channel [id: 0x14d4f530, L:/127.0.0.1:61006 ! R:localhost/127.0.0.1:62214]
08:36:32.630 [AsyncHttpClient-1-1] DEBUG org.asynchttpclient.netty.channel.DefaultChannelPool - Closed 2 connections out of 2 in 0 ms
]]></system-out>
    <system-err><![CDATA[Starting ChromeDriver 101.0.4951.41 (93c720db8323b3ec10d056025ab95c23a31997c9-refs/branch-heads/4951@{#904}) on port 62214
Only local connections are allowed.
Please see https://chromedriver.chromium.org/security-considerations for suggestions on keeping ChromeDriver safe.
ChromeDriver was started successfully.
May 18, 2022 8:36:25 AM org.openqa.selenium.remote.ProtocolHandshake createSession
INFO: Detected dialect: W3C
May 18, 2022 8:36:25 AM org.openqa.selenium.devtools.CdpVersionFinder findNearestMatch
WARNING: Unable to find an exact match for CDP version 101, so returning the closest version found: 97
May 18, 2022 8:36:25 AM org.openqa.selenium.devtools.CdpVersionFinder findNearestMatch
INFO: Found CDP implementation for version 101 of 97
]]></system-err>
  </testcase>
  <testcase name="Registration scenario #9" classname="Registration" time="13.92">
    <system-out><![CDATA[
@register
Scenario Outline: Registration scenario  &amp#27;[90m# src/test/resources/features/register.feature:28&amp#27;[0m
08:36:33.129 [main] INFO io.cucumber.core.plugin.SerenityReporter - Running feature from file:///D:/PERKULIAHAN/Semester%206,Hebatt%20glad!/Altera/QE_Gladys-Cindana-Asri-Pardosi/Mini-Project/Web/src/test/resources/features/register.feature
08:36:33.134 [main] INFO net.serenitybdd.core.webdriver.driverproviders.ChromeDriverProvider - Using automatically driver download
08:36:33.245 [main] DEBUG io.github.bonigarcia.wdm.cache.ResolutionCache - Resolution chrome=101 in cache (valid until 09:23:35 18/05/2022 WIB)
08:36:33.249 [main] DEBUG io.github.bonigarcia.wdm.cache.ResolutionCache - Resolution chrome101=101.0.4951.41 in cache (valid until 18:48:44 18/05/2022 WIB)
08:36:33.251 [main] INFO io.github.bonigarcia.wdm.WebDriverManager - Using chromedriver 101.0.4951.41 (resolved driver for Chrome 101)
08:36:33.261 [main] DEBUG io.github.bonigarcia.wdm.WebDriverManager - Driver chromedriver 101.0.4951.41 found in cache
08:36:33.262 [main] INFO io.github.bonigarcia.wdm.WebDriverManager - Exporting webdriver.chrome.driver as C:\Users\ASUS\.cache\selenium\chromedriver\win32\101.0.4951.41\chromedriver.exe
08:36:33.381 [main] DEBUG net.serenitybdd.core.webdriver.driverproviders.ProvideNewDriver - Instantiating driver
08:36:33.381 [main] DEBUG net.serenitybdd.core.webdriver.driverproviders.ProvideNewDriver - Driver capabilities: Capabilities {acceptInsecureCerts: false, base.url: , browserName: chrome, goog:chromeOptions: {args: [], extensions: []}}
08:36:33.919 [AsyncHttpClient-1-14] DEBUG org.asynchttpclient.netty.channel.NettyConnectListener - Using new Channel '[id: 0x0647717a, L:/127.0.0.1:61042 - R:localhost/127.0.0.1:52088]' for 'POST' to '/session'
08:36:34.758 [AsyncHttpClient-1-14] DEBUG org.asynchttpclient.netty.handler.HttpHandler - 

Request DefaultHttpRequest(decodeResult: success, version: HTTP/1.1)
POST /session HTTP/1.1
User-Agent: selenium/4.1.2 (java windows)
Content-Length: 457
Content-Type: application/json; charset=utf-8
host: localhost:52088
accept: */*

Response DefaultHttpResponse(decodeResult: success, version: HTTP/1.1)
HTTP/1.1 200 OK
Content-Type: application/json; charset=utf-8
cache-control: no-cache
content-length: 789

08:36:34.759 [AsyncHttpClient-1-14] DEBUG org.asynchttpclient.netty.channel.ChannelManager - Adding key: http://localhost:52088 for channel [id: 0x0647717a, L:/127.0.0.1:61042 - R:localhost/127.0.0.1:52088]
08:36:34.764 [AsyncHttpClient-1-15] DEBUG org.asynchttpclient.netty.channel.NettyConnectListener - Using new Channel '[id: 0x0ecdff36, L:/127.0.0.1:61056 - R:localhost/127.0.0.1:61045]' for 'GET' to '/json/version'
08:36:34.765 [AsyncHttpClient-1-15] DEBUG org.asynchttpclient.netty.handler.HttpHandler - 

Request DefaultFullHttpRequest(decodeResult: success, version: HTTP/1.1, content: EmptyByteBufBE)
GET /json/version HTTP/1.1
User-Agent: selenium/4.1.2 (java windows)
host: localhost:61045
accept: */*

Response DefaultHttpResponse(decodeResult: success, version: HTTP/1.1)
HTTP/1.1 200 OK
Content-Type: application/json; charset=UTF-8
content-length: 427

08:36:34.765 [AsyncHttpClient-1-15] DEBUG org.asynchttpclient.netty.channel.ChannelManager - Adding key: http://localhost:61045 for channel [id: 0x0ecdff36, L:/127.0.0.1:61056 - R:localhost/127.0.0.1:61045]
08:36:34.767 [AsyncHttpClient-1-16] DEBUG org.asynchttpclient.netty.channel.NettyConnectListener - Using new Channel '[id: 0xaa21db5e, L:/127.0.0.1:61057 - R:localhost/127.0.0.1:61045]' for 'GET' to '/devtools/browser/42fa095f-4fa7-4617-8d35-8359d0280707'
08:36:34.767 [AsyncHttpClient-1-16] DEBUG org.asynchttpclient.netty.handler.WebSocketHandler - 

Request DefaultFullHttpRequest(decodeResult: success, version: HTTP/1.1, content: EmptyByteBufBE)
GET /devtools/browser/42fa095f-4fa7-4617-8d35-8359d0280707 HTTP/1.1
upgrade: websocket
connection: upgrade
sec-websocket-key: msZ7LPZT7toyVtNjyfIGpw==
sec-websocket-version: 13
origin: http://localhost:61045
host: localhost:61045
accept: */*
user-agent: AHC/2.1

Response DefaultHttpResponse(decodeResult: success, version: HTTP/1.1)
HTTP/1.1 101 WebSocket Protocol Handshake
Upgrade: WebSocket
Connection: Upgrade
Sec-WebSocket-Accept: Tje9DDTAlP4WaQ+En80uZDbkU4Y=

08:36:34.770 [Forwarding get on session 02868bbba554d309fb2bb5a04a97081a to remote] DEBUG org.asynchttpclient.netty.request.NettyRequestSender - Using pooled Channel '[id: 0x0647717a, L:/127.0.0.1:61042 - R:localhost/127.0.0.1:52088]' for 'POST' to 'http://localhost:52088/session/02868bbba554d309fb2bb5a04a97081a/url'
08:36:34.770 [Forwarding get on session 02868bbba554d309fb2bb5a04a97081a to remote] DEBUG org.asynchttpclient.netty.request.NettyRequestSender - Using open Channel [id: 0x0647717a, L:/127.0.0.1:61042 - R:localhost/127.0.0.1:52088] for POST '/session/02868bbba554d309fb2bb5a04a97081a/url'
08:36:34.827 [AsyncHttpClient-1-1] DEBUG org.asynchttpclient.netty.channel.DefaultChannelPool - Entry count for : http://localhost:61045 : 1
08:36:35.929 [AsyncHttpClient-1-1] DEBUG org.asynchttpclient.netty.channel.DefaultChannelPool - Entry count for : http://localhost:61045 : 1
08:36:37.028 [AsyncHttpClient-1-1] DEBUG org.asynchttpclient.netty.channel.DefaultChannelPool - Entry count for : http://localhost:61045 : 1
08:36:38.134 [AsyncHttpClient-1-1] DEBUG org.asynchttpclient.netty.channel.DefaultChannelPool - Entry count for : http://localhost:61045 : 1
08:36:39.227 [AsyncHttpClient-1-1] DEBUG org.asynchttpclient.netty.channel.DefaultChannelPool - Entry count for : http://localhost:61045 : 1
08:36:40.328 [AsyncHttpClient-1-1] DEBUG org.asynchttpclient.netty.channel.DefaultChannelPool - Entry count for : http://localhost:61045 : 1
08:36:41.227 [AsyncHttpClient-1-14] DEBUG org.asynchttpclient.netty.handler.HttpHandler - 

Request DefaultHttpRequest(decodeResult: success, version: HTTP/1.1)
POST /session/02868bbba554d309fb2bb5a04a97081a/url HTTP/1.1
User-Agent: selenium/4.1.2 (java windows)
Content-Length: 49
Content-Type: application/json; charset=utf-8
host: localhost:52088
accept: */*

Response DefaultHttpResponse(decodeResult: success, version: HTTP/1.1)
HTTP/1.1 200 OK
Content-Type: application/json; charset=utf-8
cache-control: no-cache
content-length: 14

08:36:41.227 [AsyncHttpClient-1-14] DEBUG org.asynchttpclient.netty.channel.ChannelManager - Adding key: http://localhost:52088 for channel [id: 0x0647717a, L:/127.0.0.1:61042 - R:localhost/127.0.0.1:52088]
08:36:41.228 [Forwarding setTimeout on session 02868bbba554d309fb2bb5a04a97081a to remote] DEBUG org.asynchttpclient.netty.request.NettyRequestSender - Using pooled Channel '[id: 0x0647717a, L:/127.0.0.1:61042 - R:localhost/127.0.0.1:52088]' for 'POST' to 'http://localhost:52088/session/02868bbba554d309fb2bb5a04a97081a/timeouts'
08:36:41.228 [Forwarding setTimeout on session 02868bbba554d309fb2bb5a04a97081a to remote] DEBUG org.asynchttpclient.netty.request.NettyRequestSender - Using open Channel [id: 0x0647717a, L:/127.0.0.1:61042 - R:localhost/127.0.0.1:52088] for POST '/session/02868bbba554d309fb2bb5a04a97081a/timeouts'
08:36:41.228 [AsyncHttpClient-1-14] DEBUG org.asynchttpclient.netty.handler.HttpHandler - 

Request DefaultHttpRequest(decodeResult: success, version: HTTP/1.1)
POST /session/02868bbba554d309fb2bb5a04a97081a/timeouts HTTP/1.1
User-Agent: selenium/4.1.2 (java windows)
Content-Length: 22
Content-Type: application/json; charset=utf-8
host: localhost:52088
accept: */*

Response DefaultHttpResponse(decodeResult: success, version: HTTP/1.1)
HTTP/1.1 200 OK
Content-Type: application/json; charset=utf-8
cache-control: no-cache
content-length: 14

08:36:41.229 [AsyncHttpClient-1-14] DEBUG org.asynchttpclient.netty.channel.ChannelManager - Adding key: http://localhost:52088 for channel [id: 0x0647717a, L:/127.0.0.1:61042 - R:localhost/127.0.0.1:52088]
08:36:41.230 [Forwarding getCurrentUrl on session 02868bbba554d309fb2bb5a04a97081a to remote] DEBUG org.asynchttpclient.netty.request.NettyRequestSender - Using pooled Channel '[id: 0x0647717a, L:/127.0.0.1:61042 - R:localhost/127.0.0.1:52088]' for 'GET' to 'http://localhost:52088/session/02868bbba554d309fb2bb5a04a97081a/url'
08:36:41.230 [Forwarding getCurrentUrl on session 02868bbba554d309fb2bb5a04a97081a to remote] DEBUG org.asynchttpclient.netty.request.NettyRequestSender - Using open Channel [id: 0x0647717a, L:/127.0.0.1:61042 - R:localhost/127.0.0.1:52088] for GET '/session/02868bbba554d309fb2bb5a04a97081a/url'
08:36:41.235 [AsyncHttpClient-1-14] DEBUG org.asynchttpclient.netty.handler.HttpHandler - 

Request DefaultFullHttpRequest(decodeResult: success, version: HTTP/1.1, content: EmptyByteBufBE)
GET /session/02868bbba554d309fb2bb5a04a97081a/url HTTP/1.1
User-Agent: selenium/4.1.2 (java windows)
Cache-Control: no-cache
Content-Type: application/json; charset=utf-8
host: localhost:52088
accept: */*

Response DefaultHttpResponse(decodeResult: success, version: HTTP/1.1)
HTTP/1.1 200 OK
Content-Type: application/json; charset=utf-8
cache-control: no-cache
content-length: 31

08:36:41.236 [AsyncHttpClient-1-14] DEBUG org.asynchttpclient.netty.channel.ChannelManager - Adding key: http://localhost:52088 for channel [id: 0x0647717a, L:/127.0.0.1:61042 - R:localhost/127.0.0.1:52088]
  &amp#27;[32mGiven &amp#27;[0m&amp#27;[32mi access the web&amp#27;[0m                 &amp#27;[90m# starter.stepdefinitions.registerStep.iAccessTheWeb()&amp#27;[0m
08:36:41.240 [Forwarding screenshot on session 02868bbba554d309fb2bb5a04a97081a to remote] DEBUG org.asynchttpclient.netty.request.NettyRequestSender - Using pooled Channel '[id: 0x0647717a, L:/127.0.0.1:61042 - R:localhost/127.0.0.1:52088]' for 'GET' to 'http://localhost:52088/session/02868bbba554d309fb2bb5a04a97081a/screenshot'
08:36:41.240 [Forwarding screenshot on session 02868bbba554d309fb2bb5a04a97081a to remote] DEBUG org.asynchttpclient.netty.request.NettyRequestSender - Using open Channel [id: 0x0647717a, L:/127.0.0.1:61042 - R:localhost/127.0.0.1:52088] for GET '/session/02868bbba554d309fb2bb5a04a97081a/screenshot'
08:36:41.435 [AsyncHttpClient-1-1] DEBUG org.asynchttpclient.netty.channel.DefaultChannelPool - Entry count for : http://localhost:61045 : 1
08:36:41.624 [AsyncHttpClient-1-14] DEBUG org.asynchttpclient.netty.handler.HttpHandler - 

Request DefaultFullHttpRequest(decodeResult: success, version: HTTP/1.1, content: EmptyByteBufBE)
GET /session/02868bbba554d309fb2bb5a04a97081a/screenshot HTTP/1.1
User-Agent: selenium/4.1.2 (java windows)
Cache-Control: no-cache
Content-Type: application/json; charset=utf-8
host: localhost:52088
accept: */*

Response DefaultHttpResponse(decodeResult: success, version: HTTP/1.1)
HTTP/1.1 200 OK
Content-Type: application/json; charset=utf-8
cache-control: no-cache
content-length: 44724

08:36:41.624 [AsyncHttpClient-1-14] DEBUG org.asynchttpclient.netty.channel.ChannelManager - Adding key: http://localhost:52088 for channel [id: 0x0647717a, L:/127.0.0.1:61042 - R:localhost/127.0.0.1:52088]
08:36:41.626 [main] DEBUG net.serenitybdd.core.photography.Darkroom - Send negative for processing for target\site\serenity\d771de3eb4fe5336cd94c4adf6fb7a74bf11d1b1dbc365eab49bcbd7c1fcad5a.png
08:36:41.627 [Darkroom Processing Line] DEBUG net.serenitybdd.core.photography.DarkroomProcessingLine - Processing screenshot image in /var/screenshots/screenshot-12618004366327020095
08:36:41.627 [Darkroom Processing Line] DEBUG net.serenitybdd.core.photography.DarkroomProcessingLine - Saving screenshot to target\site\serenity\d771de3eb4fe5336cd94c4adf6fb7a74bf11d1b1dbc365eab49bcbd7c1fcad5a.png
08:36:41.633 [Forwarding findElement on session 02868bbba554d309fb2bb5a04a97081a to remote] DEBUG org.asynchttpclient.netty.request.NettyRequestSender - Using pooled Channel '[id: 0x0647717a, L:/127.0.0.1:61042 - R:localhost/127.0.0.1:52088]' for 'POST' to 'http://localhost:52088/session/02868bbba554d309fb2bb5a04a97081a/element'
08:36:41.633 [Forwarding findElement on session 02868bbba554d309fb2bb5a04a97081a to remote] DEBUG org.asynchttpclient.netty.request.NettyRequestSender - Using open Channel [id: 0x0647717a, L:/127.0.0.1:61042 - R:localhost/127.0.0.1:52088] for POST '/session/02868bbba554d309fb2bb5a04a97081a/element'
08:36:41.646 [AsyncHttpClient-1-14] DEBUG org.asynchttpclient.netty.handler.HttpHandler - 

Request DefaultHttpRequest(decodeResult: success, version: HTTP/1.1)
POST /session/02868bbba554d309fb2bb5a04a97081a/element HTTP/1.1
User-Agent: selenium/4.1.2 (java windows)
Content-Length: 170
Content-Type: application/json; charset=utf-8
host: localhost:52088
accept: */*

Response DefaultHttpResponse(decodeResult: success, version: HTTP/1.1)
HTTP/1.1 200 OK
Content-Type: application/json; charset=utf-8
cache-control: no-cache
content-length: 88

08:36:41.646 [AsyncHttpClient-1-14] DEBUG org.asynchttpclient.netty.channel.ChannelManager - Adding key: http://localhost:52088 for channel [id: 0x0647717a, L:/127.0.0.1:61042 - R:localhost/127.0.0.1:52088]
08:36:41.648 [Forwarding getElementTagName on session 02868bbba554d309fb2bb5a04a97081a to remote] DEBUG org.asynchttpclient.netty.request.NettyRequestSender - Using pooled Channel '[id: 0x0647717a, L:/127.0.0.1:61042 - R:localhost/127.0.0.1:52088]' for 'GET' to 'http://localhost:52088/session/02868bbba554d309fb2bb5a04a97081a/element/d1c30212-7d8c-4014-8b32-4b09026bec40/name'
08:36:41.648 [Forwarding getElementTagName on session 02868bbba554d309fb2bb5a04a97081a to remote] DEBUG org.asynchttpclient.netty.request.NettyRequestSender - Using open Channel [id: 0x0647717a, L:/127.0.0.1:61042 - R:localhost/127.0.0.1:52088] for GET '/session/02868bbba554d309fb2bb5a04a97081a/element/d1c30212-7d8c-4014-8b32-4b09026bec40/name'
08:36:41.652 [AsyncHttpClient-1-14] DEBUG org.asynchttpclient.netty.handler.HttpHandler - 

Request DefaultFullHttpRequest(decodeResult: success, version: HTTP/1.1, content: EmptyByteBufBE)
GET /session/02868bbba554d309fb2bb5a04a97081a/element/d1c30212-7d8c-4014-8b32-4b09026bec40/name HTTP/1.1
User-Agent: selenium/4.1.2 (java windows)
Cache-Control: no-cache
Content-Type: application/json; charset=utf-8
host: localhost:52088
accept: */*

Response DefaultHttpResponse(decodeResult: success, version: HTTP/1.1)
HTTP/1.1 200 OK
Content-Type: application/json; charset=utf-8
cache-control: no-cache
content-length: 13

08:36:41.652 [AsyncHttpClient-1-14] DEBUG org.asynchttpclient.netty.channel.ChannelManager - Adding key: http://localhost:52088 for channel [id: 0x0647717a, L:/127.0.0.1:61042 - R:localhost/127.0.0.1:52088]
08:36:41.653 [Forwarding getElementTagName on session 02868bbba554d309fb2bb5a04a97081a to remote] DEBUG org.asynchttpclient.netty.request.NettyRequestSender - Using pooled Channel '[id: 0x0647717a, L:/127.0.0.1:61042 - R:localhost/127.0.0.1:52088]' for 'GET' to 'http://localhost:52088/session/02868bbba554d309fb2bb5a04a97081a/element/d1c30212-7d8c-4014-8b32-4b09026bec40/name'
08:36:41.653 [Forwarding getElementTagName on session 02868bbba554d309fb2bb5a04a97081a to remote] DEBUG org.asynchttpclient.netty.request.NettyRequestSender - Using open Channel [id: 0x0647717a, L:/127.0.0.1:61042 - R:localhost/127.0.0.1:52088] for GET '/session/02868bbba554d309fb2bb5a04a97081a/element/d1c30212-7d8c-4014-8b32-4b09026bec40/name'
08:36:41.657 [AsyncHttpClient-1-14] DEBUG org.asynchttpclient.netty.handler.HttpHandler - 

Request DefaultFullHttpRequest(decodeResult: success, version: HTTP/1.1, content: EmptyByteBufBE)
GET /session/02868bbba554d309fb2bb5a04a97081a/element/d1c30212-7d8c-4014-8b32-4b09026bec40/name HTTP/1.1
User-Agent: selenium/4.1.2 (java windows)
Cache-Control: no-cache
Content-Type: application/json; charset=utf-8
host: localhost:52088
accept: */*

Response DefaultHttpResponse(decodeResult: success, version: HTTP/1.1)
HTTP/1.1 200 OK
Content-Type: application/json; charset=utf-8
cache-control: no-cache
content-length: 13

08:36:41.657 [AsyncHttpClient-1-14] DEBUG org.asynchttpclient.netty.channel.ChannelManager - Adding key: http://localhost:52088 for channel [id: 0x0647717a, L:/127.0.0.1:61042 - R:localhost/127.0.0.1:52088]
08:36:41.658 [Forwarding findElement on session 02868bbba554d309fb2bb5a04a97081a to remote] DEBUG org.asynchttpclient.netty.request.NettyRequestSender - Using pooled Channel '[id: 0x0647717a, L:/127.0.0.1:61042 - R:localhost/127.0.0.1:52088]' for 'POST' to 'http://localhost:52088/session/02868bbba554d309fb2bb5a04a97081a/element'
08:36:41.658 [Forwarding findElement on session 02868bbba554d309fb2bb5a04a97081a to remote] DEBUG org.asynchttpclient.netty.request.NettyRequestSender - Using open Channel [id: 0x0647717a, L:/127.0.0.1:61042 - R:localhost/127.0.0.1:52088] for POST '/session/02868bbba554d309fb2bb5a04a97081a/element'
08:36:41.666 [AsyncHttpClient-1-14] DEBUG org.asynchttpclient.netty.handler.HttpHandler - 

Request DefaultHttpRequest(decodeResult: success, version: HTTP/1.1)
POST /session/02868bbba554d309fb2bb5a04a97081a/element HTTP/1.1
User-Agent: selenium/4.1.2 (java windows)
Content-Length: 170
Content-Type: application/json; charset=utf-8
host: localhost:52088
accept: */*

Response DefaultHttpResponse(decodeResult: success, version: HTTP/1.1)
HTTP/1.1 200 OK
Content-Type: application/json; charset=utf-8
cache-control: no-cache
content-length: 88

08:36:41.666 [AsyncHttpClient-1-14] DEBUG org.asynchttpclient.netty.channel.ChannelManager - Adding key: http://localhost:52088 for channel [id: 0x0647717a, L:/127.0.0.1:61042 - R:localhost/127.0.0.1:52088]
08:36:41.667 [Forwarding clickElement on session 02868bbba554d309fb2bb5a04a97081a to remote] DEBUG org.asynchttpclient.netty.request.NettyRequestSender - Using pooled Channel '[id: 0x0647717a, L:/127.0.0.1:61042 - R:localhost/127.0.0.1:52088]' for 'POST' to 'http://localhost:52088/session/02868bbba554d309fb2bb5a04a97081a/element/d1c30212-7d8c-4014-8b32-4b09026bec40/click'
08:36:41.667 [Forwarding clickElement on session 02868bbba554d309fb2bb5a04a97081a to remote] DEBUG org.asynchttpclient.netty.request.NettyRequestSender - Using open Channel [id: 0x0647717a, L:/127.0.0.1:61042 - R:localhost/127.0.0.1:52088] for POST '/session/02868bbba554d309fb2bb5a04a97081a/element/d1c30212-7d8c-4014-8b32-4b09026bec40/click'
08:36:41.713 [AsyncHttpClient-1-14] DEBUG org.asynchttpclient.netty.handler.HttpHandler - 

Request DefaultHttpRequest(decodeResult: success, version: HTTP/1.1)
POST /session/02868bbba554d309fb2bb5a04a97081a/element/d1c30212-7d8c-4014-8b32-4b09026bec40/click HTTP/1.1
User-Agent: selenium/4.1.2 (java windows)
Content-Length: 50
Content-Type: application/json; charset=utf-8
host: localhost:52088
accept: */*

Response DefaultHttpResponse(decodeResult: success, version: HTTP/1.1)
HTTP/1.1 200 OK
Content-Type: application/json; charset=utf-8
cache-control: no-cache
content-length: 14

08:36:41.713 [AsyncHttpClient-1-14] DEBUG org.asynchttpclient.netty.channel.ChannelManager - Adding key: http://localhost:52088 for channel [id: 0x0647717a, L:/127.0.0.1:61042 - R:localhost/127.0.0.1:52088]
08:36:41.715 [Forwarding get on session 02868bbba554d309fb2bb5a04a97081a to remote] DEBUG org.asynchttpclient.netty.request.NettyRequestSender - Using pooled Channel '[id: 0x0647717a, L:/127.0.0.1:61042 - R:localhost/127.0.0.1:52088]' for 'POST' to 'http://localhost:52088/session/02868bbba554d309fb2bb5a04a97081a/url'
08:36:41.715 [Forwarding get on session 02868bbba554d309fb2bb5a04a97081a to remote] DEBUG org.asynchttpclient.netty.request.NettyRequestSender - Using open Channel [id: 0x0647717a, L:/127.0.0.1:61042 - R:localhost/127.0.0.1:52088] for POST '/session/02868bbba554d309fb2bb5a04a97081a/url'
08:36:42.091 [AsyncHttpClient-1-14] DEBUG org.asynchttpclient.netty.handler.HttpHandler - 

Request DefaultHttpRequest(decodeResult: success, version: HTTP/1.1)
POST /session/02868bbba554d309fb2bb5a04a97081a/url HTTP/1.1
User-Agent: selenium/4.1.2 (java windows)
Content-Length: 67
Content-Type: application/json; charset=utf-8
host: localhost:52088
accept: */*

Response DefaultHttpResponse(decodeResult: success, version: HTTP/1.1)
HTTP/1.1 200 OK
Content-Type: application/json; charset=utf-8
cache-control: no-cache
content-length: 14

08:36:42.091 [AsyncHttpClient-1-14] DEBUG org.asynchttpclient.netty.channel.ChannelManager - Adding key: http://localhost:52088 for channel [id: 0x0647717a, L:/127.0.0.1:61042 - R:localhost/127.0.0.1:52088]
08:36:42.092 [Forwarding getCurrentUrl on session 02868bbba554d309fb2bb5a04a97081a to remote] DEBUG org.asynchttpclient.netty.request.NettyRequestSender - Using pooled Channel '[id: 0x0647717a, L:/127.0.0.1:61042 - R:localhost/127.0.0.1:52088]' for 'GET' to 'http://localhost:52088/session/02868bbba554d309fb2bb5a04a97081a/url'
08:36:42.092 [Forwarding getCurrentUrl on session 02868bbba554d309fb2bb5a04a97081a to remote] DEBUG org.asynchttpclient.netty.request.NettyRequestSender - Using open Channel [id: 0x0647717a, L:/127.0.0.1:61042 - R:localhost/127.0.0.1:52088] for GET '/session/02868bbba554d309fb2bb5a04a97081a/url'
08:36:42.096 [AsyncHttpClient-1-14] DEBUG org.asynchttpclient.netty.handler.HttpHandler - 

Request DefaultFullHttpRequest(decodeResult: success, version: HTTP/1.1, content: EmptyByteBufBE)
GET /session/02868bbba554d309fb2bb5a04a97081a/url HTTP/1.1
User-Agent: selenium/4.1.2 (java windows)
Cache-Control: no-cache
Content-Type: application/json; charset=utf-8
host: localhost:52088
accept: */*

Response DefaultHttpResponse(decodeResult: success, version: HTTP/1.1)
HTTP/1.1 200 OK
Content-Type: application/json; charset=utf-8
cache-control: no-cache
content-length: 44

08:36:42.096 [AsyncHttpClient-1-14] DEBUG org.asynchttpclient.netty.channel.ChannelManager - Adding key: http://localhost:52088 for channel [id: 0x0647717a, L:/127.0.0.1:61042 - R:localhost/127.0.0.1:52088]
  &amp#27;[32mWhen &amp#27;[0m&amp#27;[32mi click icon account and register&amp#27;[0m &amp#27;[90m# starter.stepdefinitions.registerStep.iClickIconAccountAndRegister()&amp#27;[0m
08:36:42.100 [Forwarding screenshot on session 02868bbba554d309fb2bb5a04a97081a to remote] DEBUG org.asynchttpclient.netty.request.NettyRequestSender - Using pooled Channel '[id: 0x0647717a, L:/127.0.0.1:61042 - R:localhost/127.0.0.1:52088]' for 'GET' to 'http://localhost:52088/session/02868bbba554d309fb2bb5a04a97081a/screenshot'
08:36:42.100 [Forwarding screenshot on session 02868bbba554d309fb2bb5a04a97081a to remote] DEBUG org.asynchttpclient.netty.request.NettyRequestSender - Using open Channel [id: 0x0647717a, L:/127.0.0.1:61042 - R:localhost/127.0.0.1:52088] for GET '/session/02868bbba554d309fb2bb5a04a97081a/screenshot'
08:36:42.259 [AsyncHttpClient-1-14] DEBUG org.asynchttpclient.netty.handler.HttpHandler - 

Request DefaultFullHttpRequest(decodeResult: success, version: HTTP/1.1, content: EmptyByteBufBE)
GET /session/02868bbba554d309fb2bb5a04a97081a/screenshot HTTP/1.1
User-Agent: selenium/4.1.2 (java windows)
Cache-Control: no-cache
Content-Type: application/json; charset=utf-8
host: localhost:52088
accept: */*

Response DefaultHttpResponse(decodeResult: success, version: HTTP/1.1)
HTTP/1.1 200 OK
Content-Type: application/json; charset=utf-8
cache-control: no-cache
content-length: 44708

08:36:42.259 [AsyncHttpClient-1-14] DEBUG org.asynchttpclient.netty.channel.ChannelManager - Adding key: http://localhost:52088 for channel [id: 0x0647717a, L:/127.0.0.1:61042 - R:localhost/127.0.0.1:52088]
08:36:42.261 [main] DEBUG net.serenitybdd.core.photography.Darkroom - Send negative for processing for target\site\serenity\bc10bdd43aea083cb61afc1041343a8e7bf03489bbc1da19d8103865fa1b6cdf.png
08:36:42.261 [Darkroom Processing Line] DEBUG net.serenitybdd.core.photography.DarkroomProcessingLine - Processing screenshot image in /var/screenshots/screenshot-12650875091074500508
08:36:42.261 [Darkroom Processing Line] DEBUG net.serenitybdd.core.photography.DarkroomProcessingLine - Saving screenshot to target\site\serenity\bc10bdd43aea083cb61afc1041343a8e7bf03489bbc1da19d8103865fa1b6cdf.png
08:36:42.267 [Forwarding findElement on session 02868bbba554d309fb2bb5a04a97081a to remote] DEBUG org.asynchttpclient.netty.request.NettyRequestSender - Using pooled Channel '[id: 0x0647717a, L:/127.0.0.1:61042 - R:localhost/127.0.0.1:52088]' for 'POST' to 'http://localhost:52088/session/02868bbba554d309fb2bb5a04a97081a/element'
08:36:42.267 [Forwarding findElement on session 02868bbba554d309fb2bb5a04a97081a to remote] DEBUG org.asynchttpclient.netty.request.NettyRequestSender - Using open Channel [id: 0x0647717a, L:/127.0.0.1:61042 - R:localhost/127.0.0.1:52088] for POST '/session/02868bbba554d309fb2bb5a04a97081a/element'
08:36:42.278 [AsyncHttpClient-1-14] DEBUG org.asynchttpclient.netty.handler.HttpHandler - 

Request DefaultHttpRequest(decodeResult: success, version: HTTP/1.1)
POST /session/02868bbba554d309fb2bb5a04a97081a/element HTTP/1.1
User-Agent: selenium/4.1.2 (java windows)
Content-Length: 93
Content-Type: application/json; charset=utf-8
host: localhost:52088
accept: */*

Response DefaultHttpResponse(decodeResult: success, version: HTTP/1.1)
HTTP/1.1 200 OK
Content-Type: application/json; charset=utf-8
cache-control: no-cache
content-length: 88

08:36:42.278 [AsyncHttpClient-1-14] DEBUG org.asynchttpclient.netty.channel.ChannelManager - Adding key: http://localhost:52088 for channel [id: 0x0647717a, L:/127.0.0.1:61042 - R:localhost/127.0.0.1:52088]
08:36:42.279 [Forwarding clearElement on session 02868bbba554d309fb2bb5a04a97081a to remote] DEBUG org.asynchttpclient.netty.request.NettyRequestSender - Using pooled Channel '[id: 0x0647717a, L:/127.0.0.1:61042 - R:localhost/127.0.0.1:52088]' for 'POST' to 'http://localhost:52088/session/02868bbba554d309fb2bb5a04a97081a/element/b828fb5f-3a62-40a8-ada2-24b34bca333f/clear'
08:36:42.279 [Forwarding clearElement on session 02868bbba554d309fb2bb5a04a97081a to remote] DEBUG org.asynchttpclient.netty.request.NettyRequestSender - Using open Channel [id: 0x0647717a, L:/127.0.0.1:61042 - R:localhost/127.0.0.1:52088] for POST '/session/02868bbba554d309fb2bb5a04a97081a/element/b828fb5f-3a62-40a8-ada2-24b34bca333f/clear'
08:36:42.314 [AsyncHttpClient-1-14] DEBUG org.asynchttpclient.netty.handler.HttpHandler - 

Request DefaultHttpRequest(decodeResult: success, version: HTTP/1.1)
POST /session/02868bbba554d309fb2bb5a04a97081a/element/b828fb5f-3a62-40a8-ada2-24b34bca333f/clear HTTP/1.1
User-Agent: selenium/4.1.2 (java windows)
Content-Length: 50
Content-Type: application/json; charset=utf-8
host: localhost:52088
accept: */*

Response DefaultHttpResponse(decodeResult: success, version: HTTP/1.1)
HTTP/1.1 200 OK
Content-Type: application/json; charset=utf-8
cache-control: no-cache
content-length: 14

08:36:42.314 [AsyncHttpClient-1-14] DEBUG org.asynchttpclient.netty.channel.ChannelManager - Adding key: http://localhost:52088 for channel [id: 0x0647717a, L:/127.0.0.1:61042 - R:localhost/127.0.0.1:52088]
08:36:42.316 [Forwarding sendKeysToElement on session 02868bbba554d309fb2bb5a04a97081a to remote] DEBUG org.asynchttpclient.netty.request.NettyRequestSender - Using pooled Channel '[id: 0x0647717a, L:/127.0.0.1:61042 - R:localhost/127.0.0.1:52088]' for 'POST' to 'http://localhost:52088/session/02868bbba554d309fb2bb5a04a97081a/element/b828fb5f-3a62-40a8-ada2-24b34bca333f/value'
08:36:42.316 [Forwarding sendKeysToElement on session 02868bbba554d309fb2bb5a04a97081a to remote] DEBUG org.asynchttpclient.netty.request.NettyRequestSender - Using open Channel [id: 0x0647717a, L:/127.0.0.1:61042 - R:localhost/127.0.0.1:52088] for POST '/session/02868bbba554d309fb2bb5a04a97081a/element/b828fb5f-3a62-40a8-ada2-24b34bca333f/value'
08:36:42.388 [AsyncHttpClient-1-14] DEBUG org.asynchttpclient.netty.handler.HttpHandler - 

Request DefaultHttpRequest(decodeResult: success, version: HTTP/1.1)
POST /session/02868bbba554d309fb2bb5a04a97081a/element/b828fb5f-3a62-40a8-ada2-24b34bca333f/value HTTP/1.1
User-Agent: selenium/4.1.2 (java windows)
Content-Length: 121
Content-Type: application/json; charset=utf-8
host: localhost:52088
accept: */*

Response DefaultHttpResponse(decodeResult: success, version: HTTP/1.1)
HTTP/1.1 200 OK
Content-Type: application/json; charset=utf-8
cache-control: no-cache
content-length: 14

08:36:42.388 [AsyncHttpClient-1-14] DEBUG org.asynchttpclient.netty.channel.ChannelManager - Adding key: http://localhost:52088 for channel [id: 0x0647717a, L:/127.0.0.1:61042 - R:localhost/127.0.0.1:52088]
  &amp#27;[32mAnd &amp#27;[0m&amp#27;[32mi input &amp#27;[0m&amp#27;[32m&amp#27;[1m"same"&amp#27;[0m&amp#27;[32m my name&amp#27;[0m             &amp#27;[90m# starter.stepdefinitions.registerStep.iInputMyName(java.lang.String)&amp#27;[0m
08:36:42.393 [Forwarding screenshot on session 02868bbba554d309fb2bb5a04a97081a to remote] DEBUG org.asynchttpclient.netty.request.NettyRequestSender - Using pooled Channel '[id: 0x0647717a, L:/127.0.0.1:61042 - R:localhost/127.0.0.1:52088]' for 'GET' to 'http://localhost:52088/session/02868bbba554d309fb2bb5a04a97081a/screenshot'
08:36:42.393 [Forwarding screenshot on session 02868bbba554d309fb2bb5a04a97081a to remote] DEBUG org.asynchttpclient.netty.request.NettyRequestSender - Using open Channel [id: 0x0647717a, L:/127.0.0.1:61042 - R:localhost/127.0.0.1:52088] for GET '/session/02868bbba554d309fb2bb5a04a97081a/screenshot'
08:36:42.527 [AsyncHttpClient-1-1] DEBUG org.asynchttpclient.netty.channel.DefaultChannelPool - Entry count for : http://localhost:61045 : 1
08:36:42.561 [AsyncHttpClient-1-14] DEBUG org.asynchttpclient.netty.handler.HttpHandler - 

Request DefaultFullHttpRequest(decodeResult: success, version: HTTP/1.1, content: EmptyByteBufBE)
GET /session/02868bbba554d309fb2bb5a04a97081a/screenshot HTTP/1.1
User-Agent: selenium/4.1.2 (java windows)
Cache-Control: no-cache
Content-Type: application/json; charset=utf-8
host: localhost:52088
accept: */*

Response DefaultHttpResponse(decodeResult: success, version: HTTP/1.1)
HTTP/1.1 200 OK
Content-Type: application/json; charset=utf-8
cache-control: no-cache
content-length: 47088

08:36:42.561 [AsyncHttpClient-1-14] DEBUG org.asynchttpclient.netty.channel.ChannelManager - Adding key: http://localhost:52088 for channel [id: 0x0647717a, L:/127.0.0.1:61042 - R:localhost/127.0.0.1:52088]
08:36:42.564 [main] DEBUG net.serenitybdd.core.photography.Darkroom - Send negative for processing for target\site\serenity\a44634c4b4f6461b0d3f3ab6e4ae800336fd5928d9731952d8b1c42e9259dec8.png
08:36:42.564 [Darkroom Processing Line] DEBUG net.serenitybdd.core.photography.DarkroomProcessingLine - Processing screenshot image in /var/screenshots/screenshot-6958020962563782990
08:36:42.564 [Darkroom Processing Line] DEBUG net.serenitybdd.core.photography.DarkroomProcessingLine - Saving screenshot to target\site\serenity\a44634c4b4f6461b0d3f3ab6e4ae800336fd5928d9731952d8b1c42e9259dec8.png
08:36:42.573 [Forwarding findElement on session 02868bbba554d309fb2bb5a04a97081a to remote] DEBUG org.asynchttpclient.netty.request.NettyRequestSender - Using pooled Channel '[id: 0x0647717a, L:/127.0.0.1:61042 - R:localhost/127.0.0.1:52088]' for 'POST' to 'http://localhost:52088/session/02868bbba554d309fb2bb5a04a97081a/element'
08:36:42.573 [Forwarding findElement on session 02868bbba554d309fb2bb5a04a97081a to remote] DEBUG org.asynchttpclient.netty.request.NettyRequestSender - Using open Channel [id: 0x0647717a, L:/127.0.0.1:61042 - R:localhost/127.0.0.1:52088] for POST '/session/02868bbba554d309fb2bb5a04a97081a/element'
08:36:42.586 [AsyncHttpClient-1-14] DEBUG org.asynchttpclient.netty.handler.HttpHandler - 

Request DefaultHttpRequest(decodeResult: success, version: HTTP/1.1)
POST /session/02868bbba554d309fb2bb5a04a97081a/element HTTP/1.1
User-Agent: selenium/4.1.2 (java windows)
Content-Length: 86
Content-Type: application/json; charset=utf-8
host: localhost:52088
accept: */*

Response DefaultHttpResponse(decodeResult: success, version: HTTP/1.1)
HTTP/1.1 200 OK
Content-Type: application/json; charset=utf-8
cache-control: no-cache
content-length: 88

08:36:42.586 [AsyncHttpClient-1-14] DEBUG org.asynchttpclient.netty.channel.ChannelManager - Adding key: http://localhost:52088 for channel [id: 0x0647717a, L:/127.0.0.1:61042 - R:localhost/127.0.0.1:52088]
08:36:42.588 [Forwarding clearElement on session 02868bbba554d309fb2bb5a04a97081a to remote] DEBUG org.asynchttpclient.netty.request.NettyRequestSender - Using pooled Channel '[id: 0x0647717a, L:/127.0.0.1:61042 - R:localhost/127.0.0.1:52088]' for 'POST' to 'http://localhost:52088/session/02868bbba554d309fb2bb5a04a97081a/element/b18f0f53-32a7-4cae-a4f6-a31280506f51/clear'
08:36:42.588 [Forwarding clearElement on session 02868bbba554d309fb2bb5a04a97081a to remote] DEBUG org.asynchttpclient.netty.request.NettyRequestSender - Using open Channel [id: 0x0647717a, L:/127.0.0.1:61042 - R:localhost/127.0.0.1:52088] for POST '/session/02868bbba554d309fb2bb5a04a97081a/element/b18f0f53-32a7-4cae-a4f6-a31280506f51/clear'
08:36:42.626 [AsyncHttpClient-1-14] DEBUG org.asynchttpclient.netty.handler.HttpHandler - 

Request DefaultHttpRequest(decodeResult: success, version: HTTP/1.1)
POST /session/02868bbba554d309fb2bb5a04a97081a/element/b18f0f53-32a7-4cae-a4f6-a31280506f51/clear HTTP/1.1
User-Agent: selenium/4.1.2 (java windows)
Content-Length: 50
Content-Type: application/json; charset=utf-8
host: localhost:52088
accept: */*

Response DefaultHttpResponse(decodeResult: success, version: HTTP/1.1)
HTTP/1.1 200 OK
Content-Type: application/json; charset=utf-8
cache-control: no-cache
content-length: 14

08:36:42.626 [AsyncHttpClient-1-14] DEBUG org.asynchttpclient.netty.channel.ChannelManager - Adding key: http://localhost:52088 for channel [id: 0x0647717a, L:/127.0.0.1:61042 - R:localhost/127.0.0.1:52088]
08:36:42.627 [Forwarding sendKeysToElement on session 02868bbba554d309fb2bb5a04a97081a to remote] DEBUG org.asynchttpclient.netty.request.NettyRequestSender - Using pooled Channel '[id: 0x0647717a, L:/127.0.0.1:61042 - R:localhost/127.0.0.1:52088]' for 'POST' to 'http://localhost:52088/session/02868bbba554d309fb2bb5a04a97081a/element/b18f0f53-32a7-4cae-a4f6-a31280506f51/value'
08:36:42.627 [Forwarding sendKeysToElement on session 02868bbba554d309fb2bb5a04a97081a to remote] DEBUG org.asynchttpclient.netty.request.NettyRequestSender - Using open Channel [id: 0x0647717a, L:/127.0.0.1:61042 - R:localhost/127.0.0.1:52088] for POST '/session/02868bbba554d309fb2bb5a04a97081a/element/b18f0f53-32a7-4cae-a4f6-a31280506f51/value'
08:36:42.701 [AsyncHttpClient-1-14] DEBUG org.asynchttpclient.netty.handler.HttpHandler - 

Request DefaultHttpRequest(decodeResult: success, version: HTTP/1.1)
POST /session/02868bbba554d309fb2bb5a04a97081a/element/b18f0f53-32a7-4cae-a4f6-a31280506f51/value HTTP/1.1
User-Agent: selenium/4.1.2 (java windows)
Content-Length: 121
Content-Type: application/json; charset=utf-8
host: localhost:52088
accept: */*

Response DefaultHttpResponse(decodeResult: success, version: HTTP/1.1)
HTTP/1.1 200 OK
Content-Type: application/json; charset=utf-8
cache-control: no-cache
content-length: 14

08:36:42.701 [AsyncHttpClient-1-14] DEBUG org.asynchttpclient.netty.channel.ChannelManager - Adding key: http://localhost:52088 for channel [id: 0x0647717a, L:/127.0.0.1:61042 - R:localhost/127.0.0.1:52088]
  &amp#27;[32mAnd &amp#27;[0m&amp#27;[32mi input &amp#27;[0m&amp#27;[32m&amp#27;[1m"same"&amp#27;[0m&amp#27;[32m my email&amp#27;[0m            &amp#27;[90m# starter.stepdefinitions.registerStep.iInputMyEmail(java.lang.String)&amp#27;[0m
08:36:42.707 [Forwarding screenshot on session 02868bbba554d309fb2bb5a04a97081a to remote] DEBUG org.asynchttpclient.netty.request.NettyRequestSender - Using pooled Channel '[id: 0x0647717a, L:/127.0.0.1:61042 - R:localhost/127.0.0.1:52088]' for 'GET' to 'http://localhost:52088/session/02868bbba554d309fb2bb5a04a97081a/screenshot'
08:36:42.707 [Forwarding screenshot on session 02868bbba554d309fb2bb5a04a97081a to remote] DEBUG org.asynchttpclient.netty.request.NettyRequestSender - Using open Channel [id: 0x0647717a, L:/127.0.0.1:61042 - R:localhost/127.0.0.1:52088] for GET '/session/02868bbba554d309fb2bb5a04a97081a/screenshot'
08:36:42.908 [AsyncHttpClient-1-14] DEBUG org.asynchttpclient.netty.handler.HttpHandler - 

Request DefaultFullHttpRequest(decodeResult: success, version: HTTP/1.1, content: EmptyByteBufBE)
GET /session/02868bbba554d309fb2bb5a04a97081a/screenshot HTTP/1.1
User-Agent: selenium/4.1.2 (java windows)
Cache-Control: no-cache
Content-Type: application/json; charset=utf-8
host: localhost:52088
accept: */*

Response DefaultHttpResponse(decodeResult: success, version: HTTP/1.1)
HTTP/1.1 200 OK
Content-Type: application/json; charset=utf-8
cache-control: no-cache
content-length: 48504

08:36:42.908 [AsyncHttpClient-1-14] DEBUG org.asynchttpclient.netty.channel.ChannelManager - Adding key: http://localhost:52088 for channel [id: 0x0647717a, L:/127.0.0.1:61042 - R:localhost/127.0.0.1:52088]
08:36:42.910 [main] DEBUG net.serenitybdd.core.photography.Darkroom - Send negative for processing for target\site\serenity\f3cb167bd5e89ab29d8f220c152e92ba29dddd26b98c99f431d5093cae365a6c.png
08:36:42.910 [Darkroom Processing Line] DEBUG net.serenitybdd.core.photography.DarkroomProcessingLine - Processing screenshot image in /var/screenshots/screenshot-8548669235286470479
08:36:42.911 [Darkroom Processing Line] DEBUG net.serenitybdd.core.photography.DarkroomProcessingLine - Saving screenshot to target\site\serenity\f3cb167bd5e89ab29d8f220c152e92ba29dddd26b98c99f431d5093cae365a6c.png
08:36:42.919 [Forwarding findElement on session 02868bbba554d309fb2bb5a04a97081a to remote] DEBUG org.asynchttpclient.netty.request.NettyRequestSender - Using pooled Channel '[id: 0x0647717a, L:/127.0.0.1:61042 - R:localhost/127.0.0.1:52088]' for 'POST' to 'http://localhost:52088/session/02868bbba554d309fb2bb5a04a97081a/element'
08:36:42.919 [Forwarding findElement on session 02868bbba554d309fb2bb5a04a97081a to remote] DEBUG org.asynchttpclient.netty.request.NettyRequestSender - Using open Channel [id: 0x0647717a, L:/127.0.0.1:61042 - R:localhost/127.0.0.1:52088] for POST '/session/02868bbba554d309fb2bb5a04a97081a/element'
08:36:42.936 [AsyncHttpClient-1-14] DEBUG org.asynchttpclient.netty.handler.HttpHandler - 

Request DefaultHttpRequest(decodeResult: success, version: HTTP/1.1)
POST /session/02868bbba554d309fb2bb5a04a97081a/element HTTP/1.1
User-Agent: selenium/4.1.2 (java windows)
Content-Length: 89
Content-Type: application/json; charset=utf-8
host: localhost:52088
accept: */*

Response DefaultHttpResponse(decodeResult: success, version: HTTP/1.1)
HTTP/1.1 200 OK
Content-Type: application/json; charset=utf-8
cache-control: no-cache
content-length: 88

08:36:42.937 [AsyncHttpClient-1-14] DEBUG org.asynchttpclient.netty.channel.ChannelManager - Adding key: http://localhost:52088 for channel [id: 0x0647717a, L:/127.0.0.1:61042 - R:localhost/127.0.0.1:52088]
08:36:42.937 [Forwarding clearElement on session 02868bbba554d309fb2bb5a04a97081a to remote] DEBUG org.asynchttpclient.netty.request.NettyRequestSender - Using pooled Channel '[id: 0x0647717a, L:/127.0.0.1:61042 - R:localhost/127.0.0.1:52088]' for 'POST' to 'http://localhost:52088/session/02868bbba554d309fb2bb5a04a97081a/element/b48a3b9d-5a43-4754-ba44-6d6ba3babede/clear'
08:36:42.937 [Forwarding clearElement on session 02868bbba554d309fb2bb5a04a97081a to remote] DEBUG org.asynchttpclient.netty.request.NettyRequestSender - Using open Channel [id: 0x0647717a, L:/127.0.0.1:61042 - R:localhost/127.0.0.1:52088] for POST '/session/02868bbba554d309fb2bb5a04a97081a/element/b48a3b9d-5a43-4754-ba44-6d6ba3babede/clear'
08:36:42.981 [AsyncHttpClient-1-14] DEBUG org.asynchttpclient.netty.handler.HttpHandler - 

Request DefaultHttpRequest(decodeResult: success, version: HTTP/1.1)
POST /session/02868bbba554d309fb2bb5a04a97081a/element/b48a3b9d-5a43-4754-ba44-6d6ba3babede/clear HTTP/1.1
User-Agent: selenium/4.1.2 (java windows)
Content-Length: 50
Content-Type: application/json; charset=utf-8
host: localhost:52088
accept: */*

Response DefaultHttpResponse(decodeResult: success, version: HTTP/1.1)
HTTP/1.1 200 OK
Content-Type: application/json; charset=utf-8
cache-control: no-cache
content-length: 14

08:36:42.981 [AsyncHttpClient-1-14] DEBUG org.asynchttpclient.netty.channel.ChannelManager - Adding key: http://localhost:52088 for channel [id: 0x0647717a, L:/127.0.0.1:61042 - R:localhost/127.0.0.1:52088]
08:36:42.983 [Forwarding sendKeysToElement on session 02868bbba554d309fb2bb5a04a97081a to remote] DEBUG org.asynchttpclient.netty.request.NettyRequestSender - Using pooled Channel '[id: 0x0647717a, L:/127.0.0.1:61042 - R:localhost/127.0.0.1:52088]' for 'POST' to 'http://localhost:52088/session/02868bbba554d309fb2bb5a04a97081a/element/b48a3b9d-5a43-4754-ba44-6d6ba3babede/value'
08:36:42.983 [Forwarding sendKeysToElement on session 02868bbba554d309fb2bb5a04a97081a to remote] DEBUG org.asynchttpclient.netty.request.NettyRequestSender - Using open Channel [id: 0x0647717a, L:/127.0.0.1:61042 - R:localhost/127.0.0.1:52088] for POST '/session/02868bbba554d309fb2bb5a04a97081a/element/b48a3b9d-5a43-4754-ba44-6d6ba3babede/value'
08:36:43.056 [AsyncHttpClient-1-14] DEBUG org.asynchttpclient.netty.handler.HttpHandler - 

Request DefaultHttpRequest(decodeResult: success, version: HTTP/1.1)
POST /session/02868bbba554d309fb2bb5a04a97081a/element/b48a3b9d-5a43-4754-ba44-6d6ba3babede/value HTTP/1.1
User-Agent: selenium/4.1.2 (java windows)
Content-Length: 121
Content-Type: application/json; charset=utf-8
host: localhost:52088
accept: */*

Response DefaultHttpResponse(decodeResult: success, version: HTTP/1.1)
HTTP/1.1 200 OK
Content-Type: application/json; charset=utf-8
cache-control: no-cache
content-length: 14

08:36:43.056 [AsyncHttpClient-1-14] DEBUG org.asynchttpclient.netty.channel.ChannelManager - Adding key: http://localhost:52088 for channel [id: 0x0647717a, L:/127.0.0.1:61042 - R:localhost/127.0.0.1:52088]
08:36:43.059 [Forwarding findElement on session 02868bbba554d309fb2bb5a04a97081a to remote] DEBUG org.asynchttpclient.netty.request.NettyRequestSender - Using pooled Channel '[id: 0x0647717a, L:/127.0.0.1:61042 - R:localhost/127.0.0.1:52088]' for 'POST' to 'http://localhost:52088/session/02868bbba554d309fb2bb5a04a97081a/element'
08:36:43.059 [Forwarding findElement on session 02868bbba554d309fb2bb5a04a97081a to remote] DEBUG org.asynchttpclient.netty.request.NettyRequestSender - Using open Channel [id: 0x0647717a, L:/127.0.0.1:61042 - R:localhost/127.0.0.1:52088] for POST '/session/02868bbba554d309fb2bb5a04a97081a/element'
08:36:43.068 [AsyncHttpClient-1-14] DEBUG org.asynchttpclient.netty.handler.HttpHandler - 

Request DefaultHttpRequest(decodeResult: success, version: HTTP/1.1)
POST /session/02868bbba554d309fb2bb5a04a97081a/element HTTP/1.1
User-Agent: selenium/4.1.2 (java windows)
Content-Length: 89
Content-Type: application/json; charset=utf-8
host: localhost:52088
accept: */*

Response DefaultHttpResponse(decodeResult: success, version: HTTP/1.1)
HTTP/1.1 200 OK
Content-Type: application/json; charset=utf-8
cache-control: no-cache
content-length: 88

08:36:43.069 [AsyncHttpClient-1-14] DEBUG org.asynchttpclient.netty.channel.ChannelManager - Adding key: http://localhost:52088 for channel [id: 0x0647717a, L:/127.0.0.1:61042 - R:localhost/127.0.0.1:52088]
08:36:43.070 [Forwarding clearElement on session 02868bbba554d309fb2bb5a04a97081a to remote] DEBUG org.asynchttpclient.netty.request.NettyRequestSender - Using pooled Channel '[id: 0x0647717a, L:/127.0.0.1:61042 - R:localhost/127.0.0.1:52088]' for 'POST' to 'http://localhost:52088/session/02868bbba554d309fb2bb5a04a97081a/element/b48a3b9d-5a43-4754-ba44-6d6ba3babede/clear'
08:36:43.070 [Forwarding clearElement on session 02868bbba554d309fb2bb5a04a97081a to remote] DEBUG org.asynchttpclient.netty.request.NettyRequestSender - Using open Channel [id: 0x0647717a, L:/127.0.0.1:61042 - R:localhost/127.0.0.1:52088] for POST '/session/02868bbba554d309fb2bb5a04a97081a/element/b48a3b9d-5a43-4754-ba44-6d6ba3babede/clear'
08:36:43.092 [AsyncHttpClient-1-14] DEBUG org.asynchttpclient.netty.handler.HttpHandler - 

Request DefaultHttpRequest(decodeResult: success, version: HTTP/1.1)
POST /session/02868bbba554d309fb2bb5a04a97081a/element/b48a3b9d-5a43-4754-ba44-6d6ba3babede/clear HTTP/1.1
User-Agent: selenium/4.1.2 (java windows)
Content-Length: 50
Content-Type: application/json; charset=utf-8
host: localhost:52088
accept: */*

Response DefaultHttpResponse(decodeResult: success, version: HTTP/1.1)
HTTP/1.1 200 OK
Content-Type: application/json; charset=utf-8
cache-control: no-cache
content-length: 14

08:36:43.092 [AsyncHttpClient-1-14] DEBUG org.asynchttpclient.netty.channel.ChannelManager - Adding key: http://localhost:52088 for channel [id: 0x0647717a, L:/127.0.0.1:61042 - R:localhost/127.0.0.1:52088]
08:36:43.093 [Forwarding sendKeysToElement on session 02868bbba554d309fb2bb5a04a97081a to remote] DEBUG org.asynchttpclient.netty.request.NettyRequestSender - Using pooled Channel '[id: 0x0647717a, L:/127.0.0.1:61042 - R:localhost/127.0.0.1:52088]' for 'POST' to 'http://localhost:52088/session/02868bbba554d309fb2bb5a04a97081a/element/b48a3b9d-5a43-4754-ba44-6d6ba3babede/value'
08:36:43.093 [Forwarding sendKeysToElement on session 02868bbba554d309fb2bb5a04a97081a to remote] DEBUG org.asynchttpclient.netty.request.NettyRequestSender - Using open Channel [id: 0x0647717a, L:/127.0.0.1:61042 - R:localhost/127.0.0.1:52088] for POST '/session/02868bbba554d309fb2bb5a04a97081a/element/b48a3b9d-5a43-4754-ba44-6d6ba3babede/value'
08:36:43.159 [AsyncHttpClient-1-14] DEBUG org.asynchttpclient.netty.handler.HttpHandler - 

Request DefaultHttpRequest(decodeResult: success, version: HTTP/1.1)
POST /session/02868bbba554d309fb2bb5a04a97081a/element/b48a3b9d-5a43-4754-ba44-6d6ba3babede/value HTTP/1.1
User-Agent: selenium/4.1.2 (java windows)
Content-Length: 121
Content-Type: application/json; charset=utf-8
host: localhost:52088
accept: */*

Response DefaultHttpResponse(decodeResult: success, version: HTTP/1.1)
HTTP/1.1 200 OK
Content-Type: application/json; charset=utf-8
cache-control: no-cache
content-length: 14

08:36:43.159 [AsyncHttpClient-1-14] DEBUG org.asynchttpclient.netty.channel.ChannelManager - Adding key: http://localhost:52088 for channel [id: 0x0647717a, L:/127.0.0.1:61042 - R:localhost/127.0.0.1:52088]
  &amp#27;[32mAnd &amp#27;[0m&amp#27;[32mi input &amp#27;[0m&amp#27;[32m&amp#27;[1m"same"&amp#27;[0m&amp#27;[32m my password&amp#27;[0m         &amp#27;[90m# starter.stepdefinitions.registerStep.iInputMyPassword(java.lang.String)&amp#27;[0m
08:36:43.167 [Forwarding screenshot on session 02868bbba554d309fb2bb5a04a97081a to remote] DEBUG org.asynchttpclient.netty.request.NettyRequestSender - Using pooled Channel '[id: 0x0647717a, L:/127.0.0.1:61042 - R:localhost/127.0.0.1:52088]' for 'GET' to 'http://localhost:52088/session/02868bbba554d309fb2bb5a04a97081a/screenshot'
08:36:43.167 [Forwarding screenshot on session 02868bbba554d309fb2bb5a04a97081a to remote] DEBUG org.asynchttpclient.netty.request.NettyRequestSender - Using open Channel [id: 0x0647717a, L:/127.0.0.1:61042 - R:localhost/127.0.0.1:52088] for GET '/session/02868bbba554d309fb2bb5a04a97081a/screenshot'
08:36:43.398 [AsyncHttpClient-1-14] DEBUG org.asynchttpclient.netty.handler.HttpHandler - 

Request DefaultFullHttpRequest(decodeResult: success, version: HTTP/1.1, content: EmptyByteBufBE)
GET /session/02868bbba554d309fb2bb5a04a97081a/screenshot HTTP/1.1
User-Agent: selenium/4.1.2 (java windows)
Cache-Control: no-cache
Content-Type: application/json; charset=utf-8
host: localhost:52088
accept: */*

Response DefaultHttpResponse(decodeResult: success, version: HTTP/1.1)
HTTP/1.1 200 OK
Content-Type: application/json; charset=utf-8
cache-control: no-cache
content-length: 50864

08:36:43.399 [AsyncHttpClient-1-14] DEBUG org.asynchttpclient.netty.channel.ChannelManager - Adding key: http://localhost:52088 for channel [id: 0x0647717a, L:/127.0.0.1:61042 - R:localhost/127.0.0.1:52088]
08:36:43.401 [main] DEBUG net.serenitybdd.core.photography.Darkroom - Send negative for processing for target\site\serenity\b757cb6f86c9b07b4e06707fc7b9570de37f4afebfd265195f88ed3b1f509394.png
08:36:43.401 [Darkroom Processing Line] DEBUG net.serenitybdd.core.photography.DarkroomProcessingLine - Processing screenshot image in /var/screenshots/screenshot-16598895028517029861
08:36:43.401 [Darkroom Processing Line] DEBUG net.serenitybdd.core.photography.DarkroomProcessingLine - Saving screenshot to target\site\serenity\b757cb6f86c9b07b4e06707fc7b9570de37f4afebfd265195f88ed3b1f509394.png
08:36:43.409 [Forwarding findElement on session 02868bbba554d309fb2bb5a04a97081a to remote] DEBUG org.asynchttpclient.netty.request.NettyRequestSender - Using pooled Channel '[id: 0x0647717a, L:/127.0.0.1:61042 - R:localhost/127.0.0.1:52088]' for 'POST' to 'http://localhost:52088/session/02868bbba554d309fb2bb5a04a97081a/element'
08:36:43.409 [Forwarding findElement on session 02868bbba554d309fb2bb5a04a97081a to remote] DEBUG org.asynchttpclient.netty.request.NettyRequestSender - Using open Channel [id: 0x0647717a, L:/127.0.0.1:61042 - R:localhost/127.0.0.1:52088] for POST '/session/02868bbba554d309fb2bb5a04a97081a/element'
08:36:43.422 [AsyncHttpClient-1-14] DEBUG org.asynchttpclient.netty.handler.HttpHandler - 

Request DefaultHttpRequest(decodeResult: success, version: HTTP/1.1)
POST /session/02868bbba554d309fb2bb5a04a97081a/element HTTP/1.1
User-Agent: selenium/4.1.2 (java windows)
Content-Length: 75
Content-Type: application/json; charset=utf-8
host: localhost:52088
accept: */*

Response DefaultHttpResponse(decodeResult: success, version: HTTP/1.1)
HTTP/1.1 200 OK
Content-Type: application/json; charset=utf-8
cache-control: no-cache
content-length: 88

08:36:43.422 [AsyncHttpClient-1-14] DEBUG org.asynchttpclient.netty.channel.ChannelManager - Adding key: http://localhost:52088 for channel [id: 0x0647717a, L:/127.0.0.1:61042 - R:localhost/127.0.0.1:52088]
08:36:43.423 [Forwarding getElementTagName on session 02868bbba554d309fb2bb5a04a97081a to remote] DEBUG org.asynchttpclient.netty.request.NettyRequestSender - Using pooled Channel '[id: 0x0647717a, L:/127.0.0.1:61042 - R:localhost/127.0.0.1:52088]' for 'GET' to 'http://localhost:52088/session/02868bbba554d309fb2bb5a04a97081a/element/ea97f1ff-e033-4cc6-996e-6ddc7898491e/name'
08:36:43.423 [Forwarding getElementTagName on session 02868bbba554d309fb2bb5a04a97081a to remote] DEBUG org.asynchttpclient.netty.request.NettyRequestSender - Using open Channel [id: 0x0647717a, L:/127.0.0.1:61042 - R:localhost/127.0.0.1:52088] for GET '/session/02868bbba554d309fb2bb5a04a97081a/element/ea97f1ff-e033-4cc6-996e-6ddc7898491e/name'
08:36:43.430 [AsyncHttpClient-1-14] DEBUG org.asynchttpclient.netty.handler.HttpHandler - 

Request DefaultFullHttpRequest(decodeResult: success, version: HTTP/1.1, content: EmptyByteBufBE)
GET /session/02868bbba554d309fb2bb5a04a97081a/element/ea97f1ff-e033-4cc6-996e-6ddc7898491e/name HTTP/1.1
User-Agent: selenium/4.1.2 (java windows)
Cache-Control: no-cache
Content-Type: application/json; charset=utf-8
host: localhost:52088
accept: */*

Response DefaultHttpResponse(decodeResult: success, version: HTTP/1.1)
HTTP/1.1 200 OK
Content-Type: application/json; charset=utf-8
cache-control: no-cache
content-length: 18

08:36:43.430 [AsyncHttpClient-1-14] DEBUG org.asynchttpclient.netty.channel.ChannelManager - Adding key: http://localhost:52088 for channel [id: 0x0647717a, L:/127.0.0.1:61042 - R:localhost/127.0.0.1:52088]
08:36:43.431 [Forwarding getElementTagName on session 02868bbba554d309fb2bb5a04a97081a to remote] DEBUG org.asynchttpclient.netty.request.NettyRequestSender - Using pooled Channel '[id: 0x0647717a, L:/127.0.0.1:61042 - R:localhost/127.0.0.1:52088]' for 'GET' to 'http://localhost:52088/session/02868bbba554d309fb2bb5a04a97081a/element/ea97f1ff-e033-4cc6-996e-6ddc7898491e/name'
08:36:43.431 [Forwarding getElementTagName on session 02868bbba554d309fb2bb5a04a97081a to remote] DEBUG org.asynchttpclient.netty.request.NettyRequestSender - Using open Channel [id: 0x0647717a, L:/127.0.0.1:61042 - R:localhost/127.0.0.1:52088] for GET '/session/02868bbba554d309fb2bb5a04a97081a/element/ea97f1ff-e033-4cc6-996e-6ddc7898491e/name'
08:36:43.435 [AsyncHttpClient-1-14] DEBUG org.asynchttpclient.netty.handler.HttpHandler - 

Request DefaultFullHttpRequest(decodeResult: success, version: HTTP/1.1, content: EmptyByteBufBE)
GET /session/02868bbba554d309fb2bb5a04a97081a/element/ea97f1ff-e033-4cc6-996e-6ddc7898491e/name HTTP/1.1
User-Agent: selenium/4.1.2 (java windows)
Cache-Control: no-cache
Content-Type: application/json; charset=utf-8
host: localhost:52088
accept: */*

Response DefaultHttpResponse(decodeResult: success, version: HTTP/1.1)
HTTP/1.1 200 OK
Content-Type: application/json; charset=utf-8
cache-control: no-cache
content-length: 18

08:36:43.436 [AsyncHttpClient-1-14] DEBUG org.asynchttpclient.netty.channel.ChannelManager - Adding key: http://localhost:52088 for channel [id: 0x0647717a, L:/127.0.0.1:61042 - R:localhost/127.0.0.1:52088]
08:36:43.437 [Forwarding isElementEnabled on session 02868bbba554d309fb2bb5a04a97081a to remote] DEBUG org.asynchttpclient.netty.request.NettyRequestSender - Using pooled Channel '[id: 0x0647717a, L:/127.0.0.1:61042 - R:localhost/127.0.0.1:52088]' for 'GET' to 'http://localhost:52088/session/02868bbba554d309fb2bb5a04a97081a/element/ea97f1ff-e033-4cc6-996e-6ddc7898491e/enabled'
08:36:43.437 [Forwarding isElementEnabled on session 02868bbba554d309fb2bb5a04a97081a to remote] DEBUG org.asynchttpclient.netty.request.NettyRequestSender - Using open Channel [id: 0x0647717a, L:/127.0.0.1:61042 - R:localhost/127.0.0.1:52088] for GET '/session/02868bbba554d309fb2bb5a04a97081a/element/ea97f1ff-e033-4cc6-996e-6ddc7898491e/enabled'
08:36:43.448 [AsyncHttpClient-1-14] DEBUG org.asynchttpclient.netty.handler.HttpHandler - 

Request DefaultFullHttpRequest(decodeResult: success, version: HTTP/1.1, content: EmptyByteBufBE)
GET /session/02868bbba554d309fb2bb5a04a97081a/element/ea97f1ff-e033-4cc6-996e-6ddc7898491e/enabled HTTP/1.1
User-Agent: selenium/4.1.2 (java windows)
Cache-Control: no-cache
Content-Type: application/json; charset=utf-8
host: localhost:52088
accept: */*

Response DefaultHttpResponse(decodeResult: success, version: HTTP/1.1)
HTTP/1.1 200 OK
Content-Type: application/json; charset=utf-8
cache-control: no-cache
content-length: 14

08:36:43.448 [AsyncHttpClient-1-14] DEBUG org.asynchttpclient.netty.channel.ChannelManager - Adding key: http://localhost:52088 for channel [id: 0x0647717a, L:/127.0.0.1:61042 - R:localhost/127.0.0.1:52088]
08:36:43.449 [Forwarding isElementEnabled on session 02868bbba554d309fb2bb5a04a97081a to remote] DEBUG org.asynchttpclient.netty.request.NettyRequestSender - Using pooled Channel '[id: 0x0647717a, L:/127.0.0.1:61042 - R:localhost/127.0.0.1:52088]' for 'GET' to 'http://localhost:52088/session/02868bbba554d309fb2bb5a04a97081a/element/ea97f1ff-e033-4cc6-996e-6ddc7898491e/enabled'
08:36:43.449 [Forwarding isElementEnabled on session 02868bbba554d309fb2bb5a04a97081a to remote] DEBUG org.asynchttpclient.netty.request.NettyRequestSender - Using open Channel [id: 0x0647717a, L:/127.0.0.1:61042 - R:localhost/127.0.0.1:52088] for GET '/session/02868bbba554d309fb2bb5a04a97081a/element/ea97f1ff-e033-4cc6-996e-6ddc7898491e/enabled'
08:36:43.455 [AsyncHttpClient-1-14] DEBUG org.asynchttpclient.netty.handler.HttpHandler - 

Request DefaultFullHttpRequest(decodeResult: success, version: HTTP/1.1, content: EmptyByteBufBE)
GET /session/02868bbba554d309fb2bb5a04a97081a/element/ea97f1ff-e033-4cc6-996e-6ddc7898491e/enabled HTTP/1.1
User-Agent: selenium/4.1.2 (java windows)
Cache-Control: no-cache
Content-Type: application/json; charset=utf-8
host: localhost:52088
accept: */*

Response DefaultHttpResponse(decodeResult: success, version: HTTP/1.1)
HTTP/1.1 200 OK
Content-Type: application/json; charset=utf-8
cache-control: no-cache
content-length: 14

08:36:43.456 [AsyncHttpClient-1-14] DEBUG org.asynchttpclient.netty.channel.ChannelManager - Adding key: http://localhost:52088 for channel [id: 0x0647717a, L:/127.0.0.1:61042 - R:localhost/127.0.0.1:52088]
08:36:43.457 [Forwarding findElement on session 02868bbba554d309fb2bb5a04a97081a to remote] DEBUG org.asynchttpclient.netty.request.NettyRequestSender - Using pooled Channel '[id: 0x0647717a, L:/127.0.0.1:61042 - R:localhost/127.0.0.1:52088]' for 'POST' to 'http://localhost:52088/session/02868bbba554d309fb2bb5a04a97081a/element'
08:36:43.457 [Forwarding findElement on session 02868bbba554d309fb2bb5a04a97081a to remote] DEBUG org.asynchttpclient.netty.request.NettyRequestSender - Using open Channel [id: 0x0647717a, L:/127.0.0.1:61042 - R:localhost/127.0.0.1:52088] for POST '/session/02868bbba554d309fb2bb5a04a97081a/element'
08:36:43.466 [AsyncHttpClient-1-14] DEBUG org.asynchttpclient.netty.handler.HttpHandler - 

Request DefaultHttpRequest(decodeResult: success, version: HTTP/1.1)
POST /session/02868bbba554d309fb2bb5a04a97081a/element HTTP/1.1
User-Agent: selenium/4.1.2 (java windows)
Content-Length: 75
Content-Type: application/json; charset=utf-8
host: localhost:52088
accept: */*

Response DefaultHttpResponse(decodeResult: success, version: HTTP/1.1)
HTTP/1.1 200 OK
Content-Type: application/json; charset=utf-8
cache-control: no-cache
content-length: 88

08:36:43.467 [AsyncHttpClient-1-14] DEBUG org.asynchttpclient.netty.channel.ChannelManager - Adding key: http://localhost:52088 for channel [id: 0x0647717a, L:/127.0.0.1:61042 - R:localhost/127.0.0.1:52088]
08:36:43.468 [Forwarding clickElement on session 02868bbba554d309fb2bb5a04a97081a to remote] DEBUG org.asynchttpclient.netty.request.NettyRequestSender - Using pooled Channel '[id: 0x0647717a, L:/127.0.0.1:61042 - R:localhost/127.0.0.1:52088]' for 'POST' to 'http://localhost:52088/session/02868bbba554d309fb2bb5a04a97081a/element/ea97f1ff-e033-4cc6-996e-6ddc7898491e/click'
08:36:43.468 [Forwarding clickElement on session 02868bbba554d309fb2bb5a04a97081a to remote] DEBUG org.asynchttpclient.netty.request.NettyRequestSender - Using open Channel [id: 0x0647717a, L:/127.0.0.1:61042 - R:localhost/127.0.0.1:52088] for POST '/session/02868bbba554d309fb2bb5a04a97081a/element/ea97f1ff-e033-4cc6-996e-6ddc7898491e/click'
08:36:43.521 [AsyncHttpClient-1-14] DEBUG org.asynchttpclient.netty.handler.HttpHandler - 

Request DefaultHttpRequest(decodeResult: success, version: HTTP/1.1)
POST /session/02868bbba554d309fb2bb5a04a97081a/element/ea97f1ff-e033-4cc6-996e-6ddc7898491e/click HTTP/1.1
User-Agent: selenium/4.1.2 (java windows)
Content-Length: 50
Content-Type: application/json; charset=utf-8
host: localhost:52088
accept: */*

Response DefaultHttpResponse(decodeResult: success, version: HTTP/1.1)
HTTP/1.1 200 OK
Content-Type: application/json; charset=utf-8
cache-control: no-cache
content-length: 14

08:36:43.521 [AsyncHttpClient-1-14] DEBUG org.asynchttpclient.netty.channel.ChannelManager - Adding key: http://localhost:52088 for channel [id: 0x0647717a, L:/127.0.0.1:61042 - R:localhost/127.0.0.1:52088]
  &amp#27;[32mAnd &amp#27;[0m&amp#27;[32mi click register button&amp#27;[0m            &amp#27;[90m# starter.stepdefinitions.registerStep.iClickRegisterButton()&amp#27;[0m
08:36:43.528 [Forwarding screenshot on session 02868bbba554d309fb2bb5a04a97081a to remote] DEBUG org.asynchttpclient.netty.request.NettyRequestSender - Using pooled Channel '[id: 0x0647717a, L:/127.0.0.1:61042 - R:localhost/127.0.0.1:52088]' for 'GET' to 'http://localhost:52088/session/02868bbba554d309fb2bb5a04a97081a/screenshot'
08:36:43.528 [Forwarding screenshot on session 02868bbba554d309fb2bb5a04a97081a to remote] DEBUG org.asynchttpclient.netty.request.NettyRequestSender - Using open Channel [id: 0x0647717a, L:/127.0.0.1:61042 - R:localhost/127.0.0.1:52088] for GET '/session/02868bbba554d309fb2bb5a04a97081a/screenshot'
08:36:43.628 [AsyncHttpClient-1-1] DEBUG org.asynchttpclient.netty.channel.DefaultChannelPool - Entry count for : http://localhost:61045 : 1
08:36:43.847 [AsyncHttpClient-1-14] DEBUG org.asynchttpclient.netty.handler.HttpHandler - 

Request DefaultFullHttpRequest(decodeResult: success, version: HTTP/1.1, content: EmptyByteBufBE)
GET /session/02868bbba554d309fb2bb5a04a97081a/screenshot HTTP/1.1
User-Agent: selenium/4.1.2 (java windows)
Cache-Control: no-cache
Content-Type: application/json; charset=utf-8
host: localhost:52088
accept: */*

Response DefaultHttpResponse(decodeResult: success, version: HTTP/1.1)
HTTP/1.1 200 OK
Content-Type: application/json; charset=utf-8
cache-control: no-cache
content-length: 53412

08:36:43.847 [AsyncHttpClient-1-14] DEBUG org.asynchttpclient.netty.channel.ChannelManager - Adding key: http://localhost:52088 for channel [id: 0x0647717a, L:/127.0.0.1:61042 - R:localhost/127.0.0.1:52088]
08:36:43.849 [main] DEBUG net.serenitybdd.core.photography.Darkroom - Send negative for processing for target\site\serenity\28832470513d37b9abdbeac08dcbc6a5b4a9923ea8fb3f8296789176075451f7.png
08:36:43.849 [Darkroom Processing Line] DEBUG net.serenitybdd.core.photography.DarkroomProcessingLine - Processing screenshot image in /var/screenshots/screenshot-13851590501428297811
08:36:43.849 [Darkroom Processing Line] DEBUG net.serenitybdd.core.photography.DarkroomProcessingLine - Saving screenshot to target\site\serenity\28832470513d37b9abdbeac08dcbc6a5b4a9923ea8fb3f8296789176075451f7.png
08:36:43.854 [Forwarding findElement on session 02868bbba554d309fb2bb5a04a97081a to remote] DEBUG org.asynchttpclient.netty.request.NettyRequestSender - Using pooled Channel '[id: 0x0647717a, L:/127.0.0.1:61042 - R:localhost/127.0.0.1:52088]' for 'POST' to 'http://localhost:52088/session/02868bbba554d309fb2bb5a04a97081a/element'
08:36:43.854 [Forwarding findElement on session 02868bbba554d309fb2bb5a04a97081a to remote] DEBUG org.asynchttpclient.netty.request.NettyRequestSender - Using open Channel [id: 0x0647717a, L:/127.0.0.1:61042 - R:localhost/127.0.0.1:52088] for POST '/session/02868bbba554d309fb2bb5a04a97081a/element'
08:36:43.863 [AsyncHttpClient-1-14] DEBUG org.asynchttpclient.netty.handler.HttpHandler - 

Request DefaultHttpRequest(decodeResult: success, version: HTTP/1.1)
POST /session/02868bbba554d309fb2bb5a04a97081a/element HTTP/1.1
User-Agent: selenium/4.1.2 (java windows)
Content-Length: 86
Content-Type: application/json; charset=utf-8
host: localhost:52088
accept: */*

Response DefaultHttpResponse(decodeResult: success, version: HTTP/1.1)
HTTP/1.1 200 OK
Content-Type: application/json; charset=utf-8
cache-control: no-cache
content-length: 88

08:36:43.863 [AsyncHttpClient-1-14] DEBUG org.asynchttpclient.netty.channel.ChannelManager - Adding key: http://localhost:52088 for channel [id: 0x0647717a, L:/127.0.0.1:61042 - R:localhost/127.0.0.1:52088]
08:36:43.866 [Forwarding isElementDisplayed on session 02868bbba554d309fb2bb5a04a97081a to remote] DEBUG org.asynchttpclient.netty.request.NettyRequestSender - Using pooled Channel '[id: 0x0647717a, L:/127.0.0.1:61042 - R:localhost/127.0.0.1:52088]' for 'POST' to 'http://localhost:52088/session/02868bbba554d309fb2bb5a04a97081a/execute/sync'
08:36:43.866 [Forwarding isElementDisplayed on session 02868bbba554d309fb2bb5a04a97081a to remote] DEBUG org.asynchttpclient.netty.request.NettyRequestSender - Using open Channel [id: 0x0647717a, L:/127.0.0.1:61042 - R:localhost/127.0.0.1:52088] for POST '/session/02868bbba554d309fb2bb5a04a97081a/execute/sync'
08:36:43.881 [AsyncHttpClient-1-14] DEBUG org.asynchttpclient.netty.handler.HttpHandler - 

Request DefaultHttpRequest(decodeResult: success, version: HTTP/1.1)
POST /session/02868bbba554d309fb2bb5a04a97081a/execute/sync HTTP/1.1
User-Agent: selenium/4.1.2 (java windows)
Content-Length: 48780
Content-Type: application/json; charset=utf-8
host: localhost:52088
accept: */*

Response DefaultHttpResponse(decodeResult: success, version: HTTP/1.1)
HTTP/1.1 200 OK
Content-Type: application/json; charset=utf-8
cache-control: no-cache
content-length: 14

08:36:43.882 [AsyncHttpClient-1-14] DEBUG org.asynchttpclient.netty.channel.ChannelManager - Adding key: http://localhost:52088 for channel [id: 0x0647717a, L:/127.0.0.1:61042 - R:localhost/127.0.0.1:52088]
08:36:43.883 [Forwarding findElement on session 02868bbba554d309fb2bb5a04a97081a to remote] DEBUG org.asynchttpclient.netty.request.NettyRequestSender - Using pooled Channel '[id: 0x0647717a, L:/127.0.0.1:61042 - R:localhost/127.0.0.1:52088]' for 'POST' to 'http://localhost:52088/session/02868bbba554d309fb2bb5a04a97081a/element'
08:36:43.883 [Forwarding findElement on session 02868bbba554d309fb2bb5a04a97081a to remote] DEBUG org.asynchttpclient.netty.request.NettyRequestSender - Using open Channel [id: 0x0647717a, L:/127.0.0.1:61042 - R:localhost/127.0.0.1:52088] for POST '/session/02868bbba554d309fb2bb5a04a97081a/element'
08:36:43.897 [AsyncHttpClient-1-14] DEBUG org.asynchttpclient.netty.handler.HttpHandler - 

Request DefaultHttpRequest(decodeResult: success, version: HTTP/1.1)
POST /session/02868bbba554d309fb2bb5a04a97081a/element HTTP/1.1
User-Agent: selenium/4.1.2 (java windows)
Content-Length: 149
Content-Type: application/json; charset=utf-8
host: localhost:52088
accept: */*

Response DefaultHttpResponse(decodeResult: success, version: HTTP/1.1)
HTTP/1.1 200 OK
Content-Type: application/json; charset=utf-8
cache-control: no-cache
content-length: 88

08:36:43.898 [AsyncHttpClient-1-14] DEBUG org.asynchttpclient.netty.channel.ChannelManager - Adding key: http://localhost:52088 for channel [id: 0x0647717a, L:/127.0.0.1:61042 - R:localhost/127.0.0.1:52088]
08:36:43.901 [Forwarding isElementDisplayed on session 02868bbba554d309fb2bb5a04a97081a to remote] DEBUG org.asynchttpclient.netty.request.NettyRequestSender - Using pooled Channel '[id: 0x0647717a, L:/127.0.0.1:61042 - R:localhost/127.0.0.1:52088]' for 'POST' to 'http://localhost:52088/session/02868bbba554d309fb2bb5a04a97081a/execute/sync'
08:36:43.901 [Forwarding isElementDisplayed on session 02868bbba554d309fb2bb5a04a97081a to remote] DEBUG org.asynchttpclient.netty.request.NettyRequestSender - Using open Channel [id: 0x0647717a, L:/127.0.0.1:61042 - R:localhost/127.0.0.1:52088] for POST '/session/02868bbba554d309fb2bb5a04a97081a/execute/sync'
08:36:43.918 [AsyncHttpClient-1-14] DEBUG org.asynchttpclient.netty.handler.HttpHandler - 

Request DefaultHttpRequest(decodeResult: success, version: HTTP/1.1)
POST /session/02868bbba554d309fb2bb5a04a97081a/execute/sync HTTP/1.1
User-Agent: selenium/4.1.2 (java windows)
Content-Length: 48780
Content-Type: application/json; charset=utf-8
host: localhost:52088
accept: */*

Response DefaultHttpResponse(decodeResult: success, version: HTTP/1.1)
HTTP/1.1 200 OK
Content-Type: application/json; charset=utf-8
cache-control: no-cache
content-length: 14

08:36:43.918 [AsyncHttpClient-1-14] DEBUG org.asynchttpclient.netty.channel.ChannelManager - Adding key: http://localhost:52088 for channel [id: 0x0647717a, L:/127.0.0.1:61042 - R:localhost/127.0.0.1:52088]
  &amp#27;[32mThen &amp#27;[0m&amp#27;[32mi get my &amp#27;[0m&amp#27;[32m&amp#27;[1m"Register Page"&amp#27;[0m          &amp#27;[90m# starter.stepdefinitions.registerStep.iGetMy(java.lang.String)&amp#27;[0m
08:36:43.922 [Forwarding screenshot on session 02868bbba554d309fb2bb5a04a97081a to remote] DEBUG org.asynchttpclient.netty.request.NettyRequestSender - Using pooled Channel '[id: 0x0647717a, L:/127.0.0.1:61042 - R:localhost/127.0.0.1:52088]' for 'GET' to 'http://localhost:52088/session/02868bbba554d309fb2bb5a04a97081a/screenshot'
08:36:43.922 [Forwarding screenshot on session 02868bbba554d309fb2bb5a04a97081a to remote] DEBUG org.asynchttpclient.netty.request.NettyRequestSender - Using open Channel [id: 0x0647717a, L:/127.0.0.1:61042 - R:localhost/127.0.0.1:52088] for GET '/session/02868bbba554d309fb2bb5a04a97081a/screenshot'
08:36:44.095 [AsyncHttpClient-1-14] DEBUG org.asynchttpclient.netty.handler.HttpHandler - 

Request DefaultFullHttpRequest(decodeResult: success, version: HTTP/1.1, content: EmptyByteBufBE)
GET /session/02868bbba554d309fb2bb5a04a97081a/screenshot HTTP/1.1
User-Agent: selenium/4.1.2 (java windows)
Cache-Control: no-cache
Content-Type: application/json; charset=utf-8
host: localhost:52088
accept: */*

Response DefaultHttpResponse(decodeResult: success, version: HTTP/1.1)
HTTP/1.1 200 OK
Content-Type: application/json; charset=utf-8
cache-control: no-cache
content-length: 52432

08:36:44.095 [AsyncHttpClient-1-14] DEBUG org.asynchttpclient.netty.channel.ChannelManager - Adding key: http://localhost:52088 for channel [id: 0x0647717a, L:/127.0.0.1:61042 - R:localhost/127.0.0.1:52088]
08:36:44.097 [main] DEBUG net.serenitybdd.core.photography.Darkroom - Send negative for processing for target\site\serenity\35dcd2bf2eab8e94a021c74c2a986f92e8ea4716bf7c166ab14a51d4448d5808.png
08:36:44.097 [Darkroom Processing Line] DEBUG net.serenitybdd.core.photography.DarkroomProcessingLine - Processing screenshot image in /var/screenshots/screenshot-11185449664364579740
08:36:44.097 [Darkroom Processing Line] DEBUG net.serenitybdd.core.photography.DarkroomProcessingLine - Saving screenshot to target\site\serenity\35dcd2bf2eab8e94a021c74c2a986f92e8ea4716bf7c166ab14a51d4448d5808.png
08:36:44.102 [AsyncHttpClient-1-16] DEBUG org.asynchttpclient.netty.handler.WebSocketHandler - Channel Closed: [id: 0xaa21db5e, L:/127.0.0.1:61057 ! R:localhost/127.0.0.1:61045] with attribute NettyResponseFuture{currentRetry=5,
	isDone=1,
	isCancelled=0,
	asyncHandler=org.asynchttpclient.ws.WebSocketUpgradeHandler@15a7c13e,
	nettyRequest=org.asynchttpclient.netty.request.NettyRequest@50bb1b68,
	future=java.util.concurrent.CompletableFuture@f3a5223[Completed normally],
	uri=ws://localhost:61045/devtools/browser/42fa095f-4fa7-4617-8d35-8359d0280707,
	keepAlive=true,
	redirectCount=0,
	timeoutsHolder=null,
	inAuth=0,
	touch=1652837794767}
08:36:44.102 [AsyncHttpClient-1-16] DEBUG org.asynchttpclient.netty.channel.ChannelManager - Closing Channel [id: 0xaa21db5e, L:/127.0.0.1:61057 ! R:localhost/127.0.0.1:61045] 
08:36:44.102 [Driver Command Executor] DEBUG org.asynchttpclient.netty.request.NettyRequestSender - Using pooled Channel '[id: 0x0647717a, L:/127.0.0.1:61042 - R:localhost/127.0.0.1:52088]' for 'DELETE' to 'http://localhost:52088/session/02868bbba554d309fb2bb5a04a97081a'
08:36:44.102 [Driver Command Executor] DEBUG org.asynchttpclient.netty.request.NettyRequestSender - Using open Channel [id: 0x0647717a, L:/127.0.0.1:61042 - R:localhost/127.0.0.1:52088] for DELETE '/session/02868bbba554d309fb2bb5a04a97081a'
08:36:44.742 [AsyncHttpClient-1-1] DEBUG org.asynchttpclient.netty.channel.DefaultChannelPool - Entry count for : http://localhost:61045 : 1
08:36:45.827 [AsyncHttpClient-1-1] DEBUG org.asynchttpclient.netty.channel.DefaultChannelPool - Entry count for : http://localhost:61045 : 1
08:36:46.416 [AsyncHttpClient-1-15] DEBUG org.asynchttpclient.netty.handler.HttpHandler - Unexpected I/O exception on channel [id: 0x0ecdff36, L:/127.0.0.1:61056 - R:localhost/127.0.0.1:61045]
java.net.SocketException: Connection reset
	at java.base/sun.nio.ch.SocketChannelImpl.throwConnectionReset(SocketChannelImpl.java:367)
	at java.base/sun.nio.ch.SocketChannelImpl.read(SocketChannelImpl.java:398)
	at io.netty.buffer.PooledByteBuf.setBytes(PooledByteBuf.java:258)
	at io.netty.buffer.AbstractByteBuf.writeBytes(AbstractByteBuf.java:1132)
	at io.netty.channel.socket.nio.NioSocketChannel.doReadBytes(NioSocketChannel.java:350)
	at io.netty.channel.nio.AbstractNioByteChannel$NioByteUnsafe.read(AbstractNioByteChannel.java:151)
	at io.netty.channel.nio.NioEventLoop.processSelectedKey(NioEventLoop.java:722)
	at io.netty.channel.nio.NioEventLoop.processSelectedKeysOptimized(NioEventLoop.java:658)
	at io.netty.channel.nio.NioEventLoop.processSelectedKeys(NioEventLoop.java:584)
	at io.netty.channel.nio.NioEventLoop.run(NioEventLoop.java:496)
	at io.netty.util.concurrent.SingleThreadEventExecutor$4.run(SingleThreadEventExecutor.java:986)
	at io.netty.util.internal.ThreadExecutorMap$2.run(ThreadExecutorMap.java:74)
	at io.netty.util.concurrent.FastThreadLocalRunnable.run(FastThreadLocalRunnable.java:30)
	at java.base/java.lang.Thread.run(Thread.java:832)
08:36:46.417 [AsyncHttpClient-1-15] DEBUG org.asynchttpclient.netty.channel.ChannelManager - Closing Channel [id: 0x0ecdff36, L:/127.0.0.1:61056 - R:localhost/127.0.0.1:61045] 
08:36:46.417 [AsyncHttpClient-1-15] DEBUG org.asynchttpclient.netty.handler.HttpHandler - Channel Closed: [id: 0x0ecdff36, L:/127.0.0.1:61056 ! R:localhost/127.0.0.1:61045] with attribute DISCARD
08:36:46.436 [AsyncHttpClient-1-14] DEBUG org.asynchttpclient.netty.handler.HttpHandler - 

Request DefaultFullHttpRequest(decodeResult: success, version: HTTP/1.1, content: EmptyByteBufBE)
DELETE /session/02868bbba554d309fb2bb5a04a97081a HTTP/1.1
User-Agent: selenium/4.1.2 (java windows)
Content-Type: application/json; charset=utf-8
host: localhost:52088
accept: */*

Response DefaultHttpResponse(decodeResult: success, version: HTTP/1.1)
HTTP/1.1 200 OK
Content-Type: application/json; charset=utf-8
cache-control: no-cache
content-length: 14

08:36:46.436 [AsyncHttpClient-1-14] DEBUG org.asynchttpclient.netty.channel.ChannelManager - Adding key: http://localhost:52088 for channel [id: 0x0647717a, L:/127.0.0.1:61042 - R:localhost/127.0.0.1:52088]
08:36:46.522 [AsyncHttpClient-1-14] DEBUG org.asynchttpclient.netty.handler.HttpHandler - Channel Closed: [id: 0x0647717a, L:/127.0.0.1:61042 ! R:localhost/127.0.0.1:52088] with attribute DISCARD
08:36:46.932 [AsyncHttpClient-1-1] DEBUG org.asynchttpclient.netty.channel.DefaultChannelPool - Entry count for : http://localhost:52088 : 1
08:36:46.932 [AsyncHttpClient-1-1] DEBUG org.asynchttpclient.netty.channel.DefaultChannelPool - Entry count for : http://localhost:61045 : 1
08:36:46.932 [AsyncHttpClient-1-1] DEBUG org.asynchttpclient.netty.channel.DefaultChannelPool - Adding Candidate expired Channel [id: 0x0647717a, L:/127.0.0.1:61042 ! R:localhost/127.0.0.1:52088] isIdleTimeoutExpired=false isRemotelyClosed=true isTtlExpired=false
08:36:46.932 [AsyncHttpClient-1-1] DEBUG org.asynchttpclient.netty.channel.DefaultChannelPool - Closing Idle Channel [id: 0x0647717a, L:/127.0.0.1:61042 ! R:localhost/127.0.0.1:52088]
08:36:46.932 [AsyncHttpClient-1-1] DEBUG org.asynchttpclient.netty.channel.DefaultChannelPool - Adding Candidate expired Channel [id: 0x0ecdff36, L:/127.0.0.1:61056 ! R:localhost/127.0.0.1:61045] isIdleTimeoutExpired=false isRemotelyClosed=true isTtlExpired=false
08:36:46.932 [AsyncHttpClient-1-1] DEBUG org.asynchttpclient.netty.channel.DefaultChannelPool - Closing Idle Channel [id: 0x0ecdff36, L:/127.0.0.1:61056 ! R:localhost/127.0.0.1:61045]
08:36:46.932 [AsyncHttpClient-1-1] DEBUG org.asynchttpclient.netty.channel.DefaultChannelPool - Closed 2 connections out of 2 in 0 ms
]]></system-out>
    <system-err><![CDATA[Starting ChromeDriver 101.0.4951.41 (93c720db8323b3ec10d056025ab95c23a31997c9-refs/branch-heads/4951@{#904}) on port 52088
Only local connections are allowed.
Please see https://chromedriver.chromium.org/security-considerations for suggestions on keeping ChromeDriver safe.
ChromeDriver was started successfully.
May 18, 2022 8:36:34 AM org.openqa.selenium.remote.ProtocolHandshake createSession
INFO: Detected dialect: W3C
May 18, 2022 8:36:34 AM org.openqa.selenium.devtools.CdpVersionFinder findNearestMatch
WARNING: Unable to find an exact match for CDP version 101, so returning the closest version found: 97
May 18, 2022 8:36:34 AM org.openqa.selenium.devtools.CdpVersionFinder findNearestMatch
INFO: Found CDP implementation for version 101 of 97
]]></system-err>
  </testcase>
  <testcase name="Registration scenario #10" classname="Registration" time="16.482">
    <system-out><![CDATA[
@register
Scenario Outline: Registration scenario  &amp#27;[90m# src/test/resources/features/register.feature:29&amp#27;[0m
08:36:47.049 [main] INFO io.cucumber.core.plugin.SerenityReporter - Running feature from file:///D:/PERKULIAHAN/Semester%206,Hebatt%20glad!/Altera/QE_Gladys-Cindana-Asri-Pardosi/Mini-Project/Web/src/test/resources/features/register.feature
08:36:47.057 [main] INFO net.serenitybdd.core.webdriver.driverproviders.ChromeDriverProvider - Using automatically driver download
08:36:47.189 [main] DEBUG io.github.bonigarcia.wdm.cache.ResolutionCache - Resolution chrome=101 in cache (valid until 09:23:35 18/05/2022 WIB)
08:36:47.193 [main] DEBUG io.github.bonigarcia.wdm.cache.ResolutionCache - Resolution chrome101=101.0.4951.41 in cache (valid until 18:48:44 18/05/2022 WIB)
08:36:47.195 [main] INFO io.github.bonigarcia.wdm.WebDriverManager - Using chromedriver 101.0.4951.41 (resolved driver for Chrome 101)
08:36:47.206 [main] DEBUG io.github.bonigarcia.wdm.WebDriverManager - Driver chromedriver 101.0.4951.41 found in cache
08:36:47.206 [main] INFO io.github.bonigarcia.wdm.WebDriverManager - Exporting webdriver.chrome.driver as C:\Users\ASUS\.cache\selenium\chromedriver\win32\101.0.4951.41\chromedriver.exe
08:36:47.316 [main] DEBUG net.serenitybdd.core.webdriver.driverproviders.ProvideNewDriver - Instantiating driver
08:36:47.316 [main] DEBUG net.serenitybdd.core.webdriver.driverproviders.ProvideNewDriver - Driver capabilities: Capabilities {acceptInsecureCerts: false, base.url: , browserName: chrome, goog:chromeOptions: {args: [], extensions: []}}
08:36:47.856 [AsyncHttpClient-1-17] DEBUG org.asynchttpclient.netty.channel.NettyConnectListener - Using new Channel '[id: 0xeb6dbea6, L:/127.0.0.1:61096 - R:localhost/127.0.0.1:51739]' for 'POST' to '/session'
08:36:48.893 [AsyncHttpClient-1-17] DEBUG org.asynchttpclient.netty.handler.HttpHandler - 

Request DefaultHttpRequest(decodeResult: success, version: HTTP/1.1)
POST /session HTTP/1.1
User-Agent: selenium/4.1.2 (java windows)
Content-Length: 457
Content-Type: application/json; charset=utf-8
host: localhost:51739
accept: */*

Response DefaultHttpResponse(decodeResult: success, version: HTTP/1.1)
HTTP/1.1 200 OK
Content-Type: application/json; charset=utf-8
cache-control: no-cache
content-length: 788

08:36:48.893 [AsyncHttpClient-1-17] DEBUG org.asynchttpclient.netty.channel.ChannelManager - Adding key: http://localhost:51739 for channel [id: 0xeb6dbea6, L:/127.0.0.1:61096 - R:localhost/127.0.0.1:51739]
08:36:48.899 [AsyncHttpClient-1-2] DEBUG org.asynchttpclient.netty.channel.NettyConnectListener - Using new Channel '[id: 0x01f953c7, L:/127.0.0.1:61106 - R:localhost/127.0.0.1:61097]' for 'GET' to '/json/version'
08:36:48.900 [AsyncHttpClient-1-2] DEBUG org.asynchttpclient.netty.handler.HttpHandler - 

Request DefaultFullHttpRequest(decodeResult: success, version: HTTP/1.1, content: EmptyByteBufBE)
GET /json/version HTTP/1.1
User-Agent: selenium/4.1.2 (java windows)
host: localhost:61097
accept: */*

Response DefaultHttpResponse(decodeResult: success, version: HTTP/1.1)
HTTP/1.1 200 OK
Content-Type: application/json; charset=UTF-8
content-length: 427

08:36:48.900 [AsyncHttpClient-1-2] DEBUG org.asynchttpclient.netty.channel.ChannelManager - Adding key: http://localhost:61097 for channel [id: 0x01f953c7, L:/127.0.0.1:61106 - R:localhost/127.0.0.1:61097]
08:36:48.902 [AsyncHttpClient-1-3] DEBUG org.asynchttpclient.netty.channel.NettyConnectListener - Using new Channel '[id: 0x5dec2a48, L:/127.0.0.1:61107 - R:localhost/127.0.0.1:61097]' for 'GET' to '/devtools/browser/9f26cb93-17cf-4c2d-8b87-63888efe5dbf'
08:36:48.902 [AsyncHttpClient-1-3] DEBUG org.asynchttpclient.netty.handler.WebSocketHandler - 

Request DefaultFullHttpRequest(decodeResult: success, version: HTTP/1.1, content: EmptyByteBufBE)
GET /devtools/browser/9f26cb93-17cf-4c2d-8b87-63888efe5dbf HTTP/1.1
upgrade: websocket
connection: upgrade
sec-websocket-key: WoqYzGy7VqyGU9yDNSLkZw==
sec-websocket-version: 13
origin: http://localhost:61097
host: localhost:61097
accept: */*
user-agent: AHC/2.1

Response DefaultHttpResponse(decodeResult: success, version: HTTP/1.1)
HTTP/1.1 101 WebSocket Protocol Handshake
Upgrade: WebSocket
Connection: Upgrade
Sec-WebSocket-Accept: A5LFYzKBgESkdo6yoL6NwbPowFo=

08:36:48.905 [Forwarding get on session c1e3f2d7ab857235f833bbb4819fb008 to remote] DEBUG org.asynchttpclient.netty.request.NettyRequestSender - Using pooled Channel '[id: 0xeb6dbea6, L:/127.0.0.1:61096 - R:localhost/127.0.0.1:51739]' for 'POST' to 'http://localhost:51739/session/c1e3f2d7ab857235f833bbb4819fb008/url'
08:36:48.905 [Forwarding get on session c1e3f2d7ab857235f833bbb4819fb008 to remote] DEBUG org.asynchttpclient.netty.request.NettyRequestSender - Using open Channel [id: 0xeb6dbea6, L:/127.0.0.1:61096 - R:localhost/127.0.0.1:51739] for POST '/session/c1e3f2d7ab857235f833bbb4819fb008/url'
08:36:49.129 [AsyncHttpClient-1-1] DEBUG org.asynchttpclient.netty.channel.DefaultChannelPool - Entry count for : http://localhost:61097 : 1
08:36:50.227 [AsyncHttpClient-1-1] DEBUG org.asynchttpclient.netty.channel.DefaultChannelPool - Entry count for : http://localhost:61097 : 1
08:36:51.332 [AsyncHttpClient-1-1] DEBUG org.asynchttpclient.netty.channel.DefaultChannelPool - Entry count for : http://localhost:61097 : 1
08:36:52.435 [AsyncHttpClient-1-1] DEBUG org.asynchttpclient.netty.channel.DefaultChannelPool - Entry count for : http://localhost:61097 : 1
08:36:53.531 [AsyncHttpClient-1-1] DEBUG org.asynchttpclient.netty.channel.DefaultChannelPool - Entry count for : http://localhost:61097 : 1
08:36:54.629 [AsyncHttpClient-1-1] DEBUG org.asynchttpclient.netty.channel.DefaultChannelPool - Entry count for : http://localhost:61097 : 1
08:36:55.735 [AsyncHttpClient-1-1] DEBUG org.asynchttpclient.netty.channel.DefaultChannelPool - Entry count for : http://localhost:61097 : 1
08:36:55.918 [AsyncHttpClient-1-17] DEBUG org.asynchttpclient.netty.handler.HttpHandler - 

Request DefaultHttpRequest(decodeResult: success, version: HTTP/1.1)
POST /session/c1e3f2d7ab857235f833bbb4819fb008/url HTTP/1.1
User-Agent: selenium/4.1.2 (java windows)
Content-Length: 49
Content-Type: application/json; charset=utf-8
host: localhost:51739
accept: */*

Response DefaultHttpResponse(decodeResult: success, version: HTTP/1.1)
HTTP/1.1 200 OK
Content-Type: application/json; charset=utf-8
cache-control: no-cache
content-length: 14

08:36:55.918 [AsyncHttpClient-1-17] DEBUG org.asynchttpclient.netty.channel.ChannelManager - Adding key: http://localhost:51739 for channel [id: 0xeb6dbea6, L:/127.0.0.1:61096 - R:localhost/127.0.0.1:51739]
08:36:55.919 [Forwarding setTimeout on session c1e3f2d7ab857235f833bbb4819fb008 to remote] DEBUG org.asynchttpclient.netty.request.NettyRequestSender - Using pooled Channel '[id: 0xeb6dbea6, L:/127.0.0.1:61096 - R:localhost/127.0.0.1:51739]' for 'POST' to 'http://localhost:51739/session/c1e3f2d7ab857235f833bbb4819fb008/timeouts'
08:36:55.919 [Forwarding setTimeout on session c1e3f2d7ab857235f833bbb4819fb008 to remote] DEBUG org.asynchttpclient.netty.request.NettyRequestSender - Using open Channel [id: 0xeb6dbea6, L:/127.0.0.1:61096 - R:localhost/127.0.0.1:51739] for POST '/session/c1e3f2d7ab857235f833bbb4819fb008/timeouts'
08:36:55.920 [AsyncHttpClient-1-17] DEBUG org.asynchttpclient.netty.handler.HttpHandler - 

Request DefaultHttpRequest(decodeResult: success, version: HTTP/1.1)
POST /session/c1e3f2d7ab857235f833bbb4819fb008/timeouts HTTP/1.1
User-Agent: selenium/4.1.2 (java windows)
Content-Length: 22
Content-Type: application/json; charset=utf-8
host: localhost:51739
accept: */*

Response DefaultHttpResponse(decodeResult: success, version: HTTP/1.1)
HTTP/1.1 200 OK
Content-Type: application/json; charset=utf-8
cache-control: no-cache
content-length: 14

08:36:55.920 [AsyncHttpClient-1-17] DEBUG org.asynchttpclient.netty.channel.ChannelManager - Adding key: http://localhost:51739 for channel [id: 0xeb6dbea6, L:/127.0.0.1:61096 - R:localhost/127.0.0.1:51739]
08:36:55.921 [Forwarding getCurrentUrl on session c1e3f2d7ab857235f833bbb4819fb008 to remote] DEBUG org.asynchttpclient.netty.request.NettyRequestSender - Using pooled Channel '[id: 0xeb6dbea6, L:/127.0.0.1:61096 - R:localhost/127.0.0.1:51739]' for 'GET' to 'http://localhost:51739/session/c1e3f2d7ab857235f833bbb4819fb008/url'
08:36:55.921 [Forwarding getCurrentUrl on session c1e3f2d7ab857235f833bbb4819fb008 to remote] DEBUG org.asynchttpclient.netty.request.NettyRequestSender - Using open Channel [id: 0xeb6dbea6, L:/127.0.0.1:61096 - R:localhost/127.0.0.1:51739] for GET '/session/c1e3f2d7ab857235f833bbb4819fb008/url'
08:36:55.926 [AsyncHttpClient-1-17] DEBUG org.asynchttpclient.netty.handler.HttpHandler - 

Request DefaultFullHttpRequest(decodeResult: success, version: HTTP/1.1, content: EmptyByteBufBE)
GET /session/c1e3f2d7ab857235f833bbb4819fb008/url HTTP/1.1
User-Agent: selenium/4.1.2 (java windows)
Cache-Control: no-cache
Content-Type: application/json; charset=utf-8
host: localhost:51739
accept: */*

Response DefaultHttpResponse(decodeResult: success, version: HTTP/1.1)
HTTP/1.1 200 OK
Content-Type: application/json; charset=utf-8
cache-control: no-cache
content-length: 31

08:36:55.926 [AsyncHttpClient-1-17] DEBUG org.asynchttpclient.netty.channel.ChannelManager - Adding key: http://localhost:51739 for channel [id: 0xeb6dbea6, L:/127.0.0.1:61096 - R:localhost/127.0.0.1:51739]
  &amp#27;[32mGiven &amp#27;[0m&amp#27;[32mi access the web&amp#27;[0m                 &amp#27;[90m# starter.stepdefinitions.registerStep.iAccessTheWeb()&amp#27;[0m
08:36:55.930 [Forwarding screenshot on session c1e3f2d7ab857235f833bbb4819fb008 to remote] DEBUG org.asynchttpclient.netty.request.NettyRequestSender - Using pooled Channel '[id: 0xeb6dbea6, L:/127.0.0.1:61096 - R:localhost/127.0.0.1:51739]' for 'GET' to 'http://localhost:51739/session/c1e3f2d7ab857235f833bbb4819fb008/screenshot'
08:36:55.930 [Forwarding screenshot on session c1e3f2d7ab857235f833bbb4819fb008 to remote] DEBUG org.asynchttpclient.netty.request.NettyRequestSender - Using open Channel [id: 0xeb6dbea6, L:/127.0.0.1:61096 - R:localhost/127.0.0.1:51739] for GET '/session/c1e3f2d7ab857235f833bbb4819fb008/screenshot'
08:36:56.173 [AsyncHttpClient-1-17] DEBUG org.asynchttpclient.netty.handler.HttpHandler - 

Request DefaultFullHttpRequest(decodeResult: success, version: HTTP/1.1, content: EmptyByteBufBE)
GET /session/c1e3f2d7ab857235f833bbb4819fb008/screenshot HTTP/1.1
User-Agent: selenium/4.1.2 (java windows)
Cache-Control: no-cache
Content-Type: application/json; charset=utf-8
host: localhost:51739
accept: */*

Response DefaultHttpResponse(decodeResult: success, version: HTTP/1.1)
HTTP/1.1 200 OK
Content-Type: application/json; charset=utf-8
cache-control: no-cache
content-length: 41456

08:36:56.173 [AsyncHttpClient-1-17] DEBUG org.asynchttpclient.netty.channel.ChannelManager - Adding key: http://localhost:51739 for channel [id: 0xeb6dbea6, L:/127.0.0.1:61096 - R:localhost/127.0.0.1:51739]
08:36:56.175 [main] DEBUG net.serenitybdd.core.photography.Darkroom - Send negative for processing for target\site\serenity\7b89a6586ec28014e76e7dabba559434ccf2b0ef996afa1b6ddb2baccb9449c3.png
08:36:56.175 [Darkroom Processing Line] DEBUG net.serenitybdd.core.photography.DarkroomProcessingLine - Processing screenshot image in /var/screenshots/screenshot-1074828372492674663
08:36:56.175 [Darkroom Processing Line] DEBUG net.serenitybdd.core.photography.DarkroomProcessingLine - Saving screenshot to target\site\serenity\7b89a6586ec28014e76e7dabba559434ccf2b0ef996afa1b6ddb2baccb9449c3.png
08:36:56.180 [Forwarding findElement on session c1e3f2d7ab857235f833bbb4819fb008 to remote] DEBUG org.asynchttpclient.netty.request.NettyRequestSender - Using pooled Channel '[id: 0xeb6dbea6, L:/127.0.0.1:61096 - R:localhost/127.0.0.1:51739]' for 'POST' to 'http://localhost:51739/session/c1e3f2d7ab857235f833bbb4819fb008/element'
08:36:56.180 [Forwarding findElement on session c1e3f2d7ab857235f833bbb4819fb008 to remote] DEBUG org.asynchttpclient.netty.request.NettyRequestSender - Using open Channel [id: 0xeb6dbea6, L:/127.0.0.1:61096 - R:localhost/127.0.0.1:51739] for POST '/session/c1e3f2d7ab857235f833bbb4819fb008/element'
08:36:56.192 [AsyncHttpClient-1-17] DEBUG org.asynchttpclient.netty.handler.HttpHandler - 

Request DefaultHttpRequest(decodeResult: success, version: HTTP/1.1)
POST /session/c1e3f2d7ab857235f833bbb4819fb008/element HTTP/1.1
User-Agent: selenium/4.1.2 (java windows)
Content-Length: 170
Content-Type: application/json; charset=utf-8
host: localhost:51739
accept: */*

Response DefaultHttpResponse(decodeResult: success, version: HTTP/1.1)
HTTP/1.1 200 OK
Content-Type: application/json; charset=utf-8
cache-control: no-cache
content-length: 88

08:36:56.193 [AsyncHttpClient-1-17] DEBUG org.asynchttpclient.netty.channel.ChannelManager - Adding key: http://localhost:51739 for channel [id: 0xeb6dbea6, L:/127.0.0.1:61096 - R:localhost/127.0.0.1:51739]
08:36:56.194 [Forwarding getElementTagName on session c1e3f2d7ab857235f833bbb4819fb008 to remote] DEBUG org.asynchttpclient.netty.request.NettyRequestSender - Using pooled Channel '[id: 0xeb6dbea6, L:/127.0.0.1:61096 - R:localhost/127.0.0.1:51739]' for 'GET' to 'http://localhost:51739/session/c1e3f2d7ab857235f833bbb4819fb008/element/2d210e39-c7a4-45b8-a82a-1504eab65ec9/name'
08:36:56.194 [Forwarding getElementTagName on session c1e3f2d7ab857235f833bbb4819fb008 to remote] DEBUG org.asynchttpclient.netty.request.NettyRequestSender - Using open Channel [id: 0xeb6dbea6, L:/127.0.0.1:61096 - R:localhost/127.0.0.1:51739] for GET '/session/c1e3f2d7ab857235f833bbb4819fb008/element/2d210e39-c7a4-45b8-a82a-1504eab65ec9/name'
08:36:56.198 [AsyncHttpClient-1-17] DEBUG org.asynchttpclient.netty.handler.HttpHandler - 

Request DefaultFullHttpRequest(decodeResult: success, version: HTTP/1.1, content: EmptyByteBufBE)
GET /session/c1e3f2d7ab857235f833bbb4819fb008/element/2d210e39-c7a4-45b8-a82a-1504eab65ec9/name HTTP/1.1
User-Agent: selenium/4.1.2 (java windows)
Cache-Control: no-cache
Content-Type: application/json; charset=utf-8
host: localhost:51739
accept: */*

Response DefaultHttpResponse(decodeResult: success, version: HTTP/1.1)
HTTP/1.1 200 OK
Content-Type: application/json; charset=utf-8
cache-control: no-cache
content-length: 13

08:36:56.199 [AsyncHttpClient-1-17] DEBUG org.asynchttpclient.netty.channel.ChannelManager - Adding key: http://localhost:51739 for channel [id: 0xeb6dbea6, L:/127.0.0.1:61096 - R:localhost/127.0.0.1:51739]
08:36:56.199 [Forwarding getElementTagName on session c1e3f2d7ab857235f833bbb4819fb008 to remote] DEBUG org.asynchttpclient.netty.request.NettyRequestSender - Using pooled Channel '[id: 0xeb6dbea6, L:/127.0.0.1:61096 - R:localhost/127.0.0.1:51739]' for 'GET' to 'http://localhost:51739/session/c1e3f2d7ab857235f833bbb4819fb008/element/2d210e39-c7a4-45b8-a82a-1504eab65ec9/name'
08:36:56.199 [Forwarding getElementTagName on session c1e3f2d7ab857235f833bbb4819fb008 to remote] DEBUG org.asynchttpclient.netty.request.NettyRequestSender - Using open Channel [id: 0xeb6dbea6, L:/127.0.0.1:61096 - R:localhost/127.0.0.1:51739] for GET '/session/c1e3f2d7ab857235f833bbb4819fb008/element/2d210e39-c7a4-45b8-a82a-1504eab65ec9/name'
08:36:56.203 [AsyncHttpClient-1-17] DEBUG org.asynchttpclient.netty.handler.HttpHandler - 

Request DefaultFullHttpRequest(decodeResult: success, version: HTTP/1.1, content: EmptyByteBufBE)
GET /session/c1e3f2d7ab857235f833bbb4819fb008/element/2d210e39-c7a4-45b8-a82a-1504eab65ec9/name HTTP/1.1
User-Agent: selenium/4.1.2 (java windows)
Cache-Control: no-cache
Content-Type: application/json; charset=utf-8
host: localhost:51739
accept: */*

Response DefaultHttpResponse(decodeResult: success, version: HTTP/1.1)
HTTP/1.1 200 OK
Content-Type: application/json; charset=utf-8
cache-control: no-cache
content-length: 13

08:36:56.203 [AsyncHttpClient-1-17] DEBUG org.asynchttpclient.netty.channel.ChannelManager - Adding key: http://localhost:51739 for channel [id: 0xeb6dbea6, L:/127.0.0.1:61096 - R:localhost/127.0.0.1:51739]
08:36:56.204 [Forwarding findElement on session c1e3f2d7ab857235f833bbb4819fb008 to remote] DEBUG org.asynchttpclient.netty.request.NettyRequestSender - Using pooled Channel '[id: 0xeb6dbea6, L:/127.0.0.1:61096 - R:localhost/127.0.0.1:51739]' for 'POST' to 'http://localhost:51739/session/c1e3f2d7ab857235f833bbb4819fb008/element'
08:36:56.204 [Forwarding findElement on session c1e3f2d7ab857235f833bbb4819fb008 to remote] DEBUG org.asynchttpclient.netty.request.NettyRequestSender - Using open Channel [id: 0xeb6dbea6, L:/127.0.0.1:61096 - R:localhost/127.0.0.1:51739] for POST '/session/c1e3f2d7ab857235f833bbb4819fb008/element'
08:36:56.212 [AsyncHttpClient-1-17] DEBUG org.asynchttpclient.netty.handler.HttpHandler - 

Request DefaultHttpRequest(decodeResult: success, version: HTTP/1.1)
POST /session/c1e3f2d7ab857235f833bbb4819fb008/element HTTP/1.1
User-Agent: selenium/4.1.2 (java windows)
Content-Length: 170
Content-Type: application/json; charset=utf-8
host: localhost:51739
accept: */*

Response DefaultHttpResponse(decodeResult: success, version: HTTP/1.1)
HTTP/1.1 200 OK
Content-Type: application/json; charset=utf-8
cache-control: no-cache
content-length: 88

08:36:56.212 [AsyncHttpClient-1-17] DEBUG org.asynchttpclient.netty.channel.ChannelManager - Adding key: http://localhost:51739 for channel [id: 0xeb6dbea6, L:/127.0.0.1:61096 - R:localhost/127.0.0.1:51739]
08:36:56.212 [Forwarding clickElement on session c1e3f2d7ab857235f833bbb4819fb008 to remote] DEBUG org.asynchttpclient.netty.request.NettyRequestSender - Using pooled Channel '[id: 0xeb6dbea6, L:/127.0.0.1:61096 - R:localhost/127.0.0.1:51739]' for 'POST' to 'http://localhost:51739/session/c1e3f2d7ab857235f833bbb4819fb008/element/2d210e39-c7a4-45b8-a82a-1504eab65ec9/click'
08:36:56.212 [Forwarding clickElement on session c1e3f2d7ab857235f833bbb4819fb008 to remote] DEBUG org.asynchttpclient.netty.request.NettyRequestSender - Using open Channel [id: 0xeb6dbea6, L:/127.0.0.1:61096 - R:localhost/127.0.0.1:51739] for POST '/session/c1e3f2d7ab857235f833bbb4819fb008/element/2d210e39-c7a4-45b8-a82a-1504eab65ec9/click'
08:36:56.831 [AsyncHttpClient-1-1] DEBUG org.asynchttpclient.netty.channel.DefaultChannelPool - Entry count for : http://localhost:61097 : 1
08:36:57.282 [AsyncHttpClient-1-17] DEBUG org.asynchttpclient.netty.handler.HttpHandler - 

Request DefaultHttpRequest(decodeResult: success, version: HTTP/1.1)
POST /session/c1e3f2d7ab857235f833bbb4819fb008/element/2d210e39-c7a4-45b8-a82a-1504eab65ec9/click HTTP/1.1
User-Agent: selenium/4.1.2 (java windows)
Content-Length: 50
Content-Type: application/json; charset=utf-8
host: localhost:51739
accept: */*

Response DefaultHttpResponse(decodeResult: success, version: HTTP/1.1)
HTTP/1.1 200 OK
Content-Type: application/json; charset=utf-8
cache-control: no-cache
content-length: 14

08:36:57.283 [AsyncHttpClient-1-17] DEBUG org.asynchttpclient.netty.channel.ChannelManager - Adding key: http://localhost:51739 for channel [id: 0xeb6dbea6, L:/127.0.0.1:61096 - R:localhost/127.0.0.1:51739]
08:36:57.285 [Forwarding get on session c1e3f2d7ab857235f833bbb4819fb008 to remote] DEBUG org.asynchttpclient.netty.request.NettyRequestSender - Using pooled Channel '[id: 0xeb6dbea6, L:/127.0.0.1:61096 - R:localhost/127.0.0.1:51739]' for 'POST' to 'http://localhost:51739/session/c1e3f2d7ab857235f833bbb4819fb008/url'
08:36:57.285 [Forwarding get on session c1e3f2d7ab857235f833bbb4819fb008 to remote] DEBUG org.asynchttpclient.netty.request.NettyRequestSender - Using open Channel [id: 0xeb6dbea6, L:/127.0.0.1:61096 - R:localhost/127.0.0.1:51739] for POST '/session/c1e3f2d7ab857235f833bbb4819fb008/url'
08:36:57.848 [AsyncHttpClient-1-17] DEBUG org.asynchttpclient.netty.handler.HttpHandler - 

Request DefaultHttpRequest(decodeResult: success, version: HTTP/1.1)
POST /session/c1e3f2d7ab857235f833bbb4819fb008/url HTTP/1.1
User-Agent: selenium/4.1.2 (java windows)
Content-Length: 67
Content-Type: application/json; charset=utf-8
host: localhost:51739
accept: */*

Response DefaultHttpResponse(decodeResult: success, version: HTTP/1.1)
HTTP/1.1 200 OK
Content-Type: application/json; charset=utf-8
cache-control: no-cache
content-length: 14

08:36:57.848 [AsyncHttpClient-1-17] DEBUG org.asynchttpclient.netty.channel.ChannelManager - Adding key: http://localhost:51739 for channel [id: 0xeb6dbea6, L:/127.0.0.1:61096 - R:localhost/127.0.0.1:51739]
08:36:57.849 [Forwarding getCurrentUrl on session c1e3f2d7ab857235f833bbb4819fb008 to remote] DEBUG org.asynchttpclient.netty.request.NettyRequestSender - Using pooled Channel '[id: 0xeb6dbea6, L:/127.0.0.1:61096 - R:localhost/127.0.0.1:51739]' for 'GET' to 'http://localhost:51739/session/c1e3f2d7ab857235f833bbb4819fb008/url'
08:36:57.849 [Forwarding getCurrentUrl on session c1e3f2d7ab857235f833bbb4819fb008 to remote] DEBUG org.asynchttpclient.netty.request.NettyRequestSender - Using open Channel [id: 0xeb6dbea6, L:/127.0.0.1:61096 - R:localhost/127.0.0.1:51739] for GET '/session/c1e3f2d7ab857235f833bbb4819fb008/url'
08:36:57.853 [AsyncHttpClient-1-17] DEBUG org.asynchttpclient.netty.handler.HttpHandler - 

Request DefaultFullHttpRequest(decodeResult: success, version: HTTP/1.1, content: EmptyByteBufBE)
GET /session/c1e3f2d7ab857235f833bbb4819fb008/url HTTP/1.1
User-Agent: selenium/4.1.2 (java windows)
Cache-Control: no-cache
Content-Type: application/json; charset=utf-8
host: localhost:51739
accept: */*

Response DefaultHttpResponse(decodeResult: success, version: HTTP/1.1)
HTTP/1.1 200 OK
Content-Type: application/json; charset=utf-8
cache-control: no-cache
content-length: 44

08:36:57.853 [AsyncHttpClient-1-17] DEBUG org.asynchttpclient.netty.channel.ChannelManager - Adding key: http://localhost:51739 for channel [id: 0xeb6dbea6, L:/127.0.0.1:61096 - R:localhost/127.0.0.1:51739]
  &amp#27;[32mWhen &amp#27;[0m&amp#27;[32mi click icon account and register&amp#27;[0m &amp#27;[90m# starter.stepdefinitions.registerStep.iClickIconAccountAndRegister()&amp#27;[0m
08:36:57.857 [Forwarding screenshot on session c1e3f2d7ab857235f833bbb4819fb008 to remote] DEBUG org.asynchttpclient.netty.request.NettyRequestSender - Using pooled Channel '[id: 0xeb6dbea6, L:/127.0.0.1:61096 - R:localhost/127.0.0.1:51739]' for 'GET' to 'http://localhost:51739/session/c1e3f2d7ab857235f833bbb4819fb008/screenshot'
08:36:57.857 [Forwarding screenshot on session c1e3f2d7ab857235f833bbb4819fb008 to remote] DEBUG org.asynchttpclient.netty.request.NettyRequestSender - Using open Channel [id: 0xeb6dbea6, L:/127.0.0.1:61096 - R:localhost/127.0.0.1:51739] for GET '/session/c1e3f2d7ab857235f833bbb4819fb008/screenshot'
08:36:57.931 [AsyncHttpClient-1-1] DEBUG org.asynchttpclient.netty.channel.DefaultChannelPool - Entry count for : http://localhost:61097 : 1
08:36:57.997 [AsyncHttpClient-1-17] DEBUG org.asynchttpclient.netty.handler.HttpHandler - 

Request DefaultFullHttpRequest(decodeResult: success, version: HTTP/1.1, content: EmptyByteBufBE)
GET /session/c1e3f2d7ab857235f833bbb4819fb008/screenshot HTTP/1.1
User-Agent: selenium/4.1.2 (java windows)
Cache-Control: no-cache
Content-Type: application/json; charset=utf-8
host: localhost:51739
accept: */*

Response DefaultHttpResponse(decodeResult: success, version: HTTP/1.1)
HTTP/1.1 200 OK
Content-Type: application/json; charset=utf-8
cache-control: no-cache
content-length: 44712

08:36:57.997 [AsyncHttpClient-1-17] DEBUG org.asynchttpclient.netty.channel.ChannelManager - Adding key: http://localhost:51739 for channel [id: 0xeb6dbea6, L:/127.0.0.1:61096 - R:localhost/127.0.0.1:51739]
08:36:57.999 [main] DEBUG net.serenitybdd.core.photography.Darkroom - Send negative for processing for target\site\serenity\db59267c229222a99d25c8d05678b1d913826219aba907ac26e518637d797d28.png
08:36:57.999 [Darkroom Processing Line] DEBUG net.serenitybdd.core.photography.DarkroomProcessingLine - Processing screenshot image in /var/screenshots/screenshot-16222073608384504063
08:36:57.999 [Darkroom Processing Line] DEBUG net.serenitybdd.core.photography.DarkroomProcessingLine - Saving screenshot to target\site\serenity\db59267c229222a99d25c8d05678b1d913826219aba907ac26e518637d797d28.png
08:36:58.006 [Forwarding findElement on session c1e3f2d7ab857235f833bbb4819fb008 to remote] DEBUG org.asynchttpclient.netty.request.NettyRequestSender - Using pooled Channel '[id: 0xeb6dbea6, L:/127.0.0.1:61096 - R:localhost/127.0.0.1:51739]' for 'POST' to 'http://localhost:51739/session/c1e3f2d7ab857235f833bbb4819fb008/element'
08:36:58.006 [Forwarding findElement on session c1e3f2d7ab857235f833bbb4819fb008 to remote] DEBUG org.asynchttpclient.netty.request.NettyRequestSender - Using open Channel [id: 0xeb6dbea6, L:/127.0.0.1:61096 - R:localhost/127.0.0.1:51739] for POST '/session/c1e3f2d7ab857235f833bbb4819fb008/element'
08:36:58.018 [AsyncHttpClient-1-17] DEBUG org.asynchttpclient.netty.handler.HttpHandler - 

Request DefaultHttpRequest(decodeResult: success, version: HTTP/1.1)
POST /session/c1e3f2d7ab857235f833bbb4819fb008/element HTTP/1.1
User-Agent: selenium/4.1.2 (java windows)
Content-Length: 93
Content-Type: application/json; charset=utf-8
host: localhost:51739
accept: */*

Response DefaultHttpResponse(decodeResult: success, version: HTTP/1.1)
HTTP/1.1 200 OK
Content-Type: application/json; charset=utf-8
cache-control: no-cache
content-length: 88

08:36:58.018 [AsyncHttpClient-1-17] DEBUG org.asynchttpclient.netty.channel.ChannelManager - Adding key: http://localhost:51739 for channel [id: 0xeb6dbea6, L:/127.0.0.1:61096 - R:localhost/127.0.0.1:51739]
08:36:58.019 [Forwarding clearElement on session c1e3f2d7ab857235f833bbb4819fb008 to remote] DEBUG org.asynchttpclient.netty.request.NettyRequestSender - Using pooled Channel '[id: 0xeb6dbea6, L:/127.0.0.1:61096 - R:localhost/127.0.0.1:51739]' for 'POST' to 'http://localhost:51739/session/c1e3f2d7ab857235f833bbb4819fb008/element/e33e0bc5-5220-4eff-acfb-bd8f2a87d631/clear'
08:36:58.019 [Forwarding clearElement on session c1e3f2d7ab857235f833bbb4819fb008 to remote] DEBUG org.asynchttpclient.netty.request.NettyRequestSender - Using open Channel [id: 0xeb6dbea6, L:/127.0.0.1:61096 - R:localhost/127.0.0.1:51739] for POST '/session/c1e3f2d7ab857235f833bbb4819fb008/element/e33e0bc5-5220-4eff-acfb-bd8f2a87d631/clear'
08:36:58.057 [AsyncHttpClient-1-17] DEBUG org.asynchttpclient.netty.handler.HttpHandler - 

Request DefaultHttpRequest(decodeResult: success, version: HTTP/1.1)
POST /session/c1e3f2d7ab857235f833bbb4819fb008/element/e33e0bc5-5220-4eff-acfb-bd8f2a87d631/clear HTTP/1.1
User-Agent: selenium/4.1.2 (java windows)
Content-Length: 50
Content-Type: application/json; charset=utf-8
host: localhost:51739
accept: */*

Response DefaultHttpResponse(decodeResult: success, version: HTTP/1.1)
HTTP/1.1 200 OK
Content-Type: application/json; charset=utf-8
cache-control: no-cache
content-length: 14

08:36:58.057 [AsyncHttpClient-1-17] DEBUG org.asynchttpclient.netty.channel.ChannelManager - Adding key: http://localhost:51739 for channel [id: 0xeb6dbea6, L:/127.0.0.1:61096 - R:localhost/127.0.0.1:51739]
08:36:58.058 [Forwarding sendKeysToElement on session c1e3f2d7ab857235f833bbb4819fb008 to remote] DEBUG org.asynchttpclient.netty.request.NettyRequestSender - Using pooled Channel '[id: 0xeb6dbea6, L:/127.0.0.1:61096 - R:localhost/127.0.0.1:51739]' for 'POST' to 'http://localhost:51739/session/c1e3f2d7ab857235f833bbb4819fb008/element/e33e0bc5-5220-4eff-acfb-bd8f2a87d631/value'
08:36:58.058 [Forwarding sendKeysToElement on session c1e3f2d7ab857235f833bbb4819fb008 to remote] DEBUG org.asynchttpclient.netty.request.NettyRequestSender - Using open Channel [id: 0xeb6dbea6, L:/127.0.0.1:61096 - R:localhost/127.0.0.1:51739] for POST '/session/c1e3f2d7ab857235f833bbb4819fb008/element/e33e0bc5-5220-4eff-acfb-bd8f2a87d631/value'
08:36:58.138 [AsyncHttpClient-1-17] DEBUG org.asynchttpclient.netty.handler.HttpHandler - 

Request DefaultHttpRequest(decodeResult: success, version: HTTP/1.1)
POST /session/c1e3f2d7ab857235f833bbb4819fb008/element/e33e0bc5-5220-4eff-acfb-bd8f2a87d631/value HTTP/1.1
User-Agent: selenium/4.1.2 (java windows)
Content-Length: 131
Content-Type: application/json; charset=utf-8
host: localhost:51739
accept: */*

Response DefaultHttpResponse(decodeResult: success, version: HTTP/1.1)
HTTP/1.1 200 OK
Content-Type: application/json; charset=utf-8
cache-control: no-cache
content-length: 14

08:36:58.139 [AsyncHttpClient-1-17] DEBUG org.asynchttpclient.netty.channel.ChannelManager - Adding key: http://localhost:51739 for channel [id: 0xeb6dbea6, L:/127.0.0.1:61096 - R:localhost/127.0.0.1:51739]
  &amp#27;[32mAnd &amp#27;[0m&amp#27;[32mi input &amp#27;[0m&amp#27;[32m&amp#27;[1m"gopal"&amp#27;[0m&amp#27;[32m my name&amp#27;[0m            &amp#27;[90m# starter.stepdefinitions.registerStep.iInputMyName(java.lang.String)&amp#27;[0m
08:36:58.144 [Forwarding screenshot on session c1e3f2d7ab857235f833bbb4819fb008 to remote] DEBUG org.asynchttpclient.netty.request.NettyRequestSender - Using pooled Channel '[id: 0xeb6dbea6, L:/127.0.0.1:61096 - R:localhost/127.0.0.1:51739]' for 'GET' to 'http://localhost:51739/session/c1e3f2d7ab857235f833bbb4819fb008/screenshot'
08:36:58.144 [Forwarding screenshot on session c1e3f2d7ab857235f833bbb4819fb008 to remote] DEBUG org.asynchttpclient.netty.request.NettyRequestSender - Using open Channel [id: 0xeb6dbea6, L:/127.0.0.1:61096 - R:localhost/127.0.0.1:51739] for GET '/session/c1e3f2d7ab857235f833bbb4819fb008/screenshot'
08:36:58.292 [AsyncHttpClient-1-17] DEBUG org.asynchttpclient.netty.handler.HttpHandler - 

Request DefaultFullHttpRequest(decodeResult: success, version: HTTP/1.1, content: EmptyByteBufBE)
GET /session/c1e3f2d7ab857235f833bbb4819fb008/screenshot HTTP/1.1
User-Agent: selenium/4.1.2 (java windows)
Cache-Control: no-cache
Content-Type: application/json; charset=utf-8
host: localhost:51739
accept: */*

Response DefaultHttpResponse(decodeResult: success, version: HTTP/1.1)
HTTP/1.1 200 OK
Content-Type: application/json; charset=utf-8
cache-control: no-cache
content-length: 47436

08:36:58.292 [AsyncHttpClient-1-17] DEBUG org.asynchttpclient.netty.channel.ChannelManager - Adding key: http://localhost:51739 for channel [id: 0xeb6dbea6, L:/127.0.0.1:61096 - R:localhost/127.0.0.1:51739]
08:36:58.295 [main] DEBUG net.serenitybdd.core.photography.Darkroom - Send negative for processing for target\site\serenity\fda0581697e1403f50fb3a38df4815a2c5e5a8f06975f714dea5599989aceade.png
08:36:58.295 [Darkroom Processing Line] DEBUG net.serenitybdd.core.photography.DarkroomProcessingLine - Processing screenshot image in /var/screenshots/screenshot-7309533105210625422
08:36:58.295 [Darkroom Processing Line] DEBUG net.serenitybdd.core.photography.DarkroomProcessingLine - Saving screenshot to target\site\serenity\fda0581697e1403f50fb3a38df4815a2c5e5a8f06975f714dea5599989aceade.png
08:36:58.302 [Forwarding findElement on session c1e3f2d7ab857235f833bbb4819fb008 to remote] DEBUG org.asynchttpclient.netty.request.NettyRequestSender - Using pooled Channel '[id: 0xeb6dbea6, L:/127.0.0.1:61096 - R:localhost/127.0.0.1:51739]' for 'POST' to 'http://localhost:51739/session/c1e3f2d7ab857235f833bbb4819fb008/element'
08:36:58.302 [Forwarding findElement on session c1e3f2d7ab857235f833bbb4819fb008 to remote] DEBUG org.asynchttpclient.netty.request.NettyRequestSender - Using open Channel [id: 0xeb6dbea6, L:/127.0.0.1:61096 - R:localhost/127.0.0.1:51739] for POST '/session/c1e3f2d7ab857235f833bbb4819fb008/element'
08:36:58.315 [AsyncHttpClient-1-17] DEBUG org.asynchttpclient.netty.handler.HttpHandler - 

Request DefaultHttpRequest(decodeResult: success, version: HTTP/1.1)
POST /session/c1e3f2d7ab857235f833bbb4819fb008/element HTTP/1.1
User-Agent: selenium/4.1.2 (java windows)
Content-Length: 86
Content-Type: application/json; charset=utf-8
host: localhost:51739
accept: */*

Response DefaultHttpResponse(decodeResult: success, version: HTTP/1.1)
HTTP/1.1 200 OK
Content-Type: application/json; charset=utf-8
cache-control: no-cache
content-length: 88

08:36:58.315 [AsyncHttpClient-1-17] DEBUG org.asynchttpclient.netty.channel.ChannelManager - Adding key: http://localhost:51739 for channel [id: 0xeb6dbea6, L:/127.0.0.1:61096 - R:localhost/127.0.0.1:51739]
08:36:58.316 [Forwarding clearElement on session c1e3f2d7ab857235f833bbb4819fb008 to remote] DEBUG org.asynchttpclient.netty.request.NettyRequestSender - Using pooled Channel '[id: 0xeb6dbea6, L:/127.0.0.1:61096 - R:localhost/127.0.0.1:51739]' for 'POST' to 'http://localhost:51739/session/c1e3f2d7ab857235f833bbb4819fb008/element/29254ce7-462e-4f75-ace4-45b57e9de9ab/clear'
08:36:58.316 [Forwarding clearElement on session c1e3f2d7ab857235f833bbb4819fb008 to remote] DEBUG org.asynchttpclient.netty.request.NettyRequestSender - Using open Channel [id: 0xeb6dbea6, L:/127.0.0.1:61096 - R:localhost/127.0.0.1:51739] for POST '/session/c1e3f2d7ab857235f833bbb4819fb008/element/29254ce7-462e-4f75-ace4-45b57e9de9ab/clear'
08:36:58.348 [AsyncHttpClient-1-17] DEBUG org.asynchttpclient.netty.handler.HttpHandler - 

Request DefaultHttpRequest(decodeResult: success, version: HTTP/1.1)
POST /session/c1e3f2d7ab857235f833bbb4819fb008/element/29254ce7-462e-4f75-ace4-45b57e9de9ab/clear HTTP/1.1
User-Agent: selenium/4.1.2 (java windows)
Content-Length: 50
Content-Type: application/json; charset=utf-8
host: localhost:51739
accept: */*

Response DefaultHttpResponse(decodeResult: success, version: HTTP/1.1)
HTTP/1.1 200 OK
Content-Type: application/json; charset=utf-8
cache-control: no-cache
content-length: 14

08:36:58.348 [AsyncHttpClient-1-17] DEBUG org.asynchttpclient.netty.channel.ChannelManager - Adding key: http://localhost:51739 for channel [id: 0xeb6dbea6, L:/127.0.0.1:61096 - R:localhost/127.0.0.1:51739]
08:36:58.349 [Forwarding sendKeysToElement on session c1e3f2d7ab857235f833bbb4819fb008 to remote] DEBUG org.asynchttpclient.netty.request.NettyRequestSender - Using pooled Channel '[id: 0xeb6dbea6, L:/127.0.0.1:61096 - R:localhost/127.0.0.1:51739]' for 'POST' to 'http://localhost:51739/session/c1e3f2d7ab857235f833bbb4819fb008/element/29254ce7-462e-4f75-ace4-45b57e9de9ab/value'
08:36:58.349 [Forwarding sendKeysToElement on session c1e3f2d7ab857235f833bbb4819fb008 to remote] DEBUG org.asynchttpclient.netty.request.NettyRequestSender - Using open Channel [id: 0xeb6dbea6, L:/127.0.0.1:61096 - R:localhost/127.0.0.1:51739] for POST '/session/c1e3f2d7ab857235f833bbb4819fb008/element/29254ce7-462e-4f75-ace4-45b57e9de9ab/value'
08:36:58.411 [AsyncHttpClient-1-17] DEBUG org.asynchttpclient.netty.handler.HttpHandler - 

Request DefaultHttpRequest(decodeResult: success, version: HTTP/1.1)
POST /session/c1e3f2d7ab857235f833bbb4819fb008/element/29254ce7-462e-4f75-ace4-45b57e9de9ab/value HTTP/1.1
User-Agent: selenium/4.1.2 (java windows)
Content-Length: 121
Content-Type: application/json; charset=utf-8
host: localhost:51739
accept: */*

Response DefaultHttpResponse(decodeResult: success, version: HTTP/1.1)
HTTP/1.1 200 OK
Content-Type: application/json; charset=utf-8
cache-control: no-cache
content-length: 14

08:36:58.411 [AsyncHttpClient-1-17] DEBUG org.asynchttpclient.netty.channel.ChannelManager - Adding key: http://localhost:51739 for channel [id: 0xeb6dbea6, L:/127.0.0.1:61096 - R:localhost/127.0.0.1:51739]
  &amp#27;[32mAnd &amp#27;[0m&amp#27;[32mi input &amp#27;[0m&amp#27;[32m&amp#27;[1m"same"&amp#27;[0m&amp#27;[32m my email&amp#27;[0m            &amp#27;[90m# starter.stepdefinitions.registerStep.iInputMyEmail(java.lang.String)&amp#27;[0m
08:36:58.417 [Forwarding screenshot on session c1e3f2d7ab857235f833bbb4819fb008 to remote] DEBUG org.asynchttpclient.netty.request.NettyRequestSender - Using pooled Channel '[id: 0xeb6dbea6, L:/127.0.0.1:61096 - R:localhost/127.0.0.1:51739]' for 'GET' to 'http://localhost:51739/session/c1e3f2d7ab857235f833bbb4819fb008/screenshot'
08:36:58.417 [Forwarding screenshot on session c1e3f2d7ab857235f833bbb4819fb008 to remote] DEBUG org.asynchttpclient.netty.request.NettyRequestSender - Using open Channel [id: 0xeb6dbea6, L:/127.0.0.1:61096 - R:localhost/127.0.0.1:51739] for GET '/session/c1e3f2d7ab857235f833bbb4819fb008/screenshot'
08:36:58.574 [AsyncHttpClient-1-17] DEBUG org.asynchttpclient.netty.handler.HttpHandler - 

Request DefaultFullHttpRequest(decodeResult: success, version: HTTP/1.1, content: EmptyByteBufBE)
GET /session/c1e3f2d7ab857235f833bbb4819fb008/screenshot HTTP/1.1
User-Agent: selenium/4.1.2 (java windows)
Cache-Control: no-cache
Content-Type: application/json; charset=utf-8
host: localhost:51739
accept: */*

Response DefaultHttpResponse(decodeResult: success, version: HTTP/1.1)
HTTP/1.1 200 OK
Content-Type: application/json; charset=utf-8
cache-control: no-cache
content-length: 48800

08:36:58.574 [AsyncHttpClient-1-17] DEBUG org.asynchttpclient.netty.channel.ChannelManager - Adding key: http://localhost:51739 for channel [id: 0xeb6dbea6, L:/127.0.0.1:61096 - R:localhost/127.0.0.1:51739]
08:36:58.576 [main] DEBUG net.serenitybdd.core.photography.Darkroom - Send negative for processing for target\site\serenity\144e8a6fdb34a24b650ecc3f02c2a1b3b6409525068480e9d9ce21fd71d97e19.png
08:36:58.576 [Darkroom Processing Line] DEBUG net.serenitybdd.core.photography.DarkroomProcessingLine - Processing screenshot image in /var/screenshots/screenshot-10241793475702069358
08:36:58.576 [Darkroom Processing Line] DEBUG net.serenitybdd.core.photography.DarkroomProcessingLine - Saving screenshot to target\site\serenity\144e8a6fdb34a24b650ecc3f02c2a1b3b6409525068480e9d9ce21fd71d97e19.png
08:36:58.584 [Forwarding findElement on session c1e3f2d7ab857235f833bbb4819fb008 to remote] DEBUG org.asynchttpclient.netty.request.NettyRequestSender - Using pooled Channel '[id: 0xeb6dbea6, L:/127.0.0.1:61096 - R:localhost/127.0.0.1:51739]' for 'POST' to 'http://localhost:51739/session/c1e3f2d7ab857235f833bbb4819fb008/element'
08:36:58.584 [Forwarding findElement on session c1e3f2d7ab857235f833bbb4819fb008 to remote] DEBUG org.asynchttpclient.netty.request.NettyRequestSender - Using open Channel [id: 0xeb6dbea6, L:/127.0.0.1:61096 - R:localhost/127.0.0.1:51739] for POST '/session/c1e3f2d7ab857235f833bbb4819fb008/element'
08:36:58.595 [AsyncHttpClient-1-17] DEBUG org.asynchttpclient.netty.handler.HttpHandler - 

Request DefaultHttpRequest(decodeResult: success, version: HTTP/1.1)
POST /session/c1e3f2d7ab857235f833bbb4819fb008/element HTTP/1.1
User-Agent: selenium/4.1.2 (java windows)
Content-Length: 89
Content-Type: application/json; charset=utf-8
host: localhost:51739
accept: */*

Response DefaultHttpResponse(decodeResult: success, version: HTTP/1.1)
HTTP/1.1 200 OK
Content-Type: application/json; charset=utf-8
cache-control: no-cache
content-length: 88

08:36:58.595 [AsyncHttpClient-1-17] DEBUG org.asynchttpclient.netty.channel.ChannelManager - Adding key: http://localhost:51739 for channel [id: 0xeb6dbea6, L:/127.0.0.1:61096 - R:localhost/127.0.0.1:51739]
08:36:58.596 [Forwarding clearElement on session c1e3f2d7ab857235f833bbb4819fb008 to remote] DEBUG org.asynchttpclient.netty.request.NettyRequestSender - Using pooled Channel '[id: 0xeb6dbea6, L:/127.0.0.1:61096 - R:localhost/127.0.0.1:51739]' for 'POST' to 'http://localhost:51739/session/c1e3f2d7ab857235f833bbb4819fb008/element/8f7ffdff-c24d-479c-a3b1-56e326e0cd80/clear'
08:36:58.596 [Forwarding clearElement on session c1e3f2d7ab857235f833bbb4819fb008 to remote] DEBUG org.asynchttpclient.netty.request.NettyRequestSender - Using open Channel [id: 0xeb6dbea6, L:/127.0.0.1:61096 - R:localhost/127.0.0.1:51739] for POST '/session/c1e3f2d7ab857235f833bbb4819fb008/element/8f7ffdff-c24d-479c-a3b1-56e326e0cd80/clear'
08:36:58.633 [AsyncHttpClient-1-17] DEBUG org.asynchttpclient.netty.handler.HttpHandler - 

Request DefaultHttpRequest(decodeResult: success, version: HTTP/1.1)
POST /session/c1e3f2d7ab857235f833bbb4819fb008/element/8f7ffdff-c24d-479c-a3b1-56e326e0cd80/clear HTTP/1.1
User-Agent: selenium/4.1.2 (java windows)
Content-Length: 50
Content-Type: application/json; charset=utf-8
host: localhost:51739
accept: */*

Response DefaultHttpResponse(decodeResult: success, version: HTTP/1.1)
HTTP/1.1 200 OK
Content-Type: application/json; charset=utf-8
cache-control: no-cache
content-length: 14

08:36:58.633 [AsyncHttpClient-1-17] DEBUG org.asynchttpclient.netty.channel.ChannelManager - Adding key: http://localhost:51739 for channel [id: 0xeb6dbea6, L:/127.0.0.1:61096 - R:localhost/127.0.0.1:51739]
08:36:58.634 [Forwarding sendKeysToElement on session c1e3f2d7ab857235f833bbb4819fb008 to remote] DEBUG org.asynchttpclient.netty.request.NettyRequestSender - Using pooled Channel '[id: 0xeb6dbea6, L:/127.0.0.1:61096 - R:localhost/127.0.0.1:51739]' for 'POST' to 'http://localhost:51739/session/c1e3f2d7ab857235f833bbb4819fb008/element/8f7ffdff-c24d-479c-a3b1-56e326e0cd80/value'
08:36:58.634 [Forwarding sendKeysToElement on session c1e3f2d7ab857235f833bbb4819fb008 to remote] DEBUG org.asynchttpclient.netty.request.NettyRequestSender - Using open Channel [id: 0xeb6dbea6, L:/127.0.0.1:61096 - R:localhost/127.0.0.1:51739] for POST '/session/c1e3f2d7ab857235f833bbb4819fb008/element/8f7ffdff-c24d-479c-a3b1-56e326e0cd80/value'
08:36:58.698 [AsyncHttpClient-1-17] DEBUG org.asynchttpclient.netty.handler.HttpHandler - 

Request DefaultHttpRequest(decodeResult: success, version: HTTP/1.1)
POST /session/c1e3f2d7ab857235f833bbb4819fb008/element/8f7ffdff-c24d-479c-a3b1-56e326e0cd80/value HTTP/1.1
User-Agent: selenium/4.1.2 (java windows)
Content-Length: 121
Content-Type: application/json; charset=utf-8
host: localhost:51739
accept: */*

Response DefaultHttpResponse(decodeResult: success, version: HTTP/1.1)
HTTP/1.1 200 OK
Content-Type: application/json; charset=utf-8
cache-control: no-cache
content-length: 14

08:36:58.698 [AsyncHttpClient-1-17] DEBUG org.asynchttpclient.netty.channel.ChannelManager - Adding key: http://localhost:51739 for channel [id: 0xeb6dbea6, L:/127.0.0.1:61096 - R:localhost/127.0.0.1:51739]
08:36:58.701 [Forwarding findElement on session c1e3f2d7ab857235f833bbb4819fb008 to remote] DEBUG org.asynchttpclient.netty.request.NettyRequestSender - Using pooled Channel '[id: 0xeb6dbea6, L:/127.0.0.1:61096 - R:localhost/127.0.0.1:51739]' for 'POST' to 'http://localhost:51739/session/c1e3f2d7ab857235f833bbb4819fb008/element'
08:36:58.701 [Forwarding findElement on session c1e3f2d7ab857235f833bbb4819fb008 to remote] DEBUG org.asynchttpclient.netty.request.NettyRequestSender - Using open Channel [id: 0xeb6dbea6, L:/127.0.0.1:61096 - R:localhost/127.0.0.1:51739] for POST '/session/c1e3f2d7ab857235f833bbb4819fb008/element'
08:36:58.708 [AsyncHttpClient-1-17] DEBUG org.asynchttpclient.netty.handler.HttpHandler - 

Request DefaultHttpRequest(decodeResult: success, version: HTTP/1.1)
POST /session/c1e3f2d7ab857235f833bbb4819fb008/element HTTP/1.1
User-Agent: selenium/4.1.2 (java windows)
Content-Length: 89
Content-Type: application/json; charset=utf-8
host: localhost:51739
accept: */*

Response DefaultHttpResponse(decodeResult: success, version: HTTP/1.1)
HTTP/1.1 200 OK
Content-Type: application/json; charset=utf-8
cache-control: no-cache
content-length: 88

08:36:58.709 [AsyncHttpClient-1-17] DEBUG org.asynchttpclient.netty.channel.ChannelManager - Adding key: http://localhost:51739 for channel [id: 0xeb6dbea6, L:/127.0.0.1:61096 - R:localhost/127.0.0.1:51739]
08:36:58.710 [Forwarding clearElement on session c1e3f2d7ab857235f833bbb4819fb008 to remote] DEBUG org.asynchttpclient.netty.request.NettyRequestSender - Using pooled Channel '[id: 0xeb6dbea6, L:/127.0.0.1:61096 - R:localhost/127.0.0.1:51739]' for 'POST' to 'http://localhost:51739/session/c1e3f2d7ab857235f833bbb4819fb008/element/8f7ffdff-c24d-479c-a3b1-56e326e0cd80/clear'
08:36:58.710 [Forwarding clearElement on session c1e3f2d7ab857235f833bbb4819fb008 to remote] DEBUG org.asynchttpclient.netty.request.NettyRequestSender - Using open Channel [id: 0xeb6dbea6, L:/127.0.0.1:61096 - R:localhost/127.0.0.1:51739] for POST '/session/c1e3f2d7ab857235f833bbb4819fb008/element/8f7ffdff-c24d-479c-a3b1-56e326e0cd80/clear'
08:36:58.735 [AsyncHttpClient-1-17] DEBUG org.asynchttpclient.netty.handler.HttpHandler - 

Request DefaultHttpRequest(decodeResult: success, version: HTTP/1.1)
POST /session/c1e3f2d7ab857235f833bbb4819fb008/element/8f7ffdff-c24d-479c-a3b1-56e326e0cd80/clear HTTP/1.1
User-Agent: selenium/4.1.2 (java windows)
Content-Length: 50
Content-Type: application/json; charset=utf-8
host: localhost:51739
accept: */*

Response DefaultHttpResponse(decodeResult: success, version: HTTP/1.1)
HTTP/1.1 200 OK
Content-Type: application/json; charset=utf-8
cache-control: no-cache
content-length: 14

08:36:58.735 [AsyncHttpClient-1-17] DEBUG org.asynchttpclient.netty.channel.ChannelManager - Adding key: http://localhost:51739 for channel [id: 0xeb6dbea6, L:/127.0.0.1:61096 - R:localhost/127.0.0.1:51739]
08:36:58.736 [Forwarding sendKeysToElement on session c1e3f2d7ab857235f833bbb4819fb008 to remote] DEBUG org.asynchttpclient.netty.request.NettyRequestSender - Using pooled Channel '[id: 0xeb6dbea6, L:/127.0.0.1:61096 - R:localhost/127.0.0.1:51739]' for 'POST' to 'http://localhost:51739/session/c1e3f2d7ab857235f833bbb4819fb008/element/8f7ffdff-c24d-479c-a3b1-56e326e0cd80/value'
08:36:58.736 [Forwarding sendKeysToElement on session c1e3f2d7ab857235f833bbb4819fb008 to remote] DEBUG org.asynchttpclient.netty.request.NettyRequestSender - Using open Channel [id: 0xeb6dbea6, L:/127.0.0.1:61096 - R:localhost/127.0.0.1:51739] for POST '/session/c1e3f2d7ab857235f833bbb4819fb008/element/8f7ffdff-c24d-479c-a3b1-56e326e0cd80/value'
08:36:58.791 [AsyncHttpClient-1-17] DEBUG org.asynchttpclient.netty.handler.HttpHandler - 

Request DefaultHttpRequest(decodeResult: success, version: HTTP/1.1)
POST /session/c1e3f2d7ab857235f833bbb4819fb008/element/8f7ffdff-c24d-479c-a3b1-56e326e0cd80/value HTTP/1.1
User-Agent: selenium/4.1.2 (java windows)
Content-Length: 121
Content-Type: application/json; charset=utf-8
host: localhost:51739
accept: */*

Response DefaultHttpResponse(decodeResult: success, version: HTTP/1.1)
HTTP/1.1 200 OK
Content-Type: application/json; charset=utf-8
cache-control: no-cache
content-length: 14

08:36:58.791 [AsyncHttpClient-1-17] DEBUG org.asynchttpclient.netty.channel.ChannelManager - Adding key: http://localhost:51739 for channel [id: 0xeb6dbea6, L:/127.0.0.1:61096 - R:localhost/127.0.0.1:51739]
  &amp#27;[32mAnd &amp#27;[0m&amp#27;[32mi input &amp#27;[0m&amp#27;[32m&amp#27;[1m"same"&amp#27;[0m&amp#27;[32m my password&amp#27;[0m         &amp#27;[90m# starter.stepdefinitions.registerStep.iInputMyPassword(java.lang.String)&amp#27;[0m
08:36:58.796 [Forwarding screenshot on session c1e3f2d7ab857235f833bbb4819fb008 to remote] DEBUG org.asynchttpclient.netty.request.NettyRequestSender - Using pooled Channel '[id: 0xeb6dbea6, L:/127.0.0.1:61096 - R:localhost/127.0.0.1:51739]' for 'GET' to 'http://localhost:51739/session/c1e3f2d7ab857235f833bbb4819fb008/screenshot'
08:36:58.796 [Forwarding screenshot on session c1e3f2d7ab857235f833bbb4819fb008 to remote] DEBUG org.asynchttpclient.netty.request.NettyRequestSender - Using open Channel [id: 0xeb6dbea6, L:/127.0.0.1:61096 - R:localhost/127.0.0.1:51739] for GET '/session/c1e3f2d7ab857235f833bbb4819fb008/screenshot'
08:36:58.950 [AsyncHttpClient-1-17] DEBUG org.asynchttpclient.netty.handler.HttpHandler - 

Request DefaultFullHttpRequest(decodeResult: success, version: HTTP/1.1, content: EmptyByteBufBE)
GET /session/c1e3f2d7ab857235f833bbb4819fb008/screenshot HTTP/1.1
User-Agent: selenium/4.1.2 (java windows)
Cache-Control: no-cache
Content-Type: application/json; charset=utf-8
host: localhost:51739
accept: */*

Response DefaultHttpResponse(decodeResult: success, version: HTTP/1.1)
HTTP/1.1 200 OK
Content-Type: application/json; charset=utf-8
cache-control: no-cache
content-length: 51136

08:36:58.950 [AsyncHttpClient-1-17] DEBUG org.asynchttpclient.netty.channel.ChannelManager - Adding key: http://localhost:51739 for channel [id: 0xeb6dbea6, L:/127.0.0.1:61096 - R:localhost/127.0.0.1:51739]
08:36:58.952 [main] DEBUG net.serenitybdd.core.photography.Darkroom - Send negative for processing for target\site\serenity\8469f9959cb9432a3343f08314bce1f9b5e677e967470fa8fad6b360356aa8c4.png
08:36:58.953 [Darkroom Processing Line] DEBUG net.serenitybdd.core.photography.DarkroomProcessingLine - Processing screenshot image in /var/screenshots/screenshot-12398482619907229348
08:36:58.953 [Darkroom Processing Line] DEBUG net.serenitybdd.core.photography.DarkroomProcessingLine - Saving screenshot to target\site\serenity\8469f9959cb9432a3343f08314bce1f9b5e677e967470fa8fad6b360356aa8c4.png
08:36:58.959 [Forwarding findElement on session c1e3f2d7ab857235f833bbb4819fb008 to remote] DEBUG org.asynchttpclient.netty.request.NettyRequestSender - Using pooled Channel '[id: 0xeb6dbea6, L:/127.0.0.1:61096 - R:localhost/127.0.0.1:51739]' for 'POST' to 'http://localhost:51739/session/c1e3f2d7ab857235f833bbb4819fb008/element'
08:36:58.959 [Forwarding findElement on session c1e3f2d7ab857235f833bbb4819fb008 to remote] DEBUG org.asynchttpclient.netty.request.NettyRequestSender - Using open Channel [id: 0xeb6dbea6, L:/127.0.0.1:61096 - R:localhost/127.0.0.1:51739] for POST '/session/c1e3f2d7ab857235f833bbb4819fb008/element'
08:36:58.971 [AsyncHttpClient-1-17] DEBUG org.asynchttpclient.netty.handler.HttpHandler - 

Request DefaultHttpRequest(decodeResult: success, version: HTTP/1.1)
POST /session/c1e3f2d7ab857235f833bbb4819fb008/element HTTP/1.1
User-Agent: selenium/4.1.2 (java windows)
Content-Length: 75
Content-Type: application/json; charset=utf-8
host: localhost:51739
accept: */*

Response DefaultHttpResponse(decodeResult: success, version: HTTP/1.1)
HTTP/1.1 200 OK
Content-Type: application/json; charset=utf-8
cache-control: no-cache
content-length: 88

08:36:58.971 [AsyncHttpClient-1-17] DEBUG org.asynchttpclient.netty.channel.ChannelManager - Adding key: http://localhost:51739 for channel [id: 0xeb6dbea6, L:/127.0.0.1:61096 - R:localhost/127.0.0.1:51739]
08:36:58.972 [Forwarding getElementTagName on session c1e3f2d7ab857235f833bbb4819fb008 to remote] DEBUG org.asynchttpclient.netty.request.NettyRequestSender - Using pooled Channel '[id: 0xeb6dbea6, L:/127.0.0.1:61096 - R:localhost/127.0.0.1:51739]' for 'GET' to 'http://localhost:51739/session/c1e3f2d7ab857235f833bbb4819fb008/element/a430dc74-e9b7-4916-a5d3-f9763974c11c/name'
08:36:58.972 [Forwarding getElementTagName on session c1e3f2d7ab857235f833bbb4819fb008 to remote] DEBUG org.asynchttpclient.netty.request.NettyRequestSender - Using open Channel [id: 0xeb6dbea6, L:/127.0.0.1:61096 - R:localhost/127.0.0.1:51739] for GET '/session/c1e3f2d7ab857235f833bbb4819fb008/element/a430dc74-e9b7-4916-a5d3-f9763974c11c/name'
08:36:58.976 [AsyncHttpClient-1-17] DEBUG org.asynchttpclient.netty.handler.HttpHandler - 

Request DefaultFullHttpRequest(decodeResult: success, version: HTTP/1.1, content: EmptyByteBufBE)
GET /session/c1e3f2d7ab857235f833bbb4819fb008/element/a430dc74-e9b7-4916-a5d3-f9763974c11c/name HTTP/1.1
User-Agent: selenium/4.1.2 (java windows)
Cache-Control: no-cache
Content-Type: application/json; charset=utf-8
host: localhost:51739
accept: */*

Response DefaultHttpResponse(decodeResult: success, version: HTTP/1.1)
HTTP/1.1 200 OK
Content-Type: application/json; charset=utf-8
cache-control: no-cache
content-length: 18

08:36:58.976 [AsyncHttpClient-1-17] DEBUG org.asynchttpclient.netty.channel.ChannelManager - Adding key: http://localhost:51739 for channel [id: 0xeb6dbea6, L:/127.0.0.1:61096 - R:localhost/127.0.0.1:51739]
08:36:58.977 [Forwarding getElementTagName on session c1e3f2d7ab857235f833bbb4819fb008 to remote] DEBUG org.asynchttpclient.netty.request.NettyRequestSender - Using pooled Channel '[id: 0xeb6dbea6, L:/127.0.0.1:61096 - R:localhost/127.0.0.1:51739]' for 'GET' to 'http://localhost:51739/session/c1e3f2d7ab857235f833bbb4819fb008/element/a430dc74-e9b7-4916-a5d3-f9763974c11c/name'
08:36:58.977 [Forwarding getElementTagName on session c1e3f2d7ab857235f833bbb4819fb008 to remote] DEBUG org.asynchttpclient.netty.request.NettyRequestSender - Using open Channel [id: 0xeb6dbea6, L:/127.0.0.1:61096 - R:localhost/127.0.0.1:51739] for GET '/session/c1e3f2d7ab857235f833bbb4819fb008/element/a430dc74-e9b7-4916-a5d3-f9763974c11c/name'
08:36:58.982 [AsyncHttpClient-1-17] DEBUG org.asynchttpclient.netty.handler.HttpHandler - 

Request DefaultFullHttpRequest(decodeResult: success, version: HTTP/1.1, content: EmptyByteBufBE)
GET /session/c1e3f2d7ab857235f833bbb4819fb008/element/a430dc74-e9b7-4916-a5d3-f9763974c11c/name HTTP/1.1
User-Agent: selenium/4.1.2 (java windows)
Cache-Control: no-cache
Content-Type: application/json; charset=utf-8
host: localhost:51739
accept: */*

Response DefaultHttpResponse(decodeResult: success, version: HTTP/1.1)
HTTP/1.1 200 OK
Content-Type: application/json; charset=utf-8
cache-control: no-cache
content-length: 18

08:36:58.982 [AsyncHttpClient-1-17] DEBUG org.asynchttpclient.netty.channel.ChannelManager - Adding key: http://localhost:51739 for channel [id: 0xeb6dbea6, L:/127.0.0.1:61096 - R:localhost/127.0.0.1:51739]
08:36:58.983 [Forwarding isElementEnabled on session c1e3f2d7ab857235f833bbb4819fb008 to remote] DEBUG org.asynchttpclient.netty.request.NettyRequestSender - Using pooled Channel '[id: 0xeb6dbea6, L:/127.0.0.1:61096 - R:localhost/127.0.0.1:51739]' for 'GET' to 'http://localhost:51739/session/c1e3f2d7ab857235f833bbb4819fb008/element/a430dc74-e9b7-4916-a5d3-f9763974c11c/enabled'
08:36:58.983 [Forwarding isElementEnabled on session c1e3f2d7ab857235f833bbb4819fb008 to remote] DEBUG org.asynchttpclient.netty.request.NettyRequestSender - Using open Channel [id: 0xeb6dbea6, L:/127.0.0.1:61096 - R:localhost/127.0.0.1:51739] for GET '/session/c1e3f2d7ab857235f833bbb4819fb008/element/a430dc74-e9b7-4916-a5d3-f9763974c11c/enabled'
08:36:58.991 [AsyncHttpClient-1-17] DEBUG org.asynchttpclient.netty.handler.HttpHandler - 

Request DefaultFullHttpRequest(decodeResult: success, version: HTTP/1.1, content: EmptyByteBufBE)
GET /session/c1e3f2d7ab857235f833bbb4819fb008/element/a430dc74-e9b7-4916-a5d3-f9763974c11c/enabled HTTP/1.1
User-Agent: selenium/4.1.2 (java windows)
Cache-Control: no-cache
Content-Type: application/json; charset=utf-8
host: localhost:51739
accept: */*

Response DefaultHttpResponse(decodeResult: success, version: HTTP/1.1)
HTTP/1.1 200 OK
Content-Type: application/json; charset=utf-8
cache-control: no-cache
content-length: 14

08:36:58.991 [AsyncHttpClient-1-17] DEBUG org.asynchttpclient.netty.channel.ChannelManager - Adding key: http://localhost:51739 for channel [id: 0xeb6dbea6, L:/127.0.0.1:61096 - R:localhost/127.0.0.1:51739]
08:36:58.992 [Forwarding isElementEnabled on session c1e3f2d7ab857235f833bbb4819fb008 to remote] DEBUG org.asynchttpclient.netty.request.NettyRequestSender - Using pooled Channel '[id: 0xeb6dbea6, L:/127.0.0.1:61096 - R:localhost/127.0.0.1:51739]' for 'GET' to 'http://localhost:51739/session/c1e3f2d7ab857235f833bbb4819fb008/element/a430dc74-e9b7-4916-a5d3-f9763974c11c/enabled'
08:36:58.992 [Forwarding isElementEnabled on session c1e3f2d7ab857235f833bbb4819fb008 to remote] DEBUG org.asynchttpclient.netty.request.NettyRequestSender - Using open Channel [id: 0xeb6dbea6, L:/127.0.0.1:61096 - R:localhost/127.0.0.1:51739] for GET '/session/c1e3f2d7ab857235f833bbb4819fb008/element/a430dc74-e9b7-4916-a5d3-f9763974c11c/enabled'
08:36:59.000 [AsyncHttpClient-1-17] DEBUG org.asynchttpclient.netty.handler.HttpHandler - 

Request DefaultFullHttpRequest(decodeResult: success, version: HTTP/1.1, content: EmptyByteBufBE)
GET /session/c1e3f2d7ab857235f833bbb4819fb008/element/a430dc74-e9b7-4916-a5d3-f9763974c11c/enabled HTTP/1.1
User-Agent: selenium/4.1.2 (java windows)
Cache-Control: no-cache
Content-Type: application/json; charset=utf-8
host: localhost:51739
accept: */*

Response DefaultHttpResponse(decodeResult: success, version: HTTP/1.1)
HTTP/1.1 200 OK
Content-Type: application/json; charset=utf-8
cache-control: no-cache
content-length: 14

08:36:59.000 [AsyncHttpClient-1-17] DEBUG org.asynchttpclient.netty.channel.ChannelManager - Adding key: http://localhost:51739 for channel [id: 0xeb6dbea6, L:/127.0.0.1:61096 - R:localhost/127.0.0.1:51739]
08:36:59.001 [Forwarding findElement on session c1e3f2d7ab857235f833bbb4819fb008 to remote] DEBUG org.asynchttpclient.netty.request.NettyRequestSender - Using pooled Channel '[id: 0xeb6dbea6, L:/127.0.0.1:61096 - R:localhost/127.0.0.1:51739]' for 'POST' to 'http://localhost:51739/session/c1e3f2d7ab857235f833bbb4819fb008/element'
08:36:59.001 [Forwarding findElement on session c1e3f2d7ab857235f833bbb4819fb008 to remote] DEBUG org.asynchttpclient.netty.request.NettyRequestSender - Using open Channel [id: 0xeb6dbea6, L:/127.0.0.1:61096 - R:localhost/127.0.0.1:51739] for POST '/session/c1e3f2d7ab857235f833bbb4819fb008/element'
08:36:59.007 [AsyncHttpClient-1-17] DEBUG org.asynchttpclient.netty.handler.HttpHandler - 

Request DefaultHttpRequest(decodeResult: success, version: HTTP/1.1)
POST /session/c1e3f2d7ab857235f833bbb4819fb008/element HTTP/1.1
User-Agent: selenium/4.1.2 (java windows)
Content-Length: 75
Content-Type: application/json; charset=utf-8
host: localhost:51739
accept: */*

Response DefaultHttpResponse(decodeResult: success, version: HTTP/1.1)
HTTP/1.1 200 OK
Content-Type: application/json; charset=utf-8
cache-control: no-cache
content-length: 88

08:36:59.007 [AsyncHttpClient-1-17] DEBUG org.asynchttpclient.netty.channel.ChannelManager - Adding key: http://localhost:51739 for channel [id: 0xeb6dbea6, L:/127.0.0.1:61096 - R:localhost/127.0.0.1:51739]
08:36:59.008 [Forwarding clickElement on session c1e3f2d7ab857235f833bbb4819fb008 to remote] DEBUG org.asynchttpclient.netty.request.NettyRequestSender - Using pooled Channel '[id: 0xeb6dbea6, L:/127.0.0.1:61096 - R:localhost/127.0.0.1:51739]' for 'POST' to 'http://localhost:51739/session/c1e3f2d7ab857235f833bbb4819fb008/element/a430dc74-e9b7-4916-a5d3-f9763974c11c/click'
08:36:59.008 [Forwarding clickElement on session c1e3f2d7ab857235f833bbb4819fb008 to remote] DEBUG org.asynchttpclient.netty.request.NettyRequestSender - Using open Channel [id: 0xeb6dbea6, L:/127.0.0.1:61096 - R:localhost/127.0.0.1:51739] for POST '/session/c1e3f2d7ab857235f833bbb4819fb008/element/a430dc74-e9b7-4916-a5d3-f9763974c11c/click'
08:36:59.029 [AsyncHttpClient-1-1] DEBUG org.asynchttpclient.netty.channel.DefaultChannelPool - Entry count for : http://localhost:61097 : 1
08:36:59.054 [AsyncHttpClient-1-17] DEBUG org.asynchttpclient.netty.handler.HttpHandler - 

Request DefaultHttpRequest(decodeResult: success, version: HTTP/1.1)
POST /session/c1e3f2d7ab857235f833bbb4819fb008/element/a430dc74-e9b7-4916-a5d3-f9763974c11c/click HTTP/1.1
User-Agent: selenium/4.1.2 (java windows)
Content-Length: 50
Content-Type: application/json; charset=utf-8
host: localhost:51739
accept: */*

Response DefaultHttpResponse(decodeResult: success, version: HTTP/1.1)
HTTP/1.1 200 OK
Content-Type: application/json; charset=utf-8
cache-control: no-cache
content-length: 14

08:36:59.054 [AsyncHttpClient-1-17] DEBUG org.asynchttpclient.netty.channel.ChannelManager - Adding key: http://localhost:51739 for channel [id: 0xeb6dbea6, L:/127.0.0.1:61096 - R:localhost/127.0.0.1:51739]
  &amp#27;[32mAnd &amp#27;[0m&amp#27;[32mi click register button&amp#27;[0m            &amp#27;[90m# starter.stepdefinitions.registerStep.iClickRegisterButton()&amp#27;[0m
08:36:59.059 [Forwarding screenshot on session c1e3f2d7ab857235f833bbb4819fb008 to remote] DEBUG org.asynchttpclient.netty.request.NettyRequestSender - Using pooled Channel '[id: 0xeb6dbea6, L:/127.0.0.1:61096 - R:localhost/127.0.0.1:51739]' for 'GET' to 'http://localhost:51739/session/c1e3f2d7ab857235f833bbb4819fb008/screenshot'
08:36:59.059 [Forwarding screenshot on session c1e3f2d7ab857235f833bbb4819fb008 to remote] DEBUG org.asynchttpclient.netty.request.NettyRequestSender - Using open Channel [id: 0xeb6dbea6, L:/127.0.0.1:61096 - R:localhost/127.0.0.1:51739] for GET '/session/c1e3f2d7ab857235f833bbb4819fb008/screenshot'
08:36:59.267 [AsyncHttpClient-1-17] DEBUG org.asynchttpclient.netty.handler.HttpHandler - 

Request DefaultFullHttpRequest(decodeResult: success, version: HTTP/1.1, content: EmptyByteBufBE)
GET /session/c1e3f2d7ab857235f833bbb4819fb008/screenshot HTTP/1.1
User-Agent: selenium/4.1.2 (java windows)
Cache-Control: no-cache
Content-Type: application/json; charset=utf-8
host: localhost:51739
accept: */*

Response DefaultHttpResponse(decodeResult: success, version: HTTP/1.1)
HTTP/1.1 200 OK
Content-Type: application/json; charset=utf-8
cache-control: no-cache
content-length: 50648

08:36:59.267 [AsyncHttpClient-1-17] DEBUG org.asynchttpclient.netty.channel.ChannelManager - Adding key: http://localhost:51739 for channel [id: 0xeb6dbea6, L:/127.0.0.1:61096 - R:localhost/127.0.0.1:51739]
08:36:59.268 [main] DEBUG net.serenitybdd.core.photography.Darkroom - Send negative for processing for target\site\serenity\94ef4d9b377f4ee2491926e0bffbe4d5f76dee4b3a5b9ff5259e3960fb726c2f.png
08:36:59.269 [Darkroom Processing Line] DEBUG net.serenitybdd.core.photography.DarkroomProcessingLine - Processing screenshot image in /var/screenshots/screenshot-2925203681246768776
08:36:59.269 [Darkroom Processing Line] DEBUG net.serenitybdd.core.photography.DarkroomProcessingLine - Saving screenshot to target\site\serenity\94ef4d9b377f4ee2491926e0bffbe4d5f76dee4b3a5b9ff5259e3960fb726c2f.png
08:36:59.274 [Forwarding findElement on session c1e3f2d7ab857235f833bbb4819fb008 to remote] DEBUG org.asynchttpclient.netty.request.NettyRequestSender - Using pooled Channel '[id: 0xeb6dbea6, L:/127.0.0.1:61096 - R:localhost/127.0.0.1:51739]' for 'POST' to 'http://localhost:51739/session/c1e3f2d7ab857235f833bbb4819fb008/element'
08:36:59.274 [Forwarding findElement on session c1e3f2d7ab857235f833bbb4819fb008 to remote] DEBUG org.asynchttpclient.netty.request.NettyRequestSender - Using open Channel [id: 0xeb6dbea6, L:/127.0.0.1:61096 - R:localhost/127.0.0.1:51739] for POST '/session/c1e3f2d7ab857235f833bbb4819fb008/element'
08:36:59.282 [AsyncHttpClient-1-17] DEBUG org.asynchttpclient.netty.handler.HttpHandler - 

Request DefaultHttpRequest(decodeResult: success, version: HTTP/1.1)
POST /session/c1e3f2d7ab857235f833bbb4819fb008/element HTTP/1.1
User-Agent: selenium/4.1.2 (java windows)
Content-Length: 86
Content-Type: application/json; charset=utf-8
host: localhost:51739
accept: */*

Response DefaultHttpResponse(decodeResult: success, version: HTTP/1.1)
HTTP/1.1 200 OK
Content-Type: application/json; charset=utf-8
cache-control: no-cache
content-length: 88

08:36:59.282 [AsyncHttpClient-1-17] DEBUG org.asynchttpclient.netty.channel.ChannelManager - Adding key: http://localhost:51739 for channel [id: 0xeb6dbea6, L:/127.0.0.1:61096 - R:localhost/127.0.0.1:51739]
08:36:59.285 [Forwarding isElementDisplayed on session c1e3f2d7ab857235f833bbb4819fb008 to remote] DEBUG org.asynchttpclient.netty.request.NettyRequestSender - Using pooled Channel '[id: 0xeb6dbea6, L:/127.0.0.1:61096 - R:localhost/127.0.0.1:51739]' for 'POST' to 'http://localhost:51739/session/c1e3f2d7ab857235f833bbb4819fb008/execute/sync'
08:36:59.285 [Forwarding isElementDisplayed on session c1e3f2d7ab857235f833bbb4819fb008 to remote] DEBUG org.asynchttpclient.netty.request.NettyRequestSender - Using open Channel [id: 0xeb6dbea6, L:/127.0.0.1:61096 - R:localhost/127.0.0.1:51739] for POST '/session/c1e3f2d7ab857235f833bbb4819fb008/execute/sync'
08:36:59.302 [AsyncHttpClient-1-17] DEBUG org.asynchttpclient.netty.handler.HttpHandler - 

Request DefaultHttpRequest(decodeResult: success, version: HTTP/1.1)
POST /session/c1e3f2d7ab857235f833bbb4819fb008/execute/sync HTTP/1.1
User-Agent: selenium/4.1.2 (java windows)
Content-Length: 48780
Content-Type: application/json; charset=utf-8
host: localhost:51739
accept: */*

Response DefaultHttpResponse(decodeResult: success, version: HTTP/1.1)
HTTP/1.1 200 OK
Content-Type: application/json; charset=utf-8
cache-control: no-cache
content-length: 14

08:36:59.302 [AsyncHttpClient-1-17] DEBUG org.asynchttpclient.netty.channel.ChannelManager - Adding key: http://localhost:51739 for channel [id: 0xeb6dbea6, L:/127.0.0.1:61096 - R:localhost/127.0.0.1:51739]
08:36:59.303 [Forwarding findElement on session c1e3f2d7ab857235f833bbb4819fb008 to remote] DEBUG org.asynchttpclient.netty.request.NettyRequestSender - Using pooled Channel '[id: 0xeb6dbea6, L:/127.0.0.1:61096 - R:localhost/127.0.0.1:51739]' for 'POST' to 'http://localhost:51739/session/c1e3f2d7ab857235f833bbb4819fb008/element'
08:36:59.303 [Forwarding findElement on session c1e3f2d7ab857235f833bbb4819fb008 to remote] DEBUG org.asynchttpclient.netty.request.NettyRequestSender - Using open Channel [id: 0xeb6dbea6, L:/127.0.0.1:61096 - R:localhost/127.0.0.1:51739] for POST '/session/c1e3f2d7ab857235f833bbb4819fb008/element'
08:36:59.315 [AsyncHttpClient-1-17] DEBUG org.asynchttpclient.netty.handler.HttpHandler - 

Request DefaultHttpRequest(decodeResult: success, version: HTTP/1.1)
POST /session/c1e3f2d7ab857235f833bbb4819fb008/element HTTP/1.1
User-Agent: selenium/4.1.2 (java windows)
Content-Length: 149
Content-Type: application/json; charset=utf-8
host: localhost:51739
accept: */*

Response DefaultHttpResponse(decodeResult: success, version: HTTP/1.1)
HTTP/1.1 200 OK
Content-Type: application/json; charset=utf-8
cache-control: no-cache
content-length: 88

08:36:59.315 [AsyncHttpClient-1-17] DEBUG org.asynchttpclient.netty.channel.ChannelManager - Adding key: http://localhost:51739 for channel [id: 0xeb6dbea6, L:/127.0.0.1:61096 - R:localhost/127.0.0.1:51739]
08:36:59.318 [Forwarding isElementDisplayed on session c1e3f2d7ab857235f833bbb4819fb008 to remote] DEBUG org.asynchttpclient.netty.request.NettyRequestSender - Using pooled Channel '[id: 0xeb6dbea6, L:/127.0.0.1:61096 - R:localhost/127.0.0.1:51739]' for 'POST' to 'http://localhost:51739/session/c1e3f2d7ab857235f833bbb4819fb008/execute/sync'
08:36:59.318 [Forwarding isElementDisplayed on session c1e3f2d7ab857235f833bbb4819fb008 to remote] DEBUG org.asynchttpclient.netty.request.NettyRequestSender - Using open Channel [id: 0xeb6dbea6, L:/127.0.0.1:61096 - R:localhost/127.0.0.1:51739] for POST '/session/c1e3f2d7ab857235f833bbb4819fb008/execute/sync'
08:36:59.333 [AsyncHttpClient-1-17] DEBUG org.asynchttpclient.netty.handler.HttpHandler - 

Request DefaultHttpRequest(decodeResult: success, version: HTTP/1.1)
POST /session/c1e3f2d7ab857235f833bbb4819fb008/execute/sync HTTP/1.1
User-Agent: selenium/4.1.2 (java windows)
Content-Length: 48780
Content-Type: application/json; charset=utf-8
host: localhost:51739
accept: */*

Response DefaultHttpResponse(decodeResult: success, version: HTTP/1.1)
HTTP/1.1 200 OK
Content-Type: application/json; charset=utf-8
cache-control: no-cache
content-length: 14

08:36:59.333 [AsyncHttpClient-1-17] DEBUG org.asynchttpclient.netty.channel.ChannelManager - Adding key: http://localhost:51739 for channel [id: 0xeb6dbea6, L:/127.0.0.1:61096 - R:localhost/127.0.0.1:51739]
  &amp#27;[32mThen &amp#27;[0m&amp#27;[32mi get my &amp#27;[0m&amp#27;[32m&amp#27;[1m"Register Page"&amp#27;[0m          &amp#27;[90m# starter.stepdefinitions.registerStep.iGetMy(java.lang.String)&amp#27;[0m
08:36:59.337 [Forwarding screenshot on session c1e3f2d7ab857235f833bbb4819fb008 to remote] DEBUG org.asynchttpclient.netty.request.NettyRequestSender - Using pooled Channel '[id: 0xeb6dbea6, L:/127.0.0.1:61096 - R:localhost/127.0.0.1:51739]' for 'GET' to 'http://localhost:51739/session/c1e3f2d7ab857235f833bbb4819fb008/screenshot'
08:36:59.337 [Forwarding screenshot on session c1e3f2d7ab857235f833bbb4819fb008 to remote] DEBUG org.asynchttpclient.netty.request.NettyRequestSender - Using open Channel [id: 0xeb6dbea6, L:/127.0.0.1:61096 - R:localhost/127.0.0.1:51739] for GET '/session/c1e3f2d7ab857235f833bbb4819fb008/screenshot'
08:36:59.550 [AsyncHttpClient-1-17] DEBUG org.asynchttpclient.netty.handler.HttpHandler - 

Request DefaultFullHttpRequest(decodeResult: success, version: HTTP/1.1, content: EmptyByteBufBE)
GET /session/c1e3f2d7ab857235f833bbb4819fb008/screenshot HTTP/1.1
User-Agent: selenium/4.1.2 (java windows)
Cache-Control: no-cache
Content-Type: application/json; charset=utf-8
host: localhost:51739
accept: */*

Response DefaultHttpResponse(decodeResult: success, version: HTTP/1.1)
HTTP/1.1 200 OK
Content-Type: application/json; charset=utf-8
cache-control: no-cache
content-length: 52664

08:36:59.550 [AsyncHttpClient-1-17] DEBUG org.asynchttpclient.netty.channel.ChannelManager - Adding key: http://localhost:51739 for channel [id: 0xeb6dbea6, L:/127.0.0.1:61096 - R:localhost/127.0.0.1:51739]
08:36:59.553 [main] DEBUG net.serenitybdd.core.photography.Darkroom - Send negative for processing for target\site\serenity\e6d6aefdaa4fbcb0976a6836b75726eccd039e66197fa0539d901363940eb0c3.png
08:36:59.553 [Darkroom Processing Line] DEBUG net.serenitybdd.core.photography.DarkroomProcessingLine - Processing screenshot image in /var/screenshots/screenshot-15476573987850865354
08:36:59.553 [Darkroom Processing Line] DEBUG net.serenitybdd.core.photography.DarkroomProcessingLine - Saving screenshot to target\site\serenity\e6d6aefdaa4fbcb0976a6836b75726eccd039e66197fa0539d901363940eb0c3.png
08:36:59.559 [AsyncHttpClient-1-3] DEBUG org.asynchttpclient.netty.handler.WebSocketHandler - Channel Closed: [id: 0x5dec2a48, L:/127.0.0.1:61107 ! R:localhost/127.0.0.1:61097] with attribute NettyResponseFuture{currentRetry=5,
	isDone=1,
	isCancelled=0,
	asyncHandler=org.asynchttpclient.ws.WebSocketUpgradeHandler@3b99f00e,
	nettyRequest=org.asynchttpclient.netty.request.NettyRequest@6bb6da74,
	future=java.util.concurrent.CompletableFuture@33d4812e[Completed normally],
	uri=ws://localhost:61097/devtools/browser/9f26cb93-17cf-4c2d-8b87-63888efe5dbf,
	keepAlive=true,
	redirectCount=0,
	timeoutsHolder=null,
	inAuth=0,
	touch=1652837808902}
08:36:59.559 [AsyncHttpClient-1-3] DEBUG org.asynchttpclient.netty.channel.ChannelManager - Closing Channel [id: 0x5dec2a48, L:/127.0.0.1:61107 ! R:localhost/127.0.0.1:61097] 
08:36:59.559 [Driver Command Executor] DEBUG org.asynchttpclient.netty.request.NettyRequestSender - Using pooled Channel '[id: 0xeb6dbea6, L:/127.0.0.1:61096 - R:localhost/127.0.0.1:51739]' for 'DELETE' to 'http://localhost:51739/session/c1e3f2d7ab857235f833bbb4819fb008'
08:36:59.559 [Driver Command Executor] DEBUG org.asynchttpclient.netty.request.NettyRequestSender - Using open Channel [id: 0xeb6dbea6, L:/127.0.0.1:61096 - R:localhost/127.0.0.1:51739] for DELETE '/session/c1e3f2d7ab857235f833bbb4819fb008'
08:37:00.132 [AsyncHttpClient-1-1] DEBUG org.asynchttpclient.netty.channel.DefaultChannelPool - Entry count for : http://localhost:61097 : 1
08:37:01.228 [AsyncHttpClient-1-1] DEBUG org.asynchttpclient.netty.channel.DefaultChannelPool - Entry count for : http://localhost:61097 : 1
08:37:02.327 [AsyncHttpClient-1-1] DEBUG org.asynchttpclient.netty.channel.DefaultChannelPool - Entry count for : http://localhost:61097 : 1
08:37:02.927 [AsyncHttpClient-1-2] DEBUG org.asynchttpclient.netty.handler.HttpHandler - Unexpected I/O exception on channel [id: 0x01f953c7, L:/127.0.0.1:61106 - R:localhost/127.0.0.1:61097]
java.net.SocketException: Connection reset
	at java.base/sun.nio.ch.SocketChannelImpl.throwConnectionReset(SocketChannelImpl.java:367)
	at java.base/sun.nio.ch.SocketChannelImpl.read(SocketChannelImpl.java:398)
	at io.netty.buffer.PooledByteBuf.setBytes(PooledByteBuf.java:258)
	at io.netty.buffer.AbstractByteBuf.writeBytes(AbstractByteBuf.java:1132)
	at io.netty.channel.socket.nio.NioSocketChannel.doReadBytes(NioSocketChannel.java:350)
	at io.netty.channel.nio.AbstractNioByteChannel$NioByteUnsafe.read(AbstractNioByteChannel.java:151)
	at io.netty.channel.nio.NioEventLoop.processSelectedKey(NioEventLoop.java:722)
	at io.netty.channel.nio.NioEventLoop.processSelectedKeysOptimized(NioEventLoop.java:658)
	at io.netty.channel.nio.NioEventLoop.processSelectedKeys(NioEventLoop.java:584)
	at io.netty.channel.nio.NioEventLoop.run(NioEventLoop.java:496)
	at io.netty.util.concurrent.SingleThreadEventExecutor$4.run(SingleThreadEventExecutor.java:986)
	at io.netty.util.internal.ThreadExecutorMap$2.run(ThreadExecutorMap.java:74)
	at io.netty.util.concurrent.FastThreadLocalRunnable.run(FastThreadLocalRunnable.java:30)
	at java.base/java.lang.Thread.run(Thread.java:832)
08:37:02.927 [AsyncHttpClient-1-2] DEBUG org.asynchttpclient.netty.channel.ChannelManager - Closing Channel [id: 0x01f953c7, L:/127.0.0.1:61106 - R:localhost/127.0.0.1:61097] 
08:37:02.927 [AsyncHttpClient-1-2] DEBUG org.asynchttpclient.netty.handler.HttpHandler - Channel Closed: [id: 0x01f953c7, L:/127.0.0.1:61106 ! R:localhost/127.0.0.1:61097] with attribute DISCARD
08:37:02.942 [AsyncHttpClient-1-17] DEBUG org.asynchttpclient.netty.handler.HttpHandler - 

Request DefaultFullHttpRequest(decodeResult: success, version: HTTP/1.1, content: EmptyByteBufBE)
DELETE /session/c1e3f2d7ab857235f833bbb4819fb008 HTTP/1.1
User-Agent: selenium/4.1.2 (java windows)
Content-Type: application/json; charset=utf-8
host: localhost:51739
accept: */*

Response DefaultHttpResponse(decodeResult: success, version: HTTP/1.1)
HTTP/1.1 200 OK
Content-Type: application/json; charset=utf-8
cache-control: no-cache
content-length: 14

08:37:02.942 [AsyncHttpClient-1-17] DEBUG org.asynchttpclient.netty.channel.ChannelManager - Adding key: http://localhost:51739 for channel [id: 0xeb6dbea6, L:/127.0.0.1:61096 - R:localhost/127.0.0.1:51739]
08:37:03.003 [AsyncHttpClient-1-17] DEBUG org.asynchttpclient.netty.handler.HttpHandler - Channel Closed: [id: 0xeb6dbea6, L:/127.0.0.1:61096 ! R:localhost/127.0.0.1:51739] with attribute DISCARD
08:37:03.431 [AsyncHttpClient-1-1] DEBUG org.asynchttpclient.netty.channel.DefaultChannelPool - Entry count for : http://localhost:61097 : 1
08:37:03.431 [AsyncHttpClient-1-1] DEBUG org.asynchttpclient.netty.channel.DefaultChannelPool - Entry count for : http://localhost:51739 : 1
08:37:03.431 [AsyncHttpClient-1-1] DEBUG org.asynchttpclient.netty.channel.DefaultChannelPool - Adding Candidate expired Channel [id: 0x01f953c7, L:/127.0.0.1:61106 ! R:localhost/127.0.0.1:61097] isIdleTimeoutExpired=false isRemotelyClosed=true isTtlExpired=false
08:37:03.431 [AsyncHttpClient-1-1] DEBUG org.asynchttpclient.netty.channel.DefaultChannelPool - Closing Idle Channel [id: 0x01f953c7, L:/127.0.0.1:61106 ! R:localhost/127.0.0.1:61097]
08:37:03.431 [AsyncHttpClient-1-1] DEBUG org.asynchttpclient.netty.channel.DefaultChannelPool - Adding Candidate expired Channel [id: 0xeb6dbea6, L:/127.0.0.1:61096 ! R:localhost/127.0.0.1:51739] isIdleTimeoutExpired=false isRemotelyClosed=true isTtlExpired=false
08:37:03.431 [AsyncHttpClient-1-1] DEBUG org.asynchttpclient.netty.channel.DefaultChannelPool - Closing Idle Channel [id: 0xeb6dbea6, L:/127.0.0.1:61096 ! R:localhost/127.0.0.1:51739]
08:37:03.431 [AsyncHttpClient-1-1] DEBUG org.asynchttpclient.netty.channel.DefaultChannelPool - Closed 2 connections out of 2 in 0 ms
]]></system-out>
    <system-err><![CDATA[Starting ChromeDriver 101.0.4951.41 (93c720db8323b3ec10d056025ab95c23a31997c9-refs/branch-heads/4951@{#904}) on port 51739
Only local connections are allowed.
Please see https://chromedriver.chromium.org/security-considerations for suggestions on keeping ChromeDriver safe.
ChromeDriver was started successfully.
May 18, 2022 8:36:48 AM org.openqa.selenium.remote.ProtocolHandshake createSession
INFO: Detected dialect: W3C
May 18, 2022 8:36:48 AM org.openqa.selenium.devtools.CdpVersionFinder findNearestMatch
WARNING: Unable to find an exact match for CDP version 101, so returning the closest version found: 97
May 18, 2022 8:36:48 AM org.openqa.selenium.devtools.CdpVersionFinder findNearestMatch
INFO: Found CDP implementation for version 101 of 97
]]></system-err>
  </testcase>
  <testcase name="Registration scenario #11" classname="Registration" time="13.436">
    <system-out><![CDATA[
@register
Scenario Outline: Registration scenario  &amp#27;[90m# src/test/resources/features/register.feature:30&amp#27;[0m
08:37:03.532 [main] INFO io.cucumber.core.plugin.SerenityReporter - Running feature from file:///D:/PERKULIAHAN/Semester%206,Hebatt%20glad!/Altera/QE_Gladys-Cindana-Asri-Pardosi/Mini-Project/Web/src/test/resources/features/register.feature
08:37:03.541 [main] INFO net.serenitybdd.core.webdriver.driverproviders.ChromeDriverProvider - Using automatically driver download
08:37:03.650 [main] DEBUG io.github.bonigarcia.wdm.cache.ResolutionCache - Resolution chrome=101 in cache (valid until 09:23:35 18/05/2022 WIB)
08:37:03.654 [main] DEBUG io.github.bonigarcia.wdm.cache.ResolutionCache - Resolution chrome101=101.0.4951.41 in cache (valid until 18:48:44 18/05/2022 WIB)
08:37:03.655 [main] INFO io.github.bonigarcia.wdm.WebDriverManager - Using chromedriver 101.0.4951.41 (resolved driver for Chrome 101)
08:37:03.665 [main] DEBUG io.github.bonigarcia.wdm.WebDriverManager - Driver chromedriver 101.0.4951.41 found in cache
08:37:03.665 [main] INFO io.github.bonigarcia.wdm.WebDriverManager - Exporting webdriver.chrome.driver as C:\Users\ASUS\.cache\selenium\chromedriver\win32\101.0.4951.41\chromedriver.exe
08:37:03.775 [main] DEBUG net.serenitybdd.core.webdriver.driverproviders.ProvideNewDriver - Instantiating driver
08:37:03.775 [main] DEBUG net.serenitybdd.core.webdriver.driverproviders.ProvideNewDriver - Driver capabilities: Capabilities {acceptInsecureCerts: false, base.url: , browserName: chrome, goog:chromeOptions: {args: [], extensions: []}}
08:37:04.837 [AsyncHttpClient-1-4] DEBUG org.asynchttpclient.netty.channel.NettyConnectListener - Using new Channel '[id: 0x4e6f79b0, L:/127.0.0.1:61137 - R:localhost/127.0.0.1:58909]' for 'POST' to '/session'
08:37:05.686 [AsyncHttpClient-1-4] DEBUG org.asynchttpclient.netty.handler.HttpHandler - 

Request DefaultHttpRequest(decodeResult: success, version: HTTP/1.1)
POST /session HTTP/1.1
User-Agent: selenium/4.1.2 (java windows)
Content-Length: 457
Content-Type: application/json; charset=utf-8
host: localhost:58909
accept: */*

Response DefaultHttpResponse(decodeResult: success, version: HTTP/1.1)
HTTP/1.1 200 OK
Content-Type: application/json; charset=utf-8
cache-control: no-cache
content-length: 789

08:37:05.686 [AsyncHttpClient-1-4] DEBUG org.asynchttpclient.netty.channel.ChannelManager - Adding key: http://localhost:58909 for channel [id: 0x4e6f79b0, L:/127.0.0.1:61137 - R:localhost/127.0.0.1:58909]
08:37:05.692 [AsyncHttpClient-1-5] DEBUG org.asynchttpclient.netty.channel.NettyConnectListener - Using new Channel '[id: 0x21666254, L:/127.0.0.1:61143 - R:localhost/127.0.0.1:61138]' for 'GET' to '/json/version'
08:37:05.693 [AsyncHttpClient-1-5] DEBUG org.asynchttpclient.netty.handler.HttpHandler - 

Request DefaultFullHttpRequest(decodeResult: success, version: HTTP/1.1, content: EmptyByteBufBE)
GET /json/version HTTP/1.1
User-Agent: selenium/4.1.2 (java windows)
host: localhost:61138
accept: */*

Response DefaultHttpResponse(decodeResult: success, version: HTTP/1.1)
HTTP/1.1 200 OK
Content-Type: application/json; charset=UTF-8
content-length: 427

08:37:05.693 [AsyncHttpClient-1-5] DEBUG org.asynchttpclient.netty.channel.ChannelManager - Adding key: http://localhost:61138 for channel [id: 0x21666254, L:/127.0.0.1:61143 - R:localhost/127.0.0.1:61138]
08:37:05.696 [AsyncHttpClient-1-6] DEBUG org.asynchttpclient.netty.channel.NettyConnectListener - Using new Channel '[id: 0xfede1c6c, L:/127.0.0.1:61144 - R:localhost/127.0.0.1:61138]' for 'GET' to '/devtools/browser/6badd4f6-c477-413b-baa8-00554a9d379c'
08:37:05.696 [AsyncHttpClient-1-6] DEBUG org.asynchttpclient.netty.handler.WebSocketHandler - 

Request DefaultFullHttpRequest(decodeResult: success, version: HTTP/1.1, content: EmptyByteBufBE)
GET /devtools/browser/6badd4f6-c477-413b-baa8-00554a9d379c HTTP/1.1
upgrade: websocket
connection: upgrade
sec-websocket-key: NCWGWNPfbzdUhjmU8f0F7A==
sec-websocket-version: 13
origin: http://localhost:61138
host: localhost:61138
accept: */*
user-agent: AHC/2.1

Response DefaultHttpResponse(decodeResult: success, version: HTTP/1.1)
HTTP/1.1 101 WebSocket Protocol Handshake
Upgrade: WebSocket
Connection: Upgrade
Sec-WebSocket-Accept: 7S179Wd1TebK4A6FVsCp4elKPoM=

08:37:05.701 [Forwarding get on session 107b79f3d48c4354b7e3c8b3e0be009b to remote] DEBUG org.asynchttpclient.netty.request.NettyRequestSender - Using pooled Channel '[id: 0x4e6f79b0, L:/127.0.0.1:61137 - R:localhost/127.0.0.1:58909]' for 'POST' to 'http://localhost:58909/session/107b79f3d48c4354b7e3c8b3e0be009b/url'
08:37:05.701 [Forwarding get on session 107b79f3d48c4354b7e3c8b3e0be009b to remote] DEBUG org.asynchttpclient.netty.request.NettyRequestSender - Using open Channel [id: 0x4e6f79b0, L:/127.0.0.1:61137 - R:localhost/127.0.0.1:58909] for POST '/session/107b79f3d48c4354b7e3c8b3e0be009b/url'
08:37:06.728 [AsyncHttpClient-1-1] DEBUG org.asynchttpclient.netty.channel.DefaultChannelPool - Entry count for : http://localhost:61138 : 1
08:37:07.830 [AsyncHttpClient-1-1] DEBUG org.asynchttpclient.netty.channel.DefaultChannelPool - Entry count for : http://localhost:61138 : 1
08:37:08.928 [AsyncHttpClient-1-1] DEBUG org.asynchttpclient.netty.channel.DefaultChannelPool - Entry count for : http://localhost:61138 : 1
08:37:10.028 [AsyncHttpClient-1-1] DEBUG org.asynchttpclient.netty.channel.DefaultChannelPool - Entry count for : http://localhost:61138 : 1
08:37:11.132 [AsyncHttpClient-1-1] DEBUG org.asynchttpclient.netty.channel.DefaultChannelPool - Entry count for : http://localhost:61138 : 1
08:37:12.233 [AsyncHttpClient-1-1] DEBUG org.asynchttpclient.netty.channel.DefaultChannelPool - Entry count for : http://localhost:61138 : 1
08:37:12.761 [AsyncHttpClient-1-4] DEBUG org.asynchttpclient.netty.handler.HttpHandler - 

Request DefaultHttpRequest(decodeResult: success, version: HTTP/1.1)
POST /session/107b79f3d48c4354b7e3c8b3e0be009b/url HTTP/1.1
User-Agent: selenium/4.1.2 (java windows)
Content-Length: 49
Content-Type: application/json; charset=utf-8
host: localhost:58909
accept: */*

Response DefaultHttpResponse(decodeResult: success, version: HTTP/1.1)
HTTP/1.1 200 OK
Content-Type: application/json; charset=utf-8
cache-control: no-cache
content-length: 14

08:37:12.762 [AsyncHttpClient-1-4] DEBUG org.asynchttpclient.netty.channel.ChannelManager - Adding key: http://localhost:58909 for channel [id: 0x4e6f79b0, L:/127.0.0.1:61137 - R:localhost/127.0.0.1:58909]
08:37:12.762 [Forwarding setTimeout on session 107b79f3d48c4354b7e3c8b3e0be009b to remote] DEBUG org.asynchttpclient.netty.request.NettyRequestSender - Using pooled Channel '[id: 0x4e6f79b0, L:/127.0.0.1:61137 - R:localhost/127.0.0.1:58909]' for 'POST' to 'http://localhost:58909/session/107b79f3d48c4354b7e3c8b3e0be009b/timeouts'
08:37:12.762 [Forwarding setTimeout on session 107b79f3d48c4354b7e3c8b3e0be009b to remote] DEBUG org.asynchttpclient.netty.request.NettyRequestSender - Using open Channel [id: 0x4e6f79b0, L:/127.0.0.1:61137 - R:localhost/127.0.0.1:58909] for POST '/session/107b79f3d48c4354b7e3c8b3e0be009b/timeouts'
08:37:12.763 [AsyncHttpClient-1-4] DEBUG org.asynchttpclient.netty.handler.HttpHandler - 

Request DefaultHttpRequest(decodeResult: success, version: HTTP/1.1)
POST /session/107b79f3d48c4354b7e3c8b3e0be009b/timeouts HTTP/1.1
User-Agent: selenium/4.1.2 (java windows)
Content-Length: 22
Content-Type: application/json; charset=utf-8
host: localhost:58909
accept: */*

Response DefaultHttpResponse(decodeResult: success, version: HTTP/1.1)
HTTP/1.1 200 OK
Content-Type: application/json; charset=utf-8
cache-control: no-cache
content-length: 14

08:37:12.763 [AsyncHttpClient-1-4] DEBUG org.asynchttpclient.netty.channel.ChannelManager - Adding key: http://localhost:58909 for channel [id: 0x4e6f79b0, L:/127.0.0.1:61137 - R:localhost/127.0.0.1:58909]
08:37:12.764 [Forwarding getCurrentUrl on session 107b79f3d48c4354b7e3c8b3e0be009b to remote] DEBUG org.asynchttpclient.netty.request.NettyRequestSender - Using pooled Channel '[id: 0x4e6f79b0, L:/127.0.0.1:61137 - R:localhost/127.0.0.1:58909]' for 'GET' to 'http://localhost:58909/session/107b79f3d48c4354b7e3c8b3e0be009b/url'
08:37:12.764 [Forwarding getCurrentUrl on session 107b79f3d48c4354b7e3c8b3e0be009b to remote] DEBUG org.asynchttpclient.netty.request.NettyRequestSender - Using open Channel [id: 0x4e6f79b0, L:/127.0.0.1:61137 - R:localhost/127.0.0.1:58909] for GET '/session/107b79f3d48c4354b7e3c8b3e0be009b/url'
08:37:12.769 [AsyncHttpClient-1-4] DEBUG org.asynchttpclient.netty.handler.HttpHandler - 

Request DefaultFullHttpRequest(decodeResult: success, version: HTTP/1.1, content: EmptyByteBufBE)
GET /session/107b79f3d48c4354b7e3c8b3e0be009b/url HTTP/1.1
User-Agent: selenium/4.1.2 (java windows)
Cache-Control: no-cache
Content-Type: application/json; charset=utf-8
host: localhost:58909
accept: */*

Response DefaultHttpResponse(decodeResult: success, version: HTTP/1.1)
HTTP/1.1 200 OK
Content-Type: application/json; charset=utf-8
cache-control: no-cache
content-length: 31

08:37:12.769 [AsyncHttpClient-1-4] DEBUG org.asynchttpclient.netty.channel.ChannelManager - Adding key: http://localhost:58909 for channel [id: 0x4e6f79b0, L:/127.0.0.1:61137 - R:localhost/127.0.0.1:58909]
  &amp#27;[32mGiven &amp#27;[0m&amp#27;[32mi access the web&amp#27;[0m                 &amp#27;[90m# starter.stepdefinitions.registerStep.iAccessTheWeb()&amp#27;[0m
08:37:12.774 [Forwarding screenshot on session 107b79f3d48c4354b7e3c8b3e0be009b to remote] DEBUG org.asynchttpclient.netty.request.NettyRequestSender - Using pooled Channel '[id: 0x4e6f79b0, L:/127.0.0.1:61137 - R:localhost/127.0.0.1:58909]' for 'GET' to 'http://localhost:58909/session/107b79f3d48c4354b7e3c8b3e0be009b/screenshot'
08:37:12.774 [Forwarding screenshot on session 107b79f3d48c4354b7e3c8b3e0be009b to remote] DEBUG org.asynchttpclient.netty.request.NettyRequestSender - Using open Channel [id: 0x4e6f79b0, L:/127.0.0.1:61137 - R:localhost/127.0.0.1:58909] for GET '/session/107b79f3d48c4354b7e3c8b3e0be009b/screenshot'
08:37:13.132 [AsyncHttpClient-1-4] DEBUG org.asynchttpclient.netty.handler.HttpHandler - 

Request DefaultFullHttpRequest(decodeResult: success, version: HTTP/1.1, content: EmptyByteBufBE)
GET /session/107b79f3d48c4354b7e3c8b3e0be009b/screenshot HTTP/1.1
User-Agent: selenium/4.1.2 (java windows)
Cache-Control: no-cache
Content-Type: application/json; charset=utf-8
host: localhost:58909
accept: */*

Response DefaultHttpResponse(decodeResult: success, version: HTTP/1.1)
HTTP/1.1 200 OK
Content-Type: application/json; charset=utf-8
cache-control: no-cache
content-length: 44392

08:37:13.133 [AsyncHttpClient-1-4] DEBUG org.asynchttpclient.netty.channel.ChannelManager - Adding key: http://localhost:58909 for channel [id: 0x4e6f79b0, L:/127.0.0.1:61137 - R:localhost/127.0.0.1:58909]
08:37:13.135 [main] DEBUG net.serenitybdd.core.photography.Darkroom - Send negative for processing for target\site\serenity\3c572d11653100216de3bc3cb09e59422d0a95e2c9e5b374220f472eb199e210.png
08:37:13.135 [Darkroom Processing Line] DEBUG net.serenitybdd.core.photography.DarkroomProcessingLine - Processing screenshot image in /var/screenshots/screenshot-11336189709647098859
08:37:13.135 [Darkroom Processing Line] DEBUG net.serenitybdd.core.photography.DarkroomProcessingLine - Saving screenshot to target\site\serenity\3c572d11653100216de3bc3cb09e59422d0a95e2c9e5b374220f472eb199e210.png
08:37:13.142 [Forwarding findElement on session 107b79f3d48c4354b7e3c8b3e0be009b to remote] DEBUG org.asynchttpclient.netty.request.NettyRequestSender - Using pooled Channel '[id: 0x4e6f79b0, L:/127.0.0.1:61137 - R:localhost/127.0.0.1:58909]' for 'POST' to 'http://localhost:58909/session/107b79f3d48c4354b7e3c8b3e0be009b/element'
08:37:13.142 [Forwarding findElement on session 107b79f3d48c4354b7e3c8b3e0be009b to remote] DEBUG org.asynchttpclient.netty.request.NettyRequestSender - Using open Channel [id: 0x4e6f79b0, L:/127.0.0.1:61137 - R:localhost/127.0.0.1:58909] for POST '/session/107b79f3d48c4354b7e3c8b3e0be009b/element'
08:37:13.156 [AsyncHttpClient-1-4] DEBUG org.asynchttpclient.netty.handler.HttpHandler - 

Request DefaultHttpRequest(decodeResult: success, version: HTTP/1.1)
POST /session/107b79f3d48c4354b7e3c8b3e0be009b/element HTTP/1.1
User-Agent: selenium/4.1.2 (java windows)
Content-Length: 170
Content-Type: application/json; charset=utf-8
host: localhost:58909
accept: */*

Response DefaultHttpResponse(decodeResult: success, version: HTTP/1.1)
HTTP/1.1 200 OK
Content-Type: application/json; charset=utf-8
cache-control: no-cache
content-length: 88

08:37:13.156 [AsyncHttpClient-1-4] DEBUG org.asynchttpclient.netty.channel.ChannelManager - Adding key: http://localhost:58909 for channel [id: 0x4e6f79b0, L:/127.0.0.1:61137 - R:localhost/127.0.0.1:58909]
08:37:13.157 [Forwarding getElementTagName on session 107b79f3d48c4354b7e3c8b3e0be009b to remote] DEBUG org.asynchttpclient.netty.request.NettyRequestSender - Using pooled Channel '[id: 0x4e6f79b0, L:/127.0.0.1:61137 - R:localhost/127.0.0.1:58909]' for 'GET' to 'http://localhost:58909/session/107b79f3d48c4354b7e3c8b3e0be009b/element/4e3377ed-1aaf-4cf5-a907-69fa28b03786/name'
08:37:13.157 [Forwarding getElementTagName on session 107b79f3d48c4354b7e3c8b3e0be009b to remote] DEBUG org.asynchttpclient.netty.request.NettyRequestSender - Using open Channel [id: 0x4e6f79b0, L:/127.0.0.1:61137 - R:localhost/127.0.0.1:58909] for GET '/session/107b79f3d48c4354b7e3c8b3e0be009b/element/4e3377ed-1aaf-4cf5-a907-69fa28b03786/name'
08:37:13.162 [AsyncHttpClient-1-4] DEBUG org.asynchttpclient.netty.handler.HttpHandler - 

Request DefaultFullHttpRequest(decodeResult: success, version: HTTP/1.1, content: EmptyByteBufBE)
GET /session/107b79f3d48c4354b7e3c8b3e0be009b/element/4e3377ed-1aaf-4cf5-a907-69fa28b03786/name HTTP/1.1
User-Agent: selenium/4.1.2 (java windows)
Cache-Control: no-cache
Content-Type: application/json; charset=utf-8
host: localhost:58909
accept: */*

Response DefaultHttpResponse(decodeResult: success, version: HTTP/1.1)
HTTP/1.1 200 OK
Content-Type: application/json; charset=utf-8
cache-control: no-cache
content-length: 13

08:37:13.163 [AsyncHttpClient-1-4] DEBUG org.asynchttpclient.netty.channel.ChannelManager - Adding key: http://localhost:58909 for channel [id: 0x4e6f79b0, L:/127.0.0.1:61137 - R:localhost/127.0.0.1:58909]
08:37:13.163 [Forwarding getElementTagName on session 107b79f3d48c4354b7e3c8b3e0be009b to remote] DEBUG org.asynchttpclient.netty.request.NettyRequestSender - Using pooled Channel '[id: 0x4e6f79b0, L:/127.0.0.1:61137 - R:localhost/127.0.0.1:58909]' for 'GET' to 'http://localhost:58909/session/107b79f3d48c4354b7e3c8b3e0be009b/element/4e3377ed-1aaf-4cf5-a907-69fa28b03786/name'
08:37:13.163 [Forwarding getElementTagName on session 107b79f3d48c4354b7e3c8b3e0be009b to remote] DEBUG org.asynchttpclient.netty.request.NettyRequestSender - Using open Channel [id: 0x4e6f79b0, L:/127.0.0.1:61137 - R:localhost/127.0.0.1:58909] for GET '/session/107b79f3d48c4354b7e3c8b3e0be009b/element/4e3377ed-1aaf-4cf5-a907-69fa28b03786/name'
08:37:13.167 [AsyncHttpClient-1-4] DEBUG org.asynchttpclient.netty.handler.HttpHandler - 

Request DefaultFullHttpRequest(decodeResult: success, version: HTTP/1.1, content: EmptyByteBufBE)
GET /session/107b79f3d48c4354b7e3c8b3e0be009b/element/4e3377ed-1aaf-4cf5-a907-69fa28b03786/name HTTP/1.1
User-Agent: selenium/4.1.2 (java windows)
Cache-Control: no-cache
Content-Type: application/json; charset=utf-8
host: localhost:58909
accept: */*

Response DefaultHttpResponse(decodeResult: success, version: HTTP/1.1)
HTTP/1.1 200 OK
Content-Type: application/json; charset=utf-8
cache-control: no-cache
content-length: 13

08:37:13.167 [AsyncHttpClient-1-4] DEBUG org.asynchttpclient.netty.channel.ChannelManager - Adding key: http://localhost:58909 for channel [id: 0x4e6f79b0, L:/127.0.0.1:61137 - R:localhost/127.0.0.1:58909]
08:37:13.169 [Forwarding findElement on session 107b79f3d48c4354b7e3c8b3e0be009b to remote] DEBUG org.asynchttpclient.netty.request.NettyRequestSender - Using pooled Channel '[id: 0x4e6f79b0, L:/127.0.0.1:61137 - R:localhost/127.0.0.1:58909]' for 'POST' to 'http://localhost:58909/session/107b79f3d48c4354b7e3c8b3e0be009b/element'
08:37:13.169 [Forwarding findElement on session 107b79f3d48c4354b7e3c8b3e0be009b to remote] DEBUG org.asynchttpclient.netty.request.NettyRequestSender - Using open Channel [id: 0x4e6f79b0, L:/127.0.0.1:61137 - R:localhost/127.0.0.1:58909] for POST '/session/107b79f3d48c4354b7e3c8b3e0be009b/element'
08:37:13.176 [AsyncHttpClient-1-4] DEBUG org.asynchttpclient.netty.handler.HttpHandler - 

Request DefaultHttpRequest(decodeResult: success, version: HTTP/1.1)
POST /session/107b79f3d48c4354b7e3c8b3e0be009b/element HTTP/1.1
User-Agent: selenium/4.1.2 (java windows)
Content-Length: 170
Content-Type: application/json; charset=utf-8
host: localhost:58909
accept: */*

Response DefaultHttpResponse(decodeResult: success, version: HTTP/1.1)
HTTP/1.1 200 OK
Content-Type: application/json; charset=utf-8
cache-control: no-cache
content-length: 88

08:37:13.176 [AsyncHttpClient-1-4] DEBUG org.asynchttpclient.netty.channel.ChannelManager - Adding key: http://localhost:58909 for channel [id: 0x4e6f79b0, L:/127.0.0.1:61137 - R:localhost/127.0.0.1:58909]
08:37:13.176 [Forwarding clickElement on session 107b79f3d48c4354b7e3c8b3e0be009b to remote] DEBUG org.asynchttpclient.netty.request.NettyRequestSender - Using pooled Channel '[id: 0x4e6f79b0, L:/127.0.0.1:61137 - R:localhost/127.0.0.1:58909]' for 'POST' to 'http://localhost:58909/session/107b79f3d48c4354b7e3c8b3e0be009b/element/4e3377ed-1aaf-4cf5-a907-69fa28b03786/click'
08:37:13.176 [Forwarding clickElement on session 107b79f3d48c4354b7e3c8b3e0be009b to remote] DEBUG org.asynchttpclient.netty.request.NettyRequestSender - Using open Channel [id: 0x4e6f79b0, L:/127.0.0.1:61137 - R:localhost/127.0.0.1:58909] for POST '/session/107b79f3d48c4354b7e3c8b3e0be009b/element/4e3377ed-1aaf-4cf5-a907-69fa28b03786/click'
08:37:13.328 [AsyncHttpClient-1-1] DEBUG org.asynchttpclient.netty.channel.DefaultChannelPool - Entry count for : http://localhost:61138 : 1
08:37:14.253 [AsyncHttpClient-1-4] DEBUG org.asynchttpclient.netty.handler.HttpHandler - 

Request DefaultHttpRequest(decodeResult: success, version: HTTP/1.1)
POST /session/107b79f3d48c4354b7e3c8b3e0be009b/element/4e3377ed-1aaf-4cf5-a907-69fa28b03786/click HTTP/1.1
User-Agent: selenium/4.1.2 (java windows)
Content-Length: 50
Content-Type: application/json; charset=utf-8
host: localhost:58909
accept: */*

Response DefaultHttpResponse(decodeResult: success, version: HTTP/1.1)
HTTP/1.1 200 OK
Content-Type: application/json; charset=utf-8
cache-control: no-cache
content-length: 14

08:37:14.254 [AsyncHttpClient-1-4] DEBUG org.asynchttpclient.netty.channel.ChannelManager - Adding key: http://localhost:58909 for channel [id: 0x4e6f79b0, L:/127.0.0.1:61137 - R:localhost/127.0.0.1:58909]
08:37:14.256 [Forwarding get on session 107b79f3d48c4354b7e3c8b3e0be009b to remote] DEBUG org.asynchttpclient.netty.request.NettyRequestSender - Using pooled Channel '[id: 0x4e6f79b0, L:/127.0.0.1:61137 - R:localhost/127.0.0.1:58909]' for 'POST' to 'http://localhost:58909/session/107b79f3d48c4354b7e3c8b3e0be009b/url'
08:37:14.256 [Forwarding get on session 107b79f3d48c4354b7e3c8b3e0be009b to remote] DEBUG org.asynchttpclient.netty.request.NettyRequestSender - Using open Channel [id: 0x4e6f79b0, L:/127.0.0.1:61137 - R:localhost/127.0.0.1:58909] for POST '/session/107b79f3d48c4354b7e3c8b3e0be009b/url'
08:37:14.436 [AsyncHttpClient-1-1] DEBUG org.asynchttpclient.netty.channel.DefaultChannelPool - Entry count for : http://localhost:61138 : 1
08:37:14.691 [AsyncHttpClient-1-4] DEBUG org.asynchttpclient.netty.handler.HttpHandler - 

Request DefaultHttpRequest(decodeResult: success, version: HTTP/1.1)
POST /session/107b79f3d48c4354b7e3c8b3e0be009b/url HTTP/1.1
User-Agent: selenium/4.1.2 (java windows)
Content-Length: 67
Content-Type: application/json; charset=utf-8
host: localhost:58909
accept: */*

Response DefaultHttpResponse(decodeResult: success, version: HTTP/1.1)
HTTP/1.1 200 OK
Content-Type: application/json; charset=utf-8
cache-control: no-cache
content-length: 14

08:37:14.691 [AsyncHttpClient-1-4] DEBUG org.asynchttpclient.netty.channel.ChannelManager - Adding key: http://localhost:58909 for channel [id: 0x4e6f79b0, L:/127.0.0.1:61137 - R:localhost/127.0.0.1:58909]
08:37:14.692 [Forwarding getCurrentUrl on session 107b79f3d48c4354b7e3c8b3e0be009b to remote] DEBUG org.asynchttpclient.netty.request.NettyRequestSender - Using pooled Channel '[id: 0x4e6f79b0, L:/127.0.0.1:61137 - R:localhost/127.0.0.1:58909]' for 'GET' to 'http://localhost:58909/session/107b79f3d48c4354b7e3c8b3e0be009b/url'
08:37:14.692 [Forwarding getCurrentUrl on session 107b79f3d48c4354b7e3c8b3e0be009b to remote] DEBUG org.asynchttpclient.netty.request.NettyRequestSender - Using open Channel [id: 0x4e6f79b0, L:/127.0.0.1:61137 - R:localhost/127.0.0.1:58909] for GET '/session/107b79f3d48c4354b7e3c8b3e0be009b/url'
08:37:14.697 [AsyncHttpClient-1-4] DEBUG org.asynchttpclient.netty.handler.HttpHandler - 

Request DefaultFullHttpRequest(decodeResult: success, version: HTTP/1.1, content: EmptyByteBufBE)
GET /session/107b79f3d48c4354b7e3c8b3e0be009b/url HTTP/1.1
User-Agent: selenium/4.1.2 (java windows)
Cache-Control: no-cache
Content-Type: application/json; charset=utf-8
host: localhost:58909
accept: */*

Response DefaultHttpResponse(decodeResult: success, version: HTTP/1.1)
HTTP/1.1 200 OK
Content-Type: application/json; charset=utf-8
cache-control: no-cache
content-length: 44

08:37:14.697 [AsyncHttpClient-1-4] DEBUG org.asynchttpclient.netty.channel.ChannelManager - Adding key: http://localhost:58909 for channel [id: 0x4e6f79b0, L:/127.0.0.1:61137 - R:localhost/127.0.0.1:58909]
  &amp#27;[32mWhen &amp#27;[0m&amp#27;[32mi click icon account and register&amp#27;[0m &amp#27;[90m# starter.stepdefinitions.registerStep.iClickIconAccountAndRegister()&amp#27;[0m
08:37:14.701 [Forwarding screenshot on session 107b79f3d48c4354b7e3c8b3e0be009b to remote] DEBUG org.asynchttpclient.netty.request.NettyRequestSender - Using pooled Channel '[id: 0x4e6f79b0, L:/127.0.0.1:61137 - R:localhost/127.0.0.1:58909]' for 'GET' to 'http://localhost:58909/session/107b79f3d48c4354b7e3c8b3e0be009b/screenshot'
08:37:14.701 [Forwarding screenshot on session 107b79f3d48c4354b7e3c8b3e0be009b to remote] DEBUG org.asynchttpclient.netty.request.NettyRequestSender - Using open Channel [id: 0x4e6f79b0, L:/127.0.0.1:61137 - R:localhost/127.0.0.1:58909] for GET '/session/107b79f3d48c4354b7e3c8b3e0be009b/screenshot'
08:37:14.842 [AsyncHttpClient-1-4] DEBUG org.asynchttpclient.netty.handler.HttpHandler - 

Request DefaultFullHttpRequest(decodeResult: success, version: HTTP/1.1, content: EmptyByteBufBE)
GET /session/107b79f3d48c4354b7e3c8b3e0be009b/screenshot HTTP/1.1
User-Agent: selenium/4.1.2 (java windows)
Cache-Control: no-cache
Content-Type: application/json; charset=utf-8
host: localhost:58909
accept: */*

Response DefaultHttpResponse(decodeResult: success, version: HTTP/1.1)
HTTP/1.1 200 OK
Content-Type: application/json; charset=utf-8
cache-control: no-cache
content-length: 44712

08:37:14.842 [AsyncHttpClient-1-4] DEBUG org.asynchttpclient.netty.channel.ChannelManager - Adding key: http://localhost:58909 for channel [id: 0x4e6f79b0, L:/127.0.0.1:61137 - R:localhost/127.0.0.1:58909]
08:37:14.844 [main] DEBUG net.serenitybdd.core.photography.Darkroom - Send negative for processing for target\site\serenity\5878dcd14100689100ab56c5d7caf6cd4ce6332ad83640f0e979aa03cc6729b9.png
08:37:14.851 [Forwarding findElement on session 107b79f3d48c4354b7e3c8b3e0be009b to remote] DEBUG org.asynchttpclient.netty.request.NettyRequestSender - Using pooled Channel '[id: 0x4e6f79b0, L:/127.0.0.1:61137 - R:localhost/127.0.0.1:58909]' for 'POST' to 'http://localhost:58909/session/107b79f3d48c4354b7e3c8b3e0be009b/element'
08:37:14.851 [Forwarding findElement on session 107b79f3d48c4354b7e3c8b3e0be009b to remote] DEBUG org.asynchttpclient.netty.request.NettyRequestSender - Using open Channel [id: 0x4e6f79b0, L:/127.0.0.1:61137 - R:localhost/127.0.0.1:58909] for POST '/session/107b79f3d48c4354b7e3c8b3e0be009b/element'
08:37:14.862 [AsyncHttpClient-1-4] DEBUG org.asynchttpclient.netty.handler.HttpHandler - 

Request DefaultHttpRequest(decodeResult: success, version: HTTP/1.1)
POST /session/107b79f3d48c4354b7e3c8b3e0be009b/element HTTP/1.1
User-Agent: selenium/4.1.2 (java windows)
Content-Length: 93
Content-Type: application/json; charset=utf-8
host: localhost:58909
accept: */*

Response DefaultHttpResponse(decodeResult: success, version: HTTP/1.1)
HTTP/1.1 200 OK
Content-Type: application/json; charset=utf-8
cache-control: no-cache
content-length: 88

08:37:14.862 [AsyncHttpClient-1-4] DEBUG org.asynchttpclient.netty.channel.ChannelManager - Adding key: http://localhost:58909 for channel [id: 0x4e6f79b0, L:/127.0.0.1:61137 - R:localhost/127.0.0.1:58909]
08:37:14.863 [Forwarding clearElement on session 107b79f3d48c4354b7e3c8b3e0be009b to remote] DEBUG org.asynchttpclient.netty.request.NettyRequestSender - Using pooled Channel '[id: 0x4e6f79b0, L:/127.0.0.1:61137 - R:localhost/127.0.0.1:58909]' for 'POST' to 'http://localhost:58909/session/107b79f3d48c4354b7e3c8b3e0be009b/element/b09cb27b-ab40-4395-bd78-5327708f5163/clear'
08:37:14.863 [Forwarding clearElement on session 107b79f3d48c4354b7e3c8b3e0be009b to remote] DEBUG org.asynchttpclient.netty.request.NettyRequestSender - Using open Channel [id: 0x4e6f79b0, L:/127.0.0.1:61137 - R:localhost/127.0.0.1:58909] for POST '/session/107b79f3d48c4354b7e3c8b3e0be009b/element/b09cb27b-ab40-4395-bd78-5327708f5163/clear'
08:37:14.896 [AsyncHttpClient-1-4] DEBUG org.asynchttpclient.netty.handler.HttpHandler - 

Request DefaultHttpRequest(decodeResult: success, version: HTTP/1.1)
POST /session/107b79f3d48c4354b7e3c8b3e0be009b/element/b09cb27b-ab40-4395-bd78-5327708f5163/clear HTTP/1.1
User-Agent: selenium/4.1.2 (java windows)
Content-Length: 50
Content-Type: application/json; charset=utf-8
host: localhost:58909
accept: */*

Response DefaultHttpResponse(decodeResult: success, version: HTTP/1.1)
HTTP/1.1 200 OK
Content-Type: application/json; charset=utf-8
cache-control: no-cache
content-length: 14

08:37:14.896 [AsyncHttpClient-1-4] DEBUG org.asynchttpclient.netty.channel.ChannelManager - Adding key: http://localhost:58909 for channel [id: 0x4e6f79b0, L:/127.0.0.1:61137 - R:localhost/127.0.0.1:58909]
08:37:14.898 [Forwarding sendKeysToElement on session 107b79f3d48c4354b7e3c8b3e0be009b to remote] DEBUG org.asynchttpclient.netty.request.NettyRequestSender - Using pooled Channel '[id: 0x4e6f79b0, L:/127.0.0.1:61137 - R:localhost/127.0.0.1:58909]' for 'POST' to 'http://localhost:58909/session/107b79f3d48c4354b7e3c8b3e0be009b/element/b09cb27b-ab40-4395-bd78-5327708f5163/value'
08:37:14.898 [Forwarding sendKeysToElement on session 107b79f3d48c4354b7e3c8b3e0be009b to remote] DEBUG org.asynchttpclient.netty.request.NettyRequestSender - Using open Channel [id: 0x4e6f79b0, L:/127.0.0.1:61137 - R:localhost/127.0.0.1:58909] for POST '/session/107b79f3d48c4354b7e3c8b3e0be009b/element/b09cb27b-ab40-4395-bd78-5327708f5163/value'
08:37:14.963 [AsyncHttpClient-1-4] DEBUG org.asynchttpclient.netty.handler.HttpHandler - 

Request DefaultHttpRequest(decodeResult: success, version: HTTP/1.1)
POST /session/107b79f3d48c4354b7e3c8b3e0be009b/element/b09cb27b-ab40-4395-bd78-5327708f5163/value HTTP/1.1
User-Agent: selenium/4.1.2 (java windows)
Content-Length: 121
Content-Type: application/json; charset=utf-8
host: localhost:58909
accept: */*

Response DefaultHttpResponse(decodeResult: success, version: HTTP/1.1)
HTTP/1.1 200 OK
Content-Type: application/json; charset=utf-8
cache-control: no-cache
content-length: 14

08:37:14.963 [AsyncHttpClient-1-4] DEBUG org.asynchttpclient.netty.channel.ChannelManager - Adding key: http://localhost:58909 for channel [id: 0x4e6f79b0, L:/127.0.0.1:61137 - R:localhost/127.0.0.1:58909]
  &amp#27;[32mAnd &amp#27;[0m&amp#27;[32mi input &amp#27;[0m&amp#27;[32m&amp#27;[1m"same"&amp#27;[0m&amp#27;[32m my name&amp#27;[0m             &amp#27;[90m# starter.stepdefinitions.registerStep.iInputMyName(java.lang.String)&amp#27;[0m
08:37:14.968 [Forwarding screenshot on session 107b79f3d48c4354b7e3c8b3e0be009b to remote] DEBUG org.asynchttpclient.netty.request.NettyRequestSender - Using pooled Channel '[id: 0x4e6f79b0, L:/127.0.0.1:61137 - R:localhost/127.0.0.1:58909]' for 'GET' to 'http://localhost:58909/session/107b79f3d48c4354b7e3c8b3e0be009b/screenshot'
08:37:14.969 [Forwarding screenshot on session 107b79f3d48c4354b7e3c8b3e0be009b to remote] DEBUG org.asynchttpclient.netty.request.NettyRequestSender - Using open Channel [id: 0x4e6f79b0, L:/127.0.0.1:61137 - R:localhost/127.0.0.1:58909] for GET '/session/107b79f3d48c4354b7e3c8b3e0be009b/screenshot'
08:37:15.109 [AsyncHttpClient-1-4] DEBUG org.asynchttpclient.netty.handler.HttpHandler - 

Request DefaultFullHttpRequest(decodeResult: success, version: HTTP/1.1, content: EmptyByteBufBE)
GET /session/107b79f3d48c4354b7e3c8b3e0be009b/screenshot HTTP/1.1
User-Agent: selenium/4.1.2 (java windows)
Cache-Control: no-cache
Content-Type: application/json; charset=utf-8
host: localhost:58909
accept: */*

Response DefaultHttpResponse(decodeResult: success, version: HTTP/1.1)
HTTP/1.1 200 OK
Content-Type: application/json; charset=utf-8
cache-control: no-cache
content-length: 47060

08:37:15.109 [AsyncHttpClient-1-4] DEBUG org.asynchttpclient.netty.channel.ChannelManager - Adding key: http://localhost:58909 for channel [id: 0x4e6f79b0, L:/127.0.0.1:61137 - R:localhost/127.0.0.1:58909]
08:37:15.111 [main] DEBUG net.serenitybdd.core.photography.Darkroom - Send negative for processing for target\site\serenity\38d6cbcbf9c4e6bd85f34cc5f7c201de8f92cf8ea5cadcbd534d12032efa27c4.png
08:37:15.112 [Darkroom Processing Line] DEBUG net.serenitybdd.core.photography.DarkroomProcessingLine - Processing screenshot image in /var/screenshots/screenshot-7405625004263556354
08:37:15.112 [Darkroom Processing Line] DEBUG net.serenitybdd.core.photography.DarkroomProcessingLine - Saving screenshot to target\site\serenity\38d6cbcbf9c4e6bd85f34cc5f7c201de8f92cf8ea5cadcbd534d12032efa27c4.png
08:37:15.120 [Forwarding findElement on session 107b79f3d48c4354b7e3c8b3e0be009b to remote] DEBUG org.asynchttpclient.netty.request.NettyRequestSender - Using pooled Channel '[id: 0x4e6f79b0, L:/127.0.0.1:61137 - R:localhost/127.0.0.1:58909]' for 'POST' to 'http://localhost:58909/session/107b79f3d48c4354b7e3c8b3e0be009b/element'
08:37:15.120 [Forwarding findElement on session 107b79f3d48c4354b7e3c8b3e0be009b to remote] DEBUG org.asynchttpclient.netty.request.NettyRequestSender - Using open Channel [id: 0x4e6f79b0, L:/127.0.0.1:61137 - R:localhost/127.0.0.1:58909] for POST '/session/107b79f3d48c4354b7e3c8b3e0be009b/element'
08:37:15.132 [AsyncHttpClient-1-4] DEBUG org.asynchttpclient.netty.handler.HttpHandler - 

Request DefaultHttpRequest(decodeResult: success, version: HTTP/1.1)
POST /session/107b79f3d48c4354b7e3c8b3e0be009b/element HTTP/1.1
User-Agent: selenium/4.1.2 (java windows)
Content-Length: 86
Content-Type: application/json; charset=utf-8
host: localhost:58909
accept: */*

Response DefaultHttpResponse(decodeResult: success, version: HTTP/1.1)
HTTP/1.1 200 OK
Content-Type: application/json; charset=utf-8
cache-control: no-cache
content-length: 88

08:37:15.132 [AsyncHttpClient-1-4] DEBUG org.asynchttpclient.netty.channel.ChannelManager - Adding key: http://localhost:58909 for channel [id: 0x4e6f79b0, L:/127.0.0.1:61137 - R:localhost/127.0.0.1:58909]
08:37:15.133 [Forwarding clearElement on session 107b79f3d48c4354b7e3c8b3e0be009b to remote] DEBUG org.asynchttpclient.netty.request.NettyRequestSender - Using pooled Channel '[id: 0x4e6f79b0, L:/127.0.0.1:61137 - R:localhost/127.0.0.1:58909]' for 'POST' to 'http://localhost:58909/session/107b79f3d48c4354b7e3c8b3e0be009b/element/354b3e08-eb0b-4ae2-987e-22d8f676ab5a/clear'
08:37:15.133 [Forwarding clearElement on session 107b79f3d48c4354b7e3c8b3e0be009b to remote] DEBUG org.asynchttpclient.netty.request.NettyRequestSender - Using open Channel [id: 0x4e6f79b0, L:/127.0.0.1:61137 - R:localhost/127.0.0.1:58909] for POST '/session/107b79f3d48c4354b7e3c8b3e0be009b/element/354b3e08-eb0b-4ae2-987e-22d8f676ab5a/clear'
08:37:15.165 [AsyncHttpClient-1-4] DEBUG org.asynchttpclient.netty.handler.HttpHandler - 

Request DefaultHttpRequest(decodeResult: success, version: HTTP/1.1)
POST /session/107b79f3d48c4354b7e3c8b3e0be009b/element/354b3e08-eb0b-4ae2-987e-22d8f676ab5a/clear HTTP/1.1
User-Agent: selenium/4.1.2 (java windows)
Content-Length: 50
Content-Type: application/json; charset=utf-8
host: localhost:58909
accept: */*

Response DefaultHttpResponse(decodeResult: success, version: HTTP/1.1)
HTTP/1.1 200 OK
Content-Type: application/json; charset=utf-8
cache-control: no-cache
content-length: 14

08:37:15.165 [AsyncHttpClient-1-4] DEBUG org.asynchttpclient.netty.channel.ChannelManager - Adding key: http://localhost:58909 for channel [id: 0x4e6f79b0, L:/127.0.0.1:61137 - R:localhost/127.0.0.1:58909]
08:37:15.166 [Forwarding sendKeysToElement on session 107b79f3d48c4354b7e3c8b3e0be009b to remote] DEBUG org.asynchttpclient.netty.request.NettyRequestSender - Using pooled Channel '[id: 0x4e6f79b0, L:/127.0.0.1:61137 - R:localhost/127.0.0.1:58909]' for 'POST' to 'http://localhost:58909/session/107b79f3d48c4354b7e3c8b3e0be009b/element/354b3e08-eb0b-4ae2-987e-22d8f676ab5a/value'
08:37:15.166 [Forwarding sendKeysToElement on session 107b79f3d48c4354b7e3c8b3e0be009b to remote] DEBUG org.asynchttpclient.netty.request.NettyRequestSender - Using open Channel [id: 0x4e6f79b0, L:/127.0.0.1:61137 - R:localhost/127.0.0.1:58909] for POST '/session/107b79f3d48c4354b7e3c8b3e0be009b/element/354b3e08-eb0b-4ae2-987e-22d8f676ab5a/value'
08:37:15.278 [AsyncHttpClient-1-4] DEBUG org.asynchttpclient.netty.handler.HttpHandler - 

Request DefaultHttpRequest(decodeResult: success, version: HTTP/1.1)
POST /session/107b79f3d48c4354b7e3c8b3e0be009b/element/354b3e08-eb0b-4ae2-987e-22d8f676ab5a/value HTTP/1.1
User-Agent: selenium/4.1.2 (java windows)
Content-Length: 231
Content-Type: application/json; charset=utf-8
host: localhost:58909
accept: */*

Response DefaultHttpResponse(decodeResult: success, version: HTTP/1.1)
HTTP/1.1 200 OK
Content-Type: application/json; charset=utf-8
cache-control: no-cache
content-length: 14

08:37:15.278 [AsyncHttpClient-1-4] DEBUG org.asynchttpclient.netty.channel.ChannelManager - Adding key: http://localhost:58909 for channel [id: 0x4e6f79b0, L:/127.0.0.1:61137 - R:localhost/127.0.0.1:58909]
  &amp#27;[32mAnd &amp#27;[0m&amp#27;[32mi input &amp#27;[0m&amp#27;[32m&amp#27;[1m"gopal@gmail.com"&amp#27;[0m&amp#27;[32m my email&amp#27;[0m &amp#27;[90m# starter.stepdefinitions.registerStep.iInputMyEmail(java.lang.String)&amp#27;[0m
08:37:15.285 [Forwarding screenshot on session 107b79f3d48c4354b7e3c8b3e0be009b to remote] DEBUG org.asynchttpclient.netty.request.NettyRequestSender - Using pooled Channel '[id: 0x4e6f79b0, L:/127.0.0.1:61137 - R:localhost/127.0.0.1:58909]' for 'GET' to 'http://localhost:58909/session/107b79f3d48c4354b7e3c8b3e0be009b/screenshot'
08:37:15.285 [Forwarding screenshot on session 107b79f3d48c4354b7e3c8b3e0be009b to remote] DEBUG org.asynchttpclient.netty.request.NettyRequestSender - Using open Channel [id: 0x4e6f79b0, L:/127.0.0.1:61137 - R:localhost/127.0.0.1:58909] for GET '/session/107b79f3d48c4354b7e3c8b3e0be009b/screenshot'
08:37:15.449 [AsyncHttpClient-1-4] DEBUG org.asynchttpclient.netty.handler.HttpHandler - 

Request DefaultFullHttpRequest(decodeResult: success, version: HTTP/1.1, content: EmptyByteBufBE)
GET /session/107b79f3d48c4354b7e3c8b3e0be009b/screenshot HTTP/1.1
User-Agent: selenium/4.1.2 (java windows)
Cache-Control: no-cache
Content-Type: application/json; charset=utf-8
host: localhost:58909
accept: */*

Response DefaultHttpResponse(decodeResult: success, version: HTTP/1.1)
HTTP/1.1 200 OK
Content-Type: application/json; charset=utf-8
cache-control: no-cache
content-length: 52332

08:37:15.450 [AsyncHttpClient-1-4] DEBUG org.asynchttpclient.netty.channel.ChannelManager - Adding key: http://localhost:58909 for channel [id: 0x4e6f79b0, L:/127.0.0.1:61137 - R:localhost/127.0.0.1:58909]
08:37:15.452 [main] DEBUG net.serenitybdd.core.photography.Darkroom - Send negative for processing for target\site\serenity\6255840ed620f5277e2ac473ab075744eb3f28cd82627e8d9e80f9e193db16f7.png
08:37:15.452 [Darkroom Processing Line] DEBUG net.serenitybdd.core.photography.DarkroomProcessingLine - Processing screenshot image in /var/screenshots/screenshot-7065320729242954256
08:37:15.452 [Darkroom Processing Line] DEBUG net.serenitybdd.core.photography.DarkroomProcessingLine - Saving screenshot to target\site\serenity\6255840ed620f5277e2ac473ab075744eb3f28cd82627e8d9e80f9e193db16f7.png
08:37:15.458 [Forwarding findElement on session 107b79f3d48c4354b7e3c8b3e0be009b to remote] DEBUG org.asynchttpclient.netty.request.NettyRequestSender - Using pooled Channel '[id: 0x4e6f79b0, L:/127.0.0.1:61137 - R:localhost/127.0.0.1:58909]' for 'POST' to 'http://localhost:58909/session/107b79f3d48c4354b7e3c8b3e0be009b/element'
08:37:15.458 [Forwarding findElement on session 107b79f3d48c4354b7e3c8b3e0be009b to remote] DEBUG org.asynchttpclient.netty.request.NettyRequestSender - Using open Channel [id: 0x4e6f79b0, L:/127.0.0.1:61137 - R:localhost/127.0.0.1:58909] for POST '/session/107b79f3d48c4354b7e3c8b3e0be009b/element'
08:37:15.470 [AsyncHttpClient-1-4] DEBUG org.asynchttpclient.netty.handler.HttpHandler - 

Request DefaultHttpRequest(decodeResult: success, version: HTTP/1.1)
POST /session/107b79f3d48c4354b7e3c8b3e0be009b/element HTTP/1.1
User-Agent: selenium/4.1.2 (java windows)
Content-Length: 89
Content-Type: application/json; charset=utf-8
host: localhost:58909
accept: */*

Response DefaultHttpResponse(decodeResult: success, version: HTTP/1.1)
HTTP/1.1 200 OK
Content-Type: application/json; charset=utf-8
cache-control: no-cache
content-length: 88

08:37:15.470 [AsyncHttpClient-1-4] DEBUG org.asynchttpclient.netty.channel.ChannelManager - Adding key: http://localhost:58909 for channel [id: 0x4e6f79b0, L:/127.0.0.1:61137 - R:localhost/127.0.0.1:58909]
08:37:15.471 [Forwarding clearElement on session 107b79f3d48c4354b7e3c8b3e0be009b to remote] DEBUG org.asynchttpclient.netty.request.NettyRequestSender - Using pooled Channel '[id: 0x4e6f79b0, L:/127.0.0.1:61137 - R:localhost/127.0.0.1:58909]' for 'POST' to 'http://localhost:58909/session/107b79f3d48c4354b7e3c8b3e0be009b/element/1458a48e-e8bf-4ba1-88f5-1978380d1c5d/clear'
08:37:15.471 [Forwarding clearElement on session 107b79f3d48c4354b7e3c8b3e0be009b to remote] DEBUG org.asynchttpclient.netty.request.NettyRequestSender - Using open Channel [id: 0x4e6f79b0, L:/127.0.0.1:61137 - R:localhost/127.0.0.1:58909] for POST '/session/107b79f3d48c4354b7e3c8b3e0be009b/element/1458a48e-e8bf-4ba1-88f5-1978380d1c5d/clear'
08:37:15.508 [AsyncHttpClient-1-4] DEBUG org.asynchttpclient.netty.handler.HttpHandler - 

Request DefaultHttpRequest(decodeResult: success, version: HTTP/1.1)
POST /session/107b79f3d48c4354b7e3c8b3e0be009b/element/1458a48e-e8bf-4ba1-88f5-1978380d1c5d/clear HTTP/1.1
User-Agent: selenium/4.1.2 (java windows)
Content-Length: 50
Content-Type: application/json; charset=utf-8
host: localhost:58909
accept: */*

Response DefaultHttpResponse(decodeResult: success, version: HTTP/1.1)
HTTP/1.1 200 OK
Content-Type: application/json; charset=utf-8
cache-control: no-cache
content-length: 14

08:37:15.508 [AsyncHttpClient-1-4] DEBUG org.asynchttpclient.netty.channel.ChannelManager - Adding key: http://localhost:58909 for channel [id: 0x4e6f79b0, L:/127.0.0.1:61137 - R:localhost/127.0.0.1:58909]
08:37:15.509 [Forwarding sendKeysToElement on session 107b79f3d48c4354b7e3c8b3e0be009b to remote] DEBUG org.asynchttpclient.netty.request.NettyRequestSender - Using pooled Channel '[id: 0x4e6f79b0, L:/127.0.0.1:61137 - R:localhost/127.0.0.1:58909]' for 'POST' to 'http://localhost:58909/session/107b79f3d48c4354b7e3c8b3e0be009b/element/1458a48e-e8bf-4ba1-88f5-1978380d1c5d/value'
08:37:15.509 [Forwarding sendKeysToElement on session 107b79f3d48c4354b7e3c8b3e0be009b to remote] DEBUG org.asynchttpclient.netty.request.NettyRequestSender - Using open Channel [id: 0x4e6f79b0, L:/127.0.0.1:61137 - R:localhost/127.0.0.1:58909] for POST '/session/107b79f3d48c4354b7e3c8b3e0be009b/element/1458a48e-e8bf-4ba1-88f5-1978380d1c5d/value'
08:37:15.531 [AsyncHttpClient-1-1] DEBUG org.asynchttpclient.netty.channel.DefaultChannelPool - Entry count for : http://localhost:61138 : 1
08:37:15.573 [AsyncHttpClient-1-4] DEBUG org.asynchttpclient.netty.handler.HttpHandler - 

Request DefaultHttpRequest(decodeResult: success, version: HTTP/1.1)
POST /session/107b79f3d48c4354b7e3c8b3e0be009b/element/1458a48e-e8bf-4ba1-88f5-1978380d1c5d/value HTTP/1.1
User-Agent: selenium/4.1.2 (java windows)
Content-Length: 121
Content-Type: application/json; charset=utf-8
host: localhost:58909
accept: */*

Response DefaultHttpResponse(decodeResult: success, version: HTTP/1.1)
HTTP/1.1 200 OK
Content-Type: application/json; charset=utf-8
cache-control: no-cache
content-length: 14

08:37:15.573 [AsyncHttpClient-1-4] DEBUG org.asynchttpclient.netty.channel.ChannelManager - Adding key: http://localhost:58909 for channel [id: 0x4e6f79b0, L:/127.0.0.1:61137 - R:localhost/127.0.0.1:58909]
08:37:15.576 [Forwarding findElement on session 107b79f3d48c4354b7e3c8b3e0be009b to remote] DEBUG org.asynchttpclient.netty.request.NettyRequestSender - Using pooled Channel '[id: 0x4e6f79b0, L:/127.0.0.1:61137 - R:localhost/127.0.0.1:58909]' for 'POST' to 'http://localhost:58909/session/107b79f3d48c4354b7e3c8b3e0be009b/element'
08:37:15.576 [Forwarding findElement on session 107b79f3d48c4354b7e3c8b3e0be009b to remote] DEBUG org.asynchttpclient.netty.request.NettyRequestSender - Using open Channel [id: 0x4e6f79b0, L:/127.0.0.1:61137 - R:localhost/127.0.0.1:58909] for POST '/session/107b79f3d48c4354b7e3c8b3e0be009b/element'
08:37:15.583 [AsyncHttpClient-1-4] DEBUG org.asynchttpclient.netty.handler.HttpHandler - 

Request DefaultHttpRequest(decodeResult: success, version: HTTP/1.1)
POST /session/107b79f3d48c4354b7e3c8b3e0be009b/element HTTP/1.1
User-Agent: selenium/4.1.2 (java windows)
Content-Length: 89
Content-Type: application/json; charset=utf-8
host: localhost:58909
accept: */*

Response DefaultHttpResponse(decodeResult: success, version: HTTP/1.1)
HTTP/1.1 200 OK
Content-Type: application/json; charset=utf-8
cache-control: no-cache
content-length: 88

08:37:15.583 [AsyncHttpClient-1-4] DEBUG org.asynchttpclient.netty.channel.ChannelManager - Adding key: http://localhost:58909 for channel [id: 0x4e6f79b0, L:/127.0.0.1:61137 - R:localhost/127.0.0.1:58909]
08:37:15.584 [Forwarding clearElement on session 107b79f3d48c4354b7e3c8b3e0be009b to remote] DEBUG org.asynchttpclient.netty.request.NettyRequestSender - Using pooled Channel '[id: 0x4e6f79b0, L:/127.0.0.1:61137 - R:localhost/127.0.0.1:58909]' for 'POST' to 'http://localhost:58909/session/107b79f3d48c4354b7e3c8b3e0be009b/element/1458a48e-e8bf-4ba1-88f5-1978380d1c5d/clear'
08:37:15.584 [Forwarding clearElement on session 107b79f3d48c4354b7e3c8b3e0be009b to remote] DEBUG org.asynchttpclient.netty.request.NettyRequestSender - Using open Channel [id: 0x4e6f79b0, L:/127.0.0.1:61137 - R:localhost/127.0.0.1:58909] for POST '/session/107b79f3d48c4354b7e3c8b3e0be009b/element/1458a48e-e8bf-4ba1-88f5-1978380d1c5d/clear'
08:37:15.607 [AsyncHttpClient-1-4] DEBUG org.asynchttpclient.netty.handler.HttpHandler - 

Request DefaultHttpRequest(decodeResult: success, version: HTTP/1.1)
POST /session/107b79f3d48c4354b7e3c8b3e0be009b/element/1458a48e-e8bf-4ba1-88f5-1978380d1c5d/clear HTTP/1.1
User-Agent: selenium/4.1.2 (java windows)
Content-Length: 50
Content-Type: application/json; charset=utf-8
host: localhost:58909
accept: */*

Response DefaultHttpResponse(decodeResult: success, version: HTTP/1.1)
HTTP/1.1 200 OK
Content-Type: application/json; charset=utf-8
cache-control: no-cache
content-length: 14

08:37:15.608 [AsyncHttpClient-1-4] DEBUG org.asynchttpclient.netty.channel.ChannelManager - Adding key: http://localhost:58909 for channel [id: 0x4e6f79b0, L:/127.0.0.1:61137 - R:localhost/127.0.0.1:58909]
08:37:15.609 [Forwarding sendKeysToElement on session 107b79f3d48c4354b7e3c8b3e0be009b to remote] DEBUG org.asynchttpclient.netty.request.NettyRequestSender - Using pooled Channel '[id: 0x4e6f79b0, L:/127.0.0.1:61137 - R:localhost/127.0.0.1:58909]' for 'POST' to 'http://localhost:58909/session/107b79f3d48c4354b7e3c8b3e0be009b/element/1458a48e-e8bf-4ba1-88f5-1978380d1c5d/value'
08:37:15.609 [Forwarding sendKeysToElement on session 107b79f3d48c4354b7e3c8b3e0be009b to remote] DEBUG org.asynchttpclient.netty.request.NettyRequestSender - Using open Channel [id: 0x4e6f79b0, L:/127.0.0.1:61137 - R:localhost/127.0.0.1:58909] for POST '/session/107b79f3d48c4354b7e3c8b3e0be009b/element/1458a48e-e8bf-4ba1-88f5-1978380d1c5d/value'
08:37:15.658 [AsyncHttpClient-1-4] DEBUG org.asynchttpclient.netty.handler.HttpHandler - 

Request DefaultHttpRequest(decodeResult: success, version: HTTP/1.1)
POST /session/107b79f3d48c4354b7e3c8b3e0be009b/element/1458a48e-e8bf-4ba1-88f5-1978380d1c5d/value HTTP/1.1
User-Agent: selenium/4.1.2 (java windows)
Content-Length: 121
Content-Type: application/json; charset=utf-8
host: localhost:58909
accept: */*

Response DefaultHttpResponse(decodeResult: success, version: HTTP/1.1)
HTTP/1.1 200 OK
Content-Type: application/json; charset=utf-8
cache-control: no-cache
content-length: 14

08:37:15.658 [AsyncHttpClient-1-4] DEBUG org.asynchttpclient.netty.channel.ChannelManager - Adding key: http://localhost:58909 for channel [id: 0x4e6f79b0, L:/127.0.0.1:61137 - R:localhost/127.0.0.1:58909]
  &amp#27;[32mAnd &amp#27;[0m&amp#27;[32mi input &amp#27;[0m&amp#27;[32m&amp#27;[1m"same"&amp#27;[0m&amp#27;[32m my password&amp#27;[0m         &amp#27;[90m# starter.stepdefinitions.registerStep.iInputMyPassword(java.lang.String)&amp#27;[0m
08:37:15.665 [Forwarding screenshot on session 107b79f3d48c4354b7e3c8b3e0be009b to remote] DEBUG org.asynchttpclient.netty.request.NettyRequestSender - Using pooled Channel '[id: 0x4e6f79b0, L:/127.0.0.1:61137 - R:localhost/127.0.0.1:58909]' for 'GET' to 'http://localhost:58909/session/107b79f3d48c4354b7e3c8b3e0be009b/screenshot'
08:37:15.665 [Forwarding screenshot on session 107b79f3d48c4354b7e3c8b3e0be009b to remote] DEBUG org.asynchttpclient.netty.request.NettyRequestSender - Using open Channel [id: 0x4e6f79b0, L:/127.0.0.1:61137 - R:localhost/127.0.0.1:58909] for GET '/session/107b79f3d48c4354b7e3c8b3e0be009b/screenshot'
08:37:15.828 [AsyncHttpClient-1-4] DEBUG org.asynchttpclient.netty.handler.HttpHandler - 

Request DefaultFullHttpRequest(decodeResult: success, version: HTTP/1.1, content: EmptyByteBufBE)
GET /session/107b79f3d48c4354b7e3c8b3e0be009b/screenshot HTTP/1.1
User-Agent: selenium/4.1.2 (java windows)
Cache-Control: no-cache
Content-Type: application/json; charset=utf-8
host: localhost:58909
accept: */*

Response DefaultHttpResponse(decodeResult: success, version: HTTP/1.1)
HTTP/1.1 200 OK
Content-Type: application/json; charset=utf-8
cache-control: no-cache
content-length: 54716

08:37:15.829 [AsyncHttpClient-1-4] DEBUG org.asynchttpclient.netty.channel.ChannelManager - Adding key: http://localhost:58909 for channel [id: 0x4e6f79b0, L:/127.0.0.1:61137 - R:localhost/127.0.0.1:58909]
08:37:15.830 [main] DEBUG net.serenitybdd.core.photography.Darkroom - Send negative for processing for target\site\serenity\545b38a1134fdee310b5f81d6a608aab1516d3003756d49b418cf46344231a1f.png
08:37:15.831 [Darkroom Processing Line] DEBUG net.serenitybdd.core.photography.DarkroomProcessingLine - Processing screenshot image in /var/screenshots/screenshot-5147722800815773092
08:37:15.831 [Darkroom Processing Line] DEBUG net.serenitybdd.core.photography.DarkroomProcessingLine - Saving screenshot to target\site\serenity\545b38a1134fdee310b5f81d6a608aab1516d3003756d49b418cf46344231a1f.png
08:37:15.837 [Forwarding findElement on session 107b79f3d48c4354b7e3c8b3e0be009b to remote] DEBUG org.asynchttpclient.netty.request.NettyRequestSender - Using pooled Channel '[id: 0x4e6f79b0, L:/127.0.0.1:61137 - R:localhost/127.0.0.1:58909]' for 'POST' to 'http://localhost:58909/session/107b79f3d48c4354b7e3c8b3e0be009b/element'
08:37:15.837 [Forwarding findElement on session 107b79f3d48c4354b7e3c8b3e0be009b to remote] DEBUG org.asynchttpclient.netty.request.NettyRequestSender - Using open Channel [id: 0x4e6f79b0, L:/127.0.0.1:61137 - R:localhost/127.0.0.1:58909] for POST '/session/107b79f3d48c4354b7e3c8b3e0be009b/element'
08:37:15.851 [AsyncHttpClient-1-4] DEBUG org.asynchttpclient.netty.handler.HttpHandler - 

Request DefaultHttpRequest(decodeResult: success, version: HTTP/1.1)
POST /session/107b79f3d48c4354b7e3c8b3e0be009b/element HTTP/1.1
User-Agent: selenium/4.1.2 (java windows)
Content-Length: 75
Content-Type: application/json; charset=utf-8
host: localhost:58909
accept: */*

Response DefaultHttpResponse(decodeResult: success, version: HTTP/1.1)
HTTP/1.1 200 OK
Content-Type: application/json; charset=utf-8
cache-control: no-cache
content-length: 88

08:37:15.851 [AsyncHttpClient-1-4] DEBUG org.asynchttpclient.netty.channel.ChannelManager - Adding key: http://localhost:58909 for channel [id: 0x4e6f79b0, L:/127.0.0.1:61137 - R:localhost/127.0.0.1:58909]
08:37:15.853 [Forwarding getElementTagName on session 107b79f3d48c4354b7e3c8b3e0be009b to remote] DEBUG org.asynchttpclient.netty.request.NettyRequestSender - Using pooled Channel '[id: 0x4e6f79b0, L:/127.0.0.1:61137 - R:localhost/127.0.0.1:58909]' for 'GET' to 'http://localhost:58909/session/107b79f3d48c4354b7e3c8b3e0be009b/element/621ad7f7-aca8-4a31-8ed7-c8c2ccbac5cc/name'
08:37:15.853 [Forwarding getElementTagName on session 107b79f3d48c4354b7e3c8b3e0be009b to remote] DEBUG org.asynchttpclient.netty.request.NettyRequestSender - Using open Channel [id: 0x4e6f79b0, L:/127.0.0.1:61137 - R:localhost/127.0.0.1:58909] for GET '/session/107b79f3d48c4354b7e3c8b3e0be009b/element/621ad7f7-aca8-4a31-8ed7-c8c2ccbac5cc/name'
08:37:15.856 [AsyncHttpClient-1-4] DEBUG org.asynchttpclient.netty.handler.HttpHandler - 

Request DefaultFullHttpRequest(decodeResult: success, version: HTTP/1.1, content: EmptyByteBufBE)
GET /session/107b79f3d48c4354b7e3c8b3e0be009b/element/621ad7f7-aca8-4a31-8ed7-c8c2ccbac5cc/name HTTP/1.1
User-Agent: selenium/4.1.2 (java windows)
Cache-Control: no-cache
Content-Type: application/json; charset=utf-8
host: localhost:58909
accept: */*

Response DefaultHttpResponse(decodeResult: success, version: HTTP/1.1)
HTTP/1.1 200 OK
Content-Type: application/json; charset=utf-8
cache-control: no-cache
content-length: 18

08:37:15.856 [AsyncHttpClient-1-4] DEBUG org.asynchttpclient.netty.channel.ChannelManager - Adding key: http://localhost:58909 for channel [id: 0x4e6f79b0, L:/127.0.0.1:61137 - R:localhost/127.0.0.1:58909]
08:37:15.857 [Forwarding getElementTagName on session 107b79f3d48c4354b7e3c8b3e0be009b to remote] DEBUG org.asynchttpclient.netty.request.NettyRequestSender - Using pooled Channel '[id: 0x4e6f79b0, L:/127.0.0.1:61137 - R:localhost/127.0.0.1:58909]' for 'GET' to 'http://localhost:58909/session/107b79f3d48c4354b7e3c8b3e0be009b/element/621ad7f7-aca8-4a31-8ed7-c8c2ccbac5cc/name'
08:37:15.858 [Forwarding getElementTagName on session 107b79f3d48c4354b7e3c8b3e0be009b to remote] DEBUG org.asynchttpclient.netty.request.NettyRequestSender - Using open Channel [id: 0x4e6f79b0, L:/127.0.0.1:61137 - R:localhost/127.0.0.1:58909] for GET '/session/107b79f3d48c4354b7e3c8b3e0be009b/element/621ad7f7-aca8-4a31-8ed7-c8c2ccbac5cc/name'
08:37:15.860 [AsyncHttpClient-1-4] DEBUG org.asynchttpclient.netty.handler.HttpHandler - 

Request DefaultFullHttpRequest(decodeResult: success, version: HTTP/1.1, content: EmptyByteBufBE)
GET /session/107b79f3d48c4354b7e3c8b3e0be009b/element/621ad7f7-aca8-4a31-8ed7-c8c2ccbac5cc/name HTTP/1.1
User-Agent: selenium/4.1.2 (java windows)
Cache-Control: no-cache
Content-Type: application/json; charset=utf-8
host: localhost:58909
accept: */*

Response DefaultHttpResponse(decodeResult: success, version: HTTP/1.1)
HTTP/1.1 200 OK
Content-Type: application/json; charset=utf-8
cache-control: no-cache
content-length: 18

08:37:15.861 [AsyncHttpClient-1-4] DEBUG org.asynchttpclient.netty.channel.ChannelManager - Adding key: http://localhost:58909 for channel [id: 0x4e6f79b0, L:/127.0.0.1:61137 - R:localhost/127.0.0.1:58909]
08:37:15.863 [Forwarding isElementEnabled on session 107b79f3d48c4354b7e3c8b3e0be009b to remote] DEBUG org.asynchttpclient.netty.request.NettyRequestSender - Using pooled Channel '[id: 0x4e6f79b0, L:/127.0.0.1:61137 - R:localhost/127.0.0.1:58909]' for 'GET' to 'http://localhost:58909/session/107b79f3d48c4354b7e3c8b3e0be009b/element/621ad7f7-aca8-4a31-8ed7-c8c2ccbac5cc/enabled'
08:37:15.863 [Forwarding isElementEnabled on session 107b79f3d48c4354b7e3c8b3e0be009b to remote] DEBUG org.asynchttpclient.netty.request.NettyRequestSender - Using open Channel [id: 0x4e6f79b0, L:/127.0.0.1:61137 - R:localhost/127.0.0.1:58909] for GET '/session/107b79f3d48c4354b7e3c8b3e0be009b/element/621ad7f7-aca8-4a31-8ed7-c8c2ccbac5cc/enabled'
08:37:15.870 [AsyncHttpClient-1-4] DEBUG org.asynchttpclient.netty.handler.HttpHandler - 

Request DefaultFullHttpRequest(decodeResult: success, version: HTTP/1.1, content: EmptyByteBufBE)
GET /session/107b79f3d48c4354b7e3c8b3e0be009b/element/621ad7f7-aca8-4a31-8ed7-c8c2ccbac5cc/enabled HTTP/1.1
User-Agent: selenium/4.1.2 (java windows)
Cache-Control: no-cache
Content-Type: application/json; charset=utf-8
host: localhost:58909
accept: */*

Response DefaultHttpResponse(decodeResult: success, version: HTTP/1.1)
HTTP/1.1 200 OK
Content-Type: application/json; charset=utf-8
cache-control: no-cache
content-length: 14

08:37:15.870 [AsyncHttpClient-1-4] DEBUG org.asynchttpclient.netty.channel.ChannelManager - Adding key: http://localhost:58909 for channel [id: 0x4e6f79b0, L:/127.0.0.1:61137 - R:localhost/127.0.0.1:58909]
08:37:15.871 [Forwarding isElementEnabled on session 107b79f3d48c4354b7e3c8b3e0be009b to remote] DEBUG org.asynchttpclient.netty.request.NettyRequestSender - Using pooled Channel '[id: 0x4e6f79b0, L:/127.0.0.1:61137 - R:localhost/127.0.0.1:58909]' for 'GET' to 'http://localhost:58909/session/107b79f3d48c4354b7e3c8b3e0be009b/element/621ad7f7-aca8-4a31-8ed7-c8c2ccbac5cc/enabled'
08:37:15.871 [Forwarding isElementEnabled on session 107b79f3d48c4354b7e3c8b3e0be009b to remote] DEBUG org.asynchttpclient.netty.request.NettyRequestSender - Using open Channel [id: 0x4e6f79b0, L:/127.0.0.1:61137 - R:localhost/127.0.0.1:58909] for GET '/session/107b79f3d48c4354b7e3c8b3e0be009b/element/621ad7f7-aca8-4a31-8ed7-c8c2ccbac5cc/enabled'
08:37:15.876 [AsyncHttpClient-1-4] DEBUG org.asynchttpclient.netty.handler.HttpHandler - 

Request DefaultFullHttpRequest(decodeResult: success, version: HTTP/1.1, content: EmptyByteBufBE)
GET /session/107b79f3d48c4354b7e3c8b3e0be009b/element/621ad7f7-aca8-4a31-8ed7-c8c2ccbac5cc/enabled HTTP/1.1
User-Agent: selenium/4.1.2 (java windows)
Cache-Control: no-cache
Content-Type: application/json; charset=utf-8
host: localhost:58909
accept: */*

Response DefaultHttpResponse(decodeResult: success, version: HTTP/1.1)
HTTP/1.1 200 OK
Content-Type: application/json; charset=utf-8
cache-control: no-cache
content-length: 14

08:37:15.876 [AsyncHttpClient-1-4] DEBUG org.asynchttpclient.netty.channel.ChannelManager - Adding key: http://localhost:58909 for channel [id: 0x4e6f79b0, L:/127.0.0.1:61137 - R:localhost/127.0.0.1:58909]
08:37:15.878 [Forwarding findElement on session 107b79f3d48c4354b7e3c8b3e0be009b to remote] DEBUG org.asynchttpclient.netty.request.NettyRequestSender - Using pooled Channel '[id: 0x4e6f79b0, L:/127.0.0.1:61137 - R:localhost/127.0.0.1:58909]' for 'POST' to 'http://localhost:58909/session/107b79f3d48c4354b7e3c8b3e0be009b/element'
08:37:15.878 [Forwarding findElement on session 107b79f3d48c4354b7e3c8b3e0be009b to remote] DEBUG org.asynchttpclient.netty.request.NettyRequestSender - Using open Channel [id: 0x4e6f79b0, L:/127.0.0.1:61137 - R:localhost/127.0.0.1:58909] for POST '/session/107b79f3d48c4354b7e3c8b3e0be009b/element'
08:37:15.885 [AsyncHttpClient-1-4] DEBUG org.asynchttpclient.netty.handler.HttpHandler - 

Request DefaultHttpRequest(decodeResult: success, version: HTTP/1.1)
POST /session/107b79f3d48c4354b7e3c8b3e0be009b/element HTTP/1.1
User-Agent: selenium/4.1.2 (java windows)
Content-Length: 75
Content-Type: application/json; charset=utf-8
host: localhost:58909
accept: */*

Response DefaultHttpResponse(decodeResult: success, version: HTTP/1.1)
HTTP/1.1 200 OK
Content-Type: application/json; charset=utf-8
cache-control: no-cache
content-length: 88

08:37:15.885 [AsyncHttpClient-1-4] DEBUG org.asynchttpclient.netty.channel.ChannelManager - Adding key: http://localhost:58909 for channel [id: 0x4e6f79b0, L:/127.0.0.1:61137 - R:localhost/127.0.0.1:58909]
08:37:15.886 [Forwarding clickElement on session 107b79f3d48c4354b7e3c8b3e0be009b to remote] DEBUG org.asynchttpclient.netty.request.NettyRequestSender - Using pooled Channel '[id: 0x4e6f79b0, L:/127.0.0.1:61137 - R:localhost/127.0.0.1:58909]' for 'POST' to 'http://localhost:58909/session/107b79f3d48c4354b7e3c8b3e0be009b/element/621ad7f7-aca8-4a31-8ed7-c8c2ccbac5cc/click'
08:37:15.886 [Forwarding clickElement on session 107b79f3d48c4354b7e3c8b3e0be009b to remote] DEBUG org.asynchttpclient.netty.request.NettyRequestSender - Using open Channel [id: 0x4e6f79b0, L:/127.0.0.1:61137 - R:localhost/127.0.0.1:58909] for POST '/session/107b79f3d48c4354b7e3c8b3e0be009b/element/621ad7f7-aca8-4a31-8ed7-c8c2ccbac5cc/click'
08:37:15.932 [AsyncHttpClient-1-4] DEBUG org.asynchttpclient.netty.handler.HttpHandler - 

Request DefaultHttpRequest(decodeResult: success, version: HTTP/1.1)
POST /session/107b79f3d48c4354b7e3c8b3e0be009b/element/621ad7f7-aca8-4a31-8ed7-c8c2ccbac5cc/click HTTP/1.1
User-Agent: selenium/4.1.2 (java windows)
Content-Length: 50
Content-Type: application/json; charset=utf-8
host: localhost:58909
accept: */*

Response DefaultHttpResponse(decodeResult: success, version: HTTP/1.1)
HTTP/1.1 200 OK
Content-Type: application/json; charset=utf-8
cache-control: no-cache
content-length: 14

08:37:15.932 [AsyncHttpClient-1-4] DEBUG org.asynchttpclient.netty.channel.ChannelManager - Adding key: http://localhost:58909 for channel [id: 0x4e6f79b0, L:/127.0.0.1:61137 - R:localhost/127.0.0.1:58909]
  &amp#27;[32mAnd &amp#27;[0m&amp#27;[32mi click register button&amp#27;[0m            &amp#27;[90m# starter.stepdefinitions.registerStep.iClickRegisterButton()&amp#27;[0m
08:37:15.937 [Forwarding screenshot on session 107b79f3d48c4354b7e3c8b3e0be009b to remote] DEBUG org.asynchttpclient.netty.request.NettyRequestSender - Using pooled Channel '[id: 0x4e6f79b0, L:/127.0.0.1:61137 - R:localhost/127.0.0.1:58909]' for 'GET' to 'http://localhost:58909/session/107b79f3d48c4354b7e3c8b3e0be009b/screenshot'
08:37:15.937 [Forwarding screenshot on session 107b79f3d48c4354b7e3c8b3e0be009b to remote] DEBUG org.asynchttpclient.netty.request.NettyRequestSender - Using open Channel [id: 0x4e6f79b0, L:/127.0.0.1:61137 - R:localhost/127.0.0.1:58909] for GET '/session/107b79f3d48c4354b7e3c8b3e0be009b/screenshot'
08:37:16.200 [AsyncHttpClient-1-4] DEBUG org.asynchttpclient.netty.handler.HttpHandler - 

Request DefaultFullHttpRequest(decodeResult: success, version: HTTP/1.1, content: EmptyByteBufBE)
GET /session/107b79f3d48c4354b7e3c8b3e0be009b/screenshot HTTP/1.1
User-Agent: selenium/4.1.2 (java windows)
Cache-Control: no-cache
Content-Type: application/json; charset=utf-8
host: localhost:58909
accept: */*

Response DefaultHttpResponse(decodeResult: success, version: HTTP/1.1)
HTTP/1.1 200 OK
Content-Type: application/json; charset=utf-8
cache-control: no-cache
content-length: 57200

08:37:16.201 [AsyncHttpClient-1-4] DEBUG org.asynchttpclient.netty.channel.ChannelManager - Adding key: http://localhost:58909 for channel [id: 0x4e6f79b0, L:/127.0.0.1:61137 - R:localhost/127.0.0.1:58909]
08:37:16.203 [main] DEBUG net.serenitybdd.core.photography.Darkroom - Send negative for processing for target\site\serenity\7608b1db6e5e4643a51bef2a9e05928e2b0c32e584366d7e47c0d060335bfa53.png
08:37:16.203 [Darkroom Processing Line] DEBUG net.serenitybdd.core.photography.DarkroomProcessingLine - Processing screenshot image in /var/screenshots/screenshot-3756986691085165134
08:37:16.203 [Darkroom Processing Line] DEBUG net.serenitybdd.core.photography.DarkroomProcessingLine - Saving screenshot to target\site\serenity\7608b1db6e5e4643a51bef2a9e05928e2b0c32e584366d7e47c0d060335bfa53.png
08:37:16.208 [Forwarding findElement on session 107b79f3d48c4354b7e3c8b3e0be009b to remote] DEBUG org.asynchttpclient.netty.request.NettyRequestSender - Using pooled Channel '[id: 0x4e6f79b0, L:/127.0.0.1:61137 - R:localhost/127.0.0.1:58909]' for 'POST' to 'http://localhost:58909/session/107b79f3d48c4354b7e3c8b3e0be009b/element'
08:37:16.208 [Forwarding findElement on session 107b79f3d48c4354b7e3c8b3e0be009b to remote] DEBUG org.asynchttpclient.netty.request.NettyRequestSender - Using open Channel [id: 0x4e6f79b0, L:/127.0.0.1:61137 - R:localhost/127.0.0.1:58909] for POST '/session/107b79f3d48c4354b7e3c8b3e0be009b/element'
08:37:16.210 [AsyncHttpClient-1-4] DEBUG org.asynchttpclient.netty.handler.HttpHandler - 

Request DefaultHttpRequest(decodeResult: success, version: HTTP/1.1)
POST /session/107b79f3d48c4354b7e3c8b3e0be009b/element HTTP/1.1
User-Agent: selenium/4.1.2 (java windows)
Content-Length: 50
Content-Type: application/json; charset=utf-8
host: localhost:58909
accept: */*

Response DefaultHttpResponse(decodeResult: success, version: HTTP/1.1)
HTTP/1.1 400 Bad Request
Content-Type: application/json; charset=utf-8
cache-control: no-cache
content-length: 957

08:37:16.210 [AsyncHttpClient-1-4] DEBUG org.asynchttpclient.netty.channel.ChannelManager - Adding key: http://localhost:58909 for channel [id: 0x4e6f79b0, L:/127.0.0.1:61137 - R:localhost/127.0.0.1:58909]
08:37:16.211 [Forwarding findElement on session 107b79f3d48c4354b7e3c8b3e0be009b to remote] DEBUG org.asynchttpclient.netty.request.NettyRequestSender - Using pooled Channel '[id: 0x4e6f79b0, L:/127.0.0.1:61137 - R:localhost/127.0.0.1:58909]' for 'POST' to 'http://localhost:58909/session/107b79f3d48c4354b7e3c8b3e0be009b/element'
08:37:16.211 [Forwarding findElement on session 107b79f3d48c4354b7e3c8b3e0be009b to remote] DEBUG org.asynchttpclient.netty.request.NettyRequestSender - Using open Channel [id: 0x4e6f79b0, L:/127.0.0.1:61137 - R:localhost/127.0.0.1:58909] for POST '/session/107b79f3d48c4354b7e3c8b3e0be009b/element'
08:37:16.224 [AsyncHttpClient-1-4] DEBUG org.asynchttpclient.netty.handler.HttpHandler - 

Request DefaultHttpRequest(decodeResult: success, version: HTTP/1.1)
POST /session/107b79f3d48c4354b7e3c8b3e0be009b/element HTTP/1.1
User-Agent: selenium/4.1.2 (java windows)
Content-Length: 60
Content-Type: application/json; charset=utf-8
host: localhost:58909
accept: */*

Response DefaultHttpResponse(decodeResult: success, version: HTTP/1.1)
HTTP/1.1 200 OK
Content-Type: application/json; charset=utf-8
cache-control: no-cache
content-length: 88

08:37:16.224 [AsyncHttpClient-1-4] DEBUG org.asynchttpclient.netty.channel.ChannelManager - Adding key: http://localhost:58909 for channel [id: 0x4e6f79b0, L:/127.0.0.1:61137 - R:localhost/127.0.0.1:58909]
08:37:16.227 [Forwarding isElementDisplayed on session 107b79f3d48c4354b7e3c8b3e0be009b to remote] DEBUG org.asynchttpclient.netty.request.NettyRequestSender - Using pooled Channel '[id: 0x4e6f79b0, L:/127.0.0.1:61137 - R:localhost/127.0.0.1:58909]' for 'POST' to 'http://localhost:58909/session/107b79f3d48c4354b7e3c8b3e0be009b/execute/sync'
08:37:16.228 [Forwarding isElementDisplayed on session 107b79f3d48c4354b7e3c8b3e0be009b to remote] DEBUG org.asynchttpclient.netty.request.NettyRequestSender - Using open Channel [id: 0x4e6f79b0, L:/127.0.0.1:61137 - R:localhost/127.0.0.1:58909] for POST '/session/107b79f3d48c4354b7e3c8b3e0be009b/execute/sync'
08:37:16.241 [AsyncHttpClient-1-4] DEBUG org.asynchttpclient.netty.handler.HttpHandler - 

Request DefaultHttpRequest(decodeResult: success, version: HTTP/1.1)
POST /session/107b79f3d48c4354b7e3c8b3e0be009b/execute/sync HTTP/1.1
User-Agent: selenium/4.1.2 (java windows)
Content-Length: 48780
Content-Type: application/json; charset=utf-8
host: localhost:58909
accept: */*

Response DefaultHttpResponse(decodeResult: success, version: HTTP/1.1)
HTTP/1.1 200 OK
Content-Type: application/json; charset=utf-8
cache-control: no-cache
content-length: 14

08:37:16.241 [AsyncHttpClient-1-4] DEBUG org.asynchttpclient.netty.channel.ChannelManager - Adding key: http://localhost:58909 for channel [id: 0x4e6f79b0, L:/127.0.0.1:61137 - R:localhost/127.0.0.1:58909]
  &amp#27;[32mThen &amp#27;[0m&amp#27;[32mi get my &amp#27;[0m&amp#27;[32m&amp#27;[1m"new user"&amp#27;[0m               &amp#27;[90m# starter.stepdefinitions.registerStep.iGetMy(java.lang.String)&amp#27;[0m
08:37:16.251 [AsyncHttpClient-1-6] DEBUG org.asynchttpclient.netty.handler.WebSocketHandler - Channel Closed: [id: 0xfede1c6c, L:/127.0.0.1:61144 ! R:localhost/127.0.0.1:61138] with attribute NettyResponseFuture{currentRetry=5,
	isDone=1,
	isCancelled=0,
	asyncHandler=org.asynchttpclient.ws.WebSocketUpgradeHandler@42a403f3,
	nettyRequest=org.asynchttpclient.netty.request.NettyRequest@19687286,
	future=java.util.concurrent.CompletableFuture@4a3b7e8c[Completed normally],
	uri=ws://localhost:61138/devtools/browser/6badd4f6-c477-413b-baa8-00554a9d379c,
	keepAlive=true,
	redirectCount=0,
	timeoutsHolder=null,
	inAuth=0,
	touch=1652837825697}
08:37:16.251 [AsyncHttpClient-1-6] DEBUG org.asynchttpclient.netty.channel.ChannelManager - Closing Channel [id: 0xfede1c6c, L:/127.0.0.1:61144 ! R:localhost/127.0.0.1:61138] 
08:37:16.251 [Driver Command Executor] DEBUG org.asynchttpclient.netty.request.NettyRequestSender - Using pooled Channel '[id: 0x4e6f79b0, L:/127.0.0.1:61137 - R:localhost/127.0.0.1:58909]' for 'DELETE' to 'http://localhost:58909/session/107b79f3d48c4354b7e3c8b3e0be009b'
08:37:16.251 [Driver Command Executor] DEBUG org.asynchttpclient.netty.request.NettyRequestSender - Using open Channel [id: 0x4e6f79b0, L:/127.0.0.1:61137 - R:localhost/127.0.0.1:58909] for DELETE '/session/107b79f3d48c4354b7e3c8b3e0be009b'
08:37:16.310 [AsyncHttpClient-1-5] DEBUG org.asynchttpclient.netty.handler.HttpHandler - Unexpected I/O exception on channel [id: 0x21666254, L:/127.0.0.1:61143 - R:localhost/127.0.0.1:61138]
java.net.SocketException: Connection reset
	at java.base/sun.nio.ch.SocketChannelImpl.throwConnectionReset(SocketChannelImpl.java:367)
	at java.base/sun.nio.ch.SocketChannelImpl.read(SocketChannelImpl.java:398)
	at io.netty.buffer.PooledByteBuf.setBytes(PooledByteBuf.java:258)
	at io.netty.buffer.AbstractByteBuf.writeBytes(AbstractByteBuf.java:1132)
	at io.netty.channel.socket.nio.NioSocketChannel.doReadBytes(NioSocketChannel.java:350)
	at io.netty.channel.nio.AbstractNioByteChannel$NioByteUnsafe.read(AbstractNioByteChannel.java:151)
	at io.netty.channel.nio.NioEventLoop.processSelectedKey(NioEventLoop.java:722)
	at io.netty.channel.nio.NioEventLoop.processSelectedKeysOptimized(NioEventLoop.java:658)
	at io.netty.channel.nio.NioEventLoop.processSelectedKeys(NioEventLoop.java:584)
	at io.netty.channel.nio.NioEventLoop.run(NioEventLoop.java:496)
	at io.netty.util.concurrent.SingleThreadEventExecutor$4.run(SingleThreadEventExecutor.java:986)
	at io.netty.util.internal.ThreadExecutorMap$2.run(ThreadExecutorMap.java:74)
	at io.netty.util.concurrent.FastThreadLocalRunnable.run(FastThreadLocalRunnable.java:30)
	at java.base/java.lang.Thread.run(Thread.java:832)
08:37:16.310 [AsyncHttpClient-1-5] DEBUG org.asynchttpclient.netty.channel.ChannelManager - Closing Channel [id: 0x21666254, L:/127.0.0.1:61143 - R:localhost/127.0.0.1:61138] 
08:37:16.310 [AsyncHttpClient-1-5] DEBUG org.asynchttpclient.netty.handler.HttpHandler - Channel Closed: [id: 0x21666254, L:/127.0.0.1:61143 ! R:localhost/127.0.0.1:61138] with attribute DISCARD
08:37:16.341 [AsyncHttpClient-1-4] DEBUG org.asynchttpclient.netty.handler.HttpHandler - 

Request DefaultFullHttpRequest(decodeResult: success, version: HTTP/1.1, content: EmptyByteBufBE)
DELETE /session/107b79f3d48c4354b7e3c8b3e0be009b HTTP/1.1
User-Agent: selenium/4.1.2 (java windows)
Content-Type: application/json; charset=utf-8
host: localhost:58909
accept: */*

Response DefaultHttpResponse(decodeResult: success, version: HTTP/1.1)
HTTP/1.1 200 OK
Content-Type: application/json; charset=utf-8
cache-control: no-cache
content-length: 14

08:37:16.341 [AsyncHttpClient-1-4] DEBUG org.asynchttpclient.netty.channel.ChannelManager - Adding key: http://localhost:58909 for channel [id: 0x4e6f79b0, L:/127.0.0.1:61137 - R:localhost/127.0.0.1:58909]
08:37:16.438 [AsyncHttpClient-1-4] DEBUG org.asynchttpclient.netty.handler.HttpHandler - Channel Closed: [id: 0x4e6f79b0, L:/127.0.0.1:61137 ! R:localhost/127.0.0.1:58909] with attribute DISCARD
08:37:16.627 [AsyncHttpClient-1-1] DEBUG org.asynchttpclient.netty.channel.DefaultChannelPool - Entry count for : http://localhost:58909 : 1
08:37:16.627 [AsyncHttpClient-1-1] DEBUG org.asynchttpclient.netty.channel.DefaultChannelPool - Entry count for : http://localhost:61138 : 1
08:37:16.627 [AsyncHttpClient-1-1] DEBUG org.asynchttpclient.netty.channel.DefaultChannelPool - Adding Candidate expired Channel [id: 0x4e6f79b0, L:/127.0.0.1:61137 ! R:localhost/127.0.0.1:58909] isIdleTimeoutExpired=false isRemotelyClosed=true isTtlExpired=false
08:37:16.627 [AsyncHttpClient-1-1] DEBUG org.asynchttpclient.netty.channel.DefaultChannelPool - Closing Idle Channel [id: 0x4e6f79b0, L:/127.0.0.1:61137 ! R:localhost/127.0.0.1:58909]
08:37:16.627 [AsyncHttpClient-1-1] DEBUG org.asynchttpclient.netty.channel.DefaultChannelPool - Adding Candidate expired Channel [id: 0x21666254, L:/127.0.0.1:61143 ! R:localhost/127.0.0.1:61138] isIdleTimeoutExpired=false isRemotelyClosed=true isTtlExpired=false
08:37:16.627 [AsyncHttpClient-1-1] DEBUG org.asynchttpclient.netty.channel.DefaultChannelPool - Closing Idle Channel [id: 0x21666254, L:/127.0.0.1:61143 ! R:localhost/127.0.0.1:61138]
08:37:16.627 [AsyncHttpClient-1-1] DEBUG org.asynchttpclient.netty.channel.DefaultChannelPool - Closed 2 connections out of 2 in 0 ms
]]></system-out>
    <system-err><![CDATA[Starting ChromeDriver 101.0.4951.41 (93c720db8323b3ec10d056025ab95c23a31997c9-refs/branch-heads/4951@{#904}) on port 58909
Only local connections are allowed.
Please see https://chromedriver.chromium.org/security-considerations for suggestions on keeping ChromeDriver safe.
ChromeDriver was started successfully.
May 18, 2022 8:37:05 AM org.openqa.selenium.remote.ProtocolHandshake createSession
INFO: Detected dialect: W3C
May 18, 2022 8:37:05 AM org.openqa.selenium.devtools.CdpVersionFinder findNearestMatch
WARNING: Unable to find an exact match for CDP version 101, so returning the closest version found: 97
May 18, 2022 8:37:05 AM org.openqa.selenium.devtools.CdpVersionFinder findNearestMatch
INFO: Found CDP implementation for version 101 of 97
]]></system-err>
  </testcase>
  <testcase name="Registration scenario #12" classname="Registration" time="11.759">
    <system-out><![CDATA[
@register
Scenario Outline: Registration scenario  &amp#27;[90m# src/test/resources/features/register.feature:31&amp#27;[0m
08:37:16.968 [main] INFO io.cucumber.core.plugin.SerenityReporter - Running feature from file:///D:/PERKULIAHAN/Semester%206,Hebatt%20glad!/Altera/QE_Gladys-Cindana-Asri-Pardosi/Mini-Project/Web/src/test/resources/features/register.feature
08:37:16.975 [main] INFO net.serenitybdd.core.webdriver.driverproviders.ChromeDriverProvider - Using automatically driver download
08:37:17.086 [main] DEBUG io.github.bonigarcia.wdm.cache.ResolutionCache - Resolution chrome=101 in cache (valid until 09:23:35 18/05/2022 WIB)
08:37:17.089 [main] DEBUG io.github.bonigarcia.wdm.cache.ResolutionCache - Resolution chrome101=101.0.4951.41 in cache (valid until 18:48:44 18/05/2022 WIB)
08:37:17.091 [main] INFO io.github.bonigarcia.wdm.WebDriverManager - Using chromedriver 101.0.4951.41 (resolved driver for Chrome 101)
08:37:17.102 [main] DEBUG io.github.bonigarcia.wdm.WebDriverManager - Driver chromedriver 101.0.4951.41 found in cache
08:37:17.102 [main] INFO io.github.bonigarcia.wdm.WebDriverManager - Exporting webdriver.chrome.driver as C:\Users\ASUS\.cache\selenium\chromedriver\win32\101.0.4951.41\chromedriver.exe
08:37:17.212 [main] DEBUG net.serenitybdd.core.webdriver.driverproviders.ProvideNewDriver - Instantiating driver
08:37:17.212 [main] DEBUG net.serenitybdd.core.webdriver.driverproviders.ProvideNewDriver - Driver capabilities: Capabilities {acceptInsecureCerts: false, base.url: , browserName: chrome, goog:chromeOptions: {args: [], extensions: []}}
08:37:18.286 [AsyncHttpClient-1-7] DEBUG org.asynchttpclient.netty.channel.NettyConnectListener - Using new Channel '[id: 0x210c0a7f, L:/127.0.0.1:61177 - R:localhost/127.0.0.1:65271]' for 'POST' to '/session'
08:37:19.160 [AsyncHttpClient-1-7] DEBUG org.asynchttpclient.netty.handler.HttpHandler - 

Request DefaultHttpRequest(decodeResult: success, version: HTTP/1.1)
POST /session HTTP/1.1
User-Agent: selenium/4.1.2 (java windows)
Content-Length: 457
Content-Type: application/json; charset=utf-8
host: localhost:65271
accept: */*

Response DefaultHttpResponse(decodeResult: success, version: HTTP/1.1)
HTTP/1.1 200 OK
Content-Type: application/json; charset=utf-8
cache-control: no-cache
content-length: 788

08:37:19.160 [AsyncHttpClient-1-7] DEBUG org.asynchttpclient.netty.channel.ChannelManager - Adding key: http://localhost:65271 for channel [id: 0x210c0a7f, L:/127.0.0.1:61177 - R:localhost/127.0.0.1:65271]
08:37:19.166 [AsyncHttpClient-1-8] DEBUG org.asynchttpclient.netty.channel.NettyConnectListener - Using new Channel '[id: 0xdcb97902, L:/127.0.0.1:61185 - R:localhost/127.0.0.1:61179]' for 'GET' to '/json/version'
08:37:19.166 [AsyncHttpClient-1-8] DEBUG org.asynchttpclient.netty.handler.HttpHandler - 

Request DefaultFullHttpRequest(decodeResult: success, version: HTTP/1.1, content: EmptyByteBufBE)
GET /json/version HTTP/1.1
User-Agent: selenium/4.1.2 (java windows)
host: localhost:61179
accept: */*

Response DefaultHttpResponse(decodeResult: success, version: HTTP/1.1)
HTTP/1.1 200 OK
Content-Type: application/json; charset=UTF-8
content-length: 427

08:37:19.166 [AsyncHttpClient-1-8] DEBUG org.asynchttpclient.netty.channel.ChannelManager - Adding key: http://localhost:61179 for channel [id: 0xdcb97902, L:/127.0.0.1:61185 - R:localhost/127.0.0.1:61179]
08:37:19.168 [AsyncHttpClient-1-9] DEBUG org.asynchttpclient.netty.channel.NettyConnectListener - Using new Channel '[id: 0x9b280b62, L:/127.0.0.1:61186 - R:localhost/127.0.0.1:61179]' for 'GET' to '/devtools/browser/c0d9cd91-800c-4172-a7c9-136522a5077a'
08:37:19.168 [AsyncHttpClient-1-9] DEBUG org.asynchttpclient.netty.handler.WebSocketHandler - 

Request DefaultFullHttpRequest(decodeResult: success, version: HTTP/1.1, content: EmptyByteBufBE)
GET /devtools/browser/c0d9cd91-800c-4172-a7c9-136522a5077a HTTP/1.1
upgrade: websocket
connection: upgrade
sec-websocket-key: SFZ32RozFaY2aoi/UXZ/Yw==
sec-websocket-version: 13
origin: http://localhost:61179
host: localhost:61179
accept: */*
user-agent: AHC/2.1

Response DefaultHttpResponse(decodeResult: success, version: HTTP/1.1)
HTTP/1.1 101 WebSocket Protocol Handshake
Upgrade: WebSocket
Connection: Upgrade
Sec-WebSocket-Accept: X7J2Na3bcQlVwExDe2QigFqK8cI=

08:37:19.171 [Forwarding get on session 45f1f84a845841b0889bbf311910dfd4 to remote] DEBUG org.asynchttpclient.netty.request.NettyRequestSender - Using pooled Channel '[id: 0x210c0a7f, L:/127.0.0.1:61177 - R:localhost/127.0.0.1:65271]' for 'POST' to 'http://localhost:65271/session/45f1f84a845841b0889bbf311910dfd4/url'
08:37:19.171 [Forwarding get on session 45f1f84a845841b0889bbf311910dfd4 to remote] DEBUG org.asynchttpclient.netty.request.NettyRequestSender - Using open Channel [id: 0x210c0a7f, L:/127.0.0.1:61177 - R:localhost/127.0.0.1:65271] for POST '/session/45f1f84a845841b0889bbf311910dfd4/url'
08:37:19.928 [AsyncHttpClient-1-1] DEBUG org.asynchttpclient.netty.channel.DefaultChannelPool - Entry count for : http://localhost:61179 : 1
08:37:21.030 [AsyncHttpClient-1-1] DEBUG org.asynchttpclient.netty.channel.DefaultChannelPool - Entry count for : http://localhost:61179 : 1
08:37:22.127 [AsyncHttpClient-1-1] DEBUG org.asynchttpclient.netty.channel.DefaultChannelPool - Entry count for : http://localhost:61179 : 1
08:37:23.229 [AsyncHttpClient-1-1] DEBUG org.asynchttpclient.netty.channel.DefaultChannelPool - Entry count for : http://localhost:61179 : 1
08:37:24.328 [AsyncHttpClient-1-1] DEBUG org.asynchttpclient.netty.channel.DefaultChannelPool - Entry count for : http://localhost:61179 : 1
08:37:25.356 [AsyncHttpClient-1-7] DEBUG org.asynchttpclient.netty.handler.HttpHandler - 

Request DefaultHttpRequest(decodeResult: success, version: HTTP/1.1)
POST /session/45f1f84a845841b0889bbf311910dfd4/url HTTP/1.1
User-Agent: selenium/4.1.2 (java windows)
Content-Length: 49
Content-Type: application/json; charset=utf-8
host: localhost:65271
accept: */*

Response DefaultHttpResponse(decodeResult: success, version: HTTP/1.1)
HTTP/1.1 200 OK
Content-Type: application/json; charset=utf-8
cache-control: no-cache
content-length: 14

08:37:25.356 [AsyncHttpClient-1-7] DEBUG org.asynchttpclient.netty.channel.ChannelManager - Adding key: http://localhost:65271 for channel [id: 0x210c0a7f, L:/127.0.0.1:61177 - R:localhost/127.0.0.1:65271]
08:37:25.357 [Forwarding setTimeout on session 45f1f84a845841b0889bbf311910dfd4 to remote] DEBUG org.asynchttpclient.netty.request.NettyRequestSender - Using pooled Channel '[id: 0x210c0a7f, L:/127.0.0.1:61177 - R:localhost/127.0.0.1:65271]' for 'POST' to 'http://localhost:65271/session/45f1f84a845841b0889bbf311910dfd4/timeouts'
08:37:25.357 [Forwarding setTimeout on session 45f1f84a845841b0889bbf311910dfd4 to remote] DEBUG org.asynchttpclient.netty.request.NettyRequestSender - Using open Channel [id: 0x210c0a7f, L:/127.0.0.1:61177 - R:localhost/127.0.0.1:65271] for POST '/session/45f1f84a845841b0889bbf311910dfd4/timeouts'
08:37:25.358 [AsyncHttpClient-1-7] DEBUG org.asynchttpclient.netty.handler.HttpHandler - 

Request DefaultHttpRequest(decodeResult: success, version: HTTP/1.1)
POST /session/45f1f84a845841b0889bbf311910dfd4/timeouts HTTP/1.1
User-Agent: selenium/4.1.2 (java windows)
Content-Length: 22
Content-Type: application/json; charset=utf-8
host: localhost:65271
accept: */*

Response DefaultHttpResponse(decodeResult: success, version: HTTP/1.1)
HTTP/1.1 200 OK
Content-Type: application/json; charset=utf-8
cache-control: no-cache
content-length: 14

08:37:25.358 [AsyncHttpClient-1-7] DEBUG org.asynchttpclient.netty.channel.ChannelManager - Adding key: http://localhost:65271 for channel [id: 0x210c0a7f, L:/127.0.0.1:61177 - R:localhost/127.0.0.1:65271]
08:37:25.359 [Forwarding getCurrentUrl on session 45f1f84a845841b0889bbf311910dfd4 to remote] DEBUG org.asynchttpclient.netty.request.NettyRequestSender - Using pooled Channel '[id: 0x210c0a7f, L:/127.0.0.1:61177 - R:localhost/127.0.0.1:65271]' for 'GET' to 'http://localhost:65271/session/45f1f84a845841b0889bbf311910dfd4/url'
08:37:25.359 [Forwarding getCurrentUrl on session 45f1f84a845841b0889bbf311910dfd4 to remote] DEBUG org.asynchttpclient.netty.request.NettyRequestSender - Using open Channel [id: 0x210c0a7f, L:/127.0.0.1:61177 - R:localhost/127.0.0.1:65271] for GET '/session/45f1f84a845841b0889bbf311910dfd4/url'
08:37:25.364 [AsyncHttpClient-1-7] DEBUG org.asynchttpclient.netty.handler.HttpHandler - 

Request DefaultFullHttpRequest(decodeResult: success, version: HTTP/1.1, content: EmptyByteBufBE)
GET /session/45f1f84a845841b0889bbf311910dfd4/url HTTP/1.1
User-Agent: selenium/4.1.2 (java windows)
Cache-Control: no-cache
Content-Type: application/json; charset=utf-8
host: localhost:65271
accept: */*

Response DefaultHttpResponse(decodeResult: success, version: HTTP/1.1)
HTTP/1.1 200 OK
Content-Type: application/json; charset=utf-8
cache-control: no-cache
content-length: 31

08:37:25.364 [AsyncHttpClient-1-7] DEBUG org.asynchttpclient.netty.channel.ChannelManager - Adding key: http://localhost:65271 for channel [id: 0x210c0a7f, L:/127.0.0.1:61177 - R:localhost/127.0.0.1:65271]
  &amp#27;[32mGiven &amp#27;[0m&amp#27;[32mi access the web&amp#27;[0m                 &amp#27;[90m# starter.stepdefinitions.registerStep.iAccessTheWeb()&amp#27;[0m
08:37:25.368 [Forwarding screenshot on session 45f1f84a845841b0889bbf311910dfd4 to remote] DEBUG org.asynchttpclient.netty.request.NettyRequestSender - Using pooled Channel '[id: 0x210c0a7f, L:/127.0.0.1:61177 - R:localhost/127.0.0.1:65271]' for 'GET' to 'http://localhost:65271/session/45f1f84a845841b0889bbf311910dfd4/screenshot'
08:37:25.368 [Forwarding screenshot on session 45f1f84a845841b0889bbf311910dfd4 to remote] DEBUG org.asynchttpclient.netty.request.NettyRequestSender - Using open Channel [id: 0x210c0a7f, L:/127.0.0.1:61177 - R:localhost/127.0.0.1:65271] for GET '/session/45f1f84a845841b0889bbf311910dfd4/screenshot'
08:37:25.429 [AsyncHttpClient-1-1] DEBUG org.asynchttpclient.netty.channel.DefaultChannelPool - Entry count for : http://localhost:61179 : 1
08:37:25.705 [AsyncHttpClient-1-7] DEBUG org.asynchttpclient.netty.handler.HttpHandler - 

Request DefaultFullHttpRequest(decodeResult: success, version: HTTP/1.1, content: EmptyByteBufBE)
GET /session/45f1f84a845841b0889bbf311910dfd4/screenshot HTTP/1.1
User-Agent: selenium/4.1.2 (java windows)
Cache-Control: no-cache
Content-Type: application/json; charset=utf-8
host: localhost:65271
accept: */*

Response DefaultHttpResponse(decodeResult: success, version: HTTP/1.1)
HTTP/1.1 200 OK
Content-Type: application/json; charset=utf-8
cache-control: no-cache
content-length: 44744

08:37:25.706 [AsyncHttpClient-1-7] DEBUG org.asynchttpclient.netty.channel.ChannelManager - Adding key: http://localhost:65271 for channel [id: 0x210c0a7f, L:/127.0.0.1:61177 - R:localhost/127.0.0.1:65271]
08:37:25.707 [main] DEBUG net.serenitybdd.core.photography.Darkroom - Send negative for processing for target\site\serenity\3933b05db65e61fb5e9f3da1b1891826546c5beac5131a358ed5eb919145de8d.png
08:37:25.713 [Forwarding findElement on session 45f1f84a845841b0889bbf311910dfd4 to remote] DEBUG org.asynchttpclient.netty.request.NettyRequestSender - Using pooled Channel '[id: 0x210c0a7f, L:/127.0.0.1:61177 - R:localhost/127.0.0.1:65271]' for 'POST' to 'http://localhost:65271/session/45f1f84a845841b0889bbf311910dfd4/element'
08:37:25.714 [Forwarding findElement on session 45f1f84a845841b0889bbf311910dfd4 to remote] DEBUG org.asynchttpclient.netty.request.NettyRequestSender - Using open Channel [id: 0x210c0a7f, L:/127.0.0.1:61177 - R:localhost/127.0.0.1:65271] for POST '/session/45f1f84a845841b0889bbf311910dfd4/element'
08:37:25.726 [AsyncHttpClient-1-7] DEBUG org.asynchttpclient.netty.handler.HttpHandler - 

Request DefaultHttpRequest(decodeResult: success, version: HTTP/1.1)
POST /session/45f1f84a845841b0889bbf311910dfd4/element HTTP/1.1
User-Agent: selenium/4.1.2 (java windows)
Content-Length: 170
Content-Type: application/json; charset=utf-8
host: localhost:65271
accept: */*

Response DefaultHttpResponse(decodeResult: success, version: HTTP/1.1)
HTTP/1.1 200 OK
Content-Type: application/json; charset=utf-8
cache-control: no-cache
content-length: 88

08:37:25.726 [AsyncHttpClient-1-7] DEBUG org.asynchttpclient.netty.channel.ChannelManager - Adding key: http://localhost:65271 for channel [id: 0x210c0a7f, L:/127.0.0.1:61177 - R:localhost/127.0.0.1:65271]
08:37:25.727 [Forwarding getElementTagName on session 45f1f84a845841b0889bbf311910dfd4 to remote] DEBUG org.asynchttpclient.netty.request.NettyRequestSender - Using pooled Channel '[id: 0x210c0a7f, L:/127.0.0.1:61177 - R:localhost/127.0.0.1:65271]' for 'GET' to 'http://localhost:65271/session/45f1f84a845841b0889bbf311910dfd4/element/df26a456-0ab4-4662-90ac-d61b04b02bf3/name'
08:37:25.727 [Forwarding getElementTagName on session 45f1f84a845841b0889bbf311910dfd4 to remote] DEBUG org.asynchttpclient.netty.request.NettyRequestSender - Using open Channel [id: 0x210c0a7f, L:/127.0.0.1:61177 - R:localhost/127.0.0.1:65271] for GET '/session/45f1f84a845841b0889bbf311910dfd4/element/df26a456-0ab4-4662-90ac-d61b04b02bf3/name'
08:37:25.732 [AsyncHttpClient-1-7] DEBUG org.asynchttpclient.netty.handler.HttpHandler - 

Request DefaultFullHttpRequest(decodeResult: success, version: HTTP/1.1, content: EmptyByteBufBE)
GET /session/45f1f84a845841b0889bbf311910dfd4/element/df26a456-0ab4-4662-90ac-d61b04b02bf3/name HTTP/1.1
User-Agent: selenium/4.1.2 (java windows)
Cache-Control: no-cache
Content-Type: application/json; charset=utf-8
host: localhost:65271
accept: */*

Response DefaultHttpResponse(decodeResult: success, version: HTTP/1.1)
HTTP/1.1 200 OK
Content-Type: application/json; charset=utf-8
cache-control: no-cache
content-length: 13

08:37:25.732 [AsyncHttpClient-1-7] DEBUG org.asynchttpclient.netty.channel.ChannelManager - Adding key: http://localhost:65271 for channel [id: 0x210c0a7f, L:/127.0.0.1:61177 - R:localhost/127.0.0.1:65271]
08:37:25.734 [Forwarding getElementTagName on session 45f1f84a845841b0889bbf311910dfd4 to remote] DEBUG org.asynchttpclient.netty.request.NettyRequestSender - Using pooled Channel '[id: 0x210c0a7f, L:/127.0.0.1:61177 - R:localhost/127.0.0.1:65271]' for 'GET' to 'http://localhost:65271/session/45f1f84a845841b0889bbf311910dfd4/element/df26a456-0ab4-4662-90ac-d61b04b02bf3/name'
08:37:25.734 [Forwarding getElementTagName on session 45f1f84a845841b0889bbf311910dfd4 to remote] DEBUG org.asynchttpclient.netty.request.NettyRequestSender - Using open Channel [id: 0x210c0a7f, L:/127.0.0.1:61177 - R:localhost/127.0.0.1:65271] for GET '/session/45f1f84a845841b0889bbf311910dfd4/element/df26a456-0ab4-4662-90ac-d61b04b02bf3/name'
08:37:25.737 [AsyncHttpClient-1-7] DEBUG org.asynchttpclient.netty.handler.HttpHandler - 

Request DefaultFullHttpRequest(decodeResult: success, version: HTTP/1.1, content: EmptyByteBufBE)
GET /session/45f1f84a845841b0889bbf311910dfd4/element/df26a456-0ab4-4662-90ac-d61b04b02bf3/name HTTP/1.1
User-Agent: selenium/4.1.2 (java windows)
Cache-Control: no-cache
Content-Type: application/json; charset=utf-8
host: localhost:65271
accept: */*

Response DefaultHttpResponse(decodeResult: success, version: HTTP/1.1)
HTTP/1.1 200 OK
Content-Type: application/json; charset=utf-8
cache-control: no-cache
content-length: 13

08:37:25.738 [AsyncHttpClient-1-7] DEBUG org.asynchttpclient.netty.channel.ChannelManager - Adding key: http://localhost:65271 for channel [id: 0x210c0a7f, L:/127.0.0.1:61177 - R:localhost/127.0.0.1:65271]
08:37:25.739 [Forwarding findElement on session 45f1f84a845841b0889bbf311910dfd4 to remote] DEBUG org.asynchttpclient.netty.request.NettyRequestSender - Using pooled Channel '[id: 0x210c0a7f, L:/127.0.0.1:61177 - R:localhost/127.0.0.1:65271]' for 'POST' to 'http://localhost:65271/session/45f1f84a845841b0889bbf311910dfd4/element'
08:37:25.739 [Forwarding findElement on session 45f1f84a845841b0889bbf311910dfd4 to remote] DEBUG org.asynchttpclient.netty.request.NettyRequestSender - Using open Channel [id: 0x210c0a7f, L:/127.0.0.1:61177 - R:localhost/127.0.0.1:65271] for POST '/session/45f1f84a845841b0889bbf311910dfd4/element'
08:37:25.746 [AsyncHttpClient-1-7] DEBUG org.asynchttpclient.netty.handler.HttpHandler - 

Request DefaultHttpRequest(decodeResult: success, version: HTTP/1.1)
POST /session/45f1f84a845841b0889bbf311910dfd4/element HTTP/1.1
User-Agent: selenium/4.1.2 (java windows)
Content-Length: 170
Content-Type: application/json; charset=utf-8
host: localhost:65271
accept: */*

Response DefaultHttpResponse(decodeResult: success, version: HTTP/1.1)
HTTP/1.1 200 OK
Content-Type: application/json; charset=utf-8
cache-control: no-cache
content-length: 88

08:37:25.746 [AsyncHttpClient-1-7] DEBUG org.asynchttpclient.netty.channel.ChannelManager - Adding key: http://localhost:65271 for channel [id: 0x210c0a7f, L:/127.0.0.1:61177 - R:localhost/127.0.0.1:65271]
08:37:25.748 [Forwarding clickElement on session 45f1f84a845841b0889bbf311910dfd4 to remote] DEBUG org.asynchttpclient.netty.request.NettyRequestSender - Using pooled Channel '[id: 0x210c0a7f, L:/127.0.0.1:61177 - R:localhost/127.0.0.1:65271]' for 'POST' to 'http://localhost:65271/session/45f1f84a845841b0889bbf311910dfd4/element/df26a456-0ab4-4662-90ac-d61b04b02bf3/click'
08:37:25.748 [Forwarding clickElement on session 45f1f84a845841b0889bbf311910dfd4 to remote] DEBUG org.asynchttpclient.netty.request.NettyRequestSender - Using open Channel [id: 0x210c0a7f, L:/127.0.0.1:61177 - R:localhost/127.0.0.1:65271] for POST '/session/45f1f84a845841b0889bbf311910dfd4/element/df26a456-0ab4-4662-90ac-d61b04b02bf3/click'
08:37:25.793 [AsyncHttpClient-1-7] DEBUG org.asynchttpclient.netty.handler.HttpHandler - 

Request DefaultHttpRequest(decodeResult: success, version: HTTP/1.1)
POST /session/45f1f84a845841b0889bbf311910dfd4/element/df26a456-0ab4-4662-90ac-d61b04b02bf3/click HTTP/1.1
User-Agent: selenium/4.1.2 (java windows)
Content-Length: 50
Content-Type: application/json; charset=utf-8
host: localhost:65271
accept: */*

Response DefaultHttpResponse(decodeResult: success, version: HTTP/1.1)
HTTP/1.1 200 OK
Content-Type: application/json; charset=utf-8
cache-control: no-cache
content-length: 14

08:37:25.794 [AsyncHttpClient-1-7] DEBUG org.asynchttpclient.netty.channel.ChannelManager - Adding key: http://localhost:65271 for channel [id: 0x210c0a7f, L:/127.0.0.1:61177 - R:localhost/127.0.0.1:65271]
08:37:25.796 [Forwarding get on session 45f1f84a845841b0889bbf311910dfd4 to remote] DEBUG org.asynchttpclient.netty.request.NettyRequestSender - Using pooled Channel '[id: 0x210c0a7f, L:/127.0.0.1:61177 - R:localhost/127.0.0.1:65271]' for 'POST' to 'http://localhost:65271/session/45f1f84a845841b0889bbf311910dfd4/url'
08:37:25.796 [Forwarding get on session 45f1f84a845841b0889bbf311910dfd4 to remote] DEBUG org.asynchttpclient.netty.request.NettyRequestSender - Using open Channel [id: 0x210c0a7f, L:/127.0.0.1:61177 - R:localhost/127.0.0.1:65271] for POST '/session/45f1f84a845841b0889bbf311910dfd4/url'
08:37:26.131 [AsyncHttpClient-1-7] DEBUG org.asynchttpclient.netty.handler.HttpHandler - 

Request DefaultHttpRequest(decodeResult: success, version: HTTP/1.1)
POST /session/45f1f84a845841b0889bbf311910dfd4/url HTTP/1.1
User-Agent: selenium/4.1.2 (java windows)
Content-Length: 67
Content-Type: application/json; charset=utf-8
host: localhost:65271
accept: */*

Response DefaultHttpResponse(decodeResult: success, version: HTTP/1.1)
HTTP/1.1 200 OK
Content-Type: application/json; charset=utf-8
cache-control: no-cache
content-length: 14

08:37:26.131 [AsyncHttpClient-1-7] DEBUG org.asynchttpclient.netty.channel.ChannelManager - Adding key: http://localhost:65271 for channel [id: 0x210c0a7f, L:/127.0.0.1:61177 - R:localhost/127.0.0.1:65271]
08:37:26.132 [Forwarding getCurrentUrl on session 45f1f84a845841b0889bbf311910dfd4 to remote] DEBUG org.asynchttpclient.netty.request.NettyRequestSender - Using pooled Channel '[id: 0x210c0a7f, L:/127.0.0.1:61177 - R:localhost/127.0.0.1:65271]' for 'GET' to 'http://localhost:65271/session/45f1f84a845841b0889bbf311910dfd4/url'
08:37:26.133 [Forwarding getCurrentUrl on session 45f1f84a845841b0889bbf311910dfd4 to remote] DEBUG org.asynchttpclient.netty.request.NettyRequestSender - Using open Channel [id: 0x210c0a7f, L:/127.0.0.1:61177 - R:localhost/127.0.0.1:65271] for GET '/session/45f1f84a845841b0889bbf311910dfd4/url'
08:37:26.136 [AsyncHttpClient-1-7] DEBUG org.asynchttpclient.netty.handler.HttpHandler - 

Request DefaultFullHttpRequest(decodeResult: success, version: HTTP/1.1, content: EmptyByteBufBE)
GET /session/45f1f84a845841b0889bbf311910dfd4/url HTTP/1.1
User-Agent: selenium/4.1.2 (java windows)
Cache-Control: no-cache
Content-Type: application/json; charset=utf-8
host: localhost:65271
accept: */*

Response DefaultHttpResponse(decodeResult: success, version: HTTP/1.1)
HTTP/1.1 200 OK
Content-Type: application/json; charset=utf-8
cache-control: no-cache
content-length: 44

08:37:26.136 [AsyncHttpClient-1-7] DEBUG org.asynchttpclient.netty.channel.ChannelManager - Adding key: http://localhost:65271 for channel [id: 0x210c0a7f, L:/127.0.0.1:61177 - R:localhost/127.0.0.1:65271]
  &amp#27;[32mWhen &amp#27;[0m&amp#27;[32mi click icon account and register&amp#27;[0m &amp#27;[90m# starter.stepdefinitions.registerStep.iClickIconAccountAndRegister()&amp#27;[0m
08:37:26.140 [Forwarding screenshot on session 45f1f84a845841b0889bbf311910dfd4 to remote] DEBUG org.asynchttpclient.netty.request.NettyRequestSender - Using pooled Channel '[id: 0x210c0a7f, L:/127.0.0.1:61177 - R:localhost/127.0.0.1:65271]' for 'GET' to 'http://localhost:65271/session/45f1f84a845841b0889bbf311910dfd4/screenshot'
08:37:26.140 [Forwarding screenshot on session 45f1f84a845841b0889bbf311910dfd4 to remote] DEBUG org.asynchttpclient.netty.request.NettyRequestSender - Using open Channel [id: 0x210c0a7f, L:/127.0.0.1:61177 - R:localhost/127.0.0.1:65271] for GET '/session/45f1f84a845841b0889bbf311910dfd4/screenshot'
08:37:26.296 [AsyncHttpClient-1-7] DEBUG org.asynchttpclient.netty.handler.HttpHandler - 

Request DefaultFullHttpRequest(decodeResult: success, version: HTTP/1.1, content: EmptyByteBufBE)
GET /session/45f1f84a845841b0889bbf311910dfd4/screenshot HTTP/1.1
User-Agent: selenium/4.1.2 (java windows)
Cache-Control: no-cache
Content-Type: application/json; charset=utf-8
host: localhost:65271
accept: */*

Response DefaultHttpResponse(decodeResult: success, version: HTTP/1.1)
HTTP/1.1 200 OK
Content-Type: application/json; charset=utf-8
cache-control: no-cache
content-length: 44716

08:37:26.296 [AsyncHttpClient-1-7] DEBUG org.asynchttpclient.netty.channel.ChannelManager - Adding key: http://localhost:65271 for channel [id: 0x210c0a7f, L:/127.0.0.1:61177 - R:localhost/127.0.0.1:65271]
08:37:26.298 [main] DEBUG net.serenitybdd.core.photography.Darkroom - Send negative for processing for target\site\serenity\fa2c2524d3f8e5f6ab35472399ad99cab14a625b335c5da78c3a6cfbfc20f144.png
08:37:26.303 [Forwarding findElement on session 45f1f84a845841b0889bbf311910dfd4 to remote] DEBUG org.asynchttpclient.netty.request.NettyRequestSender - Using pooled Channel '[id: 0x210c0a7f, L:/127.0.0.1:61177 - R:localhost/127.0.0.1:65271]' for 'POST' to 'http://localhost:65271/session/45f1f84a845841b0889bbf311910dfd4/element'
08:37:26.303 [Forwarding findElement on session 45f1f84a845841b0889bbf311910dfd4 to remote] DEBUG org.asynchttpclient.netty.request.NettyRequestSender - Using open Channel [id: 0x210c0a7f, L:/127.0.0.1:61177 - R:localhost/127.0.0.1:65271] for POST '/session/45f1f84a845841b0889bbf311910dfd4/element'
08:37:26.315 [AsyncHttpClient-1-7] DEBUG org.asynchttpclient.netty.handler.HttpHandler - 

Request DefaultHttpRequest(decodeResult: success, version: HTTP/1.1)
POST /session/45f1f84a845841b0889bbf311910dfd4/element HTTP/1.1
User-Agent: selenium/4.1.2 (java windows)
Content-Length: 93
Content-Type: application/json; charset=utf-8
host: localhost:65271
accept: */*

Response DefaultHttpResponse(decodeResult: success, version: HTTP/1.1)
HTTP/1.1 200 OK
Content-Type: application/json; charset=utf-8
cache-control: no-cache
content-length: 88

08:37:26.315 [AsyncHttpClient-1-7] DEBUG org.asynchttpclient.netty.channel.ChannelManager - Adding key: http://localhost:65271 for channel [id: 0x210c0a7f, L:/127.0.0.1:61177 - R:localhost/127.0.0.1:65271]
08:37:26.316 [Forwarding clearElement on session 45f1f84a845841b0889bbf311910dfd4 to remote] DEBUG org.asynchttpclient.netty.request.NettyRequestSender - Using pooled Channel '[id: 0x210c0a7f, L:/127.0.0.1:61177 - R:localhost/127.0.0.1:65271]' for 'POST' to 'http://localhost:65271/session/45f1f84a845841b0889bbf311910dfd4/element/d1773568-6a0e-498a-957e-efe48f177cd0/clear'
08:37:26.316 [Forwarding clearElement on session 45f1f84a845841b0889bbf311910dfd4 to remote] DEBUG org.asynchttpclient.netty.request.NettyRequestSender - Using open Channel [id: 0x210c0a7f, L:/127.0.0.1:61177 - R:localhost/127.0.0.1:65271] for POST '/session/45f1f84a845841b0889bbf311910dfd4/element/d1773568-6a0e-498a-957e-efe48f177cd0/clear'
08:37:26.349 [AsyncHttpClient-1-7] DEBUG org.asynchttpclient.netty.handler.HttpHandler - 

Request DefaultHttpRequest(decodeResult: success, version: HTTP/1.1)
POST /session/45f1f84a845841b0889bbf311910dfd4/element/d1773568-6a0e-498a-957e-efe48f177cd0/clear HTTP/1.1
User-Agent: selenium/4.1.2 (java windows)
Content-Length: 50
Content-Type: application/json; charset=utf-8
host: localhost:65271
accept: */*

Response DefaultHttpResponse(decodeResult: success, version: HTTP/1.1)
HTTP/1.1 200 OK
Content-Type: application/json; charset=utf-8
cache-control: no-cache
content-length: 14

08:37:26.349 [AsyncHttpClient-1-7] DEBUG org.asynchttpclient.netty.channel.ChannelManager - Adding key: http://localhost:65271 for channel [id: 0x210c0a7f, L:/127.0.0.1:61177 - R:localhost/127.0.0.1:65271]
08:37:26.350 [Forwarding sendKeysToElement on session 45f1f84a845841b0889bbf311910dfd4 to remote] DEBUG org.asynchttpclient.netty.request.NettyRequestSender - Using pooled Channel '[id: 0x210c0a7f, L:/127.0.0.1:61177 - R:localhost/127.0.0.1:65271]' for 'POST' to 'http://localhost:65271/session/45f1f84a845841b0889bbf311910dfd4/element/d1773568-6a0e-498a-957e-efe48f177cd0/value'
08:37:26.350 [Forwarding sendKeysToElement on session 45f1f84a845841b0889bbf311910dfd4 to remote] DEBUG org.asynchttpclient.netty.request.NettyRequestSender - Using open Channel [id: 0x210c0a7f, L:/127.0.0.1:61177 - R:localhost/127.0.0.1:65271] for POST '/session/45f1f84a845841b0889bbf311910dfd4/element/d1773568-6a0e-498a-957e-efe48f177cd0/value'
08:37:26.421 [AsyncHttpClient-1-7] DEBUG org.asynchttpclient.netty.handler.HttpHandler - 

Request DefaultHttpRequest(decodeResult: success, version: HTTP/1.1)
POST /session/45f1f84a845841b0889bbf311910dfd4/element/d1773568-6a0e-498a-957e-efe48f177cd0/value HTTP/1.1
User-Agent: selenium/4.1.2 (java windows)
Content-Length: 121
Content-Type: application/json; charset=utf-8
host: localhost:65271
accept: */*

Response DefaultHttpResponse(decodeResult: success, version: HTTP/1.1)
HTTP/1.1 200 OK
Content-Type: application/json; charset=utf-8
cache-control: no-cache
content-length: 14

08:37:26.421 [AsyncHttpClient-1-7] DEBUG org.asynchttpclient.netty.channel.ChannelManager - Adding key: http://localhost:65271 for channel [id: 0x210c0a7f, L:/127.0.0.1:61177 - R:localhost/127.0.0.1:65271]
  &amp#27;[32mAnd &amp#27;[0m&amp#27;[32mi input &amp#27;[0m&amp#27;[32m&amp#27;[1m"same"&amp#27;[0m&amp#27;[32m my name&amp#27;[0m             &amp#27;[90m# starter.stepdefinitions.registerStep.iInputMyName(java.lang.String)&amp#27;[0m
08:37:26.427 [Forwarding screenshot on session 45f1f84a845841b0889bbf311910dfd4 to remote] DEBUG org.asynchttpclient.netty.request.NettyRequestSender - Using pooled Channel '[id: 0x210c0a7f, L:/127.0.0.1:61177 - R:localhost/127.0.0.1:65271]' for 'GET' to 'http://localhost:65271/session/45f1f84a845841b0889bbf311910dfd4/screenshot'
08:37:26.427 [Forwarding screenshot on session 45f1f84a845841b0889bbf311910dfd4 to remote] DEBUG org.asynchttpclient.netty.request.NettyRequestSender - Using open Channel [id: 0x210c0a7f, L:/127.0.0.1:61177 - R:localhost/127.0.0.1:65271] for GET '/session/45f1f84a845841b0889bbf311910dfd4/screenshot'
08:37:26.528 [AsyncHttpClient-1-1] DEBUG org.asynchttpclient.netty.channel.DefaultChannelPool - Entry count for : http://localhost:61179 : 1
08:37:26.577 [AsyncHttpClient-1-7] DEBUG org.asynchttpclient.netty.handler.HttpHandler - 

Request DefaultFullHttpRequest(decodeResult: success, version: HTTP/1.1, content: EmptyByteBufBE)
GET /session/45f1f84a845841b0889bbf311910dfd4/screenshot HTTP/1.1
User-Agent: selenium/4.1.2 (java windows)
Cache-Control: no-cache
Content-Type: application/json; charset=utf-8
host: localhost:65271
accept: */*

Response DefaultHttpResponse(decodeResult: success, version: HTTP/1.1)
HTTP/1.1 200 OK
Content-Type: application/json; charset=utf-8
cache-control: no-cache
content-length: 47072

08:37:26.577 [AsyncHttpClient-1-7] DEBUG org.asynchttpclient.netty.channel.ChannelManager - Adding key: http://localhost:65271 for channel [id: 0x210c0a7f, L:/127.0.0.1:61177 - R:localhost/127.0.0.1:65271]
08:37:26.579 [main] DEBUG net.serenitybdd.core.photography.Darkroom - Send negative for processing for target\site\serenity\281b0ec5de8a3daa2dcacefb323c2c39ed0012faeb63be1023e5005a05f11772.png
08:37:26.579 [Darkroom Processing Line] DEBUG net.serenitybdd.core.photography.DarkroomProcessingLine - Processing screenshot image in /var/screenshots/screenshot-11952239943499410953
08:37:26.579 [Darkroom Processing Line] DEBUG net.serenitybdd.core.photography.DarkroomProcessingLine - Saving screenshot to target\site\serenity\281b0ec5de8a3daa2dcacefb323c2c39ed0012faeb63be1023e5005a05f11772.png
08:37:26.585 [Forwarding findElement on session 45f1f84a845841b0889bbf311910dfd4 to remote] DEBUG org.asynchttpclient.netty.request.NettyRequestSender - Using pooled Channel '[id: 0x210c0a7f, L:/127.0.0.1:61177 - R:localhost/127.0.0.1:65271]' for 'POST' to 'http://localhost:65271/session/45f1f84a845841b0889bbf311910dfd4/element'
08:37:26.585 [Forwarding findElement on session 45f1f84a845841b0889bbf311910dfd4 to remote] DEBUG org.asynchttpclient.netty.request.NettyRequestSender - Using open Channel [id: 0x210c0a7f, L:/127.0.0.1:61177 - R:localhost/127.0.0.1:65271] for POST '/session/45f1f84a845841b0889bbf311910dfd4/element'
08:37:26.605 [AsyncHttpClient-1-7] DEBUG org.asynchttpclient.netty.handler.HttpHandler - 

Request DefaultHttpRequest(decodeResult: success, version: HTTP/1.1)
POST /session/45f1f84a845841b0889bbf311910dfd4/element HTTP/1.1
User-Agent: selenium/4.1.2 (java windows)
Content-Length: 86
Content-Type: application/json; charset=utf-8
host: localhost:65271
accept: */*

Response DefaultHttpResponse(decodeResult: success, version: HTTP/1.1)
HTTP/1.1 200 OK
Content-Type: application/json; charset=utf-8
cache-control: no-cache
content-length: 88

08:37:26.605 [AsyncHttpClient-1-7] DEBUG org.asynchttpclient.netty.channel.ChannelManager - Adding key: http://localhost:65271 for channel [id: 0x210c0a7f, L:/127.0.0.1:61177 - R:localhost/127.0.0.1:65271]
08:37:26.606 [Forwarding clearElement on session 45f1f84a845841b0889bbf311910dfd4 to remote] DEBUG org.asynchttpclient.netty.request.NettyRequestSender - Using pooled Channel '[id: 0x210c0a7f, L:/127.0.0.1:61177 - R:localhost/127.0.0.1:65271]' for 'POST' to 'http://localhost:65271/session/45f1f84a845841b0889bbf311910dfd4/element/05639b13-f55e-4271-bd7a-6d186fccafed/clear'
08:37:26.606 [Forwarding clearElement on session 45f1f84a845841b0889bbf311910dfd4 to remote] DEBUG org.asynchttpclient.netty.request.NettyRequestSender - Using open Channel [id: 0x210c0a7f, L:/127.0.0.1:61177 - R:localhost/127.0.0.1:65271] for POST '/session/45f1f84a845841b0889bbf311910dfd4/element/05639b13-f55e-4271-bd7a-6d186fccafed/clear'
08:37:26.647 [AsyncHttpClient-1-7] DEBUG org.asynchttpclient.netty.handler.HttpHandler - 

Request DefaultHttpRequest(decodeResult: success, version: HTTP/1.1)
POST /session/45f1f84a845841b0889bbf311910dfd4/element/05639b13-f55e-4271-bd7a-6d186fccafed/clear HTTP/1.1
User-Agent: selenium/4.1.2 (java windows)
Content-Length: 50
Content-Type: application/json; charset=utf-8
host: localhost:65271
accept: */*

Response DefaultHttpResponse(decodeResult: success, version: HTTP/1.1)
HTTP/1.1 200 OK
Content-Type: application/json; charset=utf-8
cache-control: no-cache
content-length: 14

08:37:26.647 [AsyncHttpClient-1-7] DEBUG org.asynchttpclient.netty.channel.ChannelManager - Adding key: http://localhost:65271 for channel [id: 0x210c0a7f, L:/127.0.0.1:61177 - R:localhost/127.0.0.1:65271]
08:37:26.649 [Forwarding sendKeysToElement on session 45f1f84a845841b0889bbf311910dfd4 to remote] DEBUG org.asynchttpclient.netty.request.NettyRequestSender - Using pooled Channel '[id: 0x210c0a7f, L:/127.0.0.1:61177 - R:localhost/127.0.0.1:65271]' for 'POST' to 'http://localhost:65271/session/45f1f84a845841b0889bbf311910dfd4/element/05639b13-f55e-4271-bd7a-6d186fccafed/value'
08:37:26.649 [Forwarding sendKeysToElement on session 45f1f84a845841b0889bbf311910dfd4 to remote] DEBUG org.asynchttpclient.netty.request.NettyRequestSender - Using open Channel [id: 0x210c0a7f, L:/127.0.0.1:61177 - R:localhost/127.0.0.1:65271] for POST '/session/45f1f84a845841b0889bbf311910dfd4/element/05639b13-f55e-4271-bd7a-6d186fccafed/value'
08:37:26.717 [AsyncHttpClient-1-7] DEBUG org.asynchttpclient.netty.handler.HttpHandler - 

Request DefaultHttpRequest(decodeResult: success, version: HTTP/1.1)
POST /session/45f1f84a845841b0889bbf311910dfd4/element/05639b13-f55e-4271-bd7a-6d186fccafed/value HTTP/1.1
User-Agent: selenium/4.1.2 (java windows)
Content-Length: 121
Content-Type: application/json; charset=utf-8
host: localhost:65271
accept: */*

Response DefaultHttpResponse(decodeResult: success, version: HTTP/1.1)
HTTP/1.1 200 OK
Content-Type: application/json; charset=utf-8
cache-control: no-cache
content-length: 14

08:37:26.718 [AsyncHttpClient-1-7] DEBUG org.asynchttpclient.netty.channel.ChannelManager - Adding key: http://localhost:65271 for channel [id: 0x210c0a7f, L:/127.0.0.1:61177 - R:localhost/127.0.0.1:65271]
  &amp#27;[32mAnd &amp#27;[0m&amp#27;[32mi input &amp#27;[0m&amp#27;[32m&amp#27;[1m"same"&amp#27;[0m&amp#27;[32m my email&amp#27;[0m            &amp#27;[90m# starter.stepdefinitions.registerStep.iInputMyEmail(java.lang.String)&amp#27;[0m
08:37:26.725 [Forwarding screenshot on session 45f1f84a845841b0889bbf311910dfd4 to remote] DEBUG org.asynchttpclient.netty.request.NettyRequestSender - Using pooled Channel '[id: 0x210c0a7f, L:/127.0.0.1:61177 - R:localhost/127.0.0.1:65271]' for 'GET' to 'http://localhost:65271/session/45f1f84a845841b0889bbf311910dfd4/screenshot'
08:37:26.725 [Forwarding screenshot on session 45f1f84a845841b0889bbf311910dfd4 to remote] DEBUG org.asynchttpclient.netty.request.NettyRequestSender - Using open Channel [id: 0x210c0a7f, L:/127.0.0.1:61177 - R:localhost/127.0.0.1:65271] for GET '/session/45f1f84a845841b0889bbf311910dfd4/screenshot'
08:37:26.920 [AsyncHttpClient-1-7] DEBUG org.asynchttpclient.netty.handler.HttpHandler - 

Request DefaultFullHttpRequest(decodeResult: success, version: HTTP/1.1, content: EmptyByteBufBE)
GET /session/45f1f84a845841b0889bbf311910dfd4/screenshot HTTP/1.1
User-Agent: selenium/4.1.2 (java windows)
Cache-Control: no-cache
Content-Type: application/json; charset=utf-8
host: localhost:65271
accept: */*

Response DefaultHttpResponse(decodeResult: success, version: HTTP/1.1)
HTTP/1.1 200 OK
Content-Type: application/json; charset=utf-8
cache-control: no-cache
content-length: 48532

08:37:26.921 [AsyncHttpClient-1-7] DEBUG org.asynchttpclient.netty.channel.ChannelManager - Adding key: http://localhost:65271 for channel [id: 0x210c0a7f, L:/127.0.0.1:61177 - R:localhost/127.0.0.1:65271]
08:37:26.922 [main] DEBUG net.serenitybdd.core.photography.Darkroom - Send negative for processing for target\site\serenity\841e3055431588084c7986e2fde5e25f198614fc993df0b64813032fe145eead.png
08:37:26.923 [Darkroom Processing Line] DEBUG net.serenitybdd.core.photography.DarkroomProcessingLine - Processing screenshot image in /var/screenshots/screenshot-1024306409529510448
08:37:26.923 [Darkroom Processing Line] DEBUG net.serenitybdd.core.photography.DarkroomProcessingLine - Saving screenshot to target\site\serenity\841e3055431588084c7986e2fde5e25f198614fc993df0b64813032fe145eead.png
08:37:26.928 [Forwarding findElement on session 45f1f84a845841b0889bbf311910dfd4 to remote] DEBUG org.asynchttpclient.netty.request.NettyRequestSender - Using pooled Channel '[id: 0x210c0a7f, L:/127.0.0.1:61177 - R:localhost/127.0.0.1:65271]' for 'POST' to 'http://localhost:65271/session/45f1f84a845841b0889bbf311910dfd4/element'
08:37:26.928 [Forwarding findElement on session 45f1f84a845841b0889bbf311910dfd4 to remote] DEBUG org.asynchttpclient.netty.request.NettyRequestSender - Using open Channel [id: 0x210c0a7f, L:/127.0.0.1:61177 - R:localhost/127.0.0.1:65271] for POST '/session/45f1f84a845841b0889bbf311910dfd4/element'
08:37:26.941 [AsyncHttpClient-1-7] DEBUG org.asynchttpclient.netty.handler.HttpHandler - 

Request DefaultHttpRequest(decodeResult: success, version: HTTP/1.1)
POST /session/45f1f84a845841b0889bbf311910dfd4/element HTTP/1.1
User-Agent: selenium/4.1.2 (java windows)
Content-Length: 89
Content-Type: application/json; charset=utf-8
host: localhost:65271
accept: */*

Response DefaultHttpResponse(decodeResult: success, version: HTTP/1.1)
HTTP/1.1 200 OK
Content-Type: application/json; charset=utf-8
cache-control: no-cache
content-length: 88

08:37:26.941 [AsyncHttpClient-1-7] DEBUG org.asynchttpclient.netty.channel.ChannelManager - Adding key: http://localhost:65271 for channel [id: 0x210c0a7f, L:/127.0.0.1:61177 - R:localhost/127.0.0.1:65271]
08:37:26.942 [Forwarding clearElement on session 45f1f84a845841b0889bbf311910dfd4 to remote] DEBUG org.asynchttpclient.netty.request.NettyRequestSender - Using pooled Channel '[id: 0x210c0a7f, L:/127.0.0.1:61177 - R:localhost/127.0.0.1:65271]' for 'POST' to 'http://localhost:65271/session/45f1f84a845841b0889bbf311910dfd4/element/dfa0e739-7b60-42a3-aeac-7a0b71b38b09/clear'
08:37:26.942 [Forwarding clearElement on session 45f1f84a845841b0889bbf311910dfd4 to remote] DEBUG org.asynchttpclient.netty.request.NettyRequestSender - Using open Channel [id: 0x210c0a7f, L:/127.0.0.1:61177 - R:localhost/127.0.0.1:65271] for POST '/session/45f1f84a845841b0889bbf311910dfd4/element/dfa0e739-7b60-42a3-aeac-7a0b71b38b09/clear'
08:37:26.979 [AsyncHttpClient-1-7] DEBUG org.asynchttpclient.netty.handler.HttpHandler - 

Request DefaultHttpRequest(decodeResult: success, version: HTTP/1.1)
POST /session/45f1f84a845841b0889bbf311910dfd4/element/dfa0e739-7b60-42a3-aeac-7a0b71b38b09/clear HTTP/1.1
User-Agent: selenium/4.1.2 (java windows)
Content-Length: 50
Content-Type: application/json; charset=utf-8
host: localhost:65271
accept: */*

Response DefaultHttpResponse(decodeResult: success, version: HTTP/1.1)
HTTP/1.1 200 OK
Content-Type: application/json; charset=utf-8
cache-control: no-cache
content-length: 14

08:37:26.979 [AsyncHttpClient-1-7] DEBUG org.asynchttpclient.netty.channel.ChannelManager - Adding key: http://localhost:65271 for channel [id: 0x210c0a7f, L:/127.0.0.1:61177 - R:localhost/127.0.0.1:65271]
08:37:26.980 [Forwarding sendKeysToElement on session 45f1f84a845841b0889bbf311910dfd4 to remote] DEBUG org.asynchttpclient.netty.request.NettyRequestSender - Using pooled Channel '[id: 0x210c0a7f, L:/127.0.0.1:61177 - R:localhost/127.0.0.1:65271]' for 'POST' to 'http://localhost:65271/session/45f1f84a845841b0889bbf311910dfd4/element/dfa0e739-7b60-42a3-aeac-7a0b71b38b09/value'
08:37:26.980 [Forwarding sendKeysToElement on session 45f1f84a845841b0889bbf311910dfd4 to remote] DEBUG org.asynchttpclient.netty.request.NettyRequestSender - Using open Channel [id: 0x210c0a7f, L:/127.0.0.1:61177 - R:localhost/127.0.0.1:65271] for POST '/session/45f1f84a845841b0889bbf311910dfd4/element/dfa0e739-7b60-42a3-aeac-7a0b71b38b09/value'
08:37:27.067 [AsyncHttpClient-1-7] DEBUG org.asynchttpclient.netty.handler.HttpHandler - 

Request DefaultHttpRequest(decodeResult: success, version: HTTP/1.1)
POST /session/45f1f84a845841b0889bbf311910dfd4/element/dfa0e739-7b60-42a3-aeac-7a0b71b38b09/value HTTP/1.1
User-Agent: selenium/4.1.2 (java windows)
Content-Length: 151
Content-Type: application/json; charset=utf-8
host: localhost:65271
accept: */*

Response DefaultHttpResponse(decodeResult: success, version: HTTP/1.1)
HTTP/1.1 200 OK
Content-Type: application/json; charset=utf-8
cache-control: no-cache
content-length: 14

08:37:27.067 [AsyncHttpClient-1-7] DEBUG org.asynchttpclient.netty.channel.ChannelManager - Adding key: http://localhost:65271 for channel [id: 0x210c0a7f, L:/127.0.0.1:61177 - R:localhost/127.0.0.1:65271]
08:37:27.070 [Forwarding findElement on session 45f1f84a845841b0889bbf311910dfd4 to remote] DEBUG org.asynchttpclient.netty.request.NettyRequestSender - Using pooled Channel '[id: 0x210c0a7f, L:/127.0.0.1:61177 - R:localhost/127.0.0.1:65271]' for 'POST' to 'http://localhost:65271/session/45f1f84a845841b0889bbf311910dfd4/element'
08:37:27.071 [Forwarding findElement on session 45f1f84a845841b0889bbf311910dfd4 to remote] DEBUG org.asynchttpclient.netty.request.NettyRequestSender - Using open Channel [id: 0x210c0a7f, L:/127.0.0.1:61177 - R:localhost/127.0.0.1:65271] for POST '/session/45f1f84a845841b0889bbf311910dfd4/element'
08:37:27.077 [AsyncHttpClient-1-7] DEBUG org.asynchttpclient.netty.handler.HttpHandler - 

Request DefaultHttpRequest(decodeResult: success, version: HTTP/1.1)
POST /session/45f1f84a845841b0889bbf311910dfd4/element HTTP/1.1
User-Agent: selenium/4.1.2 (java windows)
Content-Length: 89
Content-Type: application/json; charset=utf-8
host: localhost:65271
accept: */*

Response DefaultHttpResponse(decodeResult: success, version: HTTP/1.1)
HTTP/1.1 200 OK
Content-Type: application/json; charset=utf-8
cache-control: no-cache
content-length: 88

08:37:27.078 [AsyncHttpClient-1-7] DEBUG org.asynchttpclient.netty.channel.ChannelManager - Adding key: http://localhost:65271 for channel [id: 0x210c0a7f, L:/127.0.0.1:61177 - R:localhost/127.0.0.1:65271]
08:37:27.079 [Forwarding clearElement on session 45f1f84a845841b0889bbf311910dfd4 to remote] DEBUG org.asynchttpclient.netty.request.NettyRequestSender - Using pooled Channel '[id: 0x210c0a7f, L:/127.0.0.1:61177 - R:localhost/127.0.0.1:65271]' for 'POST' to 'http://localhost:65271/session/45f1f84a845841b0889bbf311910dfd4/element/dfa0e739-7b60-42a3-aeac-7a0b71b38b09/clear'
08:37:27.079 [Forwarding clearElement on session 45f1f84a845841b0889bbf311910dfd4 to remote] DEBUG org.asynchttpclient.netty.request.NettyRequestSender - Using open Channel [id: 0x210c0a7f, L:/127.0.0.1:61177 - R:localhost/127.0.0.1:65271] for POST '/session/45f1f84a845841b0889bbf311910dfd4/element/dfa0e739-7b60-42a3-aeac-7a0b71b38b09/clear'
08:37:27.103 [AsyncHttpClient-1-7] DEBUG org.asynchttpclient.netty.handler.HttpHandler - 

Request DefaultHttpRequest(decodeResult: success, version: HTTP/1.1)
POST /session/45f1f84a845841b0889bbf311910dfd4/element/dfa0e739-7b60-42a3-aeac-7a0b71b38b09/clear HTTP/1.1
User-Agent: selenium/4.1.2 (java windows)
Content-Length: 50
Content-Type: application/json; charset=utf-8
host: localhost:65271
accept: */*

Response DefaultHttpResponse(decodeResult: success, version: HTTP/1.1)
HTTP/1.1 200 OK
Content-Type: application/json; charset=utf-8
cache-control: no-cache
content-length: 14

08:37:27.103 [AsyncHttpClient-1-7] DEBUG org.asynchttpclient.netty.channel.ChannelManager - Adding key: http://localhost:65271 for channel [id: 0x210c0a7f, L:/127.0.0.1:61177 - R:localhost/127.0.0.1:65271]
08:37:27.104 [Forwarding sendKeysToElement on session 45f1f84a845841b0889bbf311910dfd4 to remote] DEBUG org.asynchttpclient.netty.request.NettyRequestSender - Using pooled Channel '[id: 0x210c0a7f, L:/127.0.0.1:61177 - R:localhost/127.0.0.1:65271]' for 'POST' to 'http://localhost:65271/session/45f1f84a845841b0889bbf311910dfd4/element/dfa0e739-7b60-42a3-aeac-7a0b71b38b09/value'
08:37:27.104 [Forwarding sendKeysToElement on session 45f1f84a845841b0889bbf311910dfd4 to remote] DEBUG org.asynchttpclient.netty.request.NettyRequestSender - Using open Channel [id: 0x210c0a7f, L:/127.0.0.1:61177 - R:localhost/127.0.0.1:65271] for POST '/session/45f1f84a845841b0889bbf311910dfd4/element/dfa0e739-7b60-42a3-aeac-7a0b71b38b09/value'
08:37:27.176 [AsyncHttpClient-1-7] DEBUG org.asynchttpclient.netty.handler.HttpHandler - 

Request DefaultHttpRequest(decodeResult: success, version: HTTP/1.1)
POST /session/45f1f84a845841b0889bbf311910dfd4/element/dfa0e739-7b60-42a3-aeac-7a0b71b38b09/value HTTP/1.1
User-Agent: selenium/4.1.2 (java windows)
Content-Length: 151
Content-Type: application/json; charset=utf-8
host: localhost:65271
accept: */*

Response DefaultHttpResponse(decodeResult: success, version: HTTP/1.1)
HTTP/1.1 200 OK
Content-Type: application/json; charset=utf-8
cache-control: no-cache
content-length: 14

08:37:27.176 [AsyncHttpClient-1-7] DEBUG org.asynchttpclient.netty.channel.ChannelManager - Adding key: http://localhost:65271 for channel [id: 0x210c0a7f, L:/127.0.0.1:61177 - R:localhost/127.0.0.1:65271]
  &amp#27;[32mAnd &amp#27;[0m&amp#27;[32mi input &amp#27;[0m&amp#27;[32m&amp#27;[1m"gopalos"&amp#27;[0m&amp#27;[32m my password&amp#27;[0m      &amp#27;[90m# starter.stepdefinitions.registerStep.iInputMyPassword(java.lang.String)&amp#27;[0m
08:37:27.183 [Forwarding screenshot on session 45f1f84a845841b0889bbf311910dfd4 to remote] DEBUG org.asynchttpclient.netty.request.NettyRequestSender - Using pooled Channel '[id: 0x210c0a7f, L:/127.0.0.1:61177 - R:localhost/127.0.0.1:65271]' for 'GET' to 'http://localhost:65271/session/45f1f84a845841b0889bbf311910dfd4/screenshot'
08:37:27.183 [Forwarding screenshot on session 45f1f84a845841b0889bbf311910dfd4 to remote] DEBUG org.asynchttpclient.netty.request.NettyRequestSender - Using open Channel [id: 0x210c0a7f, L:/127.0.0.1:61177 - R:localhost/127.0.0.1:65271] for GET '/session/45f1f84a845841b0889bbf311910dfd4/screenshot'
08:37:27.347 [AsyncHttpClient-1-7] DEBUG org.asynchttpclient.netty.handler.HttpHandler - 

Request DefaultFullHttpRequest(decodeResult: success, version: HTTP/1.1, content: EmptyByteBufBE)
GET /session/45f1f84a845841b0889bbf311910dfd4/screenshot HTTP/1.1
User-Agent: selenium/4.1.2 (java windows)
Cache-Control: no-cache
Content-Type: application/json; charset=utf-8
host: localhost:65271
accept: */*

Response DefaultHttpResponse(decodeResult: success, version: HTTP/1.1)
HTTP/1.1 200 OK
Content-Type: application/json; charset=utf-8
cache-control: no-cache
content-length: 53524

08:37:27.348 [AsyncHttpClient-1-7] DEBUG org.asynchttpclient.netty.channel.ChannelManager - Adding key: http://localhost:65271 for channel [id: 0x210c0a7f, L:/127.0.0.1:61177 - R:localhost/127.0.0.1:65271]
08:37:27.350 [main] DEBUG net.serenitybdd.core.photography.Darkroom - Send negative for processing for target\site\serenity\cf9c293108371f436b37385c8fe9716d794fb9d8fdb57ac851c225834c90d17d.png
08:37:27.350 [Darkroom Processing Line] DEBUG net.serenitybdd.core.photography.DarkroomProcessingLine - Processing screenshot image in /var/screenshots/screenshot-7534792277643454779
08:37:27.350 [Darkroom Processing Line] DEBUG net.serenitybdd.core.photography.DarkroomProcessingLine - Saving screenshot to target\site\serenity\cf9c293108371f436b37385c8fe9716d794fb9d8fdb57ac851c225834c90d17d.png
08:37:27.356 [Forwarding findElement on session 45f1f84a845841b0889bbf311910dfd4 to remote] DEBUG org.asynchttpclient.netty.request.NettyRequestSender - Using pooled Channel '[id: 0x210c0a7f, L:/127.0.0.1:61177 - R:localhost/127.0.0.1:65271]' for 'POST' to 'http://localhost:65271/session/45f1f84a845841b0889bbf311910dfd4/element'
08:37:27.356 [Forwarding findElement on session 45f1f84a845841b0889bbf311910dfd4 to remote] DEBUG org.asynchttpclient.netty.request.NettyRequestSender - Using open Channel [id: 0x210c0a7f, L:/127.0.0.1:61177 - R:localhost/127.0.0.1:65271] for POST '/session/45f1f84a845841b0889bbf311910dfd4/element'
08:37:27.368 [AsyncHttpClient-1-7] DEBUG org.asynchttpclient.netty.handler.HttpHandler - 

Request DefaultHttpRequest(decodeResult: success, version: HTTP/1.1)
POST /session/45f1f84a845841b0889bbf311910dfd4/element HTTP/1.1
User-Agent: selenium/4.1.2 (java windows)
Content-Length: 75
Content-Type: application/json; charset=utf-8
host: localhost:65271
accept: */*

Response DefaultHttpResponse(decodeResult: success, version: HTTP/1.1)
HTTP/1.1 200 OK
Content-Type: application/json; charset=utf-8
cache-control: no-cache
content-length: 88

08:37:27.368 [AsyncHttpClient-1-7] DEBUG org.asynchttpclient.netty.channel.ChannelManager - Adding key: http://localhost:65271 for channel [id: 0x210c0a7f, L:/127.0.0.1:61177 - R:localhost/127.0.0.1:65271]
08:37:27.369 [Forwarding getElementTagName on session 45f1f84a845841b0889bbf311910dfd4 to remote] DEBUG org.asynchttpclient.netty.request.NettyRequestSender - Using pooled Channel '[id: 0x210c0a7f, L:/127.0.0.1:61177 - R:localhost/127.0.0.1:65271]' for 'GET' to 'http://localhost:65271/session/45f1f84a845841b0889bbf311910dfd4/element/701a01b7-9b38-4f15-b72a-c59bd2e92f21/name'
08:37:27.369 [Forwarding getElementTagName on session 45f1f84a845841b0889bbf311910dfd4 to remote] DEBUG org.asynchttpclient.netty.request.NettyRequestSender - Using open Channel [id: 0x210c0a7f, L:/127.0.0.1:61177 - R:localhost/127.0.0.1:65271] for GET '/session/45f1f84a845841b0889bbf311910dfd4/element/701a01b7-9b38-4f15-b72a-c59bd2e92f21/name'
08:37:27.373 [AsyncHttpClient-1-7] DEBUG org.asynchttpclient.netty.handler.HttpHandler - 

Request DefaultFullHttpRequest(decodeResult: success, version: HTTP/1.1, content: EmptyByteBufBE)
GET /session/45f1f84a845841b0889bbf311910dfd4/element/701a01b7-9b38-4f15-b72a-c59bd2e92f21/name HTTP/1.1
User-Agent: selenium/4.1.2 (java windows)
Cache-Control: no-cache
Content-Type: application/json; charset=utf-8
host: localhost:65271
accept: */*

Response DefaultHttpResponse(decodeResult: success, version: HTTP/1.1)
HTTP/1.1 200 OK
Content-Type: application/json; charset=utf-8
cache-control: no-cache
content-length: 18

08:37:27.373 [AsyncHttpClient-1-7] DEBUG org.asynchttpclient.netty.channel.ChannelManager - Adding key: http://localhost:65271 for channel [id: 0x210c0a7f, L:/127.0.0.1:61177 - R:localhost/127.0.0.1:65271]
08:37:27.374 [Forwarding getElementTagName on session 45f1f84a845841b0889bbf311910dfd4 to remote] DEBUG org.asynchttpclient.netty.request.NettyRequestSender - Using pooled Channel '[id: 0x210c0a7f, L:/127.0.0.1:61177 - R:localhost/127.0.0.1:65271]' for 'GET' to 'http://localhost:65271/session/45f1f84a845841b0889bbf311910dfd4/element/701a01b7-9b38-4f15-b72a-c59bd2e92f21/name'
08:37:27.374 [Forwarding getElementTagName on session 45f1f84a845841b0889bbf311910dfd4 to remote] DEBUG org.asynchttpclient.netty.request.NettyRequestSender - Using open Channel [id: 0x210c0a7f, L:/127.0.0.1:61177 - R:localhost/127.0.0.1:65271] for GET '/session/45f1f84a845841b0889bbf311910dfd4/element/701a01b7-9b38-4f15-b72a-c59bd2e92f21/name'
08:37:27.377 [AsyncHttpClient-1-7] DEBUG org.asynchttpclient.netty.handler.HttpHandler - 

Request DefaultFullHttpRequest(decodeResult: success, version: HTTP/1.1, content: EmptyByteBufBE)
GET /session/45f1f84a845841b0889bbf311910dfd4/element/701a01b7-9b38-4f15-b72a-c59bd2e92f21/name HTTP/1.1
User-Agent: selenium/4.1.2 (java windows)
Cache-Control: no-cache
Content-Type: application/json; charset=utf-8
host: localhost:65271
accept: */*

Response DefaultHttpResponse(decodeResult: success, version: HTTP/1.1)
HTTP/1.1 200 OK
Content-Type: application/json; charset=utf-8
cache-control: no-cache
content-length: 18

08:37:27.377 [AsyncHttpClient-1-7] DEBUG org.asynchttpclient.netty.channel.ChannelManager - Adding key: http://localhost:65271 for channel [id: 0x210c0a7f, L:/127.0.0.1:61177 - R:localhost/127.0.0.1:65271]
08:37:27.380 [Forwarding isElementEnabled on session 45f1f84a845841b0889bbf311910dfd4 to remote] DEBUG org.asynchttpclient.netty.request.NettyRequestSender - Using pooled Channel '[id: 0x210c0a7f, L:/127.0.0.1:61177 - R:localhost/127.0.0.1:65271]' for 'GET' to 'http://localhost:65271/session/45f1f84a845841b0889bbf311910dfd4/element/701a01b7-9b38-4f15-b72a-c59bd2e92f21/enabled'
08:37:27.380 [Forwarding isElementEnabled on session 45f1f84a845841b0889bbf311910dfd4 to remote] DEBUG org.asynchttpclient.netty.request.NettyRequestSender - Using open Channel [id: 0x210c0a7f, L:/127.0.0.1:61177 - R:localhost/127.0.0.1:65271] for GET '/session/45f1f84a845841b0889bbf311910dfd4/element/701a01b7-9b38-4f15-b72a-c59bd2e92f21/enabled'
08:37:27.390 [AsyncHttpClient-1-7] DEBUG org.asynchttpclient.netty.handler.HttpHandler - 

Request DefaultFullHttpRequest(decodeResult: success, version: HTTP/1.1, content: EmptyByteBufBE)
GET /session/45f1f84a845841b0889bbf311910dfd4/element/701a01b7-9b38-4f15-b72a-c59bd2e92f21/enabled HTTP/1.1
User-Agent: selenium/4.1.2 (java windows)
Cache-Control: no-cache
Content-Type: application/json; charset=utf-8
host: localhost:65271
accept: */*

Response DefaultHttpResponse(decodeResult: success, version: HTTP/1.1)
HTTP/1.1 200 OK
Content-Type: application/json; charset=utf-8
cache-control: no-cache
content-length: 14

08:37:27.390 [AsyncHttpClient-1-7] DEBUG org.asynchttpclient.netty.channel.ChannelManager - Adding key: http://localhost:65271 for channel [id: 0x210c0a7f, L:/127.0.0.1:61177 - R:localhost/127.0.0.1:65271]
08:37:27.391 [Forwarding isElementEnabled on session 45f1f84a845841b0889bbf311910dfd4 to remote] DEBUG org.asynchttpclient.netty.request.NettyRequestSender - Using pooled Channel '[id: 0x210c0a7f, L:/127.0.0.1:61177 - R:localhost/127.0.0.1:65271]' for 'GET' to 'http://localhost:65271/session/45f1f84a845841b0889bbf311910dfd4/element/701a01b7-9b38-4f15-b72a-c59bd2e92f21/enabled'
08:37:27.391 [Forwarding isElementEnabled on session 45f1f84a845841b0889bbf311910dfd4 to remote] DEBUG org.asynchttpclient.netty.request.NettyRequestSender - Using open Channel [id: 0x210c0a7f, L:/127.0.0.1:61177 - R:localhost/127.0.0.1:65271] for GET '/session/45f1f84a845841b0889bbf311910dfd4/element/701a01b7-9b38-4f15-b72a-c59bd2e92f21/enabled'
08:37:27.397 [AsyncHttpClient-1-7] DEBUG org.asynchttpclient.netty.handler.HttpHandler - 

Request DefaultFullHttpRequest(decodeResult: success, version: HTTP/1.1, content: EmptyByteBufBE)
GET /session/45f1f84a845841b0889bbf311910dfd4/element/701a01b7-9b38-4f15-b72a-c59bd2e92f21/enabled HTTP/1.1
User-Agent: selenium/4.1.2 (java windows)
Cache-Control: no-cache
Content-Type: application/json; charset=utf-8
host: localhost:65271
accept: */*

Response DefaultHttpResponse(decodeResult: success, version: HTTP/1.1)
HTTP/1.1 200 OK
Content-Type: application/json; charset=utf-8
cache-control: no-cache
content-length: 14

08:37:27.397 [AsyncHttpClient-1-7] DEBUG org.asynchttpclient.netty.channel.ChannelManager - Adding key: http://localhost:65271 for channel [id: 0x210c0a7f, L:/127.0.0.1:61177 - R:localhost/127.0.0.1:65271]
08:37:27.399 [Forwarding findElement on session 45f1f84a845841b0889bbf311910dfd4 to remote] DEBUG org.asynchttpclient.netty.request.NettyRequestSender - Using pooled Channel '[id: 0x210c0a7f, L:/127.0.0.1:61177 - R:localhost/127.0.0.1:65271]' for 'POST' to 'http://localhost:65271/session/45f1f84a845841b0889bbf311910dfd4/element'
08:37:27.399 [Forwarding findElement on session 45f1f84a845841b0889bbf311910dfd4 to remote] DEBUG org.asynchttpclient.netty.request.NettyRequestSender - Using open Channel [id: 0x210c0a7f, L:/127.0.0.1:61177 - R:localhost/127.0.0.1:65271] for POST '/session/45f1f84a845841b0889bbf311910dfd4/element'
08:37:27.405 [AsyncHttpClient-1-7] DEBUG org.asynchttpclient.netty.handler.HttpHandler - 

Request DefaultHttpRequest(decodeResult: success, version: HTTP/1.1)
POST /session/45f1f84a845841b0889bbf311910dfd4/element HTTP/1.1
User-Agent: selenium/4.1.2 (java windows)
Content-Length: 75
Content-Type: application/json; charset=utf-8
host: localhost:65271
accept: */*

Response DefaultHttpResponse(decodeResult: success, version: HTTP/1.1)
HTTP/1.1 200 OK
Content-Type: application/json; charset=utf-8
cache-control: no-cache
content-length: 88

08:37:27.405 [AsyncHttpClient-1-7] DEBUG org.asynchttpclient.netty.channel.ChannelManager - Adding key: http://localhost:65271 for channel [id: 0x210c0a7f, L:/127.0.0.1:61177 - R:localhost/127.0.0.1:65271]
08:37:27.406 [Forwarding clickElement on session 45f1f84a845841b0889bbf311910dfd4 to remote] DEBUG org.asynchttpclient.netty.request.NettyRequestSender - Using pooled Channel '[id: 0x210c0a7f, L:/127.0.0.1:61177 - R:localhost/127.0.0.1:65271]' for 'POST' to 'http://localhost:65271/session/45f1f84a845841b0889bbf311910dfd4/element/701a01b7-9b38-4f15-b72a-c59bd2e92f21/click'
08:37:27.406 [Forwarding clickElement on session 45f1f84a845841b0889bbf311910dfd4 to remote] DEBUG org.asynchttpclient.netty.request.NettyRequestSender - Using open Channel [id: 0x210c0a7f, L:/127.0.0.1:61177 - R:localhost/127.0.0.1:65271] for POST '/session/45f1f84a845841b0889bbf311910dfd4/element/701a01b7-9b38-4f15-b72a-c59bd2e92f21/click'
08:37:27.454 [AsyncHttpClient-1-7] DEBUG org.asynchttpclient.netty.handler.HttpHandler - 

Request DefaultHttpRequest(decodeResult: success, version: HTTP/1.1)
POST /session/45f1f84a845841b0889bbf311910dfd4/element/701a01b7-9b38-4f15-b72a-c59bd2e92f21/click HTTP/1.1
User-Agent: selenium/4.1.2 (java windows)
Content-Length: 50
Content-Type: application/json; charset=utf-8
host: localhost:65271
accept: */*

Response DefaultHttpResponse(decodeResult: success, version: HTTP/1.1)
HTTP/1.1 200 OK
Content-Type: application/json; charset=utf-8
cache-control: no-cache
content-length: 14

08:37:27.455 [AsyncHttpClient-1-7] DEBUG org.asynchttpclient.netty.channel.ChannelManager - Adding key: http://localhost:65271 for channel [id: 0x210c0a7f, L:/127.0.0.1:61177 - R:localhost/127.0.0.1:65271]
  &amp#27;[32mAnd &amp#27;[0m&amp#27;[32mi click register button&amp#27;[0m            &amp#27;[90m# starter.stepdefinitions.registerStep.iClickRegisterButton()&amp#27;[0m
08:37:27.460 [Forwarding screenshot on session 45f1f84a845841b0889bbf311910dfd4 to remote] DEBUG org.asynchttpclient.netty.request.NettyRequestSender - Using pooled Channel '[id: 0x210c0a7f, L:/127.0.0.1:61177 - R:localhost/127.0.0.1:65271]' for 'GET' to 'http://localhost:65271/session/45f1f84a845841b0889bbf311910dfd4/screenshot'
08:37:27.460 [Forwarding screenshot on session 45f1f84a845841b0889bbf311910dfd4 to remote] DEBUG org.asynchttpclient.netty.request.NettyRequestSender - Using open Channel [id: 0x210c0a7f, L:/127.0.0.1:61177 - R:localhost/127.0.0.1:65271] for GET '/session/45f1f84a845841b0889bbf311910dfd4/screenshot'
08:37:27.632 [AsyncHttpClient-1-1] DEBUG org.asynchttpclient.netty.channel.DefaultChannelPool - Entry count for : http://localhost:61179 : 1
08:37:27.769 [AsyncHttpClient-1-7] DEBUG org.asynchttpclient.netty.handler.HttpHandler - 

Request DefaultFullHttpRequest(decodeResult: success, version: HTTP/1.1, content: EmptyByteBufBE)
GET /session/45f1f84a845841b0889bbf311910dfd4/screenshot HTTP/1.1
User-Agent: selenium/4.1.2 (java windows)
Cache-Control: no-cache
Content-Type: application/json; charset=utf-8
host: localhost:65271
accept: */*

Response DefaultHttpResponse(decodeResult: success, version: HTTP/1.1)
HTTP/1.1 200 OK
Content-Type: application/json; charset=utf-8
cache-control: no-cache
content-length: 52944

08:37:27.769 [AsyncHttpClient-1-7] DEBUG org.asynchttpclient.netty.channel.ChannelManager - Adding key: http://localhost:65271 for channel [id: 0x210c0a7f, L:/127.0.0.1:61177 - R:localhost/127.0.0.1:65271]
08:37:27.771 [main] DEBUG net.serenitybdd.core.photography.Darkroom - Send negative for processing for target\site\serenity\358539c45484eee39abc1c07dbae214c73afb9b85480c2c5464ca1561cdc91bf.png
08:37:27.771 [Darkroom Processing Line] DEBUG net.serenitybdd.core.photography.DarkroomProcessingLine - Processing screenshot image in /var/screenshots/screenshot-8632166967128928920
08:37:27.771 [Darkroom Processing Line] DEBUG net.serenitybdd.core.photography.DarkroomProcessingLine - Saving screenshot to target\site\serenity\358539c45484eee39abc1c07dbae214c73afb9b85480c2c5464ca1561cdc91bf.png
08:37:27.777 [Forwarding findElement on session 45f1f84a845841b0889bbf311910dfd4 to remote] DEBUG org.asynchttpclient.netty.request.NettyRequestSender - Using pooled Channel '[id: 0x210c0a7f, L:/127.0.0.1:61177 - R:localhost/127.0.0.1:65271]' for 'POST' to 'http://localhost:65271/session/45f1f84a845841b0889bbf311910dfd4/element'
08:37:27.777 [Forwarding findElement on session 45f1f84a845841b0889bbf311910dfd4 to remote] DEBUG org.asynchttpclient.netty.request.NettyRequestSender - Using open Channel [id: 0x210c0a7f, L:/127.0.0.1:61177 - R:localhost/127.0.0.1:65271] for POST '/session/45f1f84a845841b0889bbf311910dfd4/element'
08:37:27.783 [AsyncHttpClient-1-7] DEBUG org.asynchttpclient.netty.handler.HttpHandler - 

Request DefaultHttpRequest(decodeResult: success, version: HTTP/1.1)
POST /session/45f1f84a845841b0889bbf311910dfd4/element HTTP/1.1
User-Agent: selenium/4.1.2 (java windows)
Content-Length: 86
Content-Type: application/json; charset=utf-8
host: localhost:65271
accept: */*

Response DefaultHttpResponse(decodeResult: success, version: HTTP/1.1)
HTTP/1.1 200 OK
Content-Type: application/json; charset=utf-8
cache-control: no-cache
content-length: 88

08:37:27.784 [AsyncHttpClient-1-7] DEBUG org.asynchttpclient.netty.channel.ChannelManager - Adding key: http://localhost:65271 for channel [id: 0x210c0a7f, L:/127.0.0.1:61177 - R:localhost/127.0.0.1:65271]
08:37:27.786 [Forwarding isElementDisplayed on session 45f1f84a845841b0889bbf311910dfd4 to remote] DEBUG org.asynchttpclient.netty.request.NettyRequestSender - Using pooled Channel '[id: 0x210c0a7f, L:/127.0.0.1:61177 - R:localhost/127.0.0.1:65271]' for 'POST' to 'http://localhost:65271/session/45f1f84a845841b0889bbf311910dfd4/execute/sync'
08:37:27.786 [Forwarding isElementDisplayed on session 45f1f84a845841b0889bbf311910dfd4 to remote] DEBUG org.asynchttpclient.netty.request.NettyRequestSender - Using open Channel [id: 0x210c0a7f, L:/127.0.0.1:61177 - R:localhost/127.0.0.1:65271] for POST '/session/45f1f84a845841b0889bbf311910dfd4/execute/sync'
08:37:27.802 [AsyncHttpClient-1-7] DEBUG org.asynchttpclient.netty.handler.HttpHandler - 

Request DefaultHttpRequest(decodeResult: success, version: HTTP/1.1)
POST /session/45f1f84a845841b0889bbf311910dfd4/execute/sync HTTP/1.1
User-Agent: selenium/4.1.2 (java windows)
Content-Length: 48780
Content-Type: application/json; charset=utf-8
host: localhost:65271
accept: */*

Response DefaultHttpResponse(decodeResult: success, version: HTTP/1.1)
HTTP/1.1 200 OK
Content-Type: application/json; charset=utf-8
cache-control: no-cache
content-length: 14

08:37:27.802 [AsyncHttpClient-1-7] DEBUG org.asynchttpclient.netty.channel.ChannelManager - Adding key: http://localhost:65271 for channel [id: 0x210c0a7f, L:/127.0.0.1:61177 - R:localhost/127.0.0.1:65271]
08:37:27.803 [Forwarding findElement on session 45f1f84a845841b0889bbf311910dfd4 to remote] DEBUG org.asynchttpclient.netty.request.NettyRequestSender - Using pooled Channel '[id: 0x210c0a7f, L:/127.0.0.1:61177 - R:localhost/127.0.0.1:65271]' for 'POST' to 'http://localhost:65271/session/45f1f84a845841b0889bbf311910dfd4/element'
08:37:27.803 [Forwarding findElement on session 45f1f84a845841b0889bbf311910dfd4 to remote] DEBUG org.asynchttpclient.netty.request.NettyRequestSender - Using open Channel [id: 0x210c0a7f, L:/127.0.0.1:61177 - R:localhost/127.0.0.1:65271] for POST '/session/45f1f84a845841b0889bbf311910dfd4/element'
08:37:27.815 [AsyncHttpClient-1-7] DEBUG org.asynchttpclient.netty.handler.HttpHandler - 

Request DefaultHttpRequest(decodeResult: success, version: HTTP/1.1)
POST /session/45f1f84a845841b0889bbf311910dfd4/element HTTP/1.1
User-Agent: selenium/4.1.2 (java windows)
Content-Length: 149
Content-Type: application/json; charset=utf-8
host: localhost:65271
accept: */*

Response DefaultHttpResponse(decodeResult: success, version: HTTP/1.1)
HTTP/1.1 200 OK
Content-Type: application/json; charset=utf-8
cache-control: no-cache
content-length: 88

08:37:27.815 [AsyncHttpClient-1-7] DEBUG org.asynchttpclient.netty.channel.ChannelManager - Adding key: http://localhost:65271 for channel [id: 0x210c0a7f, L:/127.0.0.1:61177 - R:localhost/127.0.0.1:65271]
08:37:27.818 [Forwarding isElementDisplayed on session 45f1f84a845841b0889bbf311910dfd4 to remote] DEBUG org.asynchttpclient.netty.request.NettyRequestSender - Using pooled Channel '[id: 0x210c0a7f, L:/127.0.0.1:61177 - R:localhost/127.0.0.1:65271]' for 'POST' to 'http://localhost:65271/session/45f1f84a845841b0889bbf311910dfd4/execute/sync'
08:37:27.818 [Forwarding isElementDisplayed on session 45f1f84a845841b0889bbf311910dfd4 to remote] DEBUG org.asynchttpclient.netty.request.NettyRequestSender - Using open Channel [id: 0x210c0a7f, L:/127.0.0.1:61177 - R:localhost/127.0.0.1:65271] for POST '/session/45f1f84a845841b0889bbf311910dfd4/execute/sync'
08:37:27.833 [AsyncHttpClient-1-7] DEBUG org.asynchttpclient.netty.handler.HttpHandler - 

Request DefaultHttpRequest(decodeResult: success, version: HTTP/1.1)
POST /session/45f1f84a845841b0889bbf311910dfd4/execute/sync HTTP/1.1
User-Agent: selenium/4.1.2 (java windows)
Content-Length: 48780
Content-Type: application/json; charset=utf-8
host: localhost:65271
accept: */*

Response DefaultHttpResponse(decodeResult: success, version: HTTP/1.1)
HTTP/1.1 200 OK
Content-Type: application/json; charset=utf-8
cache-control: no-cache
content-length: 14

08:37:27.833 [AsyncHttpClient-1-7] DEBUG org.asynchttpclient.netty.channel.ChannelManager - Adding key: http://localhost:65271 for channel [id: 0x210c0a7f, L:/127.0.0.1:61177 - R:localhost/127.0.0.1:65271]
  &amp#27;[32mThen &amp#27;[0m&amp#27;[32mi get my &amp#27;[0m&amp#27;[32m&amp#27;[1m"Register Page"&amp#27;[0m          &amp#27;[90m# starter.stepdefinitions.registerStep.iGetMy(java.lang.String)&amp#27;[0m
08:37:27.837 [Forwarding screenshot on session 45f1f84a845841b0889bbf311910dfd4 to remote] DEBUG org.asynchttpclient.netty.request.NettyRequestSender - Using pooled Channel '[id: 0x210c0a7f, L:/127.0.0.1:61177 - R:localhost/127.0.0.1:65271]' for 'GET' to 'http://localhost:65271/session/45f1f84a845841b0889bbf311910dfd4/screenshot'
08:37:27.837 [Forwarding screenshot on session 45f1f84a845841b0889bbf311910dfd4 to remote] DEBUG org.asynchttpclient.netty.request.NettyRequestSender - Using open Channel [id: 0x210c0a7f, L:/127.0.0.1:61177 - R:localhost/127.0.0.1:65271] for GET '/session/45f1f84a845841b0889bbf311910dfd4/screenshot'
08:37:28.017 [AsyncHttpClient-1-7] DEBUG org.asynchttpclient.netty.handler.HttpHandler - 

Request DefaultFullHttpRequest(decodeResult: success, version: HTTP/1.1, content: EmptyByteBufBE)
GET /session/45f1f84a845841b0889bbf311910dfd4/screenshot HTTP/1.1
User-Agent: selenium/4.1.2 (java windows)
Cache-Control: no-cache
Content-Type: application/json; charset=utf-8
host: localhost:65271
accept: */*

Response DefaultHttpResponse(decodeResult: success, version: HTTP/1.1)
HTTP/1.1 200 OK
Content-Type: application/json; charset=utf-8
cache-control: no-cache
content-length: 55140

08:37:28.017 [AsyncHttpClient-1-7] DEBUG org.asynchttpclient.netty.channel.ChannelManager - Adding key: http://localhost:65271 for channel [id: 0x210c0a7f, L:/127.0.0.1:61177 - R:localhost/127.0.0.1:65271]
08:37:28.019 [main] DEBUG net.serenitybdd.core.photography.Darkroom - Send negative for processing for target\site\serenity\b524950574e87841301795f543bd38a1ccc72d0c6abd9907836edbb7d4b1f863.png
08:37:28.019 [Darkroom Processing Line] DEBUG net.serenitybdd.core.photography.DarkroomProcessingLine - Processing screenshot image in /var/screenshots/screenshot-9742793172962117055
08:37:28.019 [Darkroom Processing Line] DEBUG net.serenitybdd.core.photography.DarkroomProcessingLine - Saving screenshot to target\site\serenity\b524950574e87841301795f543bd38a1ccc72d0c6abd9907836edbb7d4b1f863.png
08:37:28.024 [AsyncHttpClient-1-9] DEBUG org.asynchttpclient.netty.handler.WebSocketHandler - Channel Closed: [id: 0x9b280b62, L:/127.0.0.1:61186 ! R:localhost/127.0.0.1:61179] with attribute NettyResponseFuture{currentRetry=5,
	isDone=1,
	isCancelled=0,
	asyncHandler=org.asynchttpclient.ws.WebSocketUpgradeHandler@114db2a1,
	nettyRequest=org.asynchttpclient.netty.request.NettyRequest@559c513a,
	future=java.util.concurrent.CompletableFuture@557d39ac[Completed normally],
	uri=ws://localhost:61179/devtools/browser/c0d9cd91-800c-4172-a7c9-136522a5077a,
	keepAlive=true,
	redirectCount=0,
	timeoutsHolder=null,
	inAuth=0,
	touch=1652837839169}
08:37:28.024 [AsyncHttpClient-1-9] DEBUG org.asynchttpclient.netty.channel.ChannelManager - Closing Channel [id: 0x9b280b62, L:/127.0.0.1:61186 ! R:localhost/127.0.0.1:61179] 
08:37:28.024 [Driver Command Executor] DEBUG org.asynchttpclient.netty.request.NettyRequestSender - Using pooled Channel '[id: 0x210c0a7f, L:/127.0.0.1:61177 - R:localhost/127.0.0.1:65271]' for 'DELETE' to 'http://localhost:65271/session/45f1f84a845841b0889bbf311910dfd4'
08:37:28.024 [Driver Command Executor] DEBUG org.asynchttpclient.netty.request.NettyRequestSender - Using open Channel [id: 0x210c0a7f, L:/127.0.0.1:61177 - R:localhost/127.0.0.1:65271] for DELETE '/session/45f1f84a845841b0889bbf311910dfd4'
08:37:28.058 [AsyncHttpClient-1-8] DEBUG org.asynchttpclient.netty.handler.HttpHandler - Unexpected I/O exception on channel [id: 0xdcb97902, L:/127.0.0.1:61185 - R:localhost/127.0.0.1:61179]
java.net.SocketException: Connection reset
	at java.base/sun.nio.ch.SocketChannelImpl.throwConnectionReset(SocketChannelImpl.java:367)
	at java.base/sun.nio.ch.SocketChannelImpl.read(SocketChannelImpl.java:398)
	at io.netty.buffer.PooledByteBuf.setBytes(PooledByteBuf.java:258)
	at io.netty.buffer.AbstractByteBuf.writeBytes(AbstractByteBuf.java:1132)
	at io.netty.channel.socket.nio.NioSocketChannel.doReadBytes(NioSocketChannel.java:350)
	at io.netty.channel.nio.AbstractNioByteChannel$NioByteUnsafe.read(AbstractNioByteChannel.java:151)
	at io.netty.channel.nio.NioEventLoop.processSelectedKey(NioEventLoop.java:722)
	at io.netty.channel.nio.NioEventLoop.processSelectedKeysOptimized(NioEventLoop.java:658)
	at io.netty.channel.nio.NioEventLoop.processSelectedKeys(NioEventLoop.java:584)
	at io.netty.channel.nio.NioEventLoop.run(NioEventLoop.java:496)
	at io.netty.util.concurrent.SingleThreadEventExecutor$4.run(SingleThreadEventExecutor.java:986)
	at io.netty.util.internal.ThreadExecutorMap$2.run(ThreadExecutorMap.java:74)
	at io.netty.util.concurrent.FastThreadLocalRunnable.run(FastThreadLocalRunnable.java:30)
	at java.base/java.lang.Thread.run(Thread.java:832)
08:37:28.058 [AsyncHttpClient-1-8] DEBUG org.asynchttpclient.netty.channel.ChannelManager - Closing Channel [id: 0xdcb97902, L:/127.0.0.1:61185 - R:localhost/127.0.0.1:61179] 
08:37:28.058 [AsyncHttpClient-1-8] DEBUG org.asynchttpclient.netty.handler.HttpHandler - Channel Closed: [id: 0xdcb97902, L:/127.0.0.1:61185 ! R:localhost/127.0.0.1:61179] with attribute DISCARD
08:37:28.090 [AsyncHttpClient-1-7] DEBUG org.asynchttpclient.netty.handler.HttpHandler - 

Request DefaultFullHttpRequest(decodeResult: success, version: HTTP/1.1, content: EmptyByteBufBE)
DELETE /session/45f1f84a845841b0889bbf311910dfd4 HTTP/1.1
User-Agent: selenium/4.1.2 (java windows)
Content-Type: application/json; charset=utf-8
host: localhost:65271
accept: */*

Response DefaultHttpResponse(decodeResult: success, version: HTTP/1.1)
HTTP/1.1 200 OK
Content-Type: application/json; charset=utf-8
cache-control: no-cache
content-length: 14

08:37:28.090 [AsyncHttpClient-1-7] DEBUG org.asynchttpclient.netty.channel.ChannelManager - Adding key: http://localhost:65271 for channel [id: 0x210c0a7f, L:/127.0.0.1:61177 - R:localhost/127.0.0.1:65271]
08:37:28.207 [AsyncHttpClient-1-7] DEBUG org.asynchttpclient.netty.handler.HttpHandler - Channel Closed: [id: 0x210c0a7f, L:/127.0.0.1:61177 ! R:localhost/127.0.0.1:65271] with attribute DISCARD
]]></system-out>
    <system-err><![CDATA[Starting ChromeDriver 101.0.4951.41 (93c720db8323b3ec10d056025ab95c23a31997c9-refs/branch-heads/4951@{#904}) on port 65271
Only local connections are allowed.
Please see https://chromedriver.chromium.org/security-considerations for suggestions on keeping ChromeDriver safe.
ChromeDriver was started successfully.
May 18, 2022 8:37:19 AM org.openqa.selenium.remote.ProtocolHandshake createSession
INFO: Detected dialect: W3C
May 18, 2022 8:37:19 AM org.openqa.selenium.devtools.CdpVersionFinder findNearestMatch
WARNING: Unable to find an exact match for CDP version 101, so returning the closest version found: 97
May 18, 2022 8:37:19 AM org.openqa.selenium.devtools.CdpVersionFinder findNearestMatch
INFO: Found CDP implementation for version 101 of 97
]]></system-err>
  </testcase>
  <testcase name="buy product with login first" classname="transaction #2" time="9.825">
    <system-out><![CDATA[08:37:28.724 [main] INFO io.cucumber.core.plugin.SerenityReporter - Running feature from file:///D:/PERKULIAHAN/Semester%206,Hebatt%20glad!/Altera/QE_Gladys-Cindana-Asri-Pardosi/Mini-Project/Web/src/test/resources/features/transaction.feature
08:37:28.727 [AsyncHttpClient-1-1] DEBUG org.asynchttpclient.netty.channel.DefaultChannelPool - Entry count for : http://localhost:61179 : 1
08:37:28.727 [AsyncHttpClient-1-1] DEBUG org.asynchttpclient.netty.channel.DefaultChannelPool - Entry count for : http://localhost:65271 : 1
08:37:28.727 [AsyncHttpClient-1-1] DEBUG org.asynchttpclient.netty.channel.DefaultChannelPool - Adding Candidate expired Channel [id: 0xdcb97902, L:/127.0.0.1:61185 ! R:localhost/127.0.0.1:61179] isIdleTimeoutExpired=false isRemotelyClosed=true isTtlExpired=false
08:37:28.727 [AsyncHttpClient-1-1] DEBUG org.asynchttpclient.netty.channel.DefaultChannelPool - Closing Idle Channel [id: 0xdcb97902, L:/127.0.0.1:61185 ! R:localhost/127.0.0.1:61179]
08:37:28.727 [main] DEBUG net.thucydides.core.steps.StepEventBus - Test suite started for story net.thucydides.core.model.Story@7a9928c8
08:37:28.727 [AsyncHttpClient-1-1] DEBUG org.asynchttpclient.netty.channel.DefaultChannelPool - Adding Candidate expired Channel [id: 0x210c0a7f, L:/127.0.0.1:61177 ! R:localhost/127.0.0.1:65271] isIdleTimeoutExpired=false isRemotelyClosed=true isTtlExpired=false
08:37:28.727 [AsyncHttpClient-1-1] DEBUG org.asynchttpclient.netty.channel.DefaultChannelPool - Closing Idle Channel [id: 0x210c0a7f, L:/127.0.0.1:61177 ! R:localhost/127.0.0.1:65271]
08:37:28.727 [AsyncHttpClient-1-1] DEBUG org.asynchttpclient.netty.channel.DefaultChannelPool - Closed 2 connections out of 2 in 0 ms
08:37:28.727 [main] INFO  - Test Suite Started: Transaction

@transwithLogin
Scenario: buy product with login first &amp#27;[90m# src/test/resources/features/transaction.feature:8&amp#27;[0m
08:37:28.732 [main] INFO io.cucumber.core.plugin.SerenityReporter - Running feature from file:///D:/PERKULIAHAN/Semester%206,Hebatt%20glad!/Altera/QE_Gladys-Cindana-Asri-Pardosi/Mini-Project/Web/src/test/resources/features/transaction.feature
08:37:28.734 [main] INFO  - 
  _____   ___   ___   _____     ___   _____     _     ___   _____   ___   ___  
 |_   _| | __| / __| |_   _|   / __| |_   _|   /_\   | _ \ |_   _| | __| |   \ 
   | |   | _|  \__ \   | |     \__ \   | |    / _ \  |   /   | |   | _|  | |) |
   |_|   |___| |___/   |_|     |___/   |_|   /_/ \_\ |_|_\   |_|   |___| |___/ 

buy product with login first(transaction;buy-product-with-login-first)
--------------------------------------------------------------------------------
08:37:28.743 [main] INFO net.serenitybdd.core.webdriver.driverproviders.ChromeDriverProvider - Using automatically driver download
08:37:28.856 [main] DEBUG io.github.bonigarcia.wdm.cache.ResolutionCache - Resolution chrome=101 in cache (valid until 09:23:35 18/05/2022 WIB)
08:37:28.860 [main] DEBUG io.github.bonigarcia.wdm.cache.ResolutionCache - Resolution chrome101=101.0.4951.41 in cache (valid until 18:48:44 18/05/2022 WIB)
08:37:28.861 [main] INFO io.github.bonigarcia.wdm.WebDriverManager - Using chromedriver 101.0.4951.41 (resolved driver for Chrome 101)
08:37:28.873 [main] DEBUG io.github.bonigarcia.wdm.WebDriverManager - Driver chromedriver 101.0.4951.41 found in cache
08:37:28.873 [main] INFO io.github.bonigarcia.wdm.WebDriverManager - Exporting webdriver.chrome.driver as C:\Users\ASUS\.cache\selenium\chromedriver\win32\101.0.4951.41\chromedriver.exe
08:37:28.987 [main] DEBUG net.serenitybdd.core.webdriver.driverproviders.ProvideNewDriver - Instantiating driver
08:37:28.987 [main] DEBUG net.serenitybdd.core.webdriver.driverproviders.ProvideNewDriver - Driver capabilities: Capabilities {acceptInsecureCerts: false, base.url: , browserName: chrome, goog:chromeOptions: {args: [], extensions: []}}
08:37:29.526 [AsyncHttpClient-1-10] DEBUG org.asynchttpclient.netty.channel.NettyConnectListener - Using new Channel '[id: 0xdc5cf258, L:/127.0.0.1:61214 - R:localhost/127.0.0.1:50284]' for 'POST' to '/session'
08:37:30.221 [AsyncHttpClient-1-10] DEBUG org.asynchttpclient.netty.handler.HttpHandler - 

Request DefaultHttpRequest(decodeResult: success, version: HTTP/1.1)
POST /session HTTP/1.1
User-Agent: selenium/4.1.2 (java windows)
Content-Length: 457
Content-Type: application/json; charset=utf-8
host: localhost:50284
accept: */*

Response DefaultHttpResponse(decodeResult: success, version: HTTP/1.1)
HTTP/1.1 200 OK
Content-Type: application/json; charset=utf-8
cache-control: no-cache
content-length: 788

08:37:30.221 [AsyncHttpClient-1-10] DEBUG org.asynchttpclient.netty.channel.ChannelManager - Adding key: http://localhost:50284 for channel [id: 0xdc5cf258, L:/127.0.0.1:61214 - R:localhost/127.0.0.1:50284]
08:37:30.227 [AsyncHttpClient-1-11] DEBUG org.asynchttpclient.netty.channel.NettyConnectListener - Using new Channel '[id: 0x532d07ac, L:/127.0.0.1:61222 - R:localhost/127.0.0.1:61215]' for 'GET' to '/json/version'
08:37:30.228 [AsyncHttpClient-1-11] DEBUG org.asynchttpclient.netty.handler.HttpHandler - 

Request DefaultFullHttpRequest(decodeResult: success, version: HTTP/1.1, content: EmptyByteBufBE)
GET /json/version HTTP/1.1
User-Agent: selenium/4.1.2 (java windows)
host: localhost:61215
accept: */*

Response DefaultHttpResponse(decodeResult: success, version: HTTP/1.1)
HTTP/1.1 200 OK
Content-Type: application/json; charset=UTF-8
content-length: 427

08:37:30.228 [AsyncHttpClient-1-11] DEBUG org.asynchttpclient.netty.channel.ChannelManager - Adding key: http://localhost:61215 for channel [id: 0x532d07ac, L:/127.0.0.1:61222 - R:localhost/127.0.0.1:61215]
08:37:30.231 [AsyncHttpClient-1-12] DEBUG org.asynchttpclient.netty.channel.NettyConnectListener - Using new Channel '[id: 0x621be0c4, L:/127.0.0.1:61223 - R:localhost/127.0.0.1:61215]' for 'GET' to '/devtools/browser/1f4f1dde-2a53-448e-809a-c8afbfd24e97'
08:37:30.231 [AsyncHttpClient-1-12] DEBUG org.asynchttpclient.netty.handler.WebSocketHandler - 

Request DefaultFullHttpRequest(decodeResult: success, version: HTTP/1.1, content: EmptyByteBufBE)
GET /devtools/browser/1f4f1dde-2a53-448e-809a-c8afbfd24e97 HTTP/1.1
upgrade: websocket
connection: upgrade
sec-websocket-key: u2/bVSiE0O3FIRccRn2dqw==
sec-websocket-version: 13
origin: http://localhost:61215
host: localhost:61215
accept: */*
user-agent: AHC/2.1

Response DefaultHttpResponse(decodeResult: success, version: HTTP/1.1)
HTTP/1.1 101 WebSocket Protocol Handshake
Upgrade: WebSocket
Connection: Upgrade
Sec-WebSocket-Accept: 4UQQW0CJFGiiutAWqLSgWsDSkt8=

08:37:30.235 [Forwarding get on session 57233a0517477657dd5e2490670f407e to remote] DEBUG org.asynchttpclient.netty.request.NettyRequestSender - Using pooled Channel '[id: 0xdc5cf258, L:/127.0.0.1:61214 - R:localhost/127.0.0.1:50284]' for 'POST' to 'http://localhost:50284/session/57233a0517477657dd5e2490670f407e/url'
08:37:30.235 [Forwarding get on session 57233a0517477657dd5e2490670f407e to remote] DEBUG org.asynchttpclient.netty.request.NettyRequestSender - Using open Channel [id: 0xdc5cf258, L:/127.0.0.1:61214 - R:localhost/127.0.0.1:50284] for POST '/session/57233a0517477657dd5e2490670f407e/url'
08:37:30.928 [AsyncHttpClient-1-1] DEBUG org.asynchttpclient.netty.channel.DefaultChannelPool - Entry count for : http://localhost:61215 : 1
08:37:32.027 [AsyncHttpClient-1-1] DEBUG org.asynchttpclient.netty.channel.DefaultChannelPool - Entry count for : http://localhost:61215 : 1
08:37:33.129 [AsyncHttpClient-1-1] DEBUG org.asynchttpclient.netty.channel.DefaultChannelPool - Entry count for : http://localhost:61215 : 1
08:37:34.204 [AsyncHttpClient-1-10] DEBUG org.asynchttpclient.netty.handler.HttpHandler - 

Request DefaultHttpRequest(decodeResult: success, version: HTTP/1.1)
POST /session/57233a0517477657dd5e2490670f407e/url HTTP/1.1
User-Agent: selenium/4.1.2 (java windows)
Content-Length: 49
Content-Type: application/json; charset=utf-8
host: localhost:50284
accept: */*

Response DefaultHttpResponse(decodeResult: success, version: HTTP/1.1)
HTTP/1.1 200 OK
Content-Type: application/json; charset=utf-8
cache-control: no-cache
content-length: 14

08:37:34.204 [AsyncHttpClient-1-10] DEBUG org.asynchttpclient.netty.channel.ChannelManager - Adding key: http://localhost:50284 for channel [id: 0xdc5cf258, L:/127.0.0.1:61214 - R:localhost/127.0.0.1:50284]
08:37:34.205 [Forwarding setTimeout on session 57233a0517477657dd5e2490670f407e to remote] DEBUG org.asynchttpclient.netty.request.NettyRequestSender - Using pooled Channel '[id: 0xdc5cf258, L:/127.0.0.1:61214 - R:localhost/127.0.0.1:50284]' for 'POST' to 'http://localhost:50284/session/57233a0517477657dd5e2490670f407e/timeouts'
08:37:34.205 [Forwarding setTimeout on session 57233a0517477657dd5e2490670f407e to remote] DEBUG org.asynchttpclient.netty.request.NettyRequestSender - Using open Channel [id: 0xdc5cf258, L:/127.0.0.1:61214 - R:localhost/127.0.0.1:50284] for POST '/session/57233a0517477657dd5e2490670f407e/timeouts'
08:37:34.206 [AsyncHttpClient-1-10] DEBUG org.asynchttpclient.netty.handler.HttpHandler - 

Request DefaultHttpRequest(decodeResult: success, version: HTTP/1.1)
POST /session/57233a0517477657dd5e2490670f407e/timeouts HTTP/1.1
User-Agent: selenium/4.1.2 (java windows)
Content-Length: 22
Content-Type: application/json; charset=utf-8
host: localhost:50284
accept: */*

Response DefaultHttpResponse(decodeResult: success, version: HTTP/1.1)
HTTP/1.1 200 OK
Content-Type: application/json; charset=utf-8
cache-control: no-cache
content-length: 14

08:37:34.206 [AsyncHttpClient-1-10] DEBUG org.asynchttpclient.netty.channel.ChannelManager - Adding key: http://localhost:50284 for channel [id: 0xdc5cf258, L:/127.0.0.1:61214 - R:localhost/127.0.0.1:50284]
08:37:34.207 [Forwarding getCurrentUrl on session 57233a0517477657dd5e2490670f407e to remote] DEBUG org.asynchttpclient.netty.request.NettyRequestSender - Using pooled Channel '[id: 0xdc5cf258, L:/127.0.0.1:61214 - R:localhost/127.0.0.1:50284]' for 'GET' to 'http://localhost:50284/session/57233a0517477657dd5e2490670f407e/url'
08:37:34.207 [Forwarding getCurrentUrl on session 57233a0517477657dd5e2490670f407e to remote] DEBUG org.asynchttpclient.netty.request.NettyRequestSender - Using open Channel [id: 0xdc5cf258, L:/127.0.0.1:61214 - R:localhost/127.0.0.1:50284] for GET '/session/57233a0517477657dd5e2490670f407e/url'
08:37:34.212 [AsyncHttpClient-1-10] DEBUG org.asynchttpclient.netty.handler.HttpHandler - 

Request DefaultFullHttpRequest(decodeResult: success, version: HTTP/1.1, content: EmptyByteBufBE)
GET /session/57233a0517477657dd5e2490670f407e/url HTTP/1.1
User-Agent: selenium/4.1.2 (java windows)
Cache-Control: no-cache
Content-Type: application/json; charset=utf-8
host: localhost:50284
accept: */*

Response DefaultHttpResponse(decodeResult: success, version: HTTP/1.1)
HTTP/1.1 200 OK
Content-Type: application/json; charset=utf-8
cache-control: no-cache
content-length: 31

08:37:34.213 [AsyncHttpClient-1-10] DEBUG org.asynchttpclient.netty.channel.ChannelManager - Adding key: http://localhost:50284 for channel [id: 0xdc5cf258, L:/127.0.0.1:61214 - R:localhost/127.0.0.1:50284]
08:37:34.215 [Forwarding findElement on session 57233a0517477657dd5e2490670f407e to remote] DEBUG org.asynchttpclient.netty.request.NettyRequestSender - Using pooled Channel '[id: 0xdc5cf258, L:/127.0.0.1:61214 - R:localhost/127.0.0.1:50284]' for 'POST' to 'http://localhost:50284/session/57233a0517477657dd5e2490670f407e/element'
08:37:34.215 [Forwarding findElement on session 57233a0517477657dd5e2490670f407e to remote] DEBUG org.asynchttpclient.netty.request.NettyRequestSender - Using open Channel [id: 0xdc5cf258, L:/127.0.0.1:61214 - R:localhost/127.0.0.1:50284] for POST '/session/57233a0517477657dd5e2490670f407e/element'
08:37:34.227 [AsyncHttpClient-1-10] DEBUG org.asynchttpclient.netty.handler.HttpHandler - 

Request DefaultHttpRequest(decodeResult: success, version: HTTP/1.1)
POST /session/57233a0517477657dd5e2490670f407e/element HTTP/1.1
User-Agent: selenium/4.1.2 (java windows)
Content-Length: 170
Content-Type: application/json; charset=utf-8
host: localhost:50284
accept: */*

Response DefaultHttpResponse(decodeResult: success, version: HTTP/1.1)
HTTP/1.1 200 OK
Content-Type: application/json; charset=utf-8
cache-control: no-cache
content-length: 88

08:37:34.227 [AsyncHttpClient-1-10] DEBUG org.asynchttpclient.netty.channel.ChannelManager - Adding key: http://localhost:50284 for channel [id: 0xdc5cf258, L:/127.0.0.1:61214 - R:localhost/127.0.0.1:50284]
08:37:34.228 [Forwarding getElementTagName on session 57233a0517477657dd5e2490670f407e to remote] DEBUG org.asynchttpclient.netty.request.NettyRequestSender - Using pooled Channel '[id: 0xdc5cf258, L:/127.0.0.1:61214 - R:localhost/127.0.0.1:50284]' for 'GET' to 'http://localhost:50284/session/57233a0517477657dd5e2490670f407e/element/496c9cb0-82ee-4598-94c9-bbdeb13e36fb/name'
08:37:34.228 [Forwarding getElementTagName on session 57233a0517477657dd5e2490670f407e to remote] DEBUG org.asynchttpclient.netty.request.NettyRequestSender - Using open Channel [id: 0xdc5cf258, L:/127.0.0.1:61214 - R:localhost/127.0.0.1:50284] for GET '/session/57233a0517477657dd5e2490670f407e/element/496c9cb0-82ee-4598-94c9-bbdeb13e36fb/name'
08:37:34.229 [AsyncHttpClient-1-1] DEBUG org.asynchttpclient.netty.channel.DefaultChannelPool - Entry count for : http://localhost:61215 : 1
08:37:34.232 [AsyncHttpClient-1-10] DEBUG org.asynchttpclient.netty.handler.HttpHandler - 

Request DefaultFullHttpRequest(decodeResult: success, version: HTTP/1.1, content: EmptyByteBufBE)
GET /session/57233a0517477657dd5e2490670f407e/element/496c9cb0-82ee-4598-94c9-bbdeb13e36fb/name HTTP/1.1
User-Agent: selenium/4.1.2 (java windows)
Cache-Control: no-cache
Content-Type: application/json; charset=utf-8
host: localhost:50284
accept: */*

Response DefaultHttpResponse(decodeResult: success, version: HTTP/1.1)
HTTP/1.1 200 OK
Content-Type: application/json; charset=utf-8
cache-control: no-cache
content-length: 13

08:37:34.232 [AsyncHttpClient-1-10] DEBUG org.asynchttpclient.netty.channel.ChannelManager - Adding key: http://localhost:50284 for channel [id: 0xdc5cf258, L:/127.0.0.1:61214 - R:localhost/127.0.0.1:50284]
08:37:34.233 [Forwarding getElementTagName on session 57233a0517477657dd5e2490670f407e to remote] DEBUG org.asynchttpclient.netty.request.NettyRequestSender - Using pooled Channel '[id: 0xdc5cf258, L:/127.0.0.1:61214 - R:localhost/127.0.0.1:50284]' for 'GET' to 'http://localhost:50284/session/57233a0517477657dd5e2490670f407e/element/496c9cb0-82ee-4598-94c9-bbdeb13e36fb/name'
08:37:34.233 [Forwarding getElementTagName on session 57233a0517477657dd5e2490670f407e to remote] DEBUG org.asynchttpclient.netty.request.NettyRequestSender - Using open Channel [id: 0xdc5cf258, L:/127.0.0.1:61214 - R:localhost/127.0.0.1:50284] for GET '/session/57233a0517477657dd5e2490670f407e/element/496c9cb0-82ee-4598-94c9-bbdeb13e36fb/name'
08:37:34.237 [AsyncHttpClient-1-10] DEBUG org.asynchttpclient.netty.handler.HttpHandler - 

Request DefaultFullHttpRequest(decodeResult: success, version: HTTP/1.1, content: EmptyByteBufBE)
GET /session/57233a0517477657dd5e2490670f407e/element/496c9cb0-82ee-4598-94c9-bbdeb13e36fb/name HTTP/1.1
User-Agent: selenium/4.1.2 (java windows)
Cache-Control: no-cache
Content-Type: application/json; charset=utf-8
host: localhost:50284
accept: */*

Response DefaultHttpResponse(decodeResult: success, version: HTTP/1.1)
HTTP/1.1 200 OK
Content-Type: application/json; charset=utf-8
cache-control: no-cache
content-length: 13

08:37:34.237 [AsyncHttpClient-1-10] DEBUG org.asynchttpclient.netty.channel.ChannelManager - Adding key: http://localhost:50284 for channel [id: 0xdc5cf258, L:/127.0.0.1:61214 - R:localhost/127.0.0.1:50284]
08:37:34.238 [Forwarding findElement on session 57233a0517477657dd5e2490670f407e to remote] DEBUG org.asynchttpclient.netty.request.NettyRequestSender - Using pooled Channel '[id: 0xdc5cf258, L:/127.0.0.1:61214 - R:localhost/127.0.0.1:50284]' for 'POST' to 'http://localhost:50284/session/57233a0517477657dd5e2490670f407e/element'
08:37:34.238 [Forwarding findElement on session 57233a0517477657dd5e2490670f407e to remote] DEBUG org.asynchttpclient.netty.request.NettyRequestSender - Using open Channel [id: 0xdc5cf258, L:/127.0.0.1:61214 - R:localhost/127.0.0.1:50284] for POST '/session/57233a0517477657dd5e2490670f407e/element'
08:37:34.246 [AsyncHttpClient-1-10] DEBUG org.asynchttpclient.netty.handler.HttpHandler - 

Request DefaultHttpRequest(decodeResult: success, version: HTTP/1.1)
POST /session/57233a0517477657dd5e2490670f407e/element HTTP/1.1
User-Agent: selenium/4.1.2 (java windows)
Content-Length: 170
Content-Type: application/json; charset=utf-8
host: localhost:50284
accept: */*

Response DefaultHttpResponse(decodeResult: success, version: HTTP/1.1)
HTTP/1.1 200 OK
Content-Type: application/json; charset=utf-8
cache-control: no-cache
content-length: 88

08:37:34.246 [AsyncHttpClient-1-10] DEBUG org.asynchttpclient.netty.channel.ChannelManager - Adding key: http://localhost:50284 for channel [id: 0xdc5cf258, L:/127.0.0.1:61214 - R:localhost/127.0.0.1:50284]
08:37:34.247 [Forwarding clickElement on session 57233a0517477657dd5e2490670f407e to remote] DEBUG org.asynchttpclient.netty.request.NettyRequestSender - Using pooled Channel '[id: 0xdc5cf258, L:/127.0.0.1:61214 - R:localhost/127.0.0.1:50284]' for 'POST' to 'http://localhost:50284/session/57233a0517477657dd5e2490670f407e/element/496c9cb0-82ee-4598-94c9-bbdeb13e36fb/click'
08:37:34.247 [Forwarding clickElement on session 57233a0517477657dd5e2490670f407e to remote] DEBUG org.asynchttpclient.netty.request.NettyRequestSender - Using open Channel [id: 0xdc5cf258, L:/127.0.0.1:61214 - R:localhost/127.0.0.1:50284] for POST '/session/57233a0517477657dd5e2490670f407e/element/496c9cb0-82ee-4598-94c9-bbdeb13e36fb/click'
08:37:34.292 [AsyncHttpClient-1-10] DEBUG org.asynchttpclient.netty.handler.HttpHandler - 

Request DefaultHttpRequest(decodeResult: success, version: HTTP/1.1)
POST /session/57233a0517477657dd5e2490670f407e/element/496c9cb0-82ee-4598-94c9-bbdeb13e36fb/click HTTP/1.1
User-Agent: selenium/4.1.2 (java windows)
Content-Length: 50
Content-Type: application/json; charset=utf-8
host: localhost:50284
accept: */*

Response DefaultHttpResponse(decodeResult: success, version: HTTP/1.1)
HTTP/1.1 200 OK
Content-Type: application/json; charset=utf-8
cache-control: no-cache
content-length: 14

08:37:34.292 [AsyncHttpClient-1-10] DEBUG org.asynchttpclient.netty.channel.ChannelManager - Adding key: http://localhost:50284 for channel [id: 0xdc5cf258, L:/127.0.0.1:61214 - R:localhost/127.0.0.1:50284]
08:37:34.296 [Forwarding findElement on session 57233a0517477657dd5e2490670f407e to remote] DEBUG org.asynchttpclient.netty.request.NettyRequestSender - Using pooled Channel '[id: 0xdc5cf258, L:/127.0.0.1:61214 - R:localhost/127.0.0.1:50284]' for 'POST' to 'http://localhost:50284/session/57233a0517477657dd5e2490670f407e/element'
08:37:34.296 [Forwarding findElement on session 57233a0517477657dd5e2490670f407e to remote] DEBUG org.asynchttpclient.netty.request.NettyRequestSender - Using open Channel [id: 0xdc5cf258, L:/127.0.0.1:61214 - R:localhost/127.0.0.1:50284] for POST '/session/57233a0517477657dd5e2490670f407e/element'
08:37:34.327 [AsyncHttpClient-1-10] DEBUG org.asynchttpclient.netty.handler.HttpHandler - 

Request DefaultHttpRequest(decodeResult: success, version: HTTP/1.1)
POST /session/57233a0517477657dd5e2490670f407e/element HTTP/1.1
User-Agent: selenium/4.1.2 (java windows)
Content-Length: 86
Content-Type: application/json; charset=utf-8
host: localhost:50284
accept: */*

Response DefaultHttpResponse(decodeResult: success, version: HTTP/1.1)
HTTP/1.1 200 OK
Content-Type: application/json; charset=utf-8
cache-control: no-cache
content-length: 88

08:37:34.327 [AsyncHttpClient-1-10] DEBUG org.asynchttpclient.netty.channel.ChannelManager - Adding key: http://localhost:50284 for channel [id: 0xdc5cf258, L:/127.0.0.1:61214 - R:localhost/127.0.0.1:50284]
08:37:34.327 [Forwarding clearElement on session 57233a0517477657dd5e2490670f407e to remote] DEBUG org.asynchttpclient.netty.request.NettyRequestSender - Using pooled Channel '[id: 0xdc5cf258, L:/127.0.0.1:61214 - R:localhost/127.0.0.1:50284]' for 'POST' to 'http://localhost:50284/session/57233a0517477657dd5e2490670f407e/element/3df0a906-2e01-4607-9500-aea94d9bd128/clear'
08:37:34.327 [Forwarding clearElement on session 57233a0517477657dd5e2490670f407e to remote] DEBUG org.asynchttpclient.netty.request.NettyRequestSender - Using open Channel [id: 0xdc5cf258, L:/127.0.0.1:61214 - R:localhost/127.0.0.1:50284] for POST '/session/57233a0517477657dd5e2490670f407e/element/3df0a906-2e01-4607-9500-aea94d9bd128/clear'
08:37:34.364 [AsyncHttpClient-1-10] DEBUG org.asynchttpclient.netty.handler.HttpHandler - 

Request DefaultHttpRequest(decodeResult: success, version: HTTP/1.1)
POST /session/57233a0517477657dd5e2490670f407e/element/3df0a906-2e01-4607-9500-aea94d9bd128/clear HTTP/1.1
User-Agent: selenium/4.1.2 (java windows)
Content-Length: 50
Content-Type: application/json; charset=utf-8
host: localhost:50284
accept: */*

Response DefaultHttpResponse(decodeResult: success, version: HTTP/1.1)
HTTP/1.1 200 OK
Content-Type: application/json; charset=utf-8
cache-control: no-cache
content-length: 14

08:37:34.364 [AsyncHttpClient-1-10] DEBUG org.asynchttpclient.netty.channel.ChannelManager - Adding key: http://localhost:50284 for channel [id: 0xdc5cf258, L:/127.0.0.1:61214 - R:localhost/127.0.0.1:50284]
08:37:34.365 [Forwarding sendKeysToElement on session 57233a0517477657dd5e2490670f407e to remote] DEBUG org.asynchttpclient.netty.request.NettyRequestSender - Using pooled Channel '[id: 0xdc5cf258, L:/127.0.0.1:61214 - R:localhost/127.0.0.1:50284]' for 'POST' to 'http://localhost:50284/session/57233a0517477657dd5e2490670f407e/element/3df0a906-2e01-4607-9500-aea94d9bd128/value'
08:37:34.365 [Forwarding sendKeysToElement on session 57233a0517477657dd5e2490670f407e to remote] DEBUG org.asynchttpclient.netty.request.NettyRequestSender - Using open Channel [id: 0xdc5cf258, L:/127.0.0.1:61214 - R:localhost/127.0.0.1:50284] for POST '/session/57233a0517477657dd5e2490670f407e/element/3df0a906-2e01-4607-9500-aea94d9bd128/value'
08:37:34.424 [AsyncHttpClient-1-10] DEBUG org.asynchttpclient.netty.handler.HttpHandler - 

Request DefaultHttpRequest(decodeResult: success, version: HTTP/1.1)
POST /session/57233a0517477657dd5e2490670f407e/element/3df0a906-2e01-4607-9500-aea94d9bd128/value HTTP/1.1
User-Agent: selenium/4.1.2 (java windows)
Content-Length: 91
Content-Type: application/json; charset=utf-8
host: localhost:50284
accept: */*

Response DefaultHttpResponse(decodeResult: success, version: HTTP/1.1)
HTTP/1.1 200 OK
Content-Type: application/json; charset=utf-8
cache-control: no-cache
content-length: 14

08:37:34.424 [AsyncHttpClient-1-10] DEBUG org.asynchttpclient.netty.channel.ChannelManager - Adding key: http://localhost:50284 for channel [id: 0xdc5cf258, L:/127.0.0.1:61214 - R:localhost/127.0.0.1:50284]
08:37:34.426 [Forwarding findElement on session 57233a0517477657dd5e2490670f407e to remote] DEBUG org.asynchttpclient.netty.request.NettyRequestSender - Using pooled Channel '[id: 0xdc5cf258, L:/127.0.0.1:61214 - R:localhost/127.0.0.1:50284]' for 'POST' to 'http://localhost:50284/session/57233a0517477657dd5e2490670f407e/element'
08:37:34.426 [Forwarding findElement on session 57233a0517477657dd5e2490670f407e to remote] DEBUG org.asynchttpclient.netty.request.NettyRequestSender - Using open Channel [id: 0xdc5cf258, L:/127.0.0.1:61214 - R:localhost/127.0.0.1:50284] for POST '/session/57233a0517477657dd5e2490670f407e/element'
08:37:34.440 [AsyncHttpClient-1-10] DEBUG org.asynchttpclient.netty.handler.HttpHandler - 

Request DefaultHttpRequest(decodeResult: success, version: HTTP/1.1)
POST /session/57233a0517477657dd5e2490670f407e/element HTTP/1.1
User-Agent: selenium/4.1.2 (java windows)
Content-Length: 89
Content-Type: application/json; charset=utf-8
host: localhost:50284
accept: */*

Response DefaultHttpResponse(decodeResult: success, version: HTTP/1.1)
HTTP/1.1 200 OK
Content-Type: application/json; charset=utf-8
cache-control: no-cache
content-length: 88

08:37:34.440 [AsyncHttpClient-1-10] DEBUG org.asynchttpclient.netty.channel.ChannelManager - Adding key: http://localhost:50284 for channel [id: 0xdc5cf258, L:/127.0.0.1:61214 - R:localhost/127.0.0.1:50284]
08:37:34.441 [Forwarding clearElement on session 57233a0517477657dd5e2490670f407e to remote] DEBUG org.asynchttpclient.netty.request.NettyRequestSender - Using pooled Channel '[id: 0xdc5cf258, L:/127.0.0.1:61214 - R:localhost/127.0.0.1:50284]' for 'POST' to 'http://localhost:50284/session/57233a0517477657dd5e2490670f407e/element/2c629e89-ab8e-4bbb-a690-492be0e8bdf4/clear'
08:37:34.441 [Forwarding clearElement on session 57233a0517477657dd5e2490670f407e to remote] DEBUG org.asynchttpclient.netty.request.NettyRequestSender - Using open Channel [id: 0xdc5cf258, L:/127.0.0.1:61214 - R:localhost/127.0.0.1:50284] for POST '/session/57233a0517477657dd5e2490670f407e/element/2c629e89-ab8e-4bbb-a690-492be0e8bdf4/clear'
08:37:34.491 [AsyncHttpClient-1-10] DEBUG org.asynchttpclient.netty.handler.HttpHandler - 

Request DefaultHttpRequest(decodeResult: success, version: HTTP/1.1)
POST /session/57233a0517477657dd5e2490670f407e/element/2c629e89-ab8e-4bbb-a690-492be0e8bdf4/clear HTTP/1.1
User-Agent: selenium/4.1.2 (java windows)
Content-Length: 50
Content-Type: application/json; charset=utf-8
host: localhost:50284
accept: */*

Response DefaultHttpResponse(decodeResult: success, version: HTTP/1.1)
HTTP/1.1 200 OK
Content-Type: application/json; charset=utf-8
cache-control: no-cache
content-length: 14

08:37:34.491 [AsyncHttpClient-1-10] DEBUG org.asynchttpclient.netty.channel.ChannelManager - Adding key: http://localhost:50284 for channel [id: 0xdc5cf258, L:/127.0.0.1:61214 - R:localhost/127.0.0.1:50284]
08:37:34.493 [Forwarding sendKeysToElement on session 57233a0517477657dd5e2490670f407e to remote] DEBUG org.asynchttpclient.netty.request.NettyRequestSender - Using pooled Channel '[id: 0xdc5cf258, L:/127.0.0.1:61214 - R:localhost/127.0.0.1:50284]' for 'POST' to 'http://localhost:50284/session/57233a0517477657dd5e2490670f407e/element/2c629e89-ab8e-4bbb-a690-492be0e8bdf4/value'
08:37:34.493 [Forwarding sendKeysToElement on session 57233a0517477657dd5e2490670f407e to remote] DEBUG org.asynchttpclient.netty.request.NettyRequestSender - Using open Channel [id: 0xdc5cf258, L:/127.0.0.1:61214 - R:localhost/127.0.0.1:50284] for POST '/session/57233a0517477657dd5e2490670f407e/element/2c629e89-ab8e-4bbb-a690-492be0e8bdf4/value'
08:37:34.541 [AsyncHttpClient-1-10] DEBUG org.asynchttpclient.netty.handler.HttpHandler - 

Request DefaultHttpRequest(decodeResult: success, version: HTTP/1.1)
POST /session/57233a0517477657dd5e2490670f407e/element/2c629e89-ab8e-4bbb-a690-492be0e8bdf4/value HTTP/1.1
User-Agent: selenium/4.1.2 (java windows)
Content-Length: 91
Content-Type: application/json; charset=utf-8
host: localhost:50284
accept: */*

Response DefaultHttpResponse(decodeResult: success, version: HTTP/1.1)
HTTP/1.1 200 OK
Content-Type: application/json; charset=utf-8
cache-control: no-cache
content-length: 14

08:37:34.541 [AsyncHttpClient-1-10] DEBUG org.asynchttpclient.netty.channel.ChannelManager - Adding key: http://localhost:50284 for channel [id: 0xdc5cf258, L:/127.0.0.1:61214 - R:localhost/127.0.0.1:50284]
08:37:34.546 [Forwarding findElement on session 57233a0517477657dd5e2490670f407e to remote] DEBUG org.asynchttpclient.netty.request.NettyRequestSender - Using pooled Channel '[id: 0xdc5cf258, L:/127.0.0.1:61214 - R:localhost/127.0.0.1:50284]' for 'POST' to 'http://localhost:50284/session/57233a0517477657dd5e2490670f407e/element'
08:37:34.546 [Forwarding findElement on session 57233a0517477657dd5e2490670f407e to remote] DEBUG org.asynchttpclient.netty.request.NettyRequestSender - Using open Channel [id: 0xdc5cf258, L:/127.0.0.1:61214 - R:localhost/127.0.0.1:50284] for POST '/session/57233a0517477657dd5e2490670f407e/element'
08:37:34.560 [AsyncHttpClient-1-10] DEBUG org.asynchttpclient.netty.handler.HttpHandler - 

Request DefaultHttpRequest(decodeResult: success, version: HTTP/1.1)
POST /session/57233a0517477657dd5e2490670f407e/element HTTP/1.1
User-Agent: selenium/4.1.2 (java windows)
Content-Length: 72
Content-Type: application/json; charset=utf-8
host: localhost:50284
accept: */*

Response DefaultHttpResponse(decodeResult: success, version: HTTP/1.1)
HTTP/1.1 200 OK
Content-Type: application/json; charset=utf-8
cache-control: no-cache
content-length: 88

08:37:34.560 [AsyncHttpClient-1-10] DEBUG org.asynchttpclient.netty.channel.ChannelManager - Adding key: http://localhost:50284 for channel [id: 0xdc5cf258, L:/127.0.0.1:61214 - R:localhost/127.0.0.1:50284]
08:37:34.562 [Forwarding getElementTagName on session 57233a0517477657dd5e2490670f407e to remote] DEBUG org.asynchttpclient.netty.request.NettyRequestSender - Using pooled Channel '[id: 0xdc5cf258, L:/127.0.0.1:61214 - R:localhost/127.0.0.1:50284]' for 'GET' to 'http://localhost:50284/session/57233a0517477657dd5e2490670f407e/element/a5e420e9-7593-4927-88b0-fa2f33b208da/name'
08:37:34.562 [Forwarding getElementTagName on session 57233a0517477657dd5e2490670f407e to remote] DEBUG org.asynchttpclient.netty.request.NettyRequestSender - Using open Channel [id: 0xdc5cf258, L:/127.0.0.1:61214 - R:localhost/127.0.0.1:50284] for GET '/session/57233a0517477657dd5e2490670f407e/element/a5e420e9-7593-4927-88b0-fa2f33b208da/name'
08:37:34.568 [AsyncHttpClient-1-10] DEBUG org.asynchttpclient.netty.handler.HttpHandler - 

Request DefaultFullHttpRequest(decodeResult: success, version: HTTP/1.1, content: EmptyByteBufBE)
GET /session/57233a0517477657dd5e2490670f407e/element/a5e420e9-7593-4927-88b0-fa2f33b208da/name HTTP/1.1
User-Agent: selenium/4.1.2 (java windows)
Cache-Control: no-cache
Content-Type: application/json; charset=utf-8
host: localhost:50284
accept: */*

Response DefaultHttpResponse(decodeResult: success, version: HTTP/1.1)
HTTP/1.1 200 OK
Content-Type: application/json; charset=utf-8
cache-control: no-cache
content-length: 18

08:37:34.568 [AsyncHttpClient-1-10] DEBUG org.asynchttpclient.netty.channel.ChannelManager - Adding key: http://localhost:50284 for channel [id: 0xdc5cf258, L:/127.0.0.1:61214 - R:localhost/127.0.0.1:50284]
08:37:34.569 [Forwarding getElementTagName on session 57233a0517477657dd5e2490670f407e to remote] DEBUG org.asynchttpclient.netty.request.NettyRequestSender - Using pooled Channel '[id: 0xdc5cf258, L:/127.0.0.1:61214 - R:localhost/127.0.0.1:50284]' for 'GET' to 'http://localhost:50284/session/57233a0517477657dd5e2490670f407e/element/a5e420e9-7593-4927-88b0-fa2f33b208da/name'
08:37:34.569 [Forwarding getElementTagName on session 57233a0517477657dd5e2490670f407e to remote] DEBUG org.asynchttpclient.netty.request.NettyRequestSender - Using open Channel [id: 0xdc5cf258, L:/127.0.0.1:61214 - R:localhost/127.0.0.1:50284] for GET '/session/57233a0517477657dd5e2490670f407e/element/a5e420e9-7593-4927-88b0-fa2f33b208da/name'
08:37:34.573 [AsyncHttpClient-1-10] DEBUG org.asynchttpclient.netty.handler.HttpHandler - 

Request DefaultFullHttpRequest(decodeResult: success, version: HTTP/1.1, content: EmptyByteBufBE)
GET /session/57233a0517477657dd5e2490670f407e/element/a5e420e9-7593-4927-88b0-fa2f33b208da/name HTTP/1.1
User-Agent: selenium/4.1.2 (java windows)
Cache-Control: no-cache
Content-Type: application/json; charset=utf-8
host: localhost:50284
accept: */*

Response DefaultHttpResponse(decodeResult: success, version: HTTP/1.1)
HTTP/1.1 200 OK
Content-Type: application/json; charset=utf-8
cache-control: no-cache
content-length: 18

08:37:34.573 [AsyncHttpClient-1-10] DEBUG org.asynchttpclient.netty.channel.ChannelManager - Adding key: http://localhost:50284 for channel [id: 0xdc5cf258, L:/127.0.0.1:61214 - R:localhost/127.0.0.1:50284]
08:37:34.575 [Forwarding isElementEnabled on session 57233a0517477657dd5e2490670f407e to remote] DEBUG org.asynchttpclient.netty.request.NettyRequestSender - Using pooled Channel '[id: 0xdc5cf258, L:/127.0.0.1:61214 - R:localhost/127.0.0.1:50284]' for 'GET' to 'http://localhost:50284/session/57233a0517477657dd5e2490670f407e/element/a5e420e9-7593-4927-88b0-fa2f33b208da/enabled'
08:37:34.575 [Forwarding isElementEnabled on session 57233a0517477657dd5e2490670f407e to remote] DEBUG org.asynchttpclient.netty.request.NettyRequestSender - Using open Channel [id: 0xdc5cf258, L:/127.0.0.1:61214 - R:localhost/127.0.0.1:50284] for GET '/session/57233a0517477657dd5e2490670f407e/element/a5e420e9-7593-4927-88b0-fa2f33b208da/enabled'
08:37:34.586 [AsyncHttpClient-1-10] DEBUG org.asynchttpclient.netty.handler.HttpHandler - 

Request DefaultFullHttpRequest(decodeResult: success, version: HTTP/1.1, content: EmptyByteBufBE)
GET /session/57233a0517477657dd5e2490670f407e/element/a5e420e9-7593-4927-88b0-fa2f33b208da/enabled HTTP/1.1
User-Agent: selenium/4.1.2 (java windows)
Cache-Control: no-cache
Content-Type: application/json; charset=utf-8
host: localhost:50284
accept: */*

Response DefaultHttpResponse(decodeResult: success, version: HTTP/1.1)
HTTP/1.1 200 OK
Content-Type: application/json; charset=utf-8
cache-control: no-cache
content-length: 14

08:37:34.586 [AsyncHttpClient-1-10] DEBUG org.asynchttpclient.netty.channel.ChannelManager - Adding key: http://localhost:50284 for channel [id: 0xdc5cf258, L:/127.0.0.1:61214 - R:localhost/127.0.0.1:50284]
08:37:34.587 [Forwarding isElementEnabled on session 57233a0517477657dd5e2490670f407e to remote] DEBUG org.asynchttpclient.netty.request.NettyRequestSender - Using pooled Channel '[id: 0xdc5cf258, L:/127.0.0.1:61214 - R:localhost/127.0.0.1:50284]' for 'GET' to 'http://localhost:50284/session/57233a0517477657dd5e2490670f407e/element/a5e420e9-7593-4927-88b0-fa2f33b208da/enabled'
08:37:34.587 [Forwarding isElementEnabled on session 57233a0517477657dd5e2490670f407e to remote] DEBUG org.asynchttpclient.netty.request.NettyRequestSender - Using open Channel [id: 0xdc5cf258, L:/127.0.0.1:61214 - R:localhost/127.0.0.1:50284] for GET '/session/57233a0517477657dd5e2490670f407e/element/a5e420e9-7593-4927-88b0-fa2f33b208da/enabled'
08:37:34.593 [AsyncHttpClient-1-10] DEBUG org.asynchttpclient.netty.handler.HttpHandler - 

Request DefaultFullHttpRequest(decodeResult: success, version: HTTP/1.1, content: EmptyByteBufBE)
GET /session/57233a0517477657dd5e2490670f407e/element/a5e420e9-7593-4927-88b0-fa2f33b208da/enabled HTTP/1.1
User-Agent: selenium/4.1.2 (java windows)
Cache-Control: no-cache
Content-Type: application/json; charset=utf-8
host: localhost:50284
accept: */*

Response DefaultHttpResponse(decodeResult: success, version: HTTP/1.1)
HTTP/1.1 200 OK
Content-Type: application/json; charset=utf-8
cache-control: no-cache
content-length: 14

08:37:34.593 [AsyncHttpClient-1-10] DEBUG org.asynchttpclient.netty.channel.ChannelManager - Adding key: http://localhost:50284 for channel [id: 0xdc5cf258, L:/127.0.0.1:61214 - R:localhost/127.0.0.1:50284]
08:37:34.595 [Forwarding findElement on session 57233a0517477657dd5e2490670f407e to remote] DEBUG org.asynchttpclient.netty.request.NettyRequestSender - Using pooled Channel '[id: 0xdc5cf258, L:/127.0.0.1:61214 - R:localhost/127.0.0.1:50284]' for 'POST' to 'http://localhost:50284/session/57233a0517477657dd5e2490670f407e/element'
08:37:34.595 [Forwarding findElement on session 57233a0517477657dd5e2490670f407e to remote] DEBUG org.asynchttpclient.netty.request.NettyRequestSender - Using open Channel [id: 0xdc5cf258, L:/127.0.0.1:61214 - R:localhost/127.0.0.1:50284] for POST '/session/57233a0517477657dd5e2490670f407e/element'
08:37:34.604 [AsyncHttpClient-1-10] DEBUG org.asynchttpclient.netty.handler.HttpHandler - 

Request DefaultHttpRequest(decodeResult: success, version: HTTP/1.1)
POST /session/57233a0517477657dd5e2490670f407e/element HTTP/1.1
User-Agent: selenium/4.1.2 (java windows)
Content-Length: 72
Content-Type: application/json; charset=utf-8
host: localhost:50284
accept: */*

Response DefaultHttpResponse(decodeResult: success, version: HTTP/1.1)
HTTP/1.1 200 OK
Content-Type: application/json; charset=utf-8
cache-control: no-cache
content-length: 88

08:37:34.604 [AsyncHttpClient-1-10] DEBUG org.asynchttpclient.netty.channel.ChannelManager - Adding key: http://localhost:50284 for channel [id: 0xdc5cf258, L:/127.0.0.1:61214 - R:localhost/127.0.0.1:50284]
08:37:34.605 [Forwarding clickElement on session 57233a0517477657dd5e2490670f407e to remote] DEBUG org.asynchttpclient.netty.request.NettyRequestSender - Using pooled Channel '[id: 0xdc5cf258, L:/127.0.0.1:61214 - R:localhost/127.0.0.1:50284]' for 'POST' to 'http://localhost:50284/session/57233a0517477657dd5e2490670f407e/element/a5e420e9-7593-4927-88b0-fa2f33b208da/click'
08:37:34.605 [Forwarding clickElement on session 57233a0517477657dd5e2490670f407e to remote] DEBUG org.asynchttpclient.netty.request.NettyRequestSender - Using open Channel [id: 0xdc5cf258, L:/127.0.0.1:61214 - R:localhost/127.0.0.1:50284] for POST '/session/57233a0517477657dd5e2490670f407e/element/a5e420e9-7593-4927-88b0-fa2f33b208da/click'
08:37:34.667 [AsyncHttpClient-1-10] DEBUG org.asynchttpclient.netty.handler.HttpHandler - 

Request DefaultHttpRequest(decodeResult: success, version: HTTP/1.1)
POST /session/57233a0517477657dd5e2490670f407e/element/a5e420e9-7593-4927-88b0-fa2f33b208da/click HTTP/1.1
User-Agent: selenium/4.1.2 (java windows)
Content-Length: 50
Content-Type: application/json; charset=utf-8
host: localhost:50284
accept: */*

Response DefaultHttpResponse(decodeResult: success, version: HTTP/1.1)
HTTP/1.1 200 OK
Content-Type: application/json; charset=utf-8
cache-control: no-cache
content-length: 14

08:37:34.667 [AsyncHttpClient-1-10] DEBUG org.asynchttpclient.netty.channel.ChannelManager - Adding key: http://localhost:50284 for channel [id: 0xdc5cf258, L:/127.0.0.1:61214 - R:localhost/127.0.0.1:50284]
  &amp#27;[32mGiven &amp#27;[0m&amp#27;[32mi have to login first&amp#27;[0m          &amp#27;[90m# starter.stepdefinitions.transStep.iHaveToLoginFirst()&amp#27;[0m
08:37:34.674 [main] DEBUG net.serenitybdd.core.photography.Darkroom - Opening darkroom
08:37:34.675 [Darkroom Processing Line] DEBUG net.serenitybdd.core.photography.DarkroomProcessingLine - Darkroom processing line starting up
08:37:34.675 [Forwarding screenshot on session 57233a0517477657dd5e2490670f407e to remote] DEBUG org.asynchttpclient.netty.request.NettyRequestSender - Using pooled Channel '[id: 0xdc5cf258, L:/127.0.0.1:61214 - R:localhost/127.0.0.1:50284]' for 'GET' to 'http://localhost:50284/session/57233a0517477657dd5e2490670f407e/screenshot'
08:37:34.675 [Forwarding screenshot on session 57233a0517477657dd5e2490670f407e to remote] DEBUG org.asynchttpclient.netty.request.NettyRequestSender - Using open Channel [id: 0xdc5cf258, L:/127.0.0.1:61214 - R:localhost/127.0.0.1:50284] for GET '/session/57233a0517477657dd5e2490670f407e/screenshot'
08:37:35.330 [AsyncHttpClient-1-1] DEBUG org.asynchttpclient.netty.channel.DefaultChannelPool - Entry count for : http://localhost:61215 : 1
08:37:36.099 [AsyncHttpClient-1-10] DEBUG org.asynchttpclient.netty.handler.HttpHandler - 

Request DefaultFullHttpRequest(decodeResult: success, version: HTTP/1.1, content: EmptyByteBufBE)
GET /session/57233a0517477657dd5e2490670f407e/screenshot HTTP/1.1
User-Agent: selenium/4.1.2 (java windows)
Cache-Control: no-cache
Content-Type: application/json; charset=utf-8
host: localhost:50284
accept: */*

Response DefaultHttpResponse(decodeResult: success, version: HTTP/1.1)
HTTP/1.1 200 OK
Content-Type: application/json; charset=utf-8
cache-control: no-cache
content-length: 26156

08:37:36.100 [AsyncHttpClient-1-10] DEBUG org.asynchttpclient.netty.channel.ChannelManager - Adding key: http://localhost:50284 for channel [id: 0xdc5cf258, L:/127.0.0.1:61214 - R:localhost/127.0.0.1:50284]
08:37:36.101 [main] DEBUG net.serenitybdd.core.photography.Darkroom - Send negative for processing for target\site\serenity\27a6930d5ae3e4ee8f0273d43f5bae9910d01892279377a63483aa0b4d4bd05b.png
08:37:36.109 [Forwarding findElement on session 57233a0517477657dd5e2490670f407e to remote] DEBUG org.asynchttpclient.netty.request.NettyRequestSender - Using pooled Channel '[id: 0xdc5cf258, L:/127.0.0.1:61214 - R:localhost/127.0.0.1:50284]' for 'POST' to 'http://localhost:50284/session/57233a0517477657dd5e2490670f407e/element'
08:37:36.109 [Forwarding findElement on session 57233a0517477657dd5e2490670f407e to remote] DEBUG org.asynchttpclient.netty.request.NettyRequestSender - Using open Channel [id: 0xdc5cf258, L:/127.0.0.1:61214 - R:localhost/127.0.0.1:50284] for POST '/session/57233a0517477657dd5e2490670f407e/element'
08:37:36.436 [AsyncHttpClient-1-1] DEBUG org.asynchttpclient.netty.channel.DefaultChannelPool - Entry count for : http://localhost:61215 : 1
08:37:36.537 [AsyncHttpClient-1-10] DEBUG org.asynchttpclient.netty.handler.HttpHandler - 

Request DefaultHttpRequest(decodeResult: success, version: HTTP/1.1)
POST /session/57233a0517477657dd5e2490670f407e/element HTTP/1.1
User-Agent: selenium/4.1.2 (java windows)
Content-Length: 122
Content-Type: application/json; charset=utf-8
host: localhost:50284
accept: */*

Response DefaultHttpResponse(decodeResult: success, version: HTTP/1.1)
HTTP/1.1 200 OK
Content-Type: application/json; charset=utf-8
cache-control: no-cache
content-length: 88

08:37:36.538 [AsyncHttpClient-1-10] DEBUG org.asynchttpclient.netty.channel.ChannelManager - Adding key: http://localhost:50284 for channel [id: 0xdc5cf258, L:/127.0.0.1:61214 - R:localhost/127.0.0.1:50284]
08:37:36.538 [Forwarding getElementTagName on session 57233a0517477657dd5e2490670f407e to remote] DEBUG org.asynchttpclient.netty.request.NettyRequestSender - Using pooled Channel '[id: 0xdc5cf258, L:/127.0.0.1:61214 - R:localhost/127.0.0.1:50284]' for 'GET' to 'http://localhost:50284/session/57233a0517477657dd5e2490670f407e/element/f7ae5a35-e88c-448a-a8cd-9c54bdda7c7d/name'
08:37:36.538 [Forwarding getElementTagName on session 57233a0517477657dd5e2490670f407e to remote] DEBUG org.asynchttpclient.netty.request.NettyRequestSender - Using open Channel [id: 0xdc5cf258, L:/127.0.0.1:61214 - R:localhost/127.0.0.1:50284] for GET '/session/57233a0517477657dd5e2490670f407e/element/f7ae5a35-e88c-448a-a8cd-9c54bdda7c7d/name'
08:37:36.542 [AsyncHttpClient-1-10] DEBUG org.asynchttpclient.netty.handler.HttpHandler - 

Request DefaultFullHttpRequest(decodeResult: success, version: HTTP/1.1, content: EmptyByteBufBE)
GET /session/57233a0517477657dd5e2490670f407e/element/f7ae5a35-e88c-448a-a8cd-9c54bdda7c7d/name HTTP/1.1
User-Agent: selenium/4.1.2 (java windows)
Cache-Control: no-cache
Content-Type: application/json; charset=utf-8
host: localhost:50284
accept: */*

Response DefaultHttpResponse(decodeResult: success, version: HTTP/1.1)
HTTP/1.1 200 OK
Content-Type: application/json; charset=utf-8
cache-control: no-cache
content-length: 16

08:37:36.543 [AsyncHttpClient-1-10] DEBUG org.asynchttpclient.netty.channel.ChannelManager - Adding key: http://localhost:50284 for channel [id: 0xdc5cf258, L:/127.0.0.1:61214 - R:localhost/127.0.0.1:50284]
08:37:36.543 [Forwarding getElementTagName on session 57233a0517477657dd5e2490670f407e to remote] DEBUG org.asynchttpclient.netty.request.NettyRequestSender - Using pooled Channel '[id: 0xdc5cf258, L:/127.0.0.1:61214 - R:localhost/127.0.0.1:50284]' for 'GET' to 'http://localhost:50284/session/57233a0517477657dd5e2490670f407e/element/f7ae5a35-e88c-448a-a8cd-9c54bdda7c7d/name'
08:37:36.543 [Forwarding getElementTagName on session 57233a0517477657dd5e2490670f407e to remote] DEBUG org.asynchttpclient.netty.request.NettyRequestSender - Using open Channel [id: 0xdc5cf258, L:/127.0.0.1:61214 - R:localhost/127.0.0.1:50284] for GET '/session/57233a0517477657dd5e2490670f407e/element/f7ae5a35-e88c-448a-a8cd-9c54bdda7c7d/name'
08:37:36.547 [AsyncHttpClient-1-10] DEBUG org.asynchttpclient.netty.handler.HttpHandler - 

Request DefaultFullHttpRequest(decodeResult: success, version: HTTP/1.1, content: EmptyByteBufBE)
GET /session/57233a0517477657dd5e2490670f407e/element/f7ae5a35-e88c-448a-a8cd-9c54bdda7c7d/name HTTP/1.1
User-Agent: selenium/4.1.2 (java windows)
Cache-Control: no-cache
Content-Type: application/json; charset=utf-8
host: localhost:50284
accept: */*

Response DefaultHttpResponse(decodeResult: success, version: HTTP/1.1)
HTTP/1.1 200 OK
Content-Type: application/json; charset=utf-8
cache-control: no-cache
content-length: 16

08:37:36.547 [AsyncHttpClient-1-10] DEBUG org.asynchttpclient.netty.channel.ChannelManager - Adding key: http://localhost:50284 for channel [id: 0xdc5cf258, L:/127.0.0.1:61214 - R:localhost/127.0.0.1:50284]
08:37:36.548 [Forwarding findElement on session 57233a0517477657dd5e2490670f407e to remote] DEBUG org.asynchttpclient.netty.request.NettyRequestSender - Using pooled Channel '[id: 0xdc5cf258, L:/127.0.0.1:61214 - R:localhost/127.0.0.1:50284]' for 'POST' to 'http://localhost:50284/session/57233a0517477657dd5e2490670f407e/element'
08:37:36.548 [Forwarding findElement on session 57233a0517477657dd5e2490670f407e to remote] DEBUG org.asynchttpclient.netty.request.NettyRequestSender - Using open Channel [id: 0xdc5cf258, L:/127.0.0.1:61214 - R:localhost/127.0.0.1:50284] for POST '/session/57233a0517477657dd5e2490670f407e/element'
08:37:36.560 [AsyncHttpClient-1-10] DEBUG org.asynchttpclient.netty.handler.HttpHandler - 

Request DefaultHttpRequest(decodeResult: success, version: HTTP/1.1)
POST /session/57233a0517477657dd5e2490670f407e/element HTTP/1.1
User-Agent: selenium/4.1.2 (java windows)
Content-Length: 122
Content-Type: application/json; charset=utf-8
host: localhost:50284
accept: */*

Response DefaultHttpResponse(decodeResult: success, version: HTTP/1.1)
HTTP/1.1 200 OK
Content-Type: application/json; charset=utf-8
cache-control: no-cache
content-length: 88

08:37:36.560 [AsyncHttpClient-1-10] DEBUG org.asynchttpclient.netty.channel.ChannelManager - Adding key: http://localhost:50284 for channel [id: 0xdc5cf258, L:/127.0.0.1:61214 - R:localhost/127.0.0.1:50284]
08:37:36.561 [Forwarding clickElement on session 57233a0517477657dd5e2490670f407e to remote] DEBUG org.asynchttpclient.netty.request.NettyRequestSender - Using pooled Channel '[id: 0xdc5cf258, L:/127.0.0.1:61214 - R:localhost/127.0.0.1:50284]' for 'POST' to 'http://localhost:50284/session/57233a0517477657dd5e2490670f407e/element/f7ae5a35-e88c-448a-a8cd-9c54bdda7c7d/click'
08:37:36.561 [Forwarding clickElement on session 57233a0517477657dd5e2490670f407e to remote] DEBUG org.asynchttpclient.netty.request.NettyRequestSender - Using open Channel [id: 0xdc5cf258, L:/127.0.0.1:61214 - R:localhost/127.0.0.1:50284] for POST '/session/57233a0517477657dd5e2490670f407e/element/f7ae5a35-e88c-448a-a8cd-9c54bdda7c7d/click'
08:37:36.639 [AsyncHttpClient-1-10] DEBUG org.asynchttpclient.netty.handler.HttpHandler - 

Request DefaultHttpRequest(decodeResult: success, version: HTTP/1.1)
POST /session/57233a0517477657dd5e2490670f407e/element/f7ae5a35-e88c-448a-a8cd-9c54bdda7c7d/click HTTP/1.1
User-Agent: selenium/4.1.2 (java windows)
Content-Length: 50
Content-Type: application/json; charset=utf-8
host: localhost:50284
accept: */*

Response DefaultHttpResponse(decodeResult: success, version: HTTP/1.1)
HTTP/1.1 200 OK
Content-Type: application/json; charset=utf-8
cache-control: no-cache
content-length: 14

08:37:36.639 [AsyncHttpClient-1-10] DEBUG org.asynchttpclient.netty.channel.ChannelManager - Adding key: http://localhost:50284 for channel [id: 0xdc5cf258, L:/127.0.0.1:61214 - R:localhost/127.0.0.1:50284]
  &amp#27;[32mWhen &amp#27;[0m&amp#27;[32mi click beli on my product&amp#27;[0m      &amp#27;[90m# starter.stepdefinitions.transStep.iClickBeliOnMyProduct()&amp#27;[0m
08:37:36.645 [Forwarding screenshot on session 57233a0517477657dd5e2490670f407e to remote] DEBUG org.asynchttpclient.netty.request.NettyRequestSender - Using pooled Channel '[id: 0xdc5cf258, L:/127.0.0.1:61214 - R:localhost/127.0.0.1:50284]' for 'GET' to 'http://localhost:50284/session/57233a0517477657dd5e2490670f407e/screenshot'
08:37:36.645 [Forwarding screenshot on session 57233a0517477657dd5e2490670f407e to remote] DEBUG org.asynchttpclient.netty.request.NettyRequestSender - Using open Channel [id: 0xdc5cf258, L:/127.0.0.1:61214 - R:localhost/127.0.0.1:50284] for GET '/session/57233a0517477657dd5e2490670f407e/screenshot'
08:37:36.840 [AsyncHttpClient-1-10] DEBUG org.asynchttpclient.netty.handler.HttpHandler - 

Request DefaultFullHttpRequest(decodeResult: success, version: HTTP/1.1, content: EmptyByteBufBE)
GET /session/57233a0517477657dd5e2490670f407e/screenshot HTTP/1.1
User-Agent: selenium/4.1.2 (java windows)
Cache-Control: no-cache
Content-Type: application/json; charset=utf-8
host: localhost:50284
accept: */*

Response DefaultHttpResponse(decodeResult: success, version: HTTP/1.1)
HTTP/1.1 200 OK
Content-Type: application/json; charset=utf-8
cache-control: no-cache
content-length: 77240

08:37:36.841 [AsyncHttpClient-1-10] DEBUG org.asynchttpclient.netty.channel.ChannelManager - Adding key: http://localhost:50284 for channel [id: 0xdc5cf258, L:/127.0.0.1:61214 - R:localhost/127.0.0.1:50284]
08:37:36.843 [main] DEBUG net.serenitybdd.core.photography.Darkroom - Send negative for processing for target\site\serenity\0737960598ef050e52063545682d42b99235319e79aea87bf1e85ad702e1f561.png
08:37:36.844 [Darkroom Processing Line] DEBUG net.serenitybdd.core.photography.DarkroomProcessingLine - Processing screenshot image in /var/screenshots/screenshot-6712674852892359837
08:37:36.844 [Darkroom Processing Line] DEBUG net.serenitybdd.core.photography.DarkroomProcessingLine - Saving screenshot to target\site\serenity\0737960598ef050e52063545682d42b99235319e79aea87bf1e85ad702e1f561.png
08:37:36.852 [Forwarding findElement on session 57233a0517477657dd5e2490670f407e to remote] DEBUG org.asynchttpclient.netty.request.NettyRequestSender - Using pooled Channel '[id: 0xdc5cf258, L:/127.0.0.1:61214 - R:localhost/127.0.0.1:50284]' for 'POST' to 'http://localhost:50284/session/57233a0517477657dd5e2490670f407e/element'
08:37:36.852 [Forwarding findElement on session 57233a0517477657dd5e2490670f407e to remote] DEBUG org.asynchttpclient.netty.request.NettyRequestSender - Using open Channel [id: 0xdc5cf258, L:/127.0.0.1:61214 - R:localhost/127.0.0.1:50284] for POST '/session/57233a0517477657dd5e2490670f407e/element'
08:37:36.873 [AsyncHttpClient-1-10] DEBUG org.asynchttpclient.netty.handler.HttpHandler - 

Request DefaultHttpRequest(decodeResult: success, version: HTTP/1.1)
POST /session/57233a0517477657dd5e2490670f407e/element HTTP/1.1
User-Agent: selenium/4.1.2 (java windows)
Content-Length: 265
Content-Type: application/json; charset=utf-8
host: localhost:50284
accept: */*

Response DefaultHttpResponse(decodeResult: success, version: HTTP/1.1)
HTTP/1.1 200 OK
Content-Type: application/json; charset=utf-8
cache-control: no-cache
content-length: 88

08:37:36.873 [AsyncHttpClient-1-10] DEBUG org.asynchttpclient.netty.channel.ChannelManager - Adding key: http://localhost:50284 for channel [id: 0xdc5cf258, L:/127.0.0.1:61214 - R:localhost/127.0.0.1:50284]
08:37:36.874 [Forwarding getElementTagName on session 57233a0517477657dd5e2490670f407e to remote] DEBUG org.asynchttpclient.netty.request.NettyRequestSender - Using pooled Channel '[id: 0xdc5cf258, L:/127.0.0.1:61214 - R:localhost/127.0.0.1:50284]' for 'GET' to 'http://localhost:50284/session/57233a0517477657dd5e2490670f407e/element/c2c66b32-aa51-451c-a931-63a7ab0b7f61/name'
08:37:36.874 [Forwarding getElementTagName on session 57233a0517477657dd5e2490670f407e to remote] DEBUG org.asynchttpclient.netty.request.NettyRequestSender - Using open Channel [id: 0xdc5cf258, L:/127.0.0.1:61214 - R:localhost/127.0.0.1:50284] for GET '/session/57233a0517477657dd5e2490670f407e/element/c2c66b32-aa51-451c-a931-63a7ab0b7f61/name'
08:37:36.879 [AsyncHttpClient-1-10] DEBUG org.asynchttpclient.netty.handler.HttpHandler - 

Request DefaultFullHttpRequest(decodeResult: success, version: HTTP/1.1, content: EmptyByteBufBE)
GET /session/57233a0517477657dd5e2490670f407e/element/c2c66b32-aa51-451c-a931-63a7ab0b7f61/name HTTP/1.1
User-Agent: selenium/4.1.2 (java windows)
Cache-Control: no-cache
Content-Type: application/json; charset=utf-8
host: localhost:50284
accept: */*

Response DefaultHttpResponse(decodeResult: success, version: HTTP/1.1)
HTTP/1.1 200 OK
Content-Type: application/json; charset=utf-8
cache-control: no-cache
content-length: 13

08:37:36.879 [AsyncHttpClient-1-10] DEBUG org.asynchttpclient.netty.channel.ChannelManager - Adding key: http://localhost:50284 for channel [id: 0xdc5cf258, L:/127.0.0.1:61214 - R:localhost/127.0.0.1:50284]
08:37:36.880 [Forwarding getElementTagName on session 57233a0517477657dd5e2490670f407e to remote] DEBUG org.asynchttpclient.netty.request.NettyRequestSender - Using pooled Channel '[id: 0xdc5cf258, L:/127.0.0.1:61214 - R:localhost/127.0.0.1:50284]' for 'GET' to 'http://localhost:50284/session/57233a0517477657dd5e2490670f407e/element/c2c66b32-aa51-451c-a931-63a7ab0b7f61/name'
08:37:36.881 [Forwarding getElementTagName on session 57233a0517477657dd5e2490670f407e to remote] DEBUG org.asynchttpclient.netty.request.NettyRequestSender - Using open Channel [id: 0xdc5cf258, L:/127.0.0.1:61214 - R:localhost/127.0.0.1:50284] for GET '/session/57233a0517477657dd5e2490670f407e/element/c2c66b32-aa51-451c-a931-63a7ab0b7f61/name'
08:37:36.885 [AsyncHttpClient-1-10] DEBUG org.asynchttpclient.netty.handler.HttpHandler - 

Request DefaultFullHttpRequest(decodeResult: success, version: HTTP/1.1, content: EmptyByteBufBE)
GET /session/57233a0517477657dd5e2490670f407e/element/c2c66b32-aa51-451c-a931-63a7ab0b7f61/name HTTP/1.1
User-Agent: selenium/4.1.2 (java windows)
Cache-Control: no-cache
Content-Type: application/json; charset=utf-8
host: localhost:50284
accept: */*

Response DefaultHttpResponse(decodeResult: success, version: HTTP/1.1)
HTTP/1.1 200 OK
Content-Type: application/json; charset=utf-8
cache-control: no-cache
content-length: 13

08:37:36.885 [AsyncHttpClient-1-10] DEBUG org.asynchttpclient.netty.channel.ChannelManager - Adding key: http://localhost:50284 for channel [id: 0xdc5cf258, L:/127.0.0.1:61214 - R:localhost/127.0.0.1:50284]
08:37:36.886 [Forwarding findElement on session 57233a0517477657dd5e2490670f407e to remote] DEBUG org.asynchttpclient.netty.request.NettyRequestSender - Using pooled Channel '[id: 0xdc5cf258, L:/127.0.0.1:61214 - R:localhost/127.0.0.1:50284]' for 'POST' to 'http://localhost:50284/session/57233a0517477657dd5e2490670f407e/element'
08:37:36.886 [Forwarding findElement on session 57233a0517477657dd5e2490670f407e to remote] DEBUG org.asynchttpclient.netty.request.NettyRequestSender - Using open Channel [id: 0xdc5cf258, L:/127.0.0.1:61214 - R:localhost/127.0.0.1:50284] for POST '/session/57233a0517477657dd5e2490670f407e/element'
08:37:36.901 [AsyncHttpClient-1-10] DEBUG org.asynchttpclient.netty.handler.HttpHandler - 

Request DefaultHttpRequest(decodeResult: success, version: HTTP/1.1)
POST /session/57233a0517477657dd5e2490670f407e/element HTTP/1.1
User-Agent: selenium/4.1.2 (java windows)
Content-Length: 265
Content-Type: application/json; charset=utf-8
host: localhost:50284
accept: */*

Response DefaultHttpResponse(decodeResult: success, version: HTTP/1.1)
HTTP/1.1 200 OK
Content-Type: application/json; charset=utf-8
cache-control: no-cache
content-length: 88

08:37:36.901 [AsyncHttpClient-1-10] DEBUG org.asynchttpclient.netty.channel.ChannelManager - Adding key: http://localhost:50284 for channel [id: 0xdc5cf258, L:/127.0.0.1:61214 - R:localhost/127.0.0.1:50284]
08:37:36.902 [Forwarding clickElement on session 57233a0517477657dd5e2490670f407e to remote] DEBUG org.asynchttpclient.netty.request.NettyRequestSender - Using pooled Channel '[id: 0xdc5cf258, L:/127.0.0.1:61214 - R:localhost/127.0.0.1:50284]' for 'POST' to 'http://localhost:50284/session/57233a0517477657dd5e2490670f407e/element/c2c66b32-aa51-451c-a931-63a7ab0b7f61/click'
08:37:36.902 [Forwarding clickElement on session 57233a0517477657dd5e2490670f407e to remote] DEBUG org.asynchttpclient.netty.request.NettyRequestSender - Using open Channel [id: 0xdc5cf258, L:/127.0.0.1:61214 - R:localhost/127.0.0.1:50284] for POST '/session/57233a0517477657dd5e2490670f407e/element/c2c66b32-aa51-451c-a931-63a7ab0b7f61/click'
08:37:36.956 [AsyncHttpClient-1-10] DEBUG org.asynchttpclient.netty.handler.HttpHandler - 

Request DefaultHttpRequest(decodeResult: success, version: HTTP/1.1)
POST /session/57233a0517477657dd5e2490670f407e/element/c2c66b32-aa51-451c-a931-63a7ab0b7f61/click HTTP/1.1
User-Agent: selenium/4.1.2 (java windows)
Content-Length: 50
Content-Type: application/json; charset=utf-8
host: localhost:50284
accept: */*

Response DefaultHttpResponse(decodeResult: success, version: HTTP/1.1)
HTTP/1.1 200 OK
Content-Type: application/json; charset=utf-8
cache-control: no-cache
content-length: 14

08:37:36.956 [AsyncHttpClient-1-10] DEBUG org.asynchttpclient.netty.channel.ChannelManager - Adding key: http://localhost:50284 for channel [id: 0xdc5cf258, L:/127.0.0.1:61214 - R:localhost/127.0.0.1:50284]
  &amp#27;[32mAnd &amp#27;[0m&amp#27;[32mi click cart&amp#27;[0m                     &amp#27;[90m# starter.stepdefinitions.transStep.iClickCart()&amp#27;[0m
08:37:36.964 [Forwarding screenshot on session 57233a0517477657dd5e2490670f407e to remote] DEBUG org.asynchttpclient.netty.request.NettyRequestSender - Using pooled Channel '[id: 0xdc5cf258, L:/127.0.0.1:61214 - R:localhost/127.0.0.1:50284]' for 'GET' to 'http://localhost:50284/session/57233a0517477657dd5e2490670f407e/screenshot'
08:37:36.964 [Forwarding screenshot on session 57233a0517477657dd5e2490670f407e to remote] DEBUG org.asynchttpclient.netty.request.NettyRequestSender - Using open Channel [id: 0xdc5cf258, L:/127.0.0.1:61214 - R:localhost/127.0.0.1:50284] for GET '/session/57233a0517477657dd5e2490670f407e/screenshot'
08:37:37.243 [AsyncHttpClient-1-10] DEBUG org.asynchttpclient.netty.handler.HttpHandler - 

Request DefaultFullHttpRequest(decodeResult: success, version: HTTP/1.1, content: EmptyByteBufBE)
GET /session/57233a0517477657dd5e2490670f407e/screenshot HTTP/1.1
User-Agent: selenium/4.1.2 (java windows)
Cache-Control: no-cache
Content-Type: application/json; charset=utf-8
host: localhost:50284
accept: */*

Response DefaultHttpResponse(decodeResult: success, version: HTTP/1.1)
HTTP/1.1 200 OK
Content-Type: application/json; charset=utf-8
cache-control: no-cache
content-length: 49988

08:37:37.244 [AsyncHttpClient-1-10] DEBUG org.asynchttpclient.netty.channel.ChannelManager - Adding key: http://localhost:50284 for channel [id: 0xdc5cf258, L:/127.0.0.1:61214 - R:localhost/127.0.0.1:50284]
08:37:37.245 [main] DEBUG net.serenitybdd.core.photography.Darkroom - Send negative for processing for target\site\serenity\67b239ffd9da37867f7d96b3baeea69ddb22d623c163e16a7d55d9ab8580f78d.png
08:37:37.246 [Darkroom Processing Line] DEBUG net.serenitybdd.core.photography.DarkroomProcessingLine - Processing screenshot image in /var/screenshots/screenshot-8513734186640246572
08:37:37.246 [Darkroom Processing Line] DEBUG net.serenitybdd.core.photography.DarkroomProcessingLine - Saving screenshot to target\site\serenity\67b239ffd9da37867f7d96b3baeea69ddb22d623c163e16a7d55d9ab8580f78d.png
08:37:37.251 [Forwarding findElement on session 57233a0517477657dd5e2490670f407e to remote] DEBUG org.asynchttpclient.netty.request.NettyRequestSender - Using pooled Channel '[id: 0xdc5cf258, L:/127.0.0.1:61214 - R:localhost/127.0.0.1:50284]' for 'POST' to 'http://localhost:50284/session/57233a0517477657dd5e2490670f407e/element'
08:37:37.251 [Forwarding findElement on session 57233a0517477657dd5e2490670f407e to remote] DEBUG org.asynchttpclient.netty.request.NettyRequestSender - Using open Channel [id: 0xdc5cf258, L:/127.0.0.1:61214 - R:localhost/127.0.0.1:50284] for POST '/session/57233a0517477657dd5e2490670f407e/element'
08:37:37.266 [AsyncHttpClient-1-10] DEBUG org.asynchttpclient.netty.handler.HttpHandler - 

Request DefaultHttpRequest(decodeResult: success, version: HTTP/1.1)
POST /session/57233a0517477657dd5e2490670f407e/element HTTP/1.1
User-Agent: selenium/4.1.2 (java windows)
Content-Length: 74
Content-Type: application/json; charset=utf-8
host: localhost:50284
accept: */*

Response DefaultHttpResponse(decodeResult: success, version: HTTP/1.1)
HTTP/1.1 200 OK
Content-Type: application/json; charset=utf-8
cache-control: no-cache
content-length: 88

08:37:37.266 [AsyncHttpClient-1-10] DEBUG org.asynchttpclient.netty.channel.ChannelManager - Adding key: http://localhost:50284 for channel [id: 0xdc5cf258, L:/127.0.0.1:61214 - R:localhost/127.0.0.1:50284]
08:37:37.267 [Forwarding getElementTagName on session 57233a0517477657dd5e2490670f407e to remote] DEBUG org.asynchttpclient.netty.request.NettyRequestSender - Using pooled Channel '[id: 0xdc5cf258, L:/127.0.0.1:61214 - R:localhost/127.0.0.1:50284]' for 'GET' to 'http://localhost:50284/session/57233a0517477657dd5e2490670f407e/element/757e3681-7f9f-4e40-a145-b5859667a58f/name'
08:37:37.267 [Forwarding getElementTagName on session 57233a0517477657dd5e2490670f407e to remote] DEBUG org.asynchttpclient.netty.request.NettyRequestSender - Using open Channel [id: 0xdc5cf258, L:/127.0.0.1:61214 - R:localhost/127.0.0.1:50284] for GET '/session/57233a0517477657dd5e2490670f407e/element/757e3681-7f9f-4e40-a145-b5859667a58f/name'
08:37:37.271 [AsyncHttpClient-1-10] DEBUG org.asynchttpclient.netty.handler.HttpHandler - 

Request DefaultFullHttpRequest(decodeResult: success, version: HTTP/1.1, content: EmptyByteBufBE)
GET /session/57233a0517477657dd5e2490670f407e/element/757e3681-7f9f-4e40-a145-b5859667a58f/name HTTP/1.1
User-Agent: selenium/4.1.2 (java windows)
Cache-Control: no-cache
Content-Type: application/json; charset=utf-8
host: localhost:50284
accept: */*

Response DefaultHttpResponse(decodeResult: success, version: HTTP/1.1)
HTTP/1.1 200 OK
Content-Type: application/json; charset=utf-8
cache-control: no-cache
content-length: 18

08:37:37.271 [AsyncHttpClient-1-10] DEBUG org.asynchttpclient.netty.channel.ChannelManager - Adding key: http://localhost:50284 for channel [id: 0xdc5cf258, L:/127.0.0.1:61214 - R:localhost/127.0.0.1:50284]
08:37:37.272 [Forwarding getElementTagName on session 57233a0517477657dd5e2490670f407e to remote] DEBUG org.asynchttpclient.netty.request.NettyRequestSender - Using pooled Channel '[id: 0xdc5cf258, L:/127.0.0.1:61214 - R:localhost/127.0.0.1:50284]' for 'GET' to 'http://localhost:50284/session/57233a0517477657dd5e2490670f407e/element/757e3681-7f9f-4e40-a145-b5859667a58f/name'
08:37:37.272 [Forwarding getElementTagName on session 57233a0517477657dd5e2490670f407e to remote] DEBUG org.asynchttpclient.netty.request.NettyRequestSender - Using open Channel [id: 0xdc5cf258, L:/127.0.0.1:61214 - R:localhost/127.0.0.1:50284] for GET '/session/57233a0517477657dd5e2490670f407e/element/757e3681-7f9f-4e40-a145-b5859667a58f/name'
08:37:37.275 [AsyncHttpClient-1-10] DEBUG org.asynchttpclient.netty.handler.HttpHandler - 

Request DefaultFullHttpRequest(decodeResult: success, version: HTTP/1.1, content: EmptyByteBufBE)
GET /session/57233a0517477657dd5e2490670f407e/element/757e3681-7f9f-4e40-a145-b5859667a58f/name HTTP/1.1
User-Agent: selenium/4.1.2 (java windows)
Cache-Control: no-cache
Content-Type: application/json; charset=utf-8
host: localhost:50284
accept: */*

Response DefaultHttpResponse(decodeResult: success, version: HTTP/1.1)
HTTP/1.1 200 OK
Content-Type: application/json; charset=utf-8
cache-control: no-cache
content-length: 18

08:37:37.275 [AsyncHttpClient-1-10] DEBUG org.asynchttpclient.netty.channel.ChannelManager - Adding key: http://localhost:50284 for channel [id: 0xdc5cf258, L:/127.0.0.1:61214 - R:localhost/127.0.0.1:50284]
08:37:37.277 [Forwarding isElementEnabled on session 57233a0517477657dd5e2490670f407e to remote] DEBUG org.asynchttpclient.netty.request.NettyRequestSender - Using pooled Channel '[id: 0xdc5cf258, L:/127.0.0.1:61214 - R:localhost/127.0.0.1:50284]' for 'GET' to 'http://localhost:50284/session/57233a0517477657dd5e2490670f407e/element/757e3681-7f9f-4e40-a145-b5859667a58f/enabled'
08:37:37.277 [Forwarding isElementEnabled on session 57233a0517477657dd5e2490670f407e to remote] DEBUG org.asynchttpclient.netty.request.NettyRequestSender - Using open Channel [id: 0xdc5cf258, L:/127.0.0.1:61214 - R:localhost/127.0.0.1:50284] for GET '/session/57233a0517477657dd5e2490670f407e/element/757e3681-7f9f-4e40-a145-b5859667a58f/enabled'
08:37:37.287 [AsyncHttpClient-1-10] DEBUG org.asynchttpclient.netty.handler.HttpHandler - 

Request DefaultFullHttpRequest(decodeResult: success, version: HTTP/1.1, content: EmptyByteBufBE)
GET /session/57233a0517477657dd5e2490670f407e/element/757e3681-7f9f-4e40-a145-b5859667a58f/enabled HTTP/1.1
User-Agent: selenium/4.1.2 (java windows)
Cache-Control: no-cache
Content-Type: application/json; charset=utf-8
host: localhost:50284
accept: */*

Response DefaultHttpResponse(decodeResult: success, version: HTTP/1.1)
HTTP/1.1 200 OK
Content-Type: application/json; charset=utf-8
cache-control: no-cache
content-length: 14

08:37:37.287 [AsyncHttpClient-1-10] DEBUG org.asynchttpclient.netty.channel.ChannelManager - Adding key: http://localhost:50284 for channel [id: 0xdc5cf258, L:/127.0.0.1:61214 - R:localhost/127.0.0.1:50284]
08:37:37.288 [Forwarding isElementEnabled on session 57233a0517477657dd5e2490670f407e to remote] DEBUG org.asynchttpclient.netty.request.NettyRequestSender - Using pooled Channel '[id: 0xdc5cf258, L:/127.0.0.1:61214 - R:localhost/127.0.0.1:50284]' for 'GET' to 'http://localhost:50284/session/57233a0517477657dd5e2490670f407e/element/757e3681-7f9f-4e40-a145-b5859667a58f/enabled'
08:37:37.288 [Forwarding isElementEnabled on session 57233a0517477657dd5e2490670f407e to remote] DEBUG org.asynchttpclient.netty.request.NettyRequestSender - Using open Channel [id: 0xdc5cf258, L:/127.0.0.1:61214 - R:localhost/127.0.0.1:50284] for GET '/session/57233a0517477657dd5e2490670f407e/element/757e3681-7f9f-4e40-a145-b5859667a58f/enabled'
08:37:37.293 [AsyncHttpClient-1-10] DEBUG org.asynchttpclient.netty.handler.HttpHandler - 

Request DefaultFullHttpRequest(decodeResult: success, version: HTTP/1.1, content: EmptyByteBufBE)
GET /session/57233a0517477657dd5e2490670f407e/element/757e3681-7f9f-4e40-a145-b5859667a58f/enabled HTTP/1.1
User-Agent: selenium/4.1.2 (java windows)
Cache-Control: no-cache
Content-Type: application/json; charset=utf-8
host: localhost:50284
accept: */*

Response DefaultHttpResponse(decodeResult: success, version: HTTP/1.1)
HTTP/1.1 200 OK
Content-Type: application/json; charset=utf-8
cache-control: no-cache
content-length: 14

08:37:37.293 [AsyncHttpClient-1-10] DEBUG org.asynchttpclient.netty.channel.ChannelManager - Adding key: http://localhost:50284 for channel [id: 0xdc5cf258, L:/127.0.0.1:61214 - R:localhost/127.0.0.1:50284]
08:37:37.295 [Forwarding findElement on session 57233a0517477657dd5e2490670f407e to remote] DEBUG org.asynchttpclient.netty.request.NettyRequestSender - Using pooled Channel '[id: 0xdc5cf258, L:/127.0.0.1:61214 - R:localhost/127.0.0.1:50284]' for 'POST' to 'http://localhost:50284/session/57233a0517477657dd5e2490670f407e/element'
08:37:37.295 [Forwarding findElement on session 57233a0517477657dd5e2490670f407e to remote] DEBUG org.asynchttpclient.netty.request.NettyRequestSender - Using open Channel [id: 0xdc5cf258, L:/127.0.0.1:61214 - R:localhost/127.0.0.1:50284] for POST '/session/57233a0517477657dd5e2490670f407e/element'
08:37:37.302 [AsyncHttpClient-1-10] DEBUG org.asynchttpclient.netty.handler.HttpHandler - 

Request DefaultHttpRequest(decodeResult: success, version: HTTP/1.1)
POST /session/57233a0517477657dd5e2490670f407e/element HTTP/1.1
User-Agent: selenium/4.1.2 (java windows)
Content-Length: 74
Content-Type: application/json; charset=utf-8
host: localhost:50284
accept: */*

Response DefaultHttpResponse(decodeResult: success, version: HTTP/1.1)
HTTP/1.1 200 OK
Content-Type: application/json; charset=utf-8
cache-control: no-cache
content-length: 88

08:37:37.302 [AsyncHttpClient-1-10] DEBUG org.asynchttpclient.netty.channel.ChannelManager - Adding key: http://localhost:50284 for channel [id: 0xdc5cf258, L:/127.0.0.1:61214 - R:localhost/127.0.0.1:50284]
08:37:37.303 [Forwarding clickElement on session 57233a0517477657dd5e2490670f407e to remote] DEBUG org.asynchttpclient.netty.request.NettyRequestSender - Using pooled Channel '[id: 0xdc5cf258, L:/127.0.0.1:61214 - R:localhost/127.0.0.1:50284]' for 'POST' to 'http://localhost:50284/session/57233a0517477657dd5e2490670f407e/element/757e3681-7f9f-4e40-a145-b5859667a58f/click'
08:37:37.303 [Forwarding clickElement on session 57233a0517477657dd5e2490670f407e to remote] DEBUG org.asynchttpclient.netty.request.NettyRequestSender - Using open Channel [id: 0xdc5cf258, L:/127.0.0.1:61214 - R:localhost/127.0.0.1:50284] for POST '/session/57233a0517477657dd5e2490670f407e/element/757e3681-7f9f-4e40-a145-b5859667a58f/click'
08:37:37.339 [AsyncHttpClient-1-10] DEBUG org.asynchttpclient.netty.handler.HttpHandler - 

Request DefaultHttpRequest(decodeResult: success, version: HTTP/1.1)
POST /session/57233a0517477657dd5e2490670f407e/element/757e3681-7f9f-4e40-a145-b5859667a58f/click HTTP/1.1
User-Agent: selenium/4.1.2 (java windows)
Content-Length: 50
Content-Type: application/json; charset=utf-8
host: localhost:50284
accept: */*

Response DefaultHttpResponse(decodeResult: success, version: HTTP/1.1)
HTTP/1.1 200 OK
Content-Type: application/json; charset=utf-8
cache-control: no-cache
content-length: 14

08:37:37.339 [AsyncHttpClient-1-10] DEBUG org.asynchttpclient.netty.channel.ChannelManager - Adding key: http://localhost:50284 for channel [id: 0xdc5cf258, L:/127.0.0.1:61214 - R:localhost/127.0.0.1:50284]
  &amp#27;[32mAnd &amp#27;[0m&amp#27;[32mi click bayar button&amp#27;[0m             &amp#27;[90m# starter.stepdefinitions.transStep.iClickBayarButton()&amp#27;[0m
08:37:37.345 [Forwarding screenshot on session 57233a0517477657dd5e2490670f407e to remote] DEBUG org.asynchttpclient.netty.request.NettyRequestSender - Using pooled Channel '[id: 0xdc5cf258, L:/127.0.0.1:61214 - R:localhost/127.0.0.1:50284]' for 'GET' to 'http://localhost:50284/session/57233a0517477657dd5e2490670f407e/screenshot'
08:37:37.345 [Forwarding screenshot on session 57233a0517477657dd5e2490670f407e to remote] DEBUG org.asynchttpclient.netty.request.NettyRequestSender - Using open Channel [id: 0xdc5cf258, L:/127.0.0.1:61214 - R:localhost/127.0.0.1:50284] for GET '/session/57233a0517477657dd5e2490670f407e/screenshot'
08:37:37.532 [AsyncHttpClient-1-1] DEBUG org.asynchttpclient.netty.channel.DefaultChannelPool - Entry count for : http://localhost:61215 : 1
08:37:37.823 [AsyncHttpClient-1-10] DEBUG org.asynchttpclient.netty.handler.HttpHandler - 

Request DefaultFullHttpRequest(decodeResult: success, version: HTTP/1.1, content: EmptyByteBufBE)
GET /session/57233a0517477657dd5e2490670f407e/screenshot HTTP/1.1
User-Agent: selenium/4.1.2 (java windows)
Cache-Control: no-cache
Content-Type: application/json; charset=utf-8
host: localhost:50284
accept: */*

Response DefaultHttpResponse(decodeResult: success, version: HTTP/1.1)
HTTP/1.1 200 OK
Content-Type: application/json; charset=utf-8
cache-control: no-cache
content-length: 46468

08:37:37.823 [AsyncHttpClient-1-10] DEBUG org.asynchttpclient.netty.channel.ChannelManager - Adding key: http://localhost:50284 for channel [id: 0xdc5cf258, L:/127.0.0.1:61214 - R:localhost/127.0.0.1:50284]
08:37:37.825 [main] DEBUG net.serenitybdd.core.photography.Darkroom - Send negative for processing for target\site\serenity\c5070b04112b450cda40d40cecc89420f7355048e4143557b422ee598ea7f7c8.png
08:37:37.825 [Darkroom Processing Line] DEBUG net.serenitybdd.core.photography.DarkroomProcessingLine - Processing screenshot image in /var/screenshots/screenshot-11037366536200179756
08:37:37.825 [Darkroom Processing Line] DEBUG net.serenitybdd.core.photography.DarkroomProcessingLine - Saving screenshot to target\site\serenity\c5070b04112b450cda40d40cecc89420f7355048e4143557b422ee598ea7f7c8.png
08:37:37.830 [Forwarding findElement on session 57233a0517477657dd5e2490670f407e to remote] DEBUG org.asynchttpclient.netty.request.NettyRequestSender - Using pooled Channel '[id: 0xdc5cf258, L:/127.0.0.1:61214 - R:localhost/127.0.0.1:50284]' for 'POST' to 'http://localhost:50284/session/57233a0517477657dd5e2490670f407e/element'
08:37:37.830 [Forwarding findElement on session 57233a0517477657dd5e2490670f407e to remote] DEBUG org.asynchttpclient.netty.request.NettyRequestSender - Using open Channel [id: 0xdc5cf258, L:/127.0.0.1:61214 - R:localhost/127.0.0.1:50284] for POST '/session/57233a0517477657dd5e2490670f407e/element'
08:37:37.842 [AsyncHttpClient-1-10] DEBUG org.asynchttpclient.netty.handler.HttpHandler - 

Request DefaultHttpRequest(decodeResult: success, version: HTTP/1.1)
POST /session/57233a0517477657dd5e2490670f407e/element HTTP/1.1
User-Agent: selenium/4.1.2 (java windows)
Content-Length: 108
Content-Type: application/json; charset=utf-8
host: localhost:50284
accept: */*

Response DefaultHttpResponse(decodeResult: success, version: HTTP/1.1)
HTTP/1.1 200 OK
Content-Type: application/json; charset=utf-8
cache-control: no-cache
content-length: 88

08:37:37.842 [AsyncHttpClient-1-10] DEBUG org.asynchttpclient.netty.channel.ChannelManager - Adding key: http://localhost:50284 for channel [id: 0xdc5cf258, L:/127.0.0.1:61214 - R:localhost/127.0.0.1:50284]
08:37:37.844 [Forwarding isElementDisplayed on session 57233a0517477657dd5e2490670f407e to remote] DEBUG org.asynchttpclient.netty.request.NettyRequestSender - Using pooled Channel '[id: 0xdc5cf258, L:/127.0.0.1:61214 - R:localhost/127.0.0.1:50284]' for 'POST' to 'http://localhost:50284/session/57233a0517477657dd5e2490670f407e/execute/sync'
08:37:37.844 [Forwarding isElementDisplayed on session 57233a0517477657dd5e2490670f407e to remote] DEBUG org.asynchttpclient.netty.request.NettyRequestSender - Using open Channel [id: 0xdc5cf258, L:/127.0.0.1:61214 - R:localhost/127.0.0.1:50284] for POST '/session/57233a0517477657dd5e2490670f407e/execute/sync'
08:37:37.859 [AsyncHttpClient-1-10] DEBUG org.asynchttpclient.netty.handler.HttpHandler - 

Request DefaultHttpRequest(decodeResult: success, version: HTTP/1.1)
POST /session/57233a0517477657dd5e2490670f407e/execute/sync HTTP/1.1
User-Agent: selenium/4.1.2 (java windows)
Content-Length: 48780
Content-Type: application/json; charset=utf-8
host: localhost:50284
accept: */*

Response DefaultHttpResponse(decodeResult: success, version: HTTP/1.1)
HTTP/1.1 200 OK
Content-Type: application/json; charset=utf-8
cache-control: no-cache
content-length: 14

08:37:37.859 [AsyncHttpClient-1-10] DEBUG org.asynchttpclient.netty.channel.ChannelManager - Adding key: http://localhost:50284 for channel [id: 0xdc5cf258, L:/127.0.0.1:61214 - R:localhost/127.0.0.1:50284]
  &amp#27;[32mThen &amp#27;[0m&amp#27;[32mi get my product that i pay&amp#27;[0m     &amp#27;[90m# starter.stepdefinitions.transStep.iGetMyProductThatIPay()&amp#27;[0m
08:37:37.865 [main] INFO  - 
  _____   ___   ___   _____     ___     _     ___   ___   ___   ___  
 |_   _| | __| / __| |_   _|   | _ \   /_\   / __| / __| | __| |   \ 
   | |   | _|  \__ \   | |     |  _/  / _ \  \__ \ \__ \ | _|  | |) |
   |_|   |___| |___/   |_|     |_|   /_/ \_\ |___/ |___/ |___| |___/ 

buy product with login first
----------------------------------------------------------------------
08:37:37.866 [AsyncHttpClient-1-12] DEBUG org.asynchttpclient.netty.handler.WebSocketHandler - Channel Closed: [id: 0x621be0c4, L:/127.0.0.1:61223 ! R:localhost/127.0.0.1:61215] with attribute NettyResponseFuture{currentRetry=5,
	isDone=1,
	isCancelled=0,
	asyncHandler=org.asynchttpclient.ws.WebSocketUpgradeHandler@b754d54,
	nettyRequest=org.asynchttpclient.netty.request.NettyRequest@4d50af81,
	future=java.util.concurrent.CompletableFuture@765ea736[Completed normally],
	uri=ws://localhost:61215/devtools/browser/1f4f1dde-2a53-448e-809a-c8afbfd24e97,
	keepAlive=true,
	redirectCount=0,
	timeoutsHolder=null,
	inAuth=0,
	touch=1652837850232}
08:37:37.866 [AsyncHttpClient-1-12] DEBUG org.asynchttpclient.netty.channel.ChannelManager - Closing Channel [id: 0x621be0c4, L:/127.0.0.1:61223 ! R:localhost/127.0.0.1:61215] 
08:37:37.866 [Driver Command Executor] DEBUG org.asynchttpclient.netty.request.NettyRequestSender - Using pooled Channel '[id: 0xdc5cf258, L:/127.0.0.1:61214 - R:localhost/127.0.0.1:50284]' for 'DELETE' to 'http://localhost:50284/session/57233a0517477657dd5e2490670f407e'
08:37:37.866 [Driver Command Executor] DEBUG org.asynchttpclient.netty.request.NettyRequestSender - Using open Channel [id: 0xdc5cf258, L:/127.0.0.1:61214 - R:localhost/127.0.0.1:50284] for DELETE '/session/57233a0517477657dd5e2490670f407e'
08:37:37.890 [AsyncHttpClient-1-11] DEBUG org.asynchttpclient.netty.handler.HttpHandler - Unexpected I/O exception on channel [id: 0x532d07ac, L:/127.0.0.1:61222 - R:localhost/127.0.0.1:61215]
java.net.SocketException: Connection reset
	at java.base/sun.nio.ch.SocketChannelImpl.throwConnectionReset(SocketChannelImpl.java:367)
	at java.base/sun.nio.ch.SocketChannelImpl.read(SocketChannelImpl.java:398)
	at io.netty.buffer.PooledByteBuf.setBytes(PooledByteBuf.java:258)
	at io.netty.buffer.AbstractByteBuf.writeBytes(AbstractByteBuf.java:1132)
	at io.netty.channel.socket.nio.NioSocketChannel.doReadBytes(NioSocketChannel.java:350)
	at io.netty.channel.nio.AbstractNioByteChannel$NioByteUnsafe.read(AbstractNioByteChannel.java:151)
	at io.netty.channel.nio.NioEventLoop.processSelectedKey(NioEventLoop.java:722)
	at io.netty.channel.nio.NioEventLoop.processSelectedKeysOptimized(NioEventLoop.java:658)
	at io.netty.channel.nio.NioEventLoop.processSelectedKeys(NioEventLoop.java:584)
	at io.netty.channel.nio.NioEventLoop.run(NioEventLoop.java:496)
	at io.netty.util.concurrent.SingleThreadEventExecutor$4.run(SingleThreadEventExecutor.java:986)
	at io.netty.util.internal.ThreadExecutorMap$2.run(ThreadExecutorMap.java:74)
	at io.netty.util.concurrent.FastThreadLocalRunnable.run(FastThreadLocalRunnable.java:30)
	at java.base/java.lang.Thread.run(Thread.java:832)
08:37:37.890 [AsyncHttpClient-1-11] DEBUG org.asynchttpclient.netty.channel.ChannelManager - Closing Channel [id: 0x532d07ac, L:/127.0.0.1:61222 - R:localhost/127.0.0.1:61215] 
08:37:37.891 [AsyncHttpClient-1-11] DEBUG org.asynchttpclient.netty.handler.HttpHandler - Channel Closed: [id: 0x532d07ac, L:/127.0.0.1:61222 ! R:localhost/127.0.0.1:61215] with attribute DISCARD
08:37:37.910 [AsyncHttpClient-1-10] DEBUG org.asynchttpclient.netty.handler.HttpHandler - 

Request DefaultFullHttpRequest(decodeResult: success, version: HTTP/1.1, content: EmptyByteBufBE)
DELETE /session/57233a0517477657dd5e2490670f407e HTTP/1.1
User-Agent: selenium/4.1.2 (java windows)
Content-Type: application/json; charset=utf-8
host: localhost:50284
accept: */*

Response DefaultHttpResponse(decodeResult: success, version: HTTP/1.1)
HTTP/1.1 200 OK
Content-Type: application/json; charset=utf-8
cache-control: no-cache
content-length: 14

08:37:37.910 [AsyncHttpClient-1-10] DEBUG org.asynchttpclient.netty.channel.ChannelManager - Adding key: http://localhost:50284 for channel [id: 0xdc5cf258, L:/127.0.0.1:61214 - R:localhost/127.0.0.1:50284]
08:37:38.029 [AsyncHttpClient-1-10] DEBUG org.asynchttpclient.netty.handler.HttpHandler - Channel Closed: [id: 0xdc5cf258, L:/127.0.0.1:61214 ! R:localhost/127.0.0.1:50284] with attribute DISCARD
]]></system-out>
    <system-err><![CDATA[Starting ChromeDriver 101.0.4951.41 (93c720db8323b3ec10d056025ab95c23a31997c9-refs/branch-heads/4951@{#904}) on port 50284
Only local connections are allowed.
Please see https://chromedriver.chromium.org/security-considerations for suggestions on keeping ChromeDriver safe.
ChromeDriver was started successfully.
May 18, 2022 8:37:30 AM org.openqa.selenium.remote.ProtocolHandshake createSession
INFO: Detected dialect: W3C
May 18, 2022 8:37:30 AM org.openqa.selenium.devtools.CdpVersionFinder findNearestMatch
WARNING: Unable to find an exact match for CDP version 101, so returning the closest version found: 97
May 18, 2022 8:37:30 AM org.openqa.selenium.devtools.CdpVersionFinder findNearestMatch
INFO: Found CDP implementation for version 101 of 97
]]></system-err>
  </testcase>
  <testcase name="buy product without login first" classname="transaction #2" time="9.202">
    <system-out><![CDATA[
@transwithoutLogin
Scenario: buy product without login first &amp#27;[90m# src/test/resources/features/transaction.feature:16&amp#27;[0m
08:37:38.558 [main] INFO io.cucumber.core.plugin.SerenityReporter - Running feature from file:///D:/PERKULIAHAN/Semester%206,Hebatt%20glad!/Altera/QE_Gladys-Cindana-Asri-Pardosi/Mini-Project/Web/src/test/resources/features/transaction.feature
08:37:38.560 [main] INFO  - 
  _____   ___   ___   _____     ___   _____     _     ___   _____   ___   ___  
 |_   _| | __| / __| |_   _|   / __| |_   _|   /_\   | _ \ |_   _| | __| |   \ 
   | |   | _|  \__ \   | |     \__ \   | |    / _ \  |   /   | |   | _|  | |) |
   |_|   |___| |___/   |_|     |___/   |_|   /_/ \_\ |_|_\   |_|   |___| |___/ 

buy product without login first(transaction;buy-product-without-login-first)
--------------------------------------------------------------------------------
08:37:38.566 [main] INFO net.serenitybdd.core.webdriver.driverproviders.ChromeDriverProvider - Using automatically driver download
08:37:38.631 [AsyncHttpClient-1-1] DEBUG org.asynchttpclient.netty.channel.DefaultChannelPool - Entry count for : http://localhost:50284 : 1
08:37:38.631 [AsyncHttpClient-1-1] DEBUG org.asynchttpclient.netty.channel.DefaultChannelPool - Entry count for : http://localhost:61215 : 1
08:37:38.631 [AsyncHttpClient-1-1] DEBUG org.asynchttpclient.netty.channel.DefaultChannelPool - Adding Candidate expired Channel [id: 0xdc5cf258, L:/127.0.0.1:61214 ! R:localhost/127.0.0.1:50284] isIdleTimeoutExpired=false isRemotelyClosed=true isTtlExpired=false
08:37:38.631 [AsyncHttpClient-1-1] DEBUG org.asynchttpclient.netty.channel.DefaultChannelPool - Closing Idle Channel [id: 0xdc5cf258, L:/127.0.0.1:61214 ! R:localhost/127.0.0.1:50284]
08:37:38.631 [AsyncHttpClient-1-1] DEBUG org.asynchttpclient.netty.channel.DefaultChannelPool - Adding Candidate expired Channel [id: 0x532d07ac, L:/127.0.0.1:61222 ! R:localhost/127.0.0.1:61215] isIdleTimeoutExpired=false isRemotelyClosed=true isTtlExpired=false
08:37:38.631 [AsyncHttpClient-1-1] DEBUG org.asynchttpclient.netty.channel.DefaultChannelPool - Closing Idle Channel [id: 0x532d07ac, L:/127.0.0.1:61222 ! R:localhost/127.0.0.1:61215]
08:37:38.631 [AsyncHttpClient-1-1] DEBUG org.asynchttpclient.netty.channel.DefaultChannelPool - Closed 2 connections out of 2 in 0 ms
08:37:38.676 [main] DEBUG io.github.bonigarcia.wdm.cache.ResolutionCache - Resolution chrome=101 in cache (valid until 09:23:35 18/05/2022 WIB)
08:37:38.680 [main] DEBUG io.github.bonigarcia.wdm.cache.ResolutionCache - Resolution chrome101=101.0.4951.41 in cache (valid until 18:48:44 18/05/2022 WIB)
08:37:38.682 [main] INFO io.github.bonigarcia.wdm.WebDriverManager - Using chromedriver 101.0.4951.41 (resolved driver for Chrome 101)
08:37:38.692 [main] DEBUG io.github.bonigarcia.wdm.WebDriverManager - Driver chromedriver 101.0.4951.41 found in cache
08:37:38.692 [main] INFO io.github.bonigarcia.wdm.WebDriverManager - Exporting webdriver.chrome.driver as C:\Users\ASUS\.cache\selenium\chromedriver\win32\101.0.4951.41\chromedriver.exe
08:37:38.810 [main] DEBUG net.serenitybdd.core.webdriver.driverproviders.ProvideNewDriver - Instantiating driver
08:37:38.810 [main] DEBUG net.serenitybdd.core.webdriver.driverproviders.ProvideNewDriver - Driver capabilities: Capabilities {acceptInsecureCerts: false, base.url: , browserName: chrome, goog:chromeOptions: {args: [], extensions: []}}
08:37:39.354 [AsyncHttpClient-1-13] DEBUG org.asynchttpclient.netty.channel.NettyConnectListener - Using new Channel '[id: 0x5302f37c, L:/127.0.0.1:61249 - R:localhost/127.0.0.1:64867]' for 'POST' to '/session'
08:37:40.005 [AsyncHttpClient-1-13] DEBUG org.asynchttpclient.netty.handler.HttpHandler - 

Request DefaultHttpRequest(decodeResult: success, version: HTTP/1.1)
POST /session HTTP/1.1
User-Agent: selenium/4.1.2 (java windows)
Content-Length: 457
Content-Type: application/json; charset=utf-8
host: localhost:64867
accept: */*

Response DefaultHttpResponse(decodeResult: success, version: HTTP/1.1)
HTTP/1.1 200 OK
Content-Type: application/json; charset=utf-8
cache-control: no-cache
content-length: 787

08:37:40.005 [AsyncHttpClient-1-13] DEBUG org.asynchttpclient.netty.channel.ChannelManager - Adding key: http://localhost:64867 for channel [id: 0x5302f37c, L:/127.0.0.1:61249 - R:localhost/127.0.0.1:64867]
08:37:40.012 [AsyncHttpClient-1-14] DEBUG org.asynchttpclient.netty.channel.NettyConnectListener - Using new Channel '[id: 0x37a50791, L:/127.0.0.1:61257 - R:localhost/127.0.0.1:61250]' for 'GET' to '/json/version'
08:37:40.013 [AsyncHttpClient-1-14] DEBUG org.asynchttpclient.netty.handler.HttpHandler - 

Request DefaultFullHttpRequest(decodeResult: success, version: HTTP/1.1, content: EmptyByteBufBE)
GET /json/version HTTP/1.1
User-Agent: selenium/4.1.2 (java windows)
host: localhost:61250
accept: */*

Response DefaultHttpResponse(decodeResult: success, version: HTTP/1.1)
HTTP/1.1 200 OK
Content-Type: application/json; charset=UTF-8
content-length: 427

08:37:40.013 [AsyncHttpClient-1-14] DEBUG org.asynchttpclient.netty.channel.ChannelManager - Adding key: http://localhost:61250 for channel [id: 0x37a50791, L:/127.0.0.1:61257 - R:localhost/127.0.0.1:61250]
08:37:40.015 [AsyncHttpClient-1-15] DEBUG org.asynchttpclient.netty.channel.NettyConnectListener - Using new Channel '[id: 0x20cd06f9, L:/127.0.0.1:61258 - R:localhost/127.0.0.1:61250]' for 'GET' to '/devtools/browser/6852c2a8-c58c-44c3-9032-e1a3a70545aa'
08:37:40.016 [AsyncHttpClient-1-15] DEBUG org.asynchttpclient.netty.handler.WebSocketHandler - 

Request DefaultFullHttpRequest(decodeResult: success, version: HTTP/1.1, content: EmptyByteBufBE)
GET /devtools/browser/6852c2a8-c58c-44c3-9032-e1a3a70545aa HTTP/1.1
upgrade: websocket
connection: upgrade
sec-websocket-key: EX5DgSUVpw0sAvwqn09L7Q==
sec-websocket-version: 13
origin: http://localhost:61250
host: localhost:61250
accept: */*
user-agent: AHC/2.1

Response DefaultHttpResponse(decodeResult: success, version: HTTP/1.1)
HTTP/1.1 101 WebSocket Protocol Handshake
Upgrade: WebSocket
Connection: Upgrade
Sec-WebSocket-Accept: uiwfB0y/eGKg3qgDRBPPhgpdU6w=

08:37:40.020 [Forwarding get on session 18b8c565a0484cf185fedbbf909f14a6 to remote] DEBUG org.asynchttpclient.netty.request.NettyRequestSender - Using pooled Channel '[id: 0x5302f37c, L:/127.0.0.1:61249 - R:localhost/127.0.0.1:64867]' for 'POST' to 'http://localhost:64867/session/18b8c565a0484cf185fedbbf909f14a6/url'
08:37:40.020 [Forwarding get on session 18b8c565a0484cf185fedbbf909f14a6 to remote] DEBUG org.asynchttpclient.netty.request.NettyRequestSender - Using open Channel [id: 0x5302f37c, L:/127.0.0.1:61249 - R:localhost/127.0.0.1:64867] for POST '/session/18b8c565a0484cf185fedbbf909f14a6/url'
08:37:40.829 [AsyncHttpClient-1-1] DEBUG org.asynchttpclient.netty.channel.DefaultChannelPool - Entry count for : http://localhost:61250 : 1
08:37:41.928 [AsyncHttpClient-1-1] DEBUG org.asynchttpclient.netty.channel.DefaultChannelPool - Entry count for : http://localhost:61250 : 1
08:37:43.028 [AsyncHttpClient-1-1] DEBUG org.asynchttpclient.netty.channel.DefaultChannelPool - Entry count for : http://localhost:61250 : 1
08:37:43.747 [AsyncHttpClient-1-13] DEBUG org.asynchttpclient.netty.handler.HttpHandler - 

Request DefaultHttpRequest(decodeResult: success, version: HTTP/1.1)
POST /session/18b8c565a0484cf185fedbbf909f14a6/url HTTP/1.1
User-Agent: selenium/4.1.2 (java windows)
Content-Length: 49
Content-Type: application/json; charset=utf-8
host: localhost:64867
accept: */*

Response DefaultHttpResponse(decodeResult: success, version: HTTP/1.1)
HTTP/1.1 200 OK
Content-Type: application/json; charset=utf-8
cache-control: no-cache
content-length: 14

08:37:43.747 [AsyncHttpClient-1-13] DEBUG org.asynchttpclient.netty.channel.ChannelManager - Adding key: http://localhost:64867 for channel [id: 0x5302f37c, L:/127.0.0.1:61249 - R:localhost/127.0.0.1:64867]
08:37:43.748 [Forwarding setTimeout on session 18b8c565a0484cf185fedbbf909f14a6 to remote] DEBUG org.asynchttpclient.netty.request.NettyRequestSender - Using pooled Channel '[id: 0x5302f37c, L:/127.0.0.1:61249 - R:localhost/127.0.0.1:64867]' for 'POST' to 'http://localhost:64867/session/18b8c565a0484cf185fedbbf909f14a6/timeouts'
08:37:43.748 [Forwarding setTimeout on session 18b8c565a0484cf185fedbbf909f14a6 to remote] DEBUG org.asynchttpclient.netty.request.NettyRequestSender - Using open Channel [id: 0x5302f37c, L:/127.0.0.1:61249 - R:localhost/127.0.0.1:64867] for POST '/session/18b8c565a0484cf185fedbbf909f14a6/timeouts'
08:37:43.749 [AsyncHttpClient-1-13] DEBUG org.asynchttpclient.netty.handler.HttpHandler - 

Request DefaultHttpRequest(decodeResult: success, version: HTTP/1.1)
POST /session/18b8c565a0484cf185fedbbf909f14a6/timeouts HTTP/1.1
User-Agent: selenium/4.1.2 (java windows)
Content-Length: 22
Content-Type: application/json; charset=utf-8
host: localhost:64867
accept: */*

Response DefaultHttpResponse(decodeResult: success, version: HTTP/1.1)
HTTP/1.1 200 OK
Content-Type: application/json; charset=utf-8
cache-control: no-cache
content-length: 14

08:37:43.749 [AsyncHttpClient-1-13] DEBUG org.asynchttpclient.netty.channel.ChannelManager - Adding key: http://localhost:64867 for channel [id: 0x5302f37c, L:/127.0.0.1:61249 - R:localhost/127.0.0.1:64867]
08:37:43.750 [Forwarding getCurrentUrl on session 18b8c565a0484cf185fedbbf909f14a6 to remote] DEBUG org.asynchttpclient.netty.request.NettyRequestSender - Using pooled Channel '[id: 0x5302f37c, L:/127.0.0.1:61249 - R:localhost/127.0.0.1:64867]' for 'GET' to 'http://localhost:64867/session/18b8c565a0484cf185fedbbf909f14a6/url'
08:37:43.750 [Forwarding getCurrentUrl on session 18b8c565a0484cf185fedbbf909f14a6 to remote] DEBUG org.asynchttpclient.netty.request.NettyRequestSender - Using open Channel [id: 0x5302f37c, L:/127.0.0.1:61249 - R:localhost/127.0.0.1:64867] for GET '/session/18b8c565a0484cf185fedbbf909f14a6/url'
08:37:43.755 [AsyncHttpClient-1-13] DEBUG org.asynchttpclient.netty.handler.HttpHandler - 

Request DefaultFullHttpRequest(decodeResult: success, version: HTTP/1.1, content: EmptyByteBufBE)
GET /session/18b8c565a0484cf185fedbbf909f14a6/url HTTP/1.1
User-Agent: selenium/4.1.2 (java windows)
Cache-Control: no-cache
Content-Type: application/json; charset=utf-8
host: localhost:64867
accept: */*

Response DefaultHttpResponse(decodeResult: success, version: HTTP/1.1)
HTTP/1.1 200 OK
Content-Type: application/json; charset=utf-8
cache-control: no-cache
content-length: 31

08:37:43.755 [AsyncHttpClient-1-13] DEBUG org.asynchttpclient.netty.channel.ChannelManager - Adding key: http://localhost:64867 for channel [id: 0x5302f37c, L:/127.0.0.1:61249 - R:localhost/127.0.0.1:64867]
  &amp#27;[32mGiven &amp#27;[0m&amp#27;[32mi am on home page&amp#27;[0m                 &amp#27;[90m# starter.stepdefinitions.orderStep.iAmOnHomePage()&amp#27;[0m
08:37:43.759 [Forwarding screenshot on session 18b8c565a0484cf185fedbbf909f14a6 to remote] DEBUG org.asynchttpclient.netty.request.NettyRequestSender - Using pooled Channel '[id: 0x5302f37c, L:/127.0.0.1:61249 - R:localhost/127.0.0.1:64867]' for 'GET' to 'http://localhost:64867/session/18b8c565a0484cf185fedbbf909f14a6/screenshot'
08:37:43.759 [Forwarding screenshot on session 18b8c565a0484cf185fedbbf909f14a6 to remote] DEBUG org.asynchttpclient.netty.request.NettyRequestSender - Using open Channel [id: 0x5302f37c, L:/127.0.0.1:61249 - R:localhost/127.0.0.1:64867] for GET '/session/18b8c565a0484cf185fedbbf909f14a6/screenshot'
08:37:44.035 [AsyncHttpClient-1-13] DEBUG org.asynchttpclient.netty.handler.HttpHandler - 

Request DefaultFullHttpRequest(decodeResult: success, version: HTTP/1.1, content: EmptyByteBufBE)
GET /session/18b8c565a0484cf185fedbbf909f14a6/screenshot HTTP/1.1
User-Agent: selenium/4.1.2 (java windows)
Cache-Control: no-cache
Content-Type: application/json; charset=utf-8
host: localhost:64867
accept: */*

Response DefaultHttpResponse(decodeResult: success, version: HTTP/1.1)
HTTP/1.1 200 OK
Content-Type: application/json; charset=utf-8
cache-control: no-cache
content-length: 42996

08:37:44.035 [AsyncHttpClient-1-13] DEBUG org.asynchttpclient.netty.channel.ChannelManager - Adding key: http://localhost:64867 for channel [id: 0x5302f37c, L:/127.0.0.1:61249 - R:localhost/127.0.0.1:64867]
08:37:44.037 [main] DEBUG net.serenitybdd.core.photography.Darkroom - Send negative for processing for target\site\serenity\aef562ba691785067288431ea9eb110240d96e1f578c0d762d191d73e3d765f6.png
08:37:44.037 [Darkroom Processing Line] DEBUG net.serenitybdd.core.photography.DarkroomProcessingLine - Processing screenshot image in /var/screenshots/screenshot-1979222676258777271
08:37:44.037 [Darkroom Processing Line] DEBUG net.serenitybdd.core.photography.DarkroomProcessingLine - Saving screenshot to target\site\serenity\aef562ba691785067288431ea9eb110240d96e1f578c0d762d191d73e3d765f6.png
08:37:44.046 [Forwarding findElement on session 18b8c565a0484cf185fedbbf909f14a6 to remote] DEBUG org.asynchttpclient.netty.request.NettyRequestSender - Using pooled Channel '[id: 0x5302f37c, L:/127.0.0.1:61249 - R:localhost/127.0.0.1:64867]' for 'POST' to 'http://localhost:64867/session/18b8c565a0484cf185fedbbf909f14a6/element'
08:37:44.046 [Forwarding findElement on session 18b8c565a0484cf185fedbbf909f14a6 to remote] DEBUG org.asynchttpclient.netty.request.NettyRequestSender - Using open Channel [id: 0x5302f37c, L:/127.0.0.1:61249 - R:localhost/127.0.0.1:64867] for POST '/session/18b8c565a0484cf185fedbbf909f14a6/element'
08:37:44.129 [AsyncHttpClient-1-1] DEBUG org.asynchttpclient.netty.channel.DefaultChannelPool - Entry count for : http://localhost:61250 : 1
08:37:45.228 [AsyncHttpClient-1-1] DEBUG org.asynchttpclient.netty.channel.DefaultChannelPool - Entry count for : http://localhost:61250 : 1
08:37:45.253 [AsyncHttpClient-1-13] DEBUG org.asynchttpclient.netty.handler.HttpHandler - 

Request DefaultHttpRequest(decodeResult: success, version: HTTP/1.1)
POST /session/18b8c565a0484cf185fedbbf909f14a6/element HTTP/1.1
User-Agent: selenium/4.1.2 (java windows)
Content-Length: 122
Content-Type: application/json; charset=utf-8
host: localhost:64867
accept: */*

Response DefaultHttpResponse(decodeResult: success, version: HTTP/1.1)
HTTP/1.1 200 OK
Content-Type: application/json; charset=utf-8
cache-control: no-cache
content-length: 88

08:37:45.253 [AsyncHttpClient-1-13] DEBUG org.asynchttpclient.netty.channel.ChannelManager - Adding key: http://localhost:64867 for channel [id: 0x5302f37c, L:/127.0.0.1:61249 - R:localhost/127.0.0.1:64867]
08:37:45.254 [Forwarding getElementTagName on session 18b8c565a0484cf185fedbbf909f14a6 to remote] DEBUG org.asynchttpclient.netty.request.NettyRequestSender - Using pooled Channel '[id: 0x5302f37c, L:/127.0.0.1:61249 - R:localhost/127.0.0.1:64867]' for 'GET' to 'http://localhost:64867/session/18b8c565a0484cf185fedbbf909f14a6/element/8f2a0218-15d6-454c-a38b-9ed1efdadeb4/name'
08:37:45.254 [Forwarding getElementTagName on session 18b8c565a0484cf185fedbbf909f14a6 to remote] DEBUG org.asynchttpclient.netty.request.NettyRequestSender - Using open Channel [id: 0x5302f37c, L:/127.0.0.1:61249 - R:localhost/127.0.0.1:64867] for GET '/session/18b8c565a0484cf185fedbbf909f14a6/element/8f2a0218-15d6-454c-a38b-9ed1efdadeb4/name'
08:37:45.258 [AsyncHttpClient-1-13] DEBUG org.asynchttpclient.netty.handler.HttpHandler - 

Request DefaultFullHttpRequest(decodeResult: success, version: HTTP/1.1, content: EmptyByteBufBE)
GET /session/18b8c565a0484cf185fedbbf909f14a6/element/8f2a0218-15d6-454c-a38b-9ed1efdadeb4/name HTTP/1.1
User-Agent: selenium/4.1.2 (java windows)
Cache-Control: no-cache
Content-Type: application/json; charset=utf-8
host: localhost:64867
accept: */*

Response DefaultHttpResponse(decodeResult: success, version: HTTP/1.1)
HTTP/1.1 200 OK
Content-Type: application/json; charset=utf-8
cache-control: no-cache
content-length: 16

08:37:45.258 [AsyncHttpClient-1-13] DEBUG org.asynchttpclient.netty.channel.ChannelManager - Adding key: http://localhost:64867 for channel [id: 0x5302f37c, L:/127.0.0.1:61249 - R:localhost/127.0.0.1:64867]
08:37:45.259 [Forwarding getElementTagName on session 18b8c565a0484cf185fedbbf909f14a6 to remote] DEBUG org.asynchttpclient.netty.request.NettyRequestSender - Using pooled Channel '[id: 0x5302f37c, L:/127.0.0.1:61249 - R:localhost/127.0.0.1:64867]' for 'GET' to 'http://localhost:64867/session/18b8c565a0484cf185fedbbf909f14a6/element/8f2a0218-15d6-454c-a38b-9ed1efdadeb4/name'
08:37:45.259 [Forwarding getElementTagName on session 18b8c565a0484cf185fedbbf909f14a6 to remote] DEBUG org.asynchttpclient.netty.request.NettyRequestSender - Using open Channel [id: 0x5302f37c, L:/127.0.0.1:61249 - R:localhost/127.0.0.1:64867] for GET '/session/18b8c565a0484cf185fedbbf909f14a6/element/8f2a0218-15d6-454c-a38b-9ed1efdadeb4/name'
08:37:45.262 [AsyncHttpClient-1-13] DEBUG org.asynchttpclient.netty.handler.HttpHandler - 

Request DefaultFullHttpRequest(decodeResult: success, version: HTTP/1.1, content: EmptyByteBufBE)
GET /session/18b8c565a0484cf185fedbbf909f14a6/element/8f2a0218-15d6-454c-a38b-9ed1efdadeb4/name HTTP/1.1
User-Agent: selenium/4.1.2 (java windows)
Cache-Control: no-cache
Content-Type: application/json; charset=utf-8
host: localhost:64867
accept: */*

Response DefaultHttpResponse(decodeResult: success, version: HTTP/1.1)
HTTP/1.1 200 OK
Content-Type: application/json; charset=utf-8
cache-control: no-cache
content-length: 16

08:37:45.263 [AsyncHttpClient-1-13] DEBUG org.asynchttpclient.netty.channel.ChannelManager - Adding key: http://localhost:64867 for channel [id: 0x5302f37c, L:/127.0.0.1:61249 - R:localhost/127.0.0.1:64867]
08:37:45.264 [Forwarding findElement on session 18b8c565a0484cf185fedbbf909f14a6 to remote] DEBUG org.asynchttpclient.netty.request.NettyRequestSender - Using pooled Channel '[id: 0x5302f37c, L:/127.0.0.1:61249 - R:localhost/127.0.0.1:64867]' for 'POST' to 'http://localhost:64867/session/18b8c565a0484cf185fedbbf909f14a6/element'
08:37:45.264 [Forwarding findElement on session 18b8c565a0484cf185fedbbf909f14a6 to remote] DEBUG org.asynchttpclient.netty.request.NettyRequestSender - Using open Channel [id: 0x5302f37c, L:/127.0.0.1:61249 - R:localhost/127.0.0.1:64867] for POST '/session/18b8c565a0484cf185fedbbf909f14a6/element'
08:37:45.276 [AsyncHttpClient-1-13] DEBUG org.asynchttpclient.netty.handler.HttpHandler - 

Request DefaultHttpRequest(decodeResult: success, version: HTTP/1.1)
POST /session/18b8c565a0484cf185fedbbf909f14a6/element HTTP/1.1
User-Agent: selenium/4.1.2 (java windows)
Content-Length: 122
Content-Type: application/json; charset=utf-8
host: localhost:64867
accept: */*

Response DefaultHttpResponse(decodeResult: success, version: HTTP/1.1)
HTTP/1.1 200 OK
Content-Type: application/json; charset=utf-8
cache-control: no-cache
content-length: 88

08:37:45.276 [AsyncHttpClient-1-13] DEBUG org.asynchttpclient.netty.channel.ChannelManager - Adding key: http://localhost:64867 for channel [id: 0x5302f37c, L:/127.0.0.1:61249 - R:localhost/127.0.0.1:64867]
08:37:45.277 [Forwarding clickElement on session 18b8c565a0484cf185fedbbf909f14a6 to remote] DEBUG org.asynchttpclient.netty.request.NettyRequestSender - Using pooled Channel '[id: 0x5302f37c, L:/127.0.0.1:61249 - R:localhost/127.0.0.1:64867]' for 'POST' to 'http://localhost:64867/session/18b8c565a0484cf185fedbbf909f14a6/element/8f2a0218-15d6-454c-a38b-9ed1efdadeb4/click'
08:37:45.277 [Forwarding clickElement on session 18b8c565a0484cf185fedbbf909f14a6 to remote] DEBUG org.asynchttpclient.netty.request.NettyRequestSender - Using open Channel [id: 0x5302f37c, L:/127.0.0.1:61249 - R:localhost/127.0.0.1:64867] for POST '/session/18b8c565a0484cf185fedbbf909f14a6/element/8f2a0218-15d6-454c-a38b-9ed1efdadeb4/click'
08:37:45.349 [AsyncHttpClient-1-13] DEBUG org.asynchttpclient.netty.handler.HttpHandler - 

Request DefaultHttpRequest(decodeResult: success, version: HTTP/1.1)
POST /session/18b8c565a0484cf185fedbbf909f14a6/element/8f2a0218-15d6-454c-a38b-9ed1efdadeb4/click HTTP/1.1
User-Agent: selenium/4.1.2 (java windows)
Content-Length: 50
Content-Type: application/json; charset=utf-8
host: localhost:64867
accept: */*

Response DefaultHttpResponse(decodeResult: success, version: HTTP/1.1)
HTTP/1.1 200 OK
Content-Type: application/json; charset=utf-8
cache-control: no-cache
content-length: 14

08:37:45.349 [AsyncHttpClient-1-13] DEBUG org.asynchttpclient.netty.channel.ChannelManager - Adding key: http://localhost:64867 for channel [id: 0x5302f37c, L:/127.0.0.1:61249 - R:localhost/127.0.0.1:64867]
  &amp#27;[32mWhen &amp#27;[0m&amp#27;[32mi click beli on my product&amp#27;[0m         &amp#27;[90m# starter.stepdefinitions.transStep.iClickBeliOnMyProduct()&amp#27;[0m
08:37:45.357 [Forwarding screenshot on session 18b8c565a0484cf185fedbbf909f14a6 to remote] DEBUG org.asynchttpclient.netty.request.NettyRequestSender - Using pooled Channel '[id: 0x5302f37c, L:/127.0.0.1:61249 - R:localhost/127.0.0.1:64867]' for 'GET' to 'http://localhost:64867/session/18b8c565a0484cf185fedbbf909f14a6/screenshot'
08:37:45.357 [Forwarding screenshot on session 18b8c565a0484cf185fedbbf909f14a6 to remote] DEBUG org.asynchttpclient.netty.request.NettyRequestSender - Using open Channel [id: 0x5302f37c, L:/127.0.0.1:61249 - R:localhost/127.0.0.1:64867] for GET '/session/18b8c565a0484cf185fedbbf909f14a6/screenshot'
08:37:45.518 [AsyncHttpClient-1-13] DEBUG org.asynchttpclient.netty.handler.HttpHandler - 

Request DefaultFullHttpRequest(decodeResult: success, version: HTTP/1.1, content: EmptyByteBufBE)
GET /session/18b8c565a0484cf185fedbbf909f14a6/screenshot HTTP/1.1
User-Agent: selenium/4.1.2 (java windows)
Cache-Control: no-cache
Content-Type: application/json; charset=utf-8
host: localhost:64867
accept: */*

Response DefaultHttpResponse(decodeResult: success, version: HTTP/1.1)
HTTP/1.1 200 OK
Content-Type: application/json; charset=utf-8
cache-control: no-cache
content-length: 76448

08:37:45.519 [AsyncHttpClient-1-13] DEBUG org.asynchttpclient.netty.channel.ChannelManager - Adding key: http://localhost:64867 for channel [id: 0x5302f37c, L:/127.0.0.1:61249 - R:localhost/127.0.0.1:64867]
08:37:45.521 [main] DEBUG net.serenitybdd.core.photography.Darkroom - Send negative for processing for target\site\serenity\4fdcdbdbca9d540b81134b282b1fe1e8f9600bdae103d77d9c1b298aa390f16c.png
08:37:45.521 [Darkroom Processing Line] DEBUG net.serenitybdd.core.photography.DarkroomProcessingLine - Processing screenshot image in /var/screenshots/screenshot-5771730369340147887
08:37:45.521 [Darkroom Processing Line] DEBUG net.serenitybdd.core.photography.DarkroomProcessingLine - Saving screenshot to target\site\serenity\4fdcdbdbca9d540b81134b282b1fe1e8f9600bdae103d77d9c1b298aa390f16c.png
08:37:45.525 [Forwarding findElement on session 18b8c565a0484cf185fedbbf909f14a6 to remote] DEBUG org.asynchttpclient.netty.request.NettyRequestSender - Using pooled Channel '[id: 0x5302f37c, L:/127.0.0.1:61249 - R:localhost/127.0.0.1:64867]' for 'POST' to 'http://localhost:64867/session/18b8c565a0484cf185fedbbf909f14a6/element'
08:37:45.525 [Forwarding findElement on session 18b8c565a0484cf185fedbbf909f14a6 to remote] DEBUG org.asynchttpclient.netty.request.NettyRequestSender - Using open Channel [id: 0x5302f37c, L:/127.0.0.1:61249 - R:localhost/127.0.0.1:64867] for POST '/session/18b8c565a0484cf185fedbbf909f14a6/element'
08:37:45.550 [AsyncHttpClient-1-13] DEBUG org.asynchttpclient.netty.handler.HttpHandler - 

Request DefaultHttpRequest(decodeResult: success, version: HTTP/1.1)
POST /session/18b8c565a0484cf185fedbbf909f14a6/element HTTP/1.1
User-Agent: selenium/4.1.2 (java windows)
Content-Length: 265
Content-Type: application/json; charset=utf-8
host: localhost:64867
accept: */*

Response DefaultHttpResponse(decodeResult: success, version: HTTP/1.1)
HTTP/1.1 200 OK
Content-Type: application/json; charset=utf-8
cache-control: no-cache
content-length: 88

08:37:45.551 [AsyncHttpClient-1-13] DEBUG org.asynchttpclient.netty.channel.ChannelManager - Adding key: http://localhost:64867 for channel [id: 0x5302f37c, L:/127.0.0.1:61249 - R:localhost/127.0.0.1:64867]
08:37:45.552 [Forwarding getElementTagName on session 18b8c565a0484cf185fedbbf909f14a6 to remote] DEBUG org.asynchttpclient.netty.request.NettyRequestSender - Using pooled Channel '[id: 0x5302f37c, L:/127.0.0.1:61249 - R:localhost/127.0.0.1:64867]' for 'GET' to 'http://localhost:64867/session/18b8c565a0484cf185fedbbf909f14a6/element/8f48b2f2-6c29-4f7c-beb6-93a85e817dea/name'
08:37:45.552 [Forwarding getElementTagName on session 18b8c565a0484cf185fedbbf909f14a6 to remote] DEBUG org.asynchttpclient.netty.request.NettyRequestSender - Using open Channel [id: 0x5302f37c, L:/127.0.0.1:61249 - R:localhost/127.0.0.1:64867] for GET '/session/18b8c565a0484cf185fedbbf909f14a6/element/8f48b2f2-6c29-4f7c-beb6-93a85e817dea/name'
08:37:45.555 [AsyncHttpClient-1-13] DEBUG org.asynchttpclient.netty.handler.HttpHandler - 

Request DefaultFullHttpRequest(decodeResult: success, version: HTTP/1.1, content: EmptyByteBufBE)
GET /session/18b8c565a0484cf185fedbbf909f14a6/element/8f48b2f2-6c29-4f7c-beb6-93a85e817dea/name HTTP/1.1
User-Agent: selenium/4.1.2 (java windows)
Cache-Control: no-cache
Content-Type: application/json; charset=utf-8
host: localhost:64867
accept: */*

Response DefaultHttpResponse(decodeResult: success, version: HTTP/1.1)
HTTP/1.1 200 OK
Content-Type: application/json; charset=utf-8
cache-control: no-cache
content-length: 13

08:37:45.555 [AsyncHttpClient-1-13] DEBUG org.asynchttpclient.netty.channel.ChannelManager - Adding key: http://localhost:64867 for channel [id: 0x5302f37c, L:/127.0.0.1:61249 - R:localhost/127.0.0.1:64867]
08:37:45.556 [Forwarding getElementTagName on session 18b8c565a0484cf185fedbbf909f14a6 to remote] DEBUG org.asynchttpclient.netty.request.NettyRequestSender - Using pooled Channel '[id: 0x5302f37c, L:/127.0.0.1:61249 - R:localhost/127.0.0.1:64867]' for 'GET' to 'http://localhost:64867/session/18b8c565a0484cf185fedbbf909f14a6/element/8f48b2f2-6c29-4f7c-beb6-93a85e817dea/name'
08:37:45.556 [Forwarding getElementTagName on session 18b8c565a0484cf185fedbbf909f14a6 to remote] DEBUG org.asynchttpclient.netty.request.NettyRequestSender - Using open Channel [id: 0x5302f37c, L:/127.0.0.1:61249 - R:localhost/127.0.0.1:64867] for GET '/session/18b8c565a0484cf185fedbbf909f14a6/element/8f48b2f2-6c29-4f7c-beb6-93a85e817dea/name'
08:37:45.559 [AsyncHttpClient-1-13] DEBUG org.asynchttpclient.netty.handler.HttpHandler - 

Request DefaultFullHttpRequest(decodeResult: success, version: HTTP/1.1, content: EmptyByteBufBE)
GET /session/18b8c565a0484cf185fedbbf909f14a6/element/8f48b2f2-6c29-4f7c-beb6-93a85e817dea/name HTTP/1.1
User-Agent: selenium/4.1.2 (java windows)
Cache-Control: no-cache
Content-Type: application/json; charset=utf-8
host: localhost:64867
accept: */*

Response DefaultHttpResponse(decodeResult: success, version: HTTP/1.1)
HTTP/1.1 200 OK
Content-Type: application/json; charset=utf-8
cache-control: no-cache
content-length: 13

08:37:45.559 [AsyncHttpClient-1-13] DEBUG org.asynchttpclient.netty.channel.ChannelManager - Adding key: http://localhost:64867 for channel [id: 0x5302f37c, L:/127.0.0.1:61249 - R:localhost/127.0.0.1:64867]
08:37:45.560 [Forwarding findElement on session 18b8c565a0484cf185fedbbf909f14a6 to remote] DEBUG org.asynchttpclient.netty.request.NettyRequestSender - Using pooled Channel '[id: 0x5302f37c, L:/127.0.0.1:61249 - R:localhost/127.0.0.1:64867]' for 'POST' to 'http://localhost:64867/session/18b8c565a0484cf185fedbbf909f14a6/element'
08:37:45.560 [Forwarding findElement on session 18b8c565a0484cf185fedbbf909f14a6 to remote] DEBUG org.asynchttpclient.netty.request.NettyRequestSender - Using open Channel [id: 0x5302f37c, L:/127.0.0.1:61249 - R:localhost/127.0.0.1:64867] for POST '/session/18b8c565a0484cf185fedbbf909f14a6/element'
08:37:45.571 [AsyncHttpClient-1-13] DEBUG org.asynchttpclient.netty.handler.HttpHandler - 

Request DefaultHttpRequest(decodeResult: success, version: HTTP/1.1)
POST /session/18b8c565a0484cf185fedbbf909f14a6/element HTTP/1.1
User-Agent: selenium/4.1.2 (java windows)
Content-Length: 265
Content-Type: application/json; charset=utf-8
host: localhost:64867
accept: */*

Response DefaultHttpResponse(decodeResult: success, version: HTTP/1.1)
HTTP/1.1 200 OK
Content-Type: application/json; charset=utf-8
cache-control: no-cache
content-length: 88

08:37:45.571 [AsyncHttpClient-1-13] DEBUG org.asynchttpclient.netty.channel.ChannelManager - Adding key: http://localhost:64867 for channel [id: 0x5302f37c, L:/127.0.0.1:61249 - R:localhost/127.0.0.1:64867]
08:37:45.571 [Forwarding clickElement on session 18b8c565a0484cf185fedbbf909f14a6 to remote] DEBUG org.asynchttpclient.netty.request.NettyRequestSender - Using pooled Channel '[id: 0x5302f37c, L:/127.0.0.1:61249 - R:localhost/127.0.0.1:64867]' for 'POST' to 'http://localhost:64867/session/18b8c565a0484cf185fedbbf909f14a6/element/8f48b2f2-6c29-4f7c-beb6-93a85e817dea/click'
08:37:45.571 [Forwarding clickElement on session 18b8c565a0484cf185fedbbf909f14a6 to remote] DEBUG org.asynchttpclient.netty.request.NettyRequestSender - Using open Channel [id: 0x5302f37c, L:/127.0.0.1:61249 - R:localhost/127.0.0.1:64867] for POST '/session/18b8c565a0484cf185fedbbf909f14a6/element/8f48b2f2-6c29-4f7c-beb6-93a85e817dea/click'
08:37:45.611 [AsyncHttpClient-1-13] DEBUG org.asynchttpclient.netty.handler.HttpHandler - 

Request DefaultHttpRequest(decodeResult: success, version: HTTP/1.1)
POST /session/18b8c565a0484cf185fedbbf909f14a6/element/8f48b2f2-6c29-4f7c-beb6-93a85e817dea/click HTTP/1.1
User-Agent: selenium/4.1.2 (java windows)
Content-Length: 50
Content-Type: application/json; charset=utf-8
host: localhost:64867
accept: */*

Response DefaultHttpResponse(decodeResult: success, version: HTTP/1.1)
HTTP/1.1 200 OK
Content-Type: application/json; charset=utf-8
cache-control: no-cache
content-length: 14

08:37:45.611 [AsyncHttpClient-1-13] DEBUG org.asynchttpclient.netty.channel.ChannelManager - Adding key: http://localhost:64867 for channel [id: 0x5302f37c, L:/127.0.0.1:61249 - R:localhost/127.0.0.1:64867]
  &amp#27;[32mAnd &amp#27;[0m&amp#27;[32mi click my cart&amp#27;[0m                     &amp#27;[90m# starter.stepdefinitions.orderStep.iClickMyCart()&amp#27;[0m
08:37:45.619 [Forwarding screenshot on session 18b8c565a0484cf185fedbbf909f14a6 to remote] DEBUG org.asynchttpclient.netty.request.NettyRequestSender - Using pooled Channel '[id: 0x5302f37c, L:/127.0.0.1:61249 - R:localhost/127.0.0.1:64867]' for 'GET' to 'http://localhost:64867/session/18b8c565a0484cf185fedbbf909f14a6/screenshot'
08:37:45.619 [Forwarding screenshot on session 18b8c565a0484cf185fedbbf909f14a6 to remote] DEBUG org.asynchttpclient.netty.request.NettyRequestSender - Using open Channel [id: 0x5302f37c, L:/127.0.0.1:61249 - R:localhost/127.0.0.1:64867] for GET '/session/18b8c565a0484cf185fedbbf909f14a6/screenshot'
08:37:45.998 [AsyncHttpClient-1-13] DEBUG org.asynchttpclient.netty.handler.HttpHandler - 

Request DefaultFullHttpRequest(decodeResult: success, version: HTTP/1.1, content: EmptyByteBufBE)
GET /session/18b8c565a0484cf185fedbbf909f14a6/screenshot HTTP/1.1
User-Agent: selenium/4.1.2 (java windows)
Cache-Control: no-cache
Content-Type: application/json; charset=utf-8
host: localhost:64867
accept: */*

Response DefaultHttpResponse(decodeResult: success, version: HTTP/1.1)
HTTP/1.1 200 OK
Content-Type: application/json; charset=utf-8
cache-control: no-cache
content-length: 49904

08:37:45.998 [AsyncHttpClient-1-13] DEBUG org.asynchttpclient.netty.channel.ChannelManager - Adding key: http://localhost:64867 for channel [id: 0x5302f37c, L:/127.0.0.1:61249 - R:localhost/127.0.0.1:64867]
08:37:46.000 [main] DEBUG net.serenitybdd.core.photography.Darkroom - Send negative for processing for target\site\serenity\a9cf2dd8ad02886f2f5310f0671d6f94f4649bb999e9a325cda93fe353559721.png
08:37:46.001 [Darkroom Processing Line] DEBUG net.serenitybdd.core.photography.DarkroomProcessingLine - Processing screenshot image in /var/screenshots/screenshot-5695441964994045318
08:37:46.001 [Darkroom Processing Line] DEBUG net.serenitybdd.core.photography.DarkroomProcessingLine - Saving screenshot to target\site\serenity\a9cf2dd8ad02886f2f5310f0671d6f94f4649bb999e9a325cda93fe353559721.png
08:37:46.007 [Forwarding findElement on session 18b8c565a0484cf185fedbbf909f14a6 to remote] DEBUG org.asynchttpclient.netty.request.NettyRequestSender - Using pooled Channel '[id: 0x5302f37c, L:/127.0.0.1:61249 - R:localhost/127.0.0.1:64867]' for 'POST' to 'http://localhost:64867/session/18b8c565a0484cf185fedbbf909f14a6/element'
08:37:46.007 [Forwarding findElement on session 18b8c565a0484cf185fedbbf909f14a6 to remote] DEBUG org.asynchttpclient.netty.request.NettyRequestSender - Using open Channel [id: 0x5302f37c, L:/127.0.0.1:61249 - R:localhost/127.0.0.1:64867] for POST '/session/18b8c565a0484cf185fedbbf909f14a6/element'
08:37:46.018 [AsyncHttpClient-1-13] DEBUG org.asynchttpclient.netty.handler.HttpHandler - 

Request DefaultHttpRequest(decodeResult: success, version: HTTP/1.1)
POST /session/18b8c565a0484cf185fedbbf909f14a6/element HTTP/1.1
User-Agent: selenium/4.1.2 (java windows)
Content-Length: 74
Content-Type: application/json; charset=utf-8
host: localhost:64867
accept: */*

Response DefaultHttpResponse(decodeResult: success, version: HTTP/1.1)
HTTP/1.1 200 OK
Content-Type: application/json; charset=utf-8
cache-control: no-cache
content-length: 88

08:37:46.018 [AsyncHttpClient-1-13] DEBUG org.asynchttpclient.netty.channel.ChannelManager - Adding key: http://localhost:64867 for channel [id: 0x5302f37c, L:/127.0.0.1:61249 - R:localhost/127.0.0.1:64867]
08:37:46.019 [Forwarding getElementTagName on session 18b8c565a0484cf185fedbbf909f14a6 to remote] DEBUG org.asynchttpclient.netty.request.NettyRequestSender - Using pooled Channel '[id: 0x5302f37c, L:/127.0.0.1:61249 - R:localhost/127.0.0.1:64867]' for 'GET' to 'http://localhost:64867/session/18b8c565a0484cf185fedbbf909f14a6/element/a42709b7-5600-4ce6-b23b-9897b8512467/name'
08:37:46.019 [Forwarding getElementTagName on session 18b8c565a0484cf185fedbbf909f14a6 to remote] DEBUG org.asynchttpclient.netty.request.NettyRequestSender - Using open Channel [id: 0x5302f37c, L:/127.0.0.1:61249 - R:localhost/127.0.0.1:64867] for GET '/session/18b8c565a0484cf185fedbbf909f14a6/element/a42709b7-5600-4ce6-b23b-9897b8512467/name'
08:37:46.023 [AsyncHttpClient-1-13] DEBUG org.asynchttpclient.netty.handler.HttpHandler - 

Request DefaultFullHttpRequest(decodeResult: success, version: HTTP/1.1, content: EmptyByteBufBE)
GET /session/18b8c565a0484cf185fedbbf909f14a6/element/a42709b7-5600-4ce6-b23b-9897b8512467/name HTTP/1.1
User-Agent: selenium/4.1.2 (java windows)
Cache-Control: no-cache
Content-Type: application/json; charset=utf-8
host: localhost:64867
accept: */*

Response DefaultHttpResponse(decodeResult: success, version: HTTP/1.1)
HTTP/1.1 200 OK
Content-Type: application/json; charset=utf-8
cache-control: no-cache
content-length: 18

08:37:46.023 [AsyncHttpClient-1-13] DEBUG org.asynchttpclient.netty.channel.ChannelManager - Adding key: http://localhost:64867 for channel [id: 0x5302f37c, L:/127.0.0.1:61249 - R:localhost/127.0.0.1:64867]
08:37:46.024 [Forwarding getElementTagName on session 18b8c565a0484cf185fedbbf909f14a6 to remote] DEBUG org.asynchttpclient.netty.request.NettyRequestSender - Using pooled Channel '[id: 0x5302f37c, L:/127.0.0.1:61249 - R:localhost/127.0.0.1:64867]' for 'GET' to 'http://localhost:64867/session/18b8c565a0484cf185fedbbf909f14a6/element/a42709b7-5600-4ce6-b23b-9897b8512467/name'
08:37:46.024 [Forwarding getElementTagName on session 18b8c565a0484cf185fedbbf909f14a6 to remote] DEBUG org.asynchttpclient.netty.request.NettyRequestSender - Using open Channel [id: 0x5302f37c, L:/127.0.0.1:61249 - R:localhost/127.0.0.1:64867] for GET '/session/18b8c565a0484cf185fedbbf909f14a6/element/a42709b7-5600-4ce6-b23b-9897b8512467/name'
08:37:46.026 [AsyncHttpClient-1-13] DEBUG org.asynchttpclient.netty.handler.HttpHandler - 

Request DefaultFullHttpRequest(decodeResult: success, version: HTTP/1.1, content: EmptyByteBufBE)
GET /session/18b8c565a0484cf185fedbbf909f14a6/element/a42709b7-5600-4ce6-b23b-9897b8512467/name HTTP/1.1
User-Agent: selenium/4.1.2 (java windows)
Cache-Control: no-cache
Content-Type: application/json; charset=utf-8
host: localhost:64867
accept: */*

Response DefaultHttpResponse(decodeResult: success, version: HTTP/1.1)
HTTP/1.1 200 OK
Content-Type: application/json; charset=utf-8
cache-control: no-cache
content-length: 18

08:37:46.027 [AsyncHttpClient-1-13] DEBUG org.asynchttpclient.netty.channel.ChannelManager - Adding key: http://localhost:64867 for channel [id: 0x5302f37c, L:/127.0.0.1:61249 - R:localhost/127.0.0.1:64867]
08:37:46.028 [Forwarding isElementEnabled on session 18b8c565a0484cf185fedbbf909f14a6 to remote] DEBUG org.asynchttpclient.netty.request.NettyRequestSender - Using pooled Channel '[id: 0x5302f37c, L:/127.0.0.1:61249 - R:localhost/127.0.0.1:64867]' for 'GET' to 'http://localhost:64867/session/18b8c565a0484cf185fedbbf909f14a6/element/a42709b7-5600-4ce6-b23b-9897b8512467/enabled'
08:37:46.028 [Forwarding isElementEnabled on session 18b8c565a0484cf185fedbbf909f14a6 to remote] DEBUG org.asynchttpclient.netty.request.NettyRequestSender - Using open Channel [id: 0x5302f37c, L:/127.0.0.1:61249 - R:localhost/127.0.0.1:64867] for GET '/session/18b8c565a0484cf185fedbbf909f14a6/element/a42709b7-5600-4ce6-b23b-9897b8512467/enabled'
08:37:46.037 [AsyncHttpClient-1-13] DEBUG org.asynchttpclient.netty.handler.HttpHandler - 

Request DefaultFullHttpRequest(decodeResult: success, version: HTTP/1.1, content: EmptyByteBufBE)
GET /session/18b8c565a0484cf185fedbbf909f14a6/element/a42709b7-5600-4ce6-b23b-9897b8512467/enabled HTTP/1.1
User-Agent: selenium/4.1.2 (java windows)
Cache-Control: no-cache
Content-Type: application/json; charset=utf-8
host: localhost:64867
accept: */*

Response DefaultHttpResponse(decodeResult: success, version: HTTP/1.1)
HTTP/1.1 200 OK
Content-Type: application/json; charset=utf-8
cache-control: no-cache
content-length: 14

08:37:46.037 [AsyncHttpClient-1-13] DEBUG org.asynchttpclient.netty.channel.ChannelManager - Adding key: http://localhost:64867 for channel [id: 0x5302f37c, L:/127.0.0.1:61249 - R:localhost/127.0.0.1:64867]
08:37:46.038 [Forwarding isElementEnabled on session 18b8c565a0484cf185fedbbf909f14a6 to remote] DEBUG org.asynchttpclient.netty.request.NettyRequestSender - Using pooled Channel '[id: 0x5302f37c, L:/127.0.0.1:61249 - R:localhost/127.0.0.1:64867]' for 'GET' to 'http://localhost:64867/session/18b8c565a0484cf185fedbbf909f14a6/element/a42709b7-5600-4ce6-b23b-9897b8512467/enabled'
08:37:46.038 [Forwarding isElementEnabled on session 18b8c565a0484cf185fedbbf909f14a6 to remote] DEBUG org.asynchttpclient.netty.request.NettyRequestSender - Using open Channel [id: 0x5302f37c, L:/127.0.0.1:61249 - R:localhost/127.0.0.1:64867] for GET '/session/18b8c565a0484cf185fedbbf909f14a6/element/a42709b7-5600-4ce6-b23b-9897b8512467/enabled'
08:37:46.042 [AsyncHttpClient-1-13] DEBUG org.asynchttpclient.netty.handler.HttpHandler - 

Request DefaultFullHttpRequest(decodeResult: success, version: HTTP/1.1, content: EmptyByteBufBE)
GET /session/18b8c565a0484cf185fedbbf909f14a6/element/a42709b7-5600-4ce6-b23b-9897b8512467/enabled HTTP/1.1
User-Agent: selenium/4.1.2 (java windows)
Cache-Control: no-cache
Content-Type: application/json; charset=utf-8
host: localhost:64867
accept: */*

Response DefaultHttpResponse(decodeResult: success, version: HTTP/1.1)
HTTP/1.1 200 OK
Content-Type: application/json; charset=utf-8
cache-control: no-cache
content-length: 14

08:37:46.042 [AsyncHttpClient-1-13] DEBUG org.asynchttpclient.netty.channel.ChannelManager - Adding key: http://localhost:64867 for channel [id: 0x5302f37c, L:/127.0.0.1:61249 - R:localhost/127.0.0.1:64867]
08:37:46.044 [Forwarding findElement on session 18b8c565a0484cf185fedbbf909f14a6 to remote] DEBUG org.asynchttpclient.netty.request.NettyRequestSender - Using pooled Channel '[id: 0x5302f37c, L:/127.0.0.1:61249 - R:localhost/127.0.0.1:64867]' for 'POST' to 'http://localhost:64867/session/18b8c565a0484cf185fedbbf909f14a6/element'
08:37:46.044 [Forwarding findElement on session 18b8c565a0484cf185fedbbf909f14a6 to remote] DEBUG org.asynchttpclient.netty.request.NettyRequestSender - Using open Channel [id: 0x5302f37c, L:/127.0.0.1:61249 - R:localhost/127.0.0.1:64867] for POST '/session/18b8c565a0484cf185fedbbf909f14a6/element'
08:37:46.051 [AsyncHttpClient-1-13] DEBUG org.asynchttpclient.netty.handler.HttpHandler - 

Request DefaultHttpRequest(decodeResult: success, version: HTTP/1.1)
POST /session/18b8c565a0484cf185fedbbf909f14a6/element HTTP/1.1
User-Agent: selenium/4.1.2 (java windows)
Content-Length: 74
Content-Type: application/json; charset=utf-8
host: localhost:64867
accept: */*

Response DefaultHttpResponse(decodeResult: success, version: HTTP/1.1)
HTTP/1.1 200 OK
Content-Type: application/json; charset=utf-8
cache-control: no-cache
content-length: 88

08:37:46.051 [AsyncHttpClient-1-13] DEBUG org.asynchttpclient.netty.channel.ChannelManager - Adding key: http://localhost:64867 for channel [id: 0x5302f37c, L:/127.0.0.1:61249 - R:localhost/127.0.0.1:64867]
08:37:46.052 [Forwarding clickElement on session 18b8c565a0484cf185fedbbf909f14a6 to remote] DEBUG org.asynchttpclient.netty.request.NettyRequestSender - Using pooled Channel '[id: 0x5302f37c, L:/127.0.0.1:61249 - R:localhost/127.0.0.1:64867]' for 'POST' to 'http://localhost:64867/session/18b8c565a0484cf185fedbbf909f14a6/element/a42709b7-5600-4ce6-b23b-9897b8512467/click'
08:37:46.052 [Forwarding clickElement on session 18b8c565a0484cf185fedbbf909f14a6 to remote] DEBUG org.asynchttpclient.netty.request.NettyRequestSender - Using open Channel [id: 0x5302f37c, L:/127.0.0.1:61249 - R:localhost/127.0.0.1:64867] for POST '/session/18b8c565a0484cf185fedbbf909f14a6/element/a42709b7-5600-4ce6-b23b-9897b8512467/click'
08:37:46.088 [AsyncHttpClient-1-13] DEBUG org.asynchttpclient.netty.handler.HttpHandler - 

Request DefaultHttpRequest(decodeResult: success, version: HTTP/1.1)
POST /session/18b8c565a0484cf185fedbbf909f14a6/element/a42709b7-5600-4ce6-b23b-9897b8512467/click HTTP/1.1
User-Agent: selenium/4.1.2 (java windows)
Content-Length: 50
Content-Type: application/json; charset=utf-8
host: localhost:64867
accept: */*

Response DefaultHttpResponse(decodeResult: success, version: HTTP/1.1)
HTTP/1.1 200 OK
Content-Type: application/json; charset=utf-8
cache-control: no-cache
content-length: 14

08:37:46.089 [AsyncHttpClient-1-13] DEBUG org.asynchttpclient.netty.channel.ChannelManager - Adding key: http://localhost:64867 for channel [id: 0x5302f37c, L:/127.0.0.1:61249 - R:localhost/127.0.0.1:64867]
  &amp#27;[32mAnd &amp#27;[0m&amp#27;[32mi click bayar button&amp#27;[0m                &amp#27;[90m# starter.stepdefinitions.transStep.iClickBayarButton()&amp#27;[0m
08:37:46.094 [Forwarding screenshot on session 18b8c565a0484cf185fedbbf909f14a6 to remote] DEBUG org.asynchttpclient.netty.request.NettyRequestSender - Using pooled Channel '[id: 0x5302f37c, L:/127.0.0.1:61249 - R:localhost/127.0.0.1:64867]' for 'GET' to 'http://localhost:64867/session/18b8c565a0484cf185fedbbf909f14a6/screenshot'
08:37:46.094 [Forwarding screenshot on session 18b8c565a0484cf185fedbbf909f14a6 to remote] DEBUG org.asynchttpclient.netty.request.NettyRequestSender - Using open Channel [id: 0x5302f37c, L:/127.0.0.1:61249 - R:localhost/127.0.0.1:64867] for GET '/session/18b8c565a0484cf185fedbbf909f14a6/screenshot'
08:37:46.296 [AsyncHttpClient-1-13] DEBUG org.asynchttpclient.netty.handler.HttpHandler - 

Request DefaultFullHttpRequest(decodeResult: success, version: HTTP/1.1, content: EmptyByteBufBE)
GET /session/18b8c565a0484cf185fedbbf909f14a6/screenshot HTTP/1.1
User-Agent: selenium/4.1.2 (java windows)
Cache-Control: no-cache
Content-Type: application/json; charset=utf-8
host: localhost:64867
accept: */*

Response DefaultHttpResponse(decodeResult: success, version: HTTP/1.1)
HTTP/1.1 200 OK
Content-Type: application/json; charset=utf-8
cache-control: no-cache
content-length: 39768

08:37:46.296 [AsyncHttpClient-1-13] DEBUG org.asynchttpclient.netty.channel.ChannelManager - Adding key: http://localhost:64867 for channel [id: 0x5302f37c, L:/127.0.0.1:61249 - R:localhost/127.0.0.1:64867]
08:37:46.297 [main] DEBUG net.serenitybdd.core.photography.Darkroom - Send negative for processing for target\site\serenity\bc5c931538493c28995568d8cb15b90b69edf845d9c726273cc733d19a853571.png
08:37:46.298 [Darkroom Processing Line] DEBUG net.serenitybdd.core.photography.DarkroomProcessingLine - Processing screenshot image in /var/screenshots/screenshot-2453528571214843233
08:37:46.298 [Darkroom Processing Line] DEBUG net.serenitybdd.core.photography.DarkroomProcessingLine - Saving screenshot to target\site\serenity\bc5c931538493c28995568d8cb15b90b69edf845d9c726273cc733d19a853571.png
08:37:46.319 [main] DEBUG net.thucydides.core.steps.StepInterceptor - STARTING STEP: stepdefinition.iAmOnLoginPage - openUrl
08:37:46.321 [Forwarding get on session 18b8c565a0484cf185fedbbf909f14a6 to remote] DEBUG org.asynchttpclient.netty.request.NettyRequestSender - Using pooled Channel '[id: 0x5302f37c, L:/127.0.0.1:61249 - R:localhost/127.0.0.1:64867]' for 'POST' to 'http://localhost:64867/session/18b8c565a0484cf185fedbbf909f14a6/url'
08:37:46.321 [Forwarding get on session 18b8c565a0484cf185fedbbf909f14a6 to remote] DEBUG org.asynchttpclient.netty.request.NettyRequestSender - Using open Channel [id: 0x5302f37c, L:/127.0.0.1:61249 - R:localhost/127.0.0.1:64867] for POST '/session/18b8c565a0484cf185fedbbf909f14a6/url'
08:37:46.329 [AsyncHttpClient-1-1] DEBUG org.asynchttpclient.netty.channel.DefaultChannelPool - Entry count for : http://localhost:61250 : 1
08:37:46.527 [AsyncHttpClient-1-13] DEBUG org.asynchttpclient.netty.handler.HttpHandler - 

Request DefaultHttpRequest(decodeResult: success, version: HTTP/1.1)
POST /session/18b8c565a0484cf185fedbbf909f14a6/url HTTP/1.1
User-Agent: selenium/4.1.2 (java windows)
Content-Length: 49
Content-Type: application/json; charset=utf-8
host: localhost:64867
accept: */*

Response DefaultHttpResponse(decodeResult: success, version: HTTP/1.1)
HTTP/1.1 200 OK
Content-Type: application/json; charset=utf-8
cache-control: no-cache
content-length: 14

08:37:46.527 [AsyncHttpClient-1-13] DEBUG org.asynchttpclient.netty.channel.ChannelManager - Adding key: http://localhost:64867 for channel [id: 0x5302f37c, L:/127.0.0.1:61249 - R:localhost/127.0.0.1:64867]
08:37:46.530 [Forwarding getCurrentUrl on session 18b8c565a0484cf185fedbbf909f14a6 to remote] DEBUG org.asynchttpclient.netty.request.NettyRequestSender - Using pooled Channel '[id: 0x5302f37c, L:/127.0.0.1:61249 - R:localhost/127.0.0.1:64867]' for 'GET' to 'http://localhost:64867/session/18b8c565a0484cf185fedbbf909f14a6/url'
08:37:46.531 [Forwarding getCurrentUrl on session 18b8c565a0484cf185fedbbf909f14a6 to remote] DEBUG org.asynchttpclient.netty.request.NettyRequestSender - Using open Channel [id: 0x5302f37c, L:/127.0.0.1:61249 - R:localhost/127.0.0.1:64867] for GET '/session/18b8c565a0484cf185fedbbf909f14a6/url'
08:37:46.539 [AsyncHttpClient-1-13] DEBUG org.asynchttpclient.netty.handler.HttpHandler - 

Request DefaultFullHttpRequest(decodeResult: success, version: HTTP/1.1, content: EmptyByteBufBE)
GET /session/18b8c565a0484cf185fedbbf909f14a6/url HTTP/1.1
User-Agent: selenium/4.1.2 (java windows)
Cache-Control: no-cache
Content-Type: application/json; charset=utf-8
host: localhost:64867
accept: */*

Response DefaultHttpResponse(decodeResult: success, version: HTTP/1.1)
HTTP/1.1 200 OK
Content-Type: application/json; charset=utf-8
cache-control: no-cache
content-length: 31

08:37:46.539 [AsyncHttpClient-1-13] DEBUG org.asynchttpclient.netty.channel.ChannelManager - Adding key: http://localhost:64867 for channel [id: 0x5302f37c, L:/127.0.0.1:61249 - R:localhost/127.0.0.1:64867]
08:37:46.545 [Forwarding screenshot on session 18b8c565a0484cf185fedbbf909f14a6 to remote] DEBUG org.asynchttpclient.netty.request.NettyRequestSender - Using pooled Channel '[id: 0x5302f37c, L:/127.0.0.1:61249 - R:localhost/127.0.0.1:64867]' for 'GET' to 'http://localhost:64867/session/18b8c565a0484cf185fedbbf909f14a6/screenshot'
08:37:46.545 [Forwarding screenshot on session 18b8c565a0484cf185fedbbf909f14a6 to remote] DEBUG org.asynchttpclient.netty.request.NettyRequestSender - Using open Channel [id: 0x5302f37c, L:/127.0.0.1:61249 - R:localhost/127.0.0.1:64867] for GET '/session/18b8c565a0484cf185fedbbf909f14a6/screenshot'
08:37:46.735 [AsyncHttpClient-1-13] DEBUG org.asynchttpclient.netty.handler.HttpHandler - 

Request DefaultFullHttpRequest(decodeResult: success, version: HTTP/1.1, content: EmptyByteBufBE)
GET /session/18b8c565a0484cf185fedbbf909f14a6/screenshot HTTP/1.1
User-Agent: selenium/4.1.2 (java windows)
Cache-Control: no-cache
Content-Type: application/json; charset=utf-8
host: localhost:64867
accept: */*

Response DefaultHttpResponse(decodeResult: success, version: HTTP/1.1)
HTTP/1.1 200 OK
Content-Type: application/json; charset=utf-8
cache-control: no-cache
content-length: 30152

08:37:46.735 [AsyncHttpClient-1-13] DEBUG org.asynchttpclient.netty.channel.ChannelManager - Adding key: http://localhost:64867 for channel [id: 0x5302f37c, L:/127.0.0.1:61249 - R:localhost/127.0.0.1:64867]
08:37:46.736 [main] DEBUG net.serenitybdd.core.photography.Darkroom - Send negative for processing for target\site\serenity\7cdd28bd1e0141b91c13c5fd3296dc7759b77760a2b76cda06e89253d621531a.png
08:37:46.736 [main] DEBUG net.thucydides.core.steps.StepInterceptor - STEP DONE: openUrl
08:37:46.736 [Darkroom Processing Line] DEBUG net.serenitybdd.core.photography.DarkroomProcessingLine - Processing screenshot image in /var/screenshots/screenshot-3140530261092524720
08:37:46.736 [Darkroom Processing Line] DEBUG net.serenitybdd.core.photography.DarkroomProcessingLine - Saving screenshot to target\site\serenity\7cdd28bd1e0141b91c13c5fd3296dc7759b77760a2b76cda06e89253d621531a.png
08:37:46.740 [main] DEBUG net.thucydides.core.steps.StepInterceptor - STARTING STEP: stepdefinition.iAmOnLoginPage - clickIconLogin
08:37:46.742 [Forwarding findElement on session 18b8c565a0484cf185fedbbf909f14a6 to remote] DEBUG org.asynchttpclient.netty.request.NettyRequestSender - Using pooled Channel '[id: 0x5302f37c, L:/127.0.0.1:61249 - R:localhost/127.0.0.1:64867]' for 'POST' to 'http://localhost:64867/session/18b8c565a0484cf185fedbbf909f14a6/element'
08:37:46.742 [Forwarding findElement on session 18b8c565a0484cf185fedbbf909f14a6 to remote] DEBUG org.asynchttpclient.netty.request.NettyRequestSender - Using open Channel [id: 0x5302f37c, L:/127.0.0.1:61249 - R:localhost/127.0.0.1:64867] for POST '/session/18b8c565a0484cf185fedbbf909f14a6/element'
08:37:46.755 [AsyncHttpClient-1-13] DEBUG org.asynchttpclient.netty.handler.HttpHandler - 

Request DefaultHttpRequest(decodeResult: success, version: HTTP/1.1)
POST /session/18b8c565a0484cf185fedbbf909f14a6/element HTTP/1.1
User-Agent: selenium/4.1.2 (java windows)
Content-Length: 170
Content-Type: application/json; charset=utf-8
host: localhost:64867
accept: */*

Response DefaultHttpResponse(decodeResult: success, version: HTTP/1.1)
HTTP/1.1 200 OK
Content-Type: application/json; charset=utf-8
cache-control: no-cache
content-length: 88

08:37:46.755 [AsyncHttpClient-1-13] DEBUG org.asynchttpclient.netty.channel.ChannelManager - Adding key: http://localhost:64867 for channel [id: 0x5302f37c, L:/127.0.0.1:61249 - R:localhost/127.0.0.1:64867]
08:37:46.757 [Forwarding getElementTagName on session 18b8c565a0484cf185fedbbf909f14a6 to remote] DEBUG org.asynchttpclient.netty.request.NettyRequestSender - Using pooled Channel '[id: 0x5302f37c, L:/127.0.0.1:61249 - R:localhost/127.0.0.1:64867]' for 'GET' to 'http://localhost:64867/session/18b8c565a0484cf185fedbbf909f14a6/element/724286bb-e198-40e9-a4ba-a6136d09ee2f/name'
08:37:46.757 [Forwarding getElementTagName on session 18b8c565a0484cf185fedbbf909f14a6 to remote] DEBUG org.asynchttpclient.netty.request.NettyRequestSender - Using open Channel [id: 0x5302f37c, L:/127.0.0.1:61249 - R:localhost/127.0.0.1:64867] for GET '/session/18b8c565a0484cf185fedbbf909f14a6/element/724286bb-e198-40e9-a4ba-a6136d09ee2f/name'
08:37:46.761 [AsyncHttpClient-1-13] DEBUG org.asynchttpclient.netty.handler.HttpHandler - 

Request DefaultFullHttpRequest(decodeResult: success, version: HTTP/1.1, content: EmptyByteBufBE)
GET /session/18b8c565a0484cf185fedbbf909f14a6/element/724286bb-e198-40e9-a4ba-a6136d09ee2f/name HTTP/1.1
User-Agent: selenium/4.1.2 (java windows)
Cache-Control: no-cache
Content-Type: application/json; charset=utf-8
host: localhost:64867
accept: */*

Response DefaultHttpResponse(decodeResult: success, version: HTTP/1.1)
HTTP/1.1 200 OK
Content-Type: application/json; charset=utf-8
cache-control: no-cache
content-length: 13

08:37:46.761 [AsyncHttpClient-1-13] DEBUG org.asynchttpclient.netty.channel.ChannelManager - Adding key: http://localhost:64867 for channel [id: 0x5302f37c, L:/127.0.0.1:61249 - R:localhost/127.0.0.1:64867]
08:37:46.763 [Forwarding getElementTagName on session 18b8c565a0484cf185fedbbf909f14a6 to remote] DEBUG org.asynchttpclient.netty.request.NettyRequestSender - Using pooled Channel '[id: 0x5302f37c, L:/127.0.0.1:61249 - R:localhost/127.0.0.1:64867]' for 'GET' to 'http://localhost:64867/session/18b8c565a0484cf185fedbbf909f14a6/element/724286bb-e198-40e9-a4ba-a6136d09ee2f/name'
08:37:46.763 [Forwarding getElementTagName on session 18b8c565a0484cf185fedbbf909f14a6 to remote] DEBUG org.asynchttpclient.netty.request.NettyRequestSender - Using open Channel [id: 0x5302f37c, L:/127.0.0.1:61249 - R:localhost/127.0.0.1:64867] for GET '/session/18b8c565a0484cf185fedbbf909f14a6/element/724286bb-e198-40e9-a4ba-a6136d09ee2f/name'
08:37:46.766 [AsyncHttpClient-1-13] DEBUG org.asynchttpclient.netty.handler.HttpHandler - 

Request DefaultFullHttpRequest(decodeResult: success, version: HTTP/1.1, content: EmptyByteBufBE)
GET /session/18b8c565a0484cf185fedbbf909f14a6/element/724286bb-e198-40e9-a4ba-a6136d09ee2f/name HTTP/1.1
User-Agent: selenium/4.1.2 (java windows)
Cache-Control: no-cache
Content-Type: application/json; charset=utf-8
host: localhost:64867
accept: */*

Response DefaultHttpResponse(decodeResult: success, version: HTTP/1.1)
HTTP/1.1 200 OK
Content-Type: application/json; charset=utf-8
cache-control: no-cache
content-length: 13

08:37:46.766 [AsyncHttpClient-1-13] DEBUG org.asynchttpclient.netty.channel.ChannelManager - Adding key: http://localhost:64867 for channel [id: 0x5302f37c, L:/127.0.0.1:61249 - R:localhost/127.0.0.1:64867]
08:37:46.768 [Forwarding findElement on session 18b8c565a0484cf185fedbbf909f14a6 to remote] DEBUG org.asynchttpclient.netty.request.NettyRequestSender - Using pooled Channel '[id: 0x5302f37c, L:/127.0.0.1:61249 - R:localhost/127.0.0.1:64867]' for 'POST' to 'http://localhost:64867/session/18b8c565a0484cf185fedbbf909f14a6/element'
08:37:46.768 [Forwarding findElement on session 18b8c565a0484cf185fedbbf909f14a6 to remote] DEBUG org.asynchttpclient.netty.request.NettyRequestSender - Using open Channel [id: 0x5302f37c, L:/127.0.0.1:61249 - R:localhost/127.0.0.1:64867] for POST '/session/18b8c565a0484cf185fedbbf909f14a6/element'
08:37:46.775 [AsyncHttpClient-1-13] DEBUG org.asynchttpclient.netty.handler.HttpHandler - 

Request DefaultHttpRequest(decodeResult: success, version: HTTP/1.1)
POST /session/18b8c565a0484cf185fedbbf909f14a6/element HTTP/1.1
User-Agent: selenium/4.1.2 (java windows)
Content-Length: 170
Content-Type: application/json; charset=utf-8
host: localhost:64867
accept: */*

Response DefaultHttpResponse(decodeResult: success, version: HTTP/1.1)
HTTP/1.1 200 OK
Content-Type: application/json; charset=utf-8
cache-control: no-cache
content-length: 88

08:37:46.775 [AsyncHttpClient-1-13] DEBUG org.asynchttpclient.netty.channel.ChannelManager - Adding key: http://localhost:64867 for channel [id: 0x5302f37c, L:/127.0.0.1:61249 - R:localhost/127.0.0.1:64867]
08:37:46.776 [Forwarding clickElement on session 18b8c565a0484cf185fedbbf909f14a6 to remote] DEBUG org.asynchttpclient.netty.request.NettyRequestSender - Using pooled Channel '[id: 0x5302f37c, L:/127.0.0.1:61249 - R:localhost/127.0.0.1:64867]' for 'POST' to 'http://localhost:64867/session/18b8c565a0484cf185fedbbf909f14a6/element/724286bb-e198-40e9-a4ba-a6136d09ee2f/click'
08:37:46.776 [Forwarding clickElement on session 18b8c565a0484cf185fedbbf909f14a6 to remote] DEBUG org.asynchttpclient.netty.request.NettyRequestSender - Using open Channel [id: 0x5302f37c, L:/127.0.0.1:61249 - R:localhost/127.0.0.1:64867] for POST '/session/18b8c565a0484cf185fedbbf909f14a6/element/724286bb-e198-40e9-a4ba-a6136d09ee2f/click'
08:37:46.821 [AsyncHttpClient-1-13] DEBUG org.asynchttpclient.netty.handler.HttpHandler - 

Request DefaultHttpRequest(decodeResult: success, version: HTTP/1.1)
POST /session/18b8c565a0484cf185fedbbf909f14a6/element/724286bb-e198-40e9-a4ba-a6136d09ee2f/click HTTP/1.1
User-Agent: selenium/4.1.2 (java windows)
Content-Length: 50
Content-Type: application/json; charset=utf-8
host: localhost:64867
accept: */*

Response DefaultHttpResponse(decodeResult: success, version: HTTP/1.1)
HTTP/1.1 200 OK
Content-Type: application/json; charset=utf-8
cache-control: no-cache
content-length: 14

08:37:46.821 [AsyncHttpClient-1-13] DEBUG org.asynchttpclient.netty.channel.ChannelManager - Adding key: http://localhost:64867 for channel [id: 0x5302f37c, L:/127.0.0.1:61249 - R:localhost/127.0.0.1:64867]
08:37:46.827 [Forwarding screenshot on session 18b8c565a0484cf185fedbbf909f14a6 to remote] DEBUG org.asynchttpclient.netty.request.NettyRequestSender - Using pooled Channel '[id: 0x5302f37c, L:/127.0.0.1:61249 - R:localhost/127.0.0.1:64867]' for 'GET' to 'http://localhost:64867/session/18b8c565a0484cf185fedbbf909f14a6/screenshot'
08:37:46.827 [Forwarding screenshot on session 18b8c565a0484cf185fedbbf909f14a6 to remote] DEBUG org.asynchttpclient.netty.request.NettyRequestSender - Using open Channel [id: 0x5302f37c, L:/127.0.0.1:61249 - R:localhost/127.0.0.1:64867] for GET '/session/18b8c565a0484cf185fedbbf909f14a6/screenshot'
08:37:47.080 [AsyncHttpClient-1-13] DEBUG org.asynchttpclient.netty.handler.HttpHandler - 

Request DefaultFullHttpRequest(decodeResult: success, version: HTTP/1.1, content: EmptyByteBufBE)
GET /session/18b8c565a0484cf185fedbbf909f14a6/screenshot HTTP/1.1
User-Agent: selenium/4.1.2 (java windows)
Cache-Control: no-cache
Content-Type: application/json; charset=utf-8
host: localhost:64867
accept: */*

Response DefaultHttpResponse(decodeResult: success, version: HTTP/1.1)
HTTP/1.1 200 OK
Content-Type: application/json; charset=utf-8
cache-control: no-cache
content-length: 40660

08:37:47.080 [AsyncHttpClient-1-13] DEBUG org.asynchttpclient.netty.channel.ChannelManager - Adding key: http://localhost:64867 for channel [id: 0x5302f37c, L:/127.0.0.1:61249 - R:localhost/127.0.0.1:64867]
08:37:47.081 [main] DEBUG net.serenitybdd.core.photography.Darkroom - Send negative for processing for target\site\serenity\b4c897ee28525292132fd9351cdaa681573059efaa73540638ee2b51e216b72d.png
08:37:47.082 [main] DEBUG net.thucydides.core.steps.StepInterceptor - STEP DONE: clickIconLogin
  &amp#27;[32mThen &amp#27;[0m&amp#27;[32mi am on login page&amp#27;[0m                 &amp#27;[90m# starter.stepdefinitions.stepdefinition.iAmOnLoginPage()&amp#27;[0m
08:37:47.082 [Darkroom Processing Line] DEBUG net.serenitybdd.core.photography.DarkroomProcessingLine - Processing screenshot image in /var/screenshots/screenshot-14821901107545737595
08:37:47.082 [Darkroom Processing Line] DEBUG net.serenitybdd.core.photography.DarkroomProcessingLine - Saving screenshot to target\site\serenity\b4c897ee28525292132fd9351cdaa681573059efaa73540638ee2b51e216b72d.png
08:37:47.087 [main] INFO  - 
  _____   ___   ___   _____     ___     _     ___   ___   ___   ___  
 |_   _| | __| / __| |_   _|   | _ \   /_\   / __| / __| | __| |   \ 
   | |   | _|  \__ \   | |     |  _/  / _ \  \__ \ \__ \ | _|  | |) |
   |_|   |___| |___/   |_|     |_|   /_/ \_\ |___/ |___/ |___| |___/ 

buy product without login first
----------------------------------------------------------------------
08:37:47.088 [AsyncHttpClient-1-15] DEBUG org.asynchttpclient.netty.handler.WebSocketHandler - Channel Closed: [id: 0x20cd06f9, L:/127.0.0.1:61258 ! R:localhost/127.0.0.1:61250] with attribute NettyResponseFuture{currentRetry=5,
	isDone=1,
	isCancelled=0,
	asyncHandler=org.asynchttpclient.ws.WebSocketUpgradeHandler@3b03a934,
	nettyRequest=org.asynchttpclient.netty.request.NettyRequest@2cd9c6d3,
	future=java.util.concurrent.CompletableFuture@45444f19[Completed normally],
	uri=ws://localhost:61250/devtools/browser/6852c2a8-c58c-44c3-9032-e1a3a70545aa,
	keepAlive=true,
	redirectCount=0,
	timeoutsHolder=null,
	inAuth=0,
	touch=1652837860016}
08:37:47.088 [AsyncHttpClient-1-15] DEBUG org.asynchttpclient.netty.channel.ChannelManager - Closing Channel [id: 0x20cd06f9, L:/127.0.0.1:61258 ! R:localhost/127.0.0.1:61250] 
08:37:47.088 [Driver Command Executor] DEBUG org.asynchttpclient.netty.request.NettyRequestSender - Using pooled Channel '[id: 0x5302f37c, L:/127.0.0.1:61249 - R:localhost/127.0.0.1:64867]' for 'DELETE' to 'http://localhost:64867/session/18b8c565a0484cf185fedbbf909f14a6'
08:37:47.088 [Driver Command Executor] DEBUG org.asynchttpclient.netty.request.NettyRequestSender - Using open Channel [id: 0x5302f37c, L:/127.0.0.1:61249 - R:localhost/127.0.0.1:64867] for DELETE '/session/18b8c565a0484cf185fedbbf909f14a6'
08:37:47.120 [AsyncHttpClient-1-14] DEBUG org.asynchttpclient.netty.handler.HttpHandler - Unexpected I/O exception on channel [id: 0x37a50791, L:/127.0.0.1:61257 - R:localhost/127.0.0.1:61250]
java.net.SocketException: Connection reset
	at java.base/sun.nio.ch.SocketChannelImpl.throwConnectionReset(SocketChannelImpl.java:367)
	at java.base/sun.nio.ch.SocketChannelImpl.read(SocketChannelImpl.java:398)
	at io.netty.buffer.PooledByteBuf.setBytes(PooledByteBuf.java:258)
	at io.netty.buffer.AbstractByteBuf.writeBytes(AbstractByteBuf.java:1132)
	at io.netty.channel.socket.nio.NioSocketChannel.doReadBytes(NioSocketChannel.java:350)
	at io.netty.channel.nio.AbstractNioByteChannel$NioByteUnsafe.read(AbstractNioByteChannel.java:151)
	at io.netty.channel.nio.NioEventLoop.processSelectedKey(NioEventLoop.java:722)
	at io.netty.channel.nio.NioEventLoop.processSelectedKeysOptimized(NioEventLoop.java:658)
	at io.netty.channel.nio.NioEventLoop.processSelectedKeys(NioEventLoop.java:584)
	at io.netty.channel.nio.NioEventLoop.run(NioEventLoop.java:496)
	at io.netty.util.concurrent.SingleThreadEventExecutor$4.run(SingleThreadEventExecutor.java:986)
	at io.netty.util.internal.ThreadExecutorMap$2.run(ThreadExecutorMap.java:74)
	at io.netty.util.concurrent.FastThreadLocalRunnable.run(FastThreadLocalRunnable.java:30)
	at java.base/java.lang.Thread.run(Thread.java:832)
08:37:47.120 [AsyncHttpClient-1-14] DEBUG org.asynchttpclient.netty.channel.ChannelManager - Closing Channel [id: 0x37a50791, L:/127.0.0.1:61257 - R:localhost/127.0.0.1:61250] 
08:37:47.120 [AsyncHttpClient-1-14] DEBUG org.asynchttpclient.netty.handler.HttpHandler - Channel Closed: [id: 0x37a50791, L:/127.0.0.1:61257 ! R:localhost/127.0.0.1:61250] with attribute DISCARD
08:37:47.143 [AsyncHttpClient-1-13] DEBUG org.asynchttpclient.netty.handler.HttpHandler - 

Request DefaultFullHttpRequest(decodeResult: success, version: HTTP/1.1, content: EmptyByteBufBE)
DELETE /session/18b8c565a0484cf185fedbbf909f14a6 HTTP/1.1
User-Agent: selenium/4.1.2 (java windows)
Content-Type: application/json; charset=utf-8
host: localhost:64867
accept: */*

Response DefaultHttpResponse(decodeResult: success, version: HTTP/1.1)
HTTP/1.1 200 OK
Content-Type: application/json; charset=utf-8
cache-control: no-cache
content-length: 14

08:37:47.143 [AsyncHttpClient-1-13] DEBUG org.asynchttpclient.netty.channel.ChannelManager - Adding key: http://localhost:64867 for channel [id: 0x5302f37c, L:/127.0.0.1:61249 - R:localhost/127.0.0.1:64867]
08:37:47.231 [AsyncHttpClient-1-13] DEBUG org.asynchttpclient.netty.handler.HttpHandler - Channel Closed: [id: 0x5302f37c, L:/127.0.0.1:61249 ! R:localhost/127.0.0.1:64867] with attribute DISCARD
08:37:47.432 [AsyncHttpClient-1-1] DEBUG org.asynchttpclient.netty.channel.DefaultChannelPool - Entry count for : http://localhost:61250 : 1
08:37:47.432 [AsyncHttpClient-1-1] DEBUG org.asynchttpclient.netty.channel.DefaultChannelPool - Entry count for : http://localhost:64867 : 1
08:37:47.432 [AsyncHttpClient-1-1] DEBUG org.asynchttpclient.netty.channel.DefaultChannelPool - Adding Candidate expired Channel [id: 0x37a50791, L:/127.0.0.1:61257 ! R:localhost/127.0.0.1:61250] isIdleTimeoutExpired=false isRemotelyClosed=true isTtlExpired=false
08:37:47.432 [AsyncHttpClient-1-1] DEBUG org.asynchttpclient.netty.channel.DefaultChannelPool - Closing Idle Channel [id: 0x37a50791, L:/127.0.0.1:61257 ! R:localhost/127.0.0.1:61250]
08:37:47.432 [AsyncHttpClient-1-1] DEBUG org.asynchttpclient.netty.channel.DefaultChannelPool - Adding Candidate expired Channel [id: 0x5302f37c, L:/127.0.0.1:61249 ! R:localhost/127.0.0.1:64867] isIdleTimeoutExpired=false isRemotelyClosed=true isTtlExpired=false
08:37:47.432 [AsyncHttpClient-1-1] DEBUG org.asynchttpclient.netty.channel.DefaultChannelPool - Closing Idle Channel [id: 0x5302f37c, L:/127.0.0.1:61249 ! R:localhost/127.0.0.1:64867]
08:37:47.432 [AsyncHttpClient-1-1] DEBUG org.asynchttpclient.netty.channel.DefaultChannelPool - Closed 2 connections out of 2 in 0 ms
]]></system-out>
    <system-err><![CDATA[Starting ChromeDriver 101.0.4951.41 (93c720db8323b3ec10d056025ab95c23a31997c9-refs/branch-heads/4951@{#904}) on port 64867
Only local connections are allowed.
Please see https://chromedriver.chromium.org/security-considerations for suggestions on keeping ChromeDriver safe.
ChromeDriver was started successfully.
May 18, 2022 8:37:40 AM org.openqa.selenium.remote.ProtocolHandshake createSession
INFO: Detected dialect: W3C
May 18, 2022 8:37:40 AM org.openqa.selenium.devtools.CdpVersionFinder findNearestMatch
WARNING: Unable to find an exact match for CDP version 101, so returning the closest version found: 97
May 18, 2022 8:37:40 AM org.openqa.selenium.devtools.CdpVersionFinder findNearestMatch
INFO: Found CDP implementation for version 101 of 97
]]></system-err>
  </testcase>
  <testcase name="buy product without register first" classname="transaction #2" time="10.556">
    <system-out><![CDATA[
@transwithoutRegister
Scenario: buy product without register first &amp#27;[90m# src/test/resources/features/transaction.feature:24&amp#27;[0m
08:37:47.760 [main] INFO io.cucumber.core.plugin.SerenityReporter - Running feature from file:///D:/PERKULIAHAN/Semester%206,Hebatt%20glad!/Altera/QE_Gladys-Cindana-Asri-Pardosi/Mini-Project/Web/src/test/resources/features/transaction.feature
08:37:47.762 [main] INFO  - 
  _____   ___   ___   _____     ___   _____     _     ___   _____   ___   ___  
 |_   _| | __| / __| |_   _|   / __| |_   _|   /_\   | _ \ |_   _| | __| |   \ 
   | |   | _|  \__ \   | |     \__ \   | |    / _ \  |   /   | |   | _|  | |) |
   |_|   |___| |___/   |_|     |___/   |_|   /_/ \_\ |_|_\   |_|   |___| |___/ 

buy product without register first(transaction;buy-product-without-register-first)
--------------------------------------------------------------------------------
08:37:47.767 [main] INFO net.serenitybdd.core.webdriver.driverproviders.ChromeDriverProvider - Using automatically driver download
08:37:47.874 [main] DEBUG io.github.bonigarcia.wdm.cache.ResolutionCache - Resolution chrome=101 in cache (valid until 09:23:35 18/05/2022 WIB)
08:37:47.877 [main] DEBUG io.github.bonigarcia.wdm.cache.ResolutionCache - Resolution chrome101=101.0.4951.41 in cache (valid until 18:48:44 18/05/2022 WIB)
08:37:47.879 [main] INFO io.github.bonigarcia.wdm.WebDriverManager - Using chromedriver 101.0.4951.41 (resolved driver for Chrome 101)
08:37:47.889 [main] DEBUG io.github.bonigarcia.wdm.WebDriverManager - Driver chromedriver 101.0.4951.41 found in cache
08:37:47.890 [main] INFO io.github.bonigarcia.wdm.WebDriverManager - Exporting webdriver.chrome.driver as C:\Users\ASUS\.cache\selenium\chromedriver\win32\101.0.4951.41\chromedriver.exe
08:37:48.004 [main] DEBUG net.serenitybdd.core.webdriver.driverproviders.ProvideNewDriver - Instantiating driver
08:37:48.004 [main] DEBUG net.serenitybdd.core.webdriver.driverproviders.ProvideNewDriver - Driver capabilities: Capabilities {acceptInsecureCerts: false, base.url: , browserName: chrome, goog:chromeOptions: {args: [], extensions: []}}
08:37:48.541 [AsyncHttpClient-1-16] DEBUG org.asynchttpclient.netty.channel.NettyConnectListener - Using new Channel '[id: 0x54556f10, L:/127.0.0.1:61297 - R:localhost/127.0.0.1:60890]' for 'POST' to '/session'
08:37:49.262 [AsyncHttpClient-1-16] DEBUG org.asynchttpclient.netty.handler.HttpHandler - 

Request DefaultHttpRequest(decodeResult: success, version: HTTP/1.1)
POST /session HTTP/1.1
User-Agent: selenium/4.1.2 (java windows)
Content-Length: 457
Content-Type: application/json; charset=utf-8
host: localhost:60890
accept: */*

Response DefaultHttpResponse(decodeResult: success, version: HTTP/1.1)
HTTP/1.1 200 OK
Content-Type: application/json; charset=utf-8
cache-control: no-cache
content-length: 788

08:37:49.263 [AsyncHttpClient-1-16] DEBUG org.asynchttpclient.netty.channel.ChannelManager - Adding key: http://localhost:60890 for channel [id: 0x54556f10, L:/127.0.0.1:61297 - R:localhost/127.0.0.1:60890]
08:37:49.271 [AsyncHttpClient-1-17] DEBUG org.asynchttpclient.netty.channel.NettyConnectListener - Using new Channel '[id: 0x0adb5e7a, L:/127.0.0.1:61305 - R:localhost/127.0.0.1:61298]' for 'GET' to '/json/version'
08:37:49.272 [AsyncHttpClient-1-17] DEBUG org.asynchttpclient.netty.handler.HttpHandler - 

Request DefaultFullHttpRequest(decodeResult: success, version: HTTP/1.1, content: EmptyByteBufBE)
GET /json/version HTTP/1.1
User-Agent: selenium/4.1.2 (java windows)
host: localhost:61298
accept: */*

Response DefaultHttpResponse(decodeResult: success, version: HTTP/1.1)
HTTP/1.1 200 OK
Content-Type: application/json; charset=UTF-8
content-length: 427

08:37:49.272 [AsyncHttpClient-1-17] DEBUG org.asynchttpclient.netty.channel.ChannelManager - Adding key: http://localhost:61298 for channel [id: 0x0adb5e7a, L:/127.0.0.1:61305 - R:localhost/127.0.0.1:61298]
08:37:49.273 [AsyncHttpClient-1-2] DEBUG org.asynchttpclient.netty.channel.NettyConnectListener - Using new Channel '[id: 0x27cddfee, L:/127.0.0.1:61306 - R:localhost/127.0.0.1:61298]' for 'GET' to '/devtools/browser/2d02b9cf-d89c-412b-9c5b-f543da7827b2'
08:37:49.274 [AsyncHttpClient-1-2] DEBUG org.asynchttpclient.netty.handler.WebSocketHandler - 

Request DefaultFullHttpRequest(decodeResult: success, version: HTTP/1.1, content: EmptyByteBufBE)
GET /devtools/browser/2d02b9cf-d89c-412b-9c5b-f543da7827b2 HTTP/1.1
upgrade: websocket
connection: upgrade
sec-websocket-key: FfH2hDF5dzmKYK4qRAVktg==
sec-websocket-version: 13
origin: http://localhost:61298
host: localhost:61298
accept: */*
user-agent: AHC/2.1

Response DefaultHttpResponse(decodeResult: success, version: HTTP/1.1)
HTTP/1.1 101 WebSocket Protocol Handshake
Upgrade: WebSocket
Connection: Upgrade
Sec-WebSocket-Accept: vWs5UyhZ3tuaa3uruFQosSg1bbo=

08:37:49.277 [Forwarding get on session d210f8e8555ce3ecaf2bff8229afe89b to remote] DEBUG org.asynchttpclient.netty.request.NettyRequestSender - Using pooled Channel '[id: 0x54556f10, L:/127.0.0.1:61297 - R:localhost/127.0.0.1:60890]' for 'POST' to 'http://localhost:60890/session/d210f8e8555ce3ecaf2bff8229afe89b/url'
08:37:49.277 [Forwarding get on session d210f8e8555ce3ecaf2bff8229afe89b to remote] DEBUG org.asynchttpclient.netty.request.NettyRequestSender - Using open Channel [id: 0x54556f10, L:/127.0.0.1:61297 - R:localhost/127.0.0.1:60890] for POST '/session/d210f8e8555ce3ecaf2bff8229afe89b/url'
08:37:49.627 [AsyncHttpClient-1-1] DEBUG org.asynchttpclient.netty.channel.DefaultChannelPool - Entry count for : http://localhost:61298 : 1
08:37:50.731 [AsyncHttpClient-1-1] DEBUG org.asynchttpclient.netty.channel.DefaultChannelPool - Entry count for : http://localhost:61298 : 1
08:37:51.829 [AsyncHttpClient-1-1] DEBUG org.asynchttpclient.netty.channel.DefaultChannelPool - Entry count for : http://localhost:61298 : 1
08:37:52.933 [AsyncHttpClient-1-1] DEBUG org.asynchttpclient.netty.channel.DefaultChannelPool - Entry count for : http://localhost:61298 : 1
08:37:53.043 [AsyncHttpClient-1-16] DEBUG org.asynchttpclient.netty.handler.HttpHandler - 

Request DefaultHttpRequest(decodeResult: success, version: HTTP/1.1)
POST /session/d210f8e8555ce3ecaf2bff8229afe89b/url HTTP/1.1
User-Agent: selenium/4.1.2 (java windows)
Content-Length: 49
Content-Type: application/json; charset=utf-8
host: localhost:60890
accept: */*

Response DefaultHttpResponse(decodeResult: success, version: HTTP/1.1)
HTTP/1.1 200 OK
Content-Type: application/json; charset=utf-8
cache-control: no-cache
content-length: 14

08:37:53.043 [AsyncHttpClient-1-16] DEBUG org.asynchttpclient.netty.channel.ChannelManager - Adding key: http://localhost:60890 for channel [id: 0x54556f10, L:/127.0.0.1:61297 - R:localhost/127.0.0.1:60890]
08:37:53.044 [Forwarding setTimeout on session d210f8e8555ce3ecaf2bff8229afe89b to remote] DEBUG org.asynchttpclient.netty.request.NettyRequestSender - Using pooled Channel '[id: 0x54556f10, L:/127.0.0.1:61297 - R:localhost/127.0.0.1:60890]' for 'POST' to 'http://localhost:60890/session/d210f8e8555ce3ecaf2bff8229afe89b/timeouts'
08:37:53.044 [Forwarding setTimeout on session d210f8e8555ce3ecaf2bff8229afe89b to remote] DEBUG org.asynchttpclient.netty.request.NettyRequestSender - Using open Channel [id: 0x54556f10, L:/127.0.0.1:61297 - R:localhost/127.0.0.1:60890] for POST '/session/d210f8e8555ce3ecaf2bff8229afe89b/timeouts'
08:37:53.044 [AsyncHttpClient-1-16] DEBUG org.asynchttpclient.netty.handler.HttpHandler - 

Request DefaultHttpRequest(decodeResult: success, version: HTTP/1.1)
POST /session/d210f8e8555ce3ecaf2bff8229afe89b/timeouts HTTP/1.1
User-Agent: selenium/4.1.2 (java windows)
Content-Length: 22
Content-Type: application/json; charset=utf-8
host: localhost:60890
accept: */*

Response DefaultHttpResponse(decodeResult: success, version: HTTP/1.1)
HTTP/1.1 200 OK
Content-Type: application/json; charset=utf-8
cache-control: no-cache
content-length: 14

08:37:53.044 [AsyncHttpClient-1-16] DEBUG org.asynchttpclient.netty.channel.ChannelManager - Adding key: http://localhost:60890 for channel [id: 0x54556f10, L:/127.0.0.1:61297 - R:localhost/127.0.0.1:60890]
08:37:53.045 [Forwarding getCurrentUrl on session d210f8e8555ce3ecaf2bff8229afe89b to remote] DEBUG org.asynchttpclient.netty.request.NettyRequestSender - Using pooled Channel '[id: 0x54556f10, L:/127.0.0.1:61297 - R:localhost/127.0.0.1:60890]' for 'GET' to 'http://localhost:60890/session/d210f8e8555ce3ecaf2bff8229afe89b/url'
08:37:53.045 [Forwarding getCurrentUrl on session d210f8e8555ce3ecaf2bff8229afe89b to remote] DEBUG org.asynchttpclient.netty.request.NettyRequestSender - Using open Channel [id: 0x54556f10, L:/127.0.0.1:61297 - R:localhost/127.0.0.1:60890] for GET '/session/d210f8e8555ce3ecaf2bff8229afe89b/url'
08:37:53.049 [AsyncHttpClient-1-16] DEBUG org.asynchttpclient.netty.handler.HttpHandler - 

Request DefaultFullHttpRequest(decodeResult: success, version: HTTP/1.1, content: EmptyByteBufBE)
GET /session/d210f8e8555ce3ecaf2bff8229afe89b/url HTTP/1.1
User-Agent: selenium/4.1.2 (java windows)
Cache-Control: no-cache
Content-Type: application/json; charset=utf-8
host: localhost:60890
accept: */*

Response DefaultHttpResponse(decodeResult: success, version: HTTP/1.1)
HTTP/1.1 200 OK
Content-Type: application/json; charset=utf-8
cache-control: no-cache
content-length: 31

08:37:53.049 [AsyncHttpClient-1-16] DEBUG org.asynchttpclient.netty.channel.ChannelManager - Adding key: http://localhost:60890 for channel [id: 0x54556f10, L:/127.0.0.1:61297 - R:localhost/127.0.0.1:60890]
  &amp#27;[32mGiven &amp#27;[0m&amp#27;[32mi am on home page&amp#27;[0m                    &amp#27;[90m# starter.stepdefinitions.orderStep.iAmOnHomePage()&amp#27;[0m
08:37:53.053 [Forwarding screenshot on session d210f8e8555ce3ecaf2bff8229afe89b to remote] DEBUG org.asynchttpclient.netty.request.NettyRequestSender - Using pooled Channel '[id: 0x54556f10, L:/127.0.0.1:61297 - R:localhost/127.0.0.1:60890]' for 'GET' to 'http://localhost:60890/session/d210f8e8555ce3ecaf2bff8229afe89b/screenshot'
08:37:53.053 [Forwarding screenshot on session d210f8e8555ce3ecaf2bff8229afe89b to remote] DEBUG org.asynchttpclient.netty.request.NettyRequestSender - Using open Channel [id: 0x54556f10, L:/127.0.0.1:61297 - R:localhost/127.0.0.1:60890] for GET '/session/d210f8e8555ce3ecaf2bff8229afe89b/screenshot'
08:37:53.421 [AsyncHttpClient-1-16] DEBUG org.asynchttpclient.netty.handler.HttpHandler - 

Request DefaultFullHttpRequest(decodeResult: success, version: HTTP/1.1, content: EmptyByteBufBE)
GET /session/d210f8e8555ce3ecaf2bff8229afe89b/screenshot HTTP/1.1
User-Agent: selenium/4.1.2 (java windows)
Cache-Control: no-cache
Content-Type: application/json; charset=utf-8
host: localhost:60890
accept: */*

Response DefaultHttpResponse(decodeResult: success, version: HTTP/1.1)
HTTP/1.1 200 OK
Content-Type: application/json; charset=utf-8
cache-control: no-cache
content-length: 42856

08:37:53.421 [AsyncHttpClient-1-16] DEBUG org.asynchttpclient.netty.channel.ChannelManager - Adding key: http://localhost:60890 for channel [id: 0x54556f10, L:/127.0.0.1:61297 - R:localhost/127.0.0.1:60890]
08:37:53.423 [main] DEBUG net.serenitybdd.core.photography.Darkroom - Send negative for processing for target\site\serenity\9d5e13dd1ed004b3c240ea08c429b519b20d9add3609f998a969bccfdf96a493.png
08:37:53.424 [Darkroom Processing Line] DEBUG net.serenitybdd.core.photography.DarkroomProcessingLine - Processing screenshot image in /var/screenshots/screenshot-17071345958758609348
08:37:53.424 [Darkroom Processing Line] DEBUG net.serenitybdd.core.photography.DarkroomProcessingLine - Saving screenshot to target\site\serenity\9d5e13dd1ed004b3c240ea08c429b519b20d9add3609f998a969bccfdf96a493.png
08:37:53.434 [Forwarding findElement on session d210f8e8555ce3ecaf2bff8229afe89b to remote] DEBUG org.asynchttpclient.netty.request.NettyRequestSender - Using pooled Channel '[id: 0x54556f10, L:/127.0.0.1:61297 - R:localhost/127.0.0.1:60890]' for 'POST' to 'http://localhost:60890/session/d210f8e8555ce3ecaf2bff8229afe89b/element'
08:37:53.434 [Forwarding findElement on session d210f8e8555ce3ecaf2bff8229afe89b to remote] DEBUG org.asynchttpclient.netty.request.NettyRequestSender - Using open Channel [id: 0x54556f10, L:/127.0.0.1:61297 - R:localhost/127.0.0.1:60890] for POST '/session/d210f8e8555ce3ecaf2bff8229afe89b/element'
08:37:54.029 [AsyncHttpClient-1-1] DEBUG org.asynchttpclient.netty.channel.DefaultChannelPool - Entry count for : http://localhost:61298 : 1
08:37:55.103 [AsyncHttpClient-1-16] DEBUG org.asynchttpclient.netty.handler.HttpHandler - 

Request DefaultHttpRequest(decodeResult: success, version: HTTP/1.1)
POST /session/d210f8e8555ce3ecaf2bff8229afe89b/element HTTP/1.1
User-Agent: selenium/4.1.2 (java windows)
Content-Length: 122
Content-Type: application/json; charset=utf-8
host: localhost:60890
accept: */*

Response DefaultHttpResponse(decodeResult: success, version: HTTP/1.1)
HTTP/1.1 200 OK
Content-Type: application/json; charset=utf-8
cache-control: no-cache
content-length: 88

08:37:55.103 [AsyncHttpClient-1-16] DEBUG org.asynchttpclient.netty.channel.ChannelManager - Adding key: http://localhost:60890 for channel [id: 0x54556f10, L:/127.0.0.1:61297 - R:localhost/127.0.0.1:60890]
08:37:55.104 [Forwarding getElementTagName on session d210f8e8555ce3ecaf2bff8229afe89b to remote] DEBUG org.asynchttpclient.netty.request.NettyRequestSender - Using pooled Channel '[id: 0x54556f10, L:/127.0.0.1:61297 - R:localhost/127.0.0.1:60890]' for 'GET' to 'http://localhost:60890/session/d210f8e8555ce3ecaf2bff8229afe89b/element/398f6439-3607-4141-94f7-9d2f333010ca/name'
08:37:55.104 [Forwarding getElementTagName on session d210f8e8555ce3ecaf2bff8229afe89b to remote] DEBUG org.asynchttpclient.netty.request.NettyRequestSender - Using open Channel [id: 0x54556f10, L:/127.0.0.1:61297 - R:localhost/127.0.0.1:60890] for GET '/session/d210f8e8555ce3ecaf2bff8229afe89b/element/398f6439-3607-4141-94f7-9d2f333010ca/name'
08:37:55.114 [AsyncHttpClient-1-16] DEBUG org.asynchttpclient.netty.handler.HttpHandler - 

Request DefaultFullHttpRequest(decodeResult: success, version: HTTP/1.1, content: EmptyByteBufBE)
GET /session/d210f8e8555ce3ecaf2bff8229afe89b/element/398f6439-3607-4141-94f7-9d2f333010ca/name HTTP/1.1
User-Agent: selenium/4.1.2 (java windows)
Cache-Control: no-cache
Content-Type: application/json; charset=utf-8
host: localhost:60890
accept: */*

Response DefaultHttpResponse(decodeResult: success, version: HTTP/1.1)
HTTP/1.1 200 OK
Content-Type: application/json; charset=utf-8
cache-control: no-cache
content-length: 16

08:37:55.114 [AsyncHttpClient-1-16] DEBUG org.asynchttpclient.netty.channel.ChannelManager - Adding key: http://localhost:60890 for channel [id: 0x54556f10, L:/127.0.0.1:61297 - R:localhost/127.0.0.1:60890]
08:37:55.116 [Forwarding getElementTagName on session d210f8e8555ce3ecaf2bff8229afe89b to remote] DEBUG org.asynchttpclient.netty.request.NettyRequestSender - Using pooled Channel '[id: 0x54556f10, L:/127.0.0.1:61297 - R:localhost/127.0.0.1:60890]' for 'GET' to 'http://localhost:60890/session/d210f8e8555ce3ecaf2bff8229afe89b/element/398f6439-3607-4141-94f7-9d2f333010ca/name'
08:37:55.116 [Forwarding getElementTagName on session d210f8e8555ce3ecaf2bff8229afe89b to remote] DEBUG org.asynchttpclient.netty.request.NettyRequestSender - Using open Channel [id: 0x54556f10, L:/127.0.0.1:61297 - R:localhost/127.0.0.1:60890] for GET '/session/d210f8e8555ce3ecaf2bff8229afe89b/element/398f6439-3607-4141-94f7-9d2f333010ca/name'
08:37:55.119 [AsyncHttpClient-1-16] DEBUG org.asynchttpclient.netty.handler.HttpHandler - 

Request DefaultFullHttpRequest(decodeResult: success, version: HTTP/1.1, content: EmptyByteBufBE)
GET /session/d210f8e8555ce3ecaf2bff8229afe89b/element/398f6439-3607-4141-94f7-9d2f333010ca/name HTTP/1.1
User-Agent: selenium/4.1.2 (java windows)
Cache-Control: no-cache
Content-Type: application/json; charset=utf-8
host: localhost:60890
accept: */*

Response DefaultHttpResponse(decodeResult: success, version: HTTP/1.1)
HTTP/1.1 200 OK
Content-Type: application/json; charset=utf-8
cache-control: no-cache
content-length: 16

08:37:55.119 [AsyncHttpClient-1-16] DEBUG org.asynchttpclient.netty.channel.ChannelManager - Adding key: http://localhost:60890 for channel [id: 0x54556f10, L:/127.0.0.1:61297 - R:localhost/127.0.0.1:60890]
08:37:55.121 [Forwarding findElement on session d210f8e8555ce3ecaf2bff8229afe89b to remote] DEBUG org.asynchttpclient.netty.request.NettyRequestSender - Using pooled Channel '[id: 0x54556f10, L:/127.0.0.1:61297 - R:localhost/127.0.0.1:60890]' for 'POST' to 'http://localhost:60890/session/d210f8e8555ce3ecaf2bff8229afe89b/element'
08:37:55.121 [Forwarding findElement on session d210f8e8555ce3ecaf2bff8229afe89b to remote] DEBUG org.asynchttpclient.netty.request.NettyRequestSender - Using open Channel [id: 0x54556f10, L:/127.0.0.1:61297 - R:localhost/127.0.0.1:60890] for POST '/session/d210f8e8555ce3ecaf2bff8229afe89b/element'
08:37:55.133 [AsyncHttpClient-1-1] DEBUG org.asynchttpclient.netty.channel.DefaultChannelPool - Entry count for : http://localhost:61298 : 1
08:37:55.137 [AsyncHttpClient-1-16] DEBUG org.asynchttpclient.netty.handler.HttpHandler - 

Request DefaultHttpRequest(decodeResult: success, version: HTTP/1.1)
POST /session/d210f8e8555ce3ecaf2bff8229afe89b/element HTTP/1.1
User-Agent: selenium/4.1.2 (java windows)
Content-Length: 122
Content-Type: application/json; charset=utf-8
host: localhost:60890
accept: */*

Response DefaultHttpResponse(decodeResult: success, version: HTTP/1.1)
HTTP/1.1 200 OK
Content-Type: application/json; charset=utf-8
cache-control: no-cache
content-length: 88

08:37:55.137 [AsyncHttpClient-1-16] DEBUG org.asynchttpclient.netty.channel.ChannelManager - Adding key: http://localhost:60890 for channel [id: 0x54556f10, L:/127.0.0.1:61297 - R:localhost/127.0.0.1:60890]
08:37:55.138 [Forwarding clickElement on session d210f8e8555ce3ecaf2bff8229afe89b to remote] DEBUG org.asynchttpclient.netty.request.NettyRequestSender - Using pooled Channel '[id: 0x54556f10, L:/127.0.0.1:61297 - R:localhost/127.0.0.1:60890]' for 'POST' to 'http://localhost:60890/session/d210f8e8555ce3ecaf2bff8229afe89b/element/398f6439-3607-4141-94f7-9d2f333010ca/click'
08:37:55.138 [Forwarding clickElement on session d210f8e8555ce3ecaf2bff8229afe89b to remote] DEBUG org.asynchttpclient.netty.request.NettyRequestSender - Using open Channel [id: 0x54556f10, L:/127.0.0.1:61297 - R:localhost/127.0.0.1:60890] for POST '/session/d210f8e8555ce3ecaf2bff8229afe89b/element/398f6439-3607-4141-94f7-9d2f333010ca/click'
08:37:55.211 [AsyncHttpClient-1-16] DEBUG org.asynchttpclient.netty.handler.HttpHandler - 

Request DefaultHttpRequest(decodeResult: success, version: HTTP/1.1)
POST /session/d210f8e8555ce3ecaf2bff8229afe89b/element/398f6439-3607-4141-94f7-9d2f333010ca/click HTTP/1.1
User-Agent: selenium/4.1.2 (java windows)
Content-Length: 50
Content-Type: application/json; charset=utf-8
host: localhost:60890
accept: */*

Response DefaultHttpResponse(decodeResult: success, version: HTTP/1.1)
HTTP/1.1 200 OK
Content-Type: application/json; charset=utf-8
cache-control: no-cache
content-length: 14

08:37:55.211 [AsyncHttpClient-1-16] DEBUG org.asynchttpclient.netty.channel.ChannelManager - Adding key: http://localhost:60890 for channel [id: 0x54556f10, L:/127.0.0.1:61297 - R:localhost/127.0.0.1:60890]
  &amp#27;[32mWhen &amp#27;[0m&amp#27;[32mi click beli on my product&amp#27;[0m            &amp#27;[90m# starter.stepdefinitions.transStep.iClickBeliOnMyProduct()&amp#27;[0m
08:37:55.219 [Forwarding screenshot on session d210f8e8555ce3ecaf2bff8229afe89b to remote] DEBUG org.asynchttpclient.netty.request.NettyRequestSender - Using pooled Channel '[id: 0x54556f10, L:/127.0.0.1:61297 - R:localhost/127.0.0.1:60890]' for 'GET' to 'http://localhost:60890/session/d210f8e8555ce3ecaf2bff8229afe89b/screenshot'
08:37:55.219 [Forwarding screenshot on session d210f8e8555ce3ecaf2bff8229afe89b to remote] DEBUG org.asynchttpclient.netty.request.NettyRequestSender - Using open Channel [id: 0x54556f10, L:/127.0.0.1:61297 - R:localhost/127.0.0.1:60890] for GET '/session/d210f8e8555ce3ecaf2bff8229afe89b/screenshot'
08:37:55.382 [AsyncHttpClient-1-16] DEBUG org.asynchttpclient.netty.handler.HttpHandler - 

Request DefaultFullHttpRequest(decodeResult: success, version: HTTP/1.1, content: EmptyByteBufBE)
GET /session/d210f8e8555ce3ecaf2bff8229afe89b/screenshot HTTP/1.1
User-Agent: selenium/4.1.2 (java windows)
Cache-Control: no-cache
Content-Type: application/json; charset=utf-8
host: localhost:60890
accept: */*

Response DefaultHttpResponse(decodeResult: success, version: HTTP/1.1)
HTTP/1.1 200 OK
Content-Type: application/json; charset=utf-8
cache-control: no-cache
content-length: 76252

08:37:55.382 [AsyncHttpClient-1-16] DEBUG org.asynchttpclient.netty.channel.ChannelManager - Adding key: http://localhost:60890 for channel [id: 0x54556f10, L:/127.0.0.1:61297 - R:localhost/127.0.0.1:60890]
08:37:55.385 [main] DEBUG net.serenitybdd.core.photography.Darkroom - Send negative for processing for target\site\serenity\e8ebc7b6d524ad82cd1352d7998b84b0c254a4d75cdaf8392a5e696ade31acfb.png
08:37:55.385 [Darkroom Processing Line] DEBUG net.serenitybdd.core.photography.DarkroomProcessingLine - Processing screenshot image in /var/screenshots/screenshot-4200475378070163821
08:37:55.385 [Darkroom Processing Line] DEBUG net.serenitybdd.core.photography.DarkroomProcessingLine - Saving screenshot to target\site\serenity\e8ebc7b6d524ad82cd1352d7998b84b0c254a4d75cdaf8392a5e696ade31acfb.png
08:37:55.392 [Forwarding findElement on session d210f8e8555ce3ecaf2bff8229afe89b to remote] DEBUG org.asynchttpclient.netty.request.NettyRequestSender - Using pooled Channel '[id: 0x54556f10, L:/127.0.0.1:61297 - R:localhost/127.0.0.1:60890]' for 'POST' to 'http://localhost:60890/session/d210f8e8555ce3ecaf2bff8229afe89b/element'
08:37:55.392 [Forwarding findElement on session d210f8e8555ce3ecaf2bff8229afe89b to remote] DEBUG org.asynchttpclient.netty.request.NettyRequestSender - Using open Channel [id: 0x54556f10, L:/127.0.0.1:61297 - R:localhost/127.0.0.1:60890] for POST '/session/d210f8e8555ce3ecaf2bff8229afe89b/element'
08:37:55.417 [AsyncHttpClient-1-16] DEBUG org.asynchttpclient.netty.handler.HttpHandler - 

Request DefaultHttpRequest(decodeResult: success, version: HTTP/1.1)
POST /session/d210f8e8555ce3ecaf2bff8229afe89b/element HTTP/1.1
User-Agent: selenium/4.1.2 (java windows)
Content-Length: 265
Content-Type: application/json; charset=utf-8
host: localhost:60890
accept: */*

Response DefaultHttpResponse(decodeResult: success, version: HTTP/1.1)
HTTP/1.1 200 OK
Content-Type: application/json; charset=utf-8
cache-control: no-cache
content-length: 88

08:37:55.417 [AsyncHttpClient-1-16] DEBUG org.asynchttpclient.netty.channel.ChannelManager - Adding key: http://localhost:60890 for channel [id: 0x54556f10, L:/127.0.0.1:61297 - R:localhost/127.0.0.1:60890]
08:37:55.418 [Forwarding getElementTagName on session d210f8e8555ce3ecaf2bff8229afe89b to remote] DEBUG org.asynchttpclient.netty.request.NettyRequestSender - Using pooled Channel '[id: 0x54556f10, L:/127.0.0.1:61297 - R:localhost/127.0.0.1:60890]' for 'GET' to 'http://localhost:60890/session/d210f8e8555ce3ecaf2bff8229afe89b/element/571ce8c7-6e47-4f89-b42a-bb922dd9dd88/name'
08:37:55.418 [Forwarding getElementTagName on session d210f8e8555ce3ecaf2bff8229afe89b to remote] DEBUG org.asynchttpclient.netty.request.NettyRequestSender - Using open Channel [id: 0x54556f10, L:/127.0.0.1:61297 - R:localhost/127.0.0.1:60890] for GET '/session/d210f8e8555ce3ecaf2bff8229afe89b/element/571ce8c7-6e47-4f89-b42a-bb922dd9dd88/name'
08:37:55.423 [AsyncHttpClient-1-16] DEBUG org.asynchttpclient.netty.handler.HttpHandler - 

Request DefaultFullHttpRequest(decodeResult: success, version: HTTP/1.1, content: EmptyByteBufBE)
GET /session/d210f8e8555ce3ecaf2bff8229afe89b/element/571ce8c7-6e47-4f89-b42a-bb922dd9dd88/name HTTP/1.1
User-Agent: selenium/4.1.2 (java windows)
Cache-Control: no-cache
Content-Type: application/json; charset=utf-8
host: localhost:60890
accept: */*

Response DefaultHttpResponse(decodeResult: success, version: HTTP/1.1)
HTTP/1.1 200 OK
Content-Type: application/json; charset=utf-8
cache-control: no-cache
content-length: 13

08:37:55.423 [AsyncHttpClient-1-16] DEBUG org.asynchttpclient.netty.channel.ChannelManager - Adding key: http://localhost:60890 for channel [id: 0x54556f10, L:/127.0.0.1:61297 - R:localhost/127.0.0.1:60890]
08:37:55.424 [Forwarding getElementTagName on session d210f8e8555ce3ecaf2bff8229afe89b to remote] DEBUG org.asynchttpclient.netty.request.NettyRequestSender - Using pooled Channel '[id: 0x54556f10, L:/127.0.0.1:61297 - R:localhost/127.0.0.1:60890]' for 'GET' to 'http://localhost:60890/session/d210f8e8555ce3ecaf2bff8229afe89b/element/571ce8c7-6e47-4f89-b42a-bb922dd9dd88/name'
08:37:55.424 [Forwarding getElementTagName on session d210f8e8555ce3ecaf2bff8229afe89b to remote] DEBUG org.asynchttpclient.netty.request.NettyRequestSender - Using open Channel [id: 0x54556f10, L:/127.0.0.1:61297 - R:localhost/127.0.0.1:60890] for GET '/session/d210f8e8555ce3ecaf2bff8229afe89b/element/571ce8c7-6e47-4f89-b42a-bb922dd9dd88/name'
08:37:55.428 [AsyncHttpClient-1-16] DEBUG org.asynchttpclient.netty.handler.HttpHandler - 

Request DefaultFullHttpRequest(decodeResult: success, version: HTTP/1.1, content: EmptyByteBufBE)
GET /session/d210f8e8555ce3ecaf2bff8229afe89b/element/571ce8c7-6e47-4f89-b42a-bb922dd9dd88/name HTTP/1.1
User-Agent: selenium/4.1.2 (java windows)
Cache-Control: no-cache
Content-Type: application/json; charset=utf-8
host: localhost:60890
accept: */*

Response DefaultHttpResponse(decodeResult: success, version: HTTP/1.1)
HTTP/1.1 200 OK
Content-Type: application/json; charset=utf-8
cache-control: no-cache
content-length: 13

08:37:55.428 [AsyncHttpClient-1-16] DEBUG org.asynchttpclient.netty.channel.ChannelManager - Adding key: http://localhost:60890 for channel [id: 0x54556f10, L:/127.0.0.1:61297 - R:localhost/127.0.0.1:60890]
08:37:55.429 [Forwarding findElement on session d210f8e8555ce3ecaf2bff8229afe89b to remote] DEBUG org.asynchttpclient.netty.request.NettyRequestSender - Using pooled Channel '[id: 0x54556f10, L:/127.0.0.1:61297 - R:localhost/127.0.0.1:60890]' for 'POST' to 'http://localhost:60890/session/d210f8e8555ce3ecaf2bff8229afe89b/element'
08:37:55.429 [Forwarding findElement on session d210f8e8555ce3ecaf2bff8229afe89b to remote] DEBUG org.asynchttpclient.netty.request.NettyRequestSender - Using open Channel [id: 0x54556f10, L:/127.0.0.1:61297 - R:localhost/127.0.0.1:60890] for POST '/session/d210f8e8555ce3ecaf2bff8229afe89b/element'
08:37:55.444 [AsyncHttpClient-1-16] DEBUG org.asynchttpclient.netty.handler.HttpHandler - 

Request DefaultHttpRequest(decodeResult: success, version: HTTP/1.1)
POST /session/d210f8e8555ce3ecaf2bff8229afe89b/element HTTP/1.1
User-Agent: selenium/4.1.2 (java windows)
Content-Length: 265
Content-Type: application/json; charset=utf-8
host: localhost:60890
accept: */*

Response DefaultHttpResponse(decodeResult: success, version: HTTP/1.1)
HTTP/1.1 200 OK
Content-Type: application/json; charset=utf-8
cache-control: no-cache
content-length: 88

08:37:55.444 [AsyncHttpClient-1-16] DEBUG org.asynchttpclient.netty.channel.ChannelManager - Adding key: http://localhost:60890 for channel [id: 0x54556f10, L:/127.0.0.1:61297 - R:localhost/127.0.0.1:60890]
08:37:55.445 [Forwarding clickElement on session d210f8e8555ce3ecaf2bff8229afe89b to remote] DEBUG org.asynchttpclient.netty.request.NettyRequestSender - Using pooled Channel '[id: 0x54556f10, L:/127.0.0.1:61297 - R:localhost/127.0.0.1:60890]' for 'POST' to 'http://localhost:60890/session/d210f8e8555ce3ecaf2bff8229afe89b/element/571ce8c7-6e47-4f89-b42a-bb922dd9dd88/click'
08:37:55.445 [Forwarding clickElement on session d210f8e8555ce3ecaf2bff8229afe89b to remote] DEBUG org.asynchttpclient.netty.request.NettyRequestSender - Using open Channel [id: 0x54556f10, L:/127.0.0.1:61297 - R:localhost/127.0.0.1:60890] for POST '/session/d210f8e8555ce3ecaf2bff8229afe89b/element/571ce8c7-6e47-4f89-b42a-bb922dd9dd88/click'
08:37:55.489 [AsyncHttpClient-1-16] DEBUG org.asynchttpclient.netty.handler.HttpHandler - 

Request DefaultHttpRequest(decodeResult: success, version: HTTP/1.1)
POST /session/d210f8e8555ce3ecaf2bff8229afe89b/element/571ce8c7-6e47-4f89-b42a-bb922dd9dd88/click HTTP/1.1
User-Agent: selenium/4.1.2 (java windows)
Content-Length: 50
Content-Type: application/json; charset=utf-8
host: localhost:60890
accept: */*

Response DefaultHttpResponse(decodeResult: success, version: HTTP/1.1)
HTTP/1.1 200 OK
Content-Type: application/json; charset=utf-8
cache-control: no-cache
content-length: 14

08:37:55.489 [AsyncHttpClient-1-16] DEBUG org.asynchttpclient.netty.channel.ChannelManager - Adding key: http://localhost:60890 for channel [id: 0x54556f10, L:/127.0.0.1:61297 - R:localhost/127.0.0.1:60890]
  &amp#27;[32mAnd &amp#27;[0m&amp#27;[32mi click my cart&amp#27;[0m                        &amp#27;[90m# starter.stepdefinitions.orderStep.iClickMyCart()&amp#27;[0m
08:37:55.495 [Forwarding screenshot on session d210f8e8555ce3ecaf2bff8229afe89b to remote] DEBUG org.asynchttpclient.netty.request.NettyRequestSender - Using pooled Channel '[id: 0x54556f10, L:/127.0.0.1:61297 - R:localhost/127.0.0.1:60890]' for 'GET' to 'http://localhost:60890/session/d210f8e8555ce3ecaf2bff8229afe89b/screenshot'
08:37:55.495 [Forwarding screenshot on session d210f8e8555ce3ecaf2bff8229afe89b to remote] DEBUG org.asynchttpclient.netty.request.NettyRequestSender - Using open Channel [id: 0x54556f10, L:/127.0.0.1:61297 - R:localhost/127.0.0.1:60890] for GET '/session/d210f8e8555ce3ecaf2bff8229afe89b/screenshot'
08:37:55.874 [AsyncHttpClient-1-16] DEBUG org.asynchttpclient.netty.handler.HttpHandler - 

Request DefaultFullHttpRequest(decodeResult: success, version: HTTP/1.1, content: EmptyByteBufBE)
GET /session/d210f8e8555ce3ecaf2bff8229afe89b/screenshot HTTP/1.1
User-Agent: selenium/4.1.2 (java windows)
Cache-Control: no-cache
Content-Type: application/json; charset=utf-8
host: localhost:60890
accept: */*

Response DefaultHttpResponse(decodeResult: success, version: HTTP/1.1)
HTTP/1.1 200 OK
Content-Type: application/json; charset=utf-8
cache-control: no-cache
content-length: 49900

08:37:55.874 [AsyncHttpClient-1-16] DEBUG org.asynchttpclient.netty.channel.ChannelManager - Adding key: http://localhost:60890 for channel [id: 0x54556f10, L:/127.0.0.1:61297 - R:localhost/127.0.0.1:60890]
08:37:55.876 [main] DEBUG net.serenitybdd.core.photography.Darkroom - Send negative for processing for target\site\serenity\4ec1787b4860f4cef6e048e902536a693ec49ef3b45c89a2f3717785976cc72f.png
08:37:55.877 [Darkroom Processing Line] DEBUG net.serenitybdd.core.photography.DarkroomProcessingLine - Processing screenshot image in /var/screenshots/screenshot-2863763572123394841
08:37:55.877 [Darkroom Processing Line] DEBUG net.serenitybdd.core.photography.DarkroomProcessingLine - Saving screenshot to target\site\serenity\4ec1787b4860f4cef6e048e902536a693ec49ef3b45c89a2f3717785976cc72f.png
08:37:55.884 [Forwarding findElement on session d210f8e8555ce3ecaf2bff8229afe89b to remote] DEBUG org.asynchttpclient.netty.request.NettyRequestSender - Using pooled Channel '[id: 0x54556f10, L:/127.0.0.1:61297 - R:localhost/127.0.0.1:60890]' for 'POST' to 'http://localhost:60890/session/d210f8e8555ce3ecaf2bff8229afe89b/element'
08:37:55.884 [Forwarding findElement on session d210f8e8555ce3ecaf2bff8229afe89b to remote] DEBUG org.asynchttpclient.netty.request.NettyRequestSender - Using open Channel [id: 0x54556f10, L:/127.0.0.1:61297 - R:localhost/127.0.0.1:60890] for POST '/session/d210f8e8555ce3ecaf2bff8229afe89b/element'
08:37:55.894 [AsyncHttpClient-1-16] DEBUG org.asynchttpclient.netty.handler.HttpHandler - 

Request DefaultHttpRequest(decodeResult: success, version: HTTP/1.1)
POST /session/d210f8e8555ce3ecaf2bff8229afe89b/element HTTP/1.1
User-Agent: selenium/4.1.2 (java windows)
Content-Length: 74
Content-Type: application/json; charset=utf-8
host: localhost:60890
accept: */*

Response DefaultHttpResponse(decodeResult: success, version: HTTP/1.1)
HTTP/1.1 200 OK
Content-Type: application/json; charset=utf-8
cache-control: no-cache
content-length: 88

08:37:55.895 [AsyncHttpClient-1-16] DEBUG org.asynchttpclient.netty.channel.ChannelManager - Adding key: http://localhost:60890 for channel [id: 0x54556f10, L:/127.0.0.1:61297 - R:localhost/127.0.0.1:60890]
08:37:55.897 [Forwarding getElementTagName on session d210f8e8555ce3ecaf2bff8229afe89b to remote] DEBUG org.asynchttpclient.netty.request.NettyRequestSender - Using pooled Channel '[id: 0x54556f10, L:/127.0.0.1:61297 - R:localhost/127.0.0.1:60890]' for 'GET' to 'http://localhost:60890/session/d210f8e8555ce3ecaf2bff8229afe89b/element/34eec908-80e9-4adc-94a7-f1aef555fc5b/name'
08:37:55.897 [Forwarding getElementTagName on session d210f8e8555ce3ecaf2bff8229afe89b to remote] DEBUG org.asynchttpclient.netty.request.NettyRequestSender - Using open Channel [id: 0x54556f10, L:/127.0.0.1:61297 - R:localhost/127.0.0.1:60890] for GET '/session/d210f8e8555ce3ecaf2bff8229afe89b/element/34eec908-80e9-4adc-94a7-f1aef555fc5b/name'
08:37:55.901 [AsyncHttpClient-1-16] DEBUG org.asynchttpclient.netty.handler.HttpHandler - 

Request DefaultFullHttpRequest(decodeResult: success, version: HTTP/1.1, content: EmptyByteBufBE)
GET /session/d210f8e8555ce3ecaf2bff8229afe89b/element/34eec908-80e9-4adc-94a7-f1aef555fc5b/name HTTP/1.1
User-Agent: selenium/4.1.2 (java windows)
Cache-Control: no-cache
Content-Type: application/json; charset=utf-8
host: localhost:60890
accept: */*

Response DefaultHttpResponse(decodeResult: success, version: HTTP/1.1)
HTTP/1.1 200 OK
Content-Type: application/json; charset=utf-8
cache-control: no-cache
content-length: 18

08:37:55.901 [AsyncHttpClient-1-16] DEBUG org.asynchttpclient.netty.channel.ChannelManager - Adding key: http://localhost:60890 for channel [id: 0x54556f10, L:/127.0.0.1:61297 - R:localhost/127.0.0.1:60890]
08:37:55.902 [Forwarding getElementTagName on session d210f8e8555ce3ecaf2bff8229afe89b to remote] DEBUG org.asynchttpclient.netty.request.NettyRequestSender - Using pooled Channel '[id: 0x54556f10, L:/127.0.0.1:61297 - R:localhost/127.0.0.1:60890]' for 'GET' to 'http://localhost:60890/session/d210f8e8555ce3ecaf2bff8229afe89b/element/34eec908-80e9-4adc-94a7-f1aef555fc5b/name'
08:37:55.902 [Forwarding getElementTagName on session d210f8e8555ce3ecaf2bff8229afe89b to remote] DEBUG org.asynchttpclient.netty.request.NettyRequestSender - Using open Channel [id: 0x54556f10, L:/127.0.0.1:61297 - R:localhost/127.0.0.1:60890] for GET '/session/d210f8e8555ce3ecaf2bff8229afe89b/element/34eec908-80e9-4adc-94a7-f1aef555fc5b/name'
08:37:55.905 [AsyncHttpClient-1-16] DEBUG org.asynchttpclient.netty.handler.HttpHandler - 

Request DefaultFullHttpRequest(decodeResult: success, version: HTTP/1.1, content: EmptyByteBufBE)
GET /session/d210f8e8555ce3ecaf2bff8229afe89b/element/34eec908-80e9-4adc-94a7-f1aef555fc5b/name HTTP/1.1
User-Agent: selenium/4.1.2 (java windows)
Cache-Control: no-cache
Content-Type: application/json; charset=utf-8
host: localhost:60890
accept: */*

Response DefaultHttpResponse(decodeResult: success, version: HTTP/1.1)
HTTP/1.1 200 OK
Content-Type: application/json; charset=utf-8
cache-control: no-cache
content-length: 18

08:37:55.905 [AsyncHttpClient-1-16] DEBUG org.asynchttpclient.netty.channel.ChannelManager - Adding key: http://localhost:60890 for channel [id: 0x54556f10, L:/127.0.0.1:61297 - R:localhost/127.0.0.1:60890]
08:37:55.906 [Forwarding isElementEnabled on session d210f8e8555ce3ecaf2bff8229afe89b to remote] DEBUG org.asynchttpclient.netty.request.NettyRequestSender - Using pooled Channel '[id: 0x54556f10, L:/127.0.0.1:61297 - R:localhost/127.0.0.1:60890]' for 'GET' to 'http://localhost:60890/session/d210f8e8555ce3ecaf2bff8229afe89b/element/34eec908-80e9-4adc-94a7-f1aef555fc5b/enabled'
08:37:55.906 [Forwarding isElementEnabled on session d210f8e8555ce3ecaf2bff8229afe89b to remote] DEBUG org.asynchttpclient.netty.request.NettyRequestSender - Using open Channel [id: 0x54556f10, L:/127.0.0.1:61297 - R:localhost/127.0.0.1:60890] for GET '/session/d210f8e8555ce3ecaf2bff8229afe89b/element/34eec908-80e9-4adc-94a7-f1aef555fc5b/enabled'
08:37:55.916 [AsyncHttpClient-1-16] DEBUG org.asynchttpclient.netty.handler.HttpHandler - 

Request DefaultFullHttpRequest(decodeResult: success, version: HTTP/1.1, content: EmptyByteBufBE)
GET /session/d210f8e8555ce3ecaf2bff8229afe89b/element/34eec908-80e9-4adc-94a7-f1aef555fc5b/enabled HTTP/1.1
User-Agent: selenium/4.1.2 (java windows)
Cache-Control: no-cache
Content-Type: application/json; charset=utf-8
host: localhost:60890
accept: */*

Response DefaultHttpResponse(decodeResult: success, version: HTTP/1.1)
HTTP/1.1 200 OK
Content-Type: application/json; charset=utf-8
cache-control: no-cache
content-length: 14

08:37:55.916 [AsyncHttpClient-1-16] DEBUG org.asynchttpclient.netty.channel.ChannelManager - Adding key: http://localhost:60890 for channel [id: 0x54556f10, L:/127.0.0.1:61297 - R:localhost/127.0.0.1:60890]
08:37:55.917 [Forwarding isElementEnabled on session d210f8e8555ce3ecaf2bff8229afe89b to remote] DEBUG org.asynchttpclient.netty.request.NettyRequestSender - Using pooled Channel '[id: 0x54556f10, L:/127.0.0.1:61297 - R:localhost/127.0.0.1:60890]' for 'GET' to 'http://localhost:60890/session/d210f8e8555ce3ecaf2bff8229afe89b/element/34eec908-80e9-4adc-94a7-f1aef555fc5b/enabled'
08:37:55.917 [Forwarding isElementEnabled on session d210f8e8555ce3ecaf2bff8229afe89b to remote] DEBUG org.asynchttpclient.netty.request.NettyRequestSender - Using open Channel [id: 0x54556f10, L:/127.0.0.1:61297 - R:localhost/127.0.0.1:60890] for GET '/session/d210f8e8555ce3ecaf2bff8229afe89b/element/34eec908-80e9-4adc-94a7-f1aef555fc5b/enabled'
08:37:55.923 [AsyncHttpClient-1-16] DEBUG org.asynchttpclient.netty.handler.HttpHandler - 

Request DefaultFullHttpRequest(decodeResult: success, version: HTTP/1.1, content: EmptyByteBufBE)
GET /session/d210f8e8555ce3ecaf2bff8229afe89b/element/34eec908-80e9-4adc-94a7-f1aef555fc5b/enabled HTTP/1.1
User-Agent: selenium/4.1.2 (java windows)
Cache-Control: no-cache
Content-Type: application/json; charset=utf-8
host: localhost:60890
accept: */*

Response DefaultHttpResponse(decodeResult: success, version: HTTP/1.1)
HTTP/1.1 200 OK
Content-Type: application/json; charset=utf-8
cache-control: no-cache
content-length: 14

08:37:55.923 [AsyncHttpClient-1-16] DEBUG org.asynchttpclient.netty.channel.ChannelManager - Adding key: http://localhost:60890 for channel [id: 0x54556f10, L:/127.0.0.1:61297 - R:localhost/127.0.0.1:60890]
08:37:55.924 [Forwarding findElement on session d210f8e8555ce3ecaf2bff8229afe89b to remote] DEBUG org.asynchttpclient.netty.request.NettyRequestSender - Using pooled Channel '[id: 0x54556f10, L:/127.0.0.1:61297 - R:localhost/127.0.0.1:60890]' for 'POST' to 'http://localhost:60890/session/d210f8e8555ce3ecaf2bff8229afe89b/element'
08:37:55.924 [Forwarding findElement on session d210f8e8555ce3ecaf2bff8229afe89b to remote] DEBUG org.asynchttpclient.netty.request.NettyRequestSender - Using open Channel [id: 0x54556f10, L:/127.0.0.1:61297 - R:localhost/127.0.0.1:60890] for POST '/session/d210f8e8555ce3ecaf2bff8229afe89b/element'
08:37:55.934 [AsyncHttpClient-1-16] DEBUG org.asynchttpclient.netty.handler.HttpHandler - 

Request DefaultHttpRequest(decodeResult: success, version: HTTP/1.1)
POST /session/d210f8e8555ce3ecaf2bff8229afe89b/element HTTP/1.1
User-Agent: selenium/4.1.2 (java windows)
Content-Length: 74
Content-Type: application/json; charset=utf-8
host: localhost:60890
accept: */*

Response DefaultHttpResponse(decodeResult: success, version: HTTP/1.1)
HTTP/1.1 200 OK
Content-Type: application/json; charset=utf-8
cache-control: no-cache
content-length: 88

08:37:55.934 [AsyncHttpClient-1-16] DEBUG org.asynchttpclient.netty.channel.ChannelManager - Adding key: http://localhost:60890 for channel [id: 0x54556f10, L:/127.0.0.1:61297 - R:localhost/127.0.0.1:60890]
08:37:55.934 [Forwarding clickElement on session d210f8e8555ce3ecaf2bff8229afe89b to remote] DEBUG org.asynchttpclient.netty.request.NettyRequestSender - Using pooled Channel '[id: 0x54556f10, L:/127.0.0.1:61297 - R:localhost/127.0.0.1:60890]' for 'POST' to 'http://localhost:60890/session/d210f8e8555ce3ecaf2bff8229afe89b/element/34eec908-80e9-4adc-94a7-f1aef555fc5b/click'
08:37:55.934 [Forwarding clickElement on session d210f8e8555ce3ecaf2bff8229afe89b to remote] DEBUG org.asynchttpclient.netty.request.NettyRequestSender - Using open Channel [id: 0x54556f10, L:/127.0.0.1:61297 - R:localhost/127.0.0.1:60890] for POST '/session/d210f8e8555ce3ecaf2bff8229afe89b/element/34eec908-80e9-4adc-94a7-f1aef555fc5b/click'
08:37:55.975 [AsyncHttpClient-1-16] DEBUG org.asynchttpclient.netty.handler.HttpHandler - 

Request DefaultHttpRequest(decodeResult: success, version: HTTP/1.1)
POST /session/d210f8e8555ce3ecaf2bff8229afe89b/element/34eec908-80e9-4adc-94a7-f1aef555fc5b/click HTTP/1.1
User-Agent: selenium/4.1.2 (java windows)
Content-Length: 50
Content-Type: application/json; charset=utf-8
host: localhost:60890
accept: */*

Response DefaultHttpResponse(decodeResult: success, version: HTTP/1.1)
HTTP/1.1 200 OK
Content-Type: application/json; charset=utf-8
cache-control: no-cache
content-length: 14

08:37:55.975 [AsyncHttpClient-1-16] DEBUG org.asynchttpclient.netty.channel.ChannelManager - Adding key: http://localhost:60890 for channel [id: 0x54556f10, L:/127.0.0.1:61297 - R:localhost/127.0.0.1:60890]
  &amp#27;[32mAnd &amp#27;[0m&amp#27;[32mi click bayar button&amp#27;[0m                   &amp#27;[90m# starter.stepdefinitions.transStep.iClickBayarButton()&amp#27;[0m
08:37:55.983 [Forwarding screenshot on session d210f8e8555ce3ecaf2bff8229afe89b to remote] DEBUG org.asynchttpclient.netty.request.NettyRequestSender - Using pooled Channel '[id: 0x54556f10, L:/127.0.0.1:61297 - R:localhost/127.0.0.1:60890]' for 'GET' to 'http://localhost:60890/session/d210f8e8555ce3ecaf2bff8229afe89b/screenshot'
08:37:55.983 [Forwarding screenshot on session d210f8e8555ce3ecaf2bff8229afe89b to remote] DEBUG org.asynchttpclient.netty.request.NettyRequestSender - Using open Channel [id: 0x54556f10, L:/127.0.0.1:61297 - R:localhost/127.0.0.1:60890] for GET '/session/d210f8e8555ce3ecaf2bff8229afe89b/screenshot'
08:37:56.194 [AsyncHttpClient-1-16] DEBUG org.asynchttpclient.netty.handler.HttpHandler - 

Request DefaultFullHttpRequest(decodeResult: success, version: HTTP/1.1, content: EmptyByteBufBE)
GET /session/d210f8e8555ce3ecaf2bff8229afe89b/screenshot HTTP/1.1
User-Agent: selenium/4.1.2 (java windows)
Cache-Control: no-cache
Content-Type: application/json; charset=utf-8
host: localhost:60890
accept: */*

Response DefaultHttpResponse(decodeResult: success, version: HTTP/1.1)
HTTP/1.1 200 OK
Content-Type: application/json; charset=utf-8
cache-control: no-cache
content-length: 39740

08:37:56.194 [AsyncHttpClient-1-16] DEBUG org.asynchttpclient.netty.channel.ChannelManager - Adding key: http://localhost:60890 for channel [id: 0x54556f10, L:/127.0.0.1:61297 - R:localhost/127.0.0.1:60890]
08:37:56.196 [main] DEBUG net.serenitybdd.core.photography.Darkroom - Send negative for processing for target\site\serenity\6853e1853038d725cab6d6e66e7085c94d3dcb5c88dd412a95fbfc0feb1da090.png
08:37:56.197 [Darkroom Processing Line] DEBUG net.serenitybdd.core.photography.DarkroomProcessingLine - Processing screenshot image in /var/screenshots/screenshot-16506856503798229946
08:37:56.197 [Darkroom Processing Line] DEBUG net.serenitybdd.core.photography.DarkroomProcessingLine - Saving screenshot to target\site\serenity\6853e1853038d725cab6d6e66e7085c94d3dcb5c88dd412a95fbfc0feb1da090.png
08:37:56.216 [main] DEBUG net.thucydides.core.steps.StepInterceptor - STARTING STEP: stepdefinition.iAmOnLoginPage - openUrl
08:37:56.217 [Forwarding get on session d210f8e8555ce3ecaf2bff8229afe89b to remote] DEBUG org.asynchttpclient.netty.request.NettyRequestSender - Using pooled Channel '[id: 0x54556f10, L:/127.0.0.1:61297 - R:localhost/127.0.0.1:60890]' for 'POST' to 'http://localhost:60890/session/d210f8e8555ce3ecaf2bff8229afe89b/url'
08:37:56.217 [Forwarding get on session d210f8e8555ce3ecaf2bff8229afe89b to remote] DEBUG org.asynchttpclient.netty.request.NettyRequestSender - Using open Channel [id: 0x54556f10, L:/127.0.0.1:61297 - R:localhost/127.0.0.1:60890] for POST '/session/d210f8e8555ce3ecaf2bff8229afe89b/url'
08:37:56.228 [AsyncHttpClient-1-1] DEBUG org.asynchttpclient.netty.channel.DefaultChannelPool - Entry count for : http://localhost:61298 : 1
08:37:56.477 [AsyncHttpClient-1-16] DEBUG org.asynchttpclient.netty.handler.HttpHandler - 

Request DefaultHttpRequest(decodeResult: success, version: HTTP/1.1)
POST /session/d210f8e8555ce3ecaf2bff8229afe89b/url HTTP/1.1
User-Agent: selenium/4.1.2 (java windows)
Content-Length: 49
Content-Type: application/json; charset=utf-8
host: localhost:60890
accept: */*

Response DefaultHttpResponse(decodeResult: success, version: HTTP/1.1)
HTTP/1.1 200 OK
Content-Type: application/json; charset=utf-8
cache-control: no-cache
content-length: 14

08:37:56.477 [AsyncHttpClient-1-16] DEBUG org.asynchttpclient.netty.channel.ChannelManager - Adding key: http://localhost:60890 for channel [id: 0x54556f10, L:/127.0.0.1:61297 - R:localhost/127.0.0.1:60890]
08:37:56.481 [Forwarding getCurrentUrl on session d210f8e8555ce3ecaf2bff8229afe89b to remote] DEBUG org.asynchttpclient.netty.request.NettyRequestSender - Using pooled Channel '[id: 0x54556f10, L:/127.0.0.1:61297 - R:localhost/127.0.0.1:60890]' for 'GET' to 'http://localhost:60890/session/d210f8e8555ce3ecaf2bff8229afe89b/url'
08:37:56.481 [Forwarding getCurrentUrl on session d210f8e8555ce3ecaf2bff8229afe89b to remote] DEBUG org.asynchttpclient.netty.request.NettyRequestSender - Using open Channel [id: 0x54556f10, L:/127.0.0.1:61297 - R:localhost/127.0.0.1:60890] for GET '/session/d210f8e8555ce3ecaf2bff8229afe89b/url'
08:37:56.486 [AsyncHttpClient-1-16] DEBUG org.asynchttpclient.netty.handler.HttpHandler - 

Request DefaultFullHttpRequest(decodeResult: success, version: HTTP/1.1, content: EmptyByteBufBE)
GET /session/d210f8e8555ce3ecaf2bff8229afe89b/url HTTP/1.1
User-Agent: selenium/4.1.2 (java windows)
Cache-Control: no-cache
Content-Type: application/json; charset=utf-8
host: localhost:60890
accept: */*

Response DefaultHttpResponse(decodeResult: success, version: HTTP/1.1)
HTTP/1.1 200 OK
Content-Type: application/json; charset=utf-8
cache-control: no-cache
content-length: 31

08:37:56.486 [AsyncHttpClient-1-16] DEBUG org.asynchttpclient.netty.channel.ChannelManager - Adding key: http://localhost:60890 for channel [id: 0x54556f10, L:/127.0.0.1:61297 - R:localhost/127.0.0.1:60890]
08:37:56.491 [Forwarding screenshot on session d210f8e8555ce3ecaf2bff8229afe89b to remote] DEBUG org.asynchttpclient.netty.request.NettyRequestSender - Using pooled Channel '[id: 0x54556f10, L:/127.0.0.1:61297 - R:localhost/127.0.0.1:60890]' for 'GET' to 'http://localhost:60890/session/d210f8e8555ce3ecaf2bff8229afe89b/screenshot'
08:37:56.491 [Forwarding screenshot on session d210f8e8555ce3ecaf2bff8229afe89b to remote] DEBUG org.asynchttpclient.netty.request.NettyRequestSender - Using open Channel [id: 0x54556f10, L:/127.0.0.1:61297 - R:localhost/127.0.0.1:60890] for GET '/session/d210f8e8555ce3ecaf2bff8229afe89b/screenshot'
08:37:56.659 [AsyncHttpClient-1-16] DEBUG org.asynchttpclient.netty.handler.HttpHandler - 

Request DefaultFullHttpRequest(decodeResult: success, version: HTTP/1.1, content: EmptyByteBufBE)
GET /session/d210f8e8555ce3ecaf2bff8229afe89b/screenshot HTTP/1.1
User-Agent: selenium/4.1.2 (java windows)
Cache-Control: no-cache
Content-Type: application/json; charset=utf-8
host: localhost:60890
accept: */*

Response DefaultHttpResponse(decodeResult: success, version: HTTP/1.1)
HTTP/1.1 200 OK
Content-Type: application/json; charset=utf-8
cache-control: no-cache
content-length: 30012

08:37:56.659 [AsyncHttpClient-1-16] DEBUG org.asynchttpclient.netty.channel.ChannelManager - Adding key: http://localhost:60890 for channel [id: 0x54556f10, L:/127.0.0.1:61297 - R:localhost/127.0.0.1:60890]
08:37:56.660 [main] DEBUG net.serenitybdd.core.photography.Darkroom - Send negative for processing for target\site\serenity\0cf9ae44e737423423eefb0ef208378c8abb6a61a324f14e42f2c053521a152b.png
08:37:56.660 [main] DEBUG net.thucydides.core.steps.StepInterceptor - STEP DONE: openUrl
08:37:56.661 [Darkroom Processing Line] DEBUG net.serenitybdd.core.photography.DarkroomProcessingLine - Processing screenshot image in /var/screenshots/screenshot-19368821646347838
08:37:56.661 [Darkroom Processing Line] DEBUG net.serenitybdd.core.photography.DarkroomProcessingLine - Saving screenshot to target\site\serenity\0cf9ae44e737423423eefb0ef208378c8abb6a61a324f14e42f2c053521a152b.png
08:37:56.666 [main] DEBUG net.thucydides.core.steps.StepInterceptor - STARTING STEP: stepdefinition.iAmOnLoginPage - clickIconLogin
08:37:56.668 [Forwarding findElement on session d210f8e8555ce3ecaf2bff8229afe89b to remote] DEBUG org.asynchttpclient.netty.request.NettyRequestSender - Using pooled Channel '[id: 0x54556f10, L:/127.0.0.1:61297 - R:localhost/127.0.0.1:60890]' for 'POST' to 'http://localhost:60890/session/d210f8e8555ce3ecaf2bff8229afe89b/element'
08:37:56.668 [Forwarding findElement on session d210f8e8555ce3ecaf2bff8229afe89b to remote] DEBUG org.asynchttpclient.netty.request.NettyRequestSender - Using open Channel [id: 0x54556f10, L:/127.0.0.1:61297 - R:localhost/127.0.0.1:60890] for POST '/session/d210f8e8555ce3ecaf2bff8229afe89b/element'
08:37:56.682 [AsyncHttpClient-1-16] DEBUG org.asynchttpclient.netty.handler.HttpHandler - 

Request DefaultHttpRequest(decodeResult: success, version: HTTP/1.1)
POST /session/d210f8e8555ce3ecaf2bff8229afe89b/element HTTP/1.1
User-Agent: selenium/4.1.2 (java windows)
Content-Length: 170
Content-Type: application/json; charset=utf-8
host: localhost:60890
accept: */*

Response DefaultHttpResponse(decodeResult: success, version: HTTP/1.1)
HTTP/1.1 200 OK
Content-Type: application/json; charset=utf-8
cache-control: no-cache
content-length: 88

08:37:56.682 [AsyncHttpClient-1-16] DEBUG org.asynchttpclient.netty.channel.ChannelManager - Adding key: http://localhost:60890 for channel [id: 0x54556f10, L:/127.0.0.1:61297 - R:localhost/127.0.0.1:60890]
08:37:56.684 [Forwarding getElementTagName on session d210f8e8555ce3ecaf2bff8229afe89b to remote] DEBUG org.asynchttpclient.netty.request.NettyRequestSender - Using pooled Channel '[id: 0x54556f10, L:/127.0.0.1:61297 - R:localhost/127.0.0.1:60890]' for 'GET' to 'http://localhost:60890/session/d210f8e8555ce3ecaf2bff8229afe89b/element/5126664f-29ca-41b2-b03e-165412e462ad/name'
08:37:56.684 [Forwarding getElementTagName on session d210f8e8555ce3ecaf2bff8229afe89b to remote] DEBUG org.asynchttpclient.netty.request.NettyRequestSender - Using open Channel [id: 0x54556f10, L:/127.0.0.1:61297 - R:localhost/127.0.0.1:60890] for GET '/session/d210f8e8555ce3ecaf2bff8229afe89b/element/5126664f-29ca-41b2-b03e-165412e462ad/name'
08:37:56.689 [AsyncHttpClient-1-16] DEBUG org.asynchttpclient.netty.handler.HttpHandler - 

Request DefaultFullHttpRequest(decodeResult: success, version: HTTP/1.1, content: EmptyByteBufBE)
GET /session/d210f8e8555ce3ecaf2bff8229afe89b/element/5126664f-29ca-41b2-b03e-165412e462ad/name HTTP/1.1
User-Agent: selenium/4.1.2 (java windows)
Cache-Control: no-cache
Content-Type: application/json; charset=utf-8
host: localhost:60890
accept: */*

Response DefaultHttpResponse(decodeResult: success, version: HTTP/1.1)
HTTP/1.1 200 OK
Content-Type: application/json; charset=utf-8
cache-control: no-cache
content-length: 13

08:37:56.689 [AsyncHttpClient-1-16] DEBUG org.asynchttpclient.netty.channel.ChannelManager - Adding key: http://localhost:60890 for channel [id: 0x54556f10, L:/127.0.0.1:61297 - R:localhost/127.0.0.1:60890]
08:37:56.690 [Forwarding getElementTagName on session d210f8e8555ce3ecaf2bff8229afe89b to remote] DEBUG org.asynchttpclient.netty.request.NettyRequestSender - Using pooled Channel '[id: 0x54556f10, L:/127.0.0.1:61297 - R:localhost/127.0.0.1:60890]' for 'GET' to 'http://localhost:60890/session/d210f8e8555ce3ecaf2bff8229afe89b/element/5126664f-29ca-41b2-b03e-165412e462ad/name'
08:37:56.690 [Forwarding getElementTagName on session d210f8e8555ce3ecaf2bff8229afe89b to remote] DEBUG org.asynchttpclient.netty.request.NettyRequestSender - Using open Channel [id: 0x54556f10, L:/127.0.0.1:61297 - R:localhost/127.0.0.1:60890] for GET '/session/d210f8e8555ce3ecaf2bff8229afe89b/element/5126664f-29ca-41b2-b03e-165412e462ad/name'
08:37:56.694 [AsyncHttpClient-1-16] DEBUG org.asynchttpclient.netty.handler.HttpHandler - 

Request DefaultFullHttpRequest(decodeResult: success, version: HTTP/1.1, content: EmptyByteBufBE)
GET /session/d210f8e8555ce3ecaf2bff8229afe89b/element/5126664f-29ca-41b2-b03e-165412e462ad/name HTTP/1.1
User-Agent: selenium/4.1.2 (java windows)
Cache-Control: no-cache
Content-Type: application/json; charset=utf-8
host: localhost:60890
accept: */*

Response DefaultHttpResponse(decodeResult: success, version: HTTP/1.1)
HTTP/1.1 200 OK
Content-Type: application/json; charset=utf-8
cache-control: no-cache
content-length: 13

08:37:56.694 [AsyncHttpClient-1-16] DEBUG org.asynchttpclient.netty.channel.ChannelManager - Adding key: http://localhost:60890 for channel [id: 0x54556f10, L:/127.0.0.1:61297 - R:localhost/127.0.0.1:60890]
08:37:56.696 [Forwarding findElement on session d210f8e8555ce3ecaf2bff8229afe89b to remote] DEBUG org.asynchttpclient.netty.request.NettyRequestSender - Using pooled Channel '[id: 0x54556f10, L:/127.0.0.1:61297 - R:localhost/127.0.0.1:60890]' for 'POST' to 'http://localhost:60890/session/d210f8e8555ce3ecaf2bff8229afe89b/element'
08:37:56.696 [Forwarding findElement on session d210f8e8555ce3ecaf2bff8229afe89b to remote] DEBUG org.asynchttpclient.netty.request.NettyRequestSender - Using open Channel [id: 0x54556f10, L:/127.0.0.1:61297 - R:localhost/127.0.0.1:60890] for POST '/session/d210f8e8555ce3ecaf2bff8229afe89b/element'
08:37:56.705 [AsyncHttpClient-1-16] DEBUG org.asynchttpclient.netty.handler.HttpHandler - 

Request DefaultHttpRequest(decodeResult: success, version: HTTP/1.1)
POST /session/d210f8e8555ce3ecaf2bff8229afe89b/element HTTP/1.1
User-Agent: selenium/4.1.2 (java windows)
Content-Length: 170
Content-Type: application/json; charset=utf-8
host: localhost:60890
accept: */*

Response DefaultHttpResponse(decodeResult: success, version: HTTP/1.1)
HTTP/1.1 200 OK
Content-Type: application/json; charset=utf-8
cache-control: no-cache
content-length: 88

08:37:56.705 [AsyncHttpClient-1-16] DEBUG org.asynchttpclient.netty.channel.ChannelManager - Adding key: http://localhost:60890 for channel [id: 0x54556f10, L:/127.0.0.1:61297 - R:localhost/127.0.0.1:60890]
08:37:56.706 [Forwarding clickElement on session d210f8e8555ce3ecaf2bff8229afe89b to remote] DEBUG org.asynchttpclient.netty.request.NettyRequestSender - Using pooled Channel '[id: 0x54556f10, L:/127.0.0.1:61297 - R:localhost/127.0.0.1:60890]' for 'POST' to 'http://localhost:60890/session/d210f8e8555ce3ecaf2bff8229afe89b/element/5126664f-29ca-41b2-b03e-165412e462ad/click'
08:37:56.706 [Forwarding clickElement on session d210f8e8555ce3ecaf2bff8229afe89b to remote] DEBUG org.asynchttpclient.netty.request.NettyRequestSender - Using open Channel [id: 0x54556f10, L:/127.0.0.1:61297 - R:localhost/127.0.0.1:60890] for POST '/session/d210f8e8555ce3ecaf2bff8229afe89b/element/5126664f-29ca-41b2-b03e-165412e462ad/click'
08:37:56.758 [AsyncHttpClient-1-16] DEBUG org.asynchttpclient.netty.handler.HttpHandler - 

Request DefaultHttpRequest(decodeResult: success, version: HTTP/1.1)
POST /session/d210f8e8555ce3ecaf2bff8229afe89b/element/5126664f-29ca-41b2-b03e-165412e462ad/click HTTP/1.1
User-Agent: selenium/4.1.2 (java windows)
Content-Length: 50
Content-Type: application/json; charset=utf-8
host: localhost:60890
accept: */*

Response DefaultHttpResponse(decodeResult: success, version: HTTP/1.1)
HTTP/1.1 200 OK
Content-Type: application/json; charset=utf-8
cache-control: no-cache
content-length: 14

08:37:56.758 [AsyncHttpClient-1-16] DEBUG org.asynchttpclient.netty.channel.ChannelManager - Adding key: http://localhost:60890 for channel [id: 0x54556f10, L:/127.0.0.1:61297 - R:localhost/127.0.0.1:60890]
08:37:56.766 [Forwarding screenshot on session d210f8e8555ce3ecaf2bff8229afe89b to remote] DEBUG org.asynchttpclient.netty.request.NettyRequestSender - Using pooled Channel '[id: 0x54556f10, L:/127.0.0.1:61297 - R:localhost/127.0.0.1:60890]' for 'GET' to 'http://localhost:60890/session/d210f8e8555ce3ecaf2bff8229afe89b/screenshot'
08:37:56.766 [Forwarding screenshot on session d210f8e8555ce3ecaf2bff8229afe89b to remote] DEBUG org.asynchttpclient.netty.request.NettyRequestSender - Using open Channel [id: 0x54556f10, L:/127.0.0.1:61297 - R:localhost/127.0.0.1:60890] for GET '/session/d210f8e8555ce3ecaf2bff8229afe89b/screenshot'
08:37:57.002 [AsyncHttpClient-1-16] DEBUG org.asynchttpclient.netty.handler.HttpHandler - 

Request DefaultFullHttpRequest(decodeResult: success, version: HTTP/1.1, content: EmptyByteBufBE)
GET /session/d210f8e8555ce3ecaf2bff8229afe89b/screenshot HTTP/1.1
User-Agent: selenium/4.1.2 (java windows)
Cache-Control: no-cache
Content-Type: application/json; charset=utf-8
host: localhost:60890
accept: */*

Response DefaultHttpResponse(decodeResult: success, version: HTTP/1.1)
HTTP/1.1 200 OK
Content-Type: application/json; charset=utf-8
cache-control: no-cache
content-length: 40988

08:37:57.002 [AsyncHttpClient-1-16] DEBUG org.asynchttpclient.netty.channel.ChannelManager - Adding key: http://localhost:60890 for channel [id: 0x54556f10, L:/127.0.0.1:61297 - R:localhost/127.0.0.1:60890]
08:37:57.003 [main] DEBUG net.serenitybdd.core.photography.Darkroom - Send negative for processing for target\site\serenity\21b30eb9342f5f5203cbb71c35010d96874b34480b751e68b0a765af23c17975.png
08:37:57.004 [main] DEBUG net.thucydides.core.steps.StepInterceptor - STEP DONE: clickIconLogin
  &amp#27;[32mAnd &amp#27;[0m&amp#27;[32mi am on login page&amp#27;[0m                     &amp#27;[90m# starter.stepdefinitions.stepdefinition.iAmOnLoginPage()&amp#27;[0m
08:37:57.004 [Darkroom Processing Line] DEBUG net.serenitybdd.core.photography.DarkroomProcessingLine - Processing screenshot image in /var/screenshots/screenshot-1644404268378016986
08:37:57.004 [Darkroom Processing Line] DEBUG net.serenitybdd.core.photography.DarkroomProcessingLine - Saving screenshot to target\site\serenity\21b30eb9342f5f5203cbb71c35010d96874b34480b751e68b0a765af23c17975.png
08:37:57.010 [Forwarding get on session d210f8e8555ce3ecaf2bff8229afe89b to remote] DEBUG org.asynchttpclient.netty.request.NettyRequestSender - Using pooled Channel '[id: 0x54556f10, L:/127.0.0.1:61297 - R:localhost/127.0.0.1:60890]' for 'POST' to 'http://localhost:60890/session/d210f8e8555ce3ecaf2bff8229afe89b/url'
08:37:57.010 [Forwarding get on session d210f8e8555ce3ecaf2bff8229afe89b to remote] DEBUG org.asynchttpclient.netty.request.NettyRequestSender - Using open Channel [id: 0x54556f10, L:/127.0.0.1:61297 - R:localhost/127.0.0.1:60890] for POST '/session/d210f8e8555ce3ecaf2bff8229afe89b/url'
08:37:57.328 [AsyncHttpClient-1-1] DEBUG org.asynchttpclient.netty.channel.DefaultChannelPool - Entry count for : http://localhost:61298 : 1
08:37:57.426 [AsyncHttpClient-1-16] DEBUG org.asynchttpclient.netty.handler.HttpHandler - 

Request DefaultHttpRequest(decodeResult: success, version: HTTP/1.1)
POST /session/d210f8e8555ce3ecaf2bff8229afe89b/url HTTP/1.1
User-Agent: selenium/4.1.2 (java windows)
Content-Length: 67
Content-Type: application/json; charset=utf-8
host: localhost:60890
accept: */*

Response DefaultHttpResponse(decodeResult: success, version: HTTP/1.1)
HTTP/1.1 200 OK
Content-Type: application/json; charset=utf-8
cache-control: no-cache
content-length: 14

08:37:57.426 [AsyncHttpClient-1-16] DEBUG org.asynchttpclient.netty.channel.ChannelManager - Adding key: http://localhost:60890 for channel [id: 0x54556f10, L:/127.0.0.1:61297 - R:localhost/127.0.0.1:60890]
08:37:57.428 [Forwarding getCurrentUrl on session d210f8e8555ce3ecaf2bff8229afe89b to remote] DEBUG org.asynchttpclient.netty.request.NettyRequestSender - Using pooled Channel '[id: 0x54556f10, L:/127.0.0.1:61297 - R:localhost/127.0.0.1:60890]' for 'GET' to 'http://localhost:60890/session/d210f8e8555ce3ecaf2bff8229afe89b/url'
08:37:57.428 [Forwarding getCurrentUrl on session d210f8e8555ce3ecaf2bff8229afe89b to remote] DEBUG org.asynchttpclient.netty.request.NettyRequestSender - Using open Channel [id: 0x54556f10, L:/127.0.0.1:61297 - R:localhost/127.0.0.1:60890] for GET '/session/d210f8e8555ce3ecaf2bff8229afe89b/url'
08:37:57.433 [AsyncHttpClient-1-16] DEBUG org.asynchttpclient.netty.handler.HttpHandler - 

Request DefaultFullHttpRequest(decodeResult: success, version: HTTP/1.1, content: EmptyByteBufBE)
GET /session/d210f8e8555ce3ecaf2bff8229afe89b/url HTTP/1.1
User-Agent: selenium/4.1.2 (java windows)
Cache-Control: no-cache
Content-Type: application/json; charset=utf-8
host: localhost:60890
accept: */*

Response DefaultHttpResponse(decodeResult: success, version: HTTP/1.1)
HTTP/1.1 200 OK
Content-Type: application/json; charset=utf-8
cache-control: no-cache
content-length: 44

08:37:57.433 [AsyncHttpClient-1-16] DEBUG org.asynchttpclient.netty.channel.ChannelManager - Adding key: http://localhost:60890 for channel [id: 0x54556f10, L:/127.0.0.1:61297 - R:localhost/127.0.0.1:60890]
  &amp#27;[32mAnd &amp#27;[0m&amp#27;[32mi click register link&amp#27;[0m                  &amp#27;[90m# starter.stepdefinitions.transStep.iClickRegisterLink()&amp#27;[0m
08:37:57.437 [Forwarding screenshot on session d210f8e8555ce3ecaf2bff8229afe89b to remote] DEBUG org.asynchttpclient.netty.request.NettyRequestSender - Using pooled Channel '[id: 0x54556f10, L:/127.0.0.1:61297 - R:localhost/127.0.0.1:60890]' for 'GET' to 'http://localhost:60890/session/d210f8e8555ce3ecaf2bff8229afe89b/screenshot'
08:37:57.437 [Forwarding screenshot on session d210f8e8555ce3ecaf2bff8229afe89b to remote] DEBUG org.asynchttpclient.netty.request.NettyRequestSender - Using open Channel [id: 0x54556f10, L:/127.0.0.1:61297 - R:localhost/127.0.0.1:60890] for GET '/session/d210f8e8555ce3ecaf2bff8229afe89b/screenshot'
08:37:57.580 [AsyncHttpClient-1-16] DEBUG org.asynchttpclient.netty.handler.HttpHandler - 

Request DefaultFullHttpRequest(decodeResult: success, version: HTTP/1.1, content: EmptyByteBufBE)
GET /session/d210f8e8555ce3ecaf2bff8229afe89b/screenshot HTTP/1.1
User-Agent: selenium/4.1.2 (java windows)
Cache-Control: no-cache
Content-Type: application/json; charset=utf-8
host: localhost:60890
accept: */*

Response DefaultHttpResponse(decodeResult: success, version: HTTP/1.1)
HTTP/1.1 200 OK
Content-Type: application/json; charset=utf-8
cache-control: no-cache
content-length: 44716

08:37:57.580 [AsyncHttpClient-1-16] DEBUG org.asynchttpclient.netty.channel.ChannelManager - Adding key: http://localhost:60890 for channel [id: 0x54556f10, L:/127.0.0.1:61297 - R:localhost/127.0.0.1:60890]
08:37:57.583 [main] DEBUG net.serenitybdd.core.photography.Darkroom - Send negative for processing for target\site\serenity\fa2c2524d3f8e5f6ab35472399ad99cab14a625b335c5da78c3a6cfbfc20f144.png
08:37:57.588 [Forwarding findElement on session d210f8e8555ce3ecaf2bff8229afe89b to remote] DEBUG org.asynchttpclient.netty.request.NettyRequestSender - Using pooled Channel '[id: 0x54556f10, L:/127.0.0.1:61297 - R:localhost/127.0.0.1:60890]' for 'POST' to 'http://localhost:60890/session/d210f8e8555ce3ecaf2bff8229afe89b/element'
08:37:57.588 [Forwarding findElement on session d210f8e8555ce3ecaf2bff8229afe89b to remote] DEBUG org.asynchttpclient.netty.request.NettyRequestSender - Using open Channel [id: 0x54556f10, L:/127.0.0.1:61297 - R:localhost/127.0.0.1:60890] for POST '/session/d210f8e8555ce3ecaf2bff8229afe89b/element'
08:37:57.599 [AsyncHttpClient-1-16] DEBUG org.asynchttpclient.netty.handler.HttpHandler - 

Request DefaultHttpRequest(decodeResult: success, version: HTTP/1.1)
POST /session/d210f8e8555ce3ecaf2bff8229afe89b/element HTTP/1.1
User-Agent: selenium/4.1.2 (java windows)
Content-Length: 86
Content-Type: application/json; charset=utf-8
host: localhost:60890
accept: */*

Response DefaultHttpResponse(decodeResult: success, version: HTTP/1.1)
HTTP/1.1 200 OK
Content-Type: application/json; charset=utf-8
cache-control: no-cache
content-length: 88

08:37:57.599 [AsyncHttpClient-1-16] DEBUG org.asynchttpclient.netty.channel.ChannelManager - Adding key: http://localhost:60890 for channel [id: 0x54556f10, L:/127.0.0.1:61297 - R:localhost/127.0.0.1:60890]
08:37:57.603 [Forwarding isElementDisplayed on session d210f8e8555ce3ecaf2bff8229afe89b to remote] DEBUG org.asynchttpclient.netty.request.NettyRequestSender - Using pooled Channel '[id: 0x54556f10, L:/127.0.0.1:61297 - R:localhost/127.0.0.1:60890]' for 'POST' to 'http://localhost:60890/session/d210f8e8555ce3ecaf2bff8229afe89b/execute/sync'
08:37:57.603 [Forwarding isElementDisplayed on session d210f8e8555ce3ecaf2bff8229afe89b to remote] DEBUG org.asynchttpclient.netty.request.NettyRequestSender - Using open Channel [id: 0x54556f10, L:/127.0.0.1:61297 - R:localhost/127.0.0.1:60890] for POST '/session/d210f8e8555ce3ecaf2bff8229afe89b/execute/sync'
08:37:57.617 [AsyncHttpClient-1-16] DEBUG org.asynchttpclient.netty.handler.HttpHandler - 

Request DefaultHttpRequest(decodeResult: success, version: HTTP/1.1)
POST /session/d210f8e8555ce3ecaf2bff8229afe89b/execute/sync HTTP/1.1
User-Agent: selenium/4.1.2 (java windows)
Content-Length: 48780
Content-Type: application/json; charset=utf-8
host: localhost:60890
accept: */*

Response DefaultHttpResponse(decodeResult: success, version: HTTP/1.1)
HTTP/1.1 200 OK
Content-Type: application/json; charset=utf-8
cache-control: no-cache
content-length: 14

08:37:57.617 [AsyncHttpClient-1-16] DEBUG org.asynchttpclient.netty.channel.ChannelManager - Adding key: http://localhost:60890 for channel [id: 0x54556f10, L:/127.0.0.1:61297 - R:localhost/127.0.0.1:60890]
  &amp#27;[32mThen &amp#27;[0m&amp#27;[32mi am on register page&amp#27;[0m                 &amp#27;[90m# starter.stepdefinitions.transStep.iAmOnRegisterPage()&amp#27;[0m
08:37:57.621 [main] INFO  - 
  _____   ___   ___   _____     ___     _     ___   ___   ___   ___  
 |_   _| | __| / __| |_   _|   | _ \   /_\   / __| / __| | __| |   \ 
   | |   | _|  \__ \   | |     |  _/  / _ \  \__ \ \__ \ | _|  | |) |
   |_|   |___| |___/   |_|     |_|   /_/ \_\ |___/ |___/ |___| |___/ 

buy product without register first
----------------------------------------------------------------------
08:37:57.622 [AsyncHttpClient-1-2] DEBUG org.asynchttpclient.netty.handler.WebSocketHandler - Channel Closed: [id: 0x27cddfee, L:/127.0.0.1:61306 ! R:localhost/127.0.0.1:61298] with attribute NettyResponseFuture{currentRetry=5,
	isDone=1,
	isCancelled=0,
	asyncHandler=org.asynchttpclient.ws.WebSocketUpgradeHandler@34183f1,
	nettyRequest=org.asynchttpclient.netty.request.NettyRequest@175a4f1b,
	future=java.util.concurrent.CompletableFuture@12af06c4[Completed normally],
	uri=ws://localhost:61298/devtools/browser/2d02b9cf-d89c-412b-9c5b-f543da7827b2,
	keepAlive=true,
	redirectCount=0,
	timeoutsHolder=null,
	inAuth=0,
	touch=1652837869274}
08:37:57.622 [Driver Command Executor] DEBUG org.asynchttpclient.netty.request.NettyRequestSender - Using pooled Channel '[id: 0x54556f10, L:/127.0.0.1:61297 - R:localhost/127.0.0.1:60890]' for 'DELETE' to 'http://localhost:60890/session/d210f8e8555ce3ecaf2bff8229afe89b'
08:37:57.622 [Driver Command Executor] DEBUG org.asynchttpclient.netty.request.NettyRequestSender - Using open Channel [id: 0x54556f10, L:/127.0.0.1:61297 - R:localhost/127.0.0.1:60890] for DELETE '/session/d210f8e8555ce3ecaf2bff8229afe89b'
08:37:57.623 [AsyncHttpClient-1-2] DEBUG org.asynchttpclient.netty.channel.ChannelManager - Closing Channel [id: 0x27cddfee, L:/127.0.0.1:61306 ! R:localhost/127.0.0.1:61298] 
08:37:57.656 [AsyncHttpClient-1-17] DEBUG org.asynchttpclient.netty.handler.HttpHandler - Unexpected I/O exception on channel [id: 0x0adb5e7a, L:/127.0.0.1:61305 - R:localhost/127.0.0.1:61298]
java.net.SocketException: Connection reset
	at java.base/sun.nio.ch.SocketChannelImpl.throwConnectionReset(SocketChannelImpl.java:367)
	at java.base/sun.nio.ch.SocketChannelImpl.read(SocketChannelImpl.java:398)
	at io.netty.buffer.PooledByteBuf.setBytes(PooledByteBuf.java:258)
	at io.netty.buffer.AbstractByteBuf.writeBytes(AbstractByteBuf.java:1132)
	at io.netty.channel.socket.nio.NioSocketChannel.doReadBytes(NioSocketChannel.java:350)
	at io.netty.channel.nio.AbstractNioByteChannel$NioByteUnsafe.read(AbstractNioByteChannel.java:151)
	at io.netty.channel.nio.NioEventLoop.processSelectedKey(NioEventLoop.java:722)
	at io.netty.channel.nio.NioEventLoop.processSelectedKeysOptimized(NioEventLoop.java:658)
	at io.netty.channel.nio.NioEventLoop.processSelectedKeys(NioEventLoop.java:584)
	at io.netty.channel.nio.NioEventLoop.run(NioEventLoop.java:496)
	at io.netty.util.concurrent.SingleThreadEventExecutor$4.run(SingleThreadEventExecutor.java:986)
	at io.netty.util.internal.ThreadExecutorMap$2.run(ThreadExecutorMap.java:74)
	at io.netty.util.concurrent.FastThreadLocalRunnable.run(FastThreadLocalRunnable.java:30)
	at java.base/java.lang.Thread.run(Thread.java:832)
08:37:57.656 [AsyncHttpClient-1-17] DEBUG org.asynchttpclient.netty.channel.ChannelManager - Closing Channel [id: 0x0adb5e7a, L:/127.0.0.1:61305 - R:localhost/127.0.0.1:61298] 
08:37:57.656 [AsyncHttpClient-1-17] DEBUG org.asynchttpclient.netty.handler.HttpHandler - Channel Closed: [id: 0x0adb5e7a, L:/127.0.0.1:61305 ! R:localhost/127.0.0.1:61298] with attribute DISCARD
08:37:57.684 [AsyncHttpClient-1-16] DEBUG org.asynchttpclient.netty.handler.HttpHandler - 

Request DefaultFullHttpRequest(decodeResult: success, version: HTTP/1.1, content: EmptyByteBufBE)
DELETE /session/d210f8e8555ce3ecaf2bff8229afe89b HTTP/1.1
User-Agent: selenium/4.1.2 (java windows)
Content-Type: application/json; charset=utf-8
host: localhost:60890
accept: */*

Response DefaultHttpResponse(decodeResult: success, version: HTTP/1.1)
HTTP/1.1 200 OK
Content-Type: application/json; charset=utf-8
cache-control: no-cache
content-length: 14

08:37:57.684 [AsyncHttpClient-1-16] DEBUG org.asynchttpclient.netty.channel.ChannelManager - Adding key: http://localhost:60890 for channel [id: 0x54556f10, L:/127.0.0.1:61297 - R:localhost/127.0.0.1:60890]
08:37:57.790 [AsyncHttpClient-1-16] DEBUG org.asynchttpclient.netty.handler.HttpHandler - Channel Closed: [id: 0x54556f10, L:/127.0.0.1:61297 ! R:localhost/127.0.0.1:60890] with attribute DISCARD
]]></system-out>
    <system-err><![CDATA[Starting ChromeDriver 101.0.4951.41 (93c720db8323b3ec10d056025ab95c23a31997c9-refs/branch-heads/4951@{#904}) on port 60890
Only local connections are allowed.
Please see https://chromedriver.chromium.org/security-considerations for suggestions on keeping ChromeDriver safe.
ChromeDriver was started successfully.
May 18, 2022 8:37:49 AM org.openqa.selenium.remote.ProtocolHandshake createSession
INFO: Detected dialect: W3C
May 18, 2022 8:37:49 AM org.openqa.selenium.devtools.CdpVersionFinder findNearestMatch
WARNING: Unable to find an exact match for CDP version 101, so returning the closest version found: 97
May 18, 2022 8:37:49 AM org.openqa.selenium.devtools.CdpVersionFinder findNearestMatch
INFO: Found CDP implementation for version 101 of 97
]]></system-err>
  </testcase>
</testsuite>